#
# There is insufficient memory for the Java Runtime Environment to continue.
# Native memory allocation (malloc) failed to allocate 1358032 bytes for Chunk::new
# Possible reasons:
#   The system is out of physical RAM or swap space
#   The process is running with CompressedOops enabled, and the Java Heap may be blocking the growth of the native heap
# Possible solutions:
#   Reduce memory load on the system
#   Increase physical memory or swap space
#   Check if swap backing store is full
#   Decrease Java heap size (-Xmx/-Xms)
#   Decrease number of Java threads
#   Decrease Java thread stack sizes (-Xss)
#   Set larger code cache with -XX:ReservedCodeCacheSize=
#   JVM is running with Unscaled Compressed Oops mode in which the Java heap is
#     placed in the first 4GB address space. The Java Heap base address is the
#     maximum limit for the native heap growth. Please use -XX:HeapBaseMinAddress
#     to set the Java Heap base and to place the Java Heap above 4GB virtual address.
# This output file may be truncated or incomplete.
#
#  Out of Memory Error (arena.cpp:168), pid=28252, tid=816
#
# JRE version: Java(TM) SE Runtime Environment (21.0.10+8) (build 21.0.10+8-LTS-217)
# Java VM: Java HotSpot(TM) 64-Bit Server VM (21.0.10+8-LTS-217, mixed mode, sharing, tiered, compressed oops, compressed class ptrs, g1 gc, windows-amd64)
# No core dump will be written. Minidumps are not enabled by default on client versions of Windows
#

---------------  S U M M A R Y ------------

Command Line: --add-opens=java.base/java.lang=ALL-UNNAMED --enable-native-access=ALL-UNNAMED -Dclassworlds.conf=D:/mailon/Usuario/Desktop/apache-maven-3.9.14-bin (1)/apache-maven-3.9.14/bin/m2.conf -Dmaven.home=D:/mailon/Usuario/Desktop/apache-maven-3.9.14-bin (1)/apache-maven-3.9.14 -Dlibrary.jansi.path=D:/mailon/Usuario/Desktop/apache-maven-3.9.14-bin (1)/apache-maven-3.9.14/lib/jansi-native -Dmaven.multiModuleProjectDirectory=D:/mailon/Usuario/Desktop/Smartwallet org.codehaus.plexus.classworlds.launcher.Launcher clean test

Host: Intel(R) Core(TM) i5-8265U CPU @ 1.60GHz, 8 cores, 7G,  Windows 11 , 64 bit Build 26100 (10.0.26100.8246)
Time: Thu Apr 23 05:10:44 2026 Hora oficial do Brasil elapsed time: 36.709144 seconds (0d 0h 0m 36s)

---------------  T H R E A D  ---------------

Current thread (0x000001801c177150):  JavaThread "C2 CompilerThread0" daemon [_thread_in_native, id=816, stack(0x0000003e0e900000,0x0000003e0ea00000) (1024K)]


Current CompileTask:
C2:  36709 30840   !   4       jdk.internal.loader.BuiltinClassLoader::loadClassOrNull (143 bytes)

Stack: [0x0000003e0e900000,0x0000003e0ea00000]
Native frames: (J=compiled Java code, j=interpreted, Vv=VM code, C=native code)
V  [jvm.dll+0x6d0b59]
V  [jvm.dll+0x85fd56]
V  [jvm.dll+0x86224e]
V  [jvm.dll+0x862923]
V  [jvm.dll+0x282a16]
V  [jvm.dll+0xc662d]
V  [jvm.dll+0xc6b71]
V  [jvm.dll+0x3bbb5b]
V  [jvm.dll+0x1e38e9]
V  [jvm.dll+0x24b4c3]
V  [jvm.dll+0x24a94f]
V  [jvm.dll+0x1cacfe]
V  [jvm.dll+0x25a629]
V  [jvm.dll+0x258bb5]
V  [jvm.dll+0x3f4da1]
V  [jvm.dll+0x80a83d]
V  [jvm.dll+0x6cf3fd]
C  [ucrtbase.dll+0x37b0]
C  [KERNEL32.DLL+0x2e8d7]
C  [ntdll.dll+0x8c3fc]


---------------  P R O C E S S  ---------------

Threads class SMR info:
_java_thread_list=0x0000018066f39eb0, length=15, elements={
0x000001807d660bd0, 0x000001801c169640, 0x000001801c16a0a0, 0x000001801c16e620,
0x000001801c16f1b0, 0x000001801c16fef0, 0x000001801c1713d0, 0x000001801c177150,
0x000001801c17c790, 0x000001801c47fad0, 0x000001801c47f440, 0x000001801c47d370,
0x000001806449f660, 0x00000180649a4060, 0x0000018064080d50
}

Java Threads: ( => current thread )
  0x000001807d660bd0 JavaThread "main"                              [_thread_in_native, id=21716, stack(0x0000003e0db00000,0x0000003e0dc00000) (1024K)]
  0x000001801c169640 JavaThread "Reference Handler"          daemon [_thread_blocked, id=7932, stack(0x0000003e0e300000,0x0000003e0e400000) (1024K)]
  0x000001801c16a0a0 JavaThread "Finalizer"                  daemon [_thread_blocked, id=28532, stack(0x0000003e0e400000,0x0000003e0e500000) (1024K)]
  0x000001801c16e620 JavaThread "Signal Dispatcher"          daemon [_thread_blocked, id=24140, stack(0x0000003e0e500000,0x0000003e0e600000) (1024K)]
  0x000001801c16f1b0 JavaThread "Attach Listener"            daemon [_thread_blocked, id=7436, stack(0x0000003e0e600000,0x0000003e0e700000) (1024K)]
  0x000001801c16fef0 JavaThread "Service Thread"             daemon [_thread_blocked, id=30212, stack(0x0000003e0e700000,0x0000003e0e800000) (1024K)]
  0x000001801c1713d0 JavaThread "Monitor Deflation Thread"   daemon [_thread_blocked, id=16844, stack(0x0000003e0e800000,0x0000003e0e900000) (1024K)]
=>0x000001801c177150 JavaThread "C2 CompilerThread0"         daemon [_thread_in_native, id=816, stack(0x0000003e0e900000,0x0000003e0ea00000) (1024K)]
  0x000001801c17c790 JavaThread "C1 CompilerThread0"         daemon [_thread_blocked, id=21804, stack(0x0000003e0ea00000,0x0000003e0eb00000) (1024K)]
  0x000001801c47fad0 JavaThread "Notification Thread"        daemon [_thread_blocked, id=28788, stack(0x0000003e0eb00000,0x0000003e0ec00000) (1024K)]
  0x000001801c47f440 JavaThread "Common-Cleaner"             daemon [_thread_blocked, id=23268, stack(0x0000003e0ec00000,0x0000003e0ed00000) (1024K)]
  0x000001801c47d370 JavaThread "Thread-1"                   daemon [_thread_blocked, id=20008, stack(0x0000003e0f500000,0x0000003e0f600000) (1024K)]
  0x000001806449f660 JavaThread "resolver-1"                 daemon [_thread_blocked, id=24760, stack(0x0000003e0f700000,0x0000003e0f800000) (1024K)]
  0x00000180649a4060 JavaThread "resolver-2"                 daemon [_thread_blocked, id=7088, stack(0x0000003e0ed00000,0x0000003e0ee00000) (1024K)]
  0x0000018064080d50 JavaThread "background-preinit"                [_thread_in_native, id=5664, stack(0x0000003e0f800000,0x0000003e0f900000) (1024K)]
Total: 15

Other Threads:
  0x000001801c14b7b0 VMThread "VM Thread"                           [id=7828, stack(0x0000003e0e200000,0x0000003e0e300000) (1024K)]
  0x000001801c12e360 WatcherThread "VM Periodic Task Thread"        [id=28960, stack(0x0000003e0e100000,0x0000003e0e200000) (1024K)]
  0x000001807f7be850 WorkerThread "GC Thread#0"                     [id=10572, stack(0x0000003e0dc00000,0x0000003e0dd00000) (1024K)]
  0x000001806227d5d0 WorkerThread "GC Thread#1"                     [id=14116, stack(0x0000003e0ee00000,0x0000003e0ef00000) (1024K)]
  0x000001806227d980 WorkerThread "GC Thread#2"                     [id=30208, stack(0x0000003e0ef00000,0x0000003e0f000000) (1024K)]
  0x000001801cd61210 WorkerThread "GC Thread#3"                     [id=25588, stack(0x0000003e0f000000,0x0000003e0f100000) (1024K)]
  0x000001801cdb89b0 WorkerThread "GC Thread#4"                     [id=29572, stack(0x0000003e0f100000,0x0000003e0f200000) (1024K)]
  0x000001801cdb9160 WorkerThread "GC Thread#5"                     [id=27480, stack(0x0000003e0f200000,0x0000003e0f300000) (1024K)]
  0x0000018062786d20 WorkerThread "GC Thread#6"                     [id=20616, stack(0x0000003e0f300000,0x0000003e0f400000) (1024K)]
  0x00000180627874d0 WorkerThread "GC Thread#7"                     [id=28848, stack(0x0000003e0f400000,0x0000003e0f500000) (1024K)]
  0x000001807f7cf2d0 ConcurrentGCThread "G1 Main Marker"            [id=26960, stack(0x0000003e0dd00000,0x0000003e0de00000) (1024K)]
  0x000001807f7cfcf0 WorkerThread "G1 Conc#0"                       [id=29700, stack(0x0000003e0de00000,0x0000003e0df00000) (1024K)]
  0x00000180629ac7a0 WorkerThread "G1 Conc#1"                       [id=14968, stack(0x0000003e0f600000,0x0000003e0f700000) (1024K)]
  0x000001807f82e8d0 ConcurrentGCThread "G1 Refine#0"               [id=9120, stack(0x0000003e0df00000,0x0000003e0e000000) (1024K)]
  0x000001801c000550 ConcurrentGCThread "G1 Service"                [id=7276, stack(0x0000003e0e000000,0x0000003e0e100000) (1024K)]
Total: 15

Threads with active compile tasks:
C2 CompilerThread0    36796 30840   !   4       jdk.internal.loader.BuiltinClassLoader::loadClassOrNull (143 bytes)
Total: 1

VM state: not at safepoint (normal execution)

VM Mutex/Monitor currently owned by a thread: None

Heap address: 0x0000000082400000, size: 2012 MB, Compressed Oops mode: 32-bit

CDS archive(s) mapped at: [0x000001801d000000-0x000001801dc90000-0x000001801dc90000), size 13172736, SharedBaseAddress: 0x000001801d000000, ArchiveRelocationMode: 1.
Compressed class space mapped at: 0x000001801e000000-0x000001805e000000, reserved size: 1073741824
Narrow klass base: 0x000001801d000000, Narrow klass shift: 0, Narrow klass range: 0x100000000

GC Precious Log:
 CardTable entry size: 512
 Card Set container configuration: InlinePtr #cards 5 size 8 Array Of Cards #cards 12 size 40 Howl #buckets 4 coarsen threshold 1843 Howl Bitmap #cards 512 size 80 coarsen threshold 460 Card regions per heap region 1 cards per card region 2048
 CPUs: 8 total, 8 available
 Memory: 8040M
 Large Page Support: Disabled
 NUMA Support: Disabled
 Compressed Oops: Enabled (32-bit)
 Heap Region Size: 1M
 Heap Min Capacity: 8M
 Heap Initial Capacity: 126M
 Heap Max Capacity: 2012M
 Pre-touch: Disabled
 Parallel Workers: 8
 Concurrent Workers: 2
 Concurrent Refinement Workers: 8
 Periodic GC: Disabled

Heap:
 garbage-first heap   total 209920K, used 118233K [0x0000000082400000, 0x0000000100000000)
  region size 1024K, 20 young (20480K), 4 survivors (4096K)
 Metaspace       used 135112K, committed 136448K, reserved 1179648K
  class space    used 14925K, committed 15616K, reserved 1048576K

Heap Regions: E=young(eden), S=young(survivor), O=old, HS=humongous(starts), HC=humongous(continues), CS=collection set, F=free, TAMS=top-at-mark-start, PB=parsable bottom
|   0|0x0000000082400000, 0x0000000082500000, 0x0000000082500000|100%| O|  |TAMS 0x0000000082400000| PB 0x0000000082400000| Untracked 
|   1|0x0000000082500000, 0x0000000082600000, 0x0000000082600000|100%| O|  |TAMS 0x0000000082500000| PB 0x0000000082500000| Untracked 
|   2|0x0000000082600000, 0x0000000082700000, 0x0000000082700000|100%| O|  |TAMS 0x0000000082600000| PB 0x0000000082600000| Untracked 
|   3|0x0000000082700000, 0x0000000082800000, 0x0000000082800000|100%| O|  |TAMS 0x0000000082700000| PB 0x0000000082700000| Untracked 
|   4|0x0000000082800000, 0x0000000082900000, 0x0000000082900000|100%| O|  |TAMS 0x0000000082800000| PB 0x0000000082800000| Untracked 
|   5|0x0000000082900000, 0x0000000082a00000, 0x0000000082a00000|100%| O|  |TAMS 0x0000000082900000| PB 0x0000000082900000| Untracked 
|   6|0x0000000082a00000, 0x0000000082b00000, 0x0000000082b00000|100%| O|  |TAMS 0x0000000082a00000| PB 0x0000000082a00000| Untracked 
|   7|0x0000000082b00000, 0x0000000082c00000, 0x0000000082c00000|100%| O|  |TAMS 0x0000000082b00000| PB 0x0000000082b00000| Untracked 
|   8|0x0000000082c00000, 0x0000000082d00000, 0x0000000082d00000|100%| O|  |TAMS 0x0000000082c00000| PB 0x0000000082c00000| Untracked 
|   9|0x0000000082d00000, 0x0000000082e00000, 0x0000000082e00000|100%| O|  |TAMS 0x0000000082d00000| PB 0x0000000082d00000| Untracked 
|  10|0x0000000082e00000, 0x0000000082f00000, 0x0000000082f00000|100%| O|  |TAMS 0x0000000082e00000| PB 0x0000000082e00000| Untracked 
|  11|0x0000000082f00000, 0x0000000083000000, 0x0000000083000000|100%| O|  |TAMS 0x0000000082f00000| PB 0x0000000082f00000| Untracked 
|  12|0x0000000083000000, 0x0000000083100000, 0x0000000083100000|100%| O|  |TAMS 0x0000000083000000| PB 0x0000000083000000| Untracked 
|  13|0x0000000083100000, 0x0000000083200000, 0x0000000083200000|100%| O|  |TAMS 0x0000000083100000| PB 0x0000000083100000| Untracked 
|  14|0x0000000083200000, 0x0000000083300000, 0x0000000083300000|100%| O|  |TAMS 0x0000000083200000| PB 0x0000000083200000| Untracked 
|  15|0x0000000083300000, 0x0000000083400000, 0x0000000083400000|100%| O|  |TAMS 0x0000000083300000| PB 0x0000000083300000| Untracked 
|  16|0x0000000083400000, 0x0000000083500000, 0x0000000083500000|100%|HS|  |TAMS 0x0000000083400000| PB 0x0000000083400000| Complete 
|  17|0x0000000083500000, 0x0000000083600000, 0x0000000083600000|100%| O|  |TAMS 0x0000000083500000| PB 0x0000000083500000| Untracked 
|  18|0x0000000083600000, 0x0000000083700000, 0x0000000083700000|100%| O|  |TAMS 0x0000000083600000| PB 0x0000000083600000| Untracked 
|  19|0x0000000083700000, 0x0000000083800000, 0x0000000083800000|100%| O|  |TAMS 0x0000000083700000| PB 0x0000000083700000| Untracked 
|  20|0x0000000083800000, 0x0000000083900000, 0x0000000083900000|100%| O|  |TAMS 0x0000000083800000| PB 0x0000000083800000| Untracked 
|  21|0x0000000083900000, 0x0000000083a00000, 0x0000000083a00000|100%| O|  |TAMS 0x0000000083900000| PB 0x0000000083900000| Untracked 
|  22|0x0000000083a00000, 0x0000000083b00000, 0x0000000083b00000|100%| O|  |TAMS 0x0000000083a00000| PB 0x0000000083a00000| Untracked 
|  23|0x0000000083b00000, 0x0000000083c00000, 0x0000000083c00000|100%| O|  |TAMS 0x0000000083b00000| PB 0x0000000083b00000| Untracked 
|  24|0x0000000083c00000, 0x0000000083d00000, 0x0000000083d00000|100%| O|  |TAMS 0x0000000083c00000| PB 0x0000000083c00000| Untracked 
|  25|0x0000000083d00000, 0x0000000083e00000, 0x0000000083e00000|100%| O|  |TAMS 0x0000000083d00000| PB 0x0000000083d00000| Untracked 
|  26|0x0000000083e00000, 0x0000000083f00000, 0x0000000083f00000|100%| O|  |TAMS 0x0000000083e00000| PB 0x0000000083e00000| Untracked 
|  27|0x0000000083f00000, 0x0000000084000000, 0x0000000084000000|100%| O|  |TAMS 0x0000000083f00000| PB 0x0000000083f00000| Untracked 
|  28|0x0000000084000000, 0x0000000084100000, 0x0000000084100000|100%| O|  |TAMS 0x0000000084000000| PB 0x0000000084000000| Untracked 
|  29|0x0000000084100000, 0x0000000084200000, 0x0000000084200000|100%| O|  |TAMS 0x0000000084100000| PB 0x0000000084100000| Untracked 
|  30|0x0000000084200000, 0x0000000084300000, 0x0000000084300000|100%| O|  |TAMS 0x0000000084200000| PB 0x0000000084200000| Untracked 
|  31|0x0000000084300000, 0x0000000084400000, 0x0000000084400000|100%| O|  |TAMS 0x0000000084300000| PB 0x0000000084300000| Untracked 
|  32|0x0000000084400000, 0x0000000084500000, 0x0000000084500000|100%| O|  |TAMS 0x0000000084400000| PB 0x0000000084400000| Untracked 
|  33|0x0000000084500000, 0x0000000084600000, 0x0000000084600000|100%| O|  |TAMS 0x0000000084500000| PB 0x0000000084500000| Untracked 
|  34|0x0000000084600000, 0x0000000084700000, 0x0000000084700000|100%| O|  |TAMS 0x0000000084600000| PB 0x0000000084600000| Untracked 
|  35|0x0000000084700000, 0x0000000084800000, 0x0000000084800000|100%| O|  |TAMS 0x0000000084700000| PB 0x0000000084700000| Untracked 
|  36|0x0000000084800000, 0x0000000084900000, 0x0000000084900000|100%|HS|  |TAMS 0x0000000084800000| PB 0x0000000084800000| Complete 
|  37|0x0000000084900000, 0x0000000084a00000, 0x0000000084a00000|100%| O|  |TAMS 0x0000000084900000| PB 0x0000000084900000| Untracked 
|  38|0x0000000084a00000, 0x0000000084b00000, 0x0000000084b00000|100%| O|  |TAMS 0x0000000084a00000| PB 0x0000000084a00000| Untracked 
|  39|0x0000000084b00000, 0x0000000084c00000, 0x0000000084c00000|100%| O|  |TAMS 0x0000000084b00000| PB 0x0000000084b00000| Untracked 
|  40|0x0000000084c00000, 0x0000000084d00000, 0x0000000084d00000|100%| O|  |TAMS 0x0000000084c00000| PB 0x0000000084c00000| Untracked 
|  41|0x0000000084d00000, 0x0000000084e00000, 0x0000000084e00000|100%| O|  |TAMS 0x0000000084d00000| PB 0x0000000084d00000| Untracked 
|  42|0x0000000084e00000, 0x0000000084f00000, 0x0000000084f00000|100%|HS|  |TAMS 0x0000000084e00000| PB 0x0000000084e00000| Complete 
|  43|0x0000000084f00000, 0x0000000085000000, 0x0000000085000000|100%|HC|  |TAMS 0x0000000084f00000| PB 0x0000000084f00000| Complete 
|  44|0x0000000085000000, 0x0000000085100000, 0x0000000085100000|100%|HC|  |TAMS 0x0000000085000000| PB 0x0000000085000000| Complete 
|  45|0x0000000085100000, 0x0000000085200000, 0x0000000085200000|100%|HC|  |TAMS 0x0000000085100000| PB 0x0000000085100000| Complete 
|  46|0x0000000085200000, 0x0000000085300000, 0x0000000085300000|100%| O|  |TAMS 0x0000000085200000| PB 0x0000000085200000| Untracked 
|  47|0x0000000085300000, 0x0000000085400000, 0x0000000085400000|100%| O|  |TAMS 0x0000000085300000| PB 0x0000000085300000| Untracked 
|  48|0x0000000085400000, 0x0000000085500000, 0x0000000085500000|100%| O|  |TAMS 0x0000000085400000| PB 0x0000000085400000| Untracked 
|  49|0x0000000085500000, 0x0000000085600000, 0x0000000085600000|100%| O|  |TAMS 0x0000000085500000| PB 0x0000000085500000| Untracked 
|  50|0x0000000085600000, 0x0000000085700000, 0x0000000085700000|100%| O|  |TAMS 0x0000000085600000| PB 0x0000000085600000| Untracked 
|  51|0x0000000085700000, 0x0000000085800000, 0x0000000085800000|100%| O|  |TAMS 0x0000000085700000| PB 0x0000000085700000| Untracked 
|  52|0x0000000085800000, 0x0000000085900000, 0x0000000085900000|100%| O|  |TAMS 0x0000000085800000| PB 0x0000000085800000| Untracked 
|  53|0x0000000085900000, 0x0000000085a00000, 0x0000000085a00000|100%| O|  |TAMS 0x0000000085900000| PB 0x0000000085900000| Untracked 
|  54|0x0000000085a00000, 0x0000000085b00000, 0x0000000085b00000|100%| O|  |TAMS 0x0000000085a00000| PB 0x0000000085a00000| Untracked 
|  55|0x0000000085b00000, 0x0000000085c00000, 0x0000000085c00000|100%| O|  |TAMS 0x0000000085b00000| PB 0x0000000085b00000| Untracked 
|  56|0x0000000085c00000, 0x0000000085d00000, 0x0000000085d00000|100%| O|  |TAMS 0x0000000085c00000| PB 0x0000000085c00000| Untracked 
|  57|0x0000000085d00000, 0x0000000085e00000, 0x0000000085e00000|100%| O|  |TAMS 0x0000000085d00000| PB 0x0000000085d00000| Untracked 
|  58|0x0000000085e00000, 0x0000000085f00000, 0x0000000085f00000|100%| O|  |TAMS 0x0000000085e00000| PB 0x0000000085e00000| Untracked 
|  59|0x0000000085f00000, 0x0000000086000000, 0x0000000086000000|100%| O|  |TAMS 0x0000000085f00000| PB 0x0000000085f00000| Untracked 
|  60|0x0000000086000000, 0x0000000086100000, 0x0000000086100000|100%| O|  |TAMS 0x0000000086000000| PB 0x0000000086000000| Untracked 
|  61|0x0000000086100000, 0x0000000086200000, 0x0000000086200000|100%| O|  |TAMS 0x0000000086100000| PB 0x0000000086100000| Untracked 
|  62|0x0000000086200000, 0x0000000086300000, 0x0000000086300000|100%| O|  |TAMS 0x0000000086200000| PB 0x0000000086200000| Untracked 
|  63|0x0000000086300000, 0x0000000086400000, 0x0000000086400000|100%| O|  |TAMS 0x0000000086300000| PB 0x0000000086300000| Untracked 
|  64|0x0000000086400000, 0x0000000086500000, 0x0000000086500000|100%| O|  |TAMS 0x0000000086400000| PB 0x0000000086400000| Untracked 
|  65|0x0000000086500000, 0x0000000086600000, 0x0000000086600000|100%| O|  |TAMS 0x0000000086500000| PB 0x0000000086500000| Untracked 
|  66|0x0000000086600000, 0x00000000866dff10, 0x0000000086700000| 87%| O|  |TAMS 0x0000000086600000| PB 0x0000000086600000| Untracked 
|  67|0x0000000086700000, 0x0000000086700000, 0x0000000086800000|  0%| F|  |TAMS 0x0000000086700000| PB 0x0000000086700000| Untracked 
|  68|0x0000000086800000, 0x0000000086800000, 0x0000000086900000|  0%| F|  |TAMS 0x0000000086800000| PB 0x0000000086800000| Untracked 
|  69|0x0000000086900000, 0x0000000086a00000, 0x0000000086a00000|100%| O|  |TAMS 0x0000000086900000| PB 0x0000000086900000| Untracked 
|  70|0x0000000086a00000, 0x0000000086b00000, 0x0000000086b00000|100%| O|  |TAMS 0x0000000086a00000| PB 0x0000000086a00000| Untracked 
|  71|0x0000000086b00000, 0x0000000086b00000, 0x0000000086c00000|  0%| F|  |TAMS 0x0000000086b00000| PB 0x0000000086b00000| Untracked 
|  72|0x0000000086c00000, 0x0000000086c00000, 0x0000000086d00000|  0%| F|  |TAMS 0x0000000086c00000| PB 0x0000000086c00000| Untracked 
|  73|0x0000000086d00000, 0x0000000086e00000, 0x0000000086e00000|100%|HS|  |TAMS 0x0000000086d00000| PB 0x0000000086d00000| Complete 
|  74|0x0000000086e00000, 0x0000000086f00000, 0x0000000086f00000|100%|HC|  |TAMS 0x0000000086e00000| PB 0x0000000086e00000| Complete 
|  75|0x0000000086f00000, 0x0000000087000000, 0x0000000087000000|100%|HC|  |TAMS 0x0000000086f00000| PB 0x0000000086f00000| Complete 
|  76|0x0000000087000000, 0x0000000087100000, 0x0000000087100000|100%| O|  |TAMS 0x0000000087000000| PB 0x0000000087000000| Untracked 
|  77|0x0000000087100000, 0x0000000087200000, 0x0000000087200000|100%| O|  |TAMS 0x0000000087100000| PB 0x0000000087100000| Untracked 
|  78|0x0000000087200000, 0x0000000087300000, 0x0000000087300000|100%| O|  |TAMS 0x0000000087200000| PB 0x0000000087200000| Untracked 
|  79|0x0000000087300000, 0x0000000087400000, 0x0000000087400000|100%| O|  |TAMS 0x0000000087300000| PB 0x0000000087300000| Untracked 
|  80|0x0000000087400000, 0x0000000087400000, 0x0000000087500000|  0%| F|  |TAMS 0x0000000087400000| PB 0x0000000087400000| Untracked 
|  81|0x0000000087500000, 0x0000000087500000, 0x0000000087600000|  0%| F|  |TAMS 0x0000000087500000| PB 0x0000000087500000| Untracked 
|  82|0x0000000087600000, 0x0000000087600000, 0x0000000087700000|  0%| F|  |TAMS 0x0000000087600000| PB 0x0000000087600000| Untracked 
|  83|0x0000000087700000, 0x0000000087800000, 0x0000000087800000|100%| O|  |TAMS 0x0000000087700000| PB 0x0000000087700000| Untracked 
|  84|0x0000000087800000, 0x0000000087800000, 0x0000000087900000|  0%| F|  |TAMS 0x0000000087800000| PB 0x0000000087800000| Untracked 
|  85|0x0000000087900000, 0x0000000087900000, 0x0000000087a00000|  0%| F|  |TAMS 0x0000000087900000| PB 0x0000000087900000| Untracked 
|  86|0x0000000087a00000, 0x0000000087a00000, 0x0000000087b00000|  0%| F|  |TAMS 0x0000000087a00000| PB 0x0000000087a00000| Untracked 
|  87|0x0000000087b00000, 0x0000000087b00000, 0x0000000087c00000|  0%| F|  |TAMS 0x0000000087b00000| PB 0x0000000087b00000| Untracked 
|  88|0x0000000087c00000, 0x0000000087c00000, 0x0000000087d00000|  0%| F|  |TAMS 0x0000000087c00000| PB 0x0000000087c00000| Untracked 
|  89|0x0000000087d00000, 0x0000000087d00000, 0x0000000087e00000|  0%| F|  |TAMS 0x0000000087d00000| PB 0x0000000087d00000| Untracked 
|  90|0x0000000087e00000, 0x0000000087e00000, 0x0000000087f00000|  0%| F|  |TAMS 0x0000000087e00000| PB 0x0000000087e00000| Untracked 
|  91|0x0000000087f00000, 0x0000000088000000, 0x0000000088000000|100%| O|  |TAMS 0x0000000087f00000| PB 0x0000000087f00000| Untracked 
|  92|0x0000000088000000, 0x0000000088000000, 0x0000000088100000|  0%| F|  |TAMS 0x0000000088000000| PB 0x0000000088000000| Untracked 
|  93|0x0000000088100000, 0x0000000088200000, 0x0000000088200000|100%| O|  |TAMS 0x0000000088100000| PB 0x0000000088100000| Untracked 
|  94|0x0000000088200000, 0x0000000088300000, 0x0000000088300000|100%| O|  |TAMS 0x0000000088200000| PB 0x0000000088200000| Untracked 
|  95|0x0000000088300000, 0x0000000088300000, 0x0000000088400000|  0%| F|  |TAMS 0x0000000088300000| PB 0x0000000088300000| Untracked 
|  96|0x0000000088400000, 0x0000000088400000, 0x0000000088500000|  0%| F|  |TAMS 0x0000000088400000| PB 0x0000000088400000| Untracked 
|  97|0x0000000088500000, 0x0000000088500000, 0x0000000088600000|  0%| F|  |TAMS 0x0000000088500000| PB 0x0000000088500000| Untracked 
|  98|0x0000000088600000, 0x0000000088600000, 0x0000000088700000|  0%| F|  |TAMS 0x0000000088600000| PB 0x0000000088600000| Untracked 
|  99|0x0000000088700000, 0x0000000088800000, 0x0000000088800000|100%| O|  |TAMS 0x0000000088700000| PB 0x0000000088700000| Untracked 
| 100|0x0000000088800000, 0x0000000088800000, 0x0000000088900000|  0%| F|  |TAMS 0x0000000088800000| PB 0x0000000088800000| Untracked 
| 101|0x0000000088900000, 0x0000000088a00000, 0x0000000088a00000|100%| O|  |TAMS 0x0000000088900000| PB 0x0000000088900000| Untracked 
| 102|0x0000000088a00000, 0x0000000088b00000, 0x0000000088b00000|100%| O|  |TAMS 0x0000000088a00000| PB 0x0000000088a00000| Untracked 
| 103|0x0000000088b00000, 0x0000000088c00000, 0x0000000088c00000|100%| O|  |TAMS 0x0000000088b00000| PB 0x0000000088b00000| Untracked 
| 104|0x0000000088c00000, 0x0000000088d00000, 0x0000000088d00000|100%| O|  |TAMS 0x0000000088c00000| PB 0x0000000088c00000| Untracked 
| 105|0x0000000088d00000, 0x0000000088e00000, 0x0000000088e00000|100%| O|  |TAMS 0x0000000088d00000| PB 0x0000000088d00000| Untracked 
| 106|0x0000000088e00000, 0x0000000088f00000, 0x0000000088f00000|100%| O|  |TAMS 0x0000000088e00000| PB 0x0000000088e00000| Untracked 
| 107|0x0000000088f00000, 0x0000000089000000, 0x0000000089000000|100%| O|  |TAMS 0x0000000088f00000| PB 0x0000000088f00000| Untracked 
| 108|0x0000000089000000, 0x0000000089100000, 0x0000000089100000|100%| O|  |TAMS 0x0000000089000000| PB 0x0000000089000000| Untracked 
| 109|0x0000000089100000, 0x0000000089200000, 0x0000000089200000|100%| O|  |TAMS 0x0000000089100000| PB 0x0000000089100000| Untracked 
| 110|0x0000000089200000, 0x0000000089300000, 0x0000000089300000|100%| O|  |TAMS 0x0000000089200000| PB 0x0000000089200000| Untracked 
| 111|0x0000000089300000, 0x0000000089400000, 0x0000000089400000|100%| O|  |TAMS 0x0000000089300000| PB 0x0000000089300000| Untracked 
| 112|0x0000000089400000, 0x0000000089500000, 0x0000000089500000|100%| O|  |TAMS 0x0000000089400000| PB 0x0000000089400000| Untracked 
| 113|0x0000000089500000, 0x0000000089600000, 0x0000000089600000|100%| O|  |TAMS 0x0000000089500000| PB 0x0000000089500000| Untracked 
| 114|0x0000000089600000, 0x0000000089700000, 0x0000000089700000|100%| O|  |TAMS 0x0000000089600000| PB 0x0000000089600000| Untracked 
| 115|0x0000000089700000, 0x0000000089700000, 0x0000000089800000|  0%| F|  |TAMS 0x0000000089700000| PB 0x0000000089700000| Untracked 
| 116|0x0000000089800000, 0x0000000089800000, 0x0000000089900000|  0%| F|  |TAMS 0x0000000089800000| PB 0x0000000089800000| Untracked 
| 117|0x0000000089900000, 0x0000000089900000, 0x0000000089a00000|  0%| F|  |TAMS 0x0000000089900000| PB 0x0000000089900000| Untracked 
| 118|0x0000000089a00000, 0x0000000089a00000, 0x0000000089b00000|  0%| F|  |TAMS 0x0000000089a00000| PB 0x0000000089a00000| Untracked 
| 119|0x0000000089b00000, 0x0000000089b00000, 0x0000000089c00000|  0%| F|  |TAMS 0x0000000089b00000| PB 0x0000000089b00000| Untracked 
| 120|0x0000000089c00000, 0x0000000089c00000, 0x0000000089d00000|  0%| F|  |TAMS 0x0000000089c00000| PB 0x0000000089c00000| Untracked 
| 121|0x0000000089d00000, 0x0000000089d00000, 0x0000000089e00000|  0%| F|  |TAMS 0x0000000089d00000| PB 0x0000000089d00000| Untracked 
| 122|0x0000000089e00000, 0x0000000089e00000, 0x0000000089f00000|  0%| F|  |TAMS 0x0000000089e00000| PB 0x0000000089e00000| Untracked 
| 123|0x0000000089f00000, 0x0000000089f00000, 0x000000008a000000|  0%| F|  |TAMS 0x0000000089f00000| PB 0x0000000089f00000| Untracked 
| 124|0x000000008a000000, 0x000000008a000000, 0x000000008a100000|  0%| F|  |TAMS 0x000000008a000000| PB 0x000000008a000000| Untracked 
| 125|0x000000008a100000, 0x000000008a100000, 0x000000008a200000|  0%| F|  |TAMS 0x000000008a100000| PB 0x000000008a100000| Untracked 
| 126|0x000000008a200000, 0x000000008a200000, 0x000000008a300000|  0%| F|  |TAMS 0x000000008a200000| PB 0x000000008a200000| Untracked 
| 127|0x000000008a300000, 0x000000008a300000, 0x000000008a400000|  0%| F|  |TAMS 0x000000008a300000| PB 0x000000008a300000| Untracked 
| 128|0x000000008a400000, 0x000000008a400000, 0x000000008a500000|  0%| F|  |TAMS 0x000000008a400000| PB 0x000000008a400000| Untracked 
| 129|0x000000008a500000, 0x000000008a500000, 0x000000008a600000|  0%| F|  |TAMS 0x000000008a500000| PB 0x000000008a500000| Untracked 
| 130|0x000000008a600000, 0x000000008a600000, 0x000000008a700000|  0%| F|  |TAMS 0x000000008a600000| PB 0x000000008a600000| Untracked 
| 131|0x000000008a700000, 0x000000008a700000, 0x000000008a800000|  0%| F|  |TAMS 0x000000008a700000| PB 0x000000008a700000| Untracked 
| 132|0x000000008a800000, 0x000000008a800000, 0x000000008a900000|  0%| F|  |TAMS 0x000000008a800000| PB 0x000000008a800000| Untracked 
| 133|0x000000008a900000, 0x000000008a900000, 0x000000008aa00000|  0%| F|  |TAMS 0x000000008a900000| PB 0x000000008a900000| Untracked 
| 134|0x000000008aa00000, 0x000000008aa96690, 0x000000008ab00000| 58%| S|CS|TAMS 0x000000008aa00000| PB 0x000000008aa00000| Complete 
| 135|0x000000008ab00000, 0x000000008ac00000, 0x000000008ac00000|100%| S|CS|TAMS 0x000000008ab00000| PB 0x000000008ab00000| Complete 
| 136|0x000000008ac00000, 0x000000008ad00000, 0x000000008ad00000|100%| S|CS|TAMS 0x000000008ac00000| PB 0x000000008ac00000| Complete 
| 137|0x000000008ad00000, 0x000000008ae00000, 0x000000008ae00000|100%| S|CS|TAMS 0x000000008ad00000| PB 0x000000008ad00000| Complete 
| 138|0x000000008ae00000, 0x000000008ae00000, 0x000000008af00000|  0%| F|  |TAMS 0x000000008ae00000| PB 0x000000008ae00000| Untracked 
| 139|0x000000008af00000, 0x000000008af00000, 0x000000008b000000|  0%| F|  |TAMS 0x000000008af00000| PB 0x000000008af00000| Untracked 
| 140|0x000000008b000000, 0x000000008b000000, 0x000000008b100000|  0%| F|  |TAMS 0x000000008b000000| PB 0x000000008b000000| Untracked 
| 141|0x000000008b100000, 0x000000008b100000, 0x000000008b200000|  0%| F|  |TAMS 0x000000008b100000| PB 0x000000008b100000| Untracked 
| 142|0x000000008b200000, 0x000000008b200000, 0x000000008b300000|  0%| F|  |TAMS 0x000000008b200000| PB 0x000000008b200000| Untracked 
| 143|0x000000008b300000, 0x000000008b300000, 0x000000008b400000|  0%| F|  |TAMS 0x000000008b300000| PB 0x000000008b300000| Untracked 
| 144|0x000000008b400000, 0x000000008b400000, 0x000000008b500000|  0%| F|  |TAMS 0x000000008b400000| PB 0x000000008b400000| Untracked 
| 145|0x000000008b500000, 0x000000008b500000, 0x000000008b600000|  0%| F|  |TAMS 0x000000008b500000| PB 0x000000008b500000| Untracked 
| 146|0x000000008b600000, 0x000000008b600000, 0x000000008b700000|  0%| F|  |TAMS 0x000000008b600000| PB 0x000000008b600000| Untracked 
| 147|0x000000008b700000, 0x000000008b700000, 0x000000008b800000|  0%| F|  |TAMS 0x000000008b700000| PB 0x000000008b700000| Untracked 
| 148|0x000000008b800000, 0x000000008b800000, 0x000000008b900000|  0%| F|  |TAMS 0x000000008b800000| PB 0x000000008b800000| Untracked 
| 149|0x000000008b900000, 0x000000008b900000, 0x000000008ba00000|  0%| F|  |TAMS 0x000000008b900000| PB 0x000000008b900000| Untracked 
| 150|0x000000008ba00000, 0x000000008ba00000, 0x000000008bb00000|  0%| F|  |TAMS 0x000000008ba00000| PB 0x000000008ba00000| Untracked 
| 151|0x000000008bb00000, 0x000000008bb00000, 0x000000008bc00000|  0%| F|  |TAMS 0x000000008bb00000| PB 0x000000008bb00000| Untracked 
| 152|0x000000008bc00000, 0x000000008bc00000, 0x000000008bd00000|  0%| F|  |TAMS 0x000000008bc00000| PB 0x000000008bc00000| Untracked 
| 153|0x000000008bd00000, 0x000000008bd00000, 0x000000008be00000|  0%| F|  |TAMS 0x000000008bd00000| PB 0x000000008bd00000| Untracked 
| 154|0x000000008be00000, 0x000000008be00000, 0x000000008bf00000|  0%| F|  |TAMS 0x000000008be00000| PB 0x000000008be00000| Untracked 
| 155|0x000000008bf00000, 0x000000008bf00000, 0x000000008c000000|  0%| F|  |TAMS 0x000000008bf00000| PB 0x000000008bf00000| Untracked 
| 156|0x000000008c000000, 0x000000008c000000, 0x000000008c100000|  0%| F|  |TAMS 0x000000008c000000| PB 0x000000008c000000| Untracked 
| 157|0x000000008c100000, 0x000000008c100000, 0x000000008c200000|  0%| F|  |TAMS 0x000000008c100000| PB 0x000000008c100000| Untracked 
| 158|0x000000008c200000, 0x000000008c200000, 0x000000008c300000|  0%| F|  |TAMS 0x000000008c200000| PB 0x000000008c200000| Untracked 
| 159|0x000000008c300000, 0x000000008c300000, 0x000000008c400000|  0%| F|  |TAMS 0x000000008c300000| PB 0x000000008c300000| Untracked 
| 160|0x000000008c400000, 0x000000008c400000, 0x000000008c500000|  0%| F|  |TAMS 0x000000008c400000| PB 0x000000008c400000| Untracked 
| 161|0x000000008c500000, 0x000000008c500000, 0x000000008c600000|  0%| F|  |TAMS 0x000000008c500000| PB 0x000000008c500000| Untracked 
| 162|0x000000008c600000, 0x000000008c600000, 0x000000008c700000|  0%| F|  |TAMS 0x000000008c600000| PB 0x000000008c600000| Untracked 
| 163|0x000000008c700000, 0x000000008c700000, 0x000000008c800000|  0%| F|  |TAMS 0x000000008c700000| PB 0x000000008c700000| Untracked 
| 164|0x000000008c800000, 0x000000008c800000, 0x000000008c900000|  0%| F|  |TAMS 0x000000008c800000| PB 0x000000008c800000| Untracked 
| 165|0x000000008c900000, 0x000000008c900000, 0x000000008ca00000|  0%| F|  |TAMS 0x000000008c900000| PB 0x000000008c900000| Untracked 
| 166|0x000000008ca00000, 0x000000008ca00000, 0x000000008cb00000|  0%| F|  |TAMS 0x000000008ca00000| PB 0x000000008ca00000| Untracked 
| 167|0x000000008cb00000, 0x000000008cb00000, 0x000000008cc00000|  0%| F|  |TAMS 0x000000008cb00000| PB 0x000000008cb00000| Untracked 
| 168|0x000000008cc00000, 0x000000008cc00000, 0x000000008cd00000|  0%| F|  |TAMS 0x000000008cc00000| PB 0x000000008cc00000| Untracked 
| 169|0x000000008cd00000, 0x000000008cd00000, 0x000000008ce00000|  0%| F|  |TAMS 0x000000008cd00000| PB 0x000000008cd00000| Untracked 
| 170|0x000000008ce00000, 0x000000008ce00000, 0x000000008cf00000|  0%| F|  |TAMS 0x000000008ce00000| PB 0x000000008ce00000| Untracked 
| 171|0x000000008cf00000, 0x000000008cf00000, 0x000000008d000000|  0%| F|  |TAMS 0x000000008cf00000| PB 0x000000008cf00000| Untracked 
| 172|0x000000008d000000, 0x000000008d000000, 0x000000008d100000|  0%| F|  |TAMS 0x000000008d000000| PB 0x000000008d000000| Untracked 
| 173|0x000000008d100000, 0x000000008d100000, 0x000000008d200000|  0%| F|  |TAMS 0x000000008d100000| PB 0x000000008d100000| Untracked 
| 174|0x000000008d200000, 0x000000008d200000, 0x000000008d300000|  0%| F|  |TAMS 0x000000008d200000| PB 0x000000008d200000| Untracked 
| 175|0x000000008d300000, 0x000000008d300000, 0x000000008d400000|  0%| F|  |TAMS 0x000000008d300000| PB 0x000000008d300000| Untracked 
| 176|0x000000008d400000, 0x000000008d400000, 0x000000008d500000|  0%| F|  |TAMS 0x000000008d400000| PB 0x000000008d400000| Untracked 
| 177|0x000000008d500000, 0x000000008d500000, 0x000000008d600000|  0%| F|  |TAMS 0x000000008d500000| PB 0x000000008d500000| Untracked 
| 178|0x000000008d600000, 0x000000008d600000, 0x000000008d700000|  0%| F|  |TAMS 0x000000008d600000| PB 0x000000008d600000| Untracked 
| 179|0x000000008d700000, 0x000000008d700000, 0x000000008d800000|  0%| F|  |TAMS 0x000000008d700000| PB 0x000000008d700000| Untracked 
| 180|0x000000008d800000, 0x000000008d800000, 0x000000008d900000|  0%| F|  |TAMS 0x000000008d800000| PB 0x000000008d800000| Untracked 
| 181|0x000000008d900000, 0x000000008d900000, 0x000000008da00000|  0%| F|  |TAMS 0x000000008d900000| PB 0x000000008d900000| Untracked 
| 182|0x000000008da00000, 0x000000008da00000, 0x000000008db00000|  0%| F|  |TAMS 0x000000008da00000| PB 0x000000008da00000| Untracked 
| 183|0x000000008db00000, 0x000000008db00000, 0x000000008dc00000|  0%| F|  |TAMS 0x000000008db00000| PB 0x000000008db00000| Untracked 
| 184|0x000000008dc00000, 0x000000008dc00000, 0x000000008dd00000|  0%| F|  |TAMS 0x000000008dc00000| PB 0x000000008dc00000| Untracked 
| 185|0x000000008dd00000, 0x000000008dd00000, 0x000000008de00000|  0%| F|  |TAMS 0x000000008dd00000| PB 0x000000008dd00000| Untracked 
|1993|0x00000000fed00000, 0x00000000fedfb640, 0x00000000fee00000| 98%| E|  |TAMS 0x00000000fed00000| PB 0x00000000fed00000| Complete 
|1994|0x00000000fee00000, 0x00000000fef00000, 0x00000000fef00000|100%| E|CS|TAMS 0x00000000fee00000| PB 0x00000000fee00000| Complete 
|1995|0x00000000fef00000, 0x00000000ff000000, 0x00000000ff000000|100%| O|  |TAMS 0x00000000fef00000| PB 0x00000000fef00000| Untracked 
|1996|0x00000000ff000000, 0x00000000ff100000, 0x00000000ff100000|100%| E|  |TAMS 0x00000000ff000000| PB 0x00000000ff000000| Complete 
|1997|0x00000000ff100000, 0x00000000ff200000, 0x00000000ff200000|100%| E|CS|TAMS 0x00000000ff100000| PB 0x00000000ff100000| Complete 
|1998|0x00000000ff200000, 0x00000000ff300000, 0x00000000ff300000|100%| E|CS|TAMS 0x00000000ff200000| PB 0x00000000ff200000| Complete 
|1999|0x00000000ff300000, 0x00000000ff400000, 0x00000000ff400000|100%| E|CS|TAMS 0x00000000ff300000| PB 0x00000000ff300000| Complete 
|2000|0x00000000ff400000, 0x00000000ff500000, 0x00000000ff500000|100%| E|CS|TAMS 0x00000000ff400000| PB 0x00000000ff400000| Complete 
|2001|0x00000000ff500000, 0x00000000ff600000, 0x00000000ff600000|100%| E|CS|TAMS 0x00000000ff500000| PB 0x00000000ff500000| Complete 
|2002|0x00000000ff600000, 0x00000000ff700000, 0x00000000ff700000|100%| E|CS|TAMS 0x00000000ff600000| PB 0x00000000ff600000| Complete 
|2003|0x00000000ff700000, 0x00000000ff800000, 0x00000000ff800000|100%| E|CS|TAMS 0x00000000ff700000| PB 0x00000000ff700000| Complete 
|2004|0x00000000ff800000, 0x00000000ff900000, 0x00000000ff900000|100%| E|CS|TAMS 0x00000000ff800000| PB 0x00000000ff800000| Complete 
|2005|0x00000000ff900000, 0x00000000ffa00000, 0x00000000ffa00000|100%| O|  |TAMS 0x00000000ff900000| PB 0x00000000ff900000| Untracked 
|2006|0x00000000ffa00000, 0x00000000ffb00000, 0x00000000ffb00000|100%| E|CS|TAMS 0x00000000ffa00000| PB 0x00000000ffa00000| Complete 
|2007|0x00000000ffb00000, 0x00000000ffc00000, 0x00000000ffc00000|100%| O|  |TAMS 0x00000000ffb00000| PB 0x00000000ffb00000| Untracked 
|2008|0x00000000ffc00000, 0x00000000ffd00000, 0x00000000ffd00000|100%| E|CS|TAMS 0x00000000ffc00000| PB 0x00000000ffc00000| Complete 
|2009|0x00000000ffd00000, 0x00000000ffe00000, 0x00000000ffe00000|100%| E|CS|TAMS 0x00000000ffd00000| PB 0x00000000ffd00000| Complete 
|2010|0x00000000ffe00000, 0x00000000fff00000, 0x00000000fff00000|100%| E|CS|TAMS 0x00000000ffe00000| PB 0x00000000ffe00000| Complete 
|2011|0x00000000fff00000, 0x0000000100000000, 0x0000000100000000|100%| E|CS|TAMS 0x00000000fff00000| PB 0x00000000fff00000| Complete 

Card table byte_map: [0x00000180173e0000,0x00000180177d0000] _byte_map_base: 0x0000018016fce000

Marking Bits: (CMBitMap*) 0x000001807f7bee70
 Bits: [0x00000180177d0000, 0x0000018019740000)

Polling page: 0x000001807d900000

Metaspace:

Usage:
  Non-class:    117.40 MB used.
      Class:     14.58 MB used.
       Both:    131.98 MB used.

Virtual space:
  Non-class space:      128.00 MB reserved,     118.06 MB ( 92%) committed,  2 nodes.
      Class space:        1.00 GB reserved,      15.25 MB (  1%) committed,  1 nodes.
             Both:        1.12 GB reserved,     133.31 MB ( 12%) committed. 

Chunk freelists:
   Non-Class:  9.09 MB
       Class:  768.00 KB
        Both:  9.84 MB

MaxMetaspaceSize: unlimited
CompressedClassSpaceSize: 1.00 GB
Initial GC threshold: 21.00 MB
Current GC threshold: 183.56 MB
CDS: on
 - commit_granule_bytes: 65536.
 - commit_granule_words: 8192.
 - virtual_space_node_default_size: 8388608.
 - enlarge_chunks_in_place: 1.
 - use_allocation_guard: 0.


Internal statistics:

num_allocs_failed_limit: 15.
num_arena_births: 2056.
num_arena_deaths: 6.
num_vsnodes_births: 3.
num_vsnodes_deaths: 0.
num_space_committed: 2145.
num_space_uncommitted: 8.
num_chunks_returned_to_freelist: 122.
num_chunks_taken_from_freelist: 7302.
num_chunk_merges: 30.
num_chunk_splits: 5498.
num_chunks_enlarged: 4318.
num_inconsistent_stats: 0.

CodeHeap 'non-profiled nmethods': size=120000Kb used=8953Kb max_used=9645Kb free=111046Kb
 bounds [0x000001800feb0000, 0x0000018010820000, 0x00000180173e0000]
CodeHeap 'profiled nmethods': size=120000Kb used=49234Kb max_used=54757Kb free=70765Kb
 bounds [0x00000180083e0000, 0x000001800b960000, 0x000001800f910000]
CodeHeap 'non-nmethods': size=5760Kb used=1925Kb max_used=1968Kb free=3834Kb
 bounds [0x000001800f910000, 0x000001800fb80000, 0x000001800feb0000]
 total_blobs=20428 nmethods=19536 adapters=792
 compilation: enabled
              stopped_count=0, restarted_count=0
 full_count=0

Compilation events (20 events):
Event: 36.530 Thread 0x000001801c17c790 31394       2       org.springframework.asm.ClassReader::readElementValues (88 bytes)
Event: 36.530 Thread 0x000001801c17c790 nmethod 31394 0x0000018009d91990 code [0x0000018009d91b80, 0x0000018009d91f10]
Event: 36.541 Thread 0x000001801c17c790 31395       2       org.springframework.core.annotation.MergedAnnotation::missing (4 bytes)
Event: 36.541 Thread 0x000001801c17c790 nmethod 31395 0x0000018009bfae90 code [0x0000018009bfb020, 0x0000018009bfb110]
Event: 36.541 Thread 0x000001801c17c790 31396       2       org.springframework.core.annotation.MissingMergedAnnotation::getInstance (4 bytes)
Event: 36.541 Thread 0x000001801c17c790 nmethod 31396 0x0000018009d6a610 code [0x0000018009d6a7a0, 0x0000018009d6a890]
Event: 36.544 Thread 0x000001801c17c790 31397       2       java.util.LinkedHashMap::afterNodeInsertion (40 bytes)
Event: 36.544 Thread 0x000001801c17c790 nmethod 31397 0x0000018008a76990 code [0x0000018008a76b60, 0x0000018008a76d70]
Event: 36.586 Thread 0x000001801c17c790 31399       1       org.springframework.core.type.classreading.SimpleAnnotationMetadata::getClassName (5 bytes)
Event: 36.586 Thread 0x000001801c17c790 nmethod 31399 0x00000180100d0b90 code [0x00000180100d0d20, 0x00000180100d0de8]
Event: 36.623 Thread 0x000001801c17c790 31400       2       kotlin.jvm.internal.Intrinsics::checkNotNullParameter (9 bytes)
Event: 36.624 Thread 0x000001801c17c790 nmethod 31400 0x0000018009d91390 code [0x0000018009d91580, 0x0000018009d91808]
Event: 36.631 Thread 0x000001801c17c790 31401       2       org.springframework.core.type.classreading.SimpleMethodMetadata::hashCode (8 bytes)
Event: 36.631 Thread 0x000001801c17c790 nmethod 31401 0x0000018009d91010 code [0x0000018009d911c0, 0x0000018009d912f8]
Event: 36.631 Thread 0x000001801c17c790 31402       2       org.springframework.core.type.classreading.SimpleMethodMetadataReadingVisitor$Source::hashCode (43 bytes)
Event: 36.631 Thread 0x000001801c17c790 nmethod 31402 0x0000018009d90b10 code [0x0000018009d90ce0, 0x0000018009d90e88]
Event: 36.654 Thread 0x000001801c17c790 31403       2       org.springframework.core.annotation.AnnotationTypeMappings::forAnnotationType (12 bytes)
Event: 36.654 Thread 0x000001801c17c790 nmethod 31403 0x0000018009d90610 code [0x0000018009d907c0, 0x0000018009d90a08]
Event: 36.654 Thread 0x000001801c17c790 31404       2       org.springframework.core.annotation.AnnotationTypeMappings::forAnnotationType (12 bytes)
Event: 36.654 Thread 0x000001801c17c790 nmethod 31404 0x0000018009d90290 code [0x0000018009d90440, 0x0000018009d90560]

GC Heap History (20 events):
Event: 29.989 GC heap before
{Heap before GC invocations=27 (full 0):
 garbage-first heap   total 187392K, used 170562K [0x0000000082400000, 0x0000000100000000)
  region size 1024K, 86 young (88064K), 9 survivors (9216K)
 Metaspace       used 109901K, committed 111104K, reserved 1179648K
  class space    used 11743K, committed 12288K, reserved 1048576K
}
Event: 29.998 GC heap after
{Heap after GC invocations=28 (full 0):
 garbage-first heap   total 187392K, used 85238K [0x0000000082400000, 0x0000000100000000)
  region size 1024K, 3 young (3072K), 3 survivors (3072K)
 Metaspace       used 109901K, committed 111104K, reserved 1179648K
  class space    used 11743K, committed 12288K, reserved 1048576K
}
Event: 30.301 GC heap before
{Heap before GC invocations=28 (full 0):
 garbage-first heap   total 187392K, used 96502K [0x0000000082400000, 0x0000000100000000)
  region size 1024K, 15 young (15360K), 3 survivors (3072K)
 Metaspace       used 109924K, committed 111104K, reserved 1179648K
  class space    used 11744K, committed 12288K, reserved 1048576K
}
Event: 30.309 GC heap after
{Heap after GC invocations=29 (full 0):
 garbage-first heap   total 187392K, used 91294K [0x0000000082400000, 0x0000000100000000)
  region size 1024K, 9 young (9216K), 9 survivors (9216K)
 Metaspace       used 109924K, committed 111104K, reserved 1179648K
  class space    used 11744K, committed 12288K, reserved 1048576K
}
Event: 30.849 GC heap before
{Heap before GC invocations=30 (full 0):
 garbage-first heap   total 187392K, used 136350K [0x0000000082400000, 0x0000000100000000)
  region size 1024K, 53 young (54272K), 9 survivors (9216K)
 Metaspace       used 109944K, committed 111104K, reserved 1179648K
  class space    used 11744K, committed 12288K, reserved 1048576K
}
Event: 30.866 GC heap after
{Heap after GC invocations=31 (full 0):
 garbage-first heap   total 187392K, used 105472K [0x0000000082400000, 0x0000000100000000)
  region size 1024K, 7 young (7168K), 7 survivors (7168K)
 Metaspace       used 109944K, committed 111104K, reserved 1179648K
  class space    used 11744K, committed 12288K, reserved 1048576K
}
Event: 31.840 GC heap before
{Heap before GC invocations=31 (full 0):
 garbage-first heap   total 187392K, used 144384K [0x0000000082400000, 0x0000000100000000)
  region size 1024K, 46 young (47104K), 7 survivors (7168K)
 Metaspace       used 110999K, committed 112128K, reserved 1179648K
  class space    used 11867K, committed 12416K, reserved 1048576K
}
Event: 31.849 GC heap after
{Heap after GC invocations=32 (full 0):
 garbage-first heap   total 187392K, used 108268K [0x0000000082400000, 0x0000000100000000)
  region size 1024K, 5 young (5120K), 5 survivors (5120K)
 Metaspace       used 110999K, committed 112128K, reserved 1179648K
  class space    used 11867K, committed 12416K, reserved 1048576K
}
Event: 32.509 GC heap before
{Heap before GC invocations=32 (full 0):
 garbage-first heap   total 187392K, used 150252K [0x0000000082400000, 0x0000000100000000)
  region size 1024K, 46 young (47104K), 5 survivors (5120K)
 Metaspace       used 111594K, committed 112704K, reserved 1179648K
  class space    used 11928K, committed 12480K, reserved 1048576K
}
Event: 32.516 GC heap after
{Heap after GC invocations=33 (full 0):
 garbage-first heap   total 187392K, used 110186K [0x0000000082400000, 0x0000000100000000)
  region size 1024K, 3 young (3072K), 3 survivors (3072K)
 Metaspace       used 111594K, committed 112704K, reserved 1179648K
  class space    used 11928K, committed 12480K, reserved 1048576K
}
Event: 32.660 GC heap before
{Heap before GC invocations=33 (full 0):
 garbage-first heap   total 187392K, used 115306K [0x0000000082400000, 0x0000000100000000)
  region size 1024K, 9 young (9216K), 3 survivors (3072K)
 Metaspace       used 111656K, committed 112768K, reserved 1179648K
  class space    used 11931K, committed 12480K, reserved 1048576K
}
Event: 32.665 GC heap after
{Heap after GC invocations=34 (full 0):
 garbage-first heap   total 187392K, used 111618K [0x0000000082400000, 0x0000000100000000)
  region size 1024K, 4 young (4096K), 4 survivors (4096K)
 Metaspace       used 111656K, committed 112768K, reserved 1179648K
  class space    used 11931K, committed 12480K, reserved 1048576K
}
Event: 32.978 GC heap before
{Heap before GC invocations=35 (full 0):
 garbage-first heap   total 209920K, used 157698K [0x0000000082400000, 0x0000000100000000)
  region size 1024K, 49 young (50176K), 4 survivors (4096K)
 Metaspace       used 111713K, committed 112832K, reserved 1179648K
  class space    used 11931K, committed 12480K, reserved 1048576K
}
Event: 32.992 GC heap after
{Heap after GC invocations=36 (full 0):
 garbage-first heap   total 209920K, used 121856K [0x0000000082400000, 0x0000000100000000)
  region size 1024K, 7 young (7168K), 7 survivors (7168K)
 Metaspace       used 111713K, committed 112832K, reserved 1179648K
  class space    used 11931K, committed 12480K, reserved 1048576K
}
Event: 33.413 GC heap before
{Heap before GC invocations=36 (full 0):
 garbage-first heap   total 209920K, used 174080K [0x0000000082400000, 0x0000000100000000)
  region size 1024K, 57 young (58368K), 7 survivors (7168K)
 Metaspace       used 111836K, committed 113024K, reserved 1179648K
  class space    used 11933K, committed 12544K, reserved 1048576K
}
Event: 33.426 GC heap after
{Heap after GC invocations=37 (full 0):
 garbage-first heap   total 209920K, used 106018K [0x0000000082400000, 0x0000000100000000)
  region size 1024K, 5 young (5120K), 5 survivors (5120K)
 Metaspace       used 111836K, committed 113024K, reserved 1179648K
  class space    used 11933K, committed 12544K, reserved 1048576K
}
Event: 34.763 GC heap before
{Heap before GC invocations=37 (full 0):
 garbage-first heap   total 209920K, used 167458K [0x0000000082400000, 0x0000000100000000)
  region size 1024K, 65 young (66560K), 5 survivors (5120K)
 Metaspace       used 119426K, committed 120768K, reserved 1179648K
  class space    used 12903K, committed 13568K, reserved 1048576K
}
Event: 34.781 GC heap after
{Heap after GC invocations=38 (full 0):
 garbage-first heap   total 209920K, used 99840K [0x0000000082400000, 0x0000000100000000)
  region size 1024K, 9 young (9216K), 9 survivors (9216K)
 Metaspace       used 119426K, committed 120768K, reserved 1179648K
  class space    used 12903K, committed 13568K, reserved 1048576K
}
Event: 36.408 GC heap before
{Heap before GC invocations=38 (full 0):
 garbage-first heap   total 209920K, used 165376K [0x0000000082400000, 0x0000000100000000)
  region size 1024K, 73 young (74752K), 9 survivors (9216K)
 Metaspace       used 131161K, committed 132544K, reserved 1179648K
  class space    used 14531K, committed 15232K, reserved 1048576K
}
Event: 36.433 GC heap after
{Heap after GC invocations=39 (full 0):
 garbage-first heap   total 209920K, used 102873K [0x0000000082400000, 0x0000000100000000)
  region size 1024K, 4 young (4096K), 4 survivors (4096K)
 Metaspace       used 131161K, committed 132544K, reserved 1179648K
  class space    used 14531K, committed 15232K, reserved 1048576K
}

Dll operation events (8 events):
Event: 0.007 Loaded shared library D:\mailon\Java\jdk-21.0.10\bin\java.dll
Event: 0.030 Loaded shared library D:\mailon\Java\jdk-21.0.10\bin\jsvml.dll
Event: 0.133 Loaded shared library D:\mailon\Java\jdk-21.0.10\bin\net.dll
Event: 0.154 Loaded shared library D:\mailon\Java\jdk-21.0.10\bin\nio.dll
Event: 0.186 Loaded shared library D:\mailon\Java\jdk-21.0.10\bin\zip.dll
Event: 1.122 Loaded shared library D:\mailon\Java\jdk-21.0.10\bin\jimage.dll
Event: 1.159 Loaded shared library D:\mailon\Usuario\Desktop\apache-maven-3.9.14-bin (1)\apache-maven-3.9.14\lib\jansi-native\Windows\x86_64\jansi.dll
Event: 1.199 Loaded shared library D:\mailon\Java\jdk-21.0.10\bin\verify.dll

Deoptimization events (20 events):
Event: 36.359 Thread 0x0000018064080d50 Uncommon trap: trap_request=0xffffff76 fr.pc=0x00000180103a4550 relative=0x0000000000000190
Event: 36.359 Thread 0x0000018064080d50 Uncommon trap: reason=predicate action=maybe_recompile pc=0x00000180103a4550 method=java.util.Arrays.binarySearch0([Ljava/lang/Object;IILjava/lang/Object;)I @ 12 c2
Event: 36.359 Thread 0x0000018064080d50 DEOPT PACKING pc=0x00000180103a4550 sp=0x0000003e0f8fe0a0
Event: 36.359 Thread 0x0000018064080d50 DEOPT UNPACKING pc=0x000001800f9646a2 sp=0x0000003e0f8fe010 mode 2
Event: 36.385 Thread 0x000001807d660bd0 Uncommon trap: trap_request=0xffffffde fr.pc=0x00000180101da71c relative=0x000000000000007c
Event: 36.385 Thread 0x000001807d660bd0 Uncommon trap: reason=class_check action=maybe_recompile pc=0x00000180101da71c method=java.util.LinkedHashMap.afterNodeInsertion(Z)V @ 15 c2
Event: 36.385 Thread 0x000001807d660bd0 DEOPT PACKING pc=0x00000180101da71c sp=0x0000003e0dbfa2a0
Event: 36.385 Thread 0x000001807d660bd0 DEOPT UNPACKING pc=0x000001800f9646a2 sp=0x0000003e0dbfa218 mode 2
Event: 36.385 Thread 0x000001807d660bd0 Uncommon trap: trap_request=0xffffffde fr.pc=0x00000180101da71c relative=0x000000000000007c
Event: 36.385 Thread 0x000001807d660bd0 Uncommon trap: reason=class_check action=maybe_recompile pc=0x00000180101da71c method=java.util.LinkedHashMap.afterNodeInsertion(Z)V @ 15 c2
Event: 36.385 Thread 0x000001807d660bd0 DEOPT PACKING pc=0x00000180101da71c sp=0x0000003e0dbfa2a0
Event: 36.385 Thread 0x000001807d660bd0 DEOPT UNPACKING pc=0x000001800f9646a2 sp=0x0000003e0dbfa218 mode 2
Event: 36.385 Thread 0x000001807d660bd0 Uncommon trap: trap_request=0xffffffde fr.pc=0x00000180101da71c relative=0x000000000000007c
Event: 36.385 Thread 0x000001807d660bd0 Uncommon trap: reason=class_check action=maybe_recompile pc=0x00000180101da71c method=java.util.LinkedHashMap.afterNodeInsertion(Z)V @ 15 c2
Event: 36.385 Thread 0x000001807d660bd0 DEOPT PACKING pc=0x00000180101da71c sp=0x0000003e0dbfa2a0
Event: 36.385 Thread 0x000001807d660bd0 DEOPT UNPACKING pc=0x000001800f9646a2 sp=0x0000003e0dbfa218 mode 2
Event: 36.385 Thread 0x000001807d660bd0 Uncommon trap: trap_request=0xffffffde fr.pc=0x00000180101da71c relative=0x000000000000007c
Event: 36.385 Thread 0x000001807d660bd0 Uncommon trap: reason=class_check action=maybe_recompile pc=0x00000180101da71c method=java.util.LinkedHashMap.afterNodeInsertion(Z)V @ 15 c2
Event: 36.385 Thread 0x000001807d660bd0 DEOPT PACKING pc=0x00000180101da71c sp=0x0000003e0dbfa2a0
Event: 36.385 Thread 0x000001807d660bd0 DEOPT UNPACKING pc=0x000001800f9646a2 sp=0x0000003e0dbfa218 mode 2

Classes loaded (20 events):
Event: 36.243 Loading class com/sun/org/apache/xalan/internal/utils/FeaturePropertyBase$State
Event: 36.243 Loading class com/sun/org/apache/xalan/internal/utils/FeaturePropertyBase$State done
Event: 36.243 Loading class com/sun/org/apache/xalan/internal/utils/XMLSecurityPropertyManager$Property
Event: 36.243 Loading class com/sun/org/apache/xalan/internal/utils/XMLSecurityPropertyManager$Property done
Event: 36.244 Loading class jdk/xml/internal/XMLSecurityManager
Event: 36.252 Loading class jdk/xml/internal/XMLSecurityManager done
Event: 36.252 Loading class jdk/xml/internal/XMLSecurityManager$Limit
Event: 36.253 Loading class jdk/xml/internal/XMLSecurityManager$Limit done
Event: 36.253 Loading class jdk/xml/internal/XMLSecurityManager$Processor
Event: 36.253 Loading class jdk/xml/internal/XMLSecurityManager$Processor done
Event: 36.253 Loading class jdk/xml/internal/XMLSecurityManager$NameMap
Event: 36.253 Loading class jdk/xml/internal/XMLSecurityManager$NameMap done
Event: 36.254 Loading class jdk/xml/internal/JdkProperty
Event: 36.254 Loading class jdk/xml/internal/JdkProperty done
Event: 36.342 Loading class java/beans/Transient
Event: 36.349 Loading class java/beans/Transient done
Event: 36.350 Loading class java/beans/ConstructorProperties
Event: 36.350 Loading class java/beans/ConstructorProperties done
Event: 36.396 Loading class java/io/CharArrayReader
Event: 36.397 Loading class java/io/CharArrayReader done

Classes unloaded (20 events):
Event: 16.687 Thread 0x000001801c14b7b0 Unloading class 0x000001801e3327d0 'lombok/javac/apt/MessagerDiagnosticsReceiver'
Event: 16.687 Thread 0x000001801c14b7b0 Unloading class 0x000001801e332410 'lombok/javac/apt/InterceptingJavaFileManager'
Event: 16.687 Thread 0x000001801c14b7b0 Unloading class 0x000001801e332210 'lombok/permit/dummy/Parent'
Event: 16.687 Thread 0x000001801c14b7b0 Unloading class 0x000001801e332000 'lombok/core/CleanupRegistry'
Event: 16.687 Thread 0x000001801c14b7b0 Unloading class 0x000001801e331db8 'lombok/permit/Permit$Fake'
Event: 16.687 Thread 0x000001801c14b7b0 Unloading class 0x000001801e331bc0 'lombok/permit/Permit'
Event: 16.687 Thread 0x000001801c14b7b0 Unloading class 0x000001801e3318d8 'lombok/javac/apt/LombokProcessor$1'
Event: 16.687 Thread 0x000001801c14b7b0 Unloading class 0x000001801e3316e8 'lombok/core/DiagnosticsReceiver'
Event: 16.687 Thread 0x000001801c14b7b0 Unloading class 0x000001801e331458 'lombok/javac/apt/LombokProcessor'
Event: 16.687 Thread 0x000001801c14b7b0 Unloading class 0x000001801e331230 'lombok/core/AnnotationProcessor$EcjDescriptor'
Event: 16.687 Thread 0x000001801c14b7b0 Unloading class 0x000001801e331000 'lombok/core/AnnotationProcessor$JavacDescriptor'
Event: 16.687 Thread 0x000001801c14b7b0 Unloading class 0x000001801e330a78 'lombok/core/AnnotationProcessor$ProcessorDescriptor'
Event: 16.687 Thread 0x000001801c14b7b0 Unloading class 0x000001801e330800 'lombok/core/AnnotationProcessor'
Event: 16.687 Thread 0x000001801c14b7b0 Unloading class 0x000001801e389c00 'lombok/launch/AnnotationProcessorHider$ClaimingProcessor'
Event: 16.687 Thread 0x000001801c14b7b0 Unloading class 0x000001801e330488 'lombok/launch/AnnotationProcessorHider$AstModificationNotifierData'
Event: 16.687 Thread 0x000001801c14b7b0 Unloading class 0x000001801e330210 'lombok/launch/ClassFileMetaData'
Event: 16.687 Thread 0x000001801c14b7b0 Unloading class 0x000001801e330000 'lombok/launch/PackageShader'
Event: 16.687 Thread 0x000001801c14b7b0 Unloading class 0x000001801e304470 'lombok/launch/ShadowClassLoader'
Event: 16.687 Thread 0x000001801c14b7b0 Unloading class 0x000001801e304278 'lombok/launch/Main'
Event: 16.687 Thread 0x000001801c14b7b0 Unloading class 0x000001801e304000 'lombok/launch/AnnotationProcessorHider$AnnotationProcessor'

Classes redefined (0 events):
No events

Internal exceptions (20 events):
Event: 34.461 Thread 0x000001807d660bd0 Exception <a 'java/lang/ClassNotFoundException'{0x000000008ba7a360}: javax/smartcardio/CardPermission> (0x000000008ba7a360) 
thrown [s\open\src\hotspot\share\classfile\systemDictionary.cpp, line 312]
Event: 34.477 Thread 0x000001807d660bd0 Exception <a 'java/io/FileNotFoundException'{0x000000008ba895f0}> (0x000000008ba895f0) 
thrown [s\open\src\hotspot\share\prims\jni.cpp, line 520]
Event: 34.491 Thread 0x000001807d660bd0 Exception <a 'java/lang/NoSuchMethodError'{0x000000008b912598}: 'java.lang.Object java.lang.invoke.Invokers$Holder.linkToTargetMethod(java.lang.Object, long, java.lang.Object, java.lang.Object)'> (0x000000008b912598) 
thrown [s\open\src\hotspot\share\interpreter\linkResolver.cpp, line 773]
Event: 34.733 Thread 0x000001807d660bd0 Exception <a 'java/lang/IncompatibleClassChangeError'{0x000000008ab942f8}: Found class java.lang.Object, but interface was expected> (0x000000008ab942f8) 
thrown [s\open\src\hotspot\share\interpreter\linkResolver.cpp, line 840]
Event: 35.055 Thread 0x000001807d660bd0 Exception <a 'java/lang/NoSuchMethodError'{0x00000000ff2217d8}: 'java.lang.Object java.lang.invoke.DirectMethodHandle$Holder.invokeInterface(java.lang.Object, java.lang.Object, java.lang.Object, java.lang.Object)'> (0x00000000ff2217d8) 
thrown [s\open\src\hotspot\share\interpreter\linkResolver.cpp, line 773]
Event: 35.061 Thread 0x000001807d660bd0 Exception <a 'java/lang/NoSuchMethodError'{0x00000000ff274ea8}: 'java.lang.Object java.lang.invoke.DirectMethodHandle$Holder.invokeInterface(java.lang.Object, java.lang.Object, java.lang.Object, java.lang.Object, java.lang.Object)'> (0x00000000ff274ea8) 
thrown [s\open\src\hotspot\share\interpreter\linkResolver.cpp, line 773]
Event: 35.062 Thread 0x000001807d660bd0 Exception <a 'java/lang/IncompatibleClassChangeError'{0x00000000ff2789a8}: Found class java.lang.Object, but interface was expected> (0x00000000ff2789a8) 
thrown [s\open\src\hotspot\share\interpreter\linkResolver.cpp, line 840]
Event: 35.204 Thread 0x000001807d660bd0 Exception <a 'java/lang/IncompatibleClassChangeError'{0x00000000fed69578}: Found class java.lang.Object, but interface was expected> (0x00000000fed69578) 
thrown [s\open\src\hotspot\share\interpreter\linkResolver.cpp, line 840]
Event: 35.225 Thread 0x000001807d660bd0 Exception <a 'sun/nio/fs/WindowsException'{0x00000000fedbc2f8}> (0x00000000fedbc2f8) 
thrown [s\open\src\hotspot\share\prims\jni.cpp, line 520]
Event: 35.279 Thread 0x000001807d660bd0 Exception <a 'java/lang/NoSuchMethodError'{0x000000008dcfdbb8}: 'java.lang.Object java.lang.invoke.DirectMethodHandle$Holder.newInvokeSpecial(java.lang.Object, java.lang.Object, java.lang.Object, java.lang.Object, java.lang.Object, java.lang.Object, int)'> (0x000000008dcfdbb8) 
thrown [s\open\src\hotspot\share\interpreter\linkResolver.cpp, line 773]
Event: 35.279 Thread 0x000001807d660bd0 Exception <a 'java/lang/NoSuchMethodError'{0x000000008db02a28}: 'java.lang.Object java.lang.invoke.DirectMethodHandle$Holder.invokeSpecial(java.lang.Object, java.lang.Object, java.lang.Object, java.lang.Object, java.lang.Object, java.lang.Object, java.lang.Object, int)'> (0x000000008db02a28) 
thrown [s\open\src\hotspot\share\interpreter\linkResolver.cpp, line 773]
Event: 35.499 Thread 0x000001807d660bd0 Exception <a 'java/lang/NoSuchMethodError'{0x000000008d50a350}: 'java.lang.Object java.lang.invoke.DirectMethodHandle$Holder.newInvokeSpecial(java.lang.Object, java.lang.Object, java.lang.Object, int, java.lang.Object)'> (0x000000008d50a350) 
thrown [s\open\src\hotspot\share\interpreter\linkResolver.cpp, line 773]
Event: 35.499 Thread 0x000001807d660bd0 Exception <a 'java/lang/NoSuchMethodError'{0x000000008d511c28}: 'java.lang.Object java.lang.invoke.Invokers$Holder.linkToTargetMethod(java.lang.Object, java.lang.Object, int, java.lang.Object, java.lang.Object)'> (0x000000008d511c28) 
thrown [s\open\src\hotspot\share\interpreter\linkResolver.cpp, line 773]
Event: 35.688 Thread 0x000001807d660bd0 Exception <a 'java/lang/NoSuchMethodError'{0x000000008d0e6fa0}: 'java.lang.reflect.Field[] java.lang.Class.getDeclaredFields(java.lang.Class)'> (0x000000008d0e6fa0) 
thrown [s\open\src\hotspot\share\interpreter\linkResolver.cpp, line 773]
Event: 35.706 Thread 0x000001807d660bd0 Exception <a 'java/lang/IncompatibleClassChangeError'{0x000000008cb12ad8}: Found class java.lang.Object, but interface was expected> (0x000000008cb12ad8) 
thrown [s\open\src\hotspot\share\interpreter\linkResolver.cpp, line 840]
Event: 35.720 Thread 0x000001807d660bd0 Exception <a 'java/lang/NoSuchMethodError'{0x000000008cb3b460}: 'java.lang.Object java.lang.invoke.DirectMethodHandle$Holder.invokeStaticInit(java.lang.Object, int, java.lang.Object)'> (0x000000008cb3b460) 
thrown [s\open\src\hotspot\share\interpreter\linkResolver.cpp, line 773]
Event: 36.036 Thread 0x0000018064080d50 Implicit null exception at 0x00000180107ec855 to 0x00000180107ec8ea
Event: 36.576 Thread 0x0000018064080d50 Exception <a 'java/lang/NoSuchMethodError'{0x00000000ff509cf8}: 'long java.lang.invoke.DirectMethodHandle$Holder.invokeStatic(java.lang.Object, java.lang.Object)'> (0x00000000ff509cf8) 
thrown [s\open\src\hotspot\share\interpreter\linkResolver.cpp, line 773]
Event: 36.576 Thread 0x0000018064080d50 Exception <a 'java/lang/NoSuchMethodError'{0x00000000ff50d070}: 'long java.lang.invoke.DirectMethodHandle$Holder.invokeStaticInit(java.lang.Object, java.lang.Object)'> (0x00000000ff50d070) 
thrown [s\open\src\hotspot\share\interpreter\linkResolver.cpp, line 773]
Event: 36.577 Thread 0x0000018064080d50 Exception <a 'java/lang/IncompatibleClassChangeError'{0x00000000ff518e58}: Found class java.lang.Object, but interface was expected> (0x00000000ff518e58) 
thrown [s\open\src\hotspot\share\interpreter\linkResolver.cpp, line 840]

ZGC Phase Switch (0 events):
No events

VM Operations (20 events):
Event: 35.374 Executing VM operation: HandshakeAllThreads (Deoptimize)
Event: 35.374 Executing VM operation: HandshakeAllThreads (Deoptimize) done
Event: 35.478 Executing VM operation: HandshakeAllThreads (Deoptimize)
Event: 35.478 Executing VM operation: HandshakeAllThreads (Deoptimize) done
Event: 35.540 Executing VM operation: HandshakeAllThreads (Deoptimize)
Event: 35.540 Executing VM operation: HandshakeAllThreads (Deoptimize) done
Event: 35.696 Executing VM operation: ICBufferFull
Event: 35.696 Executing VM operation: ICBufferFull done
Event: 35.785 Executing VM operation: HandshakeAllThreads (Deoptimize)
Event: 35.785 Executing VM operation: HandshakeAllThreads (Deoptimize) done
Event: 36.035 Executing VM operation: HandshakeAllThreads (Deoptimize)
Event: 36.035 Executing VM operation: HandshakeAllThreads (Deoptimize) done
Event: 36.097 Executing VM operation: HandshakeAllThreads (Deoptimize)
Event: 36.097 Executing VM operation: HandshakeAllThreads (Deoptimize) done
Event: 36.110 Executing VM operation: HandshakeAllThreads (Deoptimize)
Event: 36.110 Executing VM operation: HandshakeAllThreads (Deoptimize) done
Event: 36.129 Executing VM operation: HandshakeAllThreads (Deoptimize)
Event: 36.129 Executing VM operation: HandshakeAllThreads (Deoptimize) done
Event: 36.408 Executing VM operation: G1CollectForAllocation (G1 Evacuation Pause)
Event: 36.433 Executing VM operation: G1CollectForAllocation (G1 Evacuation Pause) done

Events (20 events):
Event: 32.737 Thread 0x000001801c14b7b0 flushing nmethod 0x000001800b677a90
Event: 32.737 Thread 0x000001801c14b7b0 flushing nmethod 0x000001800b67b290
Event: 32.737 Thread 0x000001801c14b7b0 flushing nmethod 0x000001800b67db90
Event: 32.737 Thread 0x000001801c14b7b0 flushing nmethod 0x000001800b6af190
Event: 32.737 Thread 0x000001801c14b7b0 flushing nmethod 0x000001800b6b1990
Event: 32.737 Thread 0x000001801c14b7b0 flushing nmethod 0x000001800b6f3e10
Event: 32.737 Thread 0x000001801c14b7b0 flushing nmethod 0x000001800b6f5d90
Event: 32.737 Thread 0x000001801c14b7b0 flushing nmethod 0x000001800b6f6910
Event: 32.737 Thread 0x000001801c14b7b0 flushing nmethod 0x000001800b6f7490
Event: 32.737 Thread 0x000001801c14b7b0 flushing nmethod 0x000001800b6f8010
Event: 32.737 Thread 0x000001801c14b7b0 flushing nmethod 0x000001800b6f9710
Event: 32.737 Thread 0x000001801c14b7b0 flushing nmethod 0x000001800b6fba10
Event: 32.737 Thread 0x000001801c14b7b0 flushing nmethod 0x000001800b6fdf90
Event: 32.737 Thread 0x000001801c14b7b0 flushing nmethod 0x000001800b736790
Event: 32.737 Thread 0x000001801c14b7b0 flushing nmethod 0x000001800b78b710
Event: 32.737 Thread 0x000001801c14b7b0 flushing nmethod 0x000001800b82e610
Event: 32.737 Thread 0x000001801c14b7b0 flushing nmethod 0x000001800b879290
Event: 33.746 Thread 0x000001806407f9a0 Thread added: 0x000001806407f9a0
Event: 33.771 Thread 0x000001806407f9a0 Thread exited: 0x000001806407f9a0
Event: 35.623 Thread 0x0000018064080d50 Thread added: 0x0000018064080d50


Dynamic libraries:
0x00007ff75e160000 - 0x00007ff75e170000 	D:\mailon\Java\jdk-21.0.10\bin\java.exe
0x00007ffe20340000 - 0x00007ffe205a7000 	C:\WINDOWS\SYSTEM32\ntdll.dll
0x00007ffe1f710000 - 0x00007ffe1f7d9000 	C:\WINDOWS\System32\KERNEL32.DLL
0x00007ffe1ce40000 - 0x00007ffe1d234000 	C:\WINDOWS\System32\KERNELBASE.dll
0x00007ffe1df80000 - 0x00007ffe1e0cb000 	C:\WINDOWS\System32\ucrtbase.dll
0x00007ffe175d0000 - 0x00007ffe175e9000 	D:\mailon\Java\jdk-21.0.10\bin\jli.dll
0x00007ffe175b0000 - 0x00007ffe175ce000 	D:\mailon\Java\jdk-21.0.10\bin\VCRUNTIME140.dll
0x00007ffe20240000 - 0x00007ffe202f6000 	C:\WINDOWS\System32\ADVAPI32.dll
0x00007ffe1f540000 - 0x00007ffe1f5e9000 	C:\WINDOWS\System32\msvcrt.dll
0x00007ffe1f7e0000 - 0x00007ffe1f887000 	C:\WINDOWS\System32\sechost.dll
0x00007ffe1f5f0000 - 0x00007ffe1f708000 	C:\WINDOWS\System32\RPCRT4.dll
0x00007ffe1ee10000 - 0x00007ffe1efd5000 	C:\WINDOWS\System32\USER32.dll
0x00007ffe1ce10000 - 0x00007ffe1ce37000 	C:\WINDOWS\System32\win32u.dll
0x00007ffe1f890000 - 0x00007ffe1f8bb000 	C:\WINDOWS\System32\GDI32.dll
0x00007ffe0c8f0000 - 0x00007ffe0cb83000 	C:\WINDOWS\WinSxS\amd64_microsoft.windows.common-controls_6595b64144ccf1df_6.0.26100.8115_none_3e075c82e3354f9c\COMCTL32.dll
0x00007ffe1dab0000 - 0x00007ffe1dbdb000 	C:\WINDOWS\System32\gdi32full.dll
0x00007ffe1ded0000 - 0x00007ffe1df73000 	C:\WINDOWS\System32\msvcp_win.dll
0x00007ffe16170000 - 0x00007ffe1617b000 	C:\WINDOWS\SYSTEM32\VERSION.dll
0x00007ffe1e170000 - 0x00007ffe1e1a2000 	C:\WINDOWS\System32\IMM32.DLL
0x00007ffe17510000 - 0x00007ffe1751c000 	D:\mailon\Java\jdk-21.0.10\bin\vcruntime140_1.dll
0x00007ffe02390000 - 0x00007ffe0241d000 	D:\mailon\Java\jdk-21.0.10\bin\msvcp140.dll
0x00007ffd68fa0000 - 0x00007ffd69cc7000 	D:\mailon\Java\jdk-21.0.10\bin\server\jvm.dll
0x00007ffe201b0000 - 0x00007ffe20230000 	C:\WINDOWS\System32\WS2_32.dll
0x00007ffe1ca90000 - 0x00007ffe1caee000 	C:\WINDOWS\SYSTEM32\POWRPROF.dll
0x00007ffdfca90000 - 0x00007ffdfcac6000 	C:\WINDOWS\SYSTEM32\WINMM.dll
0x00007ffe1ca70000 - 0x00007ffe1ca84000 	C:\WINDOWS\SYSTEM32\UMPDC.dll
0x00007ffe1b970000 - 0x00007ffe1b98b000 	C:\WINDOWS\SYSTEM32\kernel.appcore.dll
0x00007ffe17500000 - 0x00007ffe1750a000 	D:\mailon\Java\jdk-21.0.10\bin\jimage.dll
0x00007ffe0d0b0000 - 0x00007ffe0d2f2000 	C:\WINDOWS\SYSTEM32\DBGHELP.DLL
0x00007ffe1e7e0000 - 0x00007ffe1eb62000 	C:\WINDOWS\System32\combase.dll
0x00007ffe1f0d0000 - 0x00007ffe1f1a8000 	C:\WINDOWS\System32\OLEAUT32.dll
0x00007ffe033e0000 - 0x00007ffe0341b000 	C:\WINDOWS\SYSTEM32\dbgcore.DLL
0x00007ffe1dd60000 - 0x00007ffe1de05000 	C:\WINDOWS\System32\bcryptPrimitives.dll
0x00007ffe10450000 - 0x00007ffe10471000 	D:\mailon\Java\jdk-21.0.10\bin\java.dll
0x00007ffe1fa40000 - 0x00007ffe201a7000 	C:\WINDOWS\System32\SHELL32.dll
0x00007ffe1cc10000 - 0x00007ffe1cd7a000 	C:\WINDOWS\System32\wintypes.dll
0x00007ffe1d240000 - 0x00007ffe1daa8000 	C:\WINDOWS\System32\windows.storage.dll
0x00007ffe1f220000 - 0x00007ffe1f318000 	C:\WINDOWS\System32\SHCORE.dll
0x00007ffe1f9d0000 - 0x00007ffe1fa36000 	C:\WINDOWS\System32\shlwapi.dll
0x00007ffe1cb30000 - 0x00007ffe1cb59000 	C:\WINDOWS\SYSTEM32\profapi.dll
0x00007ffe00160000 - 0x00007ffe00237000 	D:\mailon\Java\jdk-21.0.10\bin\jsvml.dll
0x00007ffe10380000 - 0x00007ffe10391000 	D:\mailon\Java\jdk-21.0.10\bin\net.dll
0x00007ffe15b50000 - 0x00007ffe15c7d000 	C:\WINDOWS\SYSTEM32\WINHTTP.dll
0x00007ffe1bed0000 - 0x00007ffe1bf3c000 	C:\WINDOWS\system32\mswsock.dll
0x00007ffe0e890000 - 0x00007ffe0e8a6000 	D:\mailon\Java\jdk-21.0.10\bin\nio.dll
0x00007ffe0e870000 - 0x00007ffe0e888000 	D:\mailon\Java\jdk-21.0.10\bin\zip.dll
0x00007ffe05cc0000 - 0x00007ffe05ce4000 	D:\mailon\Usuario\Desktop\apache-maven-3.9.14-bin (1)\apache-maven-3.9.14\lib\jansi-native\Windows\x86_64\jansi.dll
0x00007ffe17490000 - 0x00007ffe174a0000 	D:\mailon\Java\jdk-21.0.10\bin\verify.dll
0x00007ffe1ba90000 - 0x00007ffe1bac6000 	C:\WINDOWS\SYSTEM32\ntmarta.dll

dbghelp: loaded successfully - version: 4.0.5 - missing functions: none
symbol engine: initialized successfully - sym options: 0x614 - pdb path: .;D:\mailon\Java\jdk-21.0.10\bin;C:\WINDOWS\SYSTEM32;C:\WINDOWS\WinSxS\amd64_microsoft.windows.common-controls_6595b64144ccf1df_6.0.26100.8115_none_3e075c82e3354f9c;D:\mailon\Java\jdk-21.0.10\bin\server;D:\mailon\Usuario\Desktop\apache-maven-3.9.14-bin (1)\apache-maven-3.9.14\lib\jansi-native\Windows\x86_64

VM Arguments:
jvm_args: --add-opens=java.base/java.lang=ALL-UNNAMED --enable-native-access=ALL-UNNAMED -Dclassworlds.conf=D:/mailon/Usuario/Desktop/apache-maven-3.9.14-bin (1)/apache-maven-3.9.14/bin/m2.conf -Dmaven.home=D:/mailon/Usuario/Desktop/apache-maven-3.9.14-bin (1)/apache-maven-3.9.14 -Dlibrary.jansi.path=D:/mailon/Usuario/Desktop/apache-maven-3.9.14-bin (1)/apache-maven-3.9.14/lib/jansi-native -Dmaven.multiModuleProjectDirectory=D:/mailon/Usuario/Desktop/Smartwallet 
java_command: org.codehaus.plexus.classworlds.launcher.Launcher clean test
java_class_path (initial): D:/mailon/Usuario/Desktop/apache-maven-3.9.14-bin (1)/apache-maven-3.9.14/boot/plexus-classworlds-2.9.0.jar
Launcher Type: SUN_STANDARD

[Global flags]
     intx CICompilerCount                          = 4                                         {product} {ergonomic}
     uint ConcGCThreads                            = 2                                         {product} {ergonomic}
     uint G1ConcRefinementThreads                  = 8                                         {product} {ergonomic}
   size_t G1HeapRegionSize                         = 1048576                                   {product} {ergonomic}
    uintx GCDrainStackTargetSize                   = 64                                        {product} {ergonomic}
   size_t InitialHeapSize                          = 132120576                                 {product} {ergonomic}
   size_t MarkStackSize                            = 4194304                                   {product} {ergonomic}
   size_t MaxHeapSize                              = 2109734912                                {product} {ergonomic}
   size_t MaxNewSize                               = 1265631232                                {product} {ergonomic}
   size_t MinHeapDeltaBytes                        = 1048576                                   {product} {ergonomic}
   size_t MinHeapSize                              = 8388608                                   {product} {ergonomic}
    uintx NonNMethodCodeHeapSize                   = 5839372                                {pd product} {ergonomic}
    uintx NonProfiledCodeHeapSize                  = 122909434                              {pd product} {ergonomic}
    uintx ProfiledCodeHeapSize                     = 122909434                              {pd product} {ergonomic}
    uintx ReservedCodeCacheSize                    = 251658240                              {pd product} {ergonomic}
     bool SegmentedCodeCache                       = true                                      {product} {ergonomic}
   size_t SoftMaxHeapSize                          = 2109734912                             {manageable} {ergonomic}
     bool UseCompressedOops                        = true                           {product lp64_product} {ergonomic}
     bool UseG1GC                                  = true                                      {product} {ergonomic}
     bool UseLargePagesIndividualAllocation        = false                                  {pd product} {ergonomic}

Logging:
Log output configuration:
 #0: stdout all=warning uptime,level,tags foldmultilines=false
 #1: stderr all=off uptime,level,tags foldmultilines=false

Environment Variables:
JAVA_HOME=D:/mailon/Java/jdk-21.0.10
PATH=D:\Program Files\Git\mingw64\bin;D:\Program Files\Git\usr\bin;C:\Users\Usuario\bin;C:\Program Files\Common Files\Oracle\Java\javapath;C:\WINDOWS\system32;C:\WINDOWS;C:\WINDOWS\System32\Wbem;C:\WINDOWS\System32\WindowsPowerShell\v1.0;C:\WINDOWS\System32\OpenSSH;D:\Program Files\nodejs;D:\mailon\Usuario\Desktop\apache-maven-3.9.14-bin (1)\apache-maven-3.9.14\bin;D:\Program Files\Git\cmd;C:\Users\Usuario\AppData\Local\Programs\Trae\bin;D:\mailon\Usuario\Downloads\ffmpeg-8.0.1-essentials_build\ffmpeg-8.0.1-essentials_build\bin;D:\mailon\Usuario\Desktop\apache-maven-3.9.14-bin (1)\apache-maven-3.9.14\bin;C:\Users\Usuario\AppData\Roaming\npm
USERNAME=Usuario
TERM=xterm-256color
OS=Windows_NT
PROCESSOR_IDENTIFIER=Intel64 Family 6 Model 142 Stepping 12, GenuineIntel
TMP=C:\Users\Usuario\AppData\Local\Temp
TEMP=C:\Users\Usuario\AppData\Local\Temp




Periodic native trim disabled

---------------  S Y S T E M  ---------------

OS:
 Windows 11 , 64 bit Build 26100 (10.0.26100.8246)
OS uptime: 4 days 19:21 hours
Hyper-V role detected

CPU: total 8 (initial active 8) (4 cores per cpu, 2 threads per core) family 6 model 142 stepping 12 microcode 0xde, cx8, cmov, fxsr, ht, mmx, 3dnowpref, sse, sse2, sse3, ssse3, sse4.1, sse4.2, popcnt, lzcnt, tsc, tscinvbit, avx, avx2, aes, erms, clmul, bmi1, bmi2, adx, fma, vzeroupper, clflush, clflushopt, hv, rdtscp, f16c
Processor Information for all 8 processors :
  Max Mhz: 1800, Current Mhz: 1600, Mhz Limit: 1584

Memory: 4k page, system-wide physical 8040M (361M free)
TotalPageFile size 32616M (AvailPageFile size 7M)
current process WorkingSet (physical memory assigned to process): 556M, peak: 557M
current process commit charge ("private bytes"): 587M, peak: 587M

vm_info: Java HotSpot(TM) 64-Bit Server VM (21.0.10+8-LTS-217) for windows-amd64 JRE (21.0.10+8-LTS-217), built on 2025-12-18T14:59:28Z by "mach5run" with MS VC++ 17.13 (VS2022)

END.
