#
# There is insufficient memory for the Java Runtime Environment to continue.
# Native memory allocation (mmap) failed to map 15728640 bytes for G1 virtual space
# Possible reasons:
#   The system is out of physical RAM or swap space
#   The process is running with CompressedOops enabled, and the Java Heap may be blocking the growth of the native heap
# Possible solutions:
#   Reduce memory load on the system
#   Increase physical memory or swap space
#   Check if swap backing store is full
#   Decrease Java heap size (-Xmx/-Xms)
#   Decrease number of Java threads
#   Decrease Java thread stack sizes (-Xss)
#   Set larger code cache with -XX:ReservedCodeCacheSize=
#   JVM is running with Unscaled Compressed Oops mode in which the Java heap is
#     placed in the first 4GB address space. The Java Heap base address is the
#     maximum limit for the native heap growth. Please use -XX:HeapBaseMinAddress
#     to set the Java Heap base and to place the Java Heap above 4GB virtual address.
# This output file may be truncated or incomplete.
#
#  Out of Memory Error (os_windows.cpp:3604), pid=8944, tid=30216
#
# JRE version: Java(TM) SE Runtime Environment (21.0.10+8) (build 21.0.10+8-LTS-217)
# Java VM: Java HotSpot(TM) 64-Bit Server VM (21.0.10+8-LTS-217, mixed mode, sharing, tiered, compressed oops, compressed class ptrs, g1 gc, windows-amd64)
# No core dump will be written. Minidumps are not enabled by default on client versions of Windows
#

---------------  S U M M A R Y ------------

Command Line: C:\Users\Usuario\AppData\Local\Temp\surefire11267172793039588696\surefirebooter-20260423045356109_3.jar C:\Users\Usuario\AppData\Local\Temp\surefire11267172793039588696 2026-04-23T04-53-55_837-jvmRun1 surefire-20260423045356109_1tmp surefire_0-20260423045356109_2tmp

Host: Intel(R) Core(TM) i5-8265U CPU @ 1.60GHz, 8 cores, 7G,  Windows 11 , 64 bit Build 26100 (10.0.26100.8246)
Time: Thu Apr 23 04:54:08 2026 Hora oficial do Brasil elapsed time: 11.675297 seconds (0d 0h 0m 11s)

---------------  T H R E A D  ---------------

Current thread (0x0000022ceb6d31f0):  VMThread "VM Thread"          [id=30216, stack(0x000000d637f00000,0x000000d638000000) (1024K)]

Stack: [0x000000d637f00000,0x000000d638000000]
Native frames: (J=compiled Java code, j=interpreted, Vv=VM code, C=native code)
V  [jvm.dll+0x6d0b59]
V  [jvm.dll+0x85fd56]
V  [jvm.dll+0x86224e]
V  [jvm.dll+0x862923]
V  [jvm.dll+0x282a16]
V  [jvm.dll+0x6cd405]
V  [jvm.dll+0x6c1f8a]
V  [jvm.dll+0x35bcc8]
V  [jvm.dll+0x363986]
V  [jvm.dll+0x3b4a3e]
V  [jvm.dll+0x3b4ce8]
V  [jvm.dll+0x32f98c]
V  [jvm.dll+0x32fa17]
V  [jvm.dll+0x373c9c]
V  [jvm.dll+0x372441]
V  [jvm.dll+0x32f0d1]
V  [jvm.dll+0x371aaa]
V  [jvm.dll+0x86861f]
V  [jvm.dll+0x8699ac]
V  [jvm.dll+0x869ee1]
V  [jvm.dll+0x86a183]
V  [jvm.dll+0x80a83d]
V  [jvm.dll+0x6cf3fd]
C  [ucrtbase.dll+0x37b0]
C  [KERNEL32.DLL+0x2e8d7]
C  [ntdll.dll+0x8c3fc]

VM_Operation (0x000000d6378fa500): G1CollectForAllocation, mode: safepoint, requested by thread 0x0000022cceda9680


---------------  P R O C E S S  ---------------

Threads class SMR info:
_java_thread_list=0x0000022cf4553c40, length=16, elements={
0x0000022cceda9680, 0x0000022ceb6f2b40, 0x0000022ceb6f55b0, 0x0000022ceb703fc0,
0x0000022ceb7072a0, 0x0000022ceb707e30, 0x0000022ceb708af0, 0x0000022ceb709d10,
0x0000022ceb7127c0, 0x0000022ceb9cc160, 0x0000022ceb9b8970, 0x0000022cf015cea0,
0x0000022cf01e8c00, 0x0000022cf3657e80, 0x0000022cf3659230, 0x0000022cf1e9ed00
}

Java Threads: ( => current thread )
  0x0000022cceda9680 JavaThread "main"                              [_thread_blocked, id=25264, stack(0x000000d637800000,0x000000d637900000) (1024K)]
  0x0000022ceb6f2b40 JavaThread "Reference Handler"          daemon [_thread_blocked, id=21632, stack(0x000000d638000000,0x000000d638100000) (1024K)]
  0x0000022ceb6f55b0 JavaThread "Finalizer"                  daemon [_thread_blocked, id=26384, stack(0x000000d638100000,0x000000d638200000) (1024K)]
  0x0000022ceb703fc0 JavaThread "Signal Dispatcher"          daemon [_thread_blocked, id=23404, stack(0x000000d638200000,0x000000d638300000) (1024K)]
  0x0000022ceb7072a0 JavaThread "Attach Listener"            daemon [_thread_blocked, id=7436, stack(0x000000d638300000,0x000000d638400000) (1024K)]
  0x0000022ceb707e30 JavaThread "Service Thread"             daemon [_thread_blocked, id=25724, stack(0x000000d638400000,0x000000d638500000) (1024K)]
  0x0000022ceb708af0 JavaThread "Monitor Deflation Thread"   daemon [_thread_blocked, id=30404, stack(0x000000d638500000,0x000000d638600000) (1024K)]
  0x0000022ceb709d10 JavaThread "C2 CompilerThread0"         daemon [_thread_blocked, id=11552, stack(0x000000d638600000,0x000000d638700000) (1024K)]
  0x0000022ceb7127c0 JavaThread "C1 CompilerThread0"         daemon [_thread_blocked, id=25848, stack(0x000000d638700000,0x000000d638800000) (1024K)]
  0x0000022ceb9cc160 JavaThread "Notification Thread"        daemon [_thread_blocked, id=4652, stack(0x000000d638800000,0x000000d638900000) (1024K)]
  0x0000022ceb9b8970 JavaThread "Common-Cleaner"             daemon [_thread_blocked, id=28048, stack(0x000000d638900000,0x000000d638a00000) (1024K)]
  0x0000022cf015cea0 JavaThread "surefire-forkedjvm-stream-flusher" daemon [_thread_blocked, id=24632, stack(0x000000d638b00000,0x000000d638c00000) (1024K)]
  0x0000022cf01e8c00 JavaThread "surefire-forkedjvm-command-thread" daemon [_thread_in_native, id=18900, stack(0x000000d638c00000,0x000000d638d00000) (1024K)]
  0x0000022cf3657e80 JavaThread "HikariPool-1 housekeeper"   daemon [_thread_blocked, id=23280, stack(0x000000d639400000,0x000000d639500000) (1024K)]
  0x0000022cf3659230 JavaThread "HikariPool-1 connection adder" daemon [_thread_blocked, id=28660, stack(0x000000d638a00000,0x000000d638b00000) (1024K)]
  0x0000022cf1e9ed00 JavaThread "C2 CompilerThread1"         daemon [_thread_blocked, id=25484, stack(0x000000d639600000,0x000000d639700000) (1024K)]
Total: 16

Other Threads:
=>0x0000022ceb6d31f0 VMThread "VM Thread"                           [id=30216, stack(0x000000d637f00000,0x000000d638000000) (1024K)]
  0x0000022ceb6bf2b0 WatcherThread "VM Periodic Task Thread"        [id=836, stack(0x000000d637e00000,0x000000d637f00000) (1024K)]
  0x0000022ccedfb440 WorkerThread "GC Thread#0"                     [id=8248, stack(0x000000d637900000,0x000000d637a00000) (1024K)]
  0x0000022ceb6d2e40 WorkerThread "GC Thread#1"                     [id=23484, stack(0x000000d638d00000,0x000000d638e00000) (1024K)]
  0x0000022ceb6d35a0 WorkerThread "GC Thread#2"                     [id=30520, stack(0x000000d638e00000,0x000000d638f00000) (1024K)]
  0x0000022ceb6d2330 WorkerThread "GC Thread#3"                     [id=16800, stack(0x000000d638f00000,0x000000d639000000) (1024K)]
  0x0000022ceb6d26e0 WorkerThread "GC Thread#4"                     [id=2704, stack(0x000000d639000000,0x000000d639100000) (1024K)]
  0x0000022ceb6d1bd0 WorkerThread "GC Thread#5"                     [id=28548, stack(0x000000d639100000,0x000000d639200000) (1024K)]
  0x0000022ceb6d1f80 WorkerThread "GC Thread#6"                     [id=5220, stack(0x000000d639200000,0x000000d639300000) (1024K)]
  0x0000022cf0fdcfe0 WorkerThread "GC Thread#7"                     [id=27620, stack(0x000000d639300000,0x000000d639400000) (1024K)]
  0x0000022ccee0bf40 ConcurrentGCThread "G1 Main Marker"            [id=28960, stack(0x000000d637a00000,0x000000d637b00000) (1024K)]
  0x0000022ccee0d7e0 WorkerThread "G1 Conc#0"                       [id=8828, stack(0x000000d637b00000,0x000000d637c00000) (1024K)]
  0x0000022cf0fdf110 WorkerThread "G1 Conc#1"                       [id=11616, stack(0x000000d639500000,0x000000d639600000) (1024K)]
  0x0000022ceb58e540 ConcurrentGCThread "G1 Refine#0"               [id=18428, stack(0x000000d637c00000,0x000000d637d00000) (1024K)]
  0x0000022ceb58fe80 ConcurrentGCThread "G1 Service"                [id=2804, stack(0x000000d637d00000,0x000000d637e00000) (1024K)]
Total: 15

Threads with active compile tasks:
C2 CompilerThread0    11779 7364       4       java.io.DataInputStream::readFully (59 bytes)
C1 CompilerThread0    11779 7487       2       java.util.regex.Pattern::newCharProperty (39 bytes)
C2 CompilerThread1    11779 7336       4       org.springframework.core.annotation.AnnotationsScanner::getDeclaredAnnotations (166 bytes)
Total: 3

VM state: at safepoint (normal execution)

VM Mutex/Monitor currently owned by a thread:  ([mutex/lock_event])
[0x00007ffd69be9f10] Threads_lock - owner thread: 0x0000022ceb6d31f0
[0x00007ffd69bea010] Heap_lock - owner thread: 0x0000022cceda9680

Heap address: 0x0000000082400000, size: 2012 MB, Compressed Oops mode: 32-bit

CDS archive(s) mapped at: [0x0000022c80000000-0x0000022c80c90000-0x0000022c80c90000), size 13172736, SharedBaseAddress: 0x0000022c80000000, ArchiveRelocationMode: 1.
Compressed class space mapped at: 0x0000022c81000000-0x0000022cc1000000, reserved size: 1073741824
Narrow klass base: 0x0000022c80000000, Narrow klass shift: 0, Narrow klass range: 0x100000000

GC Precious Log:
 CardTable entry size: 512
 Card Set container configuration: InlinePtr #cards 5 size 8 Array Of Cards #cards 12 size 40 Howl #buckets 4 coarsen threshold 1843 Howl Bitmap #cards 512 size 80 coarsen threshold 460 Card regions per heap region 1 cards per card region 2048
 CPUs: 8 total, 8 available
 Memory: 8040M
 Large Page Support: Disabled
 NUMA Support: Disabled
 Compressed Oops: Enabled (32-bit)
 Heap Region Size: 1M
 Heap Min Capacity: 8M
 Heap Initial Capacity: 126M
 Heap Max Capacity: 2012M
 Pre-touch: Disabled
 Parallel Workers: 8
 Concurrent Workers: 2
 Concurrent Refinement Workers: 8
 Periodic GC: Disabled

Heap:
 garbage-first heap   total 73728K, used 37487K [0x0000000082400000, 0x0000000100000000)
  region size 1024K, 3 young (3072K), 3 survivors (3072K)
 Metaspace       used 75010K, committed 75648K, reserved 1179648K
  class space    used 9895K, committed 10176K, reserved 1048576K

Heap Regions: E=young(eden), S=young(survivor), O=old, HS=humongous(starts), HC=humongous(continues), CS=collection set, F=free, TAMS=top-at-mark-start, PB=parsable bottom
|   0|0x0000000082400000, 0x0000000082500000, 0x0000000082500000|100%|HS|  |TAMS 0x0000000082500000| PB 0x0000000082400000| Complete 
|   1|0x0000000082500000, 0x0000000082600000, 0x0000000082600000|100%| O|  |TAMS 0x0000000082600000| PB 0x0000000082500000| Untracked 
|   2|0x0000000082600000, 0x0000000082700000, 0x0000000082700000|100%| O|  |TAMS 0x0000000082700000| PB 0x0000000082600000| Untracked 
|   3|0x0000000082700000, 0x0000000082800000, 0x0000000082800000|100%| O|  |TAMS 0x0000000082800000| PB 0x0000000082700000| Untracked 
|   4|0x0000000082800000, 0x0000000082900000, 0x0000000082900000|100%| O|  |TAMS 0x0000000082900000| PB 0x0000000082800000| Untracked 
|   5|0x0000000082900000, 0x0000000082a00000, 0x0000000082a00000|100%| O|  |TAMS 0x0000000082a00000| PB 0x0000000082900000| Untracked 
|   6|0x0000000082a00000, 0x0000000082b00000, 0x0000000082b00000|100%| O|  |TAMS 0x0000000082b00000| PB 0x0000000082a00000| Untracked 
|   7|0x0000000082b00000, 0x0000000082c00000, 0x0000000082c00000|100%| O|  |TAMS 0x0000000082c00000| PB 0x0000000082b00000| Untracked 
|   8|0x0000000082c00000, 0x0000000082d00000, 0x0000000082d00000|100%| O|  |TAMS 0x0000000082d00000| PB 0x0000000082c00000| Untracked 
|   9|0x0000000082d00000, 0x0000000082e00000, 0x0000000082e00000|100%| O|  |TAMS 0x0000000082e00000| PB 0x0000000082d00000| Untracked 
|  10|0x0000000082e00000, 0x0000000082f00000, 0x0000000082f00000|100%| O|  |TAMS 0x0000000082f00000| PB 0x0000000082e00000| Untracked 
|  11|0x0000000082f00000, 0x0000000083000000, 0x0000000083000000|100%| O|  |TAMS 0x0000000083000000| PB 0x0000000082f00000| Untracked 
|  12|0x0000000083000000, 0x0000000083100000, 0x0000000083100000|100%| O|  |TAMS 0x0000000083100000| PB 0x0000000083000000| Untracked 
|  13|0x0000000083100000, 0x0000000083200000, 0x0000000083200000|100%| O|  |TAMS 0x0000000083200000| PB 0x0000000083100000| Untracked 
|  14|0x0000000083200000, 0x0000000083300000, 0x0000000083300000|100%| O|  |TAMS 0x0000000083300000| PB 0x0000000083200000| Untracked 
|  15|0x0000000083300000, 0x0000000083400000, 0x0000000083400000|100%| O|  |TAMS 0x0000000083400000| PB 0x0000000083300000| Untracked 
|  16|0x0000000083400000, 0x0000000083500000, 0x0000000083500000|100%| O|  |TAMS 0x0000000083500000| PB 0x0000000083400000| Untracked 
|  17|0x0000000083500000, 0x0000000083600000, 0x0000000083600000|100%| O|  |TAMS 0x0000000083600000| PB 0x0000000083500000| Untracked 
|  18|0x0000000083600000, 0x0000000083700000, 0x0000000083700000|100%| O|  |TAMS 0x0000000083700000| PB 0x0000000083600000| Untracked 
|  19|0x0000000083700000, 0x0000000083800000, 0x0000000083800000|100%| O|  |TAMS 0x0000000083800000| PB 0x0000000083700000| Untracked 
|  20|0x0000000083800000, 0x0000000083900000, 0x0000000083900000|100%| O|  |TAMS 0x0000000083900000| PB 0x0000000083800000| Untracked 
|  21|0x0000000083900000, 0x0000000083a00000, 0x0000000083a00000|100%| O|  |TAMS 0x0000000083a00000| PB 0x0000000083900000| Untracked 
|  22|0x0000000083a00000, 0x0000000083b00000, 0x0000000083b00000|100%| O|  |TAMS 0x0000000083b00000| PB 0x0000000083a00000| Untracked 
|  23|0x0000000083b00000, 0x0000000083bd9310, 0x0000000083c00000| 84%| O|  |TAMS 0x0000000083b00000| PB 0x0000000083b00000| Untracked 
|  24|0x0000000083c00000, 0x0000000083d00000, 0x0000000083d00000|100%| O|  |TAMS 0x0000000083d00000| PB 0x0000000083c00000| Untracked 
|  25|0x0000000083d00000, 0x0000000083e00000, 0x0000000083e00000|100%| O|  |TAMS 0x0000000083e00000| PB 0x0000000083d00000| Untracked 
|  26|0x0000000083e00000, 0x0000000083f00000, 0x0000000083f00000|100%| O|  |TAMS 0x0000000083f00000| PB 0x0000000083e00000| Untracked 
|  27|0x0000000083f00000, 0x0000000084000000, 0x0000000084000000|100%| O|  |TAMS 0x0000000084000000| PB 0x0000000083f00000| Untracked 
|  28|0x0000000084000000, 0x0000000084100000, 0x0000000084100000|100%| O|  |TAMS 0x0000000084100000| PB 0x0000000084000000| Untracked 
|  29|0x0000000084100000, 0x0000000084200000, 0x0000000084200000|100%| O|  |TAMS 0x0000000084200000| PB 0x0000000084100000| Untracked 
|  30|0x0000000084200000, 0x0000000084300000, 0x0000000084300000|100%| O|  |TAMS 0x0000000084300000| PB 0x0000000084200000| Untracked 
|  31|0x0000000084300000, 0x0000000084400000, 0x0000000084400000|100%| O|  |TAMS 0x0000000084400000| PB 0x0000000084300000| Untracked 
|  32|0x0000000084400000, 0x0000000084500000, 0x0000000084500000|100%| O|  |TAMS 0x0000000084500000| PB 0x0000000084400000| Untracked 
|  33|0x0000000084500000, 0x0000000084600000, 0x0000000084600000|100%| O|  |TAMS 0x0000000084528920| PB 0x0000000084500000| Untracked 
|  34|0x0000000084600000, 0x0000000084600000, 0x0000000084700000|  0%| F|  |TAMS 0x0000000084600000| PB 0x0000000084600000| Untracked 
|  35|0x0000000084700000, 0x0000000084700000, 0x0000000084800000|  0%| F|  |TAMS 0x0000000084700000| PB 0x0000000084700000| Untracked 
|  36|0x0000000084800000, 0x0000000084800000, 0x0000000084900000|  0%| F|  |TAMS 0x0000000084800000| PB 0x0000000084800000| Untracked 
|  37|0x0000000084900000, 0x0000000084900000, 0x0000000084a00000|  0%| F|  |TAMS 0x0000000084900000| PB 0x0000000084900000| Untracked 
|  38|0x0000000084a00000, 0x0000000084ac2c10, 0x0000000084b00000| 76%| S|CS|TAMS 0x0000000084a00000| PB 0x0000000084a00000| Complete 
|  39|0x0000000084b00000, 0x0000000084c00000, 0x0000000084c00000|100%| S|CS|TAMS 0x0000000084b00000| PB 0x0000000084b00000| Complete 
|  40|0x0000000084c00000, 0x0000000084d00000, 0x0000000084d00000|100%| S|CS|TAMS 0x0000000084c00000| PB 0x0000000084c00000| Complete 
|  41|0x0000000084d00000, 0x0000000084d00000, 0x0000000084e00000|  0%| F|  |TAMS 0x0000000084d00000| PB 0x0000000084d00000| Untracked 
|  42|0x0000000084e00000, 0x0000000084e00000, 0x0000000084f00000|  0%| F|  |TAMS 0x0000000084e00000| PB 0x0000000084e00000| Untracked 
|  43|0x0000000084f00000, 0x0000000084f00000, 0x0000000085000000|  0%| F|  |TAMS 0x0000000084f00000| PB 0x0000000084f00000| Untracked 
|  44|0x0000000085000000, 0x0000000085000000, 0x0000000085100000|  0%| F|  |TAMS 0x0000000085000000| PB 0x0000000085000000| Untracked 
|  45|0x0000000085100000, 0x0000000085100000, 0x0000000085200000|  0%| F|  |TAMS 0x0000000085100000| PB 0x0000000085100000| Untracked 
|  46|0x0000000085200000, 0x0000000085200000, 0x0000000085300000|  0%| F|  |TAMS 0x0000000085200000| PB 0x0000000085200000| Untracked 
|  47|0x0000000085300000, 0x0000000085300000, 0x0000000085400000|  0%| F|  |TAMS 0x0000000085300000| PB 0x0000000085300000| Untracked 
|  48|0x0000000085400000, 0x0000000085400000, 0x0000000085500000|  0%| F|  |TAMS 0x0000000085400000| PB 0x0000000085400000| Untracked 
|  49|0x0000000085500000, 0x0000000085500000, 0x0000000085600000|  0%| F|  |TAMS 0x0000000085500000| PB 0x0000000085500000| Untracked 
|  50|0x0000000085600000, 0x0000000085600000, 0x0000000085700000|  0%| F|  |TAMS 0x0000000085600000| PB 0x0000000085600000| Untracked 
|  51|0x0000000085700000, 0x0000000085700000, 0x0000000085800000|  0%| F|  |TAMS 0x0000000085700000| PB 0x0000000085700000| Untracked 
|  52|0x0000000085800000, 0x0000000085800000, 0x0000000085900000|  0%| F|  |TAMS 0x0000000085800000| PB 0x0000000085800000| Untracked 
|  53|0x0000000085900000, 0x0000000085900000, 0x0000000085a00000|  0%| F|  |TAMS 0x0000000085900000| PB 0x0000000085900000| Untracked 
|  54|0x0000000085a00000, 0x0000000085a00000, 0x0000000085b00000|  0%| F|  |TAMS 0x0000000085a00000| PB 0x0000000085a00000| Untracked 
|  55|0x0000000085b00000, 0x0000000085b00000, 0x0000000085c00000|  0%| F|  |TAMS 0x0000000085b00000| PB 0x0000000085b00000| Untracked 
|  56|0x0000000085c00000, 0x0000000085c00000, 0x0000000085d00000|  0%| F|  |TAMS 0x0000000085c00000| PB 0x0000000085c00000| Untracked 
|  57|0x0000000085d00000, 0x0000000085d00000, 0x0000000085e00000|  0%| F|  |TAMS 0x0000000085d00000| PB 0x0000000085d00000| Untracked 
|  58|0x0000000085e00000, 0x0000000085e00000, 0x0000000085f00000|  0%| F|  |TAMS 0x0000000085e00000| PB 0x0000000085e00000| Untracked 
|  59|0x0000000085f00000, 0x0000000085f00000, 0x0000000086000000|  0%| F|  |TAMS 0x0000000085f00000| PB 0x0000000085f00000| Untracked 
|  60|0x0000000086000000, 0x0000000086000000, 0x0000000086100000|  0%| F|  |TAMS 0x0000000086000000| PB 0x0000000086000000| Untracked 
|  61|0x0000000086100000, 0x0000000086100000, 0x0000000086200000|  0%| F|  |TAMS 0x0000000086100000| PB 0x0000000086100000| Untracked 
|  62|0x0000000086200000, 0x0000000086200000, 0x0000000086300000|  0%| F|  |TAMS 0x0000000086200000| PB 0x0000000086200000| Untracked 
|  63|0x0000000086300000, 0x0000000086300000, 0x0000000086400000|  0%| F|  |TAMS 0x0000000086300000| PB 0x0000000086300000| Untracked 
|  64|0x0000000086400000, 0x0000000086400000, 0x0000000086500000|  0%| F|  |TAMS 0x0000000086400000| PB 0x0000000086400000| Untracked 
| 113|0x0000000089500000, 0x0000000089500000, 0x0000000089600000|  0%| F|  |TAMS 0x0000000089500000| PB 0x0000000089500000| Untracked 
| 114|0x0000000089600000, 0x0000000089600000, 0x0000000089700000|  0%| F|  |TAMS 0x0000000089600000| PB 0x0000000089600000| Untracked 
| 115|0x0000000089700000, 0x0000000089700000, 0x0000000089800000|  0%| F|  |TAMS 0x0000000089700000| PB 0x0000000089700000| Untracked 
| 116|0x0000000089800000, 0x0000000089800000, 0x0000000089900000|  0%| F|  |TAMS 0x0000000089800000| PB 0x0000000089800000| Untracked 
| 117|0x0000000089900000, 0x0000000089900000, 0x0000000089a00000|  0%| F|  |TAMS 0x0000000089900000| PB 0x0000000089900000| Untracked 
| 118|0x0000000089a00000, 0x0000000089a00000, 0x0000000089b00000|  0%| F|  |TAMS 0x0000000089a00000| PB 0x0000000089a00000| Untracked 
| 125|0x000000008a100000, 0x000000008a100000, 0x000000008a200000|  0%| F|  |TAMS 0x000000008a100000| PB 0x000000008a100000| Untracked 

Card table byte_map: [0x0000022ce6970000,0x0000022ce6d60000] _byte_map_base: 0x0000022ce655e000

Marking Bits: (CMBitMap*) 0x0000022ccedfba60
 Bits: [0x0000022ce6d60000, 0x0000022ce8cd0000)

Polling page: 0x0000022cccf70000

Metaspace:

Usage:
  Non-class:     63.59 MB used.
      Class:      9.66 MB used.
       Both:     73.25 MB used.

Virtual space:
  Non-class space:      128.00 MB reserved,      63.94 MB ( 50%) committed,  2 nodes.
      Class space:        1.00 GB reserved,       9.94 MB ( <1%) committed,  1 nodes.
             Both:        1.12 GB reserved,      73.88 MB (  6%) committed. 

Chunk freelists:
   Non-Class:  15.70 MB
       Class:  6.06 MB
        Both:  21.77 MB

MaxMetaspaceSize: unlimited
CompressedClassSpaceSize: 1.00 GB
Initial GC threshold: 21.00 MB
Current GC threshold: 99.50 MB
CDS: on
 - commit_granule_bytes: 65536.
 - commit_granule_words: 8192.
 - virtual_space_node_default_size: 8388608.
 - enlarge_chunks_in_place: 1.
 - use_allocation_guard: 0.


Internal statistics:

num_allocs_failed_limit: 9.
num_arena_births: 854.
num_arena_deaths: 0.
num_vsnodes_births: 3.
num_vsnodes_deaths: 0.
num_space_committed: 1182.
num_space_uncommitted: 0.
num_chunks_returned_to_freelist: 9.
num_chunks_taken_from_freelist: 3642.
num_chunk_merges: 9.
num_chunk_splits: 2665.
num_chunks_enlarged: 2110.
num_inconsistent_stats: 0.

CodeHeap 'non-profiled nmethods': size=120000Kb used=4160Kb max_used=4160Kb free=115839Kb
 bounds [0x0000022cded20000, 0x0000022cdf140000, 0x0000022ce6250000]
CodeHeap 'profiled nmethods': size=120000Kb used=13230Kb max_used=13230Kb free=106769Kb
 bounds [0x0000022cd7250000, 0x0000022cd7f40000, 0x0000022cde780000]
CodeHeap 'non-nmethods': size=5760Kb used=1711Kb max_used=1750Kb free=4048Kb
 bounds [0x0000022cde780000, 0x0000022cde9f0000, 0x0000022cded20000]
 total_blobs=7542 nmethods=6801 adapters=644
 compilation: enabled
              stopped_count=0, restarted_count=0
 full_count=0

Compilation events (20 events):
Event: 10.516 Thread 0x0000022ceb7127c0 nmethod 7476 0x0000022cd7f34410 code [0x0000022cd7f345e0, 0x0000022cd7f34898]
Event: 10.517 Thread 0x0000022ceb709d10 nmethod 7337 0x0000022cdf128610 code [0x0000022cdf128ba0, 0x0000022cdf12c670]
Event: 10.518 Thread 0x0000022ceb709d10 7466       4       java.lang.PublicMethods$MethodList::filter (104 bytes)
Event: 10.524 Thread 0x0000022ceb7127c0 7478   !   3       java.util.concurrent.ConcurrentHashMap::putVal (432 bytes)
Event: 10.527 Thread 0x0000022ceb7127c0 nmethod 7478 0x0000022cd7f34a90 code [0x0000022cd7f34e00, 0x0000022cd7f368c8]
Event: 10.528 Thread 0x0000022ceb709d10 nmethod 7466 0x0000022cdf12f210 code [0x0000022cdf12f400, 0x0000022cdf12fcd0]
Event: 10.528 Thread 0x0000022ceb709d10 7364       4       java.io.DataInputStream::readFully (59 bytes)
Event: 10.532 Thread 0x0000022ceb7127c0 7481       2       org.aspectj.internal.lang.reflect.AjTypeImpl::<init> (60 bytes)
Event: 10.533 Thread 0x0000022ceb7127c0 nmethod 7481 0x0000022cd7f37210 code [0x0000022cd7f373c0, 0x0000022cd7f376f8]
Event: 10.533 Thread 0x0000022ceb7127c0 7482       2       sun.reflect.generics.repository.GenericDeclRepository::computeTypeParameters (73 bytes)
Event: 10.533 Thread 0x0000022ceb7127c0 nmethod 7482 0x0000022cd7f37790 code [0x0000022cd7f37980, 0x0000022cd7f37fa0]
Event: 10.537 Thread 0x0000022ceb7127c0 7484       2       java.util.regex.Pattern::expr (142 bytes)
Event: 10.537 Thread 0x0000022ceb7127c0 nmethod 7484 0x0000022cd7f38290 code [0x0000022cd7f384a0, 0x0000022cd7f38b58]
Event: 10.537 Thread 0x0000022ceb7127c0 7486       2       java.util.regex.Matcher::start (18 bytes)
Event: 10.537 Thread 0x0000022ceb7127c0 nmethod 7486 0x0000022cd7f38e90 code [0x0000022cd7f39060, 0x0000022cd7f392b0]
Event: 10.537 Thread 0x0000022ceb7127c0 7489       2       java.util.regex.Pattern::compile (537 bytes)
Event: 10.539 Thread 0x0000022ceb7127c0 nmethod 7489 0x0000022cd7f39410 code [0x0000022cd7f39780, 0x0000022cd7f3ad78]
Event: 10.539 Thread 0x0000022ceb7127c0 7488       2       java.util.regex.Matcher::end (20 bytes)
Event: 10.540 Thread 0x0000022ceb7127c0 nmethod 7488 0x0000022cd7f3b410 code [0x0000022cd7f3b5e0, 0x0000022cd7f3b830]
Event: 10.540 Thread 0x0000022ceb7127c0 7487       2       java.util.regex.Pattern::newCharProperty (39 bytes)

GC Heap History (20 events):
Event: 4.478 GC heap after
{Heap after GC invocations=7 (full 0):
 garbage-first heap   total 61440K, used 21866K [0x0000000082400000, 0x0000000100000000)
  region size 1024K, 4 young (4096K), 4 survivors (4096K)
 Metaspace       used 32378K, committed 32768K, reserved 1114112K
  class space    used 4040K, committed 4224K, reserved 1048576K
}
Event: 4.964 GC heap before
{Heap before GC invocations=7 (full 0):
 garbage-first heap   total 61440K, used 46442K [0x0000000082400000, 0x0000000100000000)
  region size 1024K, 29 young (29696K), 4 survivors (4096K)
 Metaspace       used 34679K, committed 35072K, reserved 1114112K
  class space    used 4275K, committed 4480K, reserved 1048576K
}
Event: 4.971 GC heap after
{Heap after GC invocations=8 (full 0):
 garbage-first heap   total 61440K, used 24501K [0x0000000082400000, 0x0000000100000000)
  region size 1024K, 3 young (3072K), 3 survivors (3072K)
 Metaspace       used 34679K, committed 35072K, reserved 1114112K
  class space    used 4275K, committed 4480K, reserved 1048576K
}
Event: 5.247 GC heap before
{Heap before GC invocations=8 (full 0):
 garbage-first heap   total 61440K, used 36789K [0x0000000082400000, 0x0000000100000000)
  region size 1024K, 16 young (16384K), 3 survivors (3072K)
 Metaspace       used 35936K, committed 36288K, reserved 1114112K
  class space    used 4484K, committed 4672K, reserved 1048576K
}
Event: 5.255 GC heap after
{Heap after GC invocations=9 (full 0):
 garbage-first heap   total 61440K, used 25600K [0x0000000082400000, 0x0000000100000000)
  region size 1024K, 1 young (1024K), 1 survivors (1024K)
 Metaspace       used 35936K, committed 36288K, reserved 1114112K
  class space    used 4484K, committed 4672K, reserved 1048576K
}
Event: 5.906 GC heap before
{Heap before GC invocations=10 (full 0):
 garbage-first heap   total 61440K, used 51200K [0x0000000082400000, 0x0000000100000000)
  region size 1024K, 26 young (26624K), 1 survivors (1024K)
 Metaspace       used 39403K, committed 39808K, reserved 1114112K
  class space    used 5002K, committed 5184K, reserved 1048576K
}
Event: 5.912 GC heap after
{Heap after GC invocations=11 (full 0):
 garbage-first heap   total 73728K, used 27409K [0x0000000082400000, 0x0000000100000000)
  region size 1024K, 3 young (3072K), 3 survivors (3072K)
 Metaspace       used 39403K, committed 39808K, reserved 1114112K
  class space    used 5002K, committed 5184K, reserved 1048576K
}
Event: 6.832 GC heap before
{Heap before GC invocations=11 (full 0):
 garbage-first heap   total 73728K, used 63249K [0x0000000082400000, 0x0000000100000000)
  region size 1024K, 38 young (38912K), 3 survivors (3072K)
 Metaspace       used 43534K, committed 43968K, reserved 1114112K
  class space    used 5567K, committed 5760K, reserved 1048576K
}
Event: 6.847 GC heap after
{Heap after GC invocations=12 (full 0):
 garbage-first heap   total 73728K, used 29880K [0x0000000082400000, 0x0000000100000000)
  region size 1024K, 5 young (5120K), 5 survivors (5120K)
 Metaspace       used 43534K, committed 43968K, reserved 1114112K
  class space    used 5567K, committed 5760K, reserved 1048576K
}
Event: 7.835 GC heap before
{Heap before GC invocations=12 (full 0):
 garbage-first heap   total 73728K, used 62648K [0x0000000082400000, 0x0000000100000000)
  region size 1024K, 37 young (37888K), 5 survivors (5120K)
 Metaspace       used 49699K, committed 50240K, reserved 1114112K
  class space    used 6364K, committed 6592K, reserved 1048576K
}
Event: 7.848 GC heap after
{Heap after GC invocations=13 (full 0):
 garbage-first heap   total 73728K, used 31954K [0x0000000082400000, 0x0000000100000000)
  region size 1024K, 3 young (3072K), 3 survivors (3072K)
 Metaspace       used 49699K, committed 50240K, reserved 1114112K
  class space    used 6364K, committed 6592K, reserved 1048576K
}
Event: 8.684 GC heap before
{Heap before GC invocations=13 (full 0):
 garbage-first heap   total 73728K, used 63698K [0x0000000082400000, 0x0000000100000000)
  region size 1024K, 35 young (35840K), 3 survivors (3072K)
 Metaspace       used 59362K, committed 59904K, reserved 1114112K
  class space    used 7655K, committed 7872K, reserved 1048576K
}
Event: 8.691 GC heap after
{Heap after GC invocations=14 (full 0):
 garbage-first heap   total 73728K, used 33543K [0x0000000082400000, 0x0000000100000000)
  region size 1024K, 4 young (4096K), 4 survivors (4096K)
 Metaspace       used 59362K, committed 59904K, reserved 1114112K
  class space    used 7655K, committed 7872K, reserved 1048576K
}
Event: 8.751 GC heap before
{Heap before GC invocations=14 (full 0):
 garbage-first heap   total 73728K, used 36615K [0x0000000082400000, 0x0000000100000000)
  region size 1024K, 8 young (8192K), 4 survivors (4096K)
 Metaspace       used 60304K, committed 60800K, reserved 1114112K
  class space    used 7782K, committed 8000K, reserved 1048576K
}
Event: 8.757 GC heap after
{Heap after GC invocations=15 (full 0):
 garbage-first heap   total 73728K, used 33961K [0x0000000082400000, 0x0000000100000000)
  region size 1024K, 3 young (3072K), 3 survivors (3072K)
 Metaspace       used 60304K, committed 60800K, reserved 1114112K
  class space    used 7782K, committed 8000K, reserved 1048576K
}
Event: 9.404 GC heap before
{Heap before GC invocations=16 (full 0):
 garbage-first heap   total 73728K, used 63657K [0x0000000082400000, 0x0000000100000000)
  region size 1024K, 33 young (33792K), 3 survivors (3072K)
 Metaspace       used 66723K, committed 67264K, reserved 1114112K
  class space    used 8729K, committed 8960K, reserved 1048576K
}
Event: 9.411 GC heap after
{Heap after GC invocations=17 (full 0):
 garbage-first heap   total 73728K, used 35703K [0x0000000082400000, 0x0000000100000000)
  region size 1024K, 4 young (4096K), 4 survivors (4096K)
 Metaspace       used 66723K, committed 67264K, reserved 1114112K
  class space    used 8729K, committed 8960K, reserved 1048576K
}
Event: 9.898 GC heap before
{Heap before GC invocations=17 (full 0):
 garbage-first heap   total 73728K, used 64375K [0x0000000082400000, 0x0000000100000000)
  region size 1024K, 32 young (32768K), 4 survivors (4096K)
 Metaspace       used 71170K, committed 71744K, reserved 1114112K
  class space    used 9387K, committed 9664K, reserved 1048576K
}
Event: 9.906 GC heap after
{Heap after GC invocations=18 (full 0):
 garbage-first heap   total 73728K, used 35899K [0x0000000082400000, 0x0000000100000000)
  region size 1024K, 3 young (3072K), 3 survivors (3072K)
 Metaspace       used 71170K, committed 71744K, reserved 1114112K
  class space    used 9387K, committed 9664K, reserved 1048576K
}
Event: 10.540 GC heap before
{Heap before GC invocations=18 (full 0):
 garbage-first heap   total 73728K, used 64571K [0x0000000082400000, 0x0000000100000000)
  region size 1024K, 31 young (31744K), 3 survivors (3072K)
 Metaspace       used 75010K, committed 75648K, reserved 1179648K
  class space    used 9895K, committed 10176K, reserved 1048576K
}

Dll operation events (10 events):
Event: 0.008 Loaded shared library D:\mailon\Java\jdk-21.0.10\bin\java.dll
Event: 0.036 Loaded shared library D:\mailon\Java\jdk-21.0.10\bin\jsvml.dll
Event: 0.053 Loaded shared library D:\mailon\Java\jdk-21.0.10\bin\net.dll
Event: 0.056 Loaded shared library D:\mailon\Java\jdk-21.0.10\bin\nio.dll
Event: 0.059 Loaded shared library D:\mailon\Java\jdk-21.0.10\bin\zip.dll
Event: 0.118 Loaded shared library D:\mailon\Java\jdk-21.0.10\bin\management.dll
Event: 0.123 Loaded shared library D:\mailon\Java\jdk-21.0.10\bin\management_ext.dll
Event: 0.176 Loaded shared library D:\mailon\Java\jdk-21.0.10\bin\jimage.dll
Event: 4.073 Loaded shared library D:\mailon\Java\jdk-21.0.10\bin\sunmscapi.dll
Event: 8.081 Loaded shared library D:\mailon\Java\jdk-21.0.10\bin\verify.dll

Deoptimization events (20 events):
Event: 10.483 Thread 0x0000022cceda9680 Uncommon trap: trap_request=0xffffff45 fr.pc=0x0000022cdf0d2824 relative=0x0000000000000504
Event: 10.483 Thread 0x0000022cceda9680 Uncommon trap: reason=unstable_if action=reinterpret pc=0x0000022cdf0d2824 method=jdk.internal.reflect.DirectMethodHandleAccessor.checkArgumentCount(I[Ljava/lang/Object;)V @ 1 c2
Event: 10.483 Thread 0x0000022cceda9680 DEOPT PACKING pc=0x0000022cdf0d2824 sp=0x000000d6378fb190
Event: 10.483 Thread 0x0000022cceda9680 DEOPT UNPACKING pc=0x0000022cde7d46a2 sp=0x000000d6378fb0c0 mode 2
Event: 10.483 Thread 0x0000022cceda9680 Uncommon trap: trap_request=0xffffff45 fr.pc=0x0000022cdf0d460c relative=0x000000000000006c
Event: 10.483 Thread 0x0000022cceda9680 Uncommon trap: reason=unstable_if action=reinterpret pc=0x0000022cdf0d460c method=jdk.internal.reflect.DirectMethodHandleAccessor.checkArgumentCount(I[Ljava/lang/Object;)V @ 1 c2
Event: 10.483 Thread 0x0000022cceda9680 DEOPT PACKING pc=0x0000022cdf0d460c sp=0x000000d6378fb0a0
Event: 10.484 Thread 0x0000022cceda9680 DEOPT UNPACKING pc=0x0000022cde7d46a2 sp=0x000000d6378fb038 mode 2
Event: 10.520 Thread 0x0000022cceda9680 Uncommon trap: trap_request=0xffffff45 fr.pc=0x0000022cdf078b28 relative=0x0000000000000f08
Event: 10.520 Thread 0x0000022cceda9680 Uncommon trap: reason=unstable_if action=reinterpret pc=0x0000022cdf078b28 method=java.util.concurrent.ConcurrentHashMap.putVal(Ljava/lang/Object;Ljava/lang/Object;Z)Ljava/lang/Object; @ 401 c2
Event: 10.520 Thread 0x0000022cceda9680 DEOPT PACKING pc=0x0000022cdf078b28 sp=0x000000d6378fb2a0
Event: 10.520 Thread 0x0000022cceda9680 DEOPT UNPACKING pc=0x0000022cde7d46a2 sp=0x000000d6378fb220 mode 2
Event: 10.522 Thread 0x0000022cceda9680 Uncommon trap: trap_request=0xffffffde fr.pc=0x0000022cdeff8324 relative=0x00000000000002e4
Event: 10.522 Thread 0x0000022cceda9680 Uncommon trap: reason=class_check action=maybe_recompile pc=0x0000022cdeff8324 method=java.util.concurrent.ConcurrentHashMap.get(Ljava/lang/Object;)Ljava/lang/Object; @ 93 c2
Event: 10.522 Thread 0x0000022cceda9680 DEOPT PACKING pc=0x0000022cdeff8324 sp=0x000000d6378fb320
Event: 10.522 Thread 0x0000022cceda9680 DEOPT UNPACKING pc=0x0000022cde7d46a2 sp=0x000000d6378fb288 mode 2
Event: 10.527 Thread 0x0000022cceda9680 Uncommon trap: trap_request=0xffffffde fr.pc=0x0000022cdeff8324 relative=0x00000000000002e4
Event: 10.527 Thread 0x0000022cceda9680 Uncommon trap: reason=class_check action=maybe_recompile pc=0x0000022cdeff8324 method=java.util.concurrent.ConcurrentHashMap.get(Ljava/lang/Object;)Ljava/lang/Object; @ 93 c2
Event: 10.527 Thread 0x0000022cceda9680 DEOPT PACKING pc=0x0000022cdeff8324 sp=0x000000d6378fb320
Event: 10.528 Thread 0x0000022cceda9680 DEOPT UNPACKING pc=0x0000022cde7d46a2 sp=0x000000d6378fb288 mode 2

Classes loaded (20 events):
Event: 9.118 Loading class java/util/concurrent/CompletableFuture$Completion
Event: 9.119 Loading class java/util/concurrent/CompletableFuture$AsynchronousCompletionTask
Event: 9.119 Loading class java/util/concurrent/CompletableFuture$AsynchronousCompletionTask done
Event: 9.119 Loading class java/util/concurrent/CompletableFuture$Completion done
Event: 9.648 Loading class java/util/AbstractList$SubList
Event: 9.648 Loading class java/util/AbstractList$SubList done
Event: 9.696 Loading class java/lang/foreign/ValueLayout
Event: 9.697 Loading class java/lang/foreign/MemoryLayout
Event: 9.697 Loading class java/lang/foreign/MemoryLayout done
Event: 9.697 Loading class java/lang/foreign/ValueLayout done
Event: 10.397 Loading class javax/naming/Reference
Event: 10.397 Loading class javax/naming/Reference done
Event: 10.456 Loading class java/lang/SafeVarargs
Event: 10.456 Loading class java/lang/SafeVarargs done
Event: 10.457 Loading class sun/reflect/generics/reflectiveObjects/GenericArrayTypeImpl
Event: 10.457 Loading class sun/reflect/generics/reflectiveObjects/GenericArrayTypeImpl done
Event: 10.520 Loading class java/util/concurrent/ConcurrentHashMap$TreeNode
Event: 10.520 Loading class java/util/concurrent/ConcurrentHashMap$TreeNode done
Event: 10.520 Loading class java/util/concurrent/ConcurrentHashMap$TreeBin
Event: 10.521 Loading class java/util/concurrent/ConcurrentHashMap$TreeBin done

Classes unloaded (0 events):
No events

Classes redefined (0 events):
No events

Internal exceptions (20 events):
Event: 9.286 Thread 0x0000022cceda9680 Exception <a 'java/lang/NoSuchMethodError'{0x000000008504fff0}: 'java.lang.Object java.lang.invoke.DirectMethodHandle$Holder.invokeStaticInit(java.lang.Object, java.lang.Object, int, java.lang.Object)'> (0x000000008504fff0) 
thrown [s\open\src\hotspot\share\interpreter\linkResolver.cpp, line 773]
Event: 9.991 Thread 0x0000022cceda9680 Exception <a 'java/lang/NoSuchMethodError'{0x00000000896fde40}: 'void java.lang.invoke.DirectMethodHandle$Holder.invokeStaticInit(java.lang.Object, int, java.lang.Object, java.lang.Object, java.lang.Object, java.lang.Object)'> (0x00000000896fde40) 
thrown [s\open\src\hotspot\share\interpreter\linkResolver.cpp, line 773]
Event: 10.089 Thread 0x0000022cceda9680 Exception <a 'java/lang/NoSuchMethodError'{0x00000000864dee10}: 'void java.lang.invoke.DirectMethodHandle$Holder.invokeStatic(java.lang.Object, java.lang.Object, java.lang.Object, int, java.lang.Object)'> (0x00000000864dee10) 
thrown [s\open\src\hotspot\share\interpreter\linkResolver.cpp, line 773]
Event: 10.090 Thread 0x0000022cceda9680 Exception <a 'java/lang/NoSuchMethodError'{0x00000000864eb690}: 'void java.lang.invoke.DirectMethodHandle$Holder.invokeInterface(java.lang.Object, java.lang.Object, int, java.lang.Object)'> (0x00000000864eb690) 
thrown [s\open\src\hotspot\share\interpreter\linkResolver.cpp, line 773]
Event: 10.093 Thread 0x0000022cceda9680 Exception <a 'java/lang/NoSuchMethodError'{0x0000000086310c88}: 'java.lang.Object java.lang.invoke.DirectMethodHandle$Holder.newInvokeSpecial(java.lang.Object, java.lang.Object, int, java.lang.Object)'> (0x0000000086310c88) 
thrown [s\open\src\hotspot\share\interpreter\linkResolver.cpp, line 773]
Event: 10.093 Thread 0x0000022cceda9680 Exception <a 'java/lang/NoSuchMethodError'{0x0000000086314dc8}: 'java.lang.Object java.lang.invoke.Invokers$Holder.linkToTargetMethod(java.lang.Object, int, java.lang.Object, java.lang.Object)'> (0x0000000086314dc8) 
thrown [s\open\src\hotspot\share\interpreter\linkResolver.cpp, line 773]
Event: 10.109 Thread 0x0000022cceda9680 Exception <a 'java/lang/NoSuchMethodError'{0x0000000086368f48}: 'void java.lang.invoke.DirectMethodHandle$Holder.invokeSpecial(java.lang.Object, java.lang.Object, java.lang.Object, java.lang.Object, java.lang.Object, java.lang.Object, java.lang.Object, java.lang.Object)'> (0x0000000086368f48) 
thrown [s\open\src\hotspot\share\interpreter\linkResolver.cpp, line 773]
Event: 10.125 Thread 0x0000022cceda9680 Exception <a 'java/lang/NoSuchMethodError'{0x00000000863ab388}: 'java.lang.Object java.lang.invoke.DirectMethodHandle$Holder.newInvokeSpecial(java.lang.Object, java.lang.Object, int)'> (0x00000000863ab388) 
thrown [s\open\src\hotspot\share\interpreter\linkResolver.cpp, line 773]
Event: 10.167 Thread 0x0000022cceda9680 Exception <a 'java/lang/NoSuchMethodError'{0x0000000086113468}: 'java.lang.Object java.lang.invoke.DirectMethodHandle$Holder.newInvokeSpecial(java.lang.Object, java.lang.Object, java.lang.Object, java.lang.Object, java.lang.Object, int, java.lang.Object)'> (0x0000000086113468) 
thrown [s\open\src\hotspot\share\interpreter\linkResolver.cpp, line 773]
Event: 10.173 Thread 0x0000022cceda9680 Exception <a 'java/lang/NoSuchMethodError'{0x0000000086147a70}: 'java.lang.Object java.lang.invoke.DirectMethodHandle$Holder.newInvokeSpecial(java.lang.Object, java.lang.Object, java.lang.Object, java.lang.Object, java.lang.Object, java.lang.Object, java.lang.Object, java.lang.Object, java.lang.Object, java.lang.Object, java.lang.Object, java.lang.Object)'> (0x0000000086147a70) 
thrown [s\open\src\hotspot\share\interpreter\linkResolver.cpp, line 773]
Event: 10.173 Thread 0x0000022cceda9680 Exception <a 'java/lang/NoSuchMethodError'{0x000000008614cae8}: 'java.lang.Object java.lang.invoke.DirectMethodHandle$Holder.invokeSpecial(java.lang.Object, java.lang.Object, java.lang.Object, java.lang.Object, java.lang.Object, java.lang.Object, java.lang.Object, java.lang.Object, java.lang.Object, java.lang.Object, java.lang.Object, java.lang.Object, java.lang.Object)'> (0x000000008614cae8) 
thrown [s\open\src\hotspot\share\interpreter\linkResolver.cpp, line 773]
Event: 10.173 Thread 0x0000022cceda9680 Exception <a 'java/lang/NoSuchMethodError'{0x0000000086151798}: 'java.lang.Object java.lang.invoke.Invokers$Holder.linkToTargetMethod(java.lang.Object, java.lang.Object, java.lang.Object, java.lang.Object, java.lang.Object, java.lang.Object, java.lang.Object, java.lang.Object, java.lang.Object, java.lang.Object, java.lang.Object, java.lang.Object)'> (0x0000000086151798) 
thrown [s\open\src\hotspot\share\interpreter\linkResolver.cpp, line 773]
Event: 10.262 Thread 0x0000022cceda9680 Exception <a 'java/lang/NoSuchMethodError'{0x0000000085f77f48}: 'java.lang.Object java.lang.invoke.DirectMethodHandle$Holder.newInvokeSpecial(java.lang.Object, java.lang.Object, int, java.lang.Object, int, java.lang.Object, java.lang.Object)'> (0x0000000085f77f48) 
thrown [s\open\src\hotspot\share\interpreter\linkResolver.cpp, line 773]
Event: 10.274 Thread 0x0000022cceda9680 Exception <a 'java/lang/NoSuchMethodError'{0x0000000085fbc2a8}: 'java.lang.Object java.lang.invoke.DirectMethodHandle$Holder.newInvokeSpecial(java.lang.Object, java.lang.Object, java.lang.Object, java.lang.Object, java.lang.Object, java.lang.Object, java.lang.Object, int)'> (0x0000000085fbc2a8) 
thrown [s\open\src\hotspot\share\interpreter\linkResolver.cpp, line 773]
Event: 10.274 Thread 0x0000022cceda9680 Exception <a 'java/lang/NoSuchMethodError'{0x0000000085fc1090}: 'java.lang.Object java.lang.invoke.DirectMethodHandle$Holder.invokeSpecial(java.lang.Object, java.lang.Object, java.lang.Object, java.lang.Object, java.lang.Object, java.lang.Object, java.lang.Object, java.lang.Object, int)'> (0x0000000085fc1090) 
thrown [s\open\src\hotspot\share\interpreter\linkResolver.cpp, line 773]
Event: 10.274 Thread 0x0000022cceda9680 Exception <a 'java/lang/NoSuchMethodError'{0x0000000085fc5880}: 'java.lang.Object java.lang.invoke.Invokers$Holder.linkToTargetMethod(java.lang.Object, java.lang.Object, java.lang.Object, java.lang.Object, java.lang.Object, java.lang.Object, int, java.lang.Object)'> (0x0000000085fc5880) 
thrown [s\open\src\hotspot\share\interpreter\linkResolver.cpp, line 773]
Event: 10.427 Thread 0x0000022cceda9680 Implicit null exception at 0x0000022cdf007ce0 to 0x0000022cdf007d5c
Event: 10.483 Thread 0x0000022cceda9680 Implicit null exception at 0x0000022cdf0d23c0 to 0x0000022cdf0d2800
Event: 10.483 Thread 0x0000022cceda9680 Implicit null exception at 0x0000022cdf0d45c0 to 0x0000022cdf0d45f8
Event: 10.521 Thread 0x0000022cceda9680 Exception <a 'java/lang/IncompatibleClassChangeError'{0x0000000085299ab8}: Found class java.lang.Object, but interface was expected> (0x0000000085299ab8) 
thrown [s\open\src\hotspot\share\interpreter\linkResolver.cpp, line 840]

ZGC Phase Switch (0 events):
No events

VM Operations (20 events):
Event: 8.691 Executing VM operation: G1CollectForAllocation (G1 Evacuation Pause) done
Event: 8.751 Executing VM operation: CollectForMetadataAllocation (Metadata GC Threshold)
Event: 8.758 Executing VM operation: CollectForMetadataAllocation (Metadata GC Threshold) done
Event: 8.784 Executing VM operation: G1PauseRemark
Event: 8.791 Executing VM operation: G1PauseRemark done
Event: 8.801 Executing VM operation: G1PauseCleanup
Event: 8.801 Executing VM operation: G1PauseCleanup done
Event: 9.189 Executing VM operation: ICBufferFull
Event: 9.190 Executing VM operation: ICBufferFull done
Event: 9.404 Executing VM operation: G1CollectForAllocation (G1 Evacuation Pause)
Event: 9.411 Executing VM operation: G1CollectForAllocation (G1 Evacuation Pause) done
Event: 9.780 Executing VM operation: ICBufferFull
Event: 9.781 Executing VM operation: ICBufferFull done
Event: 9.877 Executing VM operation: ICBufferFull
Event: 9.877 Executing VM operation: ICBufferFull done
Event: 9.898 Executing VM operation: G1CollectForAllocation (G1 Evacuation Pause)
Event: 9.906 Executing VM operation: G1CollectForAllocation (G1 Evacuation Pause) done
Event: 10.414 Executing VM operation: ICBufferFull
Event: 10.415 Executing VM operation: ICBufferFull done
Event: 10.540 Executing VM operation: G1CollectForAllocation (G1 Evacuation Pause)

Events (20 events):
Event: 8.790 Thread 0x0000022ceb6d31f0 flushing nmethod 0x0000022cd792ed10
Event: 8.790 Thread 0x0000022ceb6d31f0 flushing nmethod 0x0000022cd792fe90
Event: 8.790 Thread 0x0000022ceb6d31f0 flushing nmethod 0x0000022cd794d310
Event: 8.790 Thread 0x0000022ceb6d31f0 flushing nmethod 0x0000022cd794db10
Event: 8.790 Thread 0x0000022ceb6d31f0 flushing nmethod 0x0000022cd795a810
Event: 8.790 Thread 0x0000022ceb6d31f0 flushing nmethod 0x0000022cd7974510
Event: 8.790 Thread 0x0000022ceb6d31f0 flushing nmethod 0x0000022cd7993490
Event: 8.790 Thread 0x0000022ceb6d31f0 flushing nmethod 0x0000022cd79a8e90
Event: 8.790 Thread 0x0000022ceb6d31f0 flushing nmethod 0x0000022cd79d6790
Event: 8.790 Thread 0x0000022ceb6d31f0 flushing nmethod 0x0000022cd79dbf10
Event: 8.790 Thread 0x0000022ceb6d31f0 flushing nmethod 0x0000022cd79dc510
Event: 8.790 Thread 0x0000022ceb6d31f0 flushing nmethod 0x0000022cd79f6c90
Event: 8.790 Thread 0x0000022ceb6d31f0 flushing nmethod 0x0000022cd7a5d710
Event: 8.790 Thread 0x0000022ceb6d31f0 flushing nmethod 0x0000022cd7a5ed90
Event: 8.790 Thread 0x0000022ceb6d31f0 flushing nmethod 0x0000022cd7a90590
Event: 8.846 Thread 0x0000022cf2f63a90 Thread added: 0x0000022cf2f63a90
Event: 9.423 Thread 0x0000022cf2f63a90 Thread exited: 0x0000022cf2f63a90
Event: 9.777 Thread 0x0000022cf3581890 Thread added: 0x0000022cf3581890
Event: 10.274 Thread 0x0000022cf3581890 Thread exited: 0x0000022cf3581890
Event: 10.401 Thread 0x0000022cf1e9ed00 Thread added: 0x0000022cf1e9ed00


Dynamic libraries:
0x00007ff75e160000 - 0x00007ff75e170000 	D:\mailon\Java\jdk-21.0.10\bin\java.exe
0x00007ffe20340000 - 0x00007ffe205a7000 	C:\WINDOWS\SYSTEM32\ntdll.dll
0x00007ffe1f710000 - 0x00007ffe1f7d9000 	C:\WINDOWS\System32\KERNEL32.DLL
0x00007ffe1ce40000 - 0x00007ffe1d234000 	C:\WINDOWS\System32\KERNELBASE.dll
0x00007ffe1df80000 - 0x00007ffe1e0cb000 	C:\WINDOWS\System32\ucrtbase.dll
0x00007ffe175b0000 - 0x00007ffe175ce000 	D:\mailon\Java\jdk-21.0.10\bin\VCRUNTIME140.dll
0x00007ffe175d0000 - 0x00007ffe175e9000 	D:\mailon\Java\jdk-21.0.10\bin\jli.dll
0x00007ffe20240000 - 0x00007ffe202f6000 	C:\WINDOWS\System32\ADVAPI32.dll
0x00007ffe1f540000 - 0x00007ffe1f5e9000 	C:\WINDOWS\System32\msvcrt.dll
0x00007ffe1f7e0000 - 0x00007ffe1f887000 	C:\WINDOWS\System32\sechost.dll
0x00007ffe1f5f0000 - 0x00007ffe1f708000 	C:\WINDOWS\System32\RPCRT4.dll
0x00007ffe1ee10000 - 0x00007ffe1efd5000 	C:\WINDOWS\System32\USER32.dll
0x00007ffe1ce10000 - 0x00007ffe1ce37000 	C:\WINDOWS\System32\win32u.dll
0x00007ffe0c8f0000 - 0x00007ffe0cb83000 	C:\WINDOWS\WinSxS\amd64_microsoft.windows.common-controls_6595b64144ccf1df_6.0.26100.8115_none_3e075c82e3354f9c\COMCTL32.dll
0x00007ffe1f890000 - 0x00007ffe1f8bb000 	C:\WINDOWS\System32\GDI32.dll
0x00007ffe1dab0000 - 0x00007ffe1dbdb000 	C:\WINDOWS\System32\gdi32full.dll
0x00007ffe1ded0000 - 0x00007ffe1df73000 	C:\WINDOWS\System32\msvcp_win.dll
0x00007ffe16170000 - 0x00007ffe1617b000 	C:\WINDOWS\SYSTEM32\VERSION.dll
0x00007ffe1e170000 - 0x00007ffe1e1a2000 	C:\WINDOWS\System32\IMM32.DLL
0x00007ffe17510000 - 0x00007ffe1751c000 	D:\mailon\Java\jdk-21.0.10\bin\vcruntime140_1.dll
0x00007ffe02390000 - 0x00007ffe0241d000 	D:\mailon\Java\jdk-21.0.10\bin\msvcp140.dll
0x00007ffd68fa0000 - 0x00007ffd69cc7000 	D:\mailon\Java\jdk-21.0.10\bin\server\jvm.dll
0x00007ffe201b0000 - 0x00007ffe20230000 	C:\WINDOWS\System32\WS2_32.dll
0x00007ffe1ca90000 - 0x00007ffe1caee000 	C:\WINDOWS\SYSTEM32\POWRPROF.dll
0x00007ffdfca90000 - 0x00007ffdfcac6000 	C:\WINDOWS\SYSTEM32\WINMM.dll
0x00007ffe1ca70000 - 0x00007ffe1ca84000 	C:\WINDOWS\SYSTEM32\UMPDC.dll
0x00007ffe1b970000 - 0x00007ffe1b98b000 	C:\WINDOWS\SYSTEM32\kernel.appcore.dll
0x00007ffe17500000 - 0x00007ffe1750a000 	D:\mailon\Java\jdk-21.0.10\bin\jimage.dll
0x00007ffe0d0b0000 - 0x00007ffe0d2f2000 	C:\WINDOWS\SYSTEM32\DBGHELP.DLL
0x00007ffe1e7e0000 - 0x00007ffe1eb62000 	C:\WINDOWS\System32\combase.dll
0x00007ffe1f0d0000 - 0x00007ffe1f1a8000 	C:\WINDOWS\System32\OLEAUT32.dll
0x00007ffe033e0000 - 0x00007ffe0341b000 	C:\WINDOWS\SYSTEM32\dbgcore.DLL
0x00007ffe1dd60000 - 0x00007ffe1de05000 	C:\WINDOWS\System32\bcryptPrimitives.dll
0x00007ffe10450000 - 0x00007ffe10471000 	D:\mailon\Java\jdk-21.0.10\bin\java.dll
0x00007ffe1fa40000 - 0x00007ffe201a7000 	C:\WINDOWS\System32\SHELL32.dll
0x00007ffe1cc10000 - 0x00007ffe1cd7a000 	C:\WINDOWS\System32\wintypes.dll
0x00007ffe1d240000 - 0x00007ffe1daa8000 	C:\WINDOWS\System32\windows.storage.dll
0x00007ffe1f220000 - 0x00007ffe1f318000 	C:\WINDOWS\System32\SHCORE.dll
0x00007ffe1f9d0000 - 0x00007ffe1fa36000 	C:\WINDOWS\System32\shlwapi.dll
0x00007ffe1cb30000 - 0x00007ffe1cb59000 	C:\WINDOWS\SYSTEM32\profapi.dll
0x00007ffe00160000 - 0x00007ffe00237000 	D:\mailon\Java\jdk-21.0.10\bin\jsvml.dll
0x00007ffe10380000 - 0x00007ffe10391000 	D:\mailon\Java\jdk-21.0.10\bin\net.dll
0x00007ffe15b50000 - 0x00007ffe15c7d000 	C:\WINDOWS\SYSTEM32\WINHTTP.dll
0x00007ffe1bed0000 - 0x00007ffe1bf3c000 	C:\WINDOWS\system32\mswsock.dll
0x00007ffe0e890000 - 0x00007ffe0e8a6000 	D:\mailon\Java\jdk-21.0.10\bin\nio.dll
0x00007ffe0e870000 - 0x00007ffe0e888000 	D:\mailon\Java\jdk-21.0.10\bin\zip.dll
0x00007ffe174f0000 - 0x00007ffe174fa000 	D:\mailon\Java\jdk-21.0.10\bin\management.dll
0x00007ffe174b0000 - 0x00007ffe174bc000 	D:\mailon\Java\jdk-21.0.10\bin\management_ext.dll
0x00007ffe1e0d0000 - 0x00007ffe1e0d8000 	C:\WINDOWS\System32\PSAPI.DLL
0x00007ffe0bed0000 - 0x00007ffe0bede000 	D:\mailon\Java\jdk-21.0.10\bin\sunmscapi.dll
0x00007ffe1dbe0000 - 0x00007ffe1dd57000 	C:\WINDOWS\System32\CRYPT32.dll
0x00007ffe1c410000 - 0x00007ffe1c440000 	C:\WINDOWS\SYSTEM32\ncrypt.dll
0x00007ffe1c3c0000 - 0x00007ffe1c3ff000 	C:\WINDOWS\SYSTEM32\NTASN1.dll
0x00007ffe1c200000 - 0x00007ffe1c21b000 	C:\WINDOWS\SYSTEM32\CRYPTSP.dll
0x00007ffe1b8c0000 - 0x00007ffe1b8f9000 	C:\WINDOWS\system32\rsaenh.dll
0x00007ffe1bfa0000 - 0x00007ffe1bfd3000 	C:\WINDOWS\SYSTEM32\USERENV.dll
0x00007ffe1cb00000 - 0x00007ffe1cb2a000 	C:\WINDOWS\SYSTEM32\bcrypt.dll
0x00007ffe1c1f0000 - 0x00007ffe1c1fc000 	C:\WINDOWS\SYSTEM32\CRYPTBASE.dll
0x00007ffe1b340000 - 0x00007ffe1b372000 	C:\WINDOWS\SYSTEM32\IPHLPAPI.DLL
0x00007ffe1f8c0000 - 0x00007ffe1f8ca000 	C:\WINDOWS\System32\NSI.dll
0x00007ffe17490000 - 0x00007ffe174a0000 	D:\mailon\Java\jdk-21.0.10\bin\verify.dll

dbghelp: loaded successfully - version: 4.0.5 - missing functions: none
symbol engine: initialized successfully - sym options: 0x614 - pdb path: .;D:\mailon\Java\jdk-21.0.10\bin;C:\WINDOWS\SYSTEM32;C:\WINDOWS\WinSxS\amd64_microsoft.windows.common-controls_6595b64144ccf1df_6.0.26100.8115_none_3e075c82e3354f9c;D:\mailon\Java\jdk-21.0.10\bin\server

VM Arguments:
java_command: C:\Users\Usuario\AppData\Local\Temp\surefire11267172793039588696\surefirebooter-20260423045356109_3.jar C:\Users\Usuario\AppData\Local\Temp\surefire11267172793039588696 2026-04-23T04-53-55_837-jvmRun1 surefire-20260423045356109_1tmp surefire_0-20260423045356109_2tmp
java_class_path (initial): C:\Users\Usuario\AppData\Local\Temp\surefire11267172793039588696\surefirebooter-20260423045356109_3.jar
Launcher Type: SUN_STANDARD

[Global flags]
     intx CICompilerCount                          = 4                                         {product} {ergonomic}
     uint ConcGCThreads                            = 2                                         {product} {ergonomic}
     uint G1ConcRefinementThreads                  = 8                                         {product} {ergonomic}
   size_t G1HeapRegionSize                         = 1048576                                   {product} {ergonomic}
    uintx GCDrainStackTargetSize                   = 64                                        {product} {ergonomic}
   size_t InitialHeapSize                          = 132120576                                 {product} {ergonomic}
   size_t MarkStackSize                            = 4194304                                   {product} {ergonomic}
   size_t MaxHeapSize                              = 2109734912                                {product} {ergonomic}
   size_t MaxNewSize                               = 1265631232                                {product} {ergonomic}
   size_t MinHeapDeltaBytes                        = 1048576                                   {product} {ergonomic}
   size_t MinHeapSize                              = 8388608                                   {product} {ergonomic}
    uintx NonNMethodCodeHeapSize                   = 5839372                                {pd product} {ergonomic}
    uintx NonProfiledCodeHeapSize                  = 122909434                              {pd product} {ergonomic}
    uintx ProfiledCodeHeapSize                     = 122909434                              {pd product} {ergonomic}
    uintx ReservedCodeCacheSize                    = 251658240                              {pd product} {ergonomic}
     bool SegmentedCodeCache                       = true                                      {product} {ergonomic}
   size_t SoftMaxHeapSize                          = 2109734912                             {manageable} {ergonomic}
     bool UseCompressedOops                        = true                           {product lp64_product} {ergonomic}
     bool UseG1GC                                  = true                                      {product} {ergonomic}
     bool UseLargePagesIndividualAllocation        = false                                  {pd product} {ergonomic}

Logging:
Log output configuration:
 #0: stdout all=warning uptime,level,tags foldmultilines=false
 #1: stderr all=off uptime,level,tags foldmultilines=false

Environment Variables:
JAVA_HOME=D:/mailon/Java/jdk-21.0.10
PATH=D:\Program Files\Git\mingw64\bin;D:\Program Files\Git\usr\bin;C:\Users\Usuario\bin;C:\Program Files\Common Files\Oracle\Java\javapath;C:\WINDOWS\system32;C:\WINDOWS;C:\WINDOWS\System32\Wbem;C:\WINDOWS\System32\WindowsPowerShell\v1.0;C:\WINDOWS\System32\OpenSSH;D:\Program Files\nodejs;D:\mailon\Usuario\Desktop\apache-maven-3.9.14-bin (1)\apache-maven-3.9.14\bin;D:\Program Files\Git\cmd;C:\Users\Usuario\AppData\Local\Programs\Trae\bin;D:\mailon\Usuario\Downloads\ffmpeg-8.0.1-essentials_build\ffmpeg-8.0.1-essentials_build\bin;D:\mailon\Usuario\Desktop\apache-maven-3.9.14-bin (1)\apache-maven-3.9.14\bin;C:\Users\Usuario\AppData\Roaming\npm
USERNAME=Usuario
TERM=xterm-256color
OS=Windows_NT
PROCESSOR_IDENTIFIER=Intel64 Family 6 Model 142 Stepping 12, GenuineIntel
TMP=C:\Users\Usuario\AppData\Local\Temp
TEMP=C:\Users\Usuario\AppData\Local\Temp




Periodic native trim disabled

---------------  S Y S T E M  ---------------

OS:
 Windows 11 , 64 bit Build 26100 (10.0.26100.8246)
OS uptime: 4 days 19:04 hours
Hyper-V role detected

CPU: total 8 (initial active 8) (4 cores per cpu, 2 threads per core) family 6 model 142 stepping 12 microcode 0xde, cx8, cmov, fxsr, ht, mmx, 3dnowpref, sse, sse2, sse3, ssse3, sse4.1, sse4.2, popcnt, lzcnt, tsc, tscinvbit, avx, avx2, aes, erms, clmul, bmi1, bmi2, adx, fma, vzeroupper, clflush, clflushopt, hv, rdtscp, f16c
Processor Information for all 8 processors :
  Max Mhz: 1800, Current Mhz: 1600, Mhz Limit: 1584

Memory: 4k page, system-wide physical 8040M (484M free)
TotalPageFile size 32616M (AvailPageFile size 7M)
current process WorkingSet (physical memory assigned to process): 276M, peak: 277M
current process commit charge ("private bytes"): 313M, peak: 330M

vm_info: Java HotSpot(TM) 64-Bit Server VM (21.0.10+8-LTS-217) for windows-amd64 JRE (21.0.10+8-LTS-217), built on 2025-12-18T14:59:28Z by "mach5run" with MS VC++ 17.13 (VS2022)

END.
