#
# There is insufficient memory for the Java Runtime Environment to continue.
# Native memory allocation (malloc) failed to allocate 1440176 bytes for Chunk::new
# Possible reasons:
#   The system is out of physical RAM or swap space
#   The process is running with CompressedOops enabled, and the Java Heap may be blocking the growth of the native heap
# Possible solutions:
#   Reduce memory load on the system
#   Increase physical memory or swap space
#   Check if swap backing store is full
#   Decrease Java heap size (-Xmx/-Xms)
#   Decrease number of Java threads
#   Decrease Java thread stack sizes (-Xss)
#   Set larger code cache with -XX:ReservedCodeCacheSize=
#   JVM is running with Unscaled Compressed Oops mode in which the Java heap is
#     placed in the first 4GB address space. The Java Heap base address is the
#     maximum limit for the native heap growth. Please use -XX:HeapBaseMinAddress
#     to set the Java Heap base and to place the Java Heap above 4GB virtual address.
# This output file may be truncated or incomplete.
#
#  Out of Memory Error (arena.cpp:168), pid=21112, tid=7276
#
# JRE version: Java(TM) SE Runtime Environment (21.0.10+8) (build 21.0.10+8-LTS-217)
# Java VM: Java HotSpot(TM) 64-Bit Server VM (21.0.10+8-LTS-217, mixed mode, sharing, tiered, compressed oops, compressed class ptrs, g1 gc, windows-amd64)
# No core dump will be written. Minidumps are not enabled by default on client versions of Windows
#

---------------  S U M M A R Y ------------

Command Line: --add-opens=java.base/java.lang=ALL-UNNAMED --enable-native-access=ALL-UNNAMED -Xmx1024m -XX:MaxMetaspaceSize=256m -Dclassworlds.conf=D:/mailon/Usuario/Desktop/apache-maven-3.9.14-bin (1)/apache-maven-3.9.14/bin/m2.conf -Dmaven.home=D:/mailon/Usuario/Desktop/apache-maven-3.9.14-bin (1)/apache-maven-3.9.14 -Dlibrary.jansi.path=D:/mailon/Usuario/Desktop/apache-maven-3.9.14-bin (1)/apache-maven-3.9.14/lib/jansi-native -Dmaven.multiModuleProjectDirectory=D:/mailon/Usuario/Desktop/Smartwallet org.codehaus.plexus.classworlds.launcher.Launcher clean test

Host: Intel(R) Core(TM) i5-8265U CPU @ 1.60GHz, 8 cores, 7G,  Windows 11 , 64 bit Build 26100 (10.0.26100.8246)
Time: Thu Apr 23 05:14:15 2026 Hora oficial do Brasil elapsed time: 32.819695 seconds (0d 0h 0m 32s)

---------------  T H R E A D  ---------------

Current thread (0x0000018a31f034f0):  JavaThread "C2 CompilerThread0" daemon [_thread_in_native, id=7276, stack(0x000000306cb00000,0x000000306cc00000) (1024K)]


Current CompileTask:
C2:  32819 26101 %     4       jdk.nio.zipfs.ZipFileSystem::initCEN @ 199 (473 bytes)

Stack: [0x000000306cb00000,0x000000306cc00000]
Native frames: (J=compiled Java code, j=interpreted, Vv=VM code, C=native code)
V  [jvm.dll+0x6d0b59]
V  [jvm.dll+0x85fd56]
V  [jvm.dll+0x86224e]
V  [jvm.dll+0x862923]
V  [jvm.dll+0x282a16]
V  [jvm.dll+0xc662d]
V  [jvm.dll+0xc6b71]
V  [jvm.dll+0x3bbb21]
V  [jvm.dll+0x387fd2]
V  [jvm.dll+0x38741a]
V  [jvm.dll+0x24b370]
V  [jvm.dll+0x24a94f]
V  [jvm.dll+0x1cacfe]
V  [jvm.dll+0x25a629]
V  [jvm.dll+0x258bb5]
V  [jvm.dll+0x3f4da1]
V  [jvm.dll+0x80a83d]
V  [jvm.dll+0x6cf3fd]
C  [ucrtbase.dll+0x37b0]
C  [KERNEL32.DLL+0x2e8d7]
C  [ntdll.dll+0x8c3fc]


---------------  P R O C E S S  ---------------

Threads class SMR info:
_java_thread_list=0x0000018a491e7d40, length=14, elements={
0x0000018a168e9920, 0x0000018a31ef9190, 0x0000018a31efbc00, 0x0000018a31f00220,
0x0000018a31f014f0, 0x0000018a31f04e80, 0x0000018a31f058e0, 0x0000018a31f034f0,
0x0000018a31f0b390, 0x0000018a442cc410, 0x0000018a442ee700, 0x0000018a44ea1fd0,
0x0000018a44f25450, 0x0000018a44a6bc90
}

Java Threads: ( => current thread )
  0x0000018a168e9920 JavaThread "main"                              [_thread_in_native, id=26092, stack(0x000000306bd00000,0x000000306be00000) (1024K)]
  0x0000018a31ef9190 JavaThread "Reference Handler"          daemon [_thread_blocked, id=4940, stack(0x000000306c500000,0x000000306c600000) (1024K)]
  0x0000018a31efbc00 JavaThread "Finalizer"                  daemon [_thread_blocked, id=15040, stack(0x000000306c600000,0x000000306c700000) (1024K)]
  0x0000018a31f00220 JavaThread "Signal Dispatcher"          daemon [_thread_blocked, id=29504, stack(0x000000306c700000,0x000000306c800000) (1024K)]
  0x0000018a31f014f0 JavaThread "Attach Listener"            daemon [_thread_blocked, id=21640, stack(0x000000306c800000,0x000000306c900000) (1024K)]
  0x0000018a31f04e80 JavaThread "Service Thread"             daemon [_thread_blocked, id=21528, stack(0x000000306c900000,0x000000306ca00000) (1024K)]
  0x0000018a31f058e0 JavaThread "Monitor Deflation Thread"   daemon [_thread_blocked, id=24508, stack(0x000000306ca00000,0x000000306cb00000) (1024K)]
=>0x0000018a31f034f0 JavaThread "C2 CompilerThread0"         daemon [_thread_in_native, id=7276, stack(0x000000306cb00000,0x000000306cc00000) (1024K)]
  0x0000018a31f0b390 JavaThread "C1 CompilerThread0"         daemon [_thread_in_native, id=21632, stack(0x000000306cc00000,0x000000306cd00000) (1024K)]
  0x0000018a442cc410 JavaThread "Notification Thread"        daemon [_thread_blocked, id=29712, stack(0x000000306cd00000,0x000000306ce00000) (1024K)]
  0x0000018a442ee700 JavaThread "Common-Cleaner"             daemon [_thread_blocked, id=29452, stack(0x000000306ce00000,0x000000306cf00000) (1024K)]
  0x0000018a44ea1fd0 JavaThread "Thread-1"                   daemon [_thread_blocked, id=28576, stack(0x000000306d800000,0x000000306d900000) (1024K)]
  0x0000018a44f25450 JavaThread "resolver-1"                 daemon [_thread_blocked, id=28708, stack(0x000000306da00000,0x000000306db00000) (1024K)]
  0x0000018a44a6bc90 JavaThread "C2 CompilerThread1"         daemon [_thread_in_native, id=29988, stack(0x000000306cf00000,0x000000306d000000) (1024K)]
Total: 14

Other Threads:
  0x0000018a31ed83b0 VMThread "VM Thread"                           [id=27968, stack(0x000000306c400000,0x000000306c500000) (1024K)]
  0x0000018a31ec2740 WatcherThread "VM Periodic Task Thread"        [id=16736, stack(0x000000306c300000,0x000000306c400000) (1024K)]
  0x0000018a1691e0e0 WorkerThread "GC Thread#0"                     [id=23604, stack(0x000000306be00000,0x000000306bf00000) (1024K)]
  0x0000018a44dcd160 WorkerThread "GC Thread#1"                     [id=14256, stack(0x000000306d100000,0x000000306d200000) (1024K)]
  0x0000018a44dcd510 WorkerThread "GC Thread#2"                     [id=19868, stack(0x000000306d200000,0x000000306d300000) (1024K)]
  0x0000018a44dfa0c0 WorkerThread "GC Thread#3"                     [id=24744, stack(0x000000306d300000,0x000000306d400000) (1024K)]
  0x0000018a45338fb0 WorkerThread "GC Thread#4"                     [id=17176, stack(0x000000306d400000,0x000000306d500000) (1024K)]
  0x0000018a455be8d0 WorkerThread "GC Thread#5"                     [id=29492, stack(0x000000306d500000,0x000000306d600000) (1024K)]
  0x0000018a452db8b0 WorkerThread "GC Thread#6"                     [id=27180, stack(0x000000306d600000,0x000000306d700000) (1024K)]
  0x0000018a452dbc60 WorkerThread "GC Thread#7"                     [id=29612, stack(0x000000306d700000,0x000000306d800000) (1024K)]
  0x0000018a16926fe0 ConcurrentGCThread "G1 Main Marker"            [id=24516, stack(0x000000306bf00000,0x000000306c000000) (1024K)]
  0x0000018a16927a00 WorkerThread "G1 Conc#0"                       [id=28420, stack(0x000000306c000000,0x000000306c100000) (1024K)]
  0x0000018a45a77180 WorkerThread "G1 Conc#1"                       [id=16640, stack(0x000000306d900000,0x000000306da00000) (1024K)]
  0x0000018a31d981b0 ConcurrentGCThread "G1 Refine#0"               [id=24352, stack(0x000000306c100000,0x000000306c200000) (1024K)]
  0x0000018a31d98ae0 ConcurrentGCThread "G1 Service"                [id=25796, stack(0x000000306c200000,0x000000306c300000) (1024K)]
Total: 15

Threads with active compile tasks:
C2 CompilerThread0    32916 26101 %     4       jdk.nio.zipfs.ZipFileSystem::initCEN @ 199 (473 bytes)
C1 CompilerThread0    32916 26583  s!   3       jdk.nio.zipfs.ZipDirectoryStream::iterator (73 bytes)
C2 CompilerThread1    32916 26362   !   4       com.sun.tools.javac.parser.JavaTokenizer::readToken (1823 bytes)
Total: 3

VM state: not at safepoint (normal execution)

VM Mutex/Monitor currently owned by a thread:  ([mutex/lock_event])
[0x00007ffd69be8a90] MethodCompileQueue_lock - owner thread: 0x0000000000000000

Heap address: 0x00000000c0000000, size: 1024 MB, Compressed Oops mode: 32-bit

CDS archive(s) mapped at: [0x0000018a32000000-0x0000018a32c90000-0x0000018a32c90000), size 13172736, SharedBaseAddress: 0x0000018a32000000, ArchiveRelocationMode: 1.
Compressed class space mapped at: 0x0000018a33000000-0x0000018a40000000, reserved size: 218103808
Narrow klass base: 0x0000018a32000000, Narrow klass shift: 0, Narrow klass range: 0x100000000

GC Precious Log:
 CardTable entry size: 512
 Card Set container configuration: InlinePtr #cards 5 size 8 Array Of Cards #cards 12 size 40 Howl #buckets 4 coarsen threshold 1843 Howl Bitmap #cards 512 size 80 coarsen threshold 460 Card regions per heap region 1 cards per card region 2048
 CPUs: 8 total, 8 available
 Memory: 8040M
 Large Page Support: Disabled
 NUMA Support: Disabled
 Compressed Oops: Enabled (32-bit)
 Heap Region Size: 1M
 Heap Min Capacity: 8M
 Heap Initial Capacity: 126M
 Heap Max Capacity: 1G
 Pre-touch: Disabled
 Parallel Workers: 8
 Concurrent Workers: 2
 Concurrent Refinement Workers: 8
 Periodic GC: Disabled

Heap:
 garbage-first heap   total 159744K, used 102632K [0x00000000c0000000, 0x0000000100000000)
  region size 1024K, 14 young (14336K), 8 survivors (8192K)
 Metaspace       used 109910K, committed 111040K, reserved 344064K
  class space    used 11749K, committed 12288K, reserved 212992K

Heap Regions: E=young(eden), S=young(survivor), O=old, HS=humongous(starts), HC=humongous(continues), CS=collection set, F=free, TAMS=top-at-mark-start, PB=parsable bottom
|   0|0x00000000c0000000, 0x00000000c0100000, 0x00000000c0100000|100%| O|  |TAMS 0x00000000c0000000| PB 0x00000000c0000000| Untracked 
|   1|0x00000000c0100000, 0x00000000c0200000, 0x00000000c0200000|100%| O|  |TAMS 0x00000000c0100000| PB 0x00000000c0100000| Untracked 
|   2|0x00000000c0200000, 0x00000000c0300000, 0x00000000c0300000|100%| O|  |TAMS 0x00000000c0200000| PB 0x00000000c0200000| Untracked 
|   3|0x00000000c0300000, 0x00000000c0400000, 0x00000000c0400000|100%| O|  |TAMS 0x00000000c0300000| PB 0x00000000c0300000| Untracked 
|   4|0x00000000c0400000, 0x00000000c0500000, 0x00000000c0500000|100%| O|  |TAMS 0x00000000c0400000| PB 0x00000000c0400000| Untracked 
|   5|0x00000000c0500000, 0x00000000c0600000, 0x00000000c0600000|100%| O|  |TAMS 0x00000000c0500000| PB 0x00000000c0500000| Untracked 
|   6|0x00000000c0600000, 0x00000000c0700000, 0x00000000c0700000|100%| O|  |TAMS 0x00000000c0600000| PB 0x00000000c0600000| Untracked 
|   7|0x00000000c0700000, 0x00000000c0800000, 0x00000000c0800000|100%| O|  |TAMS 0x00000000c0700000| PB 0x00000000c0700000| Untracked 
|   8|0x00000000c0800000, 0x00000000c0900000, 0x00000000c0900000|100%| O|  |TAMS 0x00000000c0800000| PB 0x00000000c0800000| Untracked 
|   9|0x00000000c0900000, 0x00000000c0a00000, 0x00000000c0a00000|100%| O|  |TAMS 0x00000000c0900000| PB 0x00000000c0900000| Untracked 
|  10|0x00000000c0a00000, 0x00000000c0b00000, 0x00000000c0b00000|100%| O|  |TAMS 0x00000000c0a00000| PB 0x00000000c0a00000| Untracked 
|  11|0x00000000c0b00000, 0x00000000c0c00000, 0x00000000c0c00000|100%| O|  |TAMS 0x00000000c0b00000| PB 0x00000000c0b00000| Untracked 
|  12|0x00000000c0c00000, 0x00000000c0d00000, 0x00000000c0d00000|100%| O|  |TAMS 0x00000000c0c00000| PB 0x00000000c0c00000| Untracked 
|  13|0x00000000c0d00000, 0x00000000c0e00000, 0x00000000c0e00000|100%| O|  |TAMS 0x00000000c0d00000| PB 0x00000000c0d00000| Untracked 
|  14|0x00000000c0e00000, 0x00000000c0f00000, 0x00000000c0f00000|100%| O|  |TAMS 0x00000000c0e00000| PB 0x00000000c0e00000| Untracked 
|  15|0x00000000c0f00000, 0x00000000c1000000, 0x00000000c1000000|100%| O|  |TAMS 0x00000000c0f00000| PB 0x00000000c0f00000| Untracked 
|  16|0x00000000c1000000, 0x00000000c1100000, 0x00000000c1100000|100%| O|  |TAMS 0x00000000c1000000| PB 0x00000000c1000000| Untracked 
|  17|0x00000000c1100000, 0x00000000c1100000, 0x00000000c1200000|  0%| F|  |TAMS 0x00000000c1100000| PB 0x00000000c1100000| Untracked 
|  18|0x00000000c1200000, 0x00000000c1300000, 0x00000000c1300000|100%| O|  |TAMS 0x00000000c1200000| PB 0x00000000c1200000| Untracked 
|  19|0x00000000c1300000, 0x00000000c1400000, 0x00000000c1400000|100%| O|  |TAMS 0x00000000c1300000| PB 0x00000000c1300000| Untracked 
|  20|0x00000000c1400000, 0x00000000c1500000, 0x00000000c1500000|100%| O|  |TAMS 0x00000000c1400000| PB 0x00000000c1400000| Untracked 
|  21|0x00000000c1500000, 0x00000000c1600000, 0x00000000c1600000|100%| O|  |TAMS 0x00000000c1500000| PB 0x00000000c1500000| Untracked 
|  22|0x00000000c1600000, 0x00000000c1700000, 0x00000000c1700000|100%| O|  |TAMS 0x00000000c1600000| PB 0x00000000c1600000| Untracked 
|  23|0x00000000c1700000, 0x00000000c1800000, 0x00000000c1800000|100%| O|  |TAMS 0x00000000c1700000| PB 0x00000000c1700000| Untracked 
|  24|0x00000000c1800000, 0x00000000c1900000, 0x00000000c1900000|100%| O|  |TAMS 0x00000000c1800000| PB 0x00000000c1800000| Untracked 
|  25|0x00000000c1900000, 0x00000000c1a00000, 0x00000000c1a00000|100%| O|  |TAMS 0x00000000c1900000| PB 0x00000000c1900000| Untracked 
|  26|0x00000000c1a00000, 0x00000000c1b00000, 0x00000000c1b00000|100%| O|  |TAMS 0x00000000c1a00000| PB 0x00000000c1a00000| Untracked 
|  27|0x00000000c1b00000, 0x00000000c1c00000, 0x00000000c1c00000|100%| O|  |TAMS 0x00000000c1b00000| PB 0x00000000c1b00000| Untracked 
|  28|0x00000000c1c00000, 0x00000000c1d00000, 0x00000000c1d00000|100%| O|  |TAMS 0x00000000c1c00000| PB 0x00000000c1c00000| Untracked 
|  29|0x00000000c1d00000, 0x00000000c1e00000, 0x00000000c1e00000|100%| O|  |TAMS 0x00000000c1d00000| PB 0x00000000c1d00000| Untracked 
|  30|0x00000000c1e00000, 0x00000000c1f00000, 0x00000000c1f00000|100%| O|  |TAMS 0x00000000c1e00000| PB 0x00000000c1e00000| Untracked 
|  31|0x00000000c1f00000, 0x00000000c2000000, 0x00000000c2000000|100%| O|  |TAMS 0x00000000c1f00000| PB 0x00000000c1f00000| Untracked 
|  32|0x00000000c2000000, 0x00000000c2100000, 0x00000000c2100000|100%| O|  |TAMS 0x00000000c2000000| PB 0x00000000c2000000| Untracked 
|  33|0x00000000c2100000, 0x00000000c2200000, 0x00000000c2200000|100%| O|  |TAMS 0x00000000c2100000| PB 0x00000000c2100000| Untracked 
|  34|0x00000000c2200000, 0x00000000c2300000, 0x00000000c2300000|100%| O|  |TAMS 0x00000000c2200000| PB 0x00000000c2200000| Untracked 
|  35|0x00000000c2300000, 0x00000000c2400000, 0x00000000c2400000|100%| O|Cm|TAMS 0x00000000c2300000| PB 0x00000000c2300000| Complete 
|  36|0x00000000c2400000, 0x00000000c2500000, 0x00000000c2500000|100%| O|  |TAMS 0x00000000c2400000| PB 0x00000000c2400000| Untracked 
|  37|0x00000000c2500000, 0x00000000c2600000, 0x00000000c2600000|100%| O|  |TAMS 0x00000000c2500000| PB 0x00000000c2500000| Untracked 
|  38|0x00000000c2600000, 0x00000000c2700000, 0x00000000c2700000|100%| O|  |TAMS 0x00000000c2600000| PB 0x00000000c2600000| Untracked 
|  39|0x00000000c2700000, 0x00000000c2800000, 0x00000000c2800000|100%| O|  |TAMS 0x00000000c2700000| PB 0x00000000c2700000| Untracked 
|  40|0x00000000c2800000, 0x00000000c2900000, 0x00000000c2900000|100%| O|  |TAMS 0x00000000c2800000| PB 0x00000000c2800000| Untracked 
|  41|0x00000000c2900000, 0x00000000c2a00000, 0x00000000c2a00000|100%| O|  |TAMS 0x00000000c2900000| PB 0x00000000c2900000| Untracked 
|  42|0x00000000c2a00000, 0x00000000c2b00000, 0x00000000c2b00000|100%| O|  |TAMS 0x00000000c2a00000| PB 0x00000000c2a00000| Untracked 
|  43|0x00000000c2b00000, 0x00000000c2c00000, 0x00000000c2c00000|100%| O|  |TAMS 0x00000000c2b00000| PB 0x00000000c2b00000| Untracked 
|  44|0x00000000c2c00000, 0x00000000c2d00000, 0x00000000c2d00000|100%| O|  |TAMS 0x00000000c2c00000| PB 0x00000000c2c00000| Untracked 
|  45|0x00000000c2d00000, 0x00000000c2e00000, 0x00000000c2e00000|100%| O|  |TAMS 0x00000000c2d00000| PB 0x00000000c2d00000| Untracked 
|  46|0x00000000c2e00000, 0x00000000c2f00000, 0x00000000c2f00000|100%| O|  |TAMS 0x00000000c2e00000| PB 0x00000000c2e00000| Untracked 
|  47|0x00000000c2f00000, 0x00000000c3000000, 0x00000000c3000000|100%| O|  |TAMS 0x00000000c2f00000| PB 0x00000000c2f00000| Untracked 
|  48|0x00000000c3000000, 0x00000000c3100000, 0x00000000c3100000|100%|HS|  |TAMS 0x00000000c3000000| PB 0x00000000c3000000| Complete 
|  49|0x00000000c3100000, 0x00000000c3200000, 0x00000000c3200000|100%|HC|  |TAMS 0x00000000c3100000| PB 0x00000000c3100000| Complete 
|  50|0x00000000c3200000, 0x00000000c3300000, 0x00000000c3300000|100%|HC|  |TAMS 0x00000000c3200000| PB 0x00000000c3200000| Complete 
|  51|0x00000000c3300000, 0x00000000c3400000, 0x00000000c3400000|100%|HC|  |TAMS 0x00000000c3300000| PB 0x00000000c3300000| Complete 
|  52|0x00000000c3400000, 0x00000000c3500000, 0x00000000c3500000|100%| O|Cm|TAMS 0x00000000c3400000| PB 0x00000000c3400000| Complete 
|  53|0x00000000c3500000, 0x00000000c3600000, 0x00000000c3600000|100%| O|  |TAMS 0x00000000c3500000| PB 0x00000000c3500000| Untracked 
|  54|0x00000000c3600000, 0x00000000c3700000, 0x00000000c3700000|100%| O|  |TAMS 0x00000000c3600000| PB 0x00000000c3600000| Untracked 
|  55|0x00000000c3700000, 0x00000000c3800000, 0x00000000c3800000|100%| O|  |TAMS 0x00000000c3700000| PB 0x00000000c3700000| Untracked 
|  56|0x00000000c3800000, 0x00000000c3900000, 0x00000000c3900000|100%| O|  |TAMS 0x00000000c3800000| PB 0x00000000c3800000| Untracked 
|  57|0x00000000c3900000, 0x00000000c3a00000, 0x00000000c3a00000|100%| O|  |TAMS 0x00000000c3900000| PB 0x00000000c3900000| Untracked 
|  58|0x00000000c3a00000, 0x00000000c3b00000, 0x00000000c3b00000|100%| O|  |TAMS 0x00000000c3a00000| PB 0x00000000c3a00000| Untracked 
|  59|0x00000000c3b00000, 0x00000000c3c00000, 0x00000000c3c00000|100%| O|  |TAMS 0x00000000c3b00000| PB 0x00000000c3b00000| Untracked 
|  60|0x00000000c3c00000, 0x00000000c3d00000, 0x00000000c3d00000|100%| O|  |TAMS 0x00000000c3c00000| PB 0x00000000c3c00000| Untracked 
|  61|0x00000000c3d00000, 0x00000000c3e00000, 0x00000000c3e00000|100%| O|  |TAMS 0x00000000c3d00000| PB 0x00000000c3d00000| Untracked 
|  62|0x00000000c3e00000, 0x00000000c3f00000, 0x00000000c3f00000|100%| O|  |TAMS 0x00000000c3e00000| PB 0x00000000c3e00000| Untracked 
|  63|0x00000000c3f00000, 0x00000000c4000000, 0x00000000c4000000|100%| O|Cm|TAMS 0x00000000c3f00000| PB 0x00000000c3f00000| Complete 
|  64|0x00000000c4000000, 0x00000000c4100000, 0x00000000c4100000|100%| O|  |TAMS 0x00000000c4000000| PB 0x00000000c4000000| Untracked 
|  65|0x00000000c4100000, 0x00000000c4200000, 0x00000000c4200000|100%| O|  |TAMS 0x00000000c4100000| PB 0x00000000c4100000| Untracked 
|  66|0x00000000c4200000, 0x00000000c4300000, 0x00000000c4300000|100%| O|  |TAMS 0x00000000c4200000| PB 0x00000000c4200000| Untracked 
|  67|0x00000000c4300000, 0x00000000c4400000, 0x00000000c4400000|100%| O|  |TAMS 0x00000000c4300000| PB 0x00000000c4300000| Untracked 
|  68|0x00000000c4400000, 0x00000000c4500000, 0x00000000c4500000|100%| O|  |TAMS 0x00000000c4400000| PB 0x00000000c4400000| Untracked 
|  69|0x00000000c4500000, 0x00000000c4600000, 0x00000000c4600000|100%| O|  |TAMS 0x00000000c4500000| PB 0x00000000c4500000| Untracked 
|  70|0x00000000c4600000, 0x00000000c4700000, 0x00000000c4700000|100%| O|  |TAMS 0x00000000c4600000| PB 0x00000000c4600000| Untracked 
|  71|0x00000000c4700000, 0x00000000c4800000, 0x00000000c4800000|100%| O|Cm|TAMS 0x00000000c4700000| PB 0x00000000c4700000| Complete 
|  72|0x00000000c4800000, 0x00000000c4900000, 0x00000000c4900000|100%| O|  |TAMS 0x00000000c4800000| PB 0x00000000c4800000| Untracked 
|  73|0x00000000c4900000, 0x00000000c4a00000, 0x00000000c4a00000|100%| O|  |TAMS 0x00000000c4900000| PB 0x00000000c4900000| Untracked 
|  74|0x00000000c4a00000, 0x00000000c4b00000, 0x00000000c4b00000|100%| O|Cm|TAMS 0x00000000c4a00000| PB 0x00000000c4a00000| Complete 
|  75|0x00000000c4b00000, 0x00000000c4c00000, 0x00000000c4c00000|100%| O|  |TAMS 0x00000000c4b00000| PB 0x00000000c4b00000| Untracked 
|  76|0x00000000c4c00000, 0x00000000c4d00000, 0x00000000c4d00000|100%| O|  |TAMS 0x00000000c4c00000| PB 0x00000000c4c00000| Untracked 
|  77|0x00000000c4d00000, 0x00000000c4e00000, 0x00000000c4e00000|100%| O|  |TAMS 0x00000000c4d00000| PB 0x00000000c4d00000| Untracked 
|  78|0x00000000c4e00000, 0x00000000c4f00000, 0x00000000c4f00000|100%| O|  |TAMS 0x00000000c4e00000| PB 0x00000000c4e00000| Untracked 
|  79|0x00000000c4f00000, 0x00000000c5000000, 0x00000000c5000000|100%| O|  |TAMS 0x00000000c4f00000| PB 0x00000000c4f00000| Untracked 
|  80|0x00000000c5000000, 0x00000000c5100000, 0x00000000c5100000|100%|HS|  |TAMS 0x00000000c5000000| PB 0x00000000c5000000| Complete 
|  81|0x00000000c5100000, 0x00000000c5200000, 0x00000000c5200000|100%|HC|  |TAMS 0x00000000c5100000| PB 0x00000000c5100000| Complete 
|  82|0x00000000c5200000, 0x00000000c5300000, 0x00000000c5300000|100%|HC|  |TAMS 0x00000000c5200000| PB 0x00000000c5200000| Complete 
|  83|0x00000000c5300000, 0x00000000c5400000, 0x00000000c5400000|100%| O|  |TAMS 0x00000000c5300000| PB 0x00000000c5300000| Untracked 
|  84|0x00000000c5400000, 0x00000000c543a248, 0x00000000c5500000| 22%| O|  |TAMS 0x00000000c5400000| PB 0x00000000c5400000| Untracked 
|  85|0x00000000c5500000, 0x00000000c5500000, 0x00000000c5600000|  0%| F|  |TAMS 0x00000000c5500000| PB 0x00000000c5500000| Untracked 
|  86|0x00000000c5600000, 0x00000000c5600000, 0x00000000c5700000|  0%| F|  |TAMS 0x00000000c5600000| PB 0x00000000c5600000| Untracked 
|  87|0x00000000c5700000, 0x00000000c5700000, 0x00000000c5800000|  0%| F|  |TAMS 0x00000000c5700000| PB 0x00000000c5700000| Untracked 
|  88|0x00000000c5800000, 0x00000000c5900000, 0x00000000c5900000|100%| S|CS|TAMS 0x00000000c5800000| PB 0x00000000c5800000| Complete 
|  89|0x00000000c5900000, 0x00000000c5a00000, 0x00000000c5a00000|100%| S|CS|TAMS 0x00000000c5900000| PB 0x00000000c5900000| Complete 
|  90|0x00000000c5a00000, 0x00000000c5a00000, 0x00000000c5b00000|  0%| F|  |TAMS 0x00000000c5a00000| PB 0x00000000c5a00000| Untracked 
|  91|0x00000000c5b00000, 0x00000000c5b00000, 0x00000000c5c00000|  0%| F|  |TAMS 0x00000000c5b00000| PB 0x00000000c5b00000| Untracked 
|  92|0x00000000c5c00000, 0x00000000c5d00000, 0x00000000c5d00000|100%| S|CS|TAMS 0x00000000c5c00000| PB 0x00000000c5c00000| Complete 
|  93|0x00000000c5d00000, 0x00000000c5e00000, 0x00000000c5e00000|100%| S|CS|TAMS 0x00000000c5d00000| PB 0x00000000c5d00000| Complete 
|  94|0x00000000c5e00000, 0x00000000c5f00000, 0x00000000c5f00000|100%| S|CS|TAMS 0x00000000c5e00000| PB 0x00000000c5e00000| Complete 
|  95|0x00000000c5f00000, 0x00000000c6000000, 0x00000000c6000000|100%| S|CS|TAMS 0x00000000c5f00000| PB 0x00000000c5f00000| Complete 
|  96|0x00000000c6000000, 0x00000000c6000000, 0x00000000c6100000|  0%| F|  |TAMS 0x00000000c6000000| PB 0x00000000c6000000| Untracked 
|  97|0x00000000c6100000, 0x00000000c6100000, 0x00000000c6200000|  0%| F|  |TAMS 0x00000000c6100000| PB 0x00000000c6100000| Untracked 
|  98|0x00000000c6200000, 0x00000000c6200000, 0x00000000c6300000|  0%| F|  |TAMS 0x00000000c6200000| PB 0x00000000c6200000| Untracked 
|  99|0x00000000c6300000, 0x00000000c6400000, 0x00000000c6400000|100%| S|CS|TAMS 0x00000000c6300000| PB 0x00000000c6300000| Complete 
| 100|0x00000000c6400000, 0x00000000c6500000, 0x00000000c6500000|100%| S|CS|TAMS 0x00000000c6400000| PB 0x00000000c6400000| Complete 
| 101|0x00000000c6500000, 0x00000000c6500000, 0x00000000c6600000|  0%| F|  |TAMS 0x00000000c6500000| PB 0x00000000c6500000| Untracked 
| 102|0x00000000c6600000, 0x00000000c6600000, 0x00000000c6700000|  0%| F|  |TAMS 0x00000000c6600000| PB 0x00000000c6600000| Untracked 
| 103|0x00000000c6700000, 0x00000000c6700000, 0x00000000c6800000|  0%| F|  |TAMS 0x00000000c6700000| PB 0x00000000c6700000| Untracked 
| 104|0x00000000c6800000, 0x00000000c6800000, 0x00000000c6900000|  0%| F|  |TAMS 0x00000000c6800000| PB 0x00000000c6800000| Untracked 
| 105|0x00000000c6900000, 0x00000000c6900000, 0x00000000c6a00000|  0%| F|  |TAMS 0x00000000c6900000| PB 0x00000000c6900000| Untracked 
| 106|0x00000000c6a00000, 0x00000000c6a00000, 0x00000000c6b00000|  0%| F|  |TAMS 0x00000000c6a00000| PB 0x00000000c6a00000| Untracked 
| 107|0x00000000c6b00000, 0x00000000c6b00000, 0x00000000c6c00000|  0%| F|  |TAMS 0x00000000c6b00000| PB 0x00000000c6b00000| Untracked 
| 108|0x00000000c6c00000, 0x00000000c6c00000, 0x00000000c6d00000|  0%| F|  |TAMS 0x00000000c6c00000| PB 0x00000000c6c00000| Untracked 
| 109|0x00000000c6d00000, 0x00000000c6d00000, 0x00000000c6e00000|  0%| F|  |TAMS 0x00000000c6d00000| PB 0x00000000c6d00000| Untracked 
| 110|0x00000000c6e00000, 0x00000000c6e00000, 0x00000000c6f00000|  0%| F|  |TAMS 0x00000000c6e00000| PB 0x00000000c6e00000| Untracked 
| 111|0x00000000c6f00000, 0x00000000c6f00000, 0x00000000c7000000|  0%| F|  |TAMS 0x00000000c6f00000| PB 0x00000000c6f00000| Untracked 
| 112|0x00000000c7000000, 0x00000000c7000000, 0x00000000c7100000|  0%| F|  |TAMS 0x00000000c7000000| PB 0x00000000c7000000| Untracked 
| 113|0x00000000c7100000, 0x00000000c7100000, 0x00000000c7200000|  0%| F|  |TAMS 0x00000000c7100000| PB 0x00000000c7100000| Untracked 
| 114|0x00000000c7200000, 0x00000000c7200000, 0x00000000c7300000|  0%| F|  |TAMS 0x00000000c7200000| PB 0x00000000c7200000| Untracked 
| 115|0x00000000c7300000, 0x00000000c7300000, 0x00000000c7400000|  0%| F|  |TAMS 0x00000000c7300000| PB 0x00000000c7300000| Untracked 
| 116|0x00000000c7400000, 0x00000000c7400000, 0x00000000c7500000|  0%| F|  |TAMS 0x00000000c7400000| PB 0x00000000c7400000| Untracked 
| 117|0x00000000c7500000, 0x00000000c7500000, 0x00000000c7600000|  0%| F|  |TAMS 0x00000000c7500000| PB 0x00000000c7500000| Untracked 
| 118|0x00000000c7600000, 0x00000000c7600000, 0x00000000c7700000|  0%| F|  |TAMS 0x00000000c7600000| PB 0x00000000c7600000| Untracked 
| 119|0x00000000c7700000, 0x00000000c7700000, 0x00000000c7800000|  0%| F|  |TAMS 0x00000000c7700000| PB 0x00000000c7700000| Untracked 
| 120|0x00000000c7800000, 0x00000000c7800000, 0x00000000c7900000|  0%| F|  |TAMS 0x00000000c7800000| PB 0x00000000c7800000| Untracked 
| 121|0x00000000c7900000, 0x00000000c7900000, 0x00000000c7a00000|  0%| F|  |TAMS 0x00000000c7900000| PB 0x00000000c7900000| Untracked 
| 122|0x00000000c7a00000, 0x00000000c7a00000, 0x00000000c7b00000|  0%| F|  |TAMS 0x00000000c7a00000| PB 0x00000000c7a00000| Untracked 
| 123|0x00000000c7b00000, 0x00000000c7b00000, 0x00000000c7c00000|  0%| F|  |TAMS 0x00000000c7b00000| PB 0x00000000c7b00000| Untracked 
| 124|0x00000000c7c00000, 0x00000000c7c00000, 0x00000000c7d00000|  0%| F|  |TAMS 0x00000000c7c00000| PB 0x00000000c7c00000| Untracked 
| 125|0x00000000c7d00000, 0x00000000c7d00000, 0x00000000c7e00000|  0%| F|  |TAMS 0x00000000c7d00000| PB 0x00000000c7d00000| Untracked 
| 126|0x00000000c7e00000, 0x00000000c7e00000, 0x00000000c7f00000|  0%| F|  |TAMS 0x00000000c7e00000| PB 0x00000000c7e00000| Untracked 
| 127|0x00000000c7f00000, 0x00000000c7f00000, 0x00000000c8000000|  0%| F|  |TAMS 0x00000000c7f00000| PB 0x00000000c7f00000| Untracked 
| 128|0x00000000c8000000, 0x00000000c8000000, 0x00000000c8100000|  0%| F|  |TAMS 0x00000000c8000000| PB 0x00000000c8000000| Untracked 
| 129|0x00000000c8100000, 0x00000000c8100000, 0x00000000c8200000|  0%| F|  |TAMS 0x00000000c8100000| PB 0x00000000c8100000| Untracked 
| 130|0x00000000c8200000, 0x00000000c8200000, 0x00000000c8300000|  0%| F|  |TAMS 0x00000000c8200000| PB 0x00000000c8200000| Untracked 
| 131|0x00000000c8300000, 0x00000000c8300000, 0x00000000c8400000|  0%| F|  |TAMS 0x00000000c8300000| PB 0x00000000c8300000| Untracked 
| 132|0x00000000c8400000, 0x00000000c8400000, 0x00000000c8500000|  0%| F|  |TAMS 0x00000000c8400000| PB 0x00000000c8400000| Untracked 
| 133|0x00000000c8500000, 0x00000000c8500000, 0x00000000c8600000|  0%| F|  |TAMS 0x00000000c8500000| PB 0x00000000c8500000| Untracked 
| 134|0x00000000c8600000, 0x00000000c8600000, 0x00000000c8700000|  0%| F|  |TAMS 0x00000000c8600000| PB 0x00000000c8600000| Untracked 
| 135|0x00000000c8700000, 0x00000000c8700000, 0x00000000c8800000|  0%| F|  |TAMS 0x00000000c8700000| PB 0x00000000c8700000| Untracked 
|1004|0x00000000fec00000, 0x00000000fed00000, 0x00000000fed00000|100%| O|  |TAMS 0x00000000fec00000| PB 0x00000000fec00000| Untracked 
|1005|0x00000000fed00000, 0x00000000fed00000, 0x00000000fee00000|  0%| F|  |TAMS 0x00000000fed00000| PB 0x00000000fed00000| Untracked 
|1006|0x00000000fee00000, 0x00000000fee00000, 0x00000000fef00000|  0%| F|  |TAMS 0x00000000fee00000| PB 0x00000000fee00000| Untracked 
|1007|0x00000000fef00000, 0x00000000fef00000, 0x00000000ff000000|  0%| F|  |TAMS 0x00000000fef00000| PB 0x00000000fef00000| Untracked 
|1008|0x00000000ff000000, 0x00000000ff000000, 0x00000000ff100000|  0%| F|  |TAMS 0x00000000ff000000| PB 0x00000000ff000000| Untracked 
|1009|0x00000000ff100000, 0x00000000ff100000, 0x00000000ff200000|  0%| F|  |TAMS 0x00000000ff100000| PB 0x00000000ff100000| Untracked 
|1010|0x00000000ff200000, 0x00000000ff200000, 0x00000000ff300000|  0%| F|  |TAMS 0x00000000ff200000| PB 0x00000000ff200000| Untracked 
|1011|0x00000000ff300000, 0x00000000ff300000, 0x00000000ff400000|  0%| F|  |TAMS 0x00000000ff300000| PB 0x00000000ff300000| Untracked 
|1012|0x00000000ff400000, 0x00000000ff400000, 0x00000000ff500000|  0%| F|  |TAMS 0x00000000ff400000| PB 0x00000000ff400000| Untracked 
|1013|0x00000000ff500000, 0x00000000ff500000, 0x00000000ff600000|  0%| F|  |TAMS 0x00000000ff500000| PB 0x00000000ff500000| Untracked 
|1014|0x00000000ff600000, 0x00000000ff600000, 0x00000000ff700000|  0%| F|  |TAMS 0x00000000ff600000| PB 0x00000000ff600000| Untracked 
|1015|0x00000000ff700000, 0x00000000ff800000, 0x00000000ff800000|100%| E|  |TAMS 0x00000000ff700000| PB 0x00000000ff700000| Complete 
|1016|0x00000000ff800000, 0x00000000ff900000, 0x00000000ff900000|100%| E|CS|TAMS 0x00000000ff800000| PB 0x00000000ff800000| Complete 
|1017|0x00000000ff900000, 0x00000000ffa00000, 0x00000000ffa00000|100%| O|Cm|TAMS 0x00000000ff900000| PB 0x00000000ff900000| Complete 
|1018|0x00000000ffa00000, 0x00000000ffb00000, 0x00000000ffb00000|100%| O|Cm|TAMS 0x00000000ffa00000| PB 0x00000000ffa00000| Complete 
|1019|0x00000000ffb00000, 0x00000000ffc00000, 0x00000000ffc00000|100%| O|  |TAMS 0x00000000ffb00000| PB 0x00000000ffb00000| Untracked 
|1020|0x00000000ffc00000, 0x00000000ffd00000, 0x00000000ffd00000|100%| E|CS|TAMS 0x00000000ffc00000| PB 0x00000000ffc00000| Complete 
|1021|0x00000000ffd00000, 0x00000000ffe00000, 0x00000000ffe00000|100%| E|CS|TAMS 0x00000000ffd00000| PB 0x00000000ffd00000| Complete 
|1022|0x00000000ffe00000, 0x00000000fff00000, 0x00000000fff00000|100%| E|CS|TAMS 0x00000000ffe00000| PB 0x00000000ffe00000| Complete 
|1023|0x00000000fff00000, 0x0000000100000000, 0x0000000100000000|100%| E|CS|TAMS 0x00000000fff00000| PB 0x00000000fff00000| Complete 

Card table byte_map: [0x0000018a2e2c0000,0x0000018a2e4c0000] _byte_map_base: 0x0000018a2dcc0000

Marking Bits: (CMBitMap*) 0x0000018a1691e700
 Bits: [0x0000018a2e4c0000, 0x0000018a2f4c0000)

Polling page: 0x0000018a14aa0000

Metaspace:

Usage:
  Non-class:     95.86 MB used.
      Class:     11.47 MB used.
       Both:    107.33 MB used.

Virtual space:
  Non-class space:      128.00 MB reserved,      96.44 MB ( 75%) committed,  2 nodes.
      Class space:      208.00 MB reserved,      12.00 MB (  6%) committed,  1 nodes.
             Both:      336.00 MB reserved,     108.44 MB ( 32%) committed. 

Chunk freelists:
   Non-Class:  15.02 MB
       Class:  4.01 MB
        Both:  19.03 MB

MaxMetaspaceSize: 256.00 MB
CompressedClassSpaceSize: 208.00 MB
Initial GC threshold: 21.00 MB
Current GC threshold: 179.94 MB
CDS: on
 - commit_granule_bytes: 65536.
 - commit_granule_words: 8192.
 - virtual_space_node_default_size: 8388608.
 - enlarge_chunks_in_place: 1.
 - use_allocation_guard: 0.


Internal statistics:

num_allocs_failed_limit: 18.
num_arena_births: 1812.
num_arena_deaths: 6.
num_vsnodes_births: 3.
num_vsnodes_deaths: 0.
num_space_committed: 1749.
num_space_uncommitted: 8.
num_chunks_returned_to_freelist: 121.
num_chunks_taken_from_freelist: 6063.
num_chunk_merges: 36.
num_chunk_splits: 4614.
num_chunks_enlarged: 3639.
num_inconsistent_stats: 0.

CodeHeap 'non-profiled nmethods': size=120000Kb used=9746Kb max_used=11269Kb free=110253Kb
 bounds [0x0000018a26860000, 0x0000018a27370000, 0x0000018a2dd90000]
CodeHeap 'profiled nmethods': size=120000Kb used=51927Kb max_used=57735Kb free=68072Kb
 bounds [0x0000018a1ed90000, 0x0000018a22610000, 0x0000018a262c0000]
CodeHeap 'non-nmethods': size=5760Kb used=1860Kb max_used=1953Kb free=3899Kb
 bounds [0x0000018a262c0000, 0x0000018a26530000, 0x0000018a26860000]
 total_blobs=17974 nmethods=17136 adapters=738
 compilation: enabled
              stopped_count=0, restarted_count=0
 full_count=0

Compilation events (20 events):
Event: 31.819 Thread 0x0000018a31f0b390 nmethod 26388 0x0000018a220ae910 code [0x0000018a220aeac0, 0x0000018a220aec68]
Event: 31.819 Thread 0x0000018a31f0b390 26409       3       java.util.regex.CharPredicates$$Lambda/0x0000018a331c1b28::is (5 bytes)
Event: 31.819 Thread 0x0000018a31f0b390 nmethod 26409 0x0000018a220ae190 code [0x0000018a220ae360, 0x0000018a220ae758]
Event: 31.819 Thread 0x0000018a31f0b390 26410       3       java.util.regex.CharPredicates::lambda$ASCII_WORD$19 (20 bytes)
Event: 31.820 Thread 0x0000018a31f0b390 nmethod 26410 0x0000018a220ad910 code [0x0000018a220adae0, 0x0000018a220ade50]
Event: 31.820 Thread 0x0000018a31f0b390 26411       3       java.util.regex.ASCII::isWord (7 bytes)
Event: 31.820 Thread 0x0000018a31f0b390 nmethod 26411 0x0000018a2103dc10 code [0x0000018a2103ddc0, 0x0000018a2103e048]
Event: 31.820 Thread 0x0000018a31f0b390 26441       3       com.sun.tools.javac.file.RelativePath::resolveAgainst (27 bytes)
Event: 31.820 Thread 0x0000018a31f0b390 nmethod 26441 0x0000018a2103d510 code [0x0000018a2103d700, 0x0000018a2103dac0]
Event: 31.820 Thread 0x0000018a31f0b390 26431       3       jdk.nio.zipfs.ZipFileSystem::getBytes (9 bytes)
Event: 31.820 Thread 0x0000018a31f0b390 nmethod 26431 0x0000018a2103d090 code [0x0000018a2103d240, 0x0000018a2103d418]
Event: 31.820 Thread 0x0000018a31f0b390 26432       3       java.lang.String::encode8859_1 (159 bytes)
Event: 31.821 Thread 0x0000018a31f0b390 nmethod 26432 0x0000018a2103c290 code [0x0000018a2103c4c0, 0x0000018a2103cdd0]
Event: 31.821 Thread 0x0000018a31f0b390 26435       3       jdk.nio.zipfs.ZipPath::normalize (141 bytes)
Event: 31.821 Thread 0x0000018a31f0b390 nmethod 26435 0x0000018a20e23f90 code [0x0000018a20e24260, 0x0000018a20e25170]
Event: 31.821 Thread 0x0000018a31f0b390 26448       3       jdk.nio.zipfs.ZipPath::resolve (6 bytes)
Event: 31.821 Thread 0x0000018a31f0b390 nmethod 26448 0x0000018a2103bf10 code [0x0000018a2103c0c0, 0x0000018a2103c1f8]
Event: 31.821 Thread 0x0000018a31f0b390 26449       3       jdk.nio.zipfs.ZipPath::resolve (49 bytes)
Event: 31.822 Thread 0x0000018a31f0b390 nmethod 26449 0x0000018a2103b790 code [0x0000018a2103b980, 0x0000018a2103bce0]
Event: 31.822 Thread 0x0000018a31f0b390 26392       3       com.sun.tools.javac.parser.JavacParser::blockStatement (1401 bytes)

GC Heap History (20 events):
Event: 18.725 GC heap before
{Heap before GC invocations=20 (full 0):
 garbage-first heap   total 159744K, used 141325K [0x00000000c0000000, 0x0000000100000000)
  region size 1024K, 70 young (71680K), 7 survivors (7168K)
 Metaspace       used 74540K, committed 75584K, reserved 344064K
  class space    used 8716K, committed 9216K, reserved 212992K
}
Event: 18.740 GC heap after
{Heap after GC invocations=21 (full 0):
 garbage-first heap   total 159744K, used 67549K [0x00000000c0000000, 0x0000000100000000)
  region size 1024K, 9 young (9216K), 9 survivors (9216K)
 Metaspace       used 74540K, committed 75584K, reserved 344064K
  class space    used 8716K, committed 9216K, reserved 212992K
}
Event: 20.556 GC heap before
{Heap before GC invocations=21 (full 0):
 garbage-first heap   total 159744K, used 140253K [0x00000000c0000000, 0x0000000100000000)
  region size 1024K, 80 young (81920K), 9 survivors (9216K)
 Metaspace       used 80240K, committed 81408K, reserved 344064K
  class space    used 9258K, committed 9792K, reserved 212992K
}
Event: 20.577 GC heap after
{Heap after GC invocations=22 (full 0):
 garbage-first heap   total 159744K, used 75731K [0x00000000c0000000, 0x0000000100000000)
  region size 1024K, 9 young (9216K), 9 survivors (9216K)
 Metaspace       used 80240K, committed 81408K, reserved 344064K
  class space    used 9258K, committed 9792K, reserved 212992K
}
Event: 21.261 GC heap before
{Heap before GC invocations=22 (full 0):
 garbage-first heap   total 159744K, used 97235K [0x00000000c0000000, 0x0000000100000000)
  region size 1024K, 31 young (31744K), 9 survivors (9216K)
 Metaspace       used 81596K, committed 82688K, reserved 344064K
  class space    used 9331K, committed 9856K, reserved 212992K
}
Event: 21.277 GC heap after
{Heap after GC invocations=23 (full 0):
 garbage-first heap   total 159744K, used 78336K [0x00000000c0000000, 0x0000000100000000)
  region size 1024K, 2 young (2048K), 2 survivors (2048K)
 Metaspace       used 81596K, committed 82688K, reserved 344064K
  class space    used 9331K, committed 9856K, reserved 212992K
}
Event: 22.858 GC heap before
{Heap before GC invocations=24 (full 0):
 garbage-first heap   total 159744K, used 138752K [0x00000000c0000000, 0x0000000100000000)
  region size 1024K, 65 young (66560K), 2 survivors (2048K)
 Metaspace       used 83076K, committed 84160K, reserved 344064K
  class space    used 9379K, committed 9920K, reserved 212992K
}
Event: 22.868 GC heap after
{Heap after GC invocations=25 (full 0):
 garbage-first heap   total 159744K, used 76494K [0x00000000c0000000, 0x0000000100000000)
  region size 1024K, 6 young (6144K), 6 survivors (6144K)
 Metaspace       used 83076K, committed 84160K, reserved 344064K
  class space    used 9379K, committed 9920K, reserved 212992K
}
Event: 24.436 GC heap before
{Heap before GC invocations=25 (full 0):
 garbage-first heap   total 159744K, used 145102K [0x00000000c0000000, 0x0000000100000000)
  region size 1024K, 71 young (72704K), 6 survivors (6144K)
 Metaspace       used 85133K, committed 86208K, reserved 344064K
  class space    used 9667K, committed 10176K, reserved 212992K
}
Event: 24.452 GC heap after
{Heap after GC invocations=26 (full 0):
 garbage-first heap   total 159744K, used 79891K [0x00000000c0000000, 0x0000000100000000)
  region size 1024K, 8 young (8192K), 8 survivors (8192K)
 Metaspace       used 85133K, committed 86208K, reserved 344064K
  class space    used 9667K, committed 10176K, reserved 212992K
}
Event: 25.820 GC heap before
{Heap before GC invocations=26 (full 0):
 garbage-first heap   total 159744K, used 141331K [0x00000000c0000000, 0x0000000100000000)
  region size 1024K, 68 young (69632K), 8 survivors (8192K)
 Metaspace       used 90476K, committed 91648K, reserved 344064K
  class space    used 10139K, committed 10688K, reserved 212992K
}
Event: 25.834 GC heap after
{Heap after GC invocations=27 (full 0):
 garbage-first heap   total 159744K, used 83151K [0x00000000c0000000, 0x0000000100000000)
  region size 1024K, 7 young (7168K), 7 survivors (7168K)
 Metaspace       used 90476K, committed 91648K, reserved 344064K
  class space    used 10139K, committed 10688K, reserved 212992K
}
Event: 27.271 GC heap before
{Heap before GC invocations=28 (full 0):
 garbage-first heap   total 159744K, used 142543K [0x00000000c0000000, 0x0000000100000000)
  region size 1024K, 65 young (66560K), 7 survivors (7168K)
 Metaspace       used 99480K, committed 100608K, reserved 344064K
  class space    used 10994K, committed 11520K, reserved 212992K
}
Event: 27.285 GC heap after
{Heap after GC invocations=29 (full 0):
 garbage-first heap   total 159744K, used 87251K [0x00000000c0000000, 0x0000000100000000)
  region size 1024K, 7 young (7168K), 7 survivors (7168K)
 Metaspace       used 99480K, committed 100608K, reserved 344064K
  class space    used 10994K, committed 11520K, reserved 212992K
}
Event: 28.503 GC heap before
{Heap before GC invocations=29 (full 0):
 garbage-first heap   total 159744K, used 142547K [0x00000000c0000000, 0x0000000100000000)
  region size 1024K, 61 young (62464K), 7 survivors (7168K)
 Metaspace       used 106128K, committed 107328K, reserved 344064K
  class space    used 11527K, committed 12096K, reserved 212992K
}
Event: 28.516 GC heap after
{Heap after GC invocations=30 (full 0):
 garbage-first heap   total 159744K, used 88101K [0x00000000c0000000, 0x0000000100000000)
  region size 1024K, 7 young (7168K), 7 survivors (7168K)
 Metaspace       used 106128K, committed 107328K, reserved 344064K
  class space    used 11527K, committed 12096K, reserved 212992K
}
Event: 29.562 GC heap before
{Heap before GC invocations=30 (full 0):
 garbage-first heap   total 159744K, used 142373K [0x00000000c0000000, 0x0000000100000000)
  region size 1024K, 60 young (61440K), 7 survivors (7168K)
 Metaspace       used 109271K, committed 110464K, reserved 344064K
  class space    used 11723K, committed 12288K, reserved 212992K
}
Event: 29.575 GC heap after
{Heap after GC invocations=31 (full 0):
 garbage-first heap   total 159744K, used 91391K [0x00000000c0000000, 0x0000000100000000)
  region size 1024K, 6 young (6144K), 6 survivors (6144K)
 Metaspace       used 109271K, committed 110464K, reserved 344064K
  class space    used 11723K, committed 12288K, reserved 212992K
}
Event: 31.688 GC heap before
{Heap before GC invocations=32 (full 0):
 garbage-first heap   total 159744K, used 145663K [0x00000000c0000000, 0x0000000100000000)
  region size 1024K, 57 young (58368K), 6 survivors (6144K)
 Metaspace       used 109899K, committed 111040K, reserved 344064K
  class space    used 11749K, committed 12288K, reserved 212992K
}
Event: 31.697 GC heap after
{Heap after GC invocations=33 (full 0):
 garbage-first heap   total 159744K, used 97512K [0x00000000c0000000, 0x0000000100000000)
  region size 1024K, 8 young (8192K), 8 survivors (8192K)
 Metaspace       used 109899K, committed 111040K, reserved 344064K
  class space    used 11749K, committed 12288K, reserved 212992K
}

Dll operation events (8 events):
Event: 0.006 Loaded shared library D:\mailon\Java\jdk-21.0.10\bin\java.dll
Event: 0.031 Loaded shared library D:\mailon\Java\jdk-21.0.10\bin\jsvml.dll
Event: 0.098 Loaded shared library D:\mailon\Java\jdk-21.0.10\bin\net.dll
Event: 0.118 Loaded shared library D:\mailon\Java\jdk-21.0.10\bin\nio.dll
Event: 0.179 Loaded shared library D:\mailon\Java\jdk-21.0.10\bin\zip.dll
Event: 1.111 Loaded shared library D:\mailon\Java\jdk-21.0.10\bin\jimage.dll
Event: 1.128 Loaded shared library D:\mailon\Usuario\Desktop\apache-maven-3.9.14-bin (1)\apache-maven-3.9.14\lib\jansi-native\Windows\x86_64\jansi.dll
Event: 1.153 Loaded shared library D:\mailon\Java\jdk-21.0.10\bin\verify.dll

Deoptimization events (20 events):
Event: 30.249 Thread 0x0000018a168e9920 Uncommon trap: trap_request=0xffffffde fr.pc=0x0000018a27267548 relative=0x0000000000000368
Event: 30.249 Thread 0x0000018a168e9920 Uncommon trap: reason=class_check action=maybe_recompile pc=0x0000018a27267548 method=java.util.AbstractCollection.toArray([Ljava/lang/Object;)[Ljava/lang/Object; @ 1 c2
Event: 30.249 Thread 0x0000018a168e9920 DEOPT PACKING pc=0x0000018a27267548 sp=0x000000306bdfe4a0
Event: 30.249 Thread 0x0000018a168e9920 DEOPT UNPACKING pc=0x0000018a263146a2 sp=0x000000306bdfe450 mode 2
Event: 30.253 Thread 0x0000018a168e9920 Uncommon trap: trap_request=0xffffff45 fr.pc=0x0000018a268ac4a8 relative=0x0000000000000348
Event: 30.254 Thread 0x0000018a168e9920 Uncommon trap: reason=unstable_if action=reinterpret pc=0x0000018a268ac4a8 method=sun.nio.fs.NativeBuffers.releaseNativeBuffer(Lsun/nio/fs/NativeBuffer;)V @ 35 c2
Event: 30.254 Thread 0x0000018a168e9920 DEOPT PACKING pc=0x0000018a268ac4a8 sp=0x000000306bdfe350
Event: 30.254 Thread 0x0000018a168e9920 DEOPT UNPACKING pc=0x0000018a263146a2 sp=0x000000306bdfe2f8 mode 2
Event: 30.254 Thread 0x0000018a168e9920 Uncommon trap: trap_request=0xffffffde fr.pc=0x0000018a27267548 relative=0x0000000000000368
Event: 30.254 Thread 0x0000018a168e9920 Uncommon trap: reason=class_check action=maybe_recompile pc=0x0000018a27267548 method=java.util.AbstractCollection.toArray([Ljava/lang/Object;)[Ljava/lang/Object; @ 1 c2
Event: 30.254 Thread 0x0000018a168e9920 DEOPT PACKING pc=0x0000018a27267548 sp=0x000000306bdfe3e0
Event: 30.254 Thread 0x0000018a168e9920 DEOPT UNPACKING pc=0x0000018a263146a2 sp=0x000000306bdfe390 mode 2
Event: 30.380 Thread 0x0000018a168e9920 Uncommon trap: trap_request=0xffffff45 fr.pc=0x0000018a26ac8d10 relative=0x00000000000029b0
Event: 30.380 Thread 0x0000018a168e9920 Uncommon trap: reason=unstable_if action=reinterpret pc=0x0000018a26ac8d10 method=java.util.jar.Attributes.read(Ljava/util/jar/Manifest$FastInputStream;[BLjava/lang/String;I)I @ 21 c2
Event: 30.380 Thread 0x0000018a168e9920 DEOPT PACKING pc=0x0000018a26ac8d10 sp=0x000000306bdfd5c0
Event: 30.380 Thread 0x0000018a168e9920 DEOPT UNPACKING pc=0x0000018a263146a2 sp=0x000000306bdfd5b0 mode 2
Event: 30.412 Thread 0x0000018a168e9920 Uncommon trap: trap_request=0xffffff45 fr.pc=0x0000018a268a2fdc relative=0x00000000000004dc
Event: 30.412 Thread 0x0000018a168e9920 Uncommon trap: reason=unstable_if action=reinterpret pc=0x0000018a268a2fdc method=java.util.jar.Manifest$FastInputStream.readLine([BII)I @ 106 c2
Event: 30.412 Thread 0x0000018a168e9920 DEOPT PACKING pc=0x0000018a268a2fdc sp=0x000000306bdfd460
Event: 30.412 Thread 0x0000018a168e9920 DEOPT UNPACKING pc=0x0000018a263146a2 sp=0x000000306bdfd3f0 mode 2

Classes loaded (20 events):
Event: 17.426 Loading class java/util/stream/IntPipeline$1
Event: 17.426 Loading class java/util/stream/IntPipeline$1 done
Event: 17.426 Loading class java/util/stream/IntPipeline$1$1
Event: 17.426 Loading class java/util/stream/IntPipeline$1$1 done
Event: 20.155 Loading class java/util/stream/LongStream
Event: 20.155 Loading class java/util/stream/LongStream done
Event: 20.155 Loading class java/util/stream/DoubleStream
Event: 20.155 Loading class java/util/stream/DoubleStream done
Event: 20.155 Loading class java/util/HashMap$EntrySpliterator
Event: 20.156 Loading class java/util/HashMap$EntrySpliterator done
Event: 25.584 Loading class java/text/ChoiceFormat
Event: 25.584 Loading class java/text/ChoiceFormat done
Event: 25.609 Loading class java/text/MessageFormat$Field
Event: 25.609 Loading class java/text/MessageFormat$Field done
Event: 28.566 Loading class java/util/Vector$Itr
Event: 28.567 Loading class java/util/Vector$Itr done
Event: 30.127 Loading class java/io/FileOutputStream$1
Event: 30.127 Loading class java/io/FileOutputStream$1 done
Event: 30.212 Loading class java/util/Comparators$NullComparator
Event: 30.212 Loading class java/util/Comparators$NullComparator done

Classes unloaded (20 events):
Event: 16.386 Thread 0x0000018a31ed83b0 Unloading class 0x0000018a333367d0 'lombok/javac/apt/MessagerDiagnosticsReceiver'
Event: 16.386 Thread 0x0000018a31ed83b0 Unloading class 0x0000018a33336410 'lombok/javac/apt/InterceptingJavaFileManager'
Event: 16.386 Thread 0x0000018a31ed83b0 Unloading class 0x0000018a33336210 'lombok/permit/dummy/Parent'
Event: 16.386 Thread 0x0000018a31ed83b0 Unloading class 0x0000018a33336000 'lombok/core/CleanupRegistry'
Event: 16.386 Thread 0x0000018a31ed83b0 Unloading class 0x0000018a33335db8 'lombok/permit/Permit$Fake'
Event: 16.386 Thread 0x0000018a31ed83b0 Unloading class 0x0000018a33335bc0 'lombok/permit/Permit'
Event: 16.386 Thread 0x0000018a31ed83b0 Unloading class 0x0000018a333359d0 'lombok/core/DiagnosticsReceiver'
Event: 16.386 Thread 0x0000018a31ed83b0 Unloading class 0x0000018a333356e8 'lombok/javac/apt/LombokProcessor$1'
Event: 16.386 Thread 0x0000018a31ed83b0 Unloading class 0x0000018a33335458 'lombok/javac/apt/LombokProcessor'
Event: 16.386 Thread 0x0000018a31ed83b0 Unloading class 0x0000018a33335230 'lombok/core/AnnotationProcessor$EcjDescriptor'
Event: 16.386 Thread 0x0000018a31ed83b0 Unloading class 0x0000018a33335000 'lombok/core/AnnotationProcessor$JavacDescriptor'
Event: 16.386 Thread 0x0000018a31ed83b0 Unloading class 0x0000018a33334a78 'lombok/core/AnnotationProcessor$ProcessorDescriptor'
Event: 16.386 Thread 0x0000018a31ed83b0 Unloading class 0x0000018a33334800 'lombok/core/AnnotationProcessor'
Event: 16.386 Thread 0x0000018a31ed83b0 Unloading class 0x0000018a3338b000 'lombok/launch/AnnotationProcessorHider$ClaimingProcessor'
Event: 16.386 Thread 0x0000018a31ed83b0 Unloading class 0x0000018a33334488 'lombok/launch/AnnotationProcessorHider$AstModificationNotifierData'
Event: 16.386 Thread 0x0000018a31ed83b0 Unloading class 0x0000018a33334210 'lombok/launch/ClassFileMetaData'
Event: 16.386 Thread 0x0000018a31ed83b0 Unloading class 0x0000018a33334000 'lombok/launch/PackageShader'
Event: 16.386 Thread 0x0000018a31ed83b0 Unloading class 0x0000018a33304470 'lombok/launch/ShadowClassLoader'
Event: 16.386 Thread 0x0000018a31ed83b0 Unloading class 0x0000018a33304278 'lombok/launch/Main'
Event: 16.386 Thread 0x0000018a31ed83b0 Unloading class 0x0000018a33304000 'lombok/launch/AnnotationProcessorHider$AnnotationProcessor'

Classes redefined (0 events):
No events

Internal exceptions (20 events):
Event: 22.334 Thread 0x0000018a168e9920 Implicit null exception at 0x0000018a26d5c572 to 0x0000018a26d5cdf8
Event: 25.539 Thread 0x0000018a168e9920 Exception <a 'java/lang/NoSuchMethodError'{0x00000000c670cc50}: 'int java.lang.invoke.Invokers$Holder.invokeExact_MT(java.lang.Object, java.lang.Object, java.lang.Object)'> (0x00000000c670cc50) 
thrown [s\open\src\hotspot\share\interpreter\linkResolver.cpp, line 773]
Event: 25.573 Thread 0x0000018a168e9920 Exception <a 'java/lang/NoSuchMethodError'{0x00000000c6699b40}: 'java.lang.Object java.lang.invoke.DirectMethodHandle$Holder.invokeStaticInit(java.lang.Object, java.lang.Object, java.lang.Object, java.lang.Object)'> (0x00000000c6699b40) 
thrown [s\open\src\hotspot\share\interpreter\linkResolver.cpp, line 773]
Event: 26.098 Thread 0x0000018a168e9920 Exception <a 'java/lang/NoSuchMethodError'{0x00000000fefe9678}: 'java.lang.Object java.lang.invoke.DirectMethodHandle$Holder.invokeStatic(java.lang.Object, java.lang.Object, java.lang.Object, int, int, java.lang.Object, java.lang.Object, java.lang.Object, java.lang.Object)'> (0x00000000fefe9678) 
thrown [s\open\src\hotspot\share\interpreter\linkResolver.cpp, line 773]
Event: 26.099 Thread 0x0000018a168e9920 Exception <a 'java/lang/NoSuchMethodError'{0x00000000feff23e8}: 'java.lang.Object java.lang.invoke.DirectMethodHandle$Holder.newInvokeSpecial(java.lang.Object, java.lang.Object, java.lang.Object, int, int, java.lang.Object)'> (0x00000000feff23e8) 
thrown [s\open\src\hotspot\share\interpreter\linkResolver.cpp, line 773]
Event: 26.099 Thread 0x0000018a168e9920 Exception <a 'java/lang/NoSuchMethodError'{0x00000000feff9b00}: 'java.lang.Object java.lang.invoke.Invokers$Holder.linkToTargetMethod(java.lang.Object, java.lang.Object, int, int, java.lang.Object, java.lang.Object)'> (0x00000000feff9b00) 
thrown [s\open\src\hotspot\share\interpreter\linkResolver.cpp, line 773]
Event: 26.169 Thread 0x0000018a168e9920 Exception <a 'java/lang/NoSuchMethodError'{0x00000000fedb2af8}: 'java.lang.Object java.lang.invoke.DirectMethodHandle$Holder.invokeSpecial(java.lang.Object, java.lang.Object, int, int, java.lang.Object, java.lang.Object, java.lang.Object, java.lang.Object, java.lang.Object)'> (0x00000000fedb2af8) 
thrown [s\open\src\hotspot\share\interpreter\linkResolver.cpp, line 773]
Event: 26.442 Thread 0x0000018a168e9920 Exception <a 'java/lang/NoSuchMethodError'{0x00000000c81e58b8}: 'java.lang.Object java.lang.invoke.DirectMethodHandle$Holder.newInvokeSpecial(java.lang.Object, java.lang.Object, java.lang.Object, int, int)'> (0x00000000c81e58b8) 
thrown [s\open\src\hotspot\share\interpreter\linkResolver.cpp, line 773]
Event: 26.442 Thread 0x0000018a168e9920 Exception <a 'java/lang/NoSuchMethodError'{0x00000000c81e96e8}: 'java.lang.Object java.lang.invoke.DirectMethodHandle$Holder.invokeSpecial(java.lang.Object, java.lang.Object, java.lang.Object, java.lang.Object, int, int)'> (0x00000000c81e96e8) 
thrown [s\open\src\hotspot\share\interpreter\linkResolver.cpp, line 773]
Event: 26.443 Thread 0x0000018a168e9920 Exception <a 'java/lang/NoSuchMethodError'{0x00000000c81ed170}: 'java.lang.Object java.lang.invoke.Invokers$Holder.linkToTargetMethod(java.lang.Object, java.lang.Object, int, int, java.lang.Object)'> (0x00000000c81ed170) 
thrown [s\open\src\hotspot\share\interpreter\linkResolver.cpp, line 773]
Event: 28.932 Thread 0x0000018a168e9920 Implicit null exception at 0x0000018a26c5d3c1 to 0x0000018a26c5d6d0
Event: 30.222 Thread 0x0000018a168e9920 Exception <a 'sun/nio/fs/WindowsException'{0x00000000c74315a0}> (0x00000000c74315a0) 
thrown [s\open\src\hotspot\share\prims\jni.cpp, line 520]
Event: 30.233 Thread 0x0000018a168e9920 Exception <a 'sun/nio/fs/WindowsException'{0x00000000c7432860}> (0x00000000c7432860) 
thrown [s\open\src\hotspot\share\prims\jni.cpp, line 520]
Event: 30.235 Thread 0x0000018a168e9920 Exception <a 'sun/nio/fs/WindowsException'{0x00000000c7433b18}> (0x00000000c7433b18) 
thrown [s\open\src\hotspot\share\prims\jni.cpp, line 520]
Event: 30.258 Thread 0x0000018a168e9920 Exception <a 'sun/nio/fs/WindowsException'{0x00000000c73177d0}> (0x00000000c73177d0) 
thrown [s\open\src\hotspot\share\prims\jni.cpp, line 520]
Event: 31.723 Thread 0x0000018a168e9920 Exception <a 'sun/nio/fs/WindowsException'{0x00000000ffed57d0}> (0x00000000ffed57d0) 
thrown [s\open\src\hotspot\share\prims\jni.cpp, line 520]
Event: 31.727 Thread 0x0000018a168e9920 Exception <a 'sun/nio/fs/WindowsException'{0x00000000ffd6ac30}> (0x00000000ffd6ac30) 
thrown [s\open\src\hotspot\share\prims\jni.cpp, line 520]
Event: 31.811 Thread 0x0000018a168e9920 Exception <a 'sun/nio/fs/WindowsException'{0x00000000ffc69948}> (0x00000000ffc69948) 
thrown [s\open\src\hotspot\share\prims\jni.cpp, line 520]
Event: 31.811 Thread 0x0000018a168e9920 Exception <a 'sun/nio/fs/WindowsException'{0x00000000ffc6a450}> (0x00000000ffc6a450) 
thrown [s\open\src\hotspot\share\prims\jni.cpp, line 520]
Event: 31.811 Thread 0x0000018a168e9920 Exception <a 'sun/nio/fs/WindowsException'{0x00000000ffc6aff0}> (0x00000000ffc6aff0) 
thrown [s\open\src\hotspot\share\prims\jni.cpp, line 520]

ZGC Phase Switch (0 events):
No events

VM Operations (20 events):
Event: 29.670 Executing VM operation: G1PauseRemark
Event: 29.691 Executing VM operation: G1PauseRemark done
Event: 29.742 Executing VM operation: G1PauseCleanup
Event: 29.742 Executing VM operation: G1PauseCleanup done
Event: 30.050 Executing VM operation: ICBufferFull
Event: 30.051 Executing VM operation: ICBufferFull done
Event: 30.191 Executing VM operation: HandshakeAllThreads (Deoptimize)
Event: 30.191 Executing VM operation: HandshakeAllThreads (Deoptimize) done
Event: 30.193 Executing VM operation: HandshakeAllThreads (Deoptimize)
Event: 30.193 Executing VM operation: HandshakeAllThreads (Deoptimize) done
Event: 30.198 Executing VM operation: HandshakeAllThreads (Deoptimize)
Event: 30.198 Executing VM operation: HandshakeAllThreads (Deoptimize) done
Event: 30.209 Executing VM operation: HandshakeAllThreads (Deoptimize)
Event: 30.209 Executing VM operation: HandshakeAllThreads (Deoptimize) done
Event: 31.219 Executing VM operation: Cleanup
Event: 31.219 Executing VM operation: Cleanup done
Event: 31.687 Executing VM operation: G1CollectForAllocation (G1 Evacuation Pause)
Event: 31.698 Executing VM operation: G1CollectForAllocation (G1 Evacuation Pause) done
Event: 32.705 Executing VM operation: Cleanup
Event: 32.705 Executing VM operation: Cleanup done

Events (20 events):
Event: 29.689 Thread 0x0000018a31ed83b0 flushing nmethod 0x0000018a21ae2b90
Event: 29.689 Thread 0x0000018a31ed83b0 flushing nmethod 0x0000018a21bad690
Event: 29.689 Thread 0x0000018a31ed83b0 flushing nmethod 0x0000018a21beff90
Event: 29.689 Thread 0x0000018a31ed83b0 flushing nmethod 0x0000018a21bf5990
Event: 29.689 Thread 0x0000018a31ed83b0 flushing nmethod 0x0000018a21c42510
Event: 29.689 Thread 0x0000018a31ed83b0 flushing nmethod 0x0000018a21c46510
Event: 29.689 Thread 0x0000018a31ed83b0 flushing nmethod 0x0000018a21c62a90
Event: 29.689 Thread 0x0000018a31ed83b0 flushing nmethod 0x0000018a21c6c190
Event: 29.689 Thread 0x0000018a31ed83b0 flushing nmethod 0x0000018a21c75a90
Event: 29.689 Thread 0x0000018a31ed83b0 flushing nmethod 0x0000018a21d0ca10
Event: 29.689 Thread 0x0000018a31ed83b0 flushing nmethod 0x0000018a21d29010
Event: 29.689 Thread 0x0000018a31ed83b0 flushing nmethod 0x0000018a21d68f90
Event: 29.689 Thread 0x0000018a31ed83b0 flushing nmethod 0x0000018a21d9d090
Event: 29.689 Thread 0x0000018a31ed83b0 flushing nmethod 0x0000018a21deac10
Event: 29.689 Thread 0x0000018a31ed83b0 flushing nmethod 0x0000018a21e2a590
Event: 29.689 Thread 0x0000018a31ed83b0 flushing nmethod 0x0000018a21e68210
Event: 29.689 Thread 0x0000018a31ed83b0 flushing nmethod 0x0000018a21fec090
Event: 29.689 Thread 0x0000018a31ed83b0 flushing nmethod 0x0000018a2204c990
Event: 29.689 Thread 0x0000018a31ed83b0 flushing nmethod 0x0000018a22052e10
Event: 29.689 Thread 0x0000018a31ed83b0 flushing nmethod 0x0000018a220ad910


Dynamic libraries:
0x00007ff75e160000 - 0x00007ff75e170000 	D:\mailon\Java\jdk-21.0.10\bin\java.exe
0x00007ffe20340000 - 0x00007ffe205a7000 	C:\WINDOWS\SYSTEM32\ntdll.dll
0x00007ffe1f710000 - 0x00007ffe1f7d9000 	C:\WINDOWS\System32\KERNEL32.DLL
0x00007ffe1ce40000 - 0x00007ffe1d234000 	C:\WINDOWS\System32\KERNELBASE.dll
0x00007ffe1df80000 - 0x00007ffe1e0cb000 	C:\WINDOWS\System32\ucrtbase.dll
0x00007ffe175d0000 - 0x00007ffe175e9000 	D:\mailon\Java\jdk-21.0.10\bin\jli.dll
0x00007ffe175b0000 - 0x00007ffe175ce000 	D:\mailon\Java\jdk-21.0.10\bin\VCRUNTIME140.dll
0x00007ffe20240000 - 0x00007ffe202f6000 	C:\WINDOWS\System32\ADVAPI32.dll
0x00007ffe1f540000 - 0x00007ffe1f5e9000 	C:\WINDOWS\System32\msvcrt.dll
0x00007ffe1f7e0000 - 0x00007ffe1f887000 	C:\WINDOWS\System32\sechost.dll
0x00007ffe1f5f0000 - 0x00007ffe1f708000 	C:\WINDOWS\System32\RPCRT4.dll
0x00007ffe1ee10000 - 0x00007ffe1efd5000 	C:\WINDOWS\System32\USER32.dll
0x00007ffe1ce10000 - 0x00007ffe1ce37000 	C:\WINDOWS\System32\win32u.dll
0x00007ffe1f890000 - 0x00007ffe1f8bb000 	C:\WINDOWS\System32\GDI32.dll
0x00007ffe1dab0000 - 0x00007ffe1dbdb000 	C:\WINDOWS\System32\gdi32full.dll
0x00007ffe0c8f0000 - 0x00007ffe0cb83000 	C:\WINDOWS\WinSxS\amd64_microsoft.windows.common-controls_6595b64144ccf1df_6.0.26100.8115_none_3e075c82e3354f9c\COMCTL32.dll
0x00007ffe1ded0000 - 0x00007ffe1df73000 	C:\WINDOWS\System32\msvcp_win.dll
0x00007ffe16170000 - 0x00007ffe1617b000 	C:\WINDOWS\SYSTEM32\VERSION.dll
0x00007ffe1e170000 - 0x00007ffe1e1a2000 	C:\WINDOWS\System32\IMM32.DLL
0x00007ffe17510000 - 0x00007ffe1751c000 	D:\mailon\Java\jdk-21.0.10\bin\vcruntime140_1.dll
0x00007ffe02390000 - 0x00007ffe0241d000 	D:\mailon\Java\jdk-21.0.10\bin\msvcp140.dll
0x00007ffd68fa0000 - 0x00007ffd69cc7000 	D:\mailon\Java\jdk-21.0.10\bin\server\jvm.dll
0x00007ffe201b0000 - 0x00007ffe20230000 	C:\WINDOWS\System32\WS2_32.dll
0x00007ffe1ca90000 - 0x00007ffe1caee000 	C:\WINDOWS\SYSTEM32\POWRPROF.dll
0x00007ffdfca90000 - 0x00007ffdfcac6000 	C:\WINDOWS\SYSTEM32\WINMM.dll
0x00007ffe1ca70000 - 0x00007ffe1ca84000 	C:\WINDOWS\SYSTEM32\UMPDC.dll
0x00007ffe1b970000 - 0x00007ffe1b98b000 	C:\WINDOWS\SYSTEM32\kernel.appcore.dll
0x00007ffe17500000 - 0x00007ffe1750a000 	D:\mailon\Java\jdk-21.0.10\bin\jimage.dll
0x00007ffe0d0b0000 - 0x00007ffe0d2f2000 	C:\WINDOWS\SYSTEM32\DBGHELP.DLL
0x00007ffe1e7e0000 - 0x00007ffe1eb62000 	C:\WINDOWS\System32\combase.dll
0x00007ffe1f0d0000 - 0x00007ffe1f1a8000 	C:\WINDOWS\System32\OLEAUT32.dll
0x00007ffe033e0000 - 0x00007ffe0341b000 	C:\WINDOWS\SYSTEM32\dbgcore.DLL
0x00007ffe1dd60000 - 0x00007ffe1de05000 	C:\WINDOWS\System32\bcryptPrimitives.dll
0x00007ffe10450000 - 0x00007ffe10471000 	D:\mailon\Java\jdk-21.0.10\bin\java.dll
0x00007ffe1fa40000 - 0x00007ffe201a7000 	C:\WINDOWS\System32\SHELL32.dll
0x00007ffe1cc10000 - 0x00007ffe1cd7a000 	C:\WINDOWS\System32\wintypes.dll
0x00007ffe1d240000 - 0x00007ffe1daa8000 	C:\WINDOWS\System32\windows.storage.dll
0x00007ffe1f220000 - 0x00007ffe1f318000 	C:\WINDOWS\System32\SHCORE.dll
0x00007ffe1f9d0000 - 0x00007ffe1fa36000 	C:\WINDOWS\System32\shlwapi.dll
0x00007ffe1cb30000 - 0x00007ffe1cb59000 	C:\WINDOWS\SYSTEM32\profapi.dll
0x00007ffe00160000 - 0x00007ffe00237000 	D:\mailon\Java\jdk-21.0.10\bin\jsvml.dll
0x00007ffe10380000 - 0x00007ffe10391000 	D:\mailon\Java\jdk-21.0.10\bin\net.dll
0x00007ffe15b50000 - 0x00007ffe15c7d000 	C:\WINDOWS\SYSTEM32\WINHTTP.dll
0x00007ffe1bed0000 - 0x00007ffe1bf3c000 	C:\WINDOWS\system32\mswsock.dll
0x00007ffe0e890000 - 0x00007ffe0e8a6000 	D:\mailon\Java\jdk-21.0.10\bin\nio.dll
0x00007ffe0e870000 - 0x00007ffe0e888000 	D:\mailon\Java\jdk-21.0.10\bin\zip.dll
0x00007ffe05cc0000 - 0x00007ffe05ce4000 	D:\mailon\Usuario\Desktop\apache-maven-3.9.14-bin (1)\apache-maven-3.9.14\lib\jansi-native\Windows\x86_64\jansi.dll
0x00007ffe17490000 - 0x00007ffe174a0000 	D:\mailon\Java\jdk-21.0.10\bin\verify.dll
0x00007ffe1ba90000 - 0x00007ffe1bac6000 	C:\WINDOWS\SYSTEM32\ntmarta.dll

dbghelp: loaded successfully - version: 4.0.5 - missing functions: none
symbol engine: initialized successfully - sym options: 0x614 - pdb path: .;D:\mailon\Java\jdk-21.0.10\bin;C:\WINDOWS\SYSTEM32;C:\WINDOWS\WinSxS\amd64_microsoft.windows.common-controls_6595b64144ccf1df_6.0.26100.8115_none_3e075c82e3354f9c;D:\mailon\Java\jdk-21.0.10\bin\server;D:\mailon\Usuario\Desktop\apache-maven-3.9.14-bin (1)\apache-maven-3.9.14\lib\jansi-native\Windows\x86_64

VM Arguments:
jvm_args: --add-opens=java.base/java.lang=ALL-UNNAMED --enable-native-access=ALL-UNNAMED -Xmx1024m -XX:MaxMetaspaceSize=256m -Dclassworlds.conf=D:/mailon/Usuario/Desktop/apache-maven-3.9.14-bin (1)/apache-maven-3.9.14/bin/m2.conf -Dmaven.home=D:/mailon/Usuario/Desktop/apache-maven-3.9.14-bin (1)/apache-maven-3.9.14 -Dlibrary.jansi.path=D:/mailon/Usuario/Desktop/apache-maven-3.9.14-bin (1)/apache-maven-3.9.14/lib/jansi-native -Dmaven.multiModuleProjectDirectory=D:/mailon/Usuario/Desktop/Smartwallet 
java_command: org.codehaus.plexus.classworlds.launcher.Launcher clean test
java_class_path (initial): D:/mailon/Usuario/Desktop/apache-maven-3.9.14-bin (1)/apache-maven-3.9.14/boot/plexus-classworlds-2.9.0.jar
Launcher Type: SUN_STANDARD

[Global flags]
     intx CICompilerCount                          = 4                                         {product} {ergonomic}
   size_t CompressedClassSpaceSize                 = 218103808                                 {product} {ergonomic}
     uint ConcGCThreads                            = 2                                         {product} {ergonomic}
     uint G1ConcRefinementThreads                  = 8                                         {product} {ergonomic}
   size_t G1HeapRegionSize                         = 1048576                                   {product} {ergonomic}
    uintx GCDrainStackTargetSize                   = 64                                        {product} {ergonomic}
   size_t InitialHeapSize                          = 132120576                                 {product} {ergonomic}
   size_t MarkStackSize                            = 4194304                                   {product} {ergonomic}
   size_t MaxHeapSize                              = 1073741824                                {product} {command line}
   size_t MaxMetaspaceSize                         = 268435456                                 {product} {command line}
   size_t MaxNewSize                               = 643825664                                 {product} {ergonomic}
   size_t MinHeapDeltaBytes                        = 1048576                                   {product} {ergonomic}
   size_t MinHeapSize                              = 8388608                                   {product} {ergonomic}
    uintx NonNMethodCodeHeapSize                   = 5839372                                {pd product} {ergonomic}
    uintx NonProfiledCodeHeapSize                  = 122909434                              {pd product} {ergonomic}
    uintx ProfiledCodeHeapSize                     = 122909434                              {pd product} {ergonomic}
    uintx ReservedCodeCacheSize                    = 251658240                              {pd product} {ergonomic}
     bool SegmentedCodeCache                       = true                                      {product} {ergonomic}
   size_t SoftMaxHeapSize                          = 1073741824                             {manageable} {ergonomic}
     bool UseCompressedOops                        = true                           {product lp64_product} {ergonomic}
     bool UseG1GC                                  = true                                      {product} {ergonomic}
     bool UseLargePagesIndividualAllocation        = false                                  {pd product} {ergonomic}

Logging:
Log output configuration:
 #0: stdout all=warning uptime,level,tags foldmultilines=false
 #1: stderr all=off uptime,level,tags foldmultilines=false

Environment Variables:
JAVA_HOME=D:/mailon/Java/jdk-21.0.10
PATH=D:\Program Files\Git\mingw64\bin;D:\Program Files\Git\usr\bin;C:\Users\Usuario\bin;C:\Program Files\Common Files\Oracle\Java\javapath;C:\WINDOWS\system32;C:\WINDOWS;C:\WINDOWS\System32\Wbem;C:\WINDOWS\System32\WindowsPowerShell\v1.0;C:\WINDOWS\System32\OpenSSH;D:\Program Files\nodejs;D:\mailon\Usuario\Desktop\apache-maven-3.9.14-bin (1)\apache-maven-3.9.14\bin;D:\Program Files\Git\cmd;C:\Users\Usuario\AppData\Local\Programs\Trae\bin;D:\mailon\Usuario\Downloads\ffmpeg-8.0.1-essentials_build\ffmpeg-8.0.1-essentials_build\bin;D:\mailon\Usuario\Desktop\apache-maven-3.9.14-bin (1)\apache-maven-3.9.14\bin;C:\Users\Usuario\AppData\Roaming\npm
USERNAME=Usuario
TERM=xterm-256color
OS=Windows_NT
PROCESSOR_IDENTIFIER=Intel64 Family 6 Model 142 Stepping 12, GenuineIntel
TMP=C:\Users\Usuario\AppData\Local\Temp
TEMP=C:\Users\Usuario\AppData\Local\Temp




Periodic native trim disabled

---------------  S Y S T E M  ---------------

OS:
 Windows 11 , 64 bit Build 26100 (10.0.26100.8246)
OS uptime: 4 days 19:24 hours
Hyper-V role detected

CPU: total 8 (initial active 8) (4 cores per cpu, 2 threads per core) family 6 model 142 stepping 12 microcode 0xde, cx8, cmov, fxsr, ht, mmx, 3dnowpref, sse, sse2, sse3, ssse3, sse4.1, sse4.2, popcnt, lzcnt, tsc, tscinvbit, avx, avx2, aes, erms, clmul, bmi1, bmi2, adx, fma, vzeroupper, clflush, clflushopt, hv, rdtscp, f16c
Processor Information for all 8 processors :
  Max Mhz: 1800, Current Mhz: 1600, Mhz Limit: 1584

Memory: 4k page, system-wide physical 8040M (478M free)
TotalPageFile size 32616M (AvailPageFile size 5M)
current process WorkingSet (physical memory assigned to process): 481M, peak: 486M
current process commit charge ("private bytes"): 509M, peak: 514M

vm_info: Java HotSpot(TM) 64-Bit Server VM (21.0.10+8-LTS-217) for windows-amd64 JRE (21.0.10+8-LTS-217), built on 2025-12-18T14:59:28Z by "mach5run" with MS VC++ 17.13 (VS2022)

END.
