#
# There is insufficient memory for the Java Runtime Environment to continue.
# Native memory allocation (malloc) failed to allocate 2299984 bytes for Chunk::new
# Possible reasons:
#   The system is out of physical RAM or swap space
#   The process is running with CompressedOops enabled, and the Java Heap may be blocking the growth of the native heap
# Possible solutions:
#   Reduce memory load on the system
#   Increase physical memory or swap space
#   Check if swap backing store is full
#   Decrease Java heap size (-Xmx/-Xms)
#   Decrease number of Java threads
#   Decrease Java thread stack sizes (-Xss)
#   Set larger code cache with -XX:ReservedCodeCacheSize=
#   JVM is running with Unscaled Compressed Oops mode in which the Java heap is
#     placed in the first 4GB address space. The Java Heap base address is the
#     maximum limit for the native heap growth. Please use -XX:HeapBaseMinAddress
#     to set the Java Heap base and to place the Java Heap above 4GB virtual address.
# This output file may be truncated or incomplete.
#
#  Out of Memory Error (arena.cpp:168), pid=33100, tid=25672
#
# JRE version: Java(TM) SE Runtime Environment (21.0.10+8) (build 21.0.10+8-LTS-217)
# Java VM: Java HotSpot(TM) 64-Bit Server VM (21.0.10+8-LTS-217, mixed mode, sharing, tiered, compressed oops, compressed class ptrs, g1 gc, windows-amd64)
# No core dump will be written. Minidumps are not enabled by default on client versions of Windows
#

---------------  S U M M A R Y ------------

Command Line: -Dapplication.home=D:\mailon\Java\jdk-21.0.10 --add-modules=ALL-DEFAULT -Xms8m -Xmx256m -Djdk.module.main=jdk.compiler jdk.compiler/com.sun.tools.javac.Main @C:/Users/Usuario/AppData/Local/Temp/org.codehaus.plexus.compiler.javac.JavacCompiler421960010842758398arguments

Host: Intel(R) Core(TM) i5-8265U CPU @ 1.60GHz, 8 cores, 7G,  Windows 11 , 64 bit Build 26100 (10.0.26100.8246)
Time: Fri Apr 24 03:01:27 2026 Hora oficial do Brasil elapsed time: 10.199892 seconds (0d 0h 0m 10s)

---------------  T H R E A D  ---------------

Current thread (0x000001d078636510):  JavaThread "C2 CompilerThread2" daemon [_thread_in_native, id=25672, stack(0x0000000bf8c00000,0x0000000bf8d00000) (1024K)]


Current CompileTask:
C2:  10199 3875       4       lombok.core.AST::buildWithField (21 bytes)

Stack: [0x0000000bf8c00000,0x0000000bf8d00000]
Native frames: (J=compiled Java code, j=interpreted, Vv=VM code, C=native code)
V  [jvm.dll+0x6d0b59]
V  [jvm.dll+0x85fd56]
V  [jvm.dll+0x86224e]
V  [jvm.dll+0x862923]
V  [jvm.dll+0x282a16]
V  [jvm.dll+0xc662d]
V  [jvm.dll+0xc6b71]
V  [jvm.dll+0x3bbb5b]
V  [jvm.dll+0x1e38e9]
V  [jvm.dll+0x24b4c3]
V  [jvm.dll+0x24a94f]
V  [jvm.dll+0x1cacfe]
V  [jvm.dll+0x25a629]
V  [jvm.dll+0x258bb5]
V  [jvm.dll+0x3f4da1]
V  [jvm.dll+0x80a83d]
V  [jvm.dll+0x6cf3fd]
C  [ucrtbase.dll+0x37b0]
C  [KERNEL32.DLL+0x2e8d7]
C  [ntdll.dll+0x8c3fc]


---------------  P R O C E S S  ---------------

Threads class SMR info:
_java_thread_list=0x000001d078203090, length=13, elements={
0x000001d057b19860, 0x000001d0720f3d80, 0x000001d0720f4990, 0x000001d0720fbf80,
0x000001d0720fc9e0, 0x000001d0720fdc00, 0x000001d0720fe810, 0x000001d0720ffe40,
0x000001d072114500, 0x000001d07241fb90, 0x000001d072462a50, 0x000001d078dfe800,
0x000001d078636510
}

Java Threads: ( => current thread )
  0x000001d057b19860 JavaThread "main"                              [_thread_in_Java, id=26960, stack(0x0000000bf7100000,0x0000000bf7200000) (1024K)]
  0x000001d0720f3d80 JavaThread "Reference Handler"          daemon [_thread_blocked, id=792, stack(0x0000000bf7900000,0x0000000bf7a00000) (1024K)]
  0x000001d0720f4990 JavaThread "Finalizer"                  daemon [_thread_blocked, id=33352, stack(0x0000000bf7a00000,0x0000000bf7b00000) (1024K)]
  0x000001d0720fbf80 JavaThread "Signal Dispatcher"          daemon [_thread_blocked, id=22064, stack(0x0000000bf7b00000,0x0000000bf7c00000) (1024K)]
  0x000001d0720fc9e0 JavaThread "Attach Listener"            daemon [_thread_blocked, id=34252, stack(0x0000000bf7c00000,0x0000000bf7d00000) (1024K)]
  0x000001d0720fdc00 JavaThread "Service Thread"             daemon [_thread_blocked, id=35564, stack(0x0000000bf7d00000,0x0000000bf7e00000) (1024K)]
  0x000001d0720fe810 JavaThread "Monitor Deflation Thread"   daemon [_thread_blocked, id=8024, stack(0x0000000bf7e00000,0x0000000bf7f00000) (1024K)]
  0x000001d0720ffe40 JavaThread "C2 CompilerThread0"         daemon [_thread_in_native, id=33812, stack(0x0000000bf7f00000,0x0000000bf8000000) (1024K)]
  0x000001d072114500 JavaThread "C1 CompilerThread0"         daemon [_thread_blocked, id=31172, stack(0x0000000bf8000000,0x0000000bf8100000) (1024K)]
  0x000001d07241fb90 JavaThread "Notification Thread"        daemon [_thread_blocked, id=25340, stack(0x0000000bf8100000,0x0000000bf8200000) (1024K)]
  0x000001d072462a50 JavaThread "Common-Cleaner"             daemon [_thread_blocked, id=25384, stack(0x0000000bf8200000,0x0000000bf8300000) (1024K)]
  0x000001d078dfe800 JavaThread "C2 CompilerThread1"         daemon [_thread_in_native, id=33796, stack(0x0000000bf8b00000,0x0000000bf8c00000) (1024K)]
=>0x000001d078636510 JavaThread "C2 CompilerThread2"         daemon [_thread_in_native, id=25672, stack(0x0000000bf8c00000,0x0000000bf8d00000) (1024K)]
Total: 13

Other Threads:
  0x000001d057bd8f00 VMThread "VM Thread"                           [id=33296, stack(0x0000000bf7800000,0x0000000bf7900000) (1024K)]
  0x000001d0720da9f0 WatcherThread "VM Periodic Task Thread"        [id=31640, stack(0x0000000bf7700000,0x0000000bf7800000) (1024K)]
  0x000001d057b35e60 WorkerThread "GC Thread#0"                     [id=17312, stack(0x0000000bf7200000,0x0000000bf7300000) (1024K)]
  0x000001d0725c0e80 WorkerThread "GC Thread#1"                     [id=32588, stack(0x0000000bf8400000,0x0000000bf8500000) (1024K)]
  0x000001d0725c2a90 WorkerThread "GC Thread#2"                     [id=35108, stack(0x0000000bf8500000,0x0000000bf8600000) (1024K)]
  0x000001d072638920 WorkerThread "GC Thread#3"                     [id=32320, stack(0x0000000bf8600000,0x0000000bf8700000) (1024K)]
  0x000001d0770b06a0 WorkerThread "GC Thread#4"                     [id=33688, stack(0x0000000bf8800000,0x0000000bf8900000) (1024K)]
  0x000001d07735f350 WorkerThread "GC Thread#5"                     [id=32640, stack(0x0000000bf8300000,0x0000000bf8400000) (1024K)]
  0x000001d0784c04b0 WorkerThread "GC Thread#6"                     [id=32420, stack(0x0000000bf8a00000,0x0000000bf8b00000) (1024K)]
  0x000001d078206f70 WorkerThread "GC Thread#7"                     [id=34004, stack(0x0000000bf8900000,0x0000000bf8a00000) (1024K)]
  0x000001d057b38d60 ConcurrentGCThread "G1 Main Marker"            [id=2152, stack(0x0000000bf7300000,0x0000000bf7400000) (1024K)]
  0x000001d057b3a600 WorkerThread "G1 Conc#0"                       [id=6908, stack(0x0000000bf7400000,0x0000000bf7500000) (1024K)]
  0x000001d0725df100 WorkerThread "G1 Conc#1"                       [id=13668, stack(0x0000000bf8700000,0x0000000bf8800000) (1024K)]
  0x000001d057b74f40 ConcurrentGCThread "G1 Refine#0"               [id=34796, stack(0x0000000bf7500000,0x0000000bf7600000) (1024K)]
  0x000001d057b76880 ConcurrentGCThread "G1 Service"                [id=20548, stack(0x0000000bf7600000,0x0000000bf7700000) (1024K)]
Total: 15

Threads with active compile tasks:
C2 CompilerThread0    10470 4384   !   4       com.sun.tools.javac.tree.Pretty::printExpr (55 bytes)
C2 CompilerThread1    10470 4375       4       lombok.javac.JavacAST::buildTypeUse (398 bytes)
C2 CompilerThread2    10470 3875       4       lombok.core.AST::buildWithField (21 bytes)
Total: 3

VM state: not at safepoint (normal execution)

VM Mutex/Monitor currently owned by a thread: None

Heap address: 0x00000000f0000000, size: 256 MB, Compressed Oops mode: 32-bit

CDS archive(s) mapped at: [0x000001d000000000-0x000001d000c90000-0x000001d000c90000), size 13172736, SharedBaseAddress: 0x000001d000000000, ArchiveRelocationMode: 1.
Compressed class space mapped at: 0x000001d001000000-0x000001d041000000, reserved size: 1073741824
Narrow klass base: 0x000001d000000000, Narrow klass shift: 0, Narrow klass range: 0x100000000

GC Precious Log:
 CardTable entry size: 512
 Card Set container configuration: InlinePtr #cards 5 size 8 Array Of Cards #cards 12 size 40 Howl #buckets 4 coarsen threshold 1843 Howl Bitmap #cards 512 size 80 coarsen threshold 460 Card regions per heap region 1 cards per card region 2048
 CPUs: 8 total, 8 available
 Memory: 8040M
 Large Page Support: Disabled
 NUMA Support: Disabled
 Compressed Oops: Enabled (32-bit)
 Heap Region Size: 1M
 Heap Min Capacity: 8M
 Heap Initial Capacity: 8M
 Heap Max Capacity: 256M
 Pre-touch: Disabled
 Parallel Workers: 8
 Concurrent Workers: 2
 Concurrent Refinement Workers: 8
 Periodic GC: Disabled

Heap:
 garbage-first heap   total 68608K, used 45187K [0x00000000f0000000, 0x0000000100000000)
  region size 1024K, 9 young (9216K), 2 survivors (2048K)
 Metaspace       used 14416K, committed 14784K, reserved 1114112K
  class space    used 1484K, committed 1664K, reserved 1048576K

Heap Regions: E=young(eden), S=young(survivor), O=old, HS=humongous(starts), HC=humongous(continues), CS=collection set, F=free, TAMS=top-at-mark-start, PB=parsable bottom
|   0|0x00000000f0000000, 0x00000000f0100000, 0x00000000f0100000|100%| O|  |TAMS 0x00000000f0000000| PB 0x00000000f0000000| Untracked 
|   1|0x00000000f0100000, 0x00000000f0200000, 0x00000000f0200000|100%| O|  |TAMS 0x00000000f0100000| PB 0x00000000f0100000| Untracked 
|   2|0x00000000f0200000, 0x00000000f0300000, 0x00000000f0300000|100%|HS|  |TAMS 0x00000000f0200000| PB 0x00000000f0200000| Complete 
|   3|0x00000000f0300000, 0x00000000f0400000, 0x00000000f0400000|100%| O|  |TAMS 0x00000000f0300000| PB 0x00000000f0300000| Untracked 
|   4|0x00000000f0400000, 0x00000000f0500000, 0x00000000f0500000|100%| O|  |TAMS 0x00000000f0400000| PB 0x00000000f0400000| Untracked 
|   5|0x00000000f0500000, 0x00000000f0600000, 0x00000000f0600000|100%| O|  |TAMS 0x00000000f0500000| PB 0x00000000f0500000| Untracked 
|   6|0x00000000f0600000, 0x00000000f0700000, 0x00000000f0700000|100%| O|  |TAMS 0x00000000f0600000| PB 0x00000000f0600000| Untracked 
|   7|0x00000000f0700000, 0x00000000f0800000, 0x00000000f0800000|100%| O|  |TAMS 0x00000000f0700000| PB 0x00000000f0700000| Untracked 
|   8|0x00000000f0800000, 0x00000000f0900000, 0x00000000f0900000|100%|HS|  |TAMS 0x00000000f0800000| PB 0x00000000f0800000| Complete 
|   9|0x00000000f0900000, 0x00000000f0a00000, 0x00000000f0a00000|100%|HC|  |TAMS 0x00000000f0900000| PB 0x00000000f0900000| Complete 
|  10|0x00000000f0a00000, 0x00000000f0b00000, 0x00000000f0b00000|100%|HC|  |TAMS 0x00000000f0a00000| PB 0x00000000f0a00000| Complete 
|  11|0x00000000f0b00000, 0x00000000f0c00000, 0x00000000f0c00000|100%| O|  |TAMS 0x00000000f0b00000| PB 0x00000000f0b00000| Untracked 
|  12|0x00000000f0c00000, 0x00000000f0d00000, 0x00000000f0d00000|100%| O|  |TAMS 0x00000000f0c00000| PB 0x00000000f0c00000| Untracked 
|  13|0x00000000f0d00000, 0x00000000f0e00000, 0x00000000f0e00000|100%| O|  |TAMS 0x00000000f0d00000| PB 0x00000000f0d00000| Untracked 
|  14|0x00000000f0e00000, 0x00000000f0f00000, 0x00000000f0f00000|100%| O|  |TAMS 0x00000000f0e00000| PB 0x00000000f0e00000| Untracked 
|  15|0x00000000f0f00000, 0x00000000f1000000, 0x00000000f1000000|100%| O|  |TAMS 0x00000000f0f00000| PB 0x00000000f0f00000| Untracked 
|  16|0x00000000f1000000, 0x00000000f1100000, 0x00000000f1100000|100%| O|  |TAMS 0x00000000f1000000| PB 0x00000000f1000000| Untracked 
|  17|0x00000000f1100000, 0x00000000f1200000, 0x00000000f1200000|100%| O|  |TAMS 0x00000000f1100000| PB 0x00000000f1100000| Untracked 
|  18|0x00000000f1200000, 0x00000000f1300000, 0x00000000f1300000|100%| O|  |TAMS 0x00000000f1200000| PB 0x00000000f1200000| Untracked 
|  19|0x00000000f1300000, 0x00000000f1400000, 0x00000000f1400000|100%| O|  |TAMS 0x00000000f1300000| PB 0x00000000f1300000| Untracked 
|  20|0x00000000f1400000, 0x00000000f1500000, 0x00000000f1500000|100%| O|  |TAMS 0x00000000f1400000| PB 0x00000000f1400000| Untracked 
|  21|0x00000000f1500000, 0x00000000f1600000, 0x00000000f1600000|100%| O|  |TAMS 0x00000000f1500000| PB 0x00000000f1500000| Untracked 
|  22|0x00000000f1600000, 0x00000000f1700000, 0x00000000f1700000|100%| O|  |TAMS 0x00000000f1600000| PB 0x00000000f1600000| Untracked 
|  23|0x00000000f1700000, 0x00000000f1800000, 0x00000000f1800000|100%| O|  |TAMS 0x00000000f1700000| PB 0x00000000f1700000| Untracked 
|  24|0x00000000f1800000, 0x00000000f1900000, 0x00000000f1900000|100%| O|  |TAMS 0x00000000f1800000| PB 0x00000000f1800000| Untracked 
|  25|0x00000000f1900000, 0x00000000f1a00000, 0x00000000f1a00000|100%| O|  |TAMS 0x00000000f1900000| PB 0x00000000f1900000| Untracked 
|  26|0x00000000f1a00000, 0x00000000f1b00000, 0x00000000f1b00000|100%| O|  |TAMS 0x00000000f1a00000| PB 0x00000000f1a00000| Untracked 
|  27|0x00000000f1b00000, 0x00000000f1c00000, 0x00000000f1c00000|100%| O|  |TAMS 0x00000000f1b00000| PB 0x00000000f1b00000| Untracked 
|  28|0x00000000f1c00000, 0x00000000f1d00000, 0x00000000f1d00000|100%| O|  |TAMS 0x00000000f1c00000| PB 0x00000000f1c00000| Untracked 
|  29|0x00000000f1d00000, 0x00000000f1e00000, 0x00000000f1e00000|100%| O|  |TAMS 0x00000000f1d00000| PB 0x00000000f1d00000| Untracked 
|  30|0x00000000f1e00000, 0x00000000f1f00000, 0x00000000f1f00000|100%| O|  |TAMS 0x00000000f1e00000| PB 0x00000000f1e00000| Untracked 
|  31|0x00000000f1f00000, 0x00000000f2000000, 0x00000000f2000000|100%| O|  |TAMS 0x00000000f1f00000| PB 0x00000000f1f00000| Untracked 
|  32|0x00000000f2000000, 0x00000000f2100000, 0x00000000f2100000|100%| O|  |TAMS 0x00000000f2000000| PB 0x00000000f2000000| Untracked 
|  33|0x00000000f2100000, 0x00000000f2200000, 0x00000000f2200000|100%| O|Cm|TAMS 0x00000000f2100000| PB 0x00000000f2100000| Complete 
|  34|0x00000000f2200000, 0x00000000f2300000, 0x00000000f2300000|100%|HS|  |TAMS 0x00000000f2200000| PB 0x00000000f2200000| Complete 
|  35|0x00000000f2300000, 0x00000000f2400000, 0x00000000f2400000|100%|HC|  |TAMS 0x00000000f2300000| PB 0x00000000f2300000| Complete 
|  36|0x00000000f2400000, 0x00000000f2479380, 0x00000000f2500000| 47%| O|  |TAMS 0x00000000f2400000| PB 0x00000000f2400000| Untracked 
|  37|0x00000000f2500000, 0x00000000f2500000, 0x00000000f2600000|  0%| F|  |TAMS 0x00000000f2500000| PB 0x00000000f2500000| Untracked 
|  38|0x00000000f2600000, 0x00000000f2600000, 0x00000000f2700000|  0%| F|  |TAMS 0x00000000f2600000| PB 0x00000000f2600000| Untracked 
|  39|0x00000000f2700000, 0x00000000f2700000, 0x00000000f2800000|  0%| F|  |TAMS 0x00000000f2700000| PB 0x00000000f2700000| Untracked 
|  40|0x00000000f2800000, 0x00000000f2800000, 0x00000000f2900000|  0%| F|  |TAMS 0x00000000f2800000| PB 0x00000000f2800000| Untracked 
|  41|0x00000000f2900000, 0x00000000f2900000, 0x00000000f2a00000|  0%| F|  |TAMS 0x00000000f2900000| PB 0x00000000f2900000| Untracked 
|  42|0x00000000f2a00000, 0x00000000f2a00000, 0x00000000f2b00000|  0%| F|  |TAMS 0x00000000f2a00000| PB 0x00000000f2a00000| Untracked 
|  43|0x00000000f2b00000, 0x00000000f2b00000, 0x00000000f2c00000|  0%| F|  |TAMS 0x00000000f2b00000| PB 0x00000000f2b00000| Untracked 
|  44|0x00000000f2c00000, 0x00000000f2c00000, 0x00000000f2d00000|  0%| F|  |TAMS 0x00000000f2c00000| PB 0x00000000f2c00000| Untracked 
|  45|0x00000000f2d00000, 0x00000000f2d00000, 0x00000000f2e00000|  0%| F|  |TAMS 0x00000000f2d00000| PB 0x00000000f2d00000| Untracked 
|  46|0x00000000f2e00000, 0x00000000f2ea7a88, 0x00000000f2f00000| 65%| S|CS|TAMS 0x00000000f2e00000| PB 0x00000000f2e00000| Complete 
|  47|0x00000000f2f00000, 0x00000000f3000000, 0x00000000f3000000|100%| S|CS|TAMS 0x00000000f2f00000| PB 0x00000000f2f00000| Complete 
|  48|0x00000000f3000000, 0x00000000f3000000, 0x00000000f3100000|  0%| F|  |TAMS 0x00000000f3000000| PB 0x00000000f3000000| Untracked 
|  49|0x00000000f3100000, 0x00000000f3100000, 0x00000000f3200000|  0%| F|  |TAMS 0x00000000f3100000| PB 0x00000000f3100000| Untracked 
|  50|0x00000000f3200000, 0x00000000f3200000, 0x00000000f3300000|  0%| F|  |TAMS 0x00000000f3200000| PB 0x00000000f3200000| Untracked 
|  51|0x00000000f3300000, 0x00000000f3300000, 0x00000000f3400000|  0%| F|  |TAMS 0x00000000f3300000| PB 0x00000000f3300000| Untracked 
|  52|0x00000000f3400000, 0x00000000f3400000, 0x00000000f3500000|  0%| F|  |TAMS 0x00000000f3400000| PB 0x00000000f3400000| Untracked 
|  53|0x00000000f3500000, 0x00000000f3500000, 0x00000000f3600000|  0%| F|  |TAMS 0x00000000f3500000| PB 0x00000000f3500000| Untracked 
|  54|0x00000000f3600000, 0x00000000f3600000, 0x00000000f3700000|  0%| F|  |TAMS 0x00000000f3600000| PB 0x00000000f3600000| Untracked 
|  55|0x00000000f3700000, 0x00000000f3700000, 0x00000000f3800000|  0%| F|  |TAMS 0x00000000f3700000| PB 0x00000000f3700000| Untracked 
|  56|0x00000000f3800000, 0x00000000f3800000, 0x00000000f3900000|  0%| F|  |TAMS 0x00000000f3800000| PB 0x00000000f3800000| Untracked 
|  57|0x00000000f3900000, 0x00000000f3900000, 0x00000000f3a00000|  0%| F|  |TAMS 0x00000000f3900000| PB 0x00000000f3900000| Untracked 
|  58|0x00000000f3a00000, 0x00000000f3a00000, 0x00000000f3b00000|  0%| F|  |TAMS 0x00000000f3a00000| PB 0x00000000f3a00000| Untracked 
|  59|0x00000000f3b00000, 0x00000000f3b00000, 0x00000000f3c00000|  0%| F|  |TAMS 0x00000000f3b00000| PB 0x00000000f3b00000| Untracked 
|  60|0x00000000f3c00000, 0x00000000f3cb7890, 0x00000000f3d00000| 71%| E|  |TAMS 0x00000000f3c00000| PB 0x00000000f3c00000| Complete 
|  61|0x00000000f3d00000, 0x00000000f3e00000, 0x00000000f3e00000|100%| E|CS|TAMS 0x00000000f3d00000| PB 0x00000000f3d00000| Complete 
|  62|0x00000000f3e00000, 0x00000000f3f00000, 0x00000000f3f00000|100%| E|CS|TAMS 0x00000000f3e00000| PB 0x00000000f3e00000| Complete 
|  63|0x00000000f3f00000, 0x00000000f4000000, 0x00000000f4000000|100%| E|CS|TAMS 0x00000000f3f00000| PB 0x00000000f3f00000| Complete 
|  64|0x00000000f4000000, 0x00000000f4100000, 0x00000000f4100000|100%| E|CS|TAMS 0x00000000f4000000| PB 0x00000000f4000000| Complete 
|  65|0x00000000f4100000, 0x00000000f4200000, 0x00000000f4200000|100%| E|CS|TAMS 0x00000000f4100000| PB 0x00000000f4100000| Complete 
|  66|0x00000000f4200000, 0x00000000f4300000, 0x00000000f4300000|100%| E|CS|TAMS 0x00000000f4200000| PB 0x00000000f4200000| Complete 

Card table byte_map: [0x000001d06f300000,0x000001d06f380000] _byte_map_base: 0x000001d06eb80000

Marking Bits: (CMBitMap*) 0x000001d057b36480
 Bits: [0x000001d06f380000, 0x000001d06f780000)

Polling page: 0x000001d055aa0000

Metaspace:

Usage:
  Non-class:     12.63 MB used.
      Class:      1.45 MB used.
       Both:     14.08 MB used.

Virtual space:
  Non-class space:       64.00 MB reserved,      12.81 MB ( 20%) committed,  1 nodes.
      Class space:        1.00 GB reserved,       1.62 MB ( <1%) committed,  1 nodes.
             Both:        1.06 GB reserved,      14.44 MB (  1%) committed. 

Chunk freelists:
   Non-Class:  2.60 MB
       Class:  14.33 MB
        Both:  16.93 MB

MaxMetaspaceSize: unlimited
CompressedClassSpaceSize: 1.00 GB
Initial GC threshold: 21.00 MB
Current GC threshold: 23.06 MB
CDS: on
 - commit_granule_bytes: 65536.
 - commit_granule_words: 8192.
 - virtual_space_node_default_size: 8388608.
 - enlarge_chunks_in_place: 1.
 - use_allocation_guard: 0.


Internal statistics:

num_allocs_failed_limit: 0.
num_arena_births: 364.
num_arena_deaths: 0.
num_vsnodes_births: 2.
num_vsnodes_deaths: 0.
num_space_committed: 231.
num_space_uncommitted: 0.
num_chunks_returned_to_freelist: 0.
num_chunks_taken_from_freelist: 876.
num_chunk_merges: 0.
num_chunk_splits: 597.
num_chunks_enlarged: 404.
num_inconsistent_stats: 0.

CodeHeap 'non-profiled nmethods': size=120000Kb used=2032Kb max_used=2032Kb free=117967Kb
 bounds [0x000001d067a90000, 0x000001d067d00000, 0x000001d06efc0000]
CodeHeap 'profiled nmethods': size=120000Kb used=8918Kb max_used=8918Kb free=111081Kb
 bounds [0x000001d05ffc0000, 0x000001d060880000, 0x000001d0674f0000]
CodeHeap 'non-nmethods': size=5760Kb used=1398Kb max_used=1485Kb free=4361Kb
 bounds [0x000001d0674f0000, 0x000001d067760000, 0x000001d067a90000]
 total_blobs=4370 nmethods=3881 adapters=393
 compilation: enabled
              stopped_count=0, restarted_count=0
 full_count=0

Compilation events (20 events):
Event: 10.039 Thread 0x000001d072114500 4368       2       java.util.regex.Pattern::lambda$negate$7 (16 bytes)
Event: 10.039 Thread 0x000001d072114500 nmethod 4368 0x000001d060872490 code [0x000001d060872640, 0x000001d060872760]
Event: 10.039 Thread 0x000001d072114500 4369       2       java.util.regex.Matcher::find (69 bytes)
Event: 10.040 Thread 0x000001d072114500 nmethod 4369 0x000001d060872810 code [0x000001d0608729c0, 0x000001d060872bc8]
Event: 10.040 Thread 0x000001d072114500 4370       2       java.util.regex.Pattern::lambda$Range$17 (7 bytes)
Event: 10.040 Thread 0x000001d072114500 nmethod 4370 0x000001d060872d10 code [0x000001d060872ea0, 0x000001d060872fb0]
Event: 10.040 Thread 0x000001d072114500 4371       2       java.util.regex.Pattern::inRange (16 bytes)
Event: 10.040 Thread 0x000001d072114500 nmethod 4371 0x000001d060873010 code [0x000001d0608731a0, 0x000001d0608732a8]
Event: 10.069 Thread 0x000001d078dfe800 nmethod 3873 0x000001d067b4dc90 code [0x000001d067b4e8c0, 0x000001d067b59a50]
Event: 10.071 Thread 0x000001d078dfe800 4052       4       java.net.URI$Parser::scan (76 bytes)
Event: 10.073 Thread 0x000001d078dfe800 nmethod 4052 0x000001d067b4d590 code [0x000001d067b4d740, 0x000001d067b4da08]
Event: 10.073 Thread 0x000001d078dfe800 4240       4       java.util.HashMap::removeNode (291 bytes)
Event: 10.087 Thread 0x000001d078dfe800 nmethod 4240 0x000001d067b0be90 code [0x000001d067b0c080, 0x000001d067b0cb78]
Event: 10.087 Thread 0x000001d078dfe800 4242       4       java.util.HashMap::remove (26 bytes)
Event: 10.088 Thread 0x000001d078dfe800 nmethod 4242 0x000001d067b0b910 code [0x000001d067b0baa0, 0x000001d067b0bc08]
Event: 10.088 Thread 0x000001d078dfe800 4024       4       com.sun.tools.javac.util.Convert::escapeUnicode (173 bytes)
Event: 10.090 Thread 0x000001d078dfe800 nmethod 4024 0x000001d067b4d010 code [0x000001d067b4d1c0, 0x000001d067b4d388]
Event: 10.090 Thread 0x000001d078dfe800 4029       4       lombok.core.AST::buildWithCollection (128 bytes)
Event: 10.114 Thread 0x000001d078dfe800 nmethod 4029 0x000001d067b70810 code [0x000001d067b70ac0, 0x000001d067b71c78]
Event: 10.114 Thread 0x000001d078dfe800 4237       4       lombok.javac.handlers.JavacHandlerUtil::typeMatches (116 bytes)

GC Heap History (20 events):
Event: 3.091 GC heap before
{Heap before GC invocations=15 (full 0):
 garbage-first heap   total 32768K, used 23581K [0x00000000f0000000, 0x0000000100000000)
  region size 1024K, 7 young (7168K), 1 survivors (1024K)
 Metaspace       used 9463K, committed 9600K, reserved 1114112K
  class space    used 1016K, committed 1088K, reserved 1048576K
}
Event: 3.100 GC heap after
{Heap after GC invocations=16 (full 0):
 garbage-first heap   total 32768K, used 17630K [0x00000000f0000000, 0x0000000100000000)
  region size 1024K, 1 young (1024K), 1 survivors (1024K)
 Metaspace       used 9463K, committed 9600K, reserved 1114112K
  class space    used 1016K, committed 1088K, reserved 1048576K
}
Event: 3.206 GC heap before
{Heap before GC invocations=16 (full 0):
 garbage-first heap   total 32768K, used 23774K [0x00000000f0000000, 0x0000000100000000)
  region size 1024K, 7 young (7168K), 1 survivors (1024K)
 Metaspace       used 9469K, committed 9600K, reserved 1114112K
  class space    used 1016K, committed 1088K, reserved 1048576K
}
Event: 3.211 GC heap after
{Heap after GC invocations=17 (full 0):
 garbage-first heap   total 65536K, used 18722K [0x00000000f0000000, 0x0000000100000000)
  region size 1024K, 1 young (1024K), 1 survivors (1024K)
 Metaspace       used 9469K, committed 9600K, reserved 1114112K
  class space    used 1016K, committed 1088K, reserved 1048576K
}
Event: 3.727 GC heap before
{Heap before GC invocations=18 (full 0):
 garbage-first heap   total 65536K, used 41250K [0x00000000f0000000, 0x0000000100000000)
  region size 1024K, 24 young (24576K), 1 survivors (1024K)
 Metaspace       used 9515K, committed 9728K, reserved 1114112K
  class space    used 1016K, committed 1088K, reserved 1048576K
}
Event: 3.738 GC heap after
{Heap after GC invocations=19 (full 0):
 garbage-first heap   total 65536K, used 26624K [0x00000000f0000000, 0x0000000100000000)
  region size 1024K, 3 young (3072K), 3 survivors (3072K)
 Metaspace       used 9515K, committed 9728K, reserved 1114112K
  class space    used 1016K, committed 1088K, reserved 1048576K
}
Event: 4.670 GC heap before
{Heap before GC invocations=19 (full 0):
 garbage-first heap   total 65536K, used 43008K [0x00000000f0000000, 0x0000000100000000)
  region size 1024K, 19 young (19456K), 3 survivors (3072K)
 Metaspace       used 10403K, committed 10560K, reserved 1114112K
  class space    used 1090K, committed 1152K, reserved 1048576K
}
Event: 4.686 GC heap after
{Heap after GC invocations=20 (full 0):
 garbage-first heap   total 65536K, used 30573K [0x00000000f0000000, 0x0000000100000000)
  region size 1024K, 3 young (3072K), 3 survivors (3072K)
 Metaspace       used 10403K, committed 10560K, reserved 1114112K
  class space    used 1090K, committed 1152K, reserved 1048576K
}
Event: 5.144 GC heap before
{Heap before GC invocations=20 (full 0):
 garbage-first heap   total 65536K, used 47981K [0x00000000f0000000, 0x0000000100000000)
  region size 1024K, 19 young (19456K), 3 survivors (3072K)
 Metaspace       used 10610K, committed 10816K, reserved 1114112K
  class space    used 1096K, committed 1152K, reserved 1048576K
}
Event: 5.164 GC heap after
{Heap after GC invocations=21 (full 0):
 garbage-first heap   total 65536K, used 34572K [0x00000000f0000000, 0x0000000100000000)
  region size 1024K, 3 young (3072K), 3 survivors (3072K)
 Metaspace       used 10610K, committed 10816K, reserved 1114112K
  class space    used 1096K, committed 1152K, reserved 1048576K
}
Event: 5.213 GC heap before
{Heap before GC invocations=21 (full 0):
 garbage-first heap   total 65536K, used 37644K [0x00000000f0000000, 0x0000000100000000)
  region size 1024K, 7 young (7168K), 3 survivors (3072K)
 Metaspace       used 10621K, committed 10816K, reserved 1114112K
  class space    used 1096K, committed 1152K, reserved 1048576K
}
Event: 5.226 GC heap after
{Heap after GC invocations=22 (full 0):
 garbage-first heap   total 65536K, used 35631K [0x00000000f0000000, 0x0000000100000000)
  region size 1024K, 1 young (1024K), 1 survivors (1024K)
 Metaspace       used 10621K, committed 10816K, reserved 1114112K
  class space    used 1096K, committed 1152K, reserved 1048576K
}
Event: 6.465 GC heap before
{Heap before GC invocations=23 (full 0):
 garbage-first heap   total 66560K, used 55087K [0x00000000f0000000, 0x0000000100000000)
  region size 1024K, 18 young (18432K), 1 survivors (1024K)
 Metaspace       used 11951K, committed 12224K, reserved 1114112K
  class space    used 1205K, committed 1344K, reserved 1048576K
}
Event: 6.472 GC heap after
{Heap after GC invocations=24 (full 0):
 garbage-first heap   total 66560K, used 38098K [0x00000000f0000000, 0x0000000100000000)
  region size 1024K, 3 young (3072K), 3 survivors (3072K)
 Metaspace       used 11951K, committed 12224K, reserved 1114112K
  class space    used 1205K, committed 1344K, reserved 1048576K
}
Event: 6.954 GC heap before
{Heap before GC invocations=24 (full 0):
 garbage-first heap   total 66560K, used 54482K [0x00000000f0000000, 0x0000000100000000)
  region size 1024K, 20 young (20480K), 3 survivors (3072K)
 Metaspace       used 13166K, committed 13376K, reserved 1114112K
  class space    used 1351K, committed 1472K, reserved 1048576K
}
Event: 6.964 GC heap after
{Heap after GC invocations=25 (full 0):
 garbage-first heap   total 66560K, used 37579K [0x00000000f0000000, 0x0000000100000000)
  region size 1024K, 2 young (2048K), 2 survivors (2048K)
 Metaspace       used 13166K, committed 13376K, reserved 1114112K
  class space    used 1351K, committed 1472K, reserved 1048576K
}
Event: 7.283 GC heap before
{Heap before GC invocations=25 (full 0):
 garbage-first heap   total 66560K, used 57035K [0x00000000f0000000, 0x0000000100000000)
  region size 1024K, 21 young (21504K), 2 survivors (2048K)
 Metaspace       used 13825K, committed 14080K, reserved 1114112K
  class space    used 1404K, committed 1536K, reserved 1048576K
}
Event: 7.290 GC heap after
{Heap after GC invocations=26 (full 0):
 garbage-first heap   total 66560K, used 38214K [0x00000000f0000000, 0x0000000100000000)
  region size 1024K, 1 young (1024K), 1 survivors (1024K)
 Metaspace       used 13825K, committed 14080K, reserved 1114112K
  class space    used 1404K, committed 1536K, reserved 1048576K
}
Event: 7.901 GC heap before
{Heap before GC invocations=27 (full 0):
 garbage-first heap   total 68608K, used 56646K [0x00000000f0000000, 0x0000000100000000)
  region size 1024K, 20 young (20480K), 1 survivors (1024K)
 Metaspace       used 14365K, committed 14720K, reserved 1114112K
  class space    used 1477K, committed 1664K, reserved 1048576K
}
Event: 7.909 GC heap after
{Heap after GC invocations=28 (full 0):
 garbage-first heap   total 68608K, used 39043K [0x00000000f0000000, 0x0000000100000000)
  region size 1024K, 2 young (2048K), 2 survivors (2048K)
 Metaspace       used 14365K, committed 14720K, reserved 1114112K
  class space    used 1477K, committed 1664K, reserved 1048576K
}

Dll operation events (7 events):
Event: 0.013 Loaded shared library D:\mailon\Java\jdk-21.0.10\bin\java.dll
Event: 0.059 Loaded shared library D:\mailon\Java\jdk-21.0.10\bin\jsvml.dll
Event: 0.126 Loaded shared library D:\mailon\Java\jdk-21.0.10\bin\jimage.dll
Event: 0.242 Loaded shared library D:\mailon\Java\jdk-21.0.10\bin\net.dll
Event: 0.246 Loaded shared library D:\mailon\Java\jdk-21.0.10\bin\nio.dll
Event: 0.651 Loaded shared library D:\mailon\Java\jdk-21.0.10\bin\zip.dll
Event: 5.933 Loaded shared library D:\mailon\Java\jdk-21.0.10\bin\verify.dll

Deoptimization events (20 events):
Event: 7.531 Thread 0x000001d057b19860 Uncommon trap: trap_request=0xffffff45 fr.pc=0x000001d067b18dc0 relative=0x0000000000000920
Event: 7.531 Thread 0x000001d057b19860 Uncommon trap: reason=unstable_if action=reinterpret pc=0x000001d067b18dc0 method=java.lang.String.replace(Ljava/lang/CharSequence;Ljava/lang/CharSequence;)Ljava/lang/String; @ 48 c2
Event: 7.531 Thread 0x000001d057b19860 DEOPT PACKING pc=0x000001d067b18dc0 sp=0x0000000bf71fe980
Event: 7.531 Thread 0x000001d057b19860 DEOPT UNPACKING pc=0x000001d0675446a2 sp=0x0000000bf71fe900 mode 2
Event: 7.570 Thread 0x000001d057b19860 Uncommon trap: trap_request=0xffffff45 fr.pc=0x000001d067be4b4c relative=0x000000000000086c
Event: 7.570 Thread 0x000001d057b19860 Uncommon trap: reason=unstable_if action=reinterpret pc=0x000001d067be4b4c method=com.sun.tools.javac.code.Scope$ScopeImpl.lookup(Lcom/sun/tools/javac/util/Name;Ljava/util/function/Predicate;)Lcom/sun/tools/javac/code/Scope$Entry; @ 19 c2
Event: 7.570 Thread 0x000001d057b19860 DEOPT PACKING pc=0x000001d067be4b4c sp=0x0000000bf71fe1f0
Event: 7.570 Thread 0x000001d057b19860 DEOPT UNPACKING pc=0x000001d0675446a2 sp=0x0000000bf71fe120 mode 2
Event: 7.689 Thread 0x000001d057b19860 Uncommon trap: trap_request=0xffffff45 fr.pc=0x000001d067be2538 relative=0x0000000000000278
Event: 7.689 Thread 0x000001d057b19860 Uncommon trap: reason=unstable_if action=reinterpret pc=0x000001d067be2538 method=com.sun.tools.javac.code.Scope$ScopeImpl.lookup(Lcom/sun/tools/javac/util/Name;Ljava/util/function/Predicate;)Lcom/sun/tools/javac/code/Scope$Entry; @ 19 c2
Event: 7.689 Thread 0x000001d057b19860 DEOPT PACKING pc=0x000001d067be2538 sp=0x0000000bf71fe1c0
Event: 7.689 Thread 0x000001d057b19860 DEOPT UNPACKING pc=0x000001d0675446a2 sp=0x0000000bf71fe158 mode 2
Event: 7.716 Thread 0x000001d057b19860 DEOPT PACKING pc=0x000001d06076648e sp=0x0000000bf71fe890
Event: 7.716 Thread 0x000001d057b19860 DEOPT UNPACKING pc=0x000001d067544e42 sp=0x0000000bf71fdd78 mode 0
Event: 8.020 Thread 0x000001d057b19860 DEOPT PACKING pc=0x000001d06076648e sp=0x0000000bf71fe820
Event: 8.020 Thread 0x000001d057b19860 DEOPT UNPACKING pc=0x000001d067544e42 sp=0x0000000bf71fdd08 mode 0
Event: 9.026 Thread 0x000001d057b19860 Uncommon trap: trap_request=0xffffff45 fr.pc=0x000001d067c3f14c relative=0x00000000000002ec
Event: 9.026 Thread 0x000001d057b19860 Uncommon trap: reason=unstable_if action=reinterpret pc=0x000001d067c3f14c method=java.util.regex.Matcher.match(II)Z @ 76 c2
Event: 9.026 Thread 0x000001d057b19860 DEOPT PACKING pc=0x000001d067c3f14c sp=0x0000000bf71fdf30
Event: 9.026 Thread 0x000001d057b19860 DEOPT UNPACKING pc=0x000001d0675446a2 sp=0x0000000bf71fdec8 mode 2

Classes loaded (20 events):
Event: 7.007 Loading class java/util/Collections$UnmodifiableMap$UnmodifiableEntrySet$UnmodifiableEntry
Event: 7.008 Loading class java/util/Collections$UnmodifiableMap$UnmodifiableEntrySet$UnmodifiableEntry done
Event: 7.029 Loading class sun/reflect/generics/repository/FieldRepository
Event: 7.029 Loading class sun/reflect/generics/repository/FieldRepository done
Event: 7.244 Loading class sun/invoke/util/ValueConversions$1
Event: 7.245 Loading class sun/invoke/util/ValueConversions$1 done
Event: 7.246 Loading class java/lang/invoke/BoundMethodHandle$Species_LI
Event: 7.246 Loading class java/lang/invoke/BoundMethodHandle$Species_LI done
Event: 7.309 Loading class java/util/regex/Pattern$SliceI
Event: 7.309 Loading class java/util/regex/Pattern$SliceI done
Event: 7.313 Loading class java/util/regex/Pattern$Loop
Event: 7.374 Loading class java/util/regex/Pattern$Loop done
Event: 7.433 Loading class java/util/regex/Pattern$Prolog
Event: 7.433 Loading class java/util/regex/Pattern$Prolog done
Event: 7.572 Loading class java/lang/Deprecated
Event: 7.573 Loading class java/lang/Deprecated done
Event: 7.599 Loading class java/util/regex/Pattern$LazyLoop
Event: 7.600 Loading class java/util/regex/Pattern$LazyLoop done
Event: 7.600 Loading class java/util/regex/Pattern$Pos
Event: 7.600 Loading class java/util/regex/Pattern$Pos done

Classes unloaded (0 events):
No events

Classes redefined (0 events):
No events

Internal exceptions (20 events):
Event: 6.641 Thread 0x000001d057b19860 Implicit null exception at 0x000001d067aca6c0 to 0x000001d067aca745
Event: 7.106 Thread 0x000001d057b19860 Implicit null exception at 0x000001d067c56247 to 0x000001d067c568ec
Event: 7.237 Thread 0x000001d057b19860 Exception <a 'java/lang/NoSuchMethodError'{0x00000000f32e8f40}: 'java.lang.Object java.lang.invoke.DirectMethodHandle$Holder.invokeVirtual(java.lang.Object, java.lang.Object, java.lang.Object, java.lang.Object)'> (0x00000000f32e8f40) 
thrown [s\open\src\hotspot\share\interpreter\linkResolver.cpp, line 773]
Event: 7.245 Thread 0x000001d057b19860 Exception <a 'java/lang/NoSuchMethodError'{0x00000000f3108528}: 'int java.lang.invoke.DirectMethodHandle$Holder.invokeSpecial(java.lang.Object, java.lang.Object, java.lang.Object, int)'> (0x00000000f3108528) 
thrown [s\open\src\hotspot\share\interpreter\linkResolver.cpp, line 773]
Event: 7.247 Thread 0x000001d057b19860 Exception <a 'java/lang/NoSuchMethodError'{0x00000000f311a7f0}: 'java.lang.Object java.lang.invoke.DirectMethodHandle$Holder.invokeStatic(java.lang.Object, java.lang.Object, java.lang.Object, java.lang.Object, int)'> (0x00000000f311a7f0) 
thrown [s\open\src\hotspot\share\interpreter\linkResolver.cpp, line 773]
Event: 7.249 Thread 0x000001d057b19860 Exception <a 'java/lang/NoSuchMethodError'{0x00000000f3125a70}: 'void java.lang.invoke.DelegatingMethodHandle$Holder.reinvoke_L(java.lang.Object, java.lang.Object, java.lang.Object, int)'> (0x00000000f3125a70) 
thrown [s\open\src\hotspot\share\interpreter\linkResolver.cpp, line 773]
Event: 7.456 Thread 0x000001d057b19860 Exception <a 'java/lang/NoSuchMethodError'{0x00000000f3fc84f8}: 'long java.lang.invoke.DirectMethodHandle$Holder.invokeStatic(java.lang.Object, java.lang.Object, int)'> (0x00000000f3fc84f8) 
thrown [s\open\src\hotspot\share\interpreter\linkResolver.cpp, line 773]
Event: 7.458 Thread 0x000001d057b19860 Exception <a 'java/lang/NoSuchMethodError'{0x00000000f3fcfd90}: 'java.lang.Object java.lang.invoke.DirectMethodHandle$Holder.invokeSpecial(java.lang.Object, java.lang.Object, java.lang.Object, long, java.lang.Object)'> (0x00000000f3fcfd90) 
thrown [s\open\src\hotspot\share\interpreter\linkResolver.cpp, line 773]
Event: 7.458 Thread 0x000001d057b19860 Exception <a 'java/lang/NoSuchMethodError'{0x00000000f3fd37b0}: 'java.lang.Object java.lang.invoke.DelegatingMethodHandle$Holder.reinvoke_L(java.lang.Object, java.lang.Object, long, java.lang.Object)'> (0x00000000f3fd37b0) 
thrown [s\open\src\hotspot\share\interpreter\linkResolver.cpp, line 773]
Event: 7.461 Thread 0x000001d057b19860 Exception <a 'java/lang/NoSuchMethodError'{0x00000000f3fe5008}: 'java.lang.Object java.lang.invoke.DirectMethodHandle$Holder.invokeVirtual(java.lang.Object, java.lang.Object, long)'> (0x00000000f3fe5008) 
thrown [s\open\src\hotspot\share\interpreter\linkResolver.cpp, line 773]
Event: 7.463 Thread 0x000001d057b19860 Exception <a 'java/lang/NoSuchMethodError'{0x00000000f3ff2920}: 'java.lang.Object java.lang.invoke.DirectMethodHandle$Holder.invokeVirtual(java.lang.Object, java.lang.Object, java.lang.Object, java.lang.Object, java.lang.Object, java.lang.Object, java.lang.Object, java.lang.Object, java.lang.Object, java.lang.Object)'> (0x00000000f3ff2920) 
thrown [s\open\src\hotspot\share\interpreter\linkResolver.cpp, line 773]
Event: 7.474 Thread 0x000001d057b19860 Exception <a 'java/lang/NoSuchMethodError'{0x00000000f4214800}: 'java.lang.Object java.lang.invoke.DirectMethodHandle$Holder.invokeStatic(java.lang.Object, java.lang.Object, int)'> (0x00000000f4214800) 
thrown [s\open\src\hotspot\share\interpreter\linkResolver.cpp, line 773]
Event: 7.476 Thread 0x000001d057b19860 Exception <a 'java/lang/NoSuchMethodError'{0x00000000f421f658}: 'void java.lang.invoke.DelegatingMethodHandle$Holder.delegate(java.lang.Object, java.lang.Object, int, java.lang.Object)'> (0x00000000f421f658) 
thrown [s\open\src\hotspot\share\interpreter\linkResolver.cpp, line 773]
Event: 7.513 Thread 0x000001d057b19860 Exception <a 'java/lang/NoSuchMethodError'{0x00000000f412b658}: 'void java.lang.invoke.DirectMethodHandle$Holder.invokeVirtual(java.lang.Object, java.lang.Object)'> (0x00000000f412b658) 
thrown [s\open\src\hotspot\share\interpreter\linkResolver.cpp, line 773]
Event: 7.515 Thread 0x000001d057b19860 Exception <a 'java/lang/NoSuchMethodError'{0x00000000f4135570}: 'void java.lang.invoke.DirectMethodHandle$Holder.invokeVirtual(java.lang.Object, java.lang.Object, java.lang.Object, java.lang.Object)'> (0x00000000f4135570) 
thrown [s\open\src\hotspot\share\interpreter\linkResolver.cpp, line 773]
Event: 7.531 Thread 0x000001d057b19860 Exception <a 'java/lang/NoSuchMethodError'{0x00000000f4190688}: 'java.lang.Object java.lang.invoke.DirectMethodHandle$Holder.invokeVirtual(java.lang.Object, java.lang.Object, java.lang.Object, java.lang.Object, java.lang.Object, java.lang.Object, java.lang.Object, java.lang.Object)'> (0x00000000f4190688) 
thrown [s\open\src\hotspot\share\interpreter\linkResolver.cpp, line 773]
Event: 7.541 Thread 0x000001d057b19860 Exception <a 'java/lang/NoSuchMethodError'{0x00000000f41c2948}: 'java.lang.Object java.lang.invoke.DirectMethodHandle$Holder.invokeVirtual(java.lang.Object, java.lang.Object, java.lang.Object, java.lang.Object, java.lang.Object, java.lang.Object)'> (0x00000000f41c2948) 
thrown [s\open\src\hotspot\share\interpreter\linkResolver.cpp, line 773]
Event: 7.650 Thread 0x000001d057b19860 Exception <a 'java/lang/NoSuchMethodError'{0x00000000f3cfb190}: 'java.lang.Object java.lang.invoke.DirectMethodHandle$Holder.invokeVirtual(java.lang.Object, java.lang.Object, java.lang.Object, java.lang.Object, java.lang.Object)'> (0x00000000f3cfb190) 
thrown [s\open\src\hotspot\share\interpreter\linkResolver.cpp, line 773]
Event: 7.651 Thread 0x000001d057b19860 Exception <a 'java/lang/NoSuchMethodError'{0x00000000f3b0a190}: 'java.lang.Object java.lang.invoke.Invokers$Holder.invokeExact_MT(java.lang.Object, java.lang.Object, java.lang.Object, java.lang.Object, java.lang.Object, java.lang.Object)'> (0x00000000f3b0a190) 
thrown [s\open\src\hotspot\share\interpreter\linkResolver.cpp, line 773]
Event: 7.655 Thread 0x000001d057b19860 Exception <a 'java/lang/NoSuchMethodError'{0x00000000f3b1c768}: 'java.lang.Object java.lang.invoke.DirectMethodHandle$Holder.invokeVirtual(java.lang.Object, java.lang.Object, java.lang.Object, java.lang.Object, java.lang.Object, java.lang.Object, java.lang.Object)'> (0x00000000f3b1c768) 
thrown [s\open\src\hotspot\share\interpreter\linkResolver.cpp, line 773]

ZGC Phase Switch (0 events):
No events

VM Operations (20 events):
Event: 7.016 Executing VM operation: HandshakeAllThreads (Deoptimize)
Event: 7.016 Executing VM operation: HandshakeAllThreads (Deoptimize) done
Event: 7.150 Executing VM operation: ICBufferFull
Event: 7.150 Executing VM operation: ICBufferFull done
Event: 7.283 Executing VM operation: G1CollectForAllocation (G1 Evacuation Pause)
Event: 7.290 Executing VM operation: G1CollectForAllocation (G1 Evacuation Pause) done
Event: 7.328 Executing VM operation: G1PauseRemark
Event: 7.433 Executing VM operation: G1PauseRemark done
Event: 7.450 Executing VM operation: G1PauseCleanup
Event: 7.450 Executing VM operation: G1PauseCleanup done
Event: 7.473 Executing VM operation: HandshakeAllThreads (Deoptimize)
Event: 7.473 Executing VM operation: HandshakeAllThreads (Deoptimize) done
Event: 7.612 Executing VM operation: HandshakeAllThreads (Deoptimize)
Event: 7.612 Executing VM operation: HandshakeAllThreads (Deoptimize) done
Event: 7.901 Executing VM operation: G1CollectForAllocation (G1 Evacuation Pause)
Event: 7.909 Executing VM operation: G1CollectForAllocation (G1 Evacuation Pause) done
Event: 8.915 Executing VM operation: Cleanup
Event: 8.915 Executing VM operation: Cleanup done
Event: 9.929 Executing VM operation: Cleanup
Event: 9.929 Executing VM operation: Cleanup done

Events (20 events):
Event: 7.382 Thread 0x000001d057bd8f00 flushing nmethod 0x000001d060324590
Event: 7.382 Thread 0x000001d057bd8f00 flushing nmethod 0x000001d060325b10
Event: 7.382 Thread 0x000001d057bd8f00 flushing nmethod 0x000001d060356b90
Event: 7.382 Thread 0x000001d057bd8f00 flushing nmethod 0x000001d060357c10
Event: 7.382 Thread 0x000001d057bd8f00 flushing nmethod 0x000001d060371e90
Event: 7.382 Thread 0x000001d057bd8f00 flushing nmethod 0x000001d06038c210
Event: 7.382 Thread 0x000001d057bd8f00 flushing nmethod 0x000001d06038f690
Event: 7.382 Thread 0x000001d057bd8f00 flushing nmethod 0x000001d0603c1290
Event: 7.382 Thread 0x000001d057bd8f00 flushing nmethod 0x000001d0603c7290
Event: 7.382 Thread 0x000001d057bd8f00 flushing nmethod 0x000001d0603c7710
Event: 7.382 Thread 0x000001d057bd8f00 flushing nmethod 0x000001d0603e3e10
Event: 7.382 Thread 0x000001d057bd8f00 flushing nmethod 0x000001d0603e5990
Event: 7.382 Thread 0x000001d057bd8f00 flushing nmethod 0x000001d060407510
Event: 7.382 Thread 0x000001d057bd8f00 flushing nmethod 0x000001d060427510
Event: 7.382 Thread 0x000001d057bd8f00 flushing nmethod 0x000001d06044b310
Event: 7.382 Thread 0x000001d057bd8f00 flushing nmethod 0x000001d06044b790
Event: 7.382 Thread 0x000001d057bd8f00 flushing nmethod 0x000001d060450710
Event: 7.382 Thread 0x000001d057bd8f00 flushing nmethod 0x000001d060452a90
Event: 7.382 Thread 0x000001d057bd8f00 flushing nmethod 0x000001d060455d90
Event: 7.382 Thread 0x000001d057bd8f00 flushing nmethod 0x000001d06046f390


Dynamic libraries:
0x00007ff7dc780000 - 0x00007ff7dc788000 	D:\mailon\Java\jdk-21.0.10\bin\javac.exe
0x00007ffe20340000 - 0x00007ffe205a7000 	C:\WINDOWS\SYSTEM32\ntdll.dll
0x00007ffe1f710000 - 0x00007ffe1f7d9000 	C:\WINDOWS\System32\KERNEL32.DLL
0x00007ffe1ce40000 - 0x00007ffe1d234000 	C:\WINDOWS\System32\KERNELBASE.dll
0x00007ffe1df80000 - 0x00007ffe1e0cb000 	C:\WINDOWS\System32\ucrtbase.dll
0x00007ffe175b0000 - 0x00007ffe175ce000 	D:\mailon\Java\jdk-21.0.10\bin\VCRUNTIME140.dll
0x00007ffe175d0000 - 0x00007ffe175e9000 	D:\mailon\Java\jdk-21.0.10\bin\jli.dll
0x00007ffe20240000 - 0x00007ffe202f6000 	C:\WINDOWS\System32\ADVAPI32.dll
0x00007ffe1f540000 - 0x00007ffe1f5e9000 	C:\WINDOWS\System32\msvcrt.dll
0x00007ffe1f7e0000 - 0x00007ffe1f887000 	C:\WINDOWS\System32\sechost.dll
0x00007ffe1f5f0000 - 0x00007ffe1f708000 	C:\WINDOWS\System32\RPCRT4.dll
0x00007ffe1ee10000 - 0x00007ffe1efd5000 	C:\WINDOWS\System32\USER32.dll
0x00007ffe1ce10000 - 0x00007ffe1ce37000 	C:\WINDOWS\System32\win32u.dll
0x00007ffe1f890000 - 0x00007ffe1f8bb000 	C:\WINDOWS\System32\GDI32.dll
0x00007ffe0c8f0000 - 0x00007ffe0cb83000 	C:\WINDOWS\WinSxS\amd64_microsoft.windows.common-controls_6595b64144ccf1df_6.0.26100.8115_none_3e075c82e3354f9c\COMCTL32.dll
0x00007ffe1dab0000 - 0x00007ffe1dbdb000 	C:\WINDOWS\System32\gdi32full.dll
0x00007ffe1ded0000 - 0x00007ffe1df73000 	C:\WINDOWS\System32\msvcp_win.dll
0x00007ffe16170000 - 0x00007ffe1617b000 	C:\WINDOWS\SYSTEM32\VERSION.dll
0x00007ffe1e170000 - 0x00007ffe1e1a2000 	C:\WINDOWS\System32\IMM32.DLL
0x00007ffe17510000 - 0x00007ffe1751c000 	D:\mailon\Java\jdk-21.0.10\bin\vcruntime140_1.dll
0x00007ffe02390000 - 0x00007ffe0241d000 	D:\mailon\Java\jdk-21.0.10\bin\msvcp140.dll
0x00007ffd68fa0000 - 0x00007ffd69cc7000 	D:\mailon\Java\jdk-21.0.10\bin\server\jvm.dll
0x00007ffe201b0000 - 0x00007ffe20230000 	C:\WINDOWS\System32\WS2_32.dll
0x00007ffe1ca90000 - 0x00007ffe1caee000 	C:\WINDOWS\SYSTEM32\POWRPROF.dll
0x00007ffdfca90000 - 0x00007ffdfcac6000 	C:\WINDOWS\SYSTEM32\WINMM.dll
0x00007ffe1ca70000 - 0x00007ffe1ca84000 	C:\WINDOWS\SYSTEM32\UMPDC.dll
0x00007ffe1b970000 - 0x00007ffe1b98b000 	C:\WINDOWS\SYSTEM32\kernel.appcore.dll
0x00007ffe17500000 - 0x00007ffe1750a000 	D:\mailon\Java\jdk-21.0.10\bin\jimage.dll
0x00007ffe0d0b0000 - 0x00007ffe0d2f2000 	C:\WINDOWS\SYSTEM32\DBGHELP.DLL
0x00007ffe1e7e0000 - 0x00007ffe1eb62000 	C:\WINDOWS\System32\combase.dll
0x00007ffe1f0d0000 - 0x00007ffe1f1a8000 	C:\WINDOWS\System32\OLEAUT32.dll
0x00007ffe033e0000 - 0x00007ffe0341b000 	C:\WINDOWS\SYSTEM32\dbgcore.DLL
0x00007ffe1dd60000 - 0x00007ffe1de05000 	C:\WINDOWS\System32\bcryptPrimitives.dll
0x00007ffe10450000 - 0x00007ffe10471000 	D:\mailon\Java\jdk-21.0.10\bin\java.dll
0x00007ffe1fa40000 - 0x00007ffe201a7000 	C:\WINDOWS\System32\SHELL32.dll
0x00007ffe1cc10000 - 0x00007ffe1cd7a000 	C:\WINDOWS\System32\wintypes.dll
0x00007ffe1d240000 - 0x00007ffe1daa8000 	C:\WINDOWS\System32\windows.storage.dll
0x00007ffe1f220000 - 0x00007ffe1f318000 	C:\WINDOWS\System32\SHCORE.dll
0x00007ffe1f9d0000 - 0x00007ffe1fa36000 	C:\WINDOWS\System32\shlwapi.dll
0x00007ffe1cb30000 - 0x00007ffe1cb59000 	C:\WINDOWS\SYSTEM32\profapi.dll
0x00007ffe00160000 - 0x00007ffe00237000 	D:\mailon\Java\jdk-21.0.10\bin\jsvml.dll
0x00007ffe10380000 - 0x00007ffe10391000 	D:\mailon\Java\jdk-21.0.10\bin\net.dll
0x00007ffe15b50000 - 0x00007ffe15c7d000 	C:\WINDOWS\SYSTEM32\WINHTTP.dll
0x00007ffe1bed0000 - 0x00007ffe1bf3c000 	C:\WINDOWS\system32\mswsock.dll
0x00007ffe0e890000 - 0x00007ffe0e8a6000 	D:\mailon\Java\jdk-21.0.10\bin\nio.dll
0x00007ffe0e870000 - 0x00007ffe0e888000 	D:\mailon\Java\jdk-21.0.10\bin\zip.dll
0x00007ffe17490000 - 0x00007ffe174a0000 	D:\mailon\Java\jdk-21.0.10\bin\verify.dll

dbghelp: loaded successfully - version: 4.0.5 - missing functions: none
symbol engine: initialized successfully - sym options: 0x614 - pdb path: .;D:\mailon\Java\jdk-21.0.10\bin;C:\WINDOWS\SYSTEM32;C:\WINDOWS\WinSxS\amd64_microsoft.windows.common-controls_6595b64144ccf1df_6.0.26100.8115_none_3e075c82e3354f9c;D:\mailon\Java\jdk-21.0.10\bin\server

VM Arguments:
jvm_args: -Dapplication.home=D:\mailon\Java\jdk-21.0.10 --add-modules=ALL-DEFAULT -Xms8m -Xmx256m -Djdk.module.main=jdk.compiler 
java_command: jdk.compiler/com.sun.tools.javac.Main @C:/Users/Usuario/AppData/Local/Temp/org.codehaus.plexus.compiler.javac.JavacCompiler421960010842758398arguments
java_class_path (initial): <not set>
Launcher Type: SUN_STANDARD

[Global flags]
     intx CICompilerCount                          = 4                                         {product} {ergonomic}
     uint ConcGCThreads                            = 2                                         {product} {ergonomic}
     uint G1ConcRefinementThreads                  = 8                                         {product} {ergonomic}
   size_t G1HeapRegionSize                         = 1048576                                   {product} {ergonomic}
    uintx GCDrainStackTargetSize                   = 64                                        {product} {ergonomic}
   size_t InitialHeapSize                          = 8388608                                   {product} {command line}
   size_t MarkStackSize                            = 4194304                                   {product} {ergonomic}
   size_t MaxHeapSize                              = 268435456                                 {product} {command line}
   size_t MaxNewSize                               = 160432128                                 {product} {ergonomic}
   size_t MinHeapDeltaBytes                        = 1048576                                   {product} {ergonomic}
   size_t MinHeapSize                              = 8388608                                   {product} {command line}
    uintx NonNMethodCodeHeapSize                   = 5839372                                {pd product} {ergonomic}
    uintx NonProfiledCodeHeapSize                  = 122909434                              {pd product} {ergonomic}
    uintx ProfiledCodeHeapSize                     = 122909434                              {pd product} {ergonomic}
    uintx ReservedCodeCacheSize                    = 251658240                              {pd product} {ergonomic}
     bool SegmentedCodeCache                       = true                                      {product} {ergonomic}
   size_t SoftMaxHeapSize                          = 268435456                              {manageable} {ergonomic}
     bool UseCompressedOops                        = true                           {product lp64_product} {ergonomic}
     bool UseG1GC                                  = true                                      {product} {ergonomic}
     bool UseLargePagesIndividualAllocation        = false                                  {pd product} {ergonomic}

Logging:
Log output configuration:
 #0: stdout all=warning uptime,level,tags foldmultilines=false
 #1: stderr all=off uptime,level,tags foldmultilines=false

Environment Variables:
JAVA_HOME=D:/mailon/Java/jdk-21.0.10
PATH=D:\Program Files\Git\mingw64\bin;D:\Program Files\Git\usr\bin;C:\Users\Usuario\bin;C:\Program Files\Common Files\Oracle\Java\javapath;C:\WINDOWS\system32;C:\WINDOWS;C:\WINDOWS\System32\Wbem;C:\WINDOWS\System32\WindowsPowerShell\v1.0;C:\WINDOWS\System32\OpenSSH;D:\Program Files\nodejs;D:\mailon\Usuario\Desktop\apache-maven-3.9.14-bin (1)\apache-maven-3.9.14\bin;D:\Program Files\Git\cmd;C:\Users\Usuario\AppData\Local\Programs\Trae\bin;D:\mailon\Usuario\Downloads\ffmpeg-8.0.1-essentials_build\ffmpeg-8.0.1-essentials_build\bin;D:\mailon\Usuario\Desktop\apache-maven-3.9.14-bin (1)\apache-maven-3.9.14\bin;C:\Users\Usuario\AppData\Roaming\npm
USERNAME=Usuario
TERM=xterm-256color
OS=Windows_NT
PROCESSOR_IDENTIFIER=Intel64 Family 6 Model 142 Stepping 12, GenuineIntel
TMP=C:\Users\Usuario\AppData\Local\Temp
TEMP=C:\Users\Usuario\AppData\Local\Temp




Periodic native trim disabled

---------------  S Y S T E M  ---------------

OS:
 Windows 11 , 64 bit Build 26100 (10.0.26100.8246)
OS uptime: 5 days 17:11 hours
Hyper-V role detected

CPU: total 8 (initial active 8) (4 cores per cpu, 2 threads per core) family 6 model 142 stepping 12 microcode 0xde, cx8, cmov, fxsr, ht, mmx, 3dnowpref, sse, sse2, sse3, ssse3, sse4.1, sse4.2, popcnt, lzcnt, tsc, tscinvbit, avx, avx2, aes, erms, clmul, bmi1, bmi2, adx, fma, vzeroupper, clflush, clflushopt, hv, rdtscp, f16c
Processor Information for all 8 processors :
  Max Mhz: 1800, Current Mhz: 1600, Mhz Limit: 1584

Memory: 4k page, system-wide physical 8040M (656M free)
TotalPageFile size 32616M (AvailPageFile size 9M)
current process WorkingSet (physical memory assigned to process): 210M, peak: 229M
current process commit charge ("private bytes"): 247M, peak: 264M

vm_info: Java HotSpot(TM) 64-Bit Server VM (21.0.10+8-LTS-217) for windows-amd64 JRE (21.0.10+8-LTS-217), built on 2025-12-18T14:59:28Z by "mach5run" with MS VC++ 17.13 (VS2022)

END.
