#
# There is insufficient memory for the Java Runtime Environment to continue.
# Native memory allocation (malloc) failed to allocate 1396016 bytes for Chunk::new
# Possible reasons:
#   The system is out of physical RAM or swap space
#   The process is running with CompressedOops enabled, and the Java Heap may be blocking the growth of the native heap
# Possible solutions:
#   Reduce memory load on the system
#   Increase physical memory or swap space
#   Check if swap backing store is full
#   Decrease Java heap size (-Xmx/-Xms)
#   Decrease number of Java threads
#   Decrease Java thread stack sizes (-Xss)
#   Set larger code cache with -XX:ReservedCodeCacheSize=
#   JVM is running with Unscaled Compressed Oops mode in which the Java heap is
#     placed in the first 4GB address space. The Java Heap base address is the
#     maximum limit for the native heap growth. Please use -XX:HeapBaseMinAddress
#     to set the Java Heap base and to place the Java Heap above 4GB virtual address.
# This output file may be truncated or incomplete.
#
#  Out of Memory Error (arena.cpp:168), pid=14476, tid=24744
#
# JRE version: Java(TM) SE Runtime Environment (21.0.10+8) (build 21.0.10+8-LTS-217)
# Java VM: Java HotSpot(TM) 64-Bit Server VM (21.0.10+8-LTS-217, mixed mode, sharing, tiered, compressed oops, compressed class ptrs, g1 gc, windows-amd64)
# No core dump will be written. Minidumps are not enabled by default on client versions of Windows
#

---------------  S U M M A R Y ------------

Command Line: --add-opens=java.base/java.lang=ALL-UNNAMED --enable-native-access=ALL-UNNAMED -Dclassworlds.conf=D:/mailon/Usuario/Desktop/apache-maven-3.9.14-bin (1)/apache-maven-3.9.14/bin/m2.conf -Dmaven.home=D:/mailon/Usuario/Desktop/apache-maven-3.9.14-bin (1)/apache-maven-3.9.14 -Dlibrary.jansi.path=D:/mailon/Usuario/Desktop/apache-maven-3.9.14-bin (1)/apache-maven-3.9.14/lib/jansi-native -Dmaven.multiModuleProjectDirectory=D:/mailon/Usuario/Desktop/Smartwallet org.codehaus.plexus.classworlds.launcher.Launcher clean test

Host: Intel(R) Core(TM) i5-8265U CPU @ 1.60GHz, 8 cores, 7G,  Windows 11 , 64 bit Build 26100 (10.0.26100.8246)
Time: Thu Apr 23 05:11:32 2026 Hora oficial do Brasil elapsed time: 39.994495 seconds (0d 0h 0m 39s)

---------------  T H R E A D  ---------------

Current thread (0x00000209710f2060):  JavaThread "C2 CompilerThread0" daemon [_thread_in_native, id=24744, stack(0x0000004acbd00000,0x0000004acbe00000) (1024K)]


Current CompileTask:
C2:  39994 30422       4       jdk.internal.loader.BuiltinClassLoader::loadClass (22 bytes)

Stack: [0x0000004acbd00000,0x0000004acbe00000]
Native frames: (J=compiled Java code, j=interpreted, Vv=VM code, C=native code)
V  [jvm.dll+0x6d0b59]
V  [jvm.dll+0x85fd56]
V  [jvm.dll+0x86224e]
V  [jvm.dll+0x862923]
V  [jvm.dll+0x282a16]
V  [jvm.dll+0xc662d]
V  [jvm.dll+0xc6b71]
V  [jvm.dll+0x3bbb21]
V  [jvm.dll+0x1e36e2]
V  [jvm.dll+0x24b4c3]
V  [jvm.dll+0x24a94f]
V  [jvm.dll+0x1cacfe]
V  [jvm.dll+0x25a629]
V  [jvm.dll+0x258bb5]
V  [jvm.dll+0x3f4da1]
V  [jvm.dll+0x80a83d]
V  [jvm.dll+0x6cf3fd]
C  [ucrtbase.dll+0x37b0]
C  [KERNEL32.DLL+0x2e8d7]
C  [ntdll.dll+0x8c3fc]


---------------  P R O C E S S  ---------------

Threads class SMR info:
_java_thread_list=0x0000020979dd9f00, length=15, elements={
0x00000209525bb850, 0x00000209710cd1d0, 0x00000209710cfc40, 0x00000209710d5100,
0x00000209710d5b60, 0x00000209710db620, 0x00000209710e7f40, 0x00000209710f2060,
0x00000209710f3720, 0x00000209713e4760, 0x00000209713e6830, 0x00000209713e5480,
0x000002097663a300, 0x00000209790708a0, 0x000002097775de40
}

Java Threads: ( => current thread )
  0x00000209525bb850 JavaThread "main"                              [_thread_in_Java, id=6756, stack(0x0000004acaf00000,0x0000004acb000000) (1024K)]
  0x00000209710cd1d0 JavaThread "Reference Handler"          daemon [_thread_blocked, id=22736, stack(0x0000004acb700000,0x0000004acb800000) (1024K)]
  0x00000209710cfc40 JavaThread "Finalizer"                  daemon [_thread_blocked, id=30284, stack(0x0000004acb800000,0x0000004acb900000) (1024K)]
  0x00000209710d5100 JavaThread "Signal Dispatcher"          daemon [_thread_blocked, id=4232, stack(0x0000004acb900000,0x0000004acba00000) (1024K)]
  0x00000209710d5b60 JavaThread "Attach Listener"            daemon [_thread_blocked, id=25636, stack(0x0000004acba00000,0x0000004acbb00000) (1024K)]
  0x00000209710db620 JavaThread "Service Thread"             daemon [_thread_blocked, id=4836, stack(0x0000004acbb00000,0x0000004acbc00000) (1024K)]
  0x00000209710e7f40 JavaThread "Monitor Deflation Thread"   daemon [_thread_blocked, id=24492, stack(0x0000004acbc00000,0x0000004acbd00000) (1024K)]
=>0x00000209710f2060 JavaThread "C2 CompilerThread0"         daemon [_thread_in_native, id=24744, stack(0x0000004acbd00000,0x0000004acbe00000) (1024K)]
  0x00000209710f3720 JavaThread "C1 CompilerThread0"         daemon [_thread_blocked, id=26704, stack(0x0000004acbe00000,0x0000004acbf00000) (1024K)]
  0x00000209713e4760 JavaThread "Notification Thread"        daemon [_thread_blocked, id=29308, stack(0x0000004acbf00000,0x0000004acc000000) (1024K)]
  0x00000209713e6830 JavaThread "Common-Cleaner"             daemon [_thread_blocked, id=27232, stack(0x0000004acc000000,0x0000004acc100000) (1024K)]
  0x00000209713e5480 JavaThread "Thread-1"                   daemon [_thread_blocked, id=28416, stack(0x0000004acc200000,0x0000004acc300000) (1024K)]
  0x000002097663a300 JavaThread "resolver-1"                 daemon [_thread_blocked, id=19320, stack(0x0000004accb00000,0x0000004accc00000) (1024K)]
  0x00000209790708a0 JavaThread "resolver-2"                 daemon [_thread_blocked, id=28148, stack(0x0000004accc00000,0x0000004accd00000) (1024K)]
  0x000002097775de40 JavaThread "C2 CompilerThread1"         daemon [_thread_in_native, id=6160, stack(0x0000004acc100000,0x0000004acc200000) (1024K)]
Total: 15

Other Threads:
  0x00000209710b1810 VMThread "VM Thread"                           [id=5628, stack(0x0000004acb600000,0x0000004acb700000) (1024K)]
  0x000002097109d760 WatcherThread "VM Periodic Task Thread"        [id=25780, stack(0x0000004acb500000,0x0000004acb600000) (1024K)]
  0x00000209547baab0 WorkerThread "GC Thread#0"                     [id=27496, stack(0x0000004acb000000,0x0000004acb100000) (1024K)]
  0x000002097198b840 WorkerThread "GC Thread#1"                     [id=24812, stack(0x0000004acc300000,0x0000004acc400000) (1024K)]
  0x000002097198bbf0 WorkerThread "GC Thread#2"                     [id=11760, stack(0x0000004acc400000,0x0000004acc500000) (1024K)]
  0x000002097661ee90 WorkerThread "GC Thread#3"                     [id=22400, stack(0x0000004acc500000,0x0000004acc600000) (1024K)]
  0x000002097687a7f0 WorkerThread "GC Thread#4"                     [id=28368, stack(0x0000004acc600000,0x0000004acc700000) (1024K)]
  0x00000209764da6e0 WorkerThread "GC Thread#5"                     [id=19868, stack(0x0000004acc700000,0x0000004acc800000) (1024K)]
  0x0000020971e534d0 WorkerThread "GC Thread#6"                     [id=24656, stack(0x0000004acc800000,0x0000004acc900000) (1024K)]
  0x0000020971e53880 WorkerThread "GC Thread#7"                     [id=21820, stack(0x0000004acc900000,0x0000004acca00000) (1024K)]
  0x00000209547cb620 ConcurrentGCThread "G1 Main Marker"            [id=19752, stack(0x0000004acb100000,0x0000004acb200000) (1024K)]
  0x00000209547cc130 WorkerThread "G1 Conc#0"                       [id=4548, stack(0x0000004acb200000,0x0000004acb300000) (1024K)]
  0x0000020976c50ad0 WorkerThread "G1 Conc#1"                       [id=22440, stack(0x0000004acca00000,0x0000004accb00000) (1024K)]
  0x000002095482e9c0 ConcurrentGCThread "G1 Refine#0"               [id=29576, stack(0x0000004acb300000,0x0000004acb400000) (1024K)]
  0x0000020970f6f7a0 ConcurrentGCThread "G1 Service"                [id=18412, stack(0x0000004acb400000,0x0000004acb500000) (1024K)]
Total: 15

Threads with active compile tasks:
C2 CompilerThread0    41059 30422       4       jdk.internal.loader.BuiltinClassLoader::loadClass (22 bytes)
C2 CompilerThread1    41059 30419   !   4       jdk.internal.loader.BuiltinClassLoader::loadClassOrNull (143 bytes)
Total: 2

VM state: not at safepoint (normal execution)

VM Mutex/Monitor currently owned by a thread: None

Heap address: 0x0000000082400000, size: 2012 MB, Compressed Oops mode: 32-bit

CDS archive(s) mapped at: [0x0000020900000000-0x0000020900c90000-0x0000020900c90000), size 13172736, SharedBaseAddress: 0x0000020900000000, ArchiveRelocationMode: 1.
Compressed class space mapped at: 0x0000020901000000-0x0000020941000000, reserved size: 1073741824
Narrow klass base: 0x0000020900000000, Narrow klass shift: 0, Narrow klass range: 0x100000000

GC Precious Log:
 CardTable entry size: 512
 Card Set container configuration: InlinePtr #cards 5 size 8 Array Of Cards #cards 12 size 40 Howl #buckets 4 coarsen threshold 1843 Howl Bitmap #cards 512 size 80 coarsen threshold 460 Card regions per heap region 1 cards per card region 2048
 CPUs: 8 total, 8 available
 Memory: 8040M
 Large Page Support: Disabled
 NUMA Support: Disabled
 Compressed Oops: Enabled (32-bit)
 Heap Region Size: 1M
 Heap Min Capacity: 8M
 Heap Initial Capacity: 126M
 Heap Max Capacity: 2012M
 Pre-touch: Disabled
 Parallel Workers: 8
 Concurrent Workers: 2
 Concurrent Refinement Workers: 8
 Periodic GC: Disabled

Heap:
 garbage-first heap   total 219136K, used 175891K [0x0000000082400000, 0x0000000100000000)
  region size 1024K, 60 young (61440K), 7 survivors (7168K)
 Metaspace       used 120831K, committed 122176K, reserved 1179648K
  class space    used 13140K, committed 13760K, reserved 1048576K

Heap Regions: E=young(eden), S=young(survivor), O=old, HS=humongous(starts), HC=humongous(continues), CS=collection set, F=free, TAMS=top-at-mark-start, PB=parsable bottom
|   0|0x0000000082400000, 0x0000000082500000, 0x0000000082500000|100%| O|  |TAMS 0x0000000082400000| PB 0x0000000082400000| Untracked 
|   1|0x0000000082500000, 0x0000000082600000, 0x0000000082600000|100%| O|  |TAMS 0x0000000082500000| PB 0x0000000082500000| Untracked 
|   2|0x0000000082600000, 0x0000000082700000, 0x0000000082700000|100%| O|  |TAMS 0x0000000082600000| PB 0x0000000082600000| Untracked 
|   3|0x0000000082700000, 0x0000000082800000, 0x0000000082800000|100%| O|  |TAMS 0x0000000082700000| PB 0x0000000082700000| Untracked 
|   4|0x0000000082800000, 0x0000000082900000, 0x0000000082900000|100%| O|  |TAMS 0x0000000082800000| PB 0x0000000082800000| Untracked 
|   5|0x0000000082900000, 0x0000000082a00000, 0x0000000082a00000|100%| O|  |TAMS 0x0000000082900000| PB 0x0000000082900000| Untracked 
|   6|0x0000000082a00000, 0x0000000082b00000, 0x0000000082b00000|100%| O|  |TAMS 0x0000000082a00000| PB 0x0000000082a00000| Untracked 
|   7|0x0000000082b00000, 0x0000000082c00000, 0x0000000082c00000|100%| O|  |TAMS 0x0000000082b00000| PB 0x0000000082b00000| Untracked 
|   8|0x0000000082c00000, 0x0000000082d00000, 0x0000000082d00000|100%| O|  |TAMS 0x0000000082c00000| PB 0x0000000082c00000| Untracked 
|   9|0x0000000082d00000, 0x0000000082e00000, 0x0000000082e00000|100%| O|  |TAMS 0x0000000082d00000| PB 0x0000000082d00000| Untracked 
|  10|0x0000000082e00000, 0x0000000082f00000, 0x0000000082f00000|100%| O|  |TAMS 0x0000000082e00000| PB 0x0000000082e00000| Untracked 
|  11|0x0000000082f00000, 0x0000000083000000, 0x0000000083000000|100%| O|  |TAMS 0x0000000082f00000| PB 0x0000000082f00000| Untracked 
|  12|0x0000000083000000, 0x0000000083100000, 0x0000000083100000|100%| O|Cm|TAMS 0x0000000083000000| PB 0x0000000083000000| Complete 
|  13|0x0000000083100000, 0x0000000083200000, 0x0000000083200000|100%| O|  |TAMS 0x0000000083100000| PB 0x0000000083100000| Untracked 
|  14|0x0000000083200000, 0x0000000083300000, 0x0000000083300000|100%| O|  |TAMS 0x0000000083200000| PB 0x0000000083200000| Untracked 
|  15|0x0000000083300000, 0x0000000083400000, 0x0000000083400000|100%| O|Cm|TAMS 0x0000000083300000| PB 0x0000000083300000| Complete 
|  16|0x0000000083400000, 0x0000000083500000, 0x0000000083500000|100%| O|  |TAMS 0x0000000083400000| PB 0x0000000083400000| Untracked 
|  17|0x0000000083500000, 0x0000000083600000, 0x0000000083600000|100%| O|  |TAMS 0x0000000083500000| PB 0x0000000083500000| Untracked 
|  18|0x0000000083600000, 0x0000000083700000, 0x0000000083700000|100%| O|Cm|TAMS 0x0000000083600000| PB 0x0000000083600000| Complete 
|  19|0x0000000083700000, 0x0000000083800000, 0x0000000083800000|100%| O|Cm|TAMS 0x0000000083700000| PB 0x0000000083700000| Complete 
|  20|0x0000000083800000, 0x0000000083900000, 0x0000000083900000|100%| O|  |TAMS 0x0000000083800000| PB 0x0000000083800000| Untracked 
|  21|0x0000000083900000, 0x0000000083a00000, 0x0000000083a00000|100%| O|  |TAMS 0x0000000083900000| PB 0x0000000083900000| Untracked 
|  22|0x0000000083a00000, 0x0000000083b00000, 0x0000000083b00000|100%|HS|  |TAMS 0x0000000083a00000| PB 0x0000000083a00000| Complete 
|  23|0x0000000083b00000, 0x0000000083b00000, 0x0000000083c00000|  0%| F|  |TAMS 0x0000000083b00000| PB 0x0000000083b00000| Untracked 
|  24|0x0000000083c00000, 0x0000000083d00000, 0x0000000083d00000|100%| O|Cm|TAMS 0x0000000083c00000| PB 0x0000000083c00000| Complete 
|  25|0x0000000083d00000, 0x0000000083e00000, 0x0000000083e00000|100%| O|  |TAMS 0x0000000083d00000| PB 0x0000000083d00000| Untracked 
|  26|0x0000000083e00000, 0x0000000083f00000, 0x0000000083f00000|100%| O|  |TAMS 0x0000000083e00000| PB 0x0000000083e00000| Untracked 
|  27|0x0000000083f00000, 0x0000000084000000, 0x0000000084000000|100%| O|  |TAMS 0x0000000083f00000| PB 0x0000000083f00000| Untracked 
|  28|0x0000000084000000, 0x0000000084100000, 0x0000000084100000|100%| O|  |TAMS 0x0000000084000000| PB 0x0000000084000000| Untracked 
|  29|0x0000000084100000, 0x0000000084200000, 0x0000000084200000|100%| O|Cm|TAMS 0x0000000084100000| PB 0x0000000084100000| Complete 
|  30|0x0000000084200000, 0x0000000084300000, 0x0000000084300000|100%| O|  |TAMS 0x0000000084200000| PB 0x0000000084200000| Untracked 
|  31|0x0000000084300000, 0x0000000084400000, 0x0000000084400000|100%| O|Cm|TAMS 0x0000000084300000| PB 0x0000000084300000| Complete 
|  32|0x0000000084400000, 0x0000000084500000, 0x0000000084500000|100%| O|Cm|TAMS 0x0000000084400000| PB 0x0000000084400000| Complete 
|  33|0x0000000084500000, 0x0000000084600000, 0x0000000084600000|100%| O|  |TAMS 0x0000000084500000| PB 0x0000000084500000| Untracked 
|  34|0x0000000084600000, 0x0000000084700000, 0x0000000084700000|100%| O|  |TAMS 0x0000000084600000| PB 0x0000000084600000| Untracked 
|  35|0x0000000084700000, 0x0000000084800000, 0x0000000084800000|100%| O|Cm|TAMS 0x0000000084700000| PB 0x0000000084700000| Complete 
|  36|0x0000000084800000, 0x0000000084900000, 0x0000000084900000|100%| O|Cm|TAMS 0x0000000084800000| PB 0x0000000084800000| Complete 
|  37|0x0000000084900000, 0x0000000084a00000, 0x0000000084a00000|100%| O|Cm|TAMS 0x0000000084900000| PB 0x0000000084900000| Complete 
|  38|0x0000000084a00000, 0x0000000084b00000, 0x0000000084b00000|100%| O|Cm|TAMS 0x0000000084a00000| PB 0x0000000084a00000| Complete 
|  39|0x0000000084b00000, 0x0000000084c00000, 0x0000000084c00000|100%| O|  |TAMS 0x0000000084b00000| PB 0x0000000084b00000| Untracked 
|  40|0x0000000084c00000, 0x0000000084d00000, 0x0000000084d00000|100%| O|  |TAMS 0x0000000084c00000| PB 0x0000000084c00000| Untracked 
|  41|0x0000000084d00000, 0x0000000084e00000, 0x0000000084e00000|100%| O|  |TAMS 0x0000000084d00000| PB 0x0000000084d00000| Untracked 
|  42|0x0000000084e00000, 0x0000000084f00000, 0x0000000084f00000|100%|HS|  |TAMS 0x0000000084e00000| PB 0x0000000084e00000| Complete 
|  43|0x0000000084f00000, 0x0000000085000000, 0x0000000085000000|100%|HC|  |TAMS 0x0000000084f00000| PB 0x0000000084f00000| Complete 
|  44|0x0000000085000000, 0x0000000085100000, 0x0000000085100000|100%|HC|  |TAMS 0x0000000085000000| PB 0x0000000085000000| Complete 
|  45|0x0000000085100000, 0x0000000085200000, 0x0000000085200000|100%|HC|  |TAMS 0x0000000085100000| PB 0x0000000085100000| Complete 
|  46|0x0000000085200000, 0x0000000085300000, 0x0000000085300000|100%| O|  |TAMS 0x0000000085200000| PB 0x0000000085200000| Untracked 
|  47|0x0000000085300000, 0x0000000085400000, 0x0000000085400000|100%| O|  |TAMS 0x0000000085300000| PB 0x0000000085300000| Untracked 
|  48|0x0000000085400000, 0x0000000085500000, 0x0000000085500000|100%| O|  |TAMS 0x0000000085400000| PB 0x0000000085400000| Untracked 
|  49|0x0000000085500000, 0x0000000085600000, 0x0000000085600000|100%| O|  |TAMS 0x0000000085500000| PB 0x0000000085500000| Untracked 
|  50|0x0000000085600000, 0x0000000085700000, 0x0000000085700000|100%| O|Cm|TAMS 0x0000000085600000| PB 0x0000000085600000| Complete 
|  51|0x0000000085700000, 0x0000000085800000, 0x0000000085800000|100%| O|  |TAMS 0x0000000085700000| PB 0x0000000085700000| Untracked 
|  52|0x0000000085800000, 0x0000000085900000, 0x0000000085900000|100%| O|  |TAMS 0x0000000085800000| PB 0x0000000085800000| Untracked 
|  53|0x0000000085900000, 0x0000000085a00000, 0x0000000085a00000|100%| O|  |TAMS 0x0000000085900000| PB 0x0000000085900000| Untracked 
|  54|0x0000000085a00000, 0x0000000085b00000, 0x0000000085b00000|100%| O|Cm|TAMS 0x0000000085a00000| PB 0x0000000085a00000| Complete 
|  55|0x0000000085b00000, 0x0000000085b00000, 0x0000000085c00000|  0%| F|  |TAMS 0x0000000085b00000| PB 0x0000000085b00000| Untracked 
|  56|0x0000000085c00000, 0x0000000085d00000, 0x0000000085d00000|100%| O|Cm|TAMS 0x0000000085c00000| PB 0x0000000085c00000| Complete 
|  57|0x0000000085d00000, 0x0000000085e00000, 0x0000000085e00000|100%| O|Cm|TAMS 0x0000000085d00000| PB 0x0000000085d00000| Complete 
|  58|0x0000000085e00000, 0x0000000085f00000, 0x0000000085f00000|100%| O|  |TAMS 0x0000000085e00000| PB 0x0000000085e00000| Untracked 
|  59|0x0000000085f00000, 0x0000000086000000, 0x0000000086000000|100%| O|  |TAMS 0x0000000085f00000| PB 0x0000000085f00000| Untracked 
|  60|0x0000000086000000, 0x0000000086100000, 0x0000000086100000|100%| O|  |TAMS 0x0000000086000000| PB 0x0000000086000000| Untracked 
|  61|0x0000000086100000, 0x0000000086200000, 0x0000000086200000|100%| O|  |TAMS 0x0000000086100000| PB 0x0000000086100000| Untracked 
|  62|0x0000000086200000, 0x0000000086200000, 0x0000000086300000|  0%| F|  |TAMS 0x0000000086200000| PB 0x0000000086200000| Untracked 
|  63|0x0000000086300000, 0x0000000086400000, 0x0000000086400000|100%| O|Cm|TAMS 0x0000000086300000| PB 0x0000000086300000| Complete 
|  64|0x0000000086400000, 0x0000000086400000, 0x0000000086500000|  0%| F|  |TAMS 0x0000000086400000| PB 0x0000000086400000| Untracked 
|  65|0x0000000086500000, 0x0000000086600000, 0x0000000086600000|100%| O|Cm|TAMS 0x0000000086500000| PB 0x0000000086500000| Complete 
|  66|0x0000000086600000, 0x0000000086700000, 0x0000000086700000|100%| O|Cm|TAMS 0x0000000086600000| PB 0x0000000086600000| Complete 
|  67|0x0000000086700000, 0x0000000086800000, 0x0000000086800000|100%|HS|  |TAMS 0x0000000086700000| PB 0x0000000086700000| Complete 
|  68|0x0000000086800000, 0x0000000086900000, 0x0000000086900000|100%|HC|  |TAMS 0x0000000086800000| PB 0x0000000086800000| Complete 
|  69|0x0000000086900000, 0x0000000086a00000, 0x0000000086a00000|100%|HC|  |TAMS 0x0000000086900000| PB 0x0000000086900000| Complete 
|  70|0x0000000086a00000, 0x0000000086b00000, 0x0000000086b00000|100%|HS|  |TAMS 0x0000000086a00000| PB 0x0000000086a00000| Complete 
|  71|0x0000000086b00000, 0x0000000086c00000, 0x0000000086c00000|100%| O|  |TAMS 0x0000000086b00000| PB 0x0000000086b00000| Untracked 
|  72|0x0000000086c00000, 0x0000000086d00000, 0x0000000086d00000|100%| O|Cm|TAMS 0x0000000086c00000| PB 0x0000000086c00000| Complete 
|  73|0x0000000086d00000, 0x0000000086d00000, 0x0000000086e00000|  0%| F|  |TAMS 0x0000000086d00000| PB 0x0000000086d00000| Untracked 
|  74|0x0000000086e00000, 0x0000000086f00000, 0x0000000086f00000|100%| O|Cm|TAMS 0x0000000086e00000| PB 0x0000000086e00000| Complete 
|  75|0x0000000086f00000, 0x0000000087000000, 0x0000000087000000|100%| O|Cm|TAMS 0x0000000086f00000| PB 0x0000000086f00000| Complete 
|  76|0x0000000087000000, 0x0000000087100000, 0x0000000087100000|100%| O|Cm|TAMS 0x0000000087000000| PB 0x0000000087000000| Complete 
|  77|0x0000000087100000, 0x0000000087200000, 0x0000000087200000|100%| O|Cm|TAMS 0x0000000087100000| PB 0x0000000087100000| Complete 
|  78|0x0000000087200000, 0x0000000087300000, 0x0000000087300000|100%| O|Cm|TAMS 0x0000000087200000| PB 0x0000000087200000| Complete 
|  79|0x0000000087300000, 0x0000000087300000, 0x0000000087400000|  0%| F|  |TAMS 0x0000000087300000| PB 0x0000000087300000| Untracked 
|  80|0x0000000087400000, 0x0000000087500000, 0x0000000087500000|100%| O|Cm|TAMS 0x0000000087400000| PB 0x0000000087400000| Complete 
|  81|0x0000000087500000, 0x0000000087600000, 0x0000000087600000|100%| O|Cm|TAMS 0x0000000087500000| PB 0x0000000087500000| Complete 
|  82|0x0000000087600000, 0x0000000087600000, 0x0000000087700000|  0%| F|  |TAMS 0x0000000087600000| PB 0x0000000087600000| Untracked 
|  83|0x0000000087700000, 0x0000000087700000, 0x0000000087800000|  0%| F|  |TAMS 0x0000000087700000| PB 0x0000000087700000| Untracked 
|  84|0x0000000087800000, 0x0000000087800000, 0x0000000087900000|  0%| F|  |TAMS 0x0000000087800000| PB 0x0000000087800000| Untracked 
|  85|0x0000000087900000, 0x0000000087a00000, 0x0000000087a00000|100%| O|Cm|TAMS 0x0000000087900000| PB 0x0000000087900000| Complete 
|  86|0x0000000087a00000, 0x0000000087b00000, 0x0000000087b00000|100%| O|  |TAMS 0x0000000087a00000| PB 0x0000000087a00000| Untracked 
|  87|0x0000000087b00000, 0x0000000087b00000, 0x0000000087c00000|  0%| F|  |TAMS 0x0000000087b00000| PB 0x0000000087b00000| Untracked 
|  88|0x0000000087c00000, 0x0000000087c00000, 0x0000000087d00000|  0%| F|  |TAMS 0x0000000087c00000| PB 0x0000000087c00000| Untracked 
|  89|0x0000000087d00000, 0x0000000087e00000, 0x0000000087e00000|100%| O|Cm|TAMS 0x0000000087d00000| PB 0x0000000087d00000| Complete 
|  90|0x0000000087e00000, 0x0000000087f00000, 0x0000000087f00000|100%| O|Cm|TAMS 0x0000000087e00000| PB 0x0000000087e00000| Complete 
|  91|0x0000000087f00000, 0x0000000088000000, 0x0000000088000000|100%| O|Cm|TAMS 0x0000000087f00000| PB 0x0000000087f00000| Complete 
|  92|0x0000000088000000, 0x0000000088000000, 0x0000000088100000|  0%| F|  |TAMS 0x0000000088000000| PB 0x0000000088000000| Untracked 
|  93|0x0000000088100000, 0x0000000088200000, 0x0000000088200000|100%| O|Cm|TAMS 0x0000000088100000| PB 0x0000000088100000| Complete 
|  94|0x0000000088200000, 0x0000000088300000, 0x0000000088300000|100%| O|Cm|TAMS 0x0000000088200000| PB 0x0000000088200000| Complete 
|  95|0x0000000088300000, 0x0000000088400000, 0x0000000088400000|100%| O|Cm|TAMS 0x0000000088300000| PB 0x0000000088300000| Complete 
|  96|0x0000000088400000, 0x0000000088500000, 0x0000000088500000|100%| O|Cm|TAMS 0x0000000088400000| PB 0x0000000088400000| Complete 
|  97|0x0000000088500000, 0x0000000088600000, 0x0000000088600000|100%| O|Cm|TAMS 0x0000000088500000| PB 0x0000000088500000| Complete 
|  98|0x0000000088600000, 0x0000000088700000, 0x0000000088700000|100%| O|Cm|TAMS 0x0000000088600000| PB 0x0000000088600000| Complete 
|  99|0x0000000088700000, 0x0000000088800000, 0x0000000088800000|100%| O|  |TAMS 0x0000000088700000| PB 0x0000000088700000| Untracked 
| 100|0x0000000088800000, 0x0000000088800000, 0x0000000088900000|  0%| F|  |TAMS 0x0000000088800000| PB 0x0000000088800000| Untracked 
| 101|0x0000000088900000, 0x0000000088a00000, 0x0000000088a00000|100%| O|Cm|TAMS 0x0000000088900000| PB 0x0000000088900000| Complete 
| 102|0x0000000088a00000, 0x0000000088b00000, 0x0000000088b00000|100%| O|  |TAMS 0x0000000088a00000| PB 0x0000000088a00000| Untracked 
| 103|0x0000000088b00000, 0x0000000088c00000, 0x0000000088c00000|100%| O|  |TAMS 0x0000000088b00000| PB 0x0000000088b00000| Untracked 
| 104|0x0000000088c00000, 0x0000000088d00000, 0x0000000088d00000|100%| O|  |TAMS 0x0000000088c00000| PB 0x0000000088c00000| Untracked 
| 105|0x0000000088d00000, 0x0000000088e00000, 0x0000000088e00000|100%| O|  |TAMS 0x0000000088d00000| PB 0x0000000088d00000| Untracked 
| 106|0x0000000088e00000, 0x0000000088f00000, 0x0000000088f00000|100%| O|  |TAMS 0x0000000088e00000| PB 0x0000000088e00000| Untracked 
| 107|0x0000000088f00000, 0x0000000089000000, 0x0000000089000000|100%| O|  |TAMS 0x0000000088f00000| PB 0x0000000088f00000| Untracked 
| 108|0x0000000089000000, 0x0000000089100000, 0x0000000089100000|100%| O|Cm|TAMS 0x0000000089000000| PB 0x0000000089000000| Complete 
| 109|0x0000000089100000, 0x0000000089100000, 0x0000000089200000|  0%| F|  |TAMS 0x0000000089100000| PB 0x0000000089100000| Untracked 
| 110|0x0000000089200000, 0x0000000089200000, 0x0000000089300000|  0%| F|  |TAMS 0x0000000089200000| PB 0x0000000089200000| Untracked 
| 111|0x0000000089300000, 0x0000000089300000, 0x0000000089400000|  0%| F|  |TAMS 0x0000000089300000| PB 0x0000000089300000| Untracked 
| 112|0x0000000089400000, 0x0000000089400000, 0x0000000089500000|  0%| F|  |TAMS 0x0000000089400000| PB 0x0000000089400000| Untracked 
| 113|0x0000000089500000, 0x0000000089500000, 0x0000000089600000|  0%| F|  |TAMS 0x0000000089500000| PB 0x0000000089500000| Untracked 
| 114|0x0000000089600000, 0x0000000089600000, 0x0000000089700000|  0%| F|  |TAMS 0x0000000089600000| PB 0x0000000089600000| Untracked 
| 115|0x0000000089700000, 0x0000000089700000, 0x0000000089800000|  0%| F|  |TAMS 0x0000000089700000| PB 0x0000000089700000| Untracked 
| 116|0x0000000089800000, 0x0000000089800000, 0x0000000089900000|  0%| F|  |TAMS 0x0000000089800000| PB 0x0000000089800000| Untracked 
| 117|0x0000000089900000, 0x0000000089900000, 0x0000000089a00000|  0%| F|  |TAMS 0x0000000089900000| PB 0x0000000089900000| Untracked 
| 118|0x0000000089a00000, 0x0000000089a00000, 0x0000000089b00000|  0%| F|  |TAMS 0x0000000089a00000| PB 0x0000000089a00000| Untracked 
| 119|0x0000000089b00000, 0x0000000089b00000, 0x0000000089c00000|  0%| F|  |TAMS 0x0000000089b00000| PB 0x0000000089b00000| Untracked 
| 120|0x0000000089c00000, 0x0000000089c00000, 0x0000000089d00000|  0%| F|  |TAMS 0x0000000089c00000| PB 0x0000000089c00000| Untracked 
| 121|0x0000000089d00000, 0x0000000089d00000, 0x0000000089e00000|  0%| F|  |TAMS 0x0000000089d00000| PB 0x0000000089d00000| Untracked 
| 122|0x0000000089e00000, 0x0000000089e00000, 0x0000000089f00000|  0%| F|  |TAMS 0x0000000089e00000| PB 0x0000000089e00000| Untracked 
| 123|0x0000000089f00000, 0x0000000089f00000, 0x000000008a000000|  0%| F|  |TAMS 0x0000000089f00000| PB 0x0000000089f00000| Untracked 
| 124|0x000000008a000000, 0x000000008a000000, 0x000000008a100000|  0%| F|  |TAMS 0x000000008a000000| PB 0x000000008a000000| Untracked 
| 125|0x000000008a100000, 0x000000008a100000, 0x000000008a200000|  0%| F|  |TAMS 0x000000008a100000| PB 0x000000008a100000| Untracked 
| 126|0x000000008a200000, 0x000000008a200000, 0x000000008a300000|  0%| F|  |TAMS 0x000000008a200000| PB 0x000000008a200000| Untracked 
| 127|0x000000008a300000, 0x000000008a300000, 0x000000008a400000|  0%| F|  |TAMS 0x000000008a300000| PB 0x000000008a300000| Untracked 
| 128|0x000000008a400000, 0x000000008a400000, 0x000000008a500000|  0%| F|  |TAMS 0x000000008a400000| PB 0x000000008a400000| Untracked 
| 129|0x000000008a500000, 0x000000008a500000, 0x000000008a600000|  0%| F|  |TAMS 0x000000008a500000| PB 0x000000008a500000| Untracked 
| 130|0x000000008a600000, 0x000000008a600000, 0x000000008a700000|  0%| F|  |TAMS 0x000000008a600000| PB 0x000000008a600000| Untracked 
| 131|0x000000008a700000, 0x000000008a700000, 0x000000008a800000|  0%| F|  |TAMS 0x000000008a700000| PB 0x000000008a700000| Untracked 
| 132|0x000000008a800000, 0x000000008a800000, 0x000000008a900000|  0%| F|  |TAMS 0x000000008a800000| PB 0x000000008a800000| Untracked 
| 133|0x000000008a900000, 0x000000008a900000, 0x000000008aa00000|  0%| F|  |TAMS 0x000000008a900000| PB 0x000000008a900000| Untracked 
| 134|0x000000008aa00000, 0x000000008aa00000, 0x000000008ab00000|  0%| F|  |TAMS 0x000000008aa00000| PB 0x000000008aa00000| Untracked 
| 135|0x000000008ab00000, 0x000000008ab00000, 0x000000008ac00000|  0%| F|  |TAMS 0x000000008ab00000| PB 0x000000008ab00000| Untracked 
| 136|0x000000008ac00000, 0x000000008ac00000, 0x000000008ad00000|  0%| F|  |TAMS 0x000000008ac00000| PB 0x000000008ac00000| Untracked 
| 137|0x000000008ad00000, 0x000000008ae00000, 0x000000008ae00000|100%| E|  |TAMS 0x000000008ad00000| PB 0x000000008ad00000| Complete 
| 138|0x000000008ae00000, 0x000000008af00000, 0x000000008af00000|100%| E|CS|TAMS 0x000000008ae00000| PB 0x000000008ae00000| Complete 
| 139|0x000000008af00000, 0x000000008b000000, 0x000000008b000000|100%| E|CS|TAMS 0x000000008af00000| PB 0x000000008af00000| Complete 
| 140|0x000000008b000000, 0x000000008b100000, 0x000000008b100000|100%| E|CS|TAMS 0x000000008b000000| PB 0x000000008b000000| Complete 
| 141|0x000000008b100000, 0x000000008b200000, 0x000000008b200000|100%| E|CS|TAMS 0x000000008b100000| PB 0x000000008b100000| Complete 
| 142|0x000000008b200000, 0x000000008b300000, 0x000000008b300000|100%| E|CS|TAMS 0x000000008b200000| PB 0x000000008b200000| Complete 
| 143|0x000000008b300000, 0x000000008b400000, 0x000000008b400000|100%| E|CS|TAMS 0x000000008b300000| PB 0x000000008b300000| Complete 
| 144|0x000000008b400000, 0x000000008b500000, 0x000000008b500000|100%| E|CS|TAMS 0x000000008b400000| PB 0x000000008b400000| Complete 
| 145|0x000000008b500000, 0x000000008b600000, 0x000000008b600000|100%| E|CS|TAMS 0x000000008b500000| PB 0x000000008b500000| Complete 
| 146|0x000000008b600000, 0x000000008b700000, 0x000000008b700000|100%| E|CS|TAMS 0x000000008b600000| PB 0x000000008b600000| Complete 
| 147|0x000000008b700000, 0x000000008b800000, 0x000000008b800000|100%| E|CS|TAMS 0x000000008b700000| PB 0x000000008b700000| Complete 
| 148|0x000000008b800000, 0x000000008b900000, 0x000000008b900000|100%| E|CS|TAMS 0x000000008b800000| PB 0x000000008b800000| Complete 
| 149|0x000000008b900000, 0x000000008ba00000, 0x000000008ba00000|100%| E|CS|TAMS 0x000000008b900000| PB 0x000000008b900000| Complete 
| 150|0x000000008ba00000, 0x000000008bb00000, 0x000000008bb00000|100%| E|CS|TAMS 0x000000008ba00000| PB 0x000000008ba00000| Complete 
| 151|0x000000008bb00000, 0x000000008bbc4ea0, 0x000000008bc00000| 76%| S|CS|TAMS 0x000000008bb00000| PB 0x000000008bb00000| Complete 
| 152|0x000000008bc00000, 0x000000008bd00000, 0x000000008bd00000|100%| S|CS|TAMS 0x000000008bc00000| PB 0x000000008bc00000| Complete 
| 153|0x000000008bd00000, 0x000000008be00000, 0x000000008be00000|100%| S|CS|TAMS 0x000000008bd00000| PB 0x000000008bd00000| Complete 
| 154|0x000000008be00000, 0x000000008bf00000, 0x000000008bf00000|100%| S|CS|TAMS 0x000000008be00000| PB 0x000000008be00000| Complete 
| 155|0x000000008bf00000, 0x000000008c000000, 0x000000008c000000|100%| S|CS|TAMS 0x000000008bf00000| PB 0x000000008bf00000| Complete 
| 156|0x000000008c000000, 0x000000008c100000, 0x000000008c100000|100%| S|CS|TAMS 0x000000008c000000| PB 0x000000008c000000| Complete 
| 157|0x000000008c100000, 0x000000008c200000, 0x000000008c200000|100%| S|CS|TAMS 0x000000008c100000| PB 0x000000008c100000| Complete 
| 158|0x000000008c200000, 0x000000008c300000, 0x000000008c300000|100%| E|CS|TAMS 0x000000008c200000| PB 0x000000008c200000| Complete 
| 159|0x000000008c300000, 0x000000008c400000, 0x000000008c400000|100%| E|CS|TAMS 0x000000008c300000| PB 0x000000008c300000| Complete 
| 160|0x000000008c400000, 0x000000008c500000, 0x000000008c500000|100%| E|CS|TAMS 0x000000008c400000| PB 0x000000008c400000| Complete 
| 161|0x000000008c500000, 0x000000008c600000, 0x000000008c600000|100%| E|CS|TAMS 0x000000008c500000| PB 0x000000008c500000| Complete 
| 162|0x000000008c600000, 0x000000008c700000, 0x000000008c700000|100%| E|CS|TAMS 0x000000008c600000| PB 0x000000008c600000| Complete 
| 163|0x000000008c700000, 0x000000008c800000, 0x000000008c800000|100%| E|CS|TAMS 0x000000008c700000| PB 0x000000008c700000| Complete 
| 164|0x000000008c800000, 0x000000008c900000, 0x000000008c900000|100%| E|CS|TAMS 0x000000008c800000| PB 0x000000008c800000| Complete 
| 165|0x000000008c900000, 0x000000008ca00000, 0x000000008ca00000|100%| E|CS|TAMS 0x000000008c900000| PB 0x000000008c900000| Complete 
| 166|0x000000008ca00000, 0x000000008cb00000, 0x000000008cb00000|100%| E|CS|TAMS 0x000000008ca00000| PB 0x000000008ca00000| Complete 
| 167|0x000000008cb00000, 0x000000008cc00000, 0x000000008cc00000|100%| E|CS|TAMS 0x000000008cb00000| PB 0x000000008cb00000| Complete 
| 168|0x000000008cc00000, 0x000000008cd00000, 0x000000008cd00000|100%| E|CS|TAMS 0x000000008cc00000| PB 0x000000008cc00000| Complete 
| 169|0x000000008cd00000, 0x000000008ce00000, 0x000000008ce00000|100%| E|CS|TAMS 0x000000008cd00000| PB 0x000000008cd00000| Complete 
| 170|0x000000008ce00000, 0x000000008cf00000, 0x000000008cf00000|100%| E|CS|TAMS 0x000000008ce00000| PB 0x000000008ce00000| Complete 
| 171|0x000000008cf00000, 0x000000008d000000, 0x000000008d000000|100%| E|CS|TAMS 0x000000008cf00000| PB 0x000000008cf00000| Complete 
| 172|0x000000008d000000, 0x000000008d100000, 0x000000008d100000|100%| E|CS|TAMS 0x000000008d000000| PB 0x000000008d000000| Complete 
| 173|0x000000008d100000, 0x000000008d200000, 0x000000008d200000|100%| E|CS|TAMS 0x000000008d100000| PB 0x000000008d100000| Complete 
| 174|0x000000008d200000, 0x000000008d300000, 0x000000008d300000|100%| E|CS|TAMS 0x000000008d200000| PB 0x000000008d200000| Complete 
| 175|0x000000008d300000, 0x000000008d400000, 0x000000008d400000|100%| E|CS|TAMS 0x000000008d300000| PB 0x000000008d300000| Complete 
| 176|0x000000008d400000, 0x000000008d500000, 0x000000008d500000|100%| E|CS|TAMS 0x000000008d400000| PB 0x000000008d400000| Complete 
| 177|0x000000008d500000, 0x000000008d600000, 0x000000008d600000|100%| E|CS|TAMS 0x000000008d500000| PB 0x000000008d500000| Complete 
| 178|0x000000008d600000, 0x000000008d700000, 0x000000008d700000|100%| E|CS|TAMS 0x000000008d600000| PB 0x000000008d600000| Complete 
| 179|0x000000008d700000, 0x000000008d800000, 0x000000008d800000|100%| E|CS|TAMS 0x000000008d700000| PB 0x000000008d700000| Complete 
| 180|0x000000008d800000, 0x000000008d900000, 0x000000008d900000|100%| E|CS|TAMS 0x000000008d800000| PB 0x000000008d800000| Complete 
| 181|0x000000008d900000, 0x000000008da00000, 0x000000008da00000|100%| E|CS|TAMS 0x000000008d900000| PB 0x000000008d900000| Complete 
|1980|0x00000000fe000000, 0x00000000fe100000, 0x00000000fe100000|100%| O|Cm|TAMS 0x00000000fe000000| PB 0x00000000fe000000| Complete 
|1981|0x00000000fe100000, 0x00000000fe200000, 0x00000000fe200000|100%| O|Cm|TAMS 0x00000000fe100000| PB 0x00000000fe100000| Complete 
|1982|0x00000000fe200000, 0x00000000fe300000, 0x00000000fe300000|100%| O|Cm|TAMS 0x00000000fe200000| PB 0x00000000fe200000| Complete 
|1983|0x00000000fe300000, 0x00000000fe400000, 0x00000000fe400000|100%| O|Cm|TAMS 0x00000000fe300000| PB 0x00000000fe300000| Complete 
|1984|0x00000000fe400000, 0x00000000fe500000, 0x00000000fe500000|100%| O|Cm|TAMS 0x00000000fe400000| PB 0x00000000fe400000| Complete 
|1985|0x00000000fe500000, 0x00000000fe600000, 0x00000000fe600000|100%| O|Cm|TAMS 0x00000000fe500000| PB 0x00000000fe500000| Complete 
|1986|0x00000000fe600000, 0x00000000fe700000, 0x00000000fe700000|100%| O|Cm|TAMS 0x00000000fe600000| PB 0x00000000fe600000| Complete 
|1987|0x00000000fe700000, 0x00000000fe800000, 0x00000000fe800000|100%| O|Cm|TAMS 0x00000000fe700000| PB 0x00000000fe700000| Complete 
|1988|0x00000000fe800000, 0x00000000fe900000, 0x00000000fe900000|100%| O|Cm|TAMS 0x00000000fe800000| PB 0x00000000fe800000| Complete 
|1989|0x00000000fe900000, 0x00000000fea00000, 0x00000000fea00000|100%| O|Cm|TAMS 0x00000000fe900000| PB 0x00000000fe900000| Complete 
|1990|0x00000000fea00000, 0x00000000feb00000, 0x00000000feb00000|100%| O|Cm|TAMS 0x00000000fea00000| PB 0x00000000fea00000| Complete 
|1991|0x00000000feb00000, 0x00000000fec00000, 0x00000000fec00000|100%| O|Cm|TAMS 0x00000000feb00000| PB 0x00000000feb00000| Complete 
|1992|0x00000000fec00000, 0x00000000fed00000, 0x00000000fed00000|100%| O|  |TAMS 0x00000000fec00000| PB 0x00000000fec00000| Untracked 
|1993|0x00000000fed00000, 0x00000000fee00000, 0x00000000fee00000|100%| E|CS|TAMS 0x00000000fed00000| PB 0x00000000fed00000| Complete 
|1994|0x00000000fee00000, 0x00000000fef00000, 0x00000000fef00000|100%| O|Cm|TAMS 0x00000000fee00000| PB 0x00000000fee00000| Complete 
|1995|0x00000000fef00000, 0x00000000ff000000, 0x00000000ff000000|100%| O|  |TAMS 0x00000000fef00000| PB 0x00000000fef00000| Untracked 
|1996|0x00000000ff000000, 0x00000000ff100000, 0x00000000ff100000|100%| E|CS|TAMS 0x00000000ff000000| PB 0x00000000ff000000| Complete 
|1997|0x00000000ff100000, 0x00000000ff200000, 0x00000000ff200000|100%| E|CS|TAMS 0x00000000ff100000| PB 0x00000000ff100000| Complete 
|1998|0x00000000ff200000, 0x00000000ff300000, 0x00000000ff300000|100%| E|CS|TAMS 0x00000000ff200000| PB 0x00000000ff200000| Complete 
|1999|0x00000000ff300000, 0x00000000ff400000, 0x00000000ff400000|100%| E|CS|TAMS 0x00000000ff300000| PB 0x00000000ff300000| Complete 
|2000|0x00000000ff400000, 0x00000000ff500000, 0x00000000ff500000|100%| E|CS|TAMS 0x00000000ff400000| PB 0x00000000ff400000| Complete 
|2001|0x00000000ff500000, 0x00000000ff600000, 0x00000000ff600000|100%| E|CS|TAMS 0x00000000ff500000| PB 0x00000000ff500000| Complete 
|2002|0x00000000ff600000, 0x00000000ff700000, 0x00000000ff700000|100%| E|CS|TAMS 0x00000000ff600000| PB 0x00000000ff600000| Complete 
|2003|0x00000000ff700000, 0x00000000ff800000, 0x00000000ff800000|100%| E|CS|TAMS 0x00000000ff700000| PB 0x00000000ff700000| Complete 
|2004|0x00000000ff800000, 0x00000000ff900000, 0x00000000ff900000|100%| E|CS|TAMS 0x00000000ff800000| PB 0x00000000ff800000| Complete 
|2005|0x00000000ff900000, 0x00000000ffa00000, 0x00000000ffa00000|100%| O|  |TAMS 0x00000000ff900000| PB 0x00000000ff900000| Untracked 
|2006|0x00000000ffa00000, 0x00000000ffb00000, 0x00000000ffb00000|100%| E|CS|TAMS 0x00000000ffa00000| PB 0x00000000ffa00000| Complete 
|2007|0x00000000ffb00000, 0x00000000ffc00000, 0x00000000ffc00000|100%| O|  |TAMS 0x00000000ffb00000| PB 0x00000000ffb00000| Untracked 
|2008|0x00000000ffc00000, 0x00000000ffd00000, 0x00000000ffd00000|100%| E|CS|TAMS 0x00000000ffc00000| PB 0x00000000ffc00000| Complete 
|2009|0x00000000ffd00000, 0x00000000ffe00000, 0x00000000ffe00000|100%| E|CS|TAMS 0x00000000ffd00000| PB 0x00000000ffd00000| Complete 
|2010|0x00000000ffe00000, 0x00000000fff00000, 0x00000000fff00000|100%| E|CS|TAMS 0x00000000ffe00000| PB 0x00000000ffe00000| Complete 
|2011|0x00000000fff00000, 0x0000000100000000, 0x0000000100000000|100%| E|CS|TAMS 0x00000000fff00000| PB 0x00000000fff00000| Complete 

Card table byte_map: [0x000002096c330000,0x000002096c720000] _byte_map_base: 0x000002096bf1e000

Marking Bits: (CMBitMap*) 0x00000209547bb1c0
 Bits: [0x000002096c720000, 0x000002096e690000)

Polling page: 0x0000020953f30000

Metaspace:

Usage:
  Non-class:    105.19 MB used.
      Class:     12.84 MB used.
       Both:    118.03 MB used.

Virtual space:
  Non-class space:      128.00 MB reserved,     105.88 MB ( 83%) committed,  2 nodes.
      Class space:        1.00 GB reserved,      13.44 MB (  1%) committed,  1 nodes.
             Both:        1.12 GB reserved,     119.31 MB ( 10%) committed. 

Chunk freelists:
   Non-Class:  5.47 MB
       Class:  2.44 MB
        Both:  7.91 MB

MaxMetaspaceSize: unlimited
CompressedClassSpaceSize: 1.00 GB
Initial GC threshold: 21.00 MB
Current GC threshold: 184.69 MB
CDS: on
 - commit_granule_bytes: 65536.
 - commit_granule_words: 8192.
 - virtual_space_node_default_size: 8388608.
 - enlarge_chunks_in_place: 1.
 - use_allocation_guard: 0.


Internal statistics:

num_allocs_failed_limit: 15.
num_arena_births: 2014.
num_arena_deaths: 10.
num_vsnodes_births: 3.
num_vsnodes_deaths: 0.
num_space_committed: 1945.
num_space_uncommitted: 13.
num_chunks_returned_to_freelist: 184.
num_chunks_taken_from_freelist: 6813.
num_chunk_merges: 56.
num_chunk_splits: 5102.
num_chunks_enlarged: 3974.
num_inconsistent_stats: 0.

CodeHeap 'non-profiled nmethods': size=120000Kb used=11017Kb max_used=11867Kb free=108982Kb
 bounds [0x00000209646e0000, 0x0000020965280000, 0x000002096bc10000]
CodeHeap 'profiled nmethods': size=120000Kb used=52251Kb max_used=64869Kb free=67748Kb
 bounds [0x000002095cc10000, 0x0000020960b70000, 0x0000020964140000]
CodeHeap 'non-nmethods': size=5760Kb used=1909Kb max_used=1970Kb free=3850Kb
 bounds [0x0000020964140000, 0x00000209643b0000, 0x00000209646e0000]
 total_blobs=19936 nmethods=19058 adapters=778
 compilation: enabled
              stopped_count=0, restarted_count=0
 full_count=0

Compilation events (20 events):
Event: 38.683 Thread 0x00000209710f3720 30423       3       java.util.concurrent.CopyOnWriteArrayList::size (6 bytes)
Event: 38.683 Thread 0x00000209710f3720 nmethod 30423 0x000002095ea65510 code [0x000002095ea656a0, 0x000002095ea657c8]
Event: 38.686 Thread 0x00000209710f3720 30425       3       ch.qos.logback.classic.util.LoggerNameUtil::getSeparatorIndexOf (53 bytes)
Event: 38.686 Thread 0x00000209710f3720 nmethod 30425 0x000002095d304490 code [0x000002095d304660, 0x000002095d304978]
Event: 38.714 Thread 0x00000209710f3720 30428   !   3       jdk.proxy7.$Proxy60::annotationType (29 bytes)
Event: 38.715 Thread 0x00000209710f3720 nmethod 30428 0x000002095d3b1810 code [0x000002095d3b19e0, 0x000002095d3b1de0]
Event: 38.750 Thread 0x00000209710f3720 30435       3       org.springframework.core.annotation.AnnotationsScanner::hasPlainJavaAnnotationsOnly (41 bytes)
Event: 38.751 Thread 0x00000209710f3720 nmethod 30435 0x000002095cc50290 code [0x000002095cc50500, 0x000002095cc510a8]
Event: 38.752 Thread 0x00000209710f3720 30436       1       org.springframework.core.annotation.MergedAnnotations$Search::lambda$static$1 (2 bytes)
Event: 38.752 Thread 0x00000209710f3720 nmethod 30436 0x0000020964c84e90 code [0x0000020964c85020, 0x0000020964c850c8]
Event: 38.752 Thread 0x00000209710f3720 30437       3       org.springframework.core.annotation.MergedAnnotations::from (41 bytes)
Event: 38.753 Thread 0x00000209710f3720 nmethod 30437 0x0000020960b4dc10 code [0x0000020960b4de60, 0x0000020960b4e670]
Event: 38.788 Thread 0x00000209710f3720 30439       3       java.lang.StackStreamFactory$FrameBuffer::isEmpty (32 bytes)
Event: 38.788 Thread 0x00000209710f3720 nmethod 30439 0x000002095d3b1410 code [0x000002095d3b15c0, 0x000002095d3b1790]
Event: 38.788 Thread 0x00000209710f3720 30440       3       java.lang.StackWalker::hasOption (11 bytes)
Event: 38.789 Thread 0x00000209710f3720 nmethod 30440 0x000002095d41d690 code [0x000002095d41d840, 0x000002095d41da18]
Event: 38.789 Thread 0x00000209710f3720 30441       3       org.springframework.core.annotation.MergedAnnotations::from (10 bytes)
Event: 38.789 Thread 0x00000209710f3720 nmethod 30441 0x0000020960b61390 code [0x0000020960b61540, 0x0000020960b61660]
Event: 38.789 Thread 0x00000209710f3720 30442       3       org.springframework.core.annotation.MergedAnnotations::from (11 bytes)
Event: 38.789 Thread 0x00000209710f3720 nmethod 30442 0x000002095d41d310 code [0x000002095d41d4c0, 0x000002095d41d5f0]

GC Heap History (20 events):
Event: 23.153 GC heap before
{Heap before GC invocations=21 (full 0):
 garbage-first heap   total 184320K, used 158607K [0x0000000082400000, 0x0000000100000000)
  region size 1024K, 94 young (96256K), 13 survivors (13312K)
 Metaspace       used 83109K, committed 84288K, reserved 1179648K
  class space    used 9370K, committed 9920K, reserved 1048576K
}
Event: 23.177 GC heap after
{Heap after GC invocations=22 (full 0):
 garbage-first heap   total 184320K, used 82722K [0x0000000082400000, 0x0000000100000000)
  region size 1024K, 6 young (6144K), 6 survivors (6144K)
 Metaspace       used 83109K, committed 84288K, reserved 1179648K
  class space    used 9370K, committed 9920K, reserved 1048576K
}
Event: 25.412 GC heap before
{Heap before GC invocations=23 (full 0):
 garbage-first heap   total 184320K, used 158498K [0x0000000082400000, 0x0000000100000000)
  region size 1024K, 84 young (86016K), 6 survivors (6144K)
 Metaspace       used 85348K, committed 86528K, reserved 1179648K
  class space    used 9675K, committed 10240K, reserved 1048576K
}
Event: 25.424 GC heap after
{Heap after GC invocations=24 (full 0):
 garbage-first heap   total 184320K, used 81698K [0x0000000082400000, 0x0000000100000000)
  region size 1024K, 9 young (9216K), 9 survivors (9216K)
 Metaspace       used 85348K, committed 86528K, reserved 1179648K
  class space    used 9675K, committed 10240K, reserved 1048576K
}
Event: 27.433 GC heap before
{Heap before GC invocations=24 (full 0):
 garbage-first heap   total 184320K, used 163618K [0x0000000082400000, 0x0000000100000000)
  region size 1024K, 89 young (91136K), 9 survivors (9216K)
 Metaspace       used 95163K, committed 96384K, reserved 1179648K
  class space    used 10613K, committed 11200K, reserved 1048576K
}
Event: 27.452 GC heap after
{Heap after GC invocations=25 (full 0):
 garbage-first heap   total 184320K, used 85318K [0x0000000082400000, 0x0000000100000000)
  region size 1024K, 10 young (10240K), 10 survivors (10240K)
 Metaspace       used 95163K, committed 96384K, reserved 1179648K
  class space    used 10613K, committed 11200K, reserved 1048576K
}
Event: 29.401 GC heap before
{Heap before GC invocations=25 (full 0):
 garbage-first heap   total 184320K, used 164166K [0x0000000082400000, 0x0000000100000000)
  region size 1024K, 87 young (89088K), 10 survivors (10240K)
 Metaspace       used 105879K, committed 107008K, reserved 1179648K
  class space    used 11491K, committed 12032K, reserved 1048576K
}
Event: 29.420 GC heap after
{Heap after GC invocations=26 (full 0):
 garbage-first heap   total 184320K, used 88064K [0x0000000082400000, 0x0000000100000000)
  region size 1024K, 8 young (8192K), 8 survivors (8192K)
 Metaspace       used 105879K, committed 107008K, reserved 1179648K
  class space    used 11491K, committed 12032K, reserved 1048576K
}
Event: 30.959 GC heap before
{Heap before GC invocations=27 (full 0):
 garbage-first heap   total 184320K, used 164864K [0x0000000082400000, 0x0000000100000000)
  region size 1024K, 85 young (87040K), 8 survivors (8192K)
 Metaspace       used 109539K, committed 110720K, reserved 1179648K
  class space    used 11716K, committed 12288K, reserved 1048576K
}
Event: 30.974 GC heap after
{Heap after GC invocations=28 (full 0):
 garbage-first heap   total 184320K, used 90533K [0x0000000082400000, 0x0000000100000000)
  region size 1024K, 8 young (8192K), 8 survivors (8192K)
 Metaspace       used 109539K, committed 110720K, reserved 1179648K
  class space    used 11716K, committed 12288K, reserved 1048576K
}
Event: 32.371 GC heap before
{Heap before GC invocations=28 (full 0):
 garbage-first heap   total 184320K, used 171429K [0x0000000082400000, 0x0000000100000000)
  region size 1024K, 82 young (83968K), 8 survivors (8192K)
 Metaspace       used 109880K, committed 111104K, reserved 1179648K
  class space    used 11739K, committed 12288K, reserved 1048576K
}
Event: 32.397 GC heap after
{Heap after GC invocations=29 (full 0):
 garbage-first heap   total 200704K, used 111008K [0x0000000082400000, 0x0000000100000000)
  region size 1024K, 11 young (11264K), 11 survivors (11264K)
 Metaspace       used 109880K, committed 111104K, reserved 1179648K
  class space    used 11739K, committed 12288K, reserved 1048576K
}
Event: 33.887 GC heap before
{Heap before GC invocations=29 (full 0):
 garbage-first heap   total 200704K, used 171424K [0x0000000082400000, 0x0000000100000000)
  region size 1024K, 71 young (72704K), 11 survivors (11264K)
 Metaspace       used 111427K, committed 112640K, reserved 1179648K
  class space    used 11909K, committed 12480K, reserved 1048576K
}
Event: 33.904 GC heap after
{Heap after GC invocations=30 (full 0):
 garbage-first heap   total 200704K, used 119804K [0x0000000082400000, 0x0000000100000000)
  region size 1024K, 8 young (8192K), 8 survivors (8192K)
 Metaspace       used 111427K, committed 112640K, reserved 1179648K
  class space    used 11909K, committed 12480K, reserved 1048576K
}
Event: 34.782 GC heap before
{Heap before GC invocations=31 (full 0):
 garbage-first heap   total 217088K, used 176124K [0x0000000082400000, 0x0000000100000000)
  region size 1024K, 62 young (63488K), 8 survivors (8192K)
 Metaspace       used 111602K, committed 112768K, reserved 1179648K
  class space    used 11926K, committed 12480K, reserved 1048576K
}
Event: 34.793 GC heap after
{Heap after GC invocations=32 (full 0):
 garbage-first heap   total 217088K, used 126976K [0x0000000082400000, 0x0000000100000000)
  region size 1024K, 8 young (8192K), 8 survivors (8192K)
 Metaspace       used 111602K, committed 112768K, reserved 1179648K
  class space    used 11926K, committed 12480K, reserved 1048576K
}
Event: 35.146 GC heap before
{Heap before GC invocations=32 (full 0):
 garbage-first heap   total 217088K, used 190464K [0x0000000082400000, 0x0000000100000000)
  region size 1024K, 69 young (70656K), 8 survivors (8192K)
 Metaspace       used 111774K, committed 112960K, reserved 1179648K
  class space    used 11926K, committed 12480K, reserved 1048576K
}
Event: 35.157 GC heap after
{Heap after GC invocations=33 (full 0):
 garbage-first heap   total 217088K, used 128913K [0x0000000082400000, 0x0000000100000000)
  region size 1024K, 5 young (5120K), 5 survivors (5120K)
 Metaspace       used 111774K, committed 112960K, reserved 1179648K
  class space    used 11926K, committed 12480K, reserved 1048576K
}
Event: 36.034 GC heap before
{Heap before GC invocations=33 (full 0):
 garbage-first heap   total 217088K, used 165777K [0x0000000082400000, 0x0000000100000000)
  region size 1024K, 42 young (43008K), 5 survivors (5120K)
 Metaspace       used 113576K, committed 114880K, reserved 1179648K
  class space    used 12092K, committed 12736K, reserved 1048576K
}
Event: 36.041 GC heap after
{Heap after GC invocations=34 (full 0):
 garbage-first heap   total 217088K, used 130835K [0x0000000082400000, 0x0000000100000000)
  region size 1024K, 7 young (7168K), 7 survivors (7168K)
 Metaspace       used 113576K, committed 114880K, reserved 1179648K
  class space    used 12092K, committed 12736K, reserved 1048576K
}

Dll operation events (8 events):
Event: 0.006 Loaded shared library D:\mailon\Java\jdk-21.0.10\bin\java.dll
Event: 0.029 Loaded shared library D:\mailon\Java\jdk-21.0.10\bin\jsvml.dll
Event: 0.128 Loaded shared library D:\mailon\Java\jdk-21.0.10\bin\net.dll
Event: 0.145 Loaded shared library D:\mailon\Java\jdk-21.0.10\bin\nio.dll
Event: 0.159 Loaded shared library D:\mailon\Java\jdk-21.0.10\bin\zip.dll
Event: 1.001 Loaded shared library D:\mailon\Java\jdk-21.0.10\bin\jimage.dll
Event: 1.019 Loaded shared library D:\mailon\Usuario\Desktop\apache-maven-3.9.14-bin (1)\apache-maven-3.9.14\lib\jansi-native\Windows\x86_64\jansi.dll
Event: 1.049 Loaded shared library D:\mailon\Java\jdk-21.0.10\bin\verify.dll

Deoptimization events (20 events):
Event: 38.520 Thread 0x00000209525bb850 Uncommon trap: trap_request=0xffffffde fr.pc=0x0000020964776bf0 relative=0x0000000000000050
Event: 38.520 Thread 0x00000209525bb850 Uncommon trap: reason=class_check action=maybe_recompile pc=0x0000020964776bf0 method=java.lang.StringConcatHelper.stringOf(Ljava/lang/Object;)Ljava/lang/String; @ 5 c2
Event: 38.520 Thread 0x00000209525bb850 DEOPT PACKING pc=0x0000020964776bf0 sp=0x0000004acaffb8b0
Event: 38.520 Thread 0x00000209525bb850 DEOPT UNPACKING pc=0x00000209641946a2 sp=0x0000004acaffb840 mode 2
Event: 38.522 Thread 0x00000209525bb850 Uncommon trap: trap_request=0xffffff45 fr.pc=0x0000020964ae4018 relative=0x00000000000002d8
Event: 38.522 Thread 0x00000209525bb850 Uncommon trap: reason=unstable_if action=reinterpret pc=0x0000020964ae4018 method=java.util.Collections.unmodifiableList(Ljava/util/List;)Ljava/util/List; @ 19 c2
Event: 38.522 Thread 0x00000209525bb850 DEOPT PACKING pc=0x0000020964ae4018 sp=0x0000004acaffb980
Event: 38.522 Thread 0x00000209525bb850 DEOPT UNPACKING pc=0x00000209641946a2 sp=0x0000004acaffb938 mode 2
Event: 38.637 Thread 0x00000209525bb850 Uncommon trap: trap_request=0xffffffde fr.pc=0x00000209647eeca0 relative=0x0000000000000200
Event: 38.637 Thread 0x00000209525bb850 Uncommon trap: reason=class_check action=maybe_recompile pc=0x00000209647eeca0 method=java.lang.reflect.Array.newInstance(Ljava/lang/Class;I)Ljava/lang/Object; @ 2 c2
Event: 38.637 Thread 0x00000209525bb850 DEOPT PACKING pc=0x00000209647eeca0 sp=0x0000004acaffad00
Event: 38.637 Thread 0x00000209525bb850 DEOPT UNPACKING pc=0x00000209641946a2 sp=0x0000004acaffacb8 mode 2
Event: 38.644 Thread 0x00000209525bb850 Uncommon trap: trap_request=0xffffffde fr.pc=0x00000209647eeca0 relative=0x0000000000000200
Event: 38.644 Thread 0x00000209525bb850 Uncommon trap: reason=class_check action=maybe_recompile pc=0x00000209647eeca0 method=java.lang.reflect.Array.newInstance(Ljava/lang/Class;I)Ljava/lang/Object; @ 2 c2
Event: 38.644 Thread 0x00000209525bb850 DEOPT PACKING pc=0x00000209647eeca0 sp=0x0000004acaffada0
Event: 38.644 Thread 0x00000209525bb850 DEOPT UNPACKING pc=0x00000209641946a2 sp=0x0000004acaffad58 mode 2
Event: 38.653 Thread 0x00000209525bb850 Uncommon trap: trap_request=0xffffff76 fr.pc=0x0000020964a8fa14 relative=0x00000000000001f4
Event: 38.653 Thread 0x00000209525bb850 Uncommon trap: reason=predicate action=maybe_recompile pc=0x0000020964a8fa14 method=java.util.LinkedHashMap.keysToArray([Ljava/lang/Object;Z)[Ljava/lang/Object; @ 53 c2
Event: 38.653 Thread 0x00000209525bb850 DEOPT PACKING pc=0x0000020964a8fa14 sp=0x0000004acaffb230
Event: 38.653 Thread 0x00000209525bb850 DEOPT UNPACKING pc=0x00000209641946a2 sp=0x0000004acaffb1f8 mode 2

Classes loaded (20 events):
Event: 38.637 Loading class java/net/UnknownHostException
Event: 38.638 Loading class java/net/UnknownHostException done
Event: 38.644 Loading class sun/reflect/generics/tree/ByteSignature
Event: 38.644 Loading class sun/reflect/generics/tree/ByteSignature done
Event: 38.769 Loading class java/lang/StackWalker$Option
Event: 38.770 Loading class java/lang/StackWalker$Option done
Event: 38.770 Loading class java/lang/StackStreamFactory
Event: 38.771 Loading class java/lang/StackStreamFactory done
Event: 38.771 Loading class java/lang/StackWalker$ExtendedOption
Event: 38.771 Loading class java/lang/StackWalker$ExtendedOption done
Event: 38.771 Loading class java/lang/StackStreamFactory$StackFrameTraverser
Event: 38.771 Loading class java/lang/StackStreamFactory$StackFrameTraverser done
Event: 38.771 Loading class java/lang/StackStreamFactory$WalkerState
Event: 38.771 Loading class java/lang/StackStreamFactory$WalkerState done
Event: 38.771 Loading class java/lang/StackStreamFactory$StackFrameTraverser$StackFrameBuffer
Event: 38.772 Loading class java/lang/StackStreamFactory$FrameBuffer
Event: 38.773 Loading class java/lang/StackStreamFactory$FrameBuffer done
Event: 38.773 Loading class java/lang/StackStreamFactory$StackFrameTraverser$StackFrameBuffer done
Event: 38.804 Loading class java/util/concurrent/RejectedExecutionException
Event: 38.804 Loading class java/util/concurrent/RejectedExecutionException done

Classes unloaded (20 events):
Event: 36.136 Thread 0x00000209710b1810 Unloading class 0x0000020901bfeeb0 'lombok/javac/apt/MessagerDiagnosticsReceiver'
Event: 36.136 Thread 0x00000209710b1810 Unloading class 0x0000020901bfeaf0 'lombok/javac/apt/InterceptingJavaFileManager'
Event: 36.136 Thread 0x00000209710b1810 Unloading class 0x0000020901bfe8f0 'lombok/permit/dummy/Parent'
Event: 36.136 Thread 0x00000209710b1810 Unloading class 0x0000020901bfe6e0 'lombok/core/CleanupRegistry'
Event: 36.136 Thread 0x00000209710b1810 Unloading class 0x0000020901bfe4e0 'lombok/permit/Permit$Fake'
Event: 36.136 Thread 0x00000209710b1810 Unloading class 0x0000020901bfe2e8 'lombok/permit/Permit'
Event: 36.136 Thread 0x00000209710b1810 Unloading class 0x0000020901bfe000 'lombok/javac/apt/LombokProcessor$1'
Event: 36.136 Thread 0x00000209710b1810 Unloading class 0x0000020901bfdd58 'lombok/core/DiagnosticsReceiver'
Event: 36.136 Thread 0x00000209710b1810 Unloading class 0x0000020901bfdac8 'lombok/javac/apt/LombokProcessor'
Event: 36.136 Thread 0x00000209710b1810 Unloading class 0x0000020901bfd8a0 'lombok/core/AnnotationProcessor$EcjDescriptor'
Event: 36.136 Thread 0x00000209710b1810 Unloading class 0x0000020901bfd670 'lombok/core/AnnotationProcessor$JavacDescriptor'
Event: 36.136 Thread 0x00000209710b1810 Unloading class 0x0000020901bfd278 'lombok/core/AnnotationProcessor$ProcessorDescriptor'
Event: 36.136 Thread 0x00000209710b1810 Unloading class 0x0000020901bfd000 'lombok/core/AnnotationProcessor'
Event: 36.136 Thread 0x00000209710b1810 Unloading class 0x0000020901c28000 'lombok/launch/AnnotationProcessorHider$ClaimingProcessor'
Event: 36.136 Thread 0x00000209710b1810 Unloading class 0x0000020901bfcc00 'lombok/launch/AnnotationProcessorHider$AstModificationNotifierData'
Event: 36.136 Thread 0x00000209710b1810 Unloading class 0x0000020901bfc988 'lombok/launch/ClassFileMetaData'
Event: 36.136 Thread 0x00000209710b1810 Unloading class 0x0000020901bfc778 'lombok/launch/PackageShader'
Event: 36.136 Thread 0x00000209710b1810 Unloading class 0x0000020901bfc470 'lombok/launch/ShadowClassLoader'
Event: 36.136 Thread 0x00000209710b1810 Unloading class 0x0000020901bfc278 'lombok/launch/Main'
Event: 36.136 Thread 0x00000209710b1810 Unloading class 0x0000020901bfc000 'lombok/launch/AnnotationProcessorHider$AnnotationProcessor'

Classes redefined (0 events):
No events

Internal exceptions (20 events):
Event: 36.017 Thread 0x00000209525bb850 Exception <a 'java/lang/NoSuchMethodError'{0x000000008c3558b0}: 'java.lang.Object java.lang.invoke.DelegatingMethodHandle$Holder.reinvoke_L(java.lang.Object, java.lang.Object, java.lang.Object, java.lang.Object, int)'> (0x000000008c3558b0) 
thrown [s\open\src\hotspot\share\interpreter\linkResolver.cpp, line 773]
Event: 36.322 Thread 0x00000209525bb850 Exception <a 'java/lang/NoSuchMethodError'{0x00000000ff3ca6e8}: 'int java.lang.invoke.DirectMethodHandle$Holder.invokeSpecialIFC(java.lang.Object, java.lang.Object, java.lang.Object, java.lang.Object)'> (0x00000000ff3ca6e8) 
thrown [s\open\src\hotspot\share\interpreter\linkResolver.cpp, line 773]
Event: 36.338 Thread 0x00000209525bb850 Exception <a 'java/lang/IncompatibleClassChangeError'{0x00000000ff273320}: Found class java.lang.Object, but interface was expected> (0x00000000ff273320) 
thrown [s\open\src\hotspot\share\interpreter\linkResolver.cpp, line 840]
Event: 36.451 Thread 0x00000209525bb850 Exception <a 'java/lang/NoSuchMethodError'{0x000000008d82d988}: 'void java.lang.invoke.DirectMethodHandle$Holder.invokeInterface(java.lang.Object, java.lang.Object, java.lang.Object, java.lang.Object, java.lang.Object)'> (0x000000008d82d988) 
thrown [s\open\src\hotspot\share\interpreter\linkResolver.cpp, line 773]
Event: 36.451 Thread 0x00000209525bb850 Exception <a 'java/lang/IncompatibleClassChangeError'{0x000000008d831178}: Found class java.lang.Object, but interface was expected> (0x000000008d831178) 
thrown [s\open\src\hotspot\share\interpreter\linkResolver.cpp, line 840]
Event: 36.458 Thread 0x00000209525bb850 Exception <a 'java/lang/IncompatibleClassChangeError'{0x000000008d871b80}: Found class java.lang.Object, but interface was expected> (0x000000008d871b80) 
thrown [s\open\src\hotspot\share\interpreter\linkResolver.cpp, line 840]
Event: 36.473 Thread 0x00000209525bb850 Exception <a 'java/lang/IncompatibleClassChangeError'{0x000000008d70f898}: Found class java.lang.Object, but interface was expected> (0x000000008d70f898) 
thrown [s\open\src\hotspot\share\interpreter\linkResolver.cpp, line 840]
Event: 36.510 Thread 0x00000209525bb850 Exception <a 'java/lang/NoSuchMethodError'{0x000000008d72bd60}: 'long java.lang.invoke.DirectMethodHandle$Holder.invokeSpecial(java.lang.Object, java.lang.Object)'> (0x000000008d72bd60) 
thrown [s\open\src\hotspot\share\interpreter\linkResolver.cpp, line 773]
Event: 36.510 Thread 0x00000209525bb850 Exception <a 'java/lang/NoSuchMethodError'{0x000000008d72f238}: 'long java.lang.invoke.Invokers$Holder.invokeExact_MT(java.lang.Object, java.lang.Object)'> (0x000000008d72f238) 
thrown [s\open\src\hotspot\share\interpreter\linkResolver.cpp, line 773]
Event: 36.587 Thread 0x00000209525bb850 Exception <a 'java/lang/NoSuchMethodError'{0x000000008d5fd3b0}: 'void java.lang.invoke.DirectMethodHandle$Holder.invokeInterface(java.lang.Object, java.lang.Object, java.lang.Object, java.lang.Object)'> (0x000000008d5fd3b0) 
thrown [s\open\src\hotspot\share\interpreter\linkResolver.cpp, line 773]
Event: 36.588 Thread 0x00000209525bb850 Exception <a 'java/lang/IncompatibleClassChangeError'{0x000000008d400a60}: Found class java.lang.Object, but interface was expected> (0x000000008d400a60) 
thrown [s\open\src\hotspot\share\interpreter\linkResolver.cpp, line 840]
Event: 36.611 Thread 0x00000209525bb850 Exception <a 'java/lang/NoSuchMethodError'{0x000000008d4f4c18}: 'void java.lang.invoke.DirectMethodHandle$Holder.invokeStaticInit(java.lang.Object)'> (0x000000008d4f4c18) 
thrown [s\open\src\hotspot\share\interpreter\linkResolver.cpp, line 773]
Event: 36.631 Thread 0x00000209525bb850 Exception <a 'java/lang/NoSuchMethodError'{0x000000008d3c42b0}: 'void java.lang.invoke.DirectMethodHandle$Holder.invokeStaticInit(java.lang.Object, java.lang.Object, java.lang.Object, java.lang.Object)'> (0x000000008d3c42b0) 
thrown [s\open\src\hotspot\share\interpreter\linkResolver.cpp, line 773]
Event: 36.800 Thread 0x00000209525bb850 Exception <a 'java/lang/ClassNotFoundException'{0x000000008cfc3330}: javax/smartcardio/CardPermission> (0x000000008cfc3330) 
thrown [s\open\src\hotspot\share\classfile\systemDictionary.cpp, line 312]
Event: 36.817 Thread 0x00000209525bb850 Exception <a 'java/io/FileNotFoundException'{0x000000008cfd21a8}> (0x000000008cfd21a8) 
thrown [s\open\src\hotspot\share\prims\jni.cpp, line 520]
Event: 36.835 Thread 0x00000209525bb850 Exception <a 'java/lang/NoSuchMethodError'{0x000000008ce5adf8}: 'java.lang.Object java.lang.invoke.Invokers$Holder.linkToTargetMethod(java.lang.Object, long, java.lang.Object, java.lang.Object)'> (0x000000008ce5adf8) 
thrown [s\open\src\hotspot\share\interpreter\linkResolver.cpp, line 773]
Event: 38.336 Thread 0x00000209525bb850 Exception <a 'java/lang/IncompatibleClassChangeError'{0x000000008c5581d0}: Found class java.lang.Object, but interface was expected> (0x000000008c5581d0) 
thrown [s\open\src\hotspot\share\interpreter\linkResolver.cpp, line 840]
Event: 38.712 Thread 0x00000209525bb850 Exception <a 'java/lang/NoSuchMethodError'{0x000000008b2b4dd0}: 'java.lang.Object java.lang.invoke.DirectMethodHandle$Holder.invokeInterface(java.lang.Object, java.lang.Object, java.lang.Object, java.lang.Object)'> (0x000000008b2b4dd0) 
thrown [s\open\src\hotspot\share\interpreter\linkResolver.cpp, line 773]
Event: 38.720 Thread 0x00000209525bb850 Exception <a 'java/lang/NoSuchMethodError'{0x000000008b108088}: 'java.lang.Object java.lang.invoke.DirectMethodHandle$Holder.invokeInterface(java.lang.Object, java.lang.Object, java.lang.Object, java.lang.Object, java.lang.Object)'> (0x000000008b108088) 
thrown [s\open\src\hotspot\share\interpreter\linkResolver.cpp, line 773]
Event: 38.721 Thread 0x00000209525bb850 Exception <a 'java/lang/IncompatibleClassChangeError'{0x000000008b10bb88}: Found class java.lang.Object, but interface was expected> (0x000000008b10bb88) 
thrown [s\open\src\hotspot\share\interpreter\linkResolver.cpp, line 840]

ZGC Phase Switch (0 events):
No events

VM Operations (20 events):
Event: 35.882 Executing VM operation: ICBufferFull
Event: 35.883 Executing VM operation: ICBufferFull done
Event: 36.034 Executing VM operation: G1TryInitiateConcMark (G1 Humongous Allocation)
Event: 36.042 Executing VM operation: G1TryInitiateConcMark (G1 Humongous Allocation) done
Event: 36.134 Executing VM operation: G1PauseRemark
Event: 36.189 Executing VM operation: G1PauseRemark done
Event: 36.223 Executing VM operation: HandshakeAllThreads (Deoptimize)
Event: 36.223 Executing VM operation: HandshakeAllThreads (Deoptimize) done
Event: 36.234 Executing VM operation: G1PauseCleanup
Event: 36.235 Executing VM operation: G1PauseCleanup done
Event: 36.616 Executing VM operation: HandshakeAllThreads (Deoptimize)
Event: 36.616 Executing VM operation: HandshakeAllThreads (Deoptimize) done
Event: 36.952 Executing VM operation: HandshakeAllThreads (Deoptimize)
Event: 36.952 Executing VM operation: HandshakeAllThreads (Deoptimize) done
Event: 36.956 Executing VM operation: HandshakeAllThreads (Deoptimize)
Event: 36.956 Executing VM operation: HandshakeAllThreads (Deoptimize) done
Event: 37.968 Executing VM operation: Cleanup
Event: 38.080 Executing VM operation: Cleanup done
Event: 39.093 Executing VM operation: Cleanup
Event: 39.093 Executing VM operation: Cleanup done

Events (20 events):
Event: 36.185 Thread 0x00000209710b1810 flushing nmethod 0x000002095e6aa390
Event: 36.185 Thread 0x00000209710b1810 flushing nmethod 0x000002095e70d290
Event: 36.185 Thread 0x00000209710b1810 flushing nmethod 0x000002095e711e90
Event: 36.185 Thread 0x00000209710b1810 flushing nmethod 0x000002095e78c990
Event: 36.185 Thread 0x00000209710b1810 flushing nmethod 0x000002095e79fd90
Event: 36.185 Thread 0x00000209710b1810 flushing nmethod 0x000002095e842e10
Event: 36.185 Thread 0x00000209710b1810 flushing nmethod 0x000002095e843410
Event: 36.185 Thread 0x00000209710b1810 flushing nmethod 0x000002095e844810
Event: 36.185 Thread 0x00000209710b1810 flushing nmethod 0x000002095e845010
Event: 36.185 Thread 0x00000209710b1810 flushing nmethod 0x000002095ea65510
Event: 36.185 Thread 0x00000209710b1810 flushing nmethod 0x000002095ea65a10
Event: 36.185 Thread 0x00000209710b1810 flushing nmethod 0x000002095ea67290
Event: 36.185 Thread 0x00000209710b1810 flushing nmethod 0x000002095ec7f710
Event: 36.185 Thread 0x00000209710b1810 flushing nmethod 0x000002095ed3cf90
Event: 36.185 Thread 0x00000209710b1810 flushing nmethod 0x000002095f3f4b90
Event: 36.185 Thread 0x00000209710b1810 flushing nmethod 0x0000020960044b90
Event: 36.185 Thread 0x00000209710b1810 flushing nmethod 0x000002096039ee10
Event: 36.185 Thread 0x00000209710b1810 flushing nmethod 0x0000020960524610
Event: 38.266 Thread 0x000002097b9319a0 Thread exited: 0x000002097b9319a0
Event: 38.369 Thread 0x000002097775de40 Thread added: 0x000002097775de40


Dynamic libraries:
0x00007ff75e160000 - 0x00007ff75e170000 	D:\mailon\Java\jdk-21.0.10\bin\java.exe
0x00007ffe20340000 - 0x00007ffe205a7000 	C:\WINDOWS\SYSTEM32\ntdll.dll
0x00007ffe1f710000 - 0x00007ffe1f7d9000 	C:\WINDOWS\System32\KERNEL32.DLL
0x00007ffe1ce40000 - 0x00007ffe1d234000 	C:\WINDOWS\System32\KERNELBASE.dll
0x00007ffe1df80000 - 0x00007ffe1e0cb000 	C:\WINDOWS\System32\ucrtbase.dll
0x00007ffe175d0000 - 0x00007ffe175e9000 	D:\mailon\Java\jdk-21.0.10\bin\jli.dll
0x00007ffe175b0000 - 0x00007ffe175ce000 	D:\mailon\Java\jdk-21.0.10\bin\VCRUNTIME140.dll
0x00007ffe20240000 - 0x00007ffe202f6000 	C:\WINDOWS\System32\ADVAPI32.dll
0x00007ffe1f540000 - 0x00007ffe1f5e9000 	C:\WINDOWS\System32\msvcrt.dll
0x00007ffe1f7e0000 - 0x00007ffe1f887000 	C:\WINDOWS\System32\sechost.dll
0x00007ffe1f5f0000 - 0x00007ffe1f708000 	C:\WINDOWS\System32\RPCRT4.dll
0x00007ffe1ee10000 - 0x00007ffe1efd5000 	C:\WINDOWS\System32\USER32.dll
0x00007ffe1ce10000 - 0x00007ffe1ce37000 	C:\WINDOWS\System32\win32u.dll
0x00007ffe1f890000 - 0x00007ffe1f8bb000 	C:\WINDOWS\System32\GDI32.dll
0x00007ffe0c8f0000 - 0x00007ffe0cb83000 	C:\WINDOWS\WinSxS\amd64_microsoft.windows.common-controls_6595b64144ccf1df_6.0.26100.8115_none_3e075c82e3354f9c\COMCTL32.dll
0x00007ffe1dab0000 - 0x00007ffe1dbdb000 	C:\WINDOWS\System32\gdi32full.dll
0x00007ffe1ded0000 - 0x00007ffe1df73000 	C:\WINDOWS\System32\msvcp_win.dll
0x00007ffe16170000 - 0x00007ffe1617b000 	C:\WINDOWS\SYSTEM32\VERSION.dll
0x00007ffe1e170000 - 0x00007ffe1e1a2000 	C:\WINDOWS\System32\IMM32.DLL
0x00007ffe17510000 - 0x00007ffe1751c000 	D:\mailon\Java\jdk-21.0.10\bin\vcruntime140_1.dll
0x00007ffe02390000 - 0x00007ffe0241d000 	D:\mailon\Java\jdk-21.0.10\bin\msvcp140.dll
0x00007ffd68fa0000 - 0x00007ffd69cc7000 	D:\mailon\Java\jdk-21.0.10\bin\server\jvm.dll
0x00007ffe201b0000 - 0x00007ffe20230000 	C:\WINDOWS\System32\WS2_32.dll
0x00007ffe1ca90000 - 0x00007ffe1caee000 	C:\WINDOWS\SYSTEM32\POWRPROF.dll
0x00007ffdfca90000 - 0x00007ffdfcac6000 	C:\WINDOWS\SYSTEM32\WINMM.dll
0x00007ffe1ca70000 - 0x00007ffe1ca84000 	C:\WINDOWS\SYSTEM32\UMPDC.dll
0x00007ffe1b970000 - 0x00007ffe1b98b000 	C:\WINDOWS\SYSTEM32\kernel.appcore.dll
0x00007ffe17500000 - 0x00007ffe1750a000 	D:\mailon\Java\jdk-21.0.10\bin\jimage.dll
0x00007ffe0d0b0000 - 0x00007ffe0d2f2000 	C:\WINDOWS\SYSTEM32\DBGHELP.DLL
0x00007ffe1e7e0000 - 0x00007ffe1eb62000 	C:\WINDOWS\System32\combase.dll
0x00007ffe1f0d0000 - 0x00007ffe1f1a8000 	C:\WINDOWS\System32\OLEAUT32.dll
0x00007ffe033e0000 - 0x00007ffe0341b000 	C:\WINDOWS\SYSTEM32\dbgcore.DLL
0x00007ffe1dd60000 - 0x00007ffe1de05000 	C:\WINDOWS\System32\bcryptPrimitives.dll
0x00007ffe10450000 - 0x00007ffe10471000 	D:\mailon\Java\jdk-21.0.10\bin\java.dll
0x00007ffe1fa40000 - 0x00007ffe201a7000 	C:\WINDOWS\System32\SHELL32.dll
0x00007ffe1cc10000 - 0x00007ffe1cd7a000 	C:\WINDOWS\System32\wintypes.dll
0x00007ffe1d240000 - 0x00007ffe1daa8000 	C:\WINDOWS\System32\windows.storage.dll
0x00007ffe1f220000 - 0x00007ffe1f318000 	C:\WINDOWS\System32\SHCORE.dll
0x00007ffe1f9d0000 - 0x00007ffe1fa36000 	C:\WINDOWS\System32\shlwapi.dll
0x00007ffe1cb30000 - 0x00007ffe1cb59000 	C:\WINDOWS\SYSTEM32\profapi.dll
0x00007ffe00160000 - 0x00007ffe00237000 	D:\mailon\Java\jdk-21.0.10\bin\jsvml.dll
0x00007ffe10380000 - 0x00007ffe10391000 	D:\mailon\Java\jdk-21.0.10\bin\net.dll
0x00007ffe15b50000 - 0x00007ffe15c7d000 	C:\WINDOWS\SYSTEM32\WINHTTP.dll
0x00007ffe1bed0000 - 0x00007ffe1bf3c000 	C:\WINDOWS\system32\mswsock.dll
0x00007ffe0e890000 - 0x00007ffe0e8a6000 	D:\mailon\Java\jdk-21.0.10\bin\nio.dll
0x00007ffe0e870000 - 0x00007ffe0e888000 	D:\mailon\Java\jdk-21.0.10\bin\zip.dll
0x00007ffe05cc0000 - 0x00007ffe05ce4000 	D:\mailon\Usuario\Desktop\apache-maven-3.9.14-bin (1)\apache-maven-3.9.14\lib\jansi-native\Windows\x86_64\jansi.dll
0x00007ffe17490000 - 0x00007ffe174a0000 	D:\mailon\Java\jdk-21.0.10\bin\verify.dll
0x00007ffe1ba90000 - 0x00007ffe1bac6000 	C:\WINDOWS\SYSTEM32\ntmarta.dll

dbghelp: loaded successfully - version: 4.0.5 - missing functions: none
symbol engine: initialized successfully - sym options: 0x614 - pdb path: .;D:\mailon\Java\jdk-21.0.10\bin;C:\WINDOWS\SYSTEM32;C:\WINDOWS\WinSxS\amd64_microsoft.windows.common-controls_6595b64144ccf1df_6.0.26100.8115_none_3e075c82e3354f9c;D:\mailon\Java\jdk-21.0.10\bin\server;D:\mailon\Usuario\Desktop\apache-maven-3.9.14-bin (1)\apache-maven-3.9.14\lib\jansi-native\Windows\x86_64

VM Arguments:
jvm_args: --add-opens=java.base/java.lang=ALL-UNNAMED --enable-native-access=ALL-UNNAMED -Dclassworlds.conf=D:/mailon/Usuario/Desktop/apache-maven-3.9.14-bin (1)/apache-maven-3.9.14/bin/m2.conf -Dmaven.home=D:/mailon/Usuario/Desktop/apache-maven-3.9.14-bin (1)/apache-maven-3.9.14 -Dlibrary.jansi.path=D:/mailon/Usuario/Desktop/apache-maven-3.9.14-bin (1)/apache-maven-3.9.14/lib/jansi-native -Dmaven.multiModuleProjectDirectory=D:/mailon/Usuario/Desktop/Smartwallet 
java_command: org.codehaus.plexus.classworlds.launcher.Launcher clean test
java_class_path (initial): D:/mailon/Usuario/Desktop/apache-maven-3.9.14-bin (1)/apache-maven-3.9.14/boot/plexus-classworlds-2.9.0.jar
Launcher Type: SUN_STANDARD

[Global flags]
     intx CICompilerCount                          = 4                                         {product} {ergonomic}
     uint ConcGCThreads                            = 2                                         {product} {ergonomic}
     uint G1ConcRefinementThreads                  = 8                                         {product} {ergonomic}
   size_t G1HeapRegionSize                         = 1048576                                   {product} {ergonomic}
    uintx GCDrainStackTargetSize                   = 64                                        {product} {ergonomic}
   size_t InitialHeapSize                          = 132120576                                 {product} {ergonomic}
   size_t MarkStackSize                            = 4194304                                   {product} {ergonomic}
   size_t MaxHeapSize                              = 2109734912                                {product} {ergonomic}
   size_t MaxNewSize                               = 1265631232                                {product} {ergonomic}
   size_t MinHeapDeltaBytes                        = 1048576                                   {product} {ergonomic}
   size_t MinHeapSize                              = 8388608                                   {product} {ergonomic}
    uintx NonNMethodCodeHeapSize                   = 5839372                                {pd product} {ergonomic}
    uintx NonProfiledCodeHeapSize                  = 122909434                              {pd product} {ergonomic}
    uintx ProfiledCodeHeapSize                     = 122909434                              {pd product} {ergonomic}
    uintx ReservedCodeCacheSize                    = 251658240                              {pd product} {ergonomic}
     bool SegmentedCodeCache                       = true                                      {product} {ergonomic}
   size_t SoftMaxHeapSize                          = 2109734912                             {manageable} {ergonomic}
     bool UseCompressedOops                        = true                           {product lp64_product} {ergonomic}
     bool UseG1GC                                  = true                                      {product} {ergonomic}
     bool UseLargePagesIndividualAllocation        = false                                  {pd product} {ergonomic}

Logging:
Log output configuration:
 #0: stdout all=warning uptime,level,tags foldmultilines=false
 #1: stderr all=off uptime,level,tags foldmultilines=false

Environment Variables:
JAVA_HOME=D:/mailon/Java/jdk-21.0.10
PATH=D:\Program Files\Git\mingw64\bin;D:\Program Files\Git\usr\bin;C:\Users\Usuario\bin;C:\Program Files\Common Files\Oracle\Java\javapath;C:\WINDOWS\system32;C:\WINDOWS;C:\WINDOWS\System32\Wbem;C:\WINDOWS\System32\WindowsPowerShell\v1.0;C:\WINDOWS\System32\OpenSSH;D:\Program Files\nodejs;D:\mailon\Usuario\Desktop\apache-maven-3.9.14-bin (1)\apache-maven-3.9.14\bin;D:\Program Files\Git\cmd;C:\Users\Usuario\AppData\Local\Programs\Trae\bin;D:\mailon\Usuario\Downloads\ffmpeg-8.0.1-essentials_build\ffmpeg-8.0.1-essentials_build\bin;D:\mailon\Usuario\Desktop\apache-maven-3.9.14-bin (1)\apache-maven-3.9.14\bin;C:\Users\Usuario\AppData\Roaming\npm
USERNAME=Usuario
TERM=xterm-256color
OS=Windows_NT
PROCESSOR_IDENTIFIER=Intel64 Family 6 Model 142 Stepping 12, GenuineIntel
TMP=C:\Users\Usuario\AppData\Local\Temp
TEMP=C:\Users\Usuario\AppData\Local\Temp




Periodic native trim disabled

---------------  S Y S T E M  ---------------

OS:
 Windows 11 , 64 bit Build 26100 (10.0.26100.8246)
OS uptime: 4 days 19:22 hours
Hyper-V role detected

CPU: total 8 (initial active 8) (4 cores per cpu, 2 threads per core) family 6 model 142 stepping 12 microcode 0xde, cx8, cmov, fxsr, ht, mmx, 3dnowpref, sse, sse2, sse3, ssse3, sse4.1, sse4.2, popcnt, lzcnt, tsc, tscinvbit, avx, avx2, aes, erms, clmul, bmi1, bmi2, adx, fma, vzeroupper, clflush, clflushopt, hv, rdtscp, f16c
Processor Information for all 8 processors :
  Max Mhz: 1800, Current Mhz: 1600, Mhz Limit: 1584

Memory: 4k page, system-wide physical 8040M (426M free)
TotalPageFile size 32616M (AvailPageFile size 4M)
current process WorkingSet (physical memory assigned to process): 574M, peak: 576M
current process commit charge ("private bytes"): 605M, peak: 608M

vm_info: Java HotSpot(TM) 64-Bit Server VM (21.0.10+8-LTS-217) for windows-amd64 JRE (21.0.10+8-LTS-217), built on 2025-12-18T14:59:28Z by "mach5run" with MS VC++ 17.13 (VS2022)

END.
