#
# There is insufficient memory for the Java Runtime Environment to continue.
# Native memory allocation (malloc) failed to allocate 1729136 bytes for Chunk::new
# Possible reasons:
#   The system is out of physical RAM or swap space
#   The process is running with CompressedOops enabled, and the Java Heap may be blocking the growth of the native heap
# Possible solutions:
#   Reduce memory load on the system
#   Increase physical memory or swap space
#   Check if swap backing store is full
#   Decrease Java heap size (-Xmx/-Xms)
#   Decrease number of Java threads
#   Decrease Java thread stack sizes (-Xss)
#   Set larger code cache with -XX:ReservedCodeCacheSize=
#   JVM is running with Unscaled Compressed Oops mode in which the Java heap is
#     placed in the first 4GB address space. The Java Heap base address is the
#     maximum limit for the native heap growth. Please use -XX:HeapBaseMinAddress
#     to set the Java Heap base and to place the Java Heap above 4GB virtual address.
# This output file may be truncated or incomplete.
#
#  Out of Memory Error (arena.cpp:168), pid=8292, tid=26840
#
# JRE version: Java(TM) SE Runtime Environment (21.0.10+8) (build 21.0.10+8-LTS-217)
# Java VM: Java HotSpot(TM) 64-Bit Server VM (21.0.10+8-LTS-217, mixed mode, sharing, tiered, compressed oops, compressed class ptrs, g1 gc, windows-amd64)
# No core dump will be written. Minidumps are not enabled by default on client versions of Windows
#

---------------  S U M M A R Y ------------

Command Line: --add-opens=java.base/java.lang=ALL-UNNAMED --enable-native-access=ALL-UNNAMED -Dclassworlds.conf=D:/mailon/Usuario/Desktop/apache-maven-3.9.14-bin (1)/apache-maven-3.9.14/bin/m2.conf -Dmaven.home=D:/mailon/Usuario/Desktop/apache-maven-3.9.14-bin (1)/apache-maven-3.9.14 -Dlibrary.jansi.path=D:/mailon/Usuario/Desktop/apache-maven-3.9.14-bin (1)/apache-maven-3.9.14/lib/jansi-native -Dmaven.multiModuleProjectDirectory=D:/mailon/Usuario/Desktop/Smartwallet org.codehaus.plexus.classworlds.launcher.Launcher clean compile test-compile -DskipTests

Host: Intel(R) Core(TM) i5-8265U CPU @ 1.60GHz, 8 cores, 7G,  Windows 11 , 64 bit Build 26100 (10.0.26100.8246)
Time: Thu Apr 23 05:14:49 2026 Hora oficial do Brasil elapsed time: 24.093094 seconds (0d 0h 0m 24s)

---------------  T H R E A D  ---------------

Current thread (0x000001acf59d80d0):  JavaThread "C2 CompilerThread1" daemon [_thread_in_native, id=26840, stack(0x0000000214400000,0x0000000214500000) (1024K)]


Current CompileTask:
C2:  24093 18003       4       org.jetbrains.kotlin.types.checker.NewCapturedTypeKt::captureArguments (653 bytes)

Stack: [0x0000000214400000,0x0000000214500000]
Native frames: (J=compiled Java code, j=interpreted, Vv=VM code, C=native code)
V  [jvm.dll+0x6d0b59]
V  [jvm.dll+0x85fd56]
V  [jvm.dll+0x86224e]
V  [jvm.dll+0x862923]
V  [jvm.dll+0x282a16]
V  [jvm.dll+0xc662d]
V  [jvm.dll+0xc6b71]
V  [jvm.dll+0x3bbb21]
V  [jvm.dll+0x387fd2]
V  [jvm.dll+0x38741a]
V  [jvm.dll+0x24b370]
V  [jvm.dll+0x24a94f]
V  [jvm.dll+0x1cacfe]
V  [jvm.dll+0x25a629]
V  [jvm.dll+0x258bb5]
V  [jvm.dll+0x3f4da1]
V  [jvm.dll+0x80a83d]
V  [jvm.dll+0x6cf3fd]
C  [ucrtbase.dll+0x37b0]
C  [KERNEL32.DLL+0x2e8d7]
C  [ntdll.dll+0x8c3fc]


---------------  P R O C E S S  ---------------

Threads class SMR info:
_java_thread_list=0x000001acf652ee60, length=14, elements={
0x000001ac8fd234c0, 0x000001acae98ff70, 0x000001acae9909d0, 0x000001acae99f630,
0x000001acae9a3300, 0x000001acae9a8b30, 0x000001acae9a15e0, 0x000001acae9acaf0,
0x000001acae9b73c0, 0x000001acaecb08b0, 0x000001acaecdc160, 0x000001acf4f4dd30,
0x000001acf6d49b40, 0x000001acf59d80d0
}

Java Threads: ( => current thread )
  0x000001ac8fd234c0 JavaThread "main"                              [_thread_in_Java, id=16604, stack(0x0000000213200000,0x0000000213300000) (1024K)]
  0x000001acae98ff70 JavaThread "Reference Handler"          daemon [_thread_blocked, id=21112, stack(0x0000000213a00000,0x0000000213b00000) (1024K)]
  0x000001acae9909d0 JavaThread "Finalizer"                  daemon [_thread_blocked, id=12040, stack(0x0000000213b00000,0x0000000213c00000) (1024K)]
  0x000001acae99f630 JavaThread "Signal Dispatcher"          daemon [_thread_blocked, id=24656, stack(0x0000000213c00000,0x0000000213d00000) (1024K)]
  0x000001acae9a3300 JavaThread "Attach Listener"            daemon [_thread_blocked, id=28760, stack(0x0000000213d00000,0x0000000213e00000) (1024K)]
  0x000001acae9a8b30 JavaThread "Service Thread"             daemon [_thread_blocked, id=18428, stack(0x0000000213e00000,0x0000000213f00000) (1024K)]
  0x000001acae9a15e0 JavaThread "Monitor Deflation Thread"   daemon [_thread_blocked, id=23280, stack(0x0000000213f00000,0x0000000214000000) (1024K)]
  0x000001acae9acaf0 JavaThread "C2 CompilerThread0"         daemon [_thread_in_native, id=22540, stack(0x0000000214000000,0x0000000214100000) (1024K)]
  0x000001acae9b73c0 JavaThread "C1 CompilerThread0"         daemon [_thread_blocked, id=28564, stack(0x0000000214100000,0x0000000214200000) (1024K)]
  0x000001acaecb08b0 JavaThread "Notification Thread"        daemon [_thread_blocked, id=6164, stack(0x0000000214200000,0x0000000214300000) (1024K)]
  0x000001acaecdc160 JavaThread "Common-Cleaner"             daemon [_thread_blocked, id=22272, stack(0x0000000214300000,0x0000000214400000) (1024K)]
  0x000001acf4f4dd30 JavaThread "Thread-1"                   daemon [_thread_blocked, id=18592, stack(0x0000000214d00000,0x0000000214e00000) (1024K)]
  0x000001acf6d49b40 JavaThread "resolver-1"                 daemon [_thread_blocked, id=9120, stack(0x0000000214f00000,0x0000000215000000) (1024K)]
=>0x000001acf59d80d0 JavaThread "C2 CompilerThread1"         daemon [_thread_in_native, id=26840, stack(0x0000000214400000,0x0000000214500000) (1024K)]
Total: 14

Other Threads:
  0x000001acae96ee70 VMThread "VM Thread"                           [id=22080, stack(0x0000000213900000,0x0000000213a00000) (1024K)]
  0x000001acae959200 WatcherThread "VM Periodic Task Thread"        [id=24580, stack(0x0000000213800000,0x0000000213900000) (1024K)]
  0x000001ac9206ccb0 WorkerThread "GC Thread#0"                     [id=24976, stack(0x0000000213300000,0x0000000213400000) (1024K)]
  0x000001acf4a304c0 WorkerThread "GC Thread#1"                     [id=2032, stack(0x0000000214600000,0x0000000214700000) (1024K)]
  0x000001acf49db5f0 WorkerThread "GC Thread#2"                     [id=26228, stack(0x0000000214700000,0x0000000214800000) (1024K)]
  0x000001acf474cb80 WorkerThread "GC Thread#3"                     [id=8300, stack(0x0000000214800000,0x0000000214900000) (1024K)]
  0x000001acf43f4db0 WorkerThread "GC Thread#4"                     [id=27840, stack(0x0000000214900000,0x0000000214a00000) (1024K)]
  0x000001acf43f5160 WorkerThread "GC Thread#5"                     [id=30212, stack(0x0000000214a00000,0x0000000214b00000) (1024K)]
  0x000001acf43f5510 WorkerThread "GC Thread#6"                     [id=29376, stack(0x0000000214b00000,0x0000000214c00000) (1024K)]
  0x000001acf44a4720 WorkerThread "GC Thread#7"                     [id=29156, stack(0x0000000214c00000,0x0000000214d00000) (1024K)]
  0x000001ac9207d730 ConcurrentGCThread "G1 Main Marker"            [id=7276, stack(0x0000000213400000,0x0000000213500000) (1024K)]
  0x000001ac9207e150 WorkerThread "G1 Conc#0"                       [id=29896, stack(0x0000000213500000,0x0000000213600000) (1024K)]
  0x000001acf5f39320 WorkerThread "G1 Conc#1"                       [id=21732, stack(0x0000000214500000,0x0000000214600000) (1024K)]
  0x000001acae829880 ConcurrentGCThread "G1 Refine#0"               [id=20936, stack(0x0000000213600000,0x0000000213700000) (1024K)]
  0x000001acae82a0b0 ConcurrentGCThread "G1 Service"                [id=22544, stack(0x0000000213700000,0x0000000213800000) (1024K)]
Total: 15

Threads with active compile tasks:
C2 CompilerThread0    24155 18098       4       org.jetbrains.kotlin.types.KotlinTypeFactory::simpleType (105 bytes)
C2 CompilerThread1    24155 18003       4       org.jetbrains.kotlin.types.checker.NewCapturedTypeKt::captureArguments (653 bytes)
Total: 2

VM state: not at safepoint (normal execution)

VM Mutex/Monitor currently owned by a thread: None

Heap address: 0x0000000082400000, size: 2012 MB, Compressed Oops mode: 32-bit

CDS archive(s) mapped at: [0x000001acaf000000-0x000001acafc90000-0x000001acafc90000), size 13172736, SharedBaseAddress: 0x000001acaf000000, ArchiveRelocationMode: 1.
Compressed class space mapped at: 0x000001acb0000000-0x000001acf0000000, reserved size: 1073741824
Narrow klass base: 0x000001acaf000000, Narrow klass shift: 0, Narrow klass range: 0x100000000

GC Precious Log:
 CardTable entry size: 512
 Card Set container configuration: InlinePtr #cards 5 size 8 Array Of Cards #cards 12 size 40 Howl #buckets 4 coarsen threshold 1843 Howl Bitmap #cards 512 size 80 coarsen threshold 460 Card regions per heap region 1 cards per card region 2048
 CPUs: 8 total, 8 available
 Memory: 8040M
 Large Page Support: Disabled
 NUMA Support: Disabled
 Compressed Oops: Enabled (32-bit)
 Heap Region Size: 1M
 Heap Min Capacity: 8M
 Heap Initial Capacity: 126M
 Heap Max Capacity: 2012M
 Pre-touch: Disabled
 Parallel Workers: 8
 Concurrent Workers: 2
 Concurrent Refinement Workers: 8
 Periodic GC: Disabled

Heap:
 garbage-first heap   total 183296K, used 80743K [0x0000000082400000, 0x0000000100000000)
  region size 1024K, 8 young (8192K), 7 survivors (7168K)
 Metaspace       used 84623K, committed 85760K, reserved 1179648K
  class space    used 9569K, committed 10112K, reserved 1048576K

Heap Regions: E=young(eden), S=young(survivor), O=old, HS=humongous(starts), HC=humongous(continues), CS=collection set, F=free, TAMS=top-at-mark-start, PB=parsable bottom
|   0|0x0000000082400000, 0x0000000082500000, 0x0000000082500000|100%| O|  |TAMS 0x0000000082400000| PB 0x0000000082400000| Untracked 
|   1|0x0000000082500000, 0x0000000082600000, 0x0000000082600000|100%| O|  |TAMS 0x0000000082500000| PB 0x0000000082500000| Untracked 
|   2|0x0000000082600000, 0x0000000082700000, 0x0000000082700000|100%| O|  |TAMS 0x0000000082600000| PB 0x0000000082600000| Untracked 
|   3|0x0000000082700000, 0x0000000082800000, 0x0000000082800000|100%| O|  |TAMS 0x0000000082700000| PB 0x0000000082700000| Untracked 
|   4|0x0000000082800000, 0x0000000082900000, 0x0000000082900000|100%| O|  |TAMS 0x0000000082800000| PB 0x0000000082800000| Untracked 
|   5|0x0000000082900000, 0x0000000082a00000, 0x0000000082a00000|100%| O|  |TAMS 0x0000000082900000| PB 0x0000000082900000| Untracked 
|   6|0x0000000082a00000, 0x0000000082b00000, 0x0000000082b00000|100%| O|  |TAMS 0x0000000082a00000| PB 0x0000000082a00000| Untracked 
|   7|0x0000000082b00000, 0x0000000082c00000, 0x0000000082c00000|100%| O|  |TAMS 0x0000000082b00000| PB 0x0000000082b00000| Untracked 
|   8|0x0000000082c00000, 0x0000000082d00000, 0x0000000082d00000|100%| O|  |TAMS 0x0000000082c00000| PB 0x0000000082c00000| Untracked 
|   9|0x0000000082d00000, 0x0000000082e00000, 0x0000000082e00000|100%| O|  |TAMS 0x0000000082d00000| PB 0x0000000082d00000| Untracked 
|  10|0x0000000082e00000, 0x0000000082f00000, 0x0000000082f00000|100%| O|  |TAMS 0x0000000082e00000| PB 0x0000000082e00000| Untracked 
|  11|0x0000000082f00000, 0x0000000083000000, 0x0000000083000000|100%| O|  |TAMS 0x0000000082f00000| PB 0x0000000082f00000| Untracked 
|  12|0x0000000083000000, 0x0000000083100000, 0x0000000083100000|100%| O|  |TAMS 0x0000000083000000| PB 0x0000000083000000| Untracked 
|  13|0x0000000083100000, 0x0000000083200000, 0x0000000083200000|100%| O|  |TAMS 0x0000000083100000| PB 0x0000000083100000| Untracked 
|  14|0x0000000083200000, 0x0000000083300000, 0x0000000083300000|100%| O|  |TAMS 0x0000000083200000| PB 0x0000000083200000| Untracked 
|  15|0x0000000083300000, 0x0000000083300000, 0x0000000083400000|  0%| F|  |TAMS 0x0000000083300000| PB 0x0000000083300000| Untracked 
|  16|0x0000000083400000, 0x0000000083500000, 0x0000000083500000|100%| O|  |TAMS 0x0000000083400000| PB 0x0000000083400000| Untracked 
|  17|0x0000000083500000, 0x0000000083600000, 0x0000000083600000|100%|HS|  |TAMS 0x0000000083500000| PB 0x0000000083500000| Complete 
|  18|0x0000000083600000, 0x0000000083700000, 0x0000000083700000|100%|HC|  |TAMS 0x0000000083600000| PB 0x0000000083600000| Complete 
|  19|0x0000000083700000, 0x0000000083800000, 0x0000000083800000|100%|HC|  |TAMS 0x0000000083700000| PB 0x0000000083700000| Complete 
|  20|0x0000000083800000, 0x0000000083900000, 0x0000000083900000|100%| O|  |TAMS 0x0000000083800000| PB 0x0000000083800000| Untracked 
|  21|0x0000000083900000, 0x0000000083a00000, 0x0000000083a00000|100%| O|  |TAMS 0x0000000083900000| PB 0x0000000083900000| Untracked 
|  22|0x0000000083a00000, 0x0000000083b00000, 0x0000000083b00000|100%| O|  |TAMS 0x0000000083a00000| PB 0x0000000083a00000| Untracked 
|  23|0x0000000083b00000, 0x0000000083c00000, 0x0000000083c00000|100%| O|  |TAMS 0x0000000083b00000| PB 0x0000000083b00000| Untracked 
|  24|0x0000000083c00000, 0x0000000083d00000, 0x0000000083d00000|100%| O|  |TAMS 0x0000000083c00000| PB 0x0000000083c00000| Untracked 
|  25|0x0000000083d00000, 0x0000000083e00000, 0x0000000083e00000|100%| O|  |TAMS 0x0000000083d00000| PB 0x0000000083d00000| Untracked 
|  26|0x0000000083e00000, 0x0000000083f00000, 0x0000000083f00000|100%| O|  |TAMS 0x0000000083e00000| PB 0x0000000083e00000| Untracked 
|  27|0x0000000083f00000, 0x0000000084000000, 0x0000000084000000|100%| O|  |TAMS 0x0000000083f00000| PB 0x0000000083f00000| Untracked 
|  28|0x0000000084000000, 0x0000000084100000, 0x0000000084100000|100%| O|  |TAMS 0x0000000084000000| PB 0x0000000084000000| Untracked 
|  29|0x0000000084100000, 0x0000000084200000, 0x0000000084200000|100%| O|  |TAMS 0x0000000084100000| PB 0x0000000084100000| Untracked 
|  30|0x0000000084200000, 0x0000000084300000, 0x0000000084300000|100%| O|  |TAMS 0x0000000084200000| PB 0x0000000084200000| Untracked 
|  31|0x0000000084300000, 0x0000000084400000, 0x0000000084400000|100%| O|  |TAMS 0x0000000084300000| PB 0x0000000084300000| Untracked 
|  32|0x0000000084400000, 0x0000000084500000, 0x0000000084500000|100%| O|  |TAMS 0x0000000084400000| PB 0x0000000084400000| Untracked 
|  33|0x0000000084500000, 0x0000000084600000, 0x0000000084600000|100%| O|  |TAMS 0x0000000084500000| PB 0x0000000084500000| Untracked 
|  34|0x0000000084600000, 0x0000000084700000, 0x0000000084700000|100%| O|  |TAMS 0x0000000084600000| PB 0x0000000084600000| Untracked 
|  35|0x0000000084700000, 0x0000000084800000, 0x0000000084800000|100%| O|  |TAMS 0x0000000084700000| PB 0x0000000084700000| Untracked 
|  36|0x0000000084800000, 0x0000000084900000, 0x0000000084900000|100%| O|  |TAMS 0x0000000084800000| PB 0x0000000084800000| Untracked 
|  37|0x0000000084900000, 0x0000000084a00000, 0x0000000084a00000|100%| O|  |TAMS 0x0000000084900000| PB 0x0000000084900000| Untracked 
|  38|0x0000000084a00000, 0x0000000084b00000, 0x0000000084b00000|100%| O|  |TAMS 0x0000000084a00000| PB 0x0000000084a00000| Untracked 
|  39|0x0000000084b00000, 0x0000000084c00000, 0x0000000084c00000|100%| O|  |TAMS 0x0000000084b00000| PB 0x0000000084b00000| Untracked 
|  40|0x0000000084c00000, 0x0000000084d00000, 0x0000000084d00000|100%| O|  |TAMS 0x0000000084c00000| PB 0x0000000084c00000| Untracked 
|  41|0x0000000084d00000, 0x0000000084e00000, 0x0000000084e00000|100%| O|  |TAMS 0x0000000084d00000| PB 0x0000000084d00000| Untracked 
|  42|0x0000000084e00000, 0x0000000084f00000, 0x0000000084f00000|100%|HS|  |TAMS 0x0000000084e00000| PB 0x0000000084e00000| Complete 
|  43|0x0000000084f00000, 0x0000000085000000, 0x0000000085000000|100%|HC|  |TAMS 0x0000000084f00000| PB 0x0000000084f00000| Complete 
|  44|0x0000000085000000, 0x0000000085100000, 0x0000000085100000|100%|HC|  |TAMS 0x0000000085000000| PB 0x0000000085000000| Complete 
|  45|0x0000000085100000, 0x0000000085200000, 0x0000000085200000|100%|HC|  |TAMS 0x0000000085100000| PB 0x0000000085100000| Complete 
|  46|0x0000000085200000, 0x0000000085300000, 0x0000000085300000|100%| O|  |TAMS 0x0000000085200000| PB 0x0000000085200000| Untracked 
|  47|0x0000000085300000, 0x0000000085400000, 0x0000000085400000|100%| O|  |TAMS 0x0000000085300000| PB 0x0000000085300000| Untracked 
|  48|0x0000000085400000, 0x0000000085500000, 0x0000000085500000|100%| O|  |TAMS 0x0000000085400000| PB 0x0000000085400000| Untracked 
|  49|0x0000000085500000, 0x0000000085600000, 0x0000000085600000|100%| O|  |TAMS 0x0000000085500000| PB 0x0000000085500000| Untracked 
|  50|0x0000000085600000, 0x0000000085700000, 0x0000000085700000|100%| O|  |TAMS 0x0000000085600000| PB 0x0000000085600000| Untracked 
|  51|0x0000000085700000, 0x0000000085800000, 0x0000000085800000|100%| O|  |TAMS 0x0000000085700000| PB 0x0000000085700000| Untracked 
|  52|0x0000000085800000, 0x0000000085900000, 0x0000000085900000|100%| O|  |TAMS 0x0000000085800000| PB 0x0000000085800000| Untracked 
|  53|0x0000000085900000, 0x0000000085a00000, 0x0000000085a00000|100%| O|  |TAMS 0x0000000085900000| PB 0x0000000085900000| Untracked 
|  54|0x0000000085a00000, 0x0000000085b00000, 0x0000000085b00000|100%| O|  |TAMS 0x0000000085a00000| PB 0x0000000085a00000| Untracked 
|  55|0x0000000085b00000, 0x0000000085c00000, 0x0000000085c00000|100%| O|  |TAMS 0x0000000085b00000| PB 0x0000000085b00000| Untracked 
|  56|0x0000000085c00000, 0x0000000085c00000, 0x0000000085d00000|  0%| F|  |TAMS 0x0000000085c00000| PB 0x0000000085c00000| Untracked 
|  57|0x0000000085d00000, 0x0000000085e00000, 0x0000000085e00000|100%| O|  |TAMS 0x0000000085d00000| PB 0x0000000085d00000| Untracked 
|  58|0x0000000085e00000, 0x0000000085f00000, 0x0000000085f00000|100%| O|  |TAMS 0x0000000085e00000| PB 0x0000000085e00000| Untracked 
|  59|0x0000000085f00000, 0x0000000085f00000, 0x0000000086000000|  0%| F|  |TAMS 0x0000000085f00000| PB 0x0000000085f00000| Untracked 
|  60|0x0000000086000000, 0x0000000086100000, 0x0000000086100000|100%| O|  |TAMS 0x0000000086000000| PB 0x0000000086000000| Untracked 
|  61|0x0000000086100000, 0x0000000086200000, 0x0000000086200000|100%| O|  |TAMS 0x0000000086100000| PB 0x0000000086100000| Untracked 
|  62|0x0000000086200000, 0x0000000086300000, 0x0000000086300000|100%| O|  |TAMS 0x0000000086200000| PB 0x0000000086200000| Untracked 
|  63|0x0000000086300000, 0x0000000086400000, 0x0000000086400000|100%| O|  |TAMS 0x0000000086300000| PB 0x0000000086300000| Untracked 
|  64|0x0000000086400000, 0x0000000086500000, 0x0000000086500000|100%| O|  |TAMS 0x0000000086400000| PB 0x0000000086400000| Untracked 
|  65|0x0000000086500000, 0x0000000086600000, 0x0000000086600000|100%| O|  |TAMS 0x0000000086500000| PB 0x0000000086500000| Untracked 
|  66|0x0000000086600000, 0x0000000086700000, 0x0000000086700000|100%| O|  |TAMS 0x0000000086600000| PB 0x0000000086600000| Untracked 
|  67|0x0000000086700000, 0x0000000086700000, 0x0000000086800000|  0%| F|  |TAMS 0x0000000086700000| PB 0x0000000086700000| Untracked 
|  68|0x0000000086800000, 0x0000000086800000, 0x0000000086900000|  0%| F|  |TAMS 0x0000000086800000| PB 0x0000000086800000| Untracked 
|  69|0x0000000086900000, 0x0000000086900000, 0x0000000086a00000|  0%| F|  |TAMS 0x0000000086900000| PB 0x0000000086900000| Untracked 
|  70|0x0000000086a00000, 0x0000000086a00000, 0x0000000086b00000|  0%| F|  |TAMS 0x0000000086a00000| PB 0x0000000086a00000| Untracked 
|  71|0x0000000086b00000, 0x0000000086b00000, 0x0000000086c00000|  0%| F|  |TAMS 0x0000000086b00000| PB 0x0000000086b00000| Untracked 
|  72|0x0000000086c00000, 0x0000000086c00000, 0x0000000086d00000|  0%| F|  |TAMS 0x0000000086c00000| PB 0x0000000086c00000| Untracked 
|  73|0x0000000086d00000, 0x0000000086e00000, 0x0000000086e00000|100%| O|  |TAMS 0x0000000086d00000| PB 0x0000000086d00000| Untracked 
|  74|0x0000000086e00000, 0x0000000086f00000, 0x0000000086f00000|100%| O|  |TAMS 0x0000000086e00000| PB 0x0000000086e00000| Untracked 
|  75|0x0000000086f00000, 0x0000000087000000, 0x0000000087000000|100%| O|  |TAMS 0x0000000086f00000| PB 0x0000000086f00000| Untracked 
|  76|0x0000000087000000, 0x00000000870824a0, 0x0000000087100000| 50%| O|  |TAMS 0x0000000087000000| PB 0x0000000087000000| Untracked 
|  77|0x0000000087100000, 0x0000000087100000, 0x0000000087200000|  0%| F|  |TAMS 0x0000000087100000| PB 0x0000000087100000| Untracked 
|  78|0x0000000087200000, 0x0000000087200000, 0x0000000087300000|  0%| F|  |TAMS 0x0000000087200000| PB 0x0000000087200000| Untracked 
|  79|0x0000000087300000, 0x0000000087300000, 0x0000000087400000|  0%| F|  |TAMS 0x0000000087300000| PB 0x0000000087300000| Untracked 
|  80|0x0000000087400000, 0x0000000087400000, 0x0000000087500000|  0%| F|  |TAMS 0x0000000087400000| PB 0x0000000087400000| Untracked 
|  81|0x0000000087500000, 0x0000000087500000, 0x0000000087600000|  0%| F|  |TAMS 0x0000000087500000| PB 0x0000000087500000| Untracked 
|  82|0x0000000087600000, 0x00000000876579e0, 0x0000000087700000| 34%| S|CS|TAMS 0x0000000087600000| PB 0x0000000087600000| Complete 
|  83|0x0000000087700000, 0x0000000087800000, 0x0000000087800000|100%| S|CS|TAMS 0x0000000087700000| PB 0x0000000087700000| Complete 
|  84|0x0000000087800000, 0x0000000087900000, 0x0000000087900000|100%| S|CS|TAMS 0x0000000087800000| PB 0x0000000087800000| Complete 
|  85|0x0000000087900000, 0x0000000087a00000, 0x0000000087a00000|100%| S|CS|TAMS 0x0000000087900000| PB 0x0000000087900000| Complete 
|  86|0x0000000087a00000, 0x0000000087b00000, 0x0000000087b00000|100%| S|CS|TAMS 0x0000000087a00000| PB 0x0000000087a00000| Complete 
|  87|0x0000000087b00000, 0x0000000087c00000, 0x0000000087c00000|100%| S|CS|TAMS 0x0000000087b00000| PB 0x0000000087b00000| Complete 
|  88|0x0000000087c00000, 0x0000000087d00000, 0x0000000087d00000|100%| S|CS|TAMS 0x0000000087c00000| PB 0x0000000087c00000| Complete 
|  89|0x0000000087d00000, 0x0000000087d00000, 0x0000000087e00000|  0%| F|  |TAMS 0x0000000087d00000| PB 0x0000000087d00000| Untracked 
|  90|0x0000000087e00000, 0x0000000087e00000, 0x0000000087f00000|  0%| F|  |TAMS 0x0000000087e00000| PB 0x0000000087e00000| Untracked 
|  91|0x0000000087f00000, 0x0000000087f00000, 0x0000000088000000|  0%| F|  |TAMS 0x0000000087f00000| PB 0x0000000087f00000| Untracked 
|  92|0x0000000088000000, 0x0000000088000000, 0x0000000088100000|  0%| F|  |TAMS 0x0000000088000000| PB 0x0000000088000000| Untracked 
|  93|0x0000000088100000, 0x0000000088100000, 0x0000000088200000|  0%| F|  |TAMS 0x0000000088100000| PB 0x0000000088100000| Untracked 
|  94|0x0000000088200000, 0x0000000088200000, 0x0000000088300000|  0%| F|  |TAMS 0x0000000088200000| PB 0x0000000088200000| Untracked 
|  95|0x0000000088300000, 0x0000000088300000, 0x0000000088400000|  0%| F|  |TAMS 0x0000000088300000| PB 0x0000000088300000| Untracked 
|  96|0x0000000088400000, 0x0000000088400000, 0x0000000088500000|  0%| F|  |TAMS 0x0000000088400000| PB 0x0000000088400000| Untracked 
|  97|0x0000000088500000, 0x0000000088500000, 0x0000000088600000|  0%| F|  |TAMS 0x0000000088500000| PB 0x0000000088500000| Untracked 
|  98|0x0000000088600000, 0x0000000088600000, 0x0000000088700000|  0%| F|  |TAMS 0x0000000088600000| PB 0x0000000088600000| Untracked 
|  99|0x0000000088700000, 0x0000000088700000, 0x0000000088800000|  0%| F|  |TAMS 0x0000000088700000| PB 0x0000000088700000| Untracked 
| 100|0x0000000088800000, 0x0000000088800000, 0x0000000088900000|  0%| F|  |TAMS 0x0000000088800000| PB 0x0000000088800000| Untracked 
| 101|0x0000000088900000, 0x0000000088900000, 0x0000000088a00000|  0%| F|  |TAMS 0x0000000088900000| PB 0x0000000088900000| Untracked 
| 102|0x0000000088a00000, 0x0000000088a00000, 0x0000000088b00000|  0%| F|  |TAMS 0x0000000088a00000| PB 0x0000000088a00000| Untracked 
| 103|0x0000000088b00000, 0x0000000088b00000, 0x0000000088c00000|  0%| F|  |TAMS 0x0000000088b00000| PB 0x0000000088b00000| Untracked 
| 104|0x0000000088c00000, 0x0000000088c00000, 0x0000000088d00000|  0%| F|  |TAMS 0x0000000088c00000| PB 0x0000000088c00000| Untracked 
| 105|0x0000000088d00000, 0x0000000088d00000, 0x0000000088e00000|  0%| F|  |TAMS 0x0000000088d00000| PB 0x0000000088d00000| Untracked 
| 106|0x0000000088e00000, 0x0000000088e00000, 0x0000000088f00000|  0%| F|  |TAMS 0x0000000088e00000| PB 0x0000000088e00000| Untracked 
| 107|0x0000000088f00000, 0x0000000088f00000, 0x0000000089000000|  0%| F|  |TAMS 0x0000000088f00000| PB 0x0000000088f00000| Untracked 
| 108|0x0000000089000000, 0x0000000089000000, 0x0000000089100000|  0%| F|  |TAMS 0x0000000089000000| PB 0x0000000089000000| Untracked 
| 109|0x0000000089100000, 0x0000000089100000, 0x0000000089200000|  0%| F|  |TAMS 0x0000000089100000| PB 0x0000000089100000| Untracked 
| 110|0x0000000089200000, 0x0000000089200000, 0x0000000089300000|  0%| F|  |TAMS 0x0000000089200000| PB 0x0000000089200000| Untracked 
| 111|0x0000000089300000, 0x0000000089300000, 0x0000000089400000|  0%| F|  |TAMS 0x0000000089300000| PB 0x0000000089300000| Untracked 
| 112|0x0000000089400000, 0x0000000089400000, 0x0000000089500000|  0%| F|  |TAMS 0x0000000089400000| PB 0x0000000089400000| Untracked 
| 113|0x0000000089500000, 0x0000000089500000, 0x0000000089600000|  0%| F|  |TAMS 0x0000000089500000| PB 0x0000000089500000| Untracked 
| 114|0x0000000089600000, 0x0000000089600000, 0x0000000089700000|  0%| F|  |TAMS 0x0000000089600000| PB 0x0000000089600000| Untracked 
| 115|0x0000000089700000, 0x0000000089700000, 0x0000000089800000|  0%| F|  |TAMS 0x0000000089700000| PB 0x0000000089700000| Untracked 
| 116|0x0000000089800000, 0x0000000089800000, 0x0000000089900000|  0%| F|  |TAMS 0x0000000089800000| PB 0x0000000089800000| Untracked 
| 117|0x0000000089900000, 0x0000000089900000, 0x0000000089a00000|  0%| F|  |TAMS 0x0000000089900000| PB 0x0000000089900000| Untracked 
| 118|0x0000000089a00000, 0x0000000089a00000, 0x0000000089b00000|  0%| F|  |TAMS 0x0000000089a00000| PB 0x0000000089a00000| Untracked 
| 119|0x0000000089b00000, 0x0000000089b00000, 0x0000000089c00000|  0%| F|  |TAMS 0x0000000089b00000| PB 0x0000000089b00000| Untracked 
| 120|0x0000000089c00000, 0x0000000089c00000, 0x0000000089d00000|  0%| F|  |TAMS 0x0000000089c00000| PB 0x0000000089c00000| Untracked 
| 121|0x0000000089d00000, 0x0000000089d00000, 0x0000000089e00000|  0%| F|  |TAMS 0x0000000089d00000| PB 0x0000000089d00000| Untracked 
| 122|0x0000000089e00000, 0x0000000089e00000, 0x0000000089f00000|  0%| F|  |TAMS 0x0000000089e00000| PB 0x0000000089e00000| Untracked 
| 123|0x0000000089f00000, 0x0000000089f00000, 0x000000008a000000|  0%| F|  |TAMS 0x0000000089f00000| PB 0x0000000089f00000| Untracked 
| 124|0x000000008a000000, 0x000000008a000000, 0x000000008a100000|  0%| F|  |TAMS 0x000000008a000000| PB 0x000000008a000000| Untracked 
| 125|0x000000008a100000, 0x000000008a100000, 0x000000008a200000|  0%| F|  |TAMS 0x000000008a100000| PB 0x000000008a100000| Untracked 
| 126|0x000000008a200000, 0x000000008a200000, 0x000000008a300000|  0%| F|  |TAMS 0x000000008a200000| PB 0x000000008a200000| Untracked 
| 127|0x000000008a300000, 0x000000008a300000, 0x000000008a400000|  0%| F|  |TAMS 0x000000008a300000| PB 0x000000008a300000| Untracked 
| 128|0x000000008a400000, 0x000000008a400000, 0x000000008a500000|  0%| F|  |TAMS 0x000000008a400000| PB 0x000000008a400000| Untracked 
| 129|0x000000008a500000, 0x000000008a500000, 0x000000008a600000|  0%| F|  |TAMS 0x000000008a500000| PB 0x000000008a500000| Untracked 
| 130|0x000000008a600000, 0x000000008a600000, 0x000000008a700000|  0%| F|  |TAMS 0x000000008a600000| PB 0x000000008a600000| Untracked 
| 131|0x000000008a700000, 0x000000008a700000, 0x000000008a800000|  0%| F|  |TAMS 0x000000008a700000| PB 0x000000008a700000| Untracked 
| 132|0x000000008a800000, 0x000000008a800000, 0x000000008a900000|  0%| F|  |TAMS 0x000000008a800000| PB 0x000000008a800000| Untracked 
| 133|0x000000008a900000, 0x000000008a900000, 0x000000008aa00000|  0%| F|  |TAMS 0x000000008a900000| PB 0x000000008a900000| Untracked 
| 134|0x000000008aa00000, 0x000000008aa00000, 0x000000008ab00000|  0%| F|  |TAMS 0x000000008aa00000| PB 0x000000008aa00000| Untracked 
| 135|0x000000008ab00000, 0x000000008ab00000, 0x000000008ac00000|  0%| F|  |TAMS 0x000000008ab00000| PB 0x000000008ab00000| Untracked 
| 136|0x000000008ac00000, 0x000000008ac00000, 0x000000008ad00000|  0%| F|  |TAMS 0x000000008ac00000| PB 0x000000008ac00000| Untracked 
| 137|0x000000008ad00000, 0x000000008ad00000, 0x000000008ae00000|  0%| F|  |TAMS 0x000000008ad00000| PB 0x000000008ad00000| Untracked 
| 138|0x000000008ae00000, 0x000000008ae00000, 0x000000008af00000|  0%| F|  |TAMS 0x000000008ae00000| PB 0x000000008ae00000| Untracked 
| 139|0x000000008af00000, 0x000000008af00000, 0x000000008b000000|  0%| F|  |TAMS 0x000000008af00000| PB 0x000000008af00000| Untracked 
| 140|0x000000008b000000, 0x000000008b000000, 0x000000008b100000|  0%| F|  |TAMS 0x000000008b000000| PB 0x000000008b000000| Untracked 
| 141|0x000000008b100000, 0x000000008b100000, 0x000000008b200000|  0%| F|  |TAMS 0x000000008b100000| PB 0x000000008b100000| Untracked 
| 142|0x000000008b200000, 0x000000008b200000, 0x000000008b300000|  0%| F|  |TAMS 0x000000008b200000| PB 0x000000008b200000| Untracked 
| 143|0x000000008b300000, 0x000000008b300000, 0x000000008b400000|  0%| F|  |TAMS 0x000000008b300000| PB 0x000000008b300000| Untracked 
| 144|0x000000008b400000, 0x000000008b400000, 0x000000008b500000|  0%| F|  |TAMS 0x000000008b400000| PB 0x000000008b400000| Untracked 
| 145|0x000000008b500000, 0x000000008b500000, 0x000000008b600000|  0%| F|  |TAMS 0x000000008b500000| PB 0x000000008b500000| Untracked 
| 146|0x000000008b600000, 0x000000008b600000, 0x000000008b700000|  0%| F|  |TAMS 0x000000008b600000| PB 0x000000008b600000| Untracked 
| 147|0x000000008b700000, 0x000000008b700000, 0x000000008b800000|  0%| F|  |TAMS 0x000000008b700000| PB 0x000000008b700000| Untracked 
| 148|0x000000008b800000, 0x000000008b800000, 0x000000008b900000|  0%| F|  |TAMS 0x000000008b800000| PB 0x000000008b800000| Untracked 
| 149|0x000000008b900000, 0x000000008b900000, 0x000000008ba00000|  0%| F|  |TAMS 0x000000008b900000| PB 0x000000008b900000| Untracked 
| 150|0x000000008ba00000, 0x000000008ba00000, 0x000000008bb00000|  0%| F|  |TAMS 0x000000008ba00000| PB 0x000000008ba00000| Untracked 
| 151|0x000000008bb00000, 0x000000008bb00000, 0x000000008bc00000|  0%| F|  |TAMS 0x000000008bb00000| PB 0x000000008bb00000| Untracked 
| 152|0x000000008bc00000, 0x000000008bc00000, 0x000000008bd00000|  0%| F|  |TAMS 0x000000008bc00000| PB 0x000000008bc00000| Untracked 
| 153|0x000000008bd00000, 0x000000008bd00000, 0x000000008be00000|  0%| F|  |TAMS 0x000000008bd00000| PB 0x000000008bd00000| Untracked 
| 154|0x000000008be00000, 0x000000008be00000, 0x000000008bf00000|  0%| F|  |TAMS 0x000000008be00000| PB 0x000000008be00000| Untracked 
| 155|0x000000008bf00000, 0x000000008bf00000, 0x000000008c000000|  0%| F|  |TAMS 0x000000008bf00000| PB 0x000000008bf00000| Untracked 
| 156|0x000000008c000000, 0x000000008c000000, 0x000000008c100000|  0%| F|  |TAMS 0x000000008c000000| PB 0x000000008c000000| Untracked 
| 157|0x000000008c100000, 0x000000008c100000, 0x000000008c200000|  0%| F|  |TAMS 0x000000008c100000| PB 0x000000008c100000| Untracked 
| 158|0x000000008c200000, 0x000000008c200000, 0x000000008c300000|  0%| F|  |TAMS 0x000000008c200000| PB 0x000000008c200000| Untracked 
| 159|0x000000008c300000, 0x000000008c300000, 0x000000008c400000|  0%| F|  |TAMS 0x000000008c300000| PB 0x000000008c300000| Untracked 
| 160|0x000000008c400000, 0x000000008c400000, 0x000000008c500000|  0%| F|  |TAMS 0x000000008c400000| PB 0x000000008c400000| Untracked 
| 161|0x000000008c500000, 0x000000008c500000, 0x000000008c600000|  0%| F|  |TAMS 0x000000008c500000| PB 0x000000008c500000| Untracked 
|1995|0x00000000fef00000, 0x00000000ff000000, 0x00000000ff000000|100%| O|  |TAMS 0x00000000fef00000| PB 0x00000000fef00000| Untracked 
|1996|0x00000000ff000000, 0x00000000ff000000, 0x00000000ff100000|  0%| F|  |TAMS 0x00000000ff000000| PB 0x00000000ff000000| Untracked 
|1997|0x00000000ff100000, 0x00000000ff100000, 0x00000000ff200000|  0%| F|  |TAMS 0x00000000ff100000| PB 0x00000000ff100000| Untracked 
|1998|0x00000000ff200000, 0x00000000ff200000, 0x00000000ff300000|  0%| F|  |TAMS 0x00000000ff200000| PB 0x00000000ff200000| Untracked 
|1999|0x00000000ff300000, 0x00000000ff300000, 0x00000000ff400000|  0%| F|  |TAMS 0x00000000ff300000| PB 0x00000000ff300000| Untracked 
|2000|0x00000000ff400000, 0x00000000ff400000, 0x00000000ff500000|  0%| F|  |TAMS 0x00000000ff400000| PB 0x00000000ff400000| Untracked 
|2001|0x00000000ff500000, 0x00000000ff500000, 0x00000000ff600000|  0%| F|  |TAMS 0x00000000ff500000| PB 0x00000000ff500000| Untracked 
|2002|0x00000000ff600000, 0x00000000ff600000, 0x00000000ff700000|  0%| F|  |TAMS 0x00000000ff600000| PB 0x00000000ff600000| Untracked 
|2003|0x00000000ff700000, 0x00000000ff700000, 0x00000000ff800000|  0%| F|  |TAMS 0x00000000ff700000| PB 0x00000000ff700000| Untracked 
|2004|0x00000000ff800000, 0x00000000ff900000, 0x00000000ff900000|100%| O|  |TAMS 0x00000000ff800000| PB 0x00000000ff800000| Untracked 
|2005|0x00000000ff900000, 0x00000000ffa00000, 0x00000000ffa00000|100%| O|  |TAMS 0x00000000ff900000| PB 0x00000000ff900000| Untracked 
|2006|0x00000000ffa00000, 0x00000000ffb00000, 0x00000000ffb00000|100%| O|  |TAMS 0x00000000ffa00000| PB 0x00000000ffa00000| Untracked 
|2007|0x00000000ffb00000, 0x00000000ffc00000, 0x00000000ffc00000|100%| O|  |TAMS 0x00000000ffb00000| PB 0x00000000ffb00000| Untracked 
|2008|0x00000000ffc00000, 0x00000000ffc00000, 0x00000000ffd00000|  0%| F|  |TAMS 0x00000000ffc00000| PB 0x00000000ffc00000| Untracked 
|2009|0x00000000ffd00000, 0x00000000ffd00000, 0x00000000ffe00000|  0%| F|  |TAMS 0x00000000ffd00000| PB 0x00000000ffd00000| Untracked 
|2010|0x00000000ffe00000, 0x00000000ffe00000, 0x00000000fff00000|  0%| F|  |TAMS 0x00000000ffe00000| PB 0x00000000ffe00000| Untracked 
|2011|0x00000000fff00000, 0x00000000fff80000, 0x0000000100000000| 50%| E|  |TAMS 0x00000000fff00000| PB 0x00000000fff00000| Complete 

Card table byte_map: [0x000001aca9be0000,0x000001aca9fd0000] _byte_map_base: 0x000001aca97ce000

Marking Bits: (CMBitMap*) 0x000001ac9206d2d0
 Bits: [0x000001aca9fd0000, 0x000001acabf40000)

Polling page: 0x000001ac8fce0000

Metaspace:

Usage:
  Non-class:     73.30 MB used.
      Class:      9.35 MB used.
       Both:     82.64 MB used.

Virtual space:
  Non-class space:      128.00 MB reserved,      73.88 MB ( 58%) committed,  2 nodes.
      Class space:        1.00 GB reserved,       9.88 MB ( <1%) committed,  1 nodes.
             Both:        1.12 GB reserved,      83.75 MB (  7%) committed. 

Chunk freelists:
   Non-Class:  6.11 MB
       Class:  6.14 MB
        Both:  12.25 MB

MaxMetaspaceSize: unlimited
CompressedClassSpaceSize: 1.00 GB
Initial GC threshold: 21.00 MB
Current GC threshold: 101.19 MB
CDS: on
 - commit_granule_bytes: 65536.
 - commit_granule_words: 8192.
 - virtual_space_node_default_size: 8388608.
 - enlarge_chunks_in_place: 1.
 - use_allocation_guard: 0.


Internal statistics:

num_allocs_failed_limit: 15.
num_arena_births: 1744.
num_arena_deaths: 0.
num_vsnodes_births: 3.
num_vsnodes_deaths: 0.
num_space_committed: 1338.
num_space_uncommitted: 0.
num_chunks_returned_to_freelist: 15.
num_chunks_taken_from_freelist: 5144.
num_chunk_merges: 15.
num_chunk_splits: 3740.
num_chunks_enlarged: 2742.
num_inconsistent_stats: 0.

CodeHeap 'non-profiled nmethods': size=120000Kb used=9644Kb max_used=9644Kb free=110355Kb
 bounds [0x000001aca1f90000, 0x000001aca2900000, 0x000001aca94c0000]
CodeHeap 'profiled nmethods': size=120000Kb used=42268Kb max_used=42268Kb free=77731Kb
 bounds [0x000001ac9a4c0000, 0x000001ac9ce10000, 0x000001aca19f0000]
CodeHeap 'non-nmethods': size=5760Kb used=1682Kb max_used=1781Kb free=4077Kb
 bounds [0x000001aca19f0000, 0x000001aca1c60000, 0x000001aca1f90000]
 total_blobs=16573 nmethods=15868 adapters=607
 compilation: enabled
              stopped_count=0, restarted_count=0
 full_count=0

Compilation events (20 events):
Event: 23.930 Thread 0x000001acae9b73c0 nmethod 18111 0x000001ac9cd53210 code [0x000001ac9cd53860, 0x000001ac9cd56ee0]
Event: 23.930 Thread 0x000001acae9acaf0 nmethod 18096 0x000001aca28ecd90 code [0x000001aca28ecfa0, 0x000001aca28edb78]
Event: 23.931 Thread 0x000001acae9b73c0 18118       3       org.jetbrains.kotlin.resolve.calls.checkers.AssigningNamedArgumentToVarargChecker::check (150 bytes)
Event: 23.932 Thread 0x000001acae9acaf0 18123       4       org.jetbrains.kotlin.types.FlexibleType::isMarkedNullable (8 bytes)
Event: 23.933 Thread 0x000001acae9b73c0 nmethod 18118 0x000001ac9cd58010 code [0x000001ac9cd585a0, 0x000001ac9cd5b148]
Event: 23.935 Thread 0x000001acae9b73c0 18124       3       org.jetbrains.kotlin.psi.KtPsiUtil::deparenthesizeOnce (68 bytes)
Event: 23.936 Thread 0x000001acae9acaf0 nmethod 18123 0x000001aca28ee210 code [0x000001aca28ee3c0, 0x000001aca28ee558]
Event: 23.936 Thread 0x000001acae9b73c0 nmethod 18124 0x000001ac9cd5bf10 code [0x000001ac9cd5c360, 0x000001ac9cd5eb10]
Event: 23.936 Thread 0x000001acae9acaf0 18104       4       org.jetbrains.kotlin.resolve.calls.components.candidate.ResolutionCandidate::processParts (188 bytes)
Event: 23.937 Thread 0x000001acae9b73c0 18120       3       org.jetbrains.kotlin.resolve.calls.checkers.ImplicitNothingAsTypeParameterCallChecker::checkByReturnPositionWithoutExpected (596 bytes)
Event: 23.947 Thread 0x000001acae9b73c0 nmethod 18120 0x000001ac9cd5f210 code [0x000001ac9cd60020, 0x000001ac9cd68868]
Event: 23.947 Thread 0x000001acae9b73c0 18115       3       org.jetbrains.kotlin.resolve.checkers.MissingDependencyClassChecker::collectDiagnostics (163 bytes)
Event: 23.948 Thread 0x000001acae9b73c0 nmethod 18115 0x000001ac9cd6b790 code [0x000001ac9cd6bac0, 0x000001ac9cd6caa0]
Event: 23.948 Thread 0x000001acae9b73c0 18112       3       org.jetbrains.kotlin.resolve.calls.checkers.DslScopeViolationCallChecker::check (212 bytes)
Event: 23.951 Thread 0x000001acae9b73c0 nmethod 18112 0x000001ac9cd6cf90 code [0x000001ac9cd6d4e0, 0x000001ac9cd6ff28]
Event: 23.951 Thread 0x000001acae9b73c0 18110       3       org.jetbrains.kotlin.resolve.calls.checkers.CoroutineSuspendCallChecker::check (469 bytes)
Event: 23.959 Thread 0x000001acae9b73c0 nmethod 18110 0x000001ac9cd70e10 code [0x000001ac9cd71960, 0x000001ac9cd78640]
Event: 23.959 Thread 0x000001acae9b73c0 18128       3       org.jetbrains.kotlin.resolve.OverridingUtil::determineModalityForFakeOverride (315 bytes)
Event: 23.961 Thread 0x000001acae9b73c0 nmethod 18128 0x000001ac9cd7a690 code [0x000001ac9cd7ab60, 0x000001ac9cd7cc90]
Event: 23.961 Thread 0x000001acae9b73c0 18129       3       org.jetbrains.kotlin.resolve.OverridingUtil::selectMostSpecificMember (324 bytes)

GC Heap History (20 events):
Event: 11.542 GC heap before
{Heap before GC invocations=9 (full 0):
 garbage-first heap   total 150528K, used 123904K [0x0000000082400000, 0x0000000100000000)
  region size 1024K, 71 young (72704K), 2 survivors (2048K)
 Metaspace       used 30629K, committed 31104K, reserved 1114112K
  class space    used 3353K, committed 3584K, reserved 1048576K
}
Event: 11.548 GC heap after
{Heap after GC invocations=10 (full 0):
 garbage-first heap   total 150528K, used 54272K [0x0000000082400000, 0x0000000100000000)
  region size 1024K, 3 young (3072K), 3 survivors (3072K)
 Metaspace       used 30629K, committed 31104K, reserved 1114112K
  class space    used 3353K, committed 3584K, reserved 1048576K
}
Event: 12.717 GC heap before
{Heap before GC invocations=10 (full 0):
 garbage-first heap   total 150528K, used 126976K [0x0000000082400000, 0x0000000100000000)
  region size 1024K, 74 young (75776K), 3 survivors (3072K)
 Metaspace       used 32535K, committed 33088K, reserved 1114112K
  class space    used 3577K, committed 3840K, reserved 1048576K
}
Event: 12.728 GC heap after
{Heap after GC invocations=11 (full 0):
 garbage-first heap   total 150528K, used 56320K [0x0000000082400000, 0x0000000100000000)
  region size 1024K, 5 young (5120K), 5 survivors (5120K)
 Metaspace       used 32535K, committed 33088K, reserved 1114112K
  class space    used 3577K, committed 3840K, reserved 1048576K
}
Event: 14.368 GC heap before
{Heap before GC invocations=11 (full 0):
 garbage-first heap   total 150528K, used 130048K [0x0000000082400000, 0x0000000100000000)
  region size 1024K, 77 young (78848K), 5 survivors (5120K)
 Metaspace       used 33588K, committed 34112K, reserved 1114112K
  class space    used 3645K, committed 3904K, reserved 1048576K
}
Event: 14.386 GC heap after
{Heap after GC invocations=12 (full 0):
 garbage-first heap   total 150528K, used 59160K [0x0000000082400000, 0x0000000100000000)
  region size 1024K, 8 young (8192K), 8 survivors (8192K)
 Metaspace       used 33588K, committed 34112K, reserved 1114112K
  class space    used 3645K, committed 3904K, reserved 1048576K
}
Event: 15.113 GC heap before
{Heap before GC invocations=12 (full 0):
 garbage-first heap   total 150528K, used 99096K [0x0000000082400000, 0x0000000100000000)
  region size 1024K, 36 young (36864K), 8 survivors (8192K)
 Metaspace       used 35915K, committed 36480K, reserved 1114112K
  class space    used 3803K, committed 4096K, reserved 1048576K
}
Event: 15.133 GC heap after
{Heap after GC invocations=13 (full 0):
 garbage-first heap   total 150528K, used 66267K [0x0000000082400000, 0x0000000100000000)
  region size 1024K, 5 young (5120K), 5 survivors (5120K)
 Metaspace       used 35915K, committed 36480K, reserved 1114112K
  class space    used 3803K, committed 4096K, reserved 1048576K
}
Event: 16.875 GC heap before
{Heap before GC invocations=14 (full 0):
 garbage-first heap   total 150528K, used 135899K [0x0000000082400000, 0x0000000100000000)
  region size 1024K, 72 young (73728K), 5 survivors (5120K)
 Metaspace       used 49887K, committed 50624K, reserved 1114112K
  class space    used 5807K, committed 6144K, reserved 1048576K
}
Event: 16.885 GC heap after
{Heap after GC invocations=15 (full 0):
 garbage-first heap   total 150528K, used 72450K [0x0000000082400000, 0x0000000100000000)
  region size 1024K, 9 young (9216K), 9 survivors (9216K)
 Metaspace       used 49887K, committed 50624K, reserved 1114112K
  class space    used 5807K, committed 6144K, reserved 1048576K
}
Event: 17.909 GC heap before
{Heap before GC invocations=15 (full 0):
 garbage-first heap   total 150528K, used 131842K [0x0000000082400000, 0x0000000100000000)
  region size 1024K, 67 young (68608K), 9 survivors (9216K)
 Metaspace       used 56418K, committed 57152K, reserved 1114112K
  class space    used 6695K, committed 7040K, reserved 1048576K
}
Event: 17.928 GC heap after
{Heap after GC invocations=16 (full 0):
 garbage-first heap   total 152576K, used 70481K [0x0000000082400000, 0x0000000100000000)
  region size 1024K, 9 young (9216K), 9 survivors (9216K)
 Metaspace       used 56418K, committed 57152K, reserved 1114112K
  class space    used 6695K, committed 7040K, reserved 1048576K
}
Event: 18.336 GC heap before
{Heap before GC invocations=16 (full 0):
 garbage-first heap   total 152576K, used 99153K [0x0000000082400000, 0x0000000100000000)
  region size 1024K, 38 young (38912K), 9 survivors (9216K)
 Metaspace       used 61127K, committed 61888K, reserved 1114112K
  class space    used 7114K, committed 7488K, reserved 1048576K
}
Event: 18.344 GC heap after
{Heap after GC invocations=17 (full 0):
 garbage-first heap   total 152576K, used 74736K [0x0000000082400000, 0x0000000100000000)
  region size 1024K, 4 young (4096K), 4 survivors (4096K)
 Metaspace       used 61127K, committed 61888K, reserved 1114112K
  class space    used 7114K, committed 7488K, reserved 1048576K
}
Event: 19.226 GC heap before
{Heap before GC invocations=18 (full 0):
 garbage-first heap   total 152576K, used 132080K [0x0000000082400000, 0x0000000100000000)
  region size 1024K, 62 young (63488K), 4 survivors (4096K)
 Metaspace       used 67996K, committed 69120K, reserved 1114112K
  class space    used 8013K, committed 8576K, reserved 1048576K
}
Event: 19.235 GC heap after
{Heap after GC invocations=19 (full 0):
 garbage-first heap   total 152576K, used 76800K [0x0000000082400000, 0x0000000100000000)
  region size 1024K, 8 young (8192K), 8 survivors (8192K)
 Metaspace       used 67996K, committed 69120K, reserved 1114112K
  class space    used 8013K, committed 8576K, reserved 1048576K
}
Event: 20.216 GC heap before
{Heap before GC invocations=19 (full 0):
 garbage-first heap   total 152576K, used 135168K [0x0000000082400000, 0x0000000100000000)
  region size 1024K, 65 young (66560K), 8 survivors (8192K)
 Metaspace       used 73544K, committed 74624K, reserved 1179648K
  class space    used 8631K, committed 9152K, reserved 1048576K
}
Event: 20.230 GC heap after
{Heap after GC invocations=20 (full 0):
 garbage-first heap   total 152576K, used 66835K [0x0000000082400000, 0x0000000100000000)
  region size 1024K, 5 young (5120K), 5 survivors (5120K)
 Metaspace       used 73544K, committed 74624K, reserved 1179648K
  class space    used 8631K, committed 9152K, reserved 1048576K
}
Event: 21.868 GC heap before
{Heap before GC invocations=20 (full 0):
 garbage-first heap   total 152576K, used 134419K [0x0000000082400000, 0x0000000100000000)
  region size 1024K, 71 young (72704K), 5 survivors (5120K)
 Metaspace       used 80571K, committed 81792K, reserved 1179648K
  class space    used 9342K, committed 9920K, reserved 1048576K
}
Event: 21.884 GC heap after
{Heap after GC invocations=21 (full 0):
 garbage-first heap   total 183296K, used 74150K [0x0000000082400000, 0x0000000100000000)
  region size 1024K, 8 young (8192K), 8 survivors (8192K)
 Metaspace       used 80571K, committed 81792K, reserved 1179648K
  class space    used 9342K, committed 9920K, reserved 1048576K
}

Dll operation events (8 events):
Event: 0.006 Loaded shared library D:\mailon\Java\jdk-21.0.10\bin\java.dll
Event: 0.030 Loaded shared library D:\mailon\Java\jdk-21.0.10\bin\jsvml.dll
Event: 0.055 Loaded shared library D:\mailon\Java\jdk-21.0.10\bin\net.dll
Event: 0.057 Loaded shared library D:\mailon\Java\jdk-21.0.10\bin\nio.dll
Event: 0.103 Loaded shared library D:\mailon\Java\jdk-21.0.10\bin\zip.dll
Event: 0.942 Loaded shared library D:\mailon\Java\jdk-21.0.10\bin\jimage.dll
Event: 0.943 Loaded shared library D:\mailon\Usuario\Desktop\apache-maven-3.9.14-bin (1)\apache-maven-3.9.14\lib\jansi-native\Windows\x86_64\jansi.dll
Event: 0.955 Loaded shared library D:\mailon\Java\jdk-21.0.10\bin\verify.dll

Deoptimization events (20 events):
Event: 23.687 Thread 0x000001ac8fd234c0 Uncommon trap: trap_request=0xffffffc6 fr.pc=0x000001aca28a1e5c relative=0x000000000000069c
Event: 23.687 Thread 0x000001ac8fd234c0 Uncommon trap: reason=bimorphic_or_optimized_type_check action=maybe_recompile pc=0x000001aca28a1e5c method=org.jetbrains.kotlin.types.checker.ClassicTypeSystemContext$DefaultImpls.typeDepth(Lorg/jetbrains/kotlin/types/checker/ClassicTypeSystemContext;Lor
Event: 23.687 Thread 0x000001ac8fd234c0 DEOPT PACKING pc=0x000001aca28a1e5c sp=0x00000002132f9fc0
Event: 23.687 Thread 0x000001ac8fd234c0 DEOPT UNPACKING pc=0x000001aca1a446a2 sp=0x00000002132f9e68 mode 2
Event: 23.688 Thread 0x000001ac8fd234c0 Uncommon trap: trap_request=0xffffffc6 fr.pc=0x000001aca28a1e5c relative=0x000000000000069c
Event: 23.688 Thread 0x000001ac8fd234c0 Uncommon trap: reason=bimorphic_or_optimized_type_check action=maybe_recompile pc=0x000001aca28a1e5c method=org.jetbrains.kotlin.types.checker.ClassicTypeSystemContext$DefaultImpls.typeDepth(Lorg/jetbrains/kotlin/types/checker/ClassicTypeSystemContext;Lor
Event: 23.688 Thread 0x000001ac8fd234c0 DEOPT PACKING pc=0x000001aca28a1e5c sp=0x00000002132f9b40
Event: 23.688 Thread 0x000001ac8fd234c0 DEOPT UNPACKING pc=0x000001aca1a446a2 sp=0x00000002132f99e8 mode 2
Event: 23.927 Thread 0x000001ac8fd234c0 Uncommon trap: trap_request=0xffffff45 fr.pc=0x000001aca2872a3c relative=0x000000000000017c
Event: 23.927 Thread 0x000001ac8fd234c0 Uncommon trap: reason=unstable_if action=reinterpret pc=0x000001aca2872a3c method=org.jetbrains.kotlin.psi.KtPsiUtil.deparenthesizeOnce(Lorg/jetbrains/kotlin/psi/KtExpression;Z)Lorg/jetbrains/kotlin/psi/KtExpression; @ 55 c2
Event: 23.927 Thread 0x000001ac8fd234c0 DEOPT PACKING pc=0x000001aca2872a3c sp=0x00000002132f7ab0
Event: 23.927 Thread 0x000001ac8fd234c0 DEOPT UNPACKING pc=0x000001aca1a446a2 sp=0x00000002132f7a40 mode 2
Event: 23.930 Thread 0x000001ac8fd234c0 Uncommon trap: trap_request=0xffffff66 fr.pc=0x000001aca28e43c4 relative=0x0000000000000f84
Event: 23.930 Thread 0x000001ac8fd234c0 Uncommon trap: reason=speculate_class_check action=maybe_recompile pc=0x000001aca28e43c4 method=org.jetbrains.kotlin.resolve.calls.inference.components.TypeCheckerStateForConstraintSystem.isTypeVariableWithExact(Lorg/jetbrains/kotlin/types/model/KotlinTyp
Event: 23.930 Thread 0x000001ac8fd234c0 DEOPT PACKING pc=0x000001aca28e43c4 sp=0x00000002132f6130
Event: 23.930 Thread 0x000001ac8fd234c0 DEOPT UNPACKING pc=0x000001aca1a446a2 sp=0x00000002132f5ee8 mode 2
Event: 23.932 Thread 0x000001ac8fd234c0 Uncommon trap: trap_request=0xffffff45 fr.pc=0x000001aca283c054 relative=0x00000000000002f4
Event: 23.932 Thread 0x000001ac8fd234c0 Uncommon trap: reason=unstable_if action=reinterpret pc=0x000001aca283c054 method=org.jetbrains.kotlin.psi.KtPsiUtil.deparenthesizeOnce(Lorg/jetbrains/kotlin/psi/KtExpression;Z)Lorg/jetbrains/kotlin/psi/KtExpression; @ 55 c2
Event: 23.932 Thread 0x000001ac8fd234c0 DEOPT PACKING pc=0x000001aca283c054 sp=0x00000002132f6e50
Event: 23.932 Thread 0x000001ac8fd234c0 DEOPT UNPACKING pc=0x000001aca1a446a2 sp=0x00000002132f6d18 mode 2

Classes loaded (20 events):
Event: 18.986 Loading class java/util/AbstractList$SubList$1
Event: 18.986 Loading class java/util/AbstractList$SubList$1 done
Event: 19.038 Loading class java/security/AccessControlException
Event: 19.038 Loading class java/security/AccessControlException done
Event: 19.043 Loading class java/lang/Override
Event: 19.043 Loading class java/lang/Override done
Event: 19.056 Loading class java/text/StringCharacterIterator
Event: 19.056 Loading class java/text/CharacterIterator
Event: 19.056 Loading class java/text/CharacterIterator done
Event: 19.056 Loading class java/text/StringCharacterIterator done
Event: 19.390 Loading class java/util/stream/IntPipeline$1
Event: 19.390 Loading class java/util/stream/IntPipeline$1 done
Event: 19.391 Loading class java/util/stream/IntPipeline$1$1
Event: 19.391 Loading class java/util/stream/IntPipeline$1$1 done
Event: 22.033 Loading class java/util/stream/LongStream
Event: 22.033 Loading class java/util/stream/LongStream done
Event: 22.033 Loading class java/util/stream/DoubleStream
Event: 22.033 Loading class java/util/stream/DoubleStream done
Event: 22.034 Loading class java/util/HashMap$EntrySpliterator
Event: 22.034 Loading class java/util/HashMap$EntrySpliterator done

Classes unloaded (0 events):
No events

Classes redefined (0 events):
No events

Internal exceptions (20 events):
Event: 18.909 Thread 0x000001ac8fd234c0 Exception <a 'java/lang/NoSuchMethodError'{0x0000000088dc2080}: 'java.lang.Object java.lang.invoke.DirectMethodHandle$Holder.newInvokeSpecial(java.lang.Object, java.lang.Object, java.lang.Object, int)'> (0x0000000088dc2080) 
thrown [s\open\src\hotspot\share\interpreter\linkResolver.cpp, line 773]
Event: 18.909 Thread 0x000001ac8fd234c0 Exception <a 'java/lang/NoSuchMethodError'{0x0000000088dc6170}: 'java.lang.Object java.lang.invoke.DirectMethodHandle$Holder.invokeSpecial(java.lang.Object, java.lang.Object, java.lang.Object, java.lang.Object, int)'> (0x0000000088dc6170) 
thrown [s\open\src\hotspot\share\interpreter\linkResolver.cpp, line 773]
Event: 18.910 Thread 0x000001ac8fd234c0 Exception <a 'java/lang/NoSuchMethodError'{0x0000000088dc9b68}: 'java.lang.Object java.lang.invoke.Invokers$Holder.linkToTargetMethod(java.lang.Object, java.lang.Object, int, java.lang.Object)'> (0x0000000088dc9b68) 
thrown [s\open\src\hotspot\share\interpreter\linkResolver.cpp, line 773]
Event: 19.568 Thread 0x000001ac8fd234c0 Implicit null exception at 0x000001aca200718d to 0x000001aca2007520
Event: 20.067 Thread 0x000001ac8fd234c0 Implicit null exception at 0x000001aca23f7843 to 0x000001aca23f7c44
Event: 20.067 Thread 0x000001ac8fd234c0 Implicit null exception at 0x000001aca23fa840 to 0x000001aca23fa878
Event: 20.190 Thread 0x000001ac8fd234c0 Exception <a 'java/lang/NoSuchMethodError'{0x00000000878fbe48}: 'java.lang.Object java.lang.invoke.DirectMethodHandle$Holder.newInvokeSpecial(java.lang.Object, java.lang.Object, java.lang.Object, java.lang.Object, int)'> (0x00000000878fbe48) 
thrown [s\open\src\hotspot\share\interpreter\linkResolver.cpp, line 773]
Event: 20.190 Thread 0x000001ac8fd234c0 Exception <a 'java/lang/NoSuchMethodError'{0x0000000087700920}: 'java.lang.Object java.lang.invoke.DirectMethodHandle$Holder.invokeSpecial(java.lang.Object, java.lang.Object, java.lang.Object, java.lang.Object, java.lang.Object, int)'> (0x0000000087700920) 
thrown [s\open\src\hotspot\share\interpreter\linkResolver.cpp, line 773]
Event: 20.190 Thread 0x000001ac8fd234c0 Exception <a 'java/lang/NoSuchMethodError'{0x0000000087704bb0}: 'java.lang.Object java.lang.invoke.Invokers$Holder.linkToTargetMethod(java.lang.Object, java.lang.Object, java.lang.Object, int, java.lang.Object)'> (0x0000000087704bb0) 
thrown [s\open\src\hotspot\share\interpreter\linkResolver.cpp, line 773]
Event: 20.625 Thread 0x000001ac8fd234c0 Exception <a 'java/lang/NoSuchMethodError'{0x000000008a3c8738}: 'java.lang.Object java.lang.invoke.DirectMethodHandle$Holder.invokeSpecial(java.lang.Object, java.lang.Object, java.lang.Object, java.lang.Object, java.lang.Object, java.lang.Object, int)'> (0x000000008a3c8738) 
thrown [s\open\src\hotspot\share\interpreter\linkResolver.cpp, line 773]
Event: 20.689 Thread 0x000001ac8fd234c0 Exception <a 'java/lang/NoSuchMethodError'{0x000000008a039870}: 'java.lang.Object java.lang.invoke.DirectMethodHandle$Holder.newInvokeSpecial(java.lang.Object, int, java.lang.Object, java.lang.Object)'> (0x000000008a039870) 
thrown [s\open\src\hotspot\share\interpreter\linkResolver.cpp, line 773]
Event: 20.801 Thread 0x000001ac8fd234c0 Exception <a 'java/lang/NoSuchMethodError'{0x0000000089aee998}: 'java.lang.Object java.lang.invoke.DirectMethodHandle$Holder.newInvokeSpecial(java.lang.Object, int, java.lang.Object)'> (0x0000000089aee998) 
thrown [s\open\src\hotspot\share\interpreter\linkResolver.cpp, line 773]
Event: 20.844 Thread 0x000001ac8fd234c0 Exception <a 'java/lang/NoSuchMethodError'{0x00000000896437b0}: 'java.lang.Object java.lang.invoke.DirectMethodHandle$Holder.invokeStatic(java.lang.Object, int, java.lang.Object)'> (0x00000000896437b0) 
thrown [s\open\src\hotspot\share\interpreter\linkResolver.cpp, line 773]
Event: 21.449 Thread 0x000001ac8fd234c0 Implicit null exception at 0x000001aca2752b4a to 0x000001aca2752dc8
Event: 21.472 Thread 0x000001ac8fd234c0 Implicit null exception at 0x000001aca24e19e0 to 0x000001aca24e1af4
Event: 21.662 Thread 0x000001ac8fd234c0 Exception <a 'java/lang/NoSuchMethodError'{0x00000000879e3048}: 'int java.lang.invoke.DirectMethodHandle$Holder.invokeStaticInit(java.lang.Object, int)'> (0x00000000879e3048) 
thrown [s\open\src\hotspot\share\interpreter\linkResolver.cpp, line 773]
Event: 21.976 Thread 0x000001ac8fd234c0 Exception <a 'java/lang/IncompatibleClassChangeError'{0x00000000ffc60848}: Found class java.lang.Object, but interface was expected> (0x00000000ffc60848) 
thrown [s\open\src\hotspot\share\interpreter\linkResolver.cpp, line 840]
Event: 22.034 Thread 0x000001ac8fd234c0 Exception <a 'java/lang/NoSuchMethodError'{0x00000000ff51d3b8}: 'void java.lang.invoke.DirectMethodHandle$Holder.invokeInterface(java.lang.Object, java.lang.Object)'> (0x00000000ff51d3b8) 
thrown [s\open\src\hotspot\share\interpreter\linkResolver.cpp, line 773]
Event: 22.542 Thread 0x000001ac8fd234c0 Exception <a 'java/lang/NoSuchMethodError'{0x000000008b9c77c0}: 'java.lang.Object java.lang.invoke.DirectMethodHandle$Holder.invokeInterface(java.lang.Object, java.lang.Object, java.lang.Object)'> (0x000000008b9c77c0) 
thrown [s\open\src\hotspot\share\interpreter\linkResolver.cpp, line 773]
Event: 22.542 Thread 0x000001ac8fd234c0 Exception <a 'java/lang/IncompatibleClassChangeError'{0x000000008b9cb118}: Found class java.lang.Object, but interface was expected> (0x000000008b9cb118) 
thrown [s\open\src\hotspot\share\interpreter\linkResolver.cpp, line 840]

ZGC Phase Switch (0 events):
No events

VM Operations (20 events):
Event: 22.682 Executing VM operation: ICBufferFull
Event: 22.682 Executing VM operation: ICBufferFull done
Event: 22.803 Executing VM operation: ICBufferFull
Event: 22.803 Executing VM operation: ICBufferFull done
Event: 23.002 Executing VM operation: ICBufferFull
Event: 23.002 Executing VM operation: ICBufferFull done
Event: 23.086 Executing VM operation: ICBufferFull
Event: 23.086 Executing VM operation: ICBufferFull done
Event: 23.190 Executing VM operation: HandshakeAllThreads (Deoptimize)
Event: 23.190 Executing VM operation: HandshakeAllThreads (Deoptimize) done
Event: 23.211 Executing VM operation: ICBufferFull
Event: 23.211 Executing VM operation: ICBufferFull done
Event: 23.373 Executing VM operation: ICBufferFull
Event: 23.373 Executing VM operation: ICBufferFull done
Event: 23.494 Executing VM operation: ICBufferFull
Event: 23.494 Executing VM operation: ICBufferFull done
Event: 23.671 Executing VM operation: ICBufferFull
Event: 23.671 Executing VM operation: ICBufferFull done
Event: 23.861 Executing VM operation: ICBufferFull
Event: 23.861 Executing VM operation: ICBufferFull done

Events (20 events):
Event: 18.406 Thread 0x000001acae96ee70 flushing nmethod 0x000001ac9ba2c510
Event: 18.406 Thread 0x000001acae96ee70 flushing nmethod 0x000001ac9ba2f510
Event: 18.406 Thread 0x000001acae96ee70 flushing nmethod 0x000001ac9ba47490
Event: 18.406 Thread 0x000001acae96ee70 flushing nmethod 0x000001ac9ba47c90
Event: 18.406 Thread 0x000001acae96ee70 flushing nmethod 0x000001ac9ba48110
Event: 18.406 Thread 0x000001acae96ee70 flushing nmethod 0x000001ac9ba48990
Event: 18.406 Thread 0x000001acae96ee70 flushing nmethod 0x000001ac9ba49710
Event: 18.406 Thread 0x000001acae96ee70 flushing nmethod 0x000001ac9ba4ab90
Event: 18.406 Thread 0x000001acae96ee70 flushing nmethod 0x000001ac9ba4af90
Event: 18.406 Thread 0x000001acae96ee70 flushing nmethod 0x000001ac9ba59590
Event: 18.406 Thread 0x000001acae96ee70 flushing nmethod 0x000001ac9ba5ca10
Event: 18.406 Thread 0x000001acae96ee70 flushing nmethod 0x000001ac9ba5f310
Event: 18.406 Thread 0x000001acae96ee70 flushing nmethod 0x000001ac9ba6de90
Event: 18.406 Thread 0x000001acae96ee70 flushing nmethod 0x000001ac9ba6f210
Event: 18.406 Thread 0x000001acae96ee70 flushing nmethod 0x000001ac9ba73110
Event: 18.406 Thread 0x000001acae96ee70 flushing nmethod 0x000001ac9bab1410
Event: 18.406 Thread 0x000001acae96ee70 flushing nmethod 0x000001ac9bab1c90
Event: 18.406 Thread 0x000001acae96ee70 flushing nmethod 0x000001ac9bab2a10
Event: 18.406 Thread 0x000001acae96ee70 flushing nmethod 0x000001ac9baf1d10
Event: 18.406 Thread 0x000001acae96ee70 flushing nmethod 0x000001ac9bc27610


Dynamic libraries:
0x00007ff75e160000 - 0x00007ff75e170000 	D:\mailon\Java\jdk-21.0.10\bin\java.exe
0x00007ffe20340000 - 0x00007ffe205a7000 	C:\WINDOWS\SYSTEM32\ntdll.dll
0x00007ffe1f710000 - 0x00007ffe1f7d9000 	C:\WINDOWS\System32\KERNEL32.DLL
0x00007ffe1ce40000 - 0x00007ffe1d234000 	C:\WINDOWS\System32\KERNELBASE.dll
0x00007ffe1df80000 - 0x00007ffe1e0cb000 	C:\WINDOWS\System32\ucrtbase.dll
0x00007ffe175d0000 - 0x00007ffe175e9000 	D:\mailon\Java\jdk-21.0.10\bin\jli.dll
0x00007ffe175b0000 - 0x00007ffe175ce000 	D:\mailon\Java\jdk-21.0.10\bin\VCRUNTIME140.dll
0x00007ffe20240000 - 0x00007ffe202f6000 	C:\WINDOWS\System32\ADVAPI32.dll
0x00007ffe1f540000 - 0x00007ffe1f5e9000 	C:\WINDOWS\System32\msvcrt.dll
0x00007ffe1f7e0000 - 0x00007ffe1f887000 	C:\WINDOWS\System32\sechost.dll
0x00007ffe1f5f0000 - 0x00007ffe1f708000 	C:\WINDOWS\System32\RPCRT4.dll
0x00007ffe1ee10000 - 0x00007ffe1efd5000 	C:\WINDOWS\System32\USER32.dll
0x00007ffe1ce10000 - 0x00007ffe1ce37000 	C:\WINDOWS\System32\win32u.dll
0x00007ffe1f890000 - 0x00007ffe1f8bb000 	C:\WINDOWS\System32\GDI32.dll
0x00007ffe0c8f0000 - 0x00007ffe0cb83000 	C:\WINDOWS\WinSxS\amd64_microsoft.windows.common-controls_6595b64144ccf1df_6.0.26100.8115_none_3e075c82e3354f9c\COMCTL32.dll
0x00007ffe1dab0000 - 0x00007ffe1dbdb000 	C:\WINDOWS\System32\gdi32full.dll
0x00007ffe1ded0000 - 0x00007ffe1df73000 	C:\WINDOWS\System32\msvcp_win.dll
0x00007ffe16170000 - 0x00007ffe1617b000 	C:\WINDOWS\SYSTEM32\VERSION.dll
0x00007ffe1e170000 - 0x00007ffe1e1a2000 	C:\WINDOWS\System32\IMM32.DLL
0x00007ffe17510000 - 0x00007ffe1751c000 	D:\mailon\Java\jdk-21.0.10\bin\vcruntime140_1.dll
0x00007ffe02390000 - 0x00007ffe0241d000 	D:\mailon\Java\jdk-21.0.10\bin\msvcp140.dll
0x00007ffd68fa0000 - 0x00007ffd69cc7000 	D:\mailon\Java\jdk-21.0.10\bin\server\jvm.dll
0x00007ffe201b0000 - 0x00007ffe20230000 	C:\WINDOWS\System32\WS2_32.dll
0x00007ffe1ca90000 - 0x00007ffe1caee000 	C:\WINDOWS\SYSTEM32\POWRPROF.dll
0x00007ffdfca90000 - 0x00007ffdfcac6000 	C:\WINDOWS\SYSTEM32\WINMM.dll
0x00007ffe1ca70000 - 0x00007ffe1ca84000 	C:\WINDOWS\SYSTEM32\UMPDC.dll
0x00007ffe1b970000 - 0x00007ffe1b98b000 	C:\WINDOWS\SYSTEM32\kernel.appcore.dll
0x00007ffe17500000 - 0x00007ffe1750a000 	D:\mailon\Java\jdk-21.0.10\bin\jimage.dll
0x00007ffe0d0b0000 - 0x00007ffe0d2f2000 	C:\WINDOWS\SYSTEM32\DBGHELP.DLL
0x00007ffe1e7e0000 - 0x00007ffe1eb62000 	C:\WINDOWS\System32\combase.dll
0x00007ffe1f0d0000 - 0x00007ffe1f1a8000 	C:\WINDOWS\System32\OLEAUT32.dll
0x00007ffe033e0000 - 0x00007ffe0341b000 	C:\WINDOWS\SYSTEM32\dbgcore.DLL
0x00007ffe1dd60000 - 0x00007ffe1de05000 	C:\WINDOWS\System32\bcryptPrimitives.dll
0x00007ffe10450000 - 0x00007ffe10471000 	D:\mailon\Java\jdk-21.0.10\bin\java.dll
0x00007ffe1fa40000 - 0x00007ffe201a7000 	C:\WINDOWS\System32\SHELL32.dll
0x00007ffe1cc10000 - 0x00007ffe1cd7a000 	C:\WINDOWS\System32\wintypes.dll
0x00007ffe1d240000 - 0x00007ffe1daa8000 	C:\WINDOWS\System32\windows.storage.dll
0x00007ffe1f220000 - 0x00007ffe1f318000 	C:\WINDOWS\System32\SHCORE.dll
0x00007ffe1f9d0000 - 0x00007ffe1fa36000 	C:\WINDOWS\System32\shlwapi.dll
0x00007ffe1cb30000 - 0x00007ffe1cb59000 	C:\WINDOWS\SYSTEM32\profapi.dll
0x00007ffe00160000 - 0x00007ffe00237000 	D:\mailon\Java\jdk-21.0.10\bin\jsvml.dll
0x00007ffe10380000 - 0x00007ffe10391000 	D:\mailon\Java\jdk-21.0.10\bin\net.dll
0x00007ffe15b50000 - 0x00007ffe15c7d000 	C:\WINDOWS\SYSTEM32\WINHTTP.dll
0x00007ffe1bed0000 - 0x00007ffe1bf3c000 	C:\WINDOWS\system32\mswsock.dll
0x00007ffe0e890000 - 0x00007ffe0e8a6000 	D:\mailon\Java\jdk-21.0.10\bin\nio.dll
0x00007ffe0e870000 - 0x00007ffe0e888000 	D:\mailon\Java\jdk-21.0.10\bin\zip.dll
0x00007ffe05cc0000 - 0x00007ffe05ce4000 	D:\mailon\Usuario\Desktop\apache-maven-3.9.14-bin (1)\apache-maven-3.9.14\lib\jansi-native\Windows\x86_64\jansi.dll
0x00007ffe17490000 - 0x00007ffe174a0000 	D:\mailon\Java\jdk-21.0.10\bin\verify.dll
0x00007ffe1ba90000 - 0x00007ffe1bac6000 	C:\WINDOWS\SYSTEM32\ntmarta.dll

dbghelp: loaded successfully - version: 4.0.5 - missing functions: none
symbol engine: initialized successfully - sym options: 0x614 - pdb path: .;D:\mailon\Java\jdk-21.0.10\bin;C:\WINDOWS\SYSTEM32;C:\WINDOWS\WinSxS\amd64_microsoft.windows.common-controls_6595b64144ccf1df_6.0.26100.8115_none_3e075c82e3354f9c;D:\mailon\Java\jdk-21.0.10\bin\server;D:\mailon\Usuario\Desktop\apache-maven-3.9.14-bin (1)\apache-maven-3.9.14\lib\jansi-native\Windows\x86_64

VM Arguments:
jvm_args: --add-opens=java.base/java.lang=ALL-UNNAMED --enable-native-access=ALL-UNNAMED -Dclassworlds.conf=D:/mailon/Usuario/Desktop/apache-maven-3.9.14-bin (1)/apache-maven-3.9.14/bin/m2.conf -Dmaven.home=D:/mailon/Usuario/Desktop/apache-maven-3.9.14-bin (1)/apache-maven-3.9.14 -Dlibrary.jansi.path=D:/mailon/Usuario/Desktop/apache-maven-3.9.14-bin (1)/apache-maven-3.9.14/lib/jansi-native -Dmaven.multiModuleProjectDirectory=D:/mailon/Usuario/Desktop/Smartwallet 
java_command: org.codehaus.plexus.classworlds.launcher.Launcher clean compile test-compile -DskipTests
java_class_path (initial): D:/mailon/Usuario/Desktop/apache-maven-3.9.14-bin (1)/apache-maven-3.9.14/boot/plexus-classworlds-2.9.0.jar
Launcher Type: SUN_STANDARD

[Global flags]
     intx CICompilerCount                          = 4                                         {product} {ergonomic}
     uint ConcGCThreads                            = 2                                         {product} {ergonomic}
     uint G1ConcRefinementThreads                  = 8                                         {product} {ergonomic}
   size_t G1HeapRegionSize                         = 1048576                                   {product} {ergonomic}
    uintx GCDrainStackTargetSize                   = 64                                        {product} {ergonomic}
   size_t InitialHeapSize                          = 132120576                                 {product} {ergonomic}
   size_t MarkStackSize                            = 4194304                                   {product} {ergonomic}
   size_t MaxHeapSize                              = 2109734912                                {product} {ergonomic}
   size_t MaxNewSize                               = 1265631232                                {product} {ergonomic}
   size_t MinHeapDeltaBytes                        = 1048576                                   {product} {ergonomic}
   size_t MinHeapSize                              = 8388608                                   {product} {ergonomic}
    uintx NonNMethodCodeHeapSize                   = 5839372                                {pd product} {ergonomic}
    uintx NonProfiledCodeHeapSize                  = 122909434                              {pd product} {ergonomic}
    uintx ProfiledCodeHeapSize                     = 122909434                              {pd product} {ergonomic}
    uintx ReservedCodeCacheSize                    = 251658240                              {pd product} {ergonomic}
     bool SegmentedCodeCache                       = true                                      {product} {ergonomic}
   size_t SoftMaxHeapSize                          = 2109734912                             {manageable} {ergonomic}
     bool UseCompressedOops                        = true                           {product lp64_product} {ergonomic}
     bool UseG1GC                                  = true                                      {product} {ergonomic}
     bool UseLargePagesIndividualAllocation        = false                                  {pd product} {ergonomic}

Logging:
Log output configuration:
 #0: stdout all=warning uptime,level,tags foldmultilines=false
 #1: stderr all=off uptime,level,tags foldmultilines=false

Environment Variables:
JAVA_HOME=D:/mailon/Java/jdk-21.0.10
PATH=D:\Program Files\Git\mingw64\bin;D:\Program Files\Git\usr\bin;C:\Users\Usuario\bin;C:\Program Files\Common Files\Oracle\Java\javapath;C:\WINDOWS\system32;C:\WINDOWS;C:\WINDOWS\System32\Wbem;C:\WINDOWS\System32\WindowsPowerShell\v1.0;C:\WINDOWS\System32\OpenSSH;D:\Program Files\nodejs;D:\mailon\Usuario\Desktop\apache-maven-3.9.14-bin (1)\apache-maven-3.9.14\bin;D:\Program Files\Git\cmd;C:\Users\Usuario\AppData\Local\Programs\Trae\bin;D:\mailon\Usuario\Downloads\ffmpeg-8.0.1-essentials_build\ffmpeg-8.0.1-essentials_build\bin;D:\mailon\Usuario\Desktop\apache-maven-3.9.14-bin (1)\apache-maven-3.9.14\bin;C:\Users\Usuario\AppData\Roaming\npm
USERNAME=Usuario
TERM=xterm-256color
OS=Windows_NT
PROCESSOR_IDENTIFIER=Intel64 Family 6 Model 142 Stepping 12, GenuineIntel
TMP=C:\Users\Usuario\AppData\Local\Temp
TEMP=C:\Users\Usuario\AppData\Local\Temp




Periodic native trim disabled

---------------  S Y S T E M  ---------------

OS:
 Windows 11 , 64 bit Build 26100 (10.0.26100.8246)
OS uptime: 4 days 19:25 hours
Hyper-V role detected

CPU: total 8 (initial active 8) (4 cores per cpu, 2 threads per core) family 6 model 142 stepping 12 microcode 0xde, cx8, cmov, fxsr, ht, mmx, 3dnowpref, sse, sse2, sse3, ssse3, sse4.1, sse4.2, popcnt, lzcnt, tsc, tscinvbit, avx, avx2, aes, erms, clmul, bmi1, bmi2, adx, fma, vzeroupper, clflush, clflushopt, hv, rdtscp, f16c
Processor Information for all 8 processors :
  Max Mhz: 1800, Current Mhz: 1600, Mhz Limit: 1584

Memory: 4k page, system-wide physical 8040M (596M free)
TotalPageFile size 32616M (AvailPageFile size 0M)
current process WorkingSet (physical memory assigned to process): 463M, peak: 466M
current process commit charge ("private bytes"): 494M, peak: 497M

vm_info: Java HotSpot(TM) 64-Bit Server VM (21.0.10+8-LTS-217) for windows-amd64 JRE (21.0.10+8-LTS-217), built on 2025-12-18T14:59:28Z by "mach5run" with MS VC++ 17.13 (VS2022)

END.
