#
# There is insufficient memory for the Java Runtime Environment to continue.
# Native memory allocation (malloc) failed to allocate 1750096 bytes for Chunk::new
# Possible reasons:
#   The system is out of physical RAM or swap space
#   The process is running with CompressedOops enabled, and the Java Heap may be blocking the growth of the native heap
# Possible solutions:
#   Reduce memory load on the system
#   Increase physical memory or swap space
#   Check if swap backing store is full
#   Decrease Java heap size (-Xmx/-Xms)
#   Decrease number of Java threads
#   Decrease Java thread stack sizes (-Xss)
#   Set larger code cache with -XX:ReservedCodeCacheSize=
#   JVM is running with Unscaled Compressed Oops mode in which the Java heap is
#     placed in the first 4GB address space. The Java Heap base address is the
#     maximum limit for the native heap growth. Please use -XX:HeapBaseMinAddress
#     to set the Java Heap base and to place the Java Heap above 4GB virtual address.
# This output file may be truncated or incomplete.
#
#  Out of Memory Error (arena.cpp:168), pid=30448, tid=31404
#
# JRE version: Java(TM) SE Runtime Environment (21.0.10+8) (build 21.0.10+8-LTS-217)
# Java VM: Java HotSpot(TM) 64-Bit Server VM (21.0.10+8-LTS-217, mixed mode, sharing, tiered, compressed oops, compressed class ptrs, g1 gc, windows-amd64)
# No core dump will be written. Minidumps are not enabled by default on client versions of Windows
#

---------------  S U M M A R Y ------------

Command Line: -Dapplication.home=D:\mailon\Java\jdk-21.0.10 --add-modules=ALL-DEFAULT -Xms8m -Xmx256m -Djdk.module.main=jdk.compiler jdk.compiler/com.sun.tools.javac.Main @C:/Users/Usuario/AppData/Local/Temp/org.codehaus.plexus.compiler.javac.JavacCompiler2787445390121533571arguments

Host: Intel(R) Core(TM) i5-8265U CPU @ 1.60GHz, 8 cores, 7G,  Windows 11 , 64 bit Build 26100 (10.0.26100.8246)
Time: Fri Apr 24 03:41:27 2026 Hora oficial do Brasil elapsed time: 4.673510 seconds (0d 0h 0m 4s)

---------------  T H R E A D  ---------------

Current thread (0x000001837e68d550):  JavaThread "C2 CompilerThread2" daemon [_thread_in_native, id=31404, stack(0x0000000645c00000,0x0000000645d00000) (1024K)]


Current CompileTask:
C2:   4673 2104   !   4       com.sun.tools.javac.jvm.ClassReader::classSigToType (482 bytes)

Stack: [0x0000000645c00000,0x0000000645d00000]
Native frames: (J=compiled Java code, j=interpreted, Vv=VM code, C=native code)
V  [jvm.dll+0x6d0b59]
V  [jvm.dll+0x85fd56]
V  [jvm.dll+0x86224e]
V  [jvm.dll+0x862923]
V  [jvm.dll+0x282a16]
V  [jvm.dll+0xc662d]
V  [jvm.dll+0xc6b71]
V  [jvm.dll+0x3bbb21]
V  [jvm.dll+0x387fd2]
V  [jvm.dll+0x38741a]
V  [jvm.dll+0x24b370]
V  [jvm.dll+0x24a94f]
V  [jvm.dll+0x1cacfe]
V  [jvm.dll+0x25a629]
V  [jvm.dll+0x258bb5]
V  [jvm.dll+0x3f4da1]
V  [jvm.dll+0x80a83d]
V  [jvm.dll+0x6cf3fd]
C  [ucrtbase.dll+0x37b0]
C  [KERNEL32.DLL+0x2e8d7]
C  [ntdll.dll+0x8c3fc]


---------------  P R O C E S S  ---------------

Threads class SMR info:
_java_thread_list=0x000001837d966470, length=13, elements={
0x000001836ac19f60, 0x000001836b289990, 0x000001836b28d410, 0x000001836b28de70,
0x0000018378511fd0, 0x0000018378512770, 0x0000018378514660, 0x00000183785163e0,
0x000001837851b4d0, 0x000001837880c020, 0x00000183788d6f00, 0x000001837e5b2690,
0x000001837e68d550
}

Java Threads: ( => current thread )
  0x000001836ac19f60 JavaThread "main"                              [_thread_in_vm, id=12872, stack(0x0000000644200000,0x0000000644300000) (1024K)]
  0x000001836b289990 JavaThread "Reference Handler"          daemon [_thread_blocked, id=31476, stack(0x0000000644a00000,0x0000000644b00000) (1024K)]
  0x000001836b28d410 JavaThread "Finalizer"                  daemon [_thread_blocked, id=31348, stack(0x0000000644b00000,0x0000000644c00000) (1024K)]
  0x000001836b28de70 JavaThread "Signal Dispatcher"          daemon [_thread_blocked, id=26960, stack(0x0000000644c00000,0x0000000644d00000) (1024K)]
  0x0000018378511fd0 JavaThread "Attach Listener"            daemon [_thread_blocked, id=22712, stack(0x0000000644d00000,0x0000000644e00000) (1024K)]
  0x0000018378512770 JavaThread "Service Thread"             daemon [_thread_blocked, id=25152, stack(0x0000000644e00000,0x0000000644f00000) (1024K)]
  0x0000018378514660 JavaThread "Monitor Deflation Thread"   daemon [_thread_blocked, id=12224, stack(0x0000000644f00000,0x0000000645000000) (1024K)]
  0x00000183785163e0 JavaThread "C2 CompilerThread0"         daemon [_thread_blocked, id=23568, stack(0x0000000645000000,0x0000000645100000) (1024K)]
  0x000001837851b4d0 JavaThread "C1 CompilerThread0"         daemon [_thread_blocked, id=26040, stack(0x0000000645100000,0x0000000645200000) (1024K)]
  0x000001837880c020 JavaThread "Notification Thread"        daemon [_thread_blocked, id=13276, stack(0x0000000645200000,0x0000000645300000) (1024K)]
  0x00000183788d6f00 JavaThread "Common-Cleaner"             daemon [_thread_blocked, id=33108, stack(0x0000000645300000,0x0000000645400000) (1024K)]
  0x000001837e5b2690 JavaThread "C2 CompilerThread1"         daemon [_thread_blocked, id=6072, stack(0x0000000645500000,0x0000000645600000) (1024K)]
=>0x000001837e68d550 JavaThread "C2 CompilerThread2"         daemon [_thread_in_native, id=31404, stack(0x0000000645c00000,0x0000000645d00000) (1024K)]
Total: 13

Other Threads:
  0x000001836b26d050 VMThread "VM Thread"                           [id=6420, stack(0x0000000644900000,0x0000000644a00000) (1024K)]
  0x000001837850a0c0 WatcherThread "VM Periodic Task Thread"        [id=15692, stack(0x0000000644800000,0x0000000644900000) (1024K)]
  0x000001836b1e4eb0 WorkerThread "GC Thread#0"                     [id=31860, stack(0x0000000644300000,0x0000000644400000) (1024K)]
  0x0000018378999c80 WorkerThread "GC Thread#1"                     [id=29196, stack(0x0000000645600000,0x0000000645700000) (1024K)]
  0x0000018378a1bd40 WorkerThread "GC Thread#2"                     [id=21588, stack(0x0000000645700000,0x0000000645800000) (1024K)]
  0x0000018378a1c0f0 WorkerThread "GC Thread#3"                     [id=12928, stack(0x0000000645800000,0x0000000645900000) (1024K)]
  0x000001837d2a5ad0 WorkerThread "GC Thread#4"                     [id=33780, stack(0x0000000645400000,0x0000000645500000) (1024K)]
  0x000001837d5aa150 WorkerThread "GC Thread#5"                     [id=31908, stack(0x0000000645a00000,0x0000000645b00000) (1024K)]
  0x000001837d62b710 WorkerThread "GC Thread#6"                     [id=25264, stack(0x0000000645b00000,0x0000000645c00000) (1024K)]
  0x000001836b1e7ea0 ConcurrentGCThread "G1 Main Marker"            [id=35504, stack(0x0000000644400000,0x0000000644500000) (1024K)]
  0x000001836b1e9830 WorkerThread "G1 Conc#0"                       [id=32864, stack(0x0000000644500000,0x0000000644600000) (1024K)]
  0x0000018378a1c8b0 WorkerThread "G1 Conc#1"                       [id=33772, stack(0x0000000645900000,0x0000000645a00000) (1024K)]
  0x000001836b24a600 ConcurrentGCThread "G1 Refine#0"               [id=31008, stack(0x0000000644600000,0x0000000644700000) (1024K)]
  0x000001836b24bf40 ConcurrentGCThread "G1 Service"                [id=29884, stack(0x0000000644700000,0x0000000644800000) (1024K)]
Total: 14

Threads with active compile tasks:
C2 CompilerThread2     4770 2104   !   4       com.sun.tools.javac.jvm.ClassReader::classSigToType (482 bytes)
Total: 1

VM state: not at safepoint (normal execution)

VM Mutex/Monitor currently owned by a thread: None

Heap address: 0x00000000f0000000, size: 256 MB, Compressed Oops mode: 32-bit

CDS archive(s) mapped at: [0x000001830f000000-0x000001830fc90000-0x000001830fc90000), size 13172736, SharedBaseAddress: 0x000001830f000000, ArchiveRelocationMode: 1.
Compressed class space mapped at: 0x0000018310000000-0x0000018350000000, reserved size: 1073741824
Narrow klass base: 0x000001830f000000, Narrow klass shift: 0, Narrow klass range: 0x100000000

GC Precious Log:
 CardTable entry size: 512
 Card Set container configuration: InlinePtr #cards 5 size 8 Array Of Cards #cards 12 size 40 Howl #buckets 4 coarsen threshold 1843 Howl Bitmap #cards 512 size 80 coarsen threshold 460 Card regions per heap region 1 cards per card region 2048
 CPUs: 8 total, 8 available
 Memory: 8040M
 Large Page Support: Disabled
 NUMA Support: Disabled
 Compressed Oops: Enabled (32-bit)
 Heap Region Size: 1M
 Heap Min Capacity: 8M
 Heap Initial Capacity: 8M
 Heap Max Capacity: 256M
 Pre-touch: Disabled
 Parallel Workers: 8
 Concurrent Workers: 2
 Concurrent Refinement Workers: 8
 Periodic GC: Disabled

Heap:
 garbage-first heap   total 61440K, used 41890K [0x00000000f0000000, 0x0000000100000000)
  region size 1024K, 11 young (11264K), 2 survivors (2048K)
 Metaspace       used 10604K, committed 10880K, reserved 1114112K
  class space    used 1126K, committed 1280K, reserved 1048576K

Heap Regions: E=young(eden), S=young(survivor), O=old, HS=humongous(starts), HC=humongous(continues), CS=collection set, F=free, TAMS=top-at-mark-start, PB=parsable bottom
|   0|0x00000000f0000000, 0x00000000f0100000, 0x00000000f0100000|100%| O|  |TAMS 0x00000000f0000000| PB 0x00000000f0000000| Untracked 
|   1|0x00000000f0100000, 0x00000000f0200000, 0x00000000f0200000|100%| O|  |TAMS 0x00000000f0100000| PB 0x00000000f0100000| Untracked 
|   2|0x00000000f0200000, 0x00000000f0300000, 0x00000000f0300000|100%| O|  |TAMS 0x00000000f0200000| PB 0x00000000f0200000| Untracked 
|   3|0x00000000f0300000, 0x00000000f0400000, 0x00000000f0400000|100%| O|  |TAMS 0x00000000f0300000| PB 0x00000000f0300000| Untracked 
|   4|0x00000000f0400000, 0x00000000f0500000, 0x00000000f0500000|100%| O|  |TAMS 0x00000000f0400000| PB 0x00000000f0400000| Untracked 
|   5|0x00000000f0500000, 0x00000000f0600000, 0x00000000f0600000|100%| O|Cm|TAMS 0x00000000f0500000| PB 0x00000000f0500000| Complete 
|   6|0x00000000f0600000, 0x00000000f0700000, 0x00000000f0700000|100%| O|  |TAMS 0x00000000f0600000| PB 0x00000000f0600000| Untracked 
|   7|0x00000000f0700000, 0x00000000f0800000, 0x00000000f0800000|100%| O|  |TAMS 0x00000000f0700000| PB 0x00000000f0700000| Untracked 
|   8|0x00000000f0800000, 0x00000000f0900000, 0x00000000f0900000|100%|HS|  |TAMS 0x00000000f0800000| PB 0x00000000f0800000| Complete 
|   9|0x00000000f0900000, 0x00000000f0a00000, 0x00000000f0a00000|100%|HC|  |TAMS 0x00000000f0900000| PB 0x00000000f0900000| Complete 
|  10|0x00000000f0a00000, 0x00000000f0b00000, 0x00000000f0b00000|100%|HC|  |TAMS 0x00000000f0a00000| PB 0x00000000f0a00000| Complete 
|  11|0x00000000f0b00000, 0x00000000f0c00000, 0x00000000f0c00000|100%| O|  |TAMS 0x00000000f0b00000| PB 0x00000000f0b00000| Untracked 
|  12|0x00000000f0c00000, 0x00000000f0d00000, 0x00000000f0d00000|100%| O|  |TAMS 0x00000000f0c00000| PB 0x00000000f0c00000| Untracked 
|  13|0x00000000f0d00000, 0x00000000f0e00000, 0x00000000f0e00000|100%| O|  |TAMS 0x00000000f0d00000| PB 0x00000000f0d00000| Untracked 
|  14|0x00000000f0e00000, 0x00000000f0f00000, 0x00000000f0f00000|100%| O|  |TAMS 0x00000000f0e00000| PB 0x00000000f0e00000| Untracked 
|  15|0x00000000f0f00000, 0x00000000f1000000, 0x00000000f1000000|100%| O|  |TAMS 0x00000000f0f00000| PB 0x00000000f0f00000| Untracked 
|  16|0x00000000f1000000, 0x00000000f1100000, 0x00000000f1100000|100%|HS|  |TAMS 0x00000000f1000000| PB 0x00000000f1000000| Complete 
|  17|0x00000000f1100000, 0x00000000f1200000, 0x00000000f1200000|100%| O|  |TAMS 0x00000000f1100000| PB 0x00000000f1100000| Untracked 
|  18|0x00000000f1200000, 0x00000000f1300000, 0x00000000f1300000|100%| O|  |TAMS 0x00000000f1200000| PB 0x00000000f1200000| Untracked 
|  19|0x00000000f1300000, 0x00000000f1400000, 0x00000000f1400000|100%| O|  |TAMS 0x00000000f1300000| PB 0x00000000f1300000| Untracked 
|  20|0x00000000f1400000, 0x00000000f1500000, 0x00000000f1500000|100%| O|  |TAMS 0x00000000f1400000| PB 0x00000000f1400000| Untracked 
|  21|0x00000000f1500000, 0x00000000f1600000, 0x00000000f1600000|100%| O|  |TAMS 0x00000000f1500000| PB 0x00000000f1500000| Untracked 
|  22|0x00000000f1600000, 0x00000000f1700000, 0x00000000f1700000|100%| O|  |TAMS 0x00000000f1600000| PB 0x00000000f1600000| Untracked 
|  23|0x00000000f1700000, 0x00000000f1800000, 0x00000000f1800000|100%| O|  |TAMS 0x00000000f1700000| PB 0x00000000f1700000| Untracked 
|  24|0x00000000f1800000, 0x00000000f1900000, 0x00000000f1900000|100%| O|  |TAMS 0x00000000f1800000| PB 0x00000000f1800000| Untracked 
|  25|0x00000000f1900000, 0x00000000f1a00000, 0x00000000f1a00000|100%| O|  |TAMS 0x00000000f1900000| PB 0x00000000f1900000| Untracked 
|  26|0x00000000f1a00000, 0x00000000f1b00000, 0x00000000f1b00000|100%| O|  |TAMS 0x00000000f1a00000| PB 0x00000000f1a00000| Untracked 
|  27|0x00000000f1b00000, 0x00000000f1c00000, 0x00000000f1c00000|100%| O|  |TAMS 0x00000000f1b00000| PB 0x00000000f1b00000| Untracked 
|  28|0x00000000f1c00000, 0x00000000f1d00000, 0x00000000f1d00000|100%| O|  |TAMS 0x00000000f1c00000| PB 0x00000000f1c00000| Untracked 
|  29|0x00000000f1d00000, 0x00000000f1de8b00, 0x00000000f1e00000| 90%| O|  |TAMS 0x00000000f1d00000| PB 0x00000000f1d00000| Untracked 
|  30|0x00000000f1e00000, 0x00000000f1f00000, 0x00000000f1f00000|100%|HS|  |TAMS 0x00000000f1e00000| PB 0x00000000f1e00000| Complete 
|  31|0x00000000f1f00000, 0x00000000f1f00000, 0x00000000f2000000|  0%| F|  |TAMS 0x00000000f1f00000| PB 0x00000000f1f00000| Untracked 
|  32|0x00000000f2000000, 0x00000000f2000000, 0x00000000f2100000|  0%| F|  |TAMS 0x00000000f2000000| PB 0x00000000f2000000| Untracked 
|  33|0x00000000f2100000, 0x00000000f2100000, 0x00000000f2200000|  0%| F|  |TAMS 0x00000000f2100000| PB 0x00000000f2100000| Untracked 
|  34|0x00000000f2200000, 0x00000000f2200000, 0x00000000f2300000|  0%| F|  |TAMS 0x00000000f2200000| PB 0x00000000f2200000| Untracked 
|  35|0x00000000f2300000, 0x00000000f2300000, 0x00000000f2400000|  0%| F|  |TAMS 0x00000000f2300000| PB 0x00000000f2300000| Untracked 
|  36|0x00000000f2400000, 0x00000000f2400000, 0x00000000f2500000|  0%| F|  |TAMS 0x00000000f2400000| PB 0x00000000f2400000| Untracked 
|  37|0x00000000f2500000, 0x00000000f2500000, 0x00000000f2600000|  0%| F|  |TAMS 0x00000000f2500000| PB 0x00000000f2500000| Untracked 
|  38|0x00000000f2600000, 0x00000000f2600000, 0x00000000f2700000|  0%| F|  |TAMS 0x00000000f2600000| PB 0x00000000f2600000| Untracked 
|  39|0x00000000f2700000, 0x00000000f2700000, 0x00000000f2800000|  0%| F|  |TAMS 0x00000000f2700000| PB 0x00000000f2700000| Untracked 
|  40|0x00000000f2800000, 0x00000000f2800000, 0x00000000f2900000|  0%| F|  |TAMS 0x00000000f2800000| PB 0x00000000f2800000| Untracked 
|  41|0x00000000f2900000, 0x00000000f2900000, 0x00000000f2a00000|  0%| F|  |TAMS 0x00000000f2900000| PB 0x00000000f2900000| Untracked 
|  42|0x00000000f2a00000, 0x00000000f2a00000, 0x00000000f2b00000|  0%| F|  |TAMS 0x00000000f2a00000| PB 0x00000000f2a00000| Untracked 
|  43|0x00000000f2b00000, 0x00000000f2b00000, 0x00000000f2c00000|  0%| F|  |TAMS 0x00000000f2b00000| PB 0x00000000f2b00000| Untracked 
|  44|0x00000000f2c00000, 0x00000000f2d00000, 0x00000000f2d00000|100%| S|CS|TAMS 0x00000000f2c00000| PB 0x00000000f2c00000| Complete 
|  45|0x00000000f2d00000, 0x00000000f2e00000, 0x00000000f2e00000|100%| S|CS|TAMS 0x00000000f2d00000| PB 0x00000000f2d00000| Complete 
|  46|0x00000000f2e00000, 0x00000000f2e00000, 0x00000000f2f00000|  0%| F|  |TAMS 0x00000000f2e00000| PB 0x00000000f2e00000| Untracked 
|  47|0x00000000f2f00000, 0x00000000f2f00000, 0x00000000f3000000|  0%| F|  |TAMS 0x00000000f2f00000| PB 0x00000000f2f00000| Untracked 
|  48|0x00000000f3000000, 0x00000000f3000000, 0x00000000f3100000|  0%| F|  |TAMS 0x00000000f3000000| PB 0x00000000f3000000| Untracked 
|  49|0x00000000f3100000, 0x00000000f3100000, 0x00000000f3200000|  0%| F|  |TAMS 0x00000000f3100000| PB 0x00000000f3100000| Untracked 
|  50|0x00000000f3200000, 0x00000000f3200000, 0x00000000f3300000|  0%| F|  |TAMS 0x00000000f3200000| PB 0x00000000f3200000| Untracked 
|  51|0x00000000f3300000, 0x00000000f33e4c30, 0x00000000f3400000| 89%| E|  |TAMS 0x00000000f3300000| PB 0x00000000f3300000| Complete 
|  52|0x00000000f3400000, 0x00000000f3500000, 0x00000000f3500000|100%| E|CS|TAMS 0x00000000f3400000| PB 0x00000000f3400000| Complete 
|  53|0x00000000f3500000, 0x00000000f3600000, 0x00000000f3600000|100%| E|CS|TAMS 0x00000000f3500000| PB 0x00000000f3500000| Complete 
|  54|0x00000000f3600000, 0x00000000f3700000, 0x00000000f3700000|100%| E|CS|TAMS 0x00000000f3600000| PB 0x00000000f3600000| Complete 
|  55|0x00000000f3700000, 0x00000000f3800000, 0x00000000f3800000|100%| E|CS|TAMS 0x00000000f3700000| PB 0x00000000f3700000| Complete 
|  56|0x00000000f3800000, 0x00000000f3900000, 0x00000000f3900000|100%| E|CS|TAMS 0x00000000f3800000| PB 0x00000000f3800000| Complete 
|  57|0x00000000f3900000, 0x00000000f3a00000, 0x00000000f3a00000|100%| E|CS|TAMS 0x00000000f3900000| PB 0x00000000f3900000| Complete 
|  58|0x00000000f3a00000, 0x00000000f3b00000, 0x00000000f3b00000|100%| E|CS|TAMS 0x00000000f3a00000| PB 0x00000000f3a00000| Complete 
|  59|0x00000000f3b00000, 0x00000000f3c00000, 0x00000000f3c00000|100%| E|CS|TAMS 0x00000000f3b00000| PB 0x00000000f3b00000| Complete 

Card table byte_map: [0x00000183756f0000,0x0000018375770000] _byte_map_base: 0x0000018374f70000

Marking Bits: (CMBitMap*) 0x000001836b1e55c0
 Bits: [0x0000018375770000, 0x0000018375b70000)

Polling page: 0x000001836aeb0000

Metaspace:

Usage:
  Non-class:      9.25 MB used.
      Class:      1.10 MB used.
       Both:     10.36 MB used.

Virtual space:
  Non-class space:       64.00 MB reserved,       9.38 MB ( 15%) committed,  1 nodes.
      Class space:        1.00 GB reserved,       1.25 MB ( <1%) committed,  1 nodes.
             Both:        1.06 GB reserved,      10.62 MB ( <1%) committed. 

Chunk freelists:
   Non-Class:  5.09 MB
       Class:  14.81 MB
        Both:  19.89 MB

MaxMetaspaceSize: unlimited
CompressedClassSpaceSize: 1.00 GB
Initial GC threshold: 21.00 MB
Current GC threshold: 21.00 MB
CDS: on
 - commit_granule_bytes: 65536.
 - commit_granule_words: 8192.
 - virtual_space_node_default_size: 8388608.
 - enlarge_chunks_in_place: 1.
 - use_allocation_guard: 0.


Internal statistics:

num_allocs_failed_limit: 0.
num_arena_births: 86.
num_arena_deaths: 0.
num_vsnodes_births: 2.
num_vsnodes_deaths: 0.
num_space_committed: 170.
num_space_uncommitted: 0.
num_chunks_returned_to_freelist: 0.
num_chunks_taken_from_freelist: 428.
num_chunk_merges: 0.
num_chunk_splits: 299.
num_chunks_enlarged: 236.
num_inconsistent_stats: 0.

CodeHeap 'non-profiled nmethods': size=120000Kb used=1235Kb max_used=1235Kb free=118764Kb
 bounds [0x0000018307ad0000, 0x0000018307d40000, 0x000001830f000000]
CodeHeap 'profiled nmethods': size=120000Kb used=4765Kb max_used=4765Kb free=115234Kb
 bounds [0x0000018300000000, 0x00000183004b0000, 0x0000018307530000]
CodeHeap 'non-nmethods': size=5760Kb used=1378Kb max_used=1422Kb free=4381Kb
 bounds [0x0000018307530000, 0x00000183077a0000, 0x0000018307ad0000]
 total_blobs=2841 nmethods=2366 adapters=378
 compilation: enabled
              stopped_count=0, restarted_count=0
 full_count=0

Compilation events (20 events):
Event: 3.521 Thread 0x00000183785163e0 2377       4       java.util.HashSet::add (20 bytes)
Event: 3.521 Thread 0x000001837851b4d0 nmethod 2375 0x0000018300485290 code [0x0000018300485420, 0x0000018300485598]
Event: 3.521 Thread 0x000001837e5b2690 nmethod 2373 0x0000018307bfb210 code [0x0000018307bfb3a0, 0x0000018307bfb428]
Event: 3.521 Thread 0x000001837851b4d0 2378       3       com.sun.tools.javac.code.Symbol::isCompleted (10 bytes)
Event: 3.522 Thread 0x000001837e5b2690 2381   !   4       com.sun.tools.javac.code.Symbol$ClassSymbol::complete (52 bytes)
Event: 3.522 Thread 0x000001837851b4d0 nmethod 2378 0x0000018300485610 code [0x00000183004857c0, 0x0000018300485998]
Event: 3.522 Thread 0x000001837851b4d0 2376       3       java.lang.invoke.Invokers$Holder::linkToTargetMethod (11 bytes)
Event: 3.522 Thread 0x000001837851b4d0 nmethod 2376 0x0000018300485a90 code [0x0000018300485c60, 0x0000018300486010]
Event: 3.522 Thread 0x000001837851b4d0 2379       3       com.sun.tools.javac.comp.Annotate$AnnotationTypeMetadata::init (48 bytes)
Event: 3.522 Thread 0x000001837851b4d0 nmethod 2379 0x0000018300486110 code [0x0000018300486300, 0x00000183004867f8]
Event: 3.522 Thread 0x000001837851b4d0 2374       1       com.sun.tools.javac.code.Symbol$ClassSymbol::getAnnotationTypeMetadata (5 bytes)
Event: 3.522 Thread 0x000001837851b4d0 nmethod 2374 0x0000018307bfb510 code [0x0000018307bfb6a0, 0x0000018307bfb768]
Event: 3.522 Thread 0x000001837851b4d0 2380   !   3       com.sun.tools.javac.jvm.ClassReader$AnnotationDeproxy::deproxy (39 bytes)
Event: 3.523 Thread 0x000001837851b4d0 nmethod 2380 0x0000018300486990 code [0x0000018300486b40, 0x0000018300486e80]
Event: 3.529 Thread 0x000001837851b4d0 2383  s    3       java.lang.Throwable::fillInStackTrace (29 bytes)
Event: 3.530 Thread 0x000001837851b4d0 nmethod 2383 0x0000018300486f90 code [0x0000018300487140, 0x0000018300487438]
Event: 4.553 Thread 0x000001837e5b2690 nmethod 2381 0x0000018307bfb810 code [0x0000018307bfba40, 0x0000018307bfcc20]
Event: 4.553 Thread 0x000001837e5b2690 2382       4       com.sun.tools.javac.tree.JCTree::hasTag (14 bytes)
Event: 4.553 Thread 0x000001837e5b2690 nmethod 2382 0x0000018307bfd010 code [0x0000018307bfd1a0, 0x0000018307bfd258]
Event: 4.564 Thread 0x00000183785163e0 nmethod 2377 0x0000018307bfd310 code [0x0000018307bfd5c0, 0x0000018307bfecb0]

GC Heap History (20 events):
Event: 1.130 GC heap before
{Heap before GC invocations=6 (full 0):
 garbage-first heap   total 15360K, used 8907K [0x00000000f0000000, 0x0000000100000000)
  region size 1024K, 2 young (2048K), 1 survivors (1024K)
 Metaspace       used 2525K, committed 2624K, reserved 1114112K
  class space    used 280K, committed 320K, reserved 1048576K
}
Event: 1.133 GC heap after
{Heap after GC invocations=7 (full 0):
 garbage-first heap   total 15360K, used 8325K [0x00000000f0000000, 0x0000000100000000)
  region size 1024K, 1 young (1024K), 1 survivors (1024K)
 Metaspace       used 2525K, committed 2624K, reserved 1114112K
  class space    used 280K, committed 320K, reserved 1048576K
}
Event: 1.176 GC heap before
{Heap before GC invocations=7 (full 0):
 garbage-first heap   total 15360K, used 8325K [0x00000000f0000000, 0x0000000100000000)
  region size 1024K, 2 young (2048K), 1 survivors (1024K)
 Metaspace       used 2745K, committed 2880K, reserved 1114112K
  class space    used 311K, committed 384K, reserved 1048576K
}
Event: 1.179 GC heap after
{Heap after GC invocations=8 (full 0):
 garbage-first heap   total 44032K, used 8329K [0x00000000f0000000, 0x0000000100000000)
  region size 1024K, 1 young (1024K), 1 survivors (1024K)
 Metaspace       used 2745K, committed 2880K, reserved 1114112K
  class space    used 311K, committed 384K, reserved 1048576K
}
Event: 1.614 GC heap before
{Heap before GC invocations=8 (full 0):
 garbage-first heap   total 44032K, used 24713K [0x00000000f0000000, 0x0000000100000000)
  region size 1024K, 14 young (14336K), 1 survivors (1024K)
 Metaspace       used 3199K, committed 3392K, reserved 1114112K
  class space    used 343K, committed 448K, reserved 1048576K
}
Event: 1.621 GC heap after
{Heap after GC invocations=9 (full 0):
 garbage-first heap   total 44032K, used 15828K [0x00000000f0000000, 0x0000000100000000)
  region size 1024K, 2 young (2048K), 2 survivors (2048K)
 Metaspace       used 3199K, committed 3392K, reserved 1114112K
  class space    used 343K, committed 448K, reserved 1048576K
}
Event: 2.441 GC heap before
{Heap before GC invocations=9 (full 0):
 garbage-first heap   total 44032K, used 26068K [0x00000000f0000000, 0x0000000100000000)
  region size 1024K, 13 young (13312K), 2 survivors (2048K)
 Metaspace       used 9179K, committed 9344K, reserved 1114112K
  class space    used 1006K, committed 1088K, reserved 1048576K
}
Event: 2.448 GC heap after
{Heap after GC invocations=10 (full 0):
 garbage-first heap   total 44032K, used 18432K [0x00000000f0000000, 0x0000000100000000)
  region size 1024K, 2 young (2048K), 2 survivors (2048K)
 Metaspace       used 9179K, committed 9344K, reserved 1114112K
  class space    used 1006K, committed 1088K, reserved 1048576K
}
Event: 2.522 GC heap before
{Heap before GC invocations=10 (full 0):
 garbage-first heap   total 44032K, used 29696K [0x00000000f0000000, 0x0000000100000000)
  region size 1024K, 13 young (13312K), 2 survivors (2048K)
 Metaspace       used 9245K, committed 9408K, reserved 1114112K
  class space    used 1006K, committed 1088K, reserved 1048576K
}
Event: 2.527 GC heap after
{Heap after GC invocations=11 (full 0):
 garbage-first heap   total 44032K, used 23010K [0x00000000f0000000, 0x0000000100000000)
  region size 1024K, 2 young (2048K), 2 survivors (2048K)
 Metaspace       used 9245K, committed 9408K, reserved 1114112K
  class space    used 1006K, committed 1088K, reserved 1048576K
}
Event: 2.592 GC heap before
{Heap before GC invocations=11 (full 0):
 garbage-first heap   total 44032K, used 32226K [0x00000000f0000000, 0x0000000100000000)
  region size 1024K, 11 young (11264K), 2 survivors (2048K)
 Metaspace       used 9265K, committed 9472K, reserved 1114112K
  class space    used 1006K, committed 1088K, reserved 1048576K
}
Event: 2.596 GC heap after
{Heap after GC invocations=12 (full 0):
 garbage-first heap   total 44032K, used 25877K [0x00000000f0000000, 0x0000000100000000)
  region size 1024K, 2 young (2048K), 2 survivors (2048K)
 Metaspace       used 9265K, committed 9472K, reserved 1114112K
  class space    used 1006K, committed 1088K, reserved 1048576K
}
Event: 2.674 GC heap before
{Heap before GC invocations=13 (full 0):
 garbage-first heap   total 45056K, used 32021K [0x00000000f0000000, 0x0000000100000000)
  region size 1024K, 10 young (10240K), 2 survivors (2048K)
 Metaspace       used 9280K, committed 9472K, reserved 1114112K
  class space    used 1006K, committed 1088K, reserved 1048576K
}
Event: 2.677 GC heap after
{Heap after GC invocations=14 (full 0):
 garbage-first heap   total 45056K, used 27648K [0x00000000f0000000, 0x0000000100000000)
  region size 1024K, 2 young (2048K), 2 survivors (2048K)
 Metaspace       used 9280K, committed 9472K, reserved 1114112K
  class space    used 1006K, committed 1088K, reserved 1048576K
}
Event: 2.743 GC heap before
{Heap before GC invocations=14 (full 0):
 garbage-first heap   total 45056K, used 35840K [0x00000000f0000000, 0x0000000100000000)
  region size 1024K, 10 young (10240K), 2 survivors (2048K)
 Metaspace       used 9299K, committed 9472K, reserved 1114112K
  class space    used 1006K, committed 1088K, reserved 1048576K
}
Event: 2.747 GC heap after
{Heap after GC invocations=15 (full 0):
 garbage-first heap   total 45056K, used 29260K [0x00000000f0000000, 0x0000000100000000)
  region size 1024K, 2 young (2048K), 2 survivors (2048K)
 Metaspace       used 9299K, committed 9472K, reserved 1114112K
  class space    used 1006K, committed 1088K, reserved 1048576K
}
Event: 2.803 GC heap before
{Heap before GC invocations=15 (full 0):
 garbage-first heap   total 45056K, used 35404K [0x00000000f0000000, 0x0000000100000000)
  region size 1024K, 9 young (9216K), 2 survivors (2048K)
 Metaspace       used 9313K, committed 9472K, reserved 1114112K
  class space    used 1006K, committed 1088K, reserved 1048576K
}
Event: 2.807 GC heap after
{Heap after GC invocations=16 (full 0):
 garbage-first heap   total 61440K, used 31612K [0x00000000f0000000, 0x0000000100000000)
  region size 1024K, 2 young (2048K), 2 survivors (2048K)
 Metaspace       used 9313K, committed 9472K, reserved 1114112K
  class space    used 1006K, committed 1088K, reserved 1048576K
}
Event: 3.234 GC heap before
{Heap before GC invocations=17 (full 0):
 garbage-first heap   total 61440K, used 41852K [0x00000000f0000000, 0x0000000100000000)
  region size 1024K, 16 young (16384K), 2 survivors (2048K)
 Metaspace       used 9930K, committed 10112K, reserved 1114112K
  class space    used 1076K, committed 1152K, reserved 1048576K
}
Event: 3.241 GC heap after
{Heap after GC invocations=18 (full 0):
 garbage-first heap   total 61440K, used 32674K [0x00000000f0000000, 0x0000000100000000)
  region size 1024K, 2 young (2048K), 2 survivors (2048K)
 Metaspace       used 9930K, committed 10112K, reserved 1114112K
  class space    used 1076K, committed 1152K, reserved 1048576K
}

Dll operation events (6 events):
Event: 0.008 Loaded shared library D:\mailon\Java\jdk-21.0.10\bin\java.dll
Event: 0.329 Loaded shared library D:\mailon\Java\jdk-21.0.10\bin\jsvml.dll
Event: 0.389 Loaded shared library D:\mailon\Java\jdk-21.0.10\bin\jimage.dll
Event: 0.852 Loaded shared library D:\mailon\Java\jdk-21.0.10\bin\net.dll
Event: 0.854 Loaded shared library D:\mailon\Java\jdk-21.0.10\bin\nio.dll
Event: 1.248 Loaded shared library D:\mailon\Java\jdk-21.0.10\bin\zip.dll

Deoptimization events (20 events):
Event: 2.885 Thread 0x000001836ac19f60 Uncommon trap: trap_request=0xffffff45 fr.pc=0x0000018307b81f54 relative=0x00000000000002f4
Event: 2.885 Thread 0x000001836ac19f60 Uncommon trap: reason=unstable_if action=reinterpret pc=0x0000018307b81f54 method=java.time.LocalDate.compareTo0(Ljava/time/LocalDate;)I @ 25 c2
Event: 2.885 Thread 0x000001836ac19f60 DEOPT PACKING pc=0x0000018307b81f54 sp=0x00000006442fdc60
Event: 2.885 Thread 0x000001836ac19f60 DEOPT UNPACKING pc=0x00000183075846a2 sp=0x00000006442fd938 mode 2
Event: 2.885 Thread 0x000001836ac19f60 Uncommon trap: trap_request=0xffffff45 fr.pc=0x0000018307b62100 relative=0x0000000000000140
Event: 2.886 Thread 0x000001836ac19f60 Uncommon trap: reason=unstable_if action=reinterpret pc=0x0000018307b62100 method=java.time.LocalDate.compareTo0(Ljava/time/LocalDate;)I @ 25 c2
Event: 2.886 Thread 0x000001836ac19f60 DEOPT PACKING pc=0x0000018307b62100 sp=0x00000006442fdbe0
Event: 2.886 Thread 0x000001836ac19f60 DEOPT UNPACKING pc=0x00000183075846a2 sp=0x00000006442fd9b8 mode 2
Event: 2.886 Thread 0x000001836ac19f60 Uncommon trap: trap_request=0xffffff45 fr.pc=0x0000018307b5acd4 relative=0x00000000000000b4
Event: 2.886 Thread 0x000001836ac19f60 Uncommon trap: reason=unstable_if action=reinterpret pc=0x0000018307b5acd4 method=java.time.LocalDate.compareTo0(Ljava/time/LocalDate;)I @ 25 c2
Event: 2.886 Thread 0x000001836ac19f60 DEOPT PACKING pc=0x0000018307b5acd4 sp=0x00000006442fdb50
Event: 2.886 Thread 0x000001836ac19f60 DEOPT UNPACKING pc=0x00000183075846a2 sp=0x00000006442fd9b8 mode 2
Event: 2.953 Thread 0x000001836ac19f60 Uncommon trap: trap_request=0xffffff45 fr.pc=0x0000018307b87cf8 relative=0x0000000000002e18
Event: 2.953 Thread 0x000001836ac19f60 Uncommon trap: reason=unstable_if action=reinterpret pc=0x0000018307b87cf8 method=java.nio.file.FileTreeWalker.visit(Ljava/nio/file/Path;ZZ)Ljava/nio/file/FileTreeWalker$Event; @ 84 c2
Event: 2.953 Thread 0x000001836ac19f60 DEOPT PACKING pc=0x0000018307b87cf8 sp=0x00000006442fe440
Event: 2.953 Thread 0x000001836ac19f60 DEOPT UNPACKING pc=0x00000183075846a2 sp=0x00000006442fe4a0 mode 2
Event: 2.993 Thread 0x000001836ac19f60 Uncommon trap: trap_request=0xffffff45 fr.pc=0x0000018307b5528c relative=0x000000000000006c
Event: 2.993 Thread 0x000001836ac19f60 Uncommon trap: reason=unstable_if action=reinterpret pc=0x0000018307b5528c method=com.sun.tools.javac.jvm.PoolReader.sizeof(I)I @ 1 c2
Event: 2.993 Thread 0x000001836ac19f60 DEOPT PACKING pc=0x0000018307b5528c sp=0x00000006442fe040
Event: 2.993 Thread 0x000001836ac19f60 DEOPT UNPACKING pc=0x00000183075846a2 sp=0x00000006442fdfd0 mode 2

Classes loaded (20 events):
Event: 2.909 Loading class java/util/stream/SpinedBuffer
Event: 2.910 Loading class java/util/stream/AbstractSpinedBuffer
Event: 2.910 Loading class java/util/stream/AbstractSpinedBuffer done
Event: 2.910 Loading class java/util/stream/SpinedBuffer done
Event: 2.910 Loading class java/util/stream/Nodes$SpinedNodeBuilder done
Event: 2.910 Loading class sun/nio/fs/WindowsPath$WindowsPathWithAttributes
Event: 2.910 Loading class sun/nio/fs/WindowsPath$WindowsPathWithAttributes done
Event: 2.917 Loading class java/lang/invoke/MethodHandle$1
Event: 2.917 Loading class java/lang/invoke/MethodHandle$1 done
Event: 2.953 Loading class java/nio/file/FileTreeWalker$1
Event: 2.953 Loading class java/nio/file/FileTreeWalker$1 done
Event: 3.012 Loading class java/util/LinkedList$Node
Event: 3.013 Loading class java/util/LinkedList$Node done
Event: 3.516 Loading class java/util/stream/ReduceOps$1
Event: 3.516 Loading class java/util/stream/ReduceOps$1 done
Event: 3.516 Loading class java/util/stream/ReduceOps$1ReducingSink
Event: 3.517 Loading class java/util/stream/ReduceOps$1ReducingSink done
Event: 3.529 Loading class java/lang/reflect/InvocationTargetException
Event: 3.529 Loading class java/lang/reflect/InvocationTargetException done
Event: 4.545 Loading class java/util/zip/ZipInputStream

Classes unloaded (0 events):
No events

Classes redefined (0 events):
No events

Internal exceptions (20 events):
Event: 3.403 Thread 0x000001836ac19f60 Exception <a 'sun/nio/fs/WindowsException'{0x00000000f3624a30}> (0x00000000f3624a30) 
thrown [s\open\src\hotspot\share\prims\jni.cpp, line 520]
Event: 3.403 Thread 0x000001836ac19f60 Exception <a 'sun/nio/fs/WindowsException'{0x00000000f3625388}> (0x00000000f3625388) 
thrown [s\open\src\hotspot\share\prims\jni.cpp, line 520]
Event: 3.403 Thread 0x000001836ac19f60 Exception <a 'sun/nio/fs/WindowsException'{0x00000000f3626798}> (0x00000000f3626798) 
thrown [s\open\src\hotspot\share\prims\jni.cpp, line 520]
Event: 3.403 Thread 0x000001836ac19f60 Exception <a 'sun/nio/fs/WindowsException'{0x00000000f3628458}> (0x00000000f3628458) 
thrown [s\open\src\hotspot\share\prims\jni.cpp, line 520]
Event: 3.403 Thread 0x000001836ac19f60 Exception <a 'sun/nio/fs/WindowsException'{0x00000000f3628e70}> (0x00000000f3628e70) 
thrown [s\open\src\hotspot\share\prims\jni.cpp, line 520]
Event: 3.459 Thread 0x000001836ac19f60 Exception <a 'sun/nio/fs/WindowsException'{0x00000000f369fd30}> (0x00000000f369fd30) 
thrown [s\open\src\hotspot\share\prims\jni.cpp, line 520]
Event: 3.460 Thread 0x000001836ac19f60 Exception <a 'sun/nio/fs/WindowsException'{0x00000000f36a0810}> (0x00000000f36a0810) 
thrown [s\open\src\hotspot\share\prims\jni.cpp, line 520]
Event: 3.460 Thread 0x000001836ac19f60 Exception <a 'sun/nio/fs/WindowsException'{0x00000000f36a2b70}> (0x00000000f36a2b70) 
thrown [s\open\src\hotspot\share\prims\jni.cpp, line 520]
Event: 3.460 Thread 0x000001836ac19f60 Exception <a 'sun/nio/fs/WindowsException'{0x00000000f36a7938}> (0x00000000f36a7938) 
thrown [s\open\src\hotspot\share\prims\jni.cpp, line 520]
Event: 3.460 Thread 0x000001836ac19f60 Exception <a 'sun/nio/fs/WindowsException'{0x00000000f36a83f0}> (0x00000000f36a83f0) 
thrown [s\open\src\hotspot\share\prims\jni.cpp, line 520]
Event: 3.461 Thread 0x000001836ac19f60 Exception <a 'sun/nio/fs/WindowsException'{0x00000000f36b0838}> (0x00000000f36b0838) 
thrown [s\open\src\hotspot\share\prims\jni.cpp, line 520]
Event: 3.461 Thread 0x000001836ac19f60 Exception <a 'sun/nio/fs/WindowsException'{0x00000000f36b11c0}> (0x00000000f36b11c0) 
thrown [s\open\src\hotspot\share\prims\jni.cpp, line 520]
Event: 3.461 Thread 0x000001836ac19f60 Exception <a 'sun/nio/fs/WindowsException'{0x00000000f36bf5e0}> (0x00000000f36bf5e0) 
thrown [s\open\src\hotspot\share\prims\jni.cpp, line 520]
Event: 3.462 Thread 0x000001836ac19f60 Exception <a 'sun/nio/fs/WindowsException'{0x00000000f36e79f0}> (0x00000000f36e79f0) 
thrown [s\open\src\hotspot\share\prims\jni.cpp, line 520]
Event: 3.462 Thread 0x000001836ac19f60 Exception <a 'sun/nio/fs/WindowsException'{0x00000000f36e8438}> (0x00000000f36e8438) 
thrown [s\open\src\hotspot\share\prims\jni.cpp, line 520]
Event: 3.474 Thread 0x000001836ac19f60 Exception <a 'sun/nio/fs/WindowsException'{0x00000000f36ff3c0}> (0x00000000f36ff3c0) 
thrown [s\open\src\hotspot\share\prims\jni.cpp, line 520]
Event: 3.475 Thread 0x000001836ac19f60 Exception <a 'sun/nio/fs/WindowsException'{0x00000000f36ffce8}> (0x00000000f36ffce8) 
thrown [s\open\src\hotspot\share\prims\jni.cpp, line 520]
Event: 3.475 Thread 0x000001836ac19f60 Exception <a 'sun/nio/fs/WindowsException'{0x00000000f351e3b0}> (0x00000000f351e3b0) 
thrown [s\open\src\hotspot\share\prims\jni.cpp, line 520]
Event: 3.476 Thread 0x000001836ac19f60 Exception <a 'sun/nio/fs/WindowsException'{0x00000000f35665b0}> (0x00000000f35665b0) 
thrown [s\open\src\hotspot\share\prims\jni.cpp, line 520]
Event: 3.476 Thread 0x000001836ac19f60 Exception <a 'sun/nio/fs/WindowsException'{0x00000000f3566f98}> (0x00000000f3566f98) 
thrown [s\open\src\hotspot\share\prims\jni.cpp, line 520]

ZGC Phase Switch (0 events):
No events

VM Operations (20 events):
Event: 2.743 Executing VM operation: G1CollectForAllocation (G1 Evacuation Pause)
Event: 2.747 Executing VM operation: G1CollectForAllocation (G1 Evacuation Pause) done
Event: 2.803 Executing VM operation: G1CollectForAllocation (G1 Evacuation Pause)
Event: 2.807 Executing VM operation: G1CollectForAllocation (G1 Evacuation Pause) done
Event: 2.817 Executing VM operation: G1PauseRemark
Event: 2.819 Executing VM operation: G1PauseRemark done
Event: 2.825 Executing VM operation: G1PauseCleanup
Event: 2.825 Executing VM operation: G1PauseCleanup done
Event: 2.908 Executing VM operation: HandshakeAllThreads (Deoptimize)
Event: 2.908 Executing VM operation: HandshakeAllThreads (Deoptimize) done
Event: 2.911 Executing VM operation: HandshakeAllThreads (Deoptimize)
Event: 2.911 Executing VM operation: HandshakeAllThreads (Deoptimize) done
Event: 3.025 Executing VM operation: HandshakeAllThreads (Deoptimize)
Event: 3.025 Executing VM operation: HandshakeAllThreads (Deoptimize) done
Event: 3.233 Executing VM operation: ICBufferFull
Event: 3.233 Executing VM operation: ICBufferFull done
Event: 3.234 Executing VM operation: G1CollectForAllocation (G1 Evacuation Pause)
Event: 3.241 Executing VM operation: G1CollectForAllocation (G1 Evacuation Pause) done
Event: 4.242 Executing VM operation: Cleanup
Event: 4.242 Executing VM operation: Cleanup done

Events (20 events):
Event: 2.606 Thread 0x000001836b26d050 flushing nmethod 0x0000018300086b10
Event: 2.606 Thread 0x000001836b26d050 flushing nmethod 0x0000018300087390
Event: 2.818 Thread 0x000001836b26d050 flushing nmethod 0x0000018307af8090
Event: 2.818 Thread 0x000001836b26d050 flushing nmethod 0x0000018300000010
Event: 2.818 Thread 0x000001836b26d050 flushing nmethod 0x0000018300003a90
Event: 2.818 Thread 0x000001836b26d050 flushing nmethod 0x0000018300004690
Event: 2.818 Thread 0x000001836b26d050 flushing nmethod 0x000001830000bc90
Event: 2.818 Thread 0x000001836b26d050 flushing nmethod 0x0000018300030910
Event: 2.818 Thread 0x000001836b26d050 flushing nmethod 0x0000018300059a90
Event: 2.818 Thread 0x000001836b26d050 flushing nmethod 0x000001830005cc10
Event: 2.818 Thread 0x000001836b26d050 flushing nmethod 0x000001830008de10
Event: 2.818 Thread 0x000001836b26d050 flushing nmethod 0x000001830008e310
Event: 2.818 Thread 0x000001836b26d050 flushing nmethod 0x000001830008ee10
Event: 2.818 Thread 0x000001836b26d050 flushing nmethod 0x0000018307afce90
Event: 2.818 Thread 0x000001836b26d050 flushing nmethod 0x0000018300016290
Event: 2.818 Thread 0x000001836b26d050 flushing nmethod 0x0000018300069990
Event: 3.130 Thread 0x000001837d7fd640 Thread exited: 0x000001837d7fd640
Event: 3.130 Thread 0x000001837d5aa560 Thread exited: 0x000001837d5aa560
Event: 3.206 Thread 0x000001837e5b2690 Thread added: 0x000001837e5b2690
Event: 3.209 Thread 0x000001837e68d550 Thread added: 0x000001837e68d550


Dynamic libraries:
0x00007ff7af370000 - 0x00007ff7af378000 	D:\mailon\Java\jdk-21.0.10\bin\javac.exe
0x00007ffe20340000 - 0x00007ffe205a7000 	C:\WINDOWS\SYSTEM32\ntdll.dll
0x00007ffe1f710000 - 0x00007ffe1f7d9000 	C:\WINDOWS\System32\KERNEL32.DLL
0x00007ffe1ce40000 - 0x00007ffe1d234000 	C:\WINDOWS\System32\KERNELBASE.dll
0x00007ffe1df80000 - 0x00007ffe1e0cb000 	C:\WINDOWS\System32\ucrtbase.dll
0x00007ffe175b0000 - 0x00007ffe175ce000 	D:\mailon\Java\jdk-21.0.10\bin\VCRUNTIME140.dll
0x00007ffe175d0000 - 0x00007ffe175e9000 	D:\mailon\Java\jdk-21.0.10\bin\jli.dll
0x00007ffe20240000 - 0x00007ffe202f6000 	C:\WINDOWS\System32\ADVAPI32.dll
0x00007ffe1f540000 - 0x00007ffe1f5e9000 	C:\WINDOWS\System32\msvcrt.dll
0x00007ffe1f7e0000 - 0x00007ffe1f887000 	C:\WINDOWS\System32\sechost.dll
0x00007ffe1f5f0000 - 0x00007ffe1f708000 	C:\WINDOWS\System32\RPCRT4.dll
0x00007ffe1ee10000 - 0x00007ffe1efd5000 	C:\WINDOWS\System32\USER32.dll
0x00007ffe1ce10000 - 0x00007ffe1ce37000 	C:\WINDOWS\System32\win32u.dll
0x00007ffe1f890000 - 0x00007ffe1f8bb000 	C:\WINDOWS\System32\GDI32.dll
0x00007ffe0c8f0000 - 0x00007ffe0cb83000 	C:\WINDOWS\WinSxS\amd64_microsoft.windows.common-controls_6595b64144ccf1df_6.0.26100.8115_none_3e075c82e3354f9c\COMCTL32.dll
0x00007ffe1dab0000 - 0x00007ffe1dbdb000 	C:\WINDOWS\System32\gdi32full.dll
0x00007ffe1ded0000 - 0x00007ffe1df73000 	C:\WINDOWS\System32\msvcp_win.dll
0x00007ffe16170000 - 0x00007ffe1617b000 	C:\WINDOWS\SYSTEM32\VERSION.dll
0x00007ffe1e170000 - 0x00007ffe1e1a2000 	C:\WINDOWS\System32\IMM32.DLL
0x00007ffe17510000 - 0x00007ffe1751c000 	D:\mailon\Java\jdk-21.0.10\bin\vcruntime140_1.dll
0x00007ffe02390000 - 0x00007ffe0241d000 	D:\mailon\Java\jdk-21.0.10\bin\msvcp140.dll
0x00007ffd68fa0000 - 0x00007ffd69cc7000 	D:\mailon\Java\jdk-21.0.10\bin\server\jvm.dll
0x00007ffe201b0000 - 0x00007ffe20230000 	C:\WINDOWS\System32\WS2_32.dll
0x00007ffe1ca90000 - 0x00007ffe1caee000 	C:\WINDOWS\SYSTEM32\POWRPROF.dll
0x00007ffdfca90000 - 0x00007ffdfcac6000 	C:\WINDOWS\SYSTEM32\WINMM.dll
0x00007ffe1ca70000 - 0x00007ffe1ca84000 	C:\WINDOWS\SYSTEM32\UMPDC.dll
0x00007ffe1b970000 - 0x00007ffe1b98b000 	C:\WINDOWS\SYSTEM32\kernel.appcore.dll
0x00007ffe17500000 - 0x00007ffe1750a000 	D:\mailon\Java\jdk-21.0.10\bin\jimage.dll
0x00007ffe0d0b0000 - 0x00007ffe0d2f2000 	C:\WINDOWS\SYSTEM32\DBGHELP.DLL
0x00007ffe1e7e0000 - 0x00007ffe1eb62000 	C:\WINDOWS\System32\combase.dll
0x00007ffe1f0d0000 - 0x00007ffe1f1a8000 	C:\WINDOWS\System32\OLEAUT32.dll
0x00007ffe033e0000 - 0x00007ffe0341b000 	C:\WINDOWS\SYSTEM32\dbgcore.DLL
0x00007ffe1dd60000 - 0x00007ffe1de05000 	C:\WINDOWS\System32\bcryptPrimitives.dll
0x00007ffe10450000 - 0x00007ffe10471000 	D:\mailon\Java\jdk-21.0.10\bin\java.dll
0x00007ffe1fa40000 - 0x00007ffe201a7000 	C:\WINDOWS\System32\SHELL32.dll
0x00007ffe1cc10000 - 0x00007ffe1cd7a000 	C:\WINDOWS\System32\wintypes.dll
0x00007ffe1d240000 - 0x00007ffe1daa8000 	C:\WINDOWS\System32\windows.storage.dll
0x00007ffe1f220000 - 0x00007ffe1f318000 	C:\WINDOWS\System32\SHCORE.dll
0x00007ffe1f9d0000 - 0x00007ffe1fa36000 	C:\WINDOWS\System32\shlwapi.dll
0x00007ffe1cb30000 - 0x00007ffe1cb59000 	C:\WINDOWS\SYSTEM32\profapi.dll
0x00007ffe00160000 - 0x00007ffe00237000 	D:\mailon\Java\jdk-21.0.10\bin\jsvml.dll
0x00007ffe10380000 - 0x00007ffe10391000 	D:\mailon\Java\jdk-21.0.10\bin\net.dll
0x00007ffe15b50000 - 0x00007ffe15c7d000 	C:\WINDOWS\SYSTEM32\WINHTTP.dll
0x00007ffe1bed0000 - 0x00007ffe1bf3c000 	C:\WINDOWS\system32\mswsock.dll
0x00007ffe0e890000 - 0x00007ffe0e8a6000 	D:\mailon\Java\jdk-21.0.10\bin\nio.dll
0x00007ffe0e870000 - 0x00007ffe0e888000 	D:\mailon\Java\jdk-21.0.10\bin\zip.dll
0x00007ffe17490000 - 0x00007ffe174a0000 	D:\mailon\Java\jdk-21.0.10\bin\verify.dll

dbghelp: loaded successfully - version: 4.0.5 - missing functions: none
symbol engine: initialized successfully - sym options: 0x614 - pdb path: .;D:\mailon\Java\jdk-21.0.10\bin;C:\WINDOWS\SYSTEM32;C:\WINDOWS\WinSxS\amd64_microsoft.windows.common-controls_6595b64144ccf1df_6.0.26100.8115_none_3e075c82e3354f9c;D:\mailon\Java\jdk-21.0.10\bin\server

VM Arguments:
jvm_args: -Dapplication.home=D:\mailon\Java\jdk-21.0.10 --add-modules=ALL-DEFAULT -Xms8m -Xmx256m -Djdk.module.main=jdk.compiler 
java_command: jdk.compiler/com.sun.tools.javac.Main @C:/Users/Usuario/AppData/Local/Temp/org.codehaus.plexus.compiler.javac.JavacCompiler2787445390121533571arguments
java_class_path (initial): <not set>
Launcher Type: SUN_STANDARD

[Global flags]
     intx CICompilerCount                          = 4                                         {product} {ergonomic}
     uint ConcGCThreads                            = 2                                         {product} {ergonomic}
     uint G1ConcRefinementThreads                  = 8                                         {product} {ergonomic}
   size_t G1HeapRegionSize                         = 1048576                                   {product} {ergonomic}
    uintx GCDrainStackTargetSize                   = 64                                        {product} {ergonomic}
   size_t InitialHeapSize                          = 8388608                                   {product} {command line}
   size_t MarkStackSize                            = 4194304                                   {product} {ergonomic}
   size_t MaxHeapSize                              = 268435456                                 {product} {command line}
   size_t MaxNewSize                               = 160432128                                 {product} {ergonomic}
   size_t MinHeapDeltaBytes                        = 1048576                                   {product} {ergonomic}
   size_t MinHeapSize                              = 8388608                                   {product} {command line}
    uintx NonNMethodCodeHeapSize                   = 5839372                                {pd product} {ergonomic}
    uintx NonProfiledCodeHeapSize                  = 122909434                              {pd product} {ergonomic}
    uintx ProfiledCodeHeapSize                     = 122909434                              {pd product} {ergonomic}
    uintx ReservedCodeCacheSize                    = 251658240                              {pd product} {ergonomic}
     bool SegmentedCodeCache                       = true                                      {product} {ergonomic}
   size_t SoftMaxHeapSize                          = 268435456                              {manageable} {ergonomic}
     bool UseCompressedOops                        = true                           {product lp64_product} {ergonomic}
     bool UseG1GC                                  = true                                      {product} {ergonomic}
     bool UseLargePagesIndividualAllocation        = false                                  {pd product} {ergonomic}

Logging:
Log output configuration:
 #0: stdout all=warning uptime,level,tags foldmultilines=false
 #1: stderr all=off uptime,level,tags foldmultilines=false

Environment Variables:
JAVA_HOME=D:/mailon/Java/jdk-21.0.10
PATH=D:\Program Files\Git\mingw64\bin;D:\Program Files\Git\usr\bin;C:\Users\Usuario\bin;C:\Program Files\Common Files\Oracle\Java\javapath;C:\WINDOWS\system32;C:\WINDOWS;C:\WINDOWS\System32\Wbem;C:\WINDOWS\System32\WindowsPowerShell\v1.0;C:\WINDOWS\System32\OpenSSH;D:\Program Files\nodejs;D:\mailon\Usuario\Desktop\apache-maven-3.9.14-bin (1)\apache-maven-3.9.14\bin;D:\Program Files\Git\cmd;C:\Users\Usuario\AppData\Local\Programs\Trae\bin;D:\mailon\Usuario\Downloads\ffmpeg-8.0.1-essentials_build\ffmpeg-8.0.1-essentials_build\bin;D:\mailon\Usuario\Desktop\apache-maven-3.9.14-bin (1)\apache-maven-3.9.14\bin;C:\Users\Usuario\AppData\Roaming\npm
USERNAME=Usuario
TERM=xterm-256color
OS=Windows_NT
PROCESSOR_IDENTIFIER=Intel64 Family 6 Model 142 Stepping 12, GenuineIntel
TMP=C:\Users\Usuario\AppData\Local\Temp
TEMP=C:\Users\Usuario\AppData\Local\Temp




Periodic native trim disabled

---------------  S Y S T E M  ---------------

OS:
 Windows 11 , 64 bit Build 26100 (10.0.26100.8246)
OS uptime: 5 days 17:51 hours
Hyper-V role detected

CPU: total 8 (initial active 8) (4 cores per cpu, 2 threads per core) family 6 model 142 stepping 12 microcode 0xde, cx8, cmov, fxsr, ht, mmx, 3dnowpref, sse, sse2, sse3, ssse3, sse4.1, sse4.2, popcnt, lzcnt, tsc, tscinvbit, avx, avx2, aes, erms, clmul, bmi1, bmi2, adx, fma, vzeroupper, clflush, clflushopt, hv, rdtscp, f16c
Processor Information for all 8 processors :
  Max Mhz: 1800, Current Mhz: 1600, Mhz Limit: 1584

Memory: 4k page, system-wide physical 8040M (865M free)
TotalPageFile size 32616M (AvailPageFile size 6M)
current process WorkingSet (physical memory assigned to process): 158M, peak: 158M
current process commit charge ("private bytes"): 190M, peak: 190M

vm_info: Java HotSpot(TM) 64-Bit Server VM (21.0.10+8-LTS-217) for windows-amd64 JRE (21.0.10+8-LTS-217), built on 2025-12-18T14:59:28Z by "mach5run" with MS VC++ 17.13 (VS2022)

END.
