#
# There is insufficient memory for the Java Runtime Environment to continue.
# Native memory allocation (mmap) failed to map 38797312 bytes for G1 virtual space
# Possible reasons:
#   The system is out of physical RAM or swap space
#   The process is running with CompressedOops enabled, and the Java Heap may be blocking the growth of the native heap
# Possible solutions:
#   Reduce memory load on the system
#   Increase physical memory or swap space
#   Check if swap backing store is full
#   Decrease Java heap size (-Xmx/-Xms)
#   Decrease number of Java threads
#   Decrease Java thread stack sizes (-Xss)
#   Set larger code cache with -XX:ReservedCodeCacheSize=
#   JVM is running with Unscaled Compressed Oops mode in which the Java heap is
#     placed in the first 4GB address space. The Java Heap base address is the
#     maximum limit for the native heap growth. Please use -XX:HeapBaseMinAddress
#     to set the Java Heap base and to place the Java Heap above 4GB virtual address.
# This output file may be truncated or incomplete.
#
#  Out of Memory Error (os_windows.cpp:3604), pid=30504, tid=27424
#
# JRE version: Java(TM) SE Runtime Environment (21.0.10+8) (build 21.0.10+8-LTS-217)
# Java VM: Java HotSpot(TM) 64-Bit Server VM (21.0.10+8-LTS-217, mixed mode, sharing, tiered, compressed oops, compressed class ptrs, g1 gc, windows-amd64)
# No core dump will be written. Minidumps are not enabled by default on client versions of Windows
#

---------------  S U M M A R Y ------------

Command Line: -Dapplication.home=D:\mailon\Java\jdk-21.0.10 --add-modules=ALL-DEFAULT -Xms8m -Xmx256m -Djdk.module.main=jdk.compiler jdk.compiler/com.sun.tools.javac.Main @C:/Users/Usuario/AppData/Local/Temp/org.codehaus.plexus.compiler.javac.JavacCompiler6155739821954263398arguments

Host: Intel(R) Core(TM) i5-8265U CPU @ 1.60GHz, 8 cores, 7G,  Windows 11 , 64 bit Build 26100 (10.0.26100.8246)
Time: Fri Apr 24 03:39:47 2026 Hora oficial do Brasil elapsed time: 2.998640 seconds (0d 0h 0m 2s)

---------------  T H R E A D  ---------------

Current thread (0x000002f58402dc20):  VMThread "VM Thread"          [id=27424, stack(0x000000f95c000000,0x000000f95c100000) (1024K)]

Stack: [0x000000f95c000000,0x000000f95c100000]
Native frames: (J=compiled Java code, j=interpreted, Vv=VM code, C=native code)
V  [jvm.dll+0x6d0b59]
V  [jvm.dll+0x85fd56]
V  [jvm.dll+0x86224e]
V  [jvm.dll+0x862923]
V  [jvm.dll+0x282a16]
V  [jvm.dll+0x6cd405]
V  [jvm.dll+0x6c1f8a]
V  [jvm.dll+0x35bcc8]
V  [jvm.dll+0x363986]
V  [jvm.dll+0x3b4a3e]
V  [jvm.dll+0x3b4ce8]
V  [jvm.dll+0x32f98c]
V  [jvm.dll+0x32fa17]
V  [jvm.dll+0x373c9c]
V  [jvm.dll+0x372441]
V  [jvm.dll+0x32f0d1]
V  [jvm.dll+0x371aaa]
V  [jvm.dll+0x86861f]
V  [jvm.dll+0x8699ac]
V  [jvm.dll+0x869ee1]
V  [jvm.dll+0x86a183]
V  [jvm.dll+0x80a83d]
V  [jvm.dll+0x6cf3fd]
C  [ucrtbase.dll+0x37b0]
C  [KERNEL32.DLL+0x2e8d7]
C  [ntdll.dll+0x8c3fc]

VM_Operation (0x000000f95b9fdd90): G1CollectForAllocation, mode: safepoint, requested by thread 0x000002f581c1cf10


---------------  P R O C E S S  ---------------

Threads class SMR info:
_java_thread_list=0x000002f5e45fb670, length=12, elements={
0x000002f581c1cf10, 0x000002f584044750, 0x000002f5840471c0, 0x000002f58404cc50,
0x000002f58404d910, 0x000002f58404e5d0, 0x000002f59e5003d0, 0x000002f59e50b400,
0x000002f59e51db70, 0x000002f59e7e77b0, 0x000002f59e879d10, 0x000002f59e51d4a0
}

Java Threads: ( => current thread )
  0x000002f581c1cf10 JavaThread "main"                              [_thread_blocked, id=19300, stack(0x000000f95b900000,0x000000f95ba00000) (1024K)]
  0x000002f584044750 JavaThread "Reference Handler"          daemon [_thread_blocked, id=33540, stack(0x000000f95c100000,0x000000f95c200000) (1024K)]
  0x000002f5840471c0 JavaThread "Finalizer"                  daemon [_thread_blocked, id=30212, stack(0x000000f95c200000,0x000000f95c300000) (1024K)]
  0x000002f58404cc50 JavaThread "Signal Dispatcher"          daemon [_thread_blocked, id=22636, stack(0x000000f95c300000,0x000000f95c400000) (1024K)]
  0x000002f58404d910 JavaThread "Attach Listener"            daemon [_thread_blocked, id=33068, stack(0x000000f95c400000,0x000000f95c500000) (1024K)]
  0x000002f58404e5d0 JavaThread "Service Thread"             daemon [_thread_blocked, id=34432, stack(0x000000f95c500000,0x000000f95c600000) (1024K)]
  0x000002f59e5003d0 JavaThread "Monitor Deflation Thread"   daemon [_thread_blocked, id=33940, stack(0x000000f95c600000,0x000000f95c700000) (1024K)]
  0x000002f59e50b400 JavaThread "C2 CompilerThread0"         daemon [_thread_blocked, id=24460, stack(0x000000f95c700000,0x000000f95c800000) (1024K)]
  0x000002f59e51db70 JavaThread "C1 CompilerThread0"         daemon [_thread_blocked, id=14000, stack(0x000000f95c800000,0x000000f95c900000) (1024K)]
  0x000002f59e7e77b0 JavaThread "Notification Thread"        daemon [_thread_blocked, id=25816, stack(0x000000f95c900000,0x000000f95ca00000) (1024K)]
  0x000002f59e879d10 JavaThread "Common-Cleaner"             daemon [_thread_blocked, id=22928, stack(0x000000f95ca00000,0x000000f95cb00000) (1024K)]
  0x000002f59e51d4a0 JavaThread "C2 CompilerThread1"         daemon [_thread_blocked, id=15580, stack(0x000000f95cb00000,0x000000f95cc00000) (1024K)]
Total: 12

Other Threads:
=>0x000002f58402dc20 VMThread "VM Thread"                           [id=27424, stack(0x000000f95c000000,0x000000f95c100000) (1024K)]
  0x000002f58401ba40 WatcherThread "VM Periodic Task Thread"        [id=24684, stack(0x000000f95bf00000,0x000000f95c000000) (1024K)]
  0x000002f583fa81b0 WorkerThread "GC Thread#0"                     [id=3248, stack(0x000000f95ba00000,0x000000f95bb00000) (1024K)]
  0x000002f59e9ea130 WorkerThread "GC Thread#1"                     [id=17052, stack(0x000000f95cc00000,0x000000f95cd00000) (1024K)]
  0x000002f59e9eb5c0 WorkerThread "GC Thread#2"                     [id=22472, stack(0x000000f95cd00000,0x000000f95ce00000) (1024K)]
  0x000002f59e9eb970 WorkerThread "GC Thread#3"                     [id=5472, stack(0x000000f95ce00000,0x000000f95cf00000) (1024K)]
  0x000002f5e41cdc50 WorkerThread "GC Thread#4"                     [id=16856, stack(0x000000f95d000000,0x000000f95d100000) (1024K)]
  0x000002f5e477b260 WorkerThread "GC Thread#5"                     [id=34704, stack(0x000000f95d100000,0x000000f95d200000) (1024K)]
  0x000002f5e53d1030 WorkerThread "GC Thread#6"                     [id=22048, stack(0x000000f95d200000,0x000000f95d300000) (1024K)]
  0x000002f583fab0b0 ConcurrentGCThread "G1 Main Marker"            [id=32224, stack(0x000000f95bb00000,0x000000f95bc00000) (1024K)]
  0x000002f583fabad0 WorkerThread "G1 Conc#0"                       [id=12832, stack(0x000000f95bc00000,0x000000f95bd00000) (1024K)]
  0x000002f59e9eafa0 WorkerThread "G1 Conc#1"                       [id=33524, stack(0x000000f95cf00000,0x000000f95d000000) (1024K)]
  0x000002f58400f210 ConcurrentGCThread "G1 Refine#0"               [id=34856, stack(0x000000f95bd00000,0x000000f95be00000) (1024K)]
  0x000002f58400fb40 ConcurrentGCThread "G1 Service"                [id=34800, stack(0x000000f95be00000,0x000000f95bf00000) (1024K)]
Total: 14

Threads with active compile tasks:
C2 CompilerThread0     3081 1774   !   4       java.nio.file.FileTreeWalker::next (144 bytes)
C2 CompilerThread1     3081 1786   !   4       jdk.nio.zipfs.ZipFileSystem::getFileAttributes (169 bytes)
Total: 2

VM state: at safepoint (normal execution)

VM Mutex/Monitor currently owned by a thread:  ([mutex/lock_event])
[0x00007ffd69be9f10] Threads_lock - owner thread: 0x000002f58402dc20
[0x00007ffd69bea010] Heap_lock - owner thread: 0x000002f581c1cf10

Heap address: 0x00000000f0000000, size: 256 MB, Compressed Oops mode: 32-bit

CDS archive(s) mapped at: [0x000002f59f000000-0x000002f59fc90000-0x000002f59fc90000), size 13172736, SharedBaseAddress: 0x000002f59f000000, ArchiveRelocationMode: 1.
Compressed class space mapped at: 0x000002f5a0000000-0x000002f5e0000000, reserved size: 1073741824
Narrow klass base: 0x000002f59f000000, Narrow klass shift: 0, Narrow klass range: 0x100000000

GC Precious Log:
 CardTable entry size: 512
 Card Set container configuration: InlinePtr #cards 5 size 8 Array Of Cards #cards 12 size 40 Howl #buckets 4 coarsen threshold 1843 Howl Bitmap #cards 512 size 80 coarsen threshold 460 Card regions per heap region 1 cards per card region 2048
 CPUs: 8 total, 8 available
 Memory: 8040M
 Large Page Support: Disabled
 NUMA Support: Disabled
 Compressed Oops: Enabled (32-bit)
 Heap Region Size: 1M
 Heap Min Capacity: 8M
 Heap Initial Capacity: 8M
 Heap Max Capacity: 256M
 Pre-touch: Disabled
 Parallel Workers: 8
 Concurrent Workers: 2
 Concurrent Refinement Workers: 8
 Periodic GC: Disabled

Heap:
 garbage-first heap   total 32768K, used 19303K [0x00000000f0000000, 0x0000000100000000)
  region size 1024K, 1 young (1024K), 1 survivors (1024K)
 Metaspace       used 9456K, committed 9600K, reserved 1114112K
  class space    used 1017K, committed 1088K, reserved 1048576K

Heap Regions: E=young(eden), S=young(survivor), O=old, HS=humongous(starts), HC=humongous(continues), CS=collection set, F=free, TAMS=top-at-mark-start, PB=parsable bottom
|   0|0x00000000f0000000, 0x00000000f0100000, 0x00000000f0100000|100%| O|  |TAMS 0x00000000f0100000| PB 0x00000000f0000000| Untracked 
|   1|0x00000000f0100000, 0x00000000f0200000, 0x00000000f0200000|100%|HS|  |TAMS 0x00000000f0200000| PB 0x00000000f0100000| Complete 
|   2|0x00000000f0200000, 0x00000000f0300000, 0x00000000f0300000|100%| O|  |TAMS 0x00000000f0300000| PB 0x00000000f0200000| Untracked 
|   3|0x00000000f0300000, 0x00000000f0400000, 0x00000000f0400000|100%| O|  |TAMS 0x00000000f0400000| PB 0x00000000f0300000| Untracked 
|   4|0x00000000f0400000, 0x00000000f0500000, 0x00000000f0500000|100%| O|  |TAMS 0x00000000f0500000| PB 0x00000000f0400000| Untracked 
|   5|0x00000000f0500000, 0x00000000f05d9e98, 0x00000000f0600000| 85%| O|  |TAMS 0x00000000f0500000| PB 0x00000000f0500000| Untracked 
|   6|0x00000000f0600000, 0x00000000f0600000, 0x00000000f0700000|  0%| F|  |TAMS 0x00000000f0600000| PB 0x00000000f0600000| Untracked 
|   7|0x00000000f0700000, 0x00000000f0700000, 0x00000000f0800000|  0%| F|  |TAMS 0x00000000f0700000| PB 0x00000000f0700000| Untracked 
|   8|0x00000000f0800000, 0x00000000f0900000, 0x00000000f0900000|100%|HS|  |TAMS 0x00000000f0900000| PB 0x00000000f0800000| Complete 
|   9|0x00000000f0900000, 0x00000000f0a00000, 0x00000000f0a00000|100%|HC|  |TAMS 0x00000000f0a00000| PB 0x00000000f0900000| Complete 
|  10|0x00000000f0a00000, 0x00000000f0b00000, 0x00000000f0b00000|100%|HC|  |TAMS 0x00000000f0b00000| PB 0x00000000f0a00000| Complete 
|  11|0x00000000f0b00000, 0x00000000f0c00000, 0x00000000f0c00000|100%| O|  |TAMS 0x00000000f0c00000| PB 0x00000000f0b00000| Untracked 
|  12|0x00000000f0c00000, 0x00000000f0d00000, 0x00000000f0d00000|100%| O|  |TAMS 0x00000000f0d00000| PB 0x00000000f0c00000| Untracked 
|  13|0x00000000f0d00000, 0x00000000f0e00000, 0x00000000f0e00000|100%| O|  |TAMS 0x00000000f0e00000| PB 0x00000000f0d00000| Untracked 
|  14|0x00000000f0e00000, 0x00000000f0f00000, 0x00000000f0f00000|100%| O|  |TAMS 0x00000000f0f00000| PB 0x00000000f0e00000| Untracked 
|  15|0x00000000f0f00000, 0x00000000f1000000, 0x00000000f1000000|100%| O|  |TAMS 0x00000000f1000000| PB 0x00000000f0f00000| Untracked 
|  16|0x00000000f1000000, 0x00000000f1100000, 0x00000000f1100000|100%| O|  |TAMS 0x00000000f1100000| PB 0x00000000f1000000| Untracked 
|  17|0x00000000f1100000, 0x00000000f1200000, 0x00000000f1200000|100%| O|  |TAMS 0x00000000f1200000| PB 0x00000000f1100000| Untracked 
|  18|0x00000000f1200000, 0x00000000f1300000, 0x00000000f1300000|100%| O|  |TAMS 0x00000000f1300000| PB 0x00000000f1200000| Untracked 
|  19|0x00000000f1300000, 0x00000000f1400000, 0x00000000f1400000|100%| O|  |TAMS 0x00000000f1335a80| PB 0x00000000f1300000| Untracked 
|  20|0x00000000f1400000, 0x00000000f1400000, 0x00000000f1500000|  0%| F|  |TAMS 0x00000000f1400000| PB 0x00000000f1400000| Untracked 
|  21|0x00000000f1500000, 0x00000000f1500000, 0x00000000f1600000|  0%| F|  |TAMS 0x00000000f1500000| PB 0x00000000f1500000| Untracked 
|  22|0x00000000f1600000, 0x00000000f1600000, 0x00000000f1700000|  0%| F|  |TAMS 0x00000000f1600000| PB 0x00000000f1600000| Untracked 
|  23|0x00000000f1700000, 0x00000000f1700000, 0x00000000f1800000|  0%| F|  |TAMS 0x00000000f1700000| PB 0x00000000f1700000| Untracked 
|  24|0x00000000f1800000, 0x00000000f1800000, 0x00000000f1900000|  0%| F|  |TAMS 0x00000000f1800000| PB 0x00000000f1800000| Untracked 
|  25|0x00000000f1900000, 0x00000000f1a00000, 0x00000000f1a00000|100%| S|CS|TAMS 0x00000000f1900000| PB 0x00000000f1900000| Complete 
|  26|0x00000000f1a00000, 0x00000000f1a00000, 0x00000000f1b00000|  0%| F|  |TAMS 0x00000000f1a00000| PB 0x00000000f1a00000| Untracked 
|  27|0x00000000f1b00000, 0x00000000f1b00000, 0x00000000f1c00000|  0%| F|  |TAMS 0x00000000f1b00000| PB 0x00000000f1b00000| Untracked 
|  28|0x00000000f1c00000, 0x00000000f1c00000, 0x00000000f1d00000|  0%| F|  |TAMS 0x00000000f1c00000| PB 0x00000000f1c00000| Untracked 
|  29|0x00000000f1d00000, 0x00000000f1d00000, 0x00000000f1e00000|  0%| F|  |TAMS 0x00000000f1d00000| PB 0x00000000f1d00000| Untracked 
|  30|0x00000000f1e00000, 0x00000000f1e00000, 0x00000000f1f00000|  0%| F|  |TAMS 0x00000000f1e00000| PB 0x00000000f1e00000| Untracked 
|  31|0x00000000f1f00000, 0x00000000f1f00000, 0x00000000f2000000|  0%| F|  |TAMS 0x00000000f1f00000| PB 0x00000000f1f00000| Untracked 

Card table byte_map: [0x000002f583e80000,0x000002f583f00000] _byte_map_base: 0x000002f583700000

Marking Bits: (CMBitMap*) 0x000002f583fa87d0
 Bits: [0x000002f59b760000, 0x000002f59bb60000)

Polling page: 0x000002f581ec0000

Metaspace:

Usage:
  Non-class:      8.24 MB used.
      Class:   1017.21 KB used.
       Both:      9.23 MB used.

Virtual space:
  Non-class space:       64.00 MB reserved,       8.31 MB ( 13%) committed,  1 nodes.
      Class space:        1.00 GB reserved,       1.06 MB ( <1%) committed,  1 nodes.
             Both:        1.06 GB reserved,       9.38 MB ( <1%) committed. 

Chunk freelists:
   Non-Class:  5.77 MB
       Class:  14.91 MB
        Both:  20.67 MB

MaxMetaspaceSize: unlimited
CompressedClassSpaceSize: 1.00 GB
Initial GC threshold: 21.00 MB
Current GC threshold: 21.00 MB
CDS: on
 - commit_granule_bytes: 65536.
 - commit_granule_words: 8192.
 - virtual_space_node_default_size: 8388608.
 - enlarge_chunks_in_place: 1.
 - use_allocation_guard: 0.


Internal statistics:

num_allocs_failed_limit: 0.
num_arena_births: 66.
num_arena_deaths: 0.
num_vsnodes_births: 2.
num_vsnodes_deaths: 0.
num_space_committed: 150.
num_space_uncommitted: 0.
num_chunks_returned_to_freelist: 0.
num_chunks_taken_from_freelist: 360.
num_chunk_merges: 0.
num_chunk_splits: 259.
num_chunks_enlarged: 207.
num_inconsistent_stats: 0.

CodeHeap 'non-profiled nmethods': size=120000Kb used=701Kb max_used=701Kb free=119298Kb
 bounds [0x000002f593f00000, 0x000002f594170000, 0x000002f59b430000]
CodeHeap 'profiled nmethods': size=120000Kb used=3566Kb max_used=3566Kb free=116433Kb
 bounds [0x000002f58c430000, 0x000002f58c7b0000, 0x000002f593960000]
CodeHeap 'non-nmethods': size=5760Kb used=1367Kb max_used=1431Kb free=4393Kb
 bounds [0x000002f593960000, 0x000002f593bd0000, 0x000002f593f00000]
 total_blobs=2149 nmethods=1680 adapters=374
 compilation: enabled
              stopped_count=0, restarted_count=0
 full_count=0

Compilation events (20 events):
Event: 1.818 Thread 0x000002f59e51db70 1791       3       jdk.nio.zipfs.ZipPath::compareTo (87 bytes)
Event: 1.818 Thread 0x000002f59e51db70 nmethod 1791 0x000002f58c7a8410 code [0x000002f58c7a8640, 0x000002f58c7a8e68]
Event: 1.822 Thread 0x000002f59e51db70 1794       3       java.util.concurrent.locks.ReentrantReadWriteLock$Sync::tryRelease (51 bytes)
Event: 1.822 Thread 0x000002f59e51db70 nmethod 1794 0x000002f58c7a9190 code [0x000002f58c7a9360, 0x000002f58c7a97b8]
Event: 1.827 Thread 0x000002f59e50b400 nmethod 1788 0x000002f593fadb10 code [0x000002f593fadd00, 0x000002f593fae858]
Event: 1.827 Thread 0x000002f59e50b400 1795       4       jdk.nio.zipfs.ZipConstants::pkSigAt (60 bytes)
Event: 1.829 Thread 0x000002f59e50b400 nmethod 1795 0x000002f593faeb90 code [0x000002f593faed20, 0x000002f593faee58]
Event: 1.829 Thread 0x000002f59e50b400 1774   !   4       java.nio.file.FileTreeWalker::next (144 bytes)
Event: 1.841 Thread 0x000002f59e51db70 1800       3       java.io.FileDescriptor::<init> (17 bytes)
Event: 1.841 Thread 0x000002f59e51db70 nmethod 1800 0x000002f58c7a9910 code [0x000002f58c7a9ac0, 0x000002f58c7a9c40]
Event: 1.841 Thread 0x000002f59e51db70 1801       3       java.io.FileCleanable::register (49 bytes)
Event: 1.842 Thread 0x000002f59e51db70 nmethod 1801 0x000002f58c7a9d10 code [0x000002f58c7a9f20, 0x000002f58c7aa768]
Event: 1.845 Thread 0x000002f59e51db70 1802       3       java.util.concurrent.locks.ReentrantReadWriteLock$WriteLock::lock (9 bytes)
Event: 1.845 Thread 0x000002f59e51db70 nmethod 1802 0x000002f58c7aaa90 code [0x000002f58c7aac40, 0x000002f58c7aad88]
Event: 1.853 Thread 0x000002f59e51db70 1803       1       sun.nio.fs.WindowsPath::getPathForPermissionCheck (5 bytes)
Event: 1.853 Thread 0x000002f59e51db70 nmethod 1803 0x000002f593faf410 code [0x000002f593faf5a0, 0x000002f593faf668]
Event: 1.855 Thread 0x000002f59e51db70 1805       3       jdk.nio.zipfs.ZipFileSystem$Entry::<init> (109 bytes)
Event: 1.855 Thread 0x000002f59e51db70 nmethod 1805 0x000002f58c7aae90 code [0x000002f58c7ab060, 0x000002f58c7ab420]
Event: 1.866 Thread 0x000002f59e51db70 1810       3       java.util.Collections::eq (22 bytes)
Event: 1.866 Thread 0x000002f59e51db70 nmethod 1810 0x000002f58c7ab590 code [0x000002f58c7ab740, 0x000002f58c7ab9a0]

GC Heap History (20 events):
Event: 0.284 GC heap after
{Heap after GC invocations=4 (full 0):
 garbage-first heap   total 12288K, used 6682K [0x00000000f0000000, 0x0000000100000000)
  region size 1024K, 1 young (1024K), 1 survivors (1024K)
 Metaspace       used 2522K, committed 2624K, reserved 1114112K
  class space    used 279K, committed 320K, reserved 1048576K
}
Event: 0.292 GC heap before
{Heap before GC invocations=4 (full 0):
 garbage-first heap   total 12288K, used 7706K [0x00000000f0000000, 0x0000000100000000)
  region size 1024K, 2 young (2048K), 1 survivors (1024K)
 Metaspace       used 2522K, committed 2624K, reserved 1114112K
  class space    used 279K, committed 320K, reserved 1048576K
}
Event: 0.296 GC heap after
{Heap after GC invocations=5 (full 0):
 garbage-first heap   total 12288K, used 7745K [0x00000000f0000000, 0x0000000100000000)
  region size 1024K, 1 young (1024K), 1 survivors (1024K)
 Metaspace       used 2522K, committed 2624K, reserved 1114112K
  class space    used 279K, committed 320K, reserved 1048576K
}
Event: 0.308 GC heap before
{Heap before GC invocations=6 (full 0):
 garbage-first heap   total 15360K, used 8769K [0x00000000f0000000, 0x0000000100000000)
  region size 1024K, 2 young (2048K), 1 survivors (1024K)
 Metaspace       used 2535K, committed 2688K, reserved 1114112K
  class space    used 282K, committed 384K, reserved 1048576K
}
Event: 0.311 GC heap after
{Heap after GC invocations=7 (full 0):
 garbage-first heap   total 30720K, used 8341K [0x00000000f0000000, 0x0000000100000000)
  region size 1024K, 1 young (1024K), 1 survivors (1024K)
 Metaspace       used 2535K, committed 2688K, reserved 1114112K
  class space    used 282K, committed 384K, reserved 1048576K
}
Event: 0.423 GC heap before
{Heap before GC invocations=7 (full 0):
 garbage-first heap   total 30720K, used 17557K [0x00000000f0000000, 0x0000000100000000)
  region size 1024K, 7 young (7168K), 1 survivors (1024K)
 Metaspace       used 3075K, committed 3264K, reserved 1114112K
  class space    used 339K, committed 448K, reserved 1048576K
}
Event: 0.432 GC heap after
{Heap after GC invocations=8 (full 0):
 garbage-first heap   total 30720K, used 15752K [0x00000000f0000000, 0x0000000100000000)
  region size 1024K, 1 young (1024K), 1 survivors (1024K)
 Metaspace       used 3075K, committed 3264K, reserved 1114112K
  class space    used 339K, committed 448K, reserved 1048576K
}
Event: 0.479 GC heap before
{Heap before GC invocations=8 (full 0):
 garbage-first heap   total 30720K, used 15752K [0x00000000f0000000, 0x0000000100000000)
  region size 1024K, 3 young (3072K), 1 survivors (1024K)
 Metaspace       used 3142K, committed 3328K, reserved 1114112K
  class space    used 343K, committed 448K, reserved 1048576K
}
Event: 0.482 GC heap after
{Heap after GC invocations=9 (full 0):
 garbage-first heap   total 30720K, used 16086K [0x00000000f0000000, 0x0000000100000000)
  region size 1024K, 1 young (1024K), 1 survivors (1024K)
 Metaspace       used 3142K, committed 3328K, reserved 1114112K
  class space    used 343K, committed 448K, reserved 1048576K
}
Event: 0.586 GC heap before
{Heap before GC invocations=10 (full 0):
 garbage-first heap   total 32768K, used 20182K [0x00000000f0000000, 0x0000000100000000)
  region size 1024K, 5 young (5120K), 1 survivors (1024K)
 Metaspace       used 3191K, committed 3392K, reserved 1114112K
  class space    used 343K, committed 448K, reserved 1048576K
}
Event: 0.587 GC heap after
{Heap after GC invocations=11 (full 0):
 garbage-first heap   total 32768K, used 16053K [0x00000000f0000000, 0x0000000100000000)
  region size 1024K, 1 young (1024K), 1 survivors (1024K)
 Metaspace       used 3191K, committed 3392K, reserved 1114112K
  class space    used 343K, committed 448K, reserved 1048576K
}
Event: 0.957 GC heap before
{Heap before GC invocations=11 (full 0):
 garbage-first heap   total 32768K, used 21173K [0x00000000f0000000, 0x0000000100000000)
  region size 1024K, 7 young (7168K), 1 survivors (1024K)
 Metaspace       used 6827K, committed 7040K, reserved 1114112K
  class space    used 785K, committed 896K, reserved 1048576K
}
Event: 0.961 GC heap after
{Heap after GC invocations=12 (full 0):
 garbage-first heap   total 32768K, used 16737K [0x00000000f0000000, 0x0000000100000000)
  region size 1024K, 1 young (1024K), 1 survivors (1024K)
 Metaspace       used 6827K, committed 7040K, reserved 1114112K
  class space    used 785K, committed 896K, reserved 1048576K
}
Event: 1.440 GC heap before
{Heap before GC invocations=12 (full 0):
 garbage-first heap   total 32768K, used 23905K [0x00000000f0000000, 0x0000000100000000)
  region size 1024K, 8 young (8192K), 1 survivors (1024K)
 Metaspace       used 9003K, committed 9216K, reserved 1114112K
  class space    used 977K, committed 1088K, reserved 1048576K
}
Event: 1.447 GC heap after
{Heap after GC invocations=13 (full 0):
 garbage-first heap   total 32768K, used 18725K [0x00000000f0000000, 0x0000000100000000)
  region size 1024K, 1 young (1024K), 1 survivors (1024K)
 Metaspace       used 9003K, committed 9216K, reserved 1114112K
  class space    used 977K, committed 1088K, reserved 1048576K
}
Event: 1.692 GC heap before
{Heap before GC invocations=14 (full 0):
 garbage-first heap   total 32768K, used 19749K [0x00000000f0000000, 0x0000000100000000)
  region size 1024K, 6 young (6144K), 1 survivors (1024K)
 Metaspace       used 9391K, committed 9536K, reserved 1114112K
  class space    used 1017K, committed 1088K, reserved 1048576K
}
Event: 1.698 GC heap after
{Heap after GC invocations=15 (full 0):
 garbage-first heap   total 32768K, used 16314K [0x00000000f0000000, 0x0000000100000000)
  region size 1024K, 1 young (1024K), 1 survivors (1024K)
 Metaspace       used 9391K, committed 9536K, reserved 1114112K
  class space    used 1017K, committed 1088K, reserved 1048576K
}
Event: 1.803 GC heap before
{Heap before GC invocations=15 (full 0):
 garbage-first heap   total 32768K, used 24506K [0x00000000f0000000, 0x0000000100000000)
  region size 1024K, 8 young (8192K), 1 survivors (1024K)
 Metaspace       used 9452K, committed 9600K, reserved 1114112K
  class space    used 1017K, committed 1088K, reserved 1048576K
}
Event: 1.812 GC heap after
{Heap after GC invocations=16 (full 0):
 garbage-first heap   total 32768K, used 17622K [0x00000000f0000000, 0x0000000100000000)
  region size 1024K, 1 young (1024K), 1 survivors (1024K)
 Metaspace       used 9452K, committed 9600K, reserved 1114112K
  class space    used 1017K, committed 1088K, reserved 1048576K
}
Event: 1.898 GC heap before
{Heap before GC invocations=16 (full 0):
 garbage-first heap   total 32768K, used 23766K [0x00000000f0000000, 0x0000000100000000)
  region size 1024K, 7 young (7168K), 1 survivors (1024K)
 Metaspace       used 9456K, committed 9600K, reserved 1114112K
  class space    used 1017K, committed 1088K, reserved 1048576K
}

Dll operation events (6 events):
Event: 0.007 Loaded shared library D:\mailon\Java\jdk-21.0.10\bin\java.dll
Event: 0.032 Loaded shared library D:\mailon\Java\jdk-21.0.10\bin\jsvml.dll
Event: 0.064 Loaded shared library D:\mailon\Java\jdk-21.0.10\bin\jimage.dll
Event: 0.171 Loaded shared library D:\mailon\Java\jdk-21.0.10\bin\net.dll
Event: 0.173 Loaded shared library D:\mailon\Java\jdk-21.0.10\bin\nio.dll
Event: 0.400 Loaded shared library D:\mailon\Java\jdk-21.0.10\bin\zip.dll

Deoptimization events (20 events):
Event: 1.687 Thread 0x000002f581c1cf10 Uncommon trap: trap_request=0xffffff45 fr.pc=0x000002f593f9ffc4 relative=0x00000000000000a4
Event: 1.687 Thread 0x000002f581c1cf10 Uncommon trap: reason=unstable_if action=reinterpret pc=0x000002f593f9ffc4 method=java.time.LocalDate.compareTo0(Ljava/time/LocalDate;)I @ 11 c2
Event: 1.687 Thread 0x000002f581c1cf10 DEOPT PACKING pc=0x000002f593f9ffc4 sp=0x000000f95b9fdde0
Event: 1.687 Thread 0x000002f581c1cf10 DEOPT UNPACKING pc=0x000002f5939b46a2 sp=0x000000f95b9fdc38 mode 2
Event: 1.687 Thread 0x000002f581c1cf10 Uncommon trap: trap_request=0xffffff45 fr.pc=0x000002f593fa041c relative=0x000000000000007c
Event: 1.687 Thread 0x000002f581c1cf10 Uncommon trap: reason=unstable_if action=reinterpret pc=0x000002f593fa041c method=java.time.LocalDate.compareTo0(Ljava/time/LocalDate;)I @ 11 c2
Event: 1.687 Thread 0x000002f581c1cf10 DEOPT PACKING pc=0x000002f593fa041c sp=0x000000f95b9fda50
Event: 1.687 Thread 0x000002f581c1cf10 DEOPT UNPACKING pc=0x000002f5939b46a2 sp=0x000000f95b9fd9e8 mode 2
Event: 1.698 Thread 0x000002f581c1cf10 Uncommon trap: trap_request=0xffffffde fr.pc=0x000002f593f45700 relative=0x0000000000000220
Event: 1.698 Thread 0x000002f581c1cf10 Uncommon trap: reason=class_check action=maybe_recompile pc=0x000002f593f45700 method=java.util.regex.Pattern$BmpCharProperty.match(Ljava/util/regex/Matcher;ILjava/lang/CharSequence;)Z @ 19 c2
Event: 1.698 Thread 0x000002f581c1cf10 DEOPT PACKING pc=0x000002f593f45700 sp=0x000000f95b9fe030
Event: 1.699 Thread 0x000002f581c1cf10 DEOPT UNPACKING pc=0x000002f5939b46a2 sp=0x000000f95b9fdfe8 mode 2
Event: 1.710 Thread 0x000002f581c1cf10 Uncommon trap: trap_request=0xffffffde fr.pc=0x000002f593f45700 relative=0x0000000000000220
Event: 1.710 Thread 0x000002f581c1cf10 Uncommon trap: reason=class_check action=maybe_recompile pc=0x000002f593f45700 method=java.util.regex.Pattern$BmpCharProperty.match(Ljava/util/regex/Matcher;ILjava/lang/CharSequence;)Z @ 19 c2
Event: 1.710 Thread 0x000002f581c1cf10 DEOPT PACKING pc=0x000002f593f45700 sp=0x000000f95b9fe030
Event: 1.710 Thread 0x000002f581c1cf10 DEOPT UNPACKING pc=0x000002f5939b46a2 sp=0x000000f95b9fdfe8 mode 2
Event: 1.736 Thread 0x000002f581c1cf10 Uncommon trap: trap_request=0xffffffde fr.pc=0x000002f593f45700 relative=0x0000000000000220
Event: 1.736 Thread 0x000002f581c1cf10 Uncommon trap: reason=class_check action=maybe_recompile pc=0x000002f593f45700 method=java.util.regex.Pattern$BmpCharProperty.match(Ljava/util/regex/Matcher;ILjava/lang/CharSequence;)Z @ 19 c2
Event: 1.736 Thread 0x000002f581c1cf10 DEOPT PACKING pc=0x000002f593f45700 sp=0x000000f95b9fe030
Event: 1.736 Thread 0x000002f581c1cf10 DEOPT UNPACKING pc=0x000002f5939b46a2 sp=0x000000f95b9fdfe8 mode 2

Classes loaded (20 events):
Event: 1.648 Loading class java/util/RegularEnumSet$EnumSetIterator
Event: 1.648 Loading class java/util/RegularEnumSet$EnumSetIterator done
Event: 1.650 Loading class java/nio/file/FileVisitor
Event: 1.650 Loading class java/nio/file/FileVisitor done
Event: 1.660 Loading class java/nio/file/SimpleFileVisitor
Event: 1.661 Loading class java/nio/file/SimpleFileVisitor done
Event: 1.661 Loading class java/nio/file/FileTreeWalker
Event: 1.661 Loading class java/nio/file/FileTreeWalker done
Event: 1.661 Loading class java/nio/file/FileTreeWalker$DirectoryNode
Event: 1.662 Loading class java/nio/file/FileTreeWalker$DirectoryNode done
Event: 1.662 Loading class java/nio/file/FileTreeWalker$Event
Event: 1.662 Loading class java/nio/file/FileTreeWalker$Event done
Event: 1.662 Loading class java/nio/file/FileTreeWalker$EventType
Event: 1.662 Loading class java/nio/file/FileTreeWalker$EventType done
Event: 1.662 Loading class java/nio/file/Files$3
Event: 1.662 Loading class java/nio/file/Files$3 done
Event: 1.662 Loading class java/nio/file/FileVisitResult
Event: 1.662 Loading class java/nio/file/FileVisitResult done
Event: 1.663 Loading class sun/nio/fs/BasicFileAttributesHolder
Event: 1.663 Loading class sun/nio/fs/BasicFileAttributesHolder done

Classes unloaded (0 events):
No events

Classes redefined (0 events):
No events

Internal exceptions (20 events):
Event: 0.163 Thread 0x000002f581c1cf10 Exception <a 'java/lang/NoSuchMethodError'{0x00000000f06ff630}: 'void java.lang.invoke.DirectMethodHandle$Holder.invokeSpecial(java.lang.Object, java.lang.Object, java.lang.Object)'> (0x00000000f06ff630) 
thrown [s\open\src\hotspot\share\interpreter\linkResolver.cpp, line 773]
Event: 0.217 Thread 0x000002f581c1cf10 Exception <a 'java/lang/NoSuchMethodError'{0x00000000f0579bc0}: 'int java.lang.invoke.DirectMethodHandle$Holder.invokeVirtual(java.lang.Object, java.lang.Object, java.lang.Object)'> (0x00000000f0579bc0) 
thrown [s\open\src\hotspot\share\interpreter\linkResolver.cpp, line 773]
Event: 0.218 Thread 0x000002f581c1cf10 Exception <a 'java/lang/NoSuchMethodError'{0x00000000f057f810}: 'void java.lang.invoke.DirectMethodHandle$Holder.invokeInterface(java.lang.Object, java.lang.Object, java.lang.Object)'> (0x00000000f057f810) 
thrown [s\open\src\hotspot\share\interpreter\linkResolver.cpp, line 773]
Event: 0.220 Thread 0x000002f581c1cf10 Exception <a 'java/lang/NoSuchMethodError'{0x00000000f058a568}: 'int java.lang.invoke.DirectMethodHandle$Holder.invokeStaticInit(java.lang.Object, java.lang.Object, java.lang.Object)'> (0x00000000f058a568) 
thrown [s\open\src\hotspot\share\interpreter\linkResolver.cpp, line 773]
Event: 0.324 Thread 0x000002f581c1cf10 Exception <a 'java/lang/NoSuchMethodError'{0x00000000f1d77f38}: 'int java.lang.invoke.DirectMethodHandle$Holder.invokeSpecial(java.lang.Object, java.lang.Object, java.lang.Object)'> (0x00000000f1d77f38) 
thrown [s\open\src\hotspot\share\interpreter\linkResolver.cpp, line 773]
Event: 0.436 Thread 0x000002f581c1cf10 Exception <a 'java/lang/NoSuchMethodError'{0x00000000f1d16fc8}: 'java.lang.Object java.lang.invoke.DirectMethodHandle$Holder.invokeVirtual(java.lang.Object, java.lang.Object, java.lang.Object)'> (0x00000000f1d16fc8) 
thrown [s\open\src\hotspot\share\interpreter\linkResolver.cpp, line 773]
Event: 0.440 Thread 0x000002f581c1cf10 Exception <a 'java/lang/NoSuchMethodError'{0x00000000f1d205f8}: 'int java.lang.invoke.DirectMethodHandle$Holder.invokeInterface(java.lang.Object, java.lang.Object)'> (0x00000000f1d205f8) 
thrown [s\open\src\hotspot\share\interpreter\linkResolver.cpp, line 773]
Event: 0.713 Thread 0x000002f581c1cf10 Exception <a 'sun/nio/fs/WindowsException'{0x00000000f1b69c68}> (0x00000000f1b69c68) 
thrown [s\open\src\hotspot\share\prims\jni.cpp, line 520]
Event: 0.865 Thread 0x000002f581c1cf10 Exception <a 'java/lang/NoSuchMethodError'{0x00000000f196b478}: 'int java.lang.invoke.DirectMethodHandle$Holder.invokeStaticInit(java.lang.Object, java.lang.Object)'> (0x00000000f196b478) 
thrown [s\open\src\hotspot\share\interpreter\linkResolver.cpp, line 773]
Event: 0.982 Thread 0x000002f581c1cf10 Exception <a 'java/lang/NoSuchMethodError'{0x00000000f1f2fa30}: 'int java.lang.invoke.DirectMethodHandle$Holder.invokeVirtual(java.lang.Object, java.lang.Object)'> (0x00000000f1f2fa30) 
thrown [s\open\src\hotspot\share\interpreter\linkResolver.cpp, line 773]
Event: 0.988 Thread 0x000002f581c1cf10 Exception <a 'java/lang/NoSuchMethodError'{0x00000000f1f55578}: 'java.lang.Object java.lang.invoke.DirectMethodHandle$Holder.newInvokeSpecial(java.lang.Object, java.lang.Object, java.lang.Object, java.lang.Object, java.lang.Object)'> (0x00000000f1f55578) 
thrown [s\open\src\hotspot\share\interpreter\linkResolver.cpp, line 773]
Event: 0.992 Thread 0x000002f581c1cf10 Exception <a 'java/lang/NoSuchMethodError'{0x00000000f1f62860}: 'java.lang.Object java.lang.invoke.DirectMethodHandle$Holder.newInvokeSpecial(java.lang.Object, java.lang.Object, java.lang.Object, java.lang.Object, java.lang.Object, java.lang.Object)'> (0x00000000f1f62860) 
thrown [s\open\src\hotspot\share\interpreter\linkResolver.cpp, line 773]
Event: 1.017 Thread 0x000002f581c1cf10 Exception <a 'sun/nio/fs/WindowsException'{0x00000000f1faac48}> (0x00000000f1faac48) 
thrown [s\open\src\hotspot\share\prims\jni.cpp, line 520]
Event: 1.173 Thread 0x000002f581c1cf10 Exception <a 'java/lang/NoSuchMethodError'{0x00000000f1ea3238}: 'java.lang.Object java.lang.invoke.DirectMethodHandle$Holder.invokeInterface(java.lang.Object, java.lang.Object)'> (0x00000000f1ea3238) 
thrown [s\open\src\hotspot\share\interpreter\linkResolver.cpp, line 773]
Event: 1.551 Thread 0x000002f581c1cf10 Exception <a 'sun/nio/fs/WindowsException'{0x00000000f1d90400}> (0x00000000f1d90400) 
thrown [s\open\src\hotspot\share\prims\jni.cpp, line 520]
Event: 1.551 Thread 0x000002f581c1cf10 Exception <a 'sun/nio/fs/WindowsException'{0x00000000f1d90c20}> (0x00000000f1d90c20) 
thrown [s\open\src\hotspot\share\prims\jni.cpp, line 520]
Event: 1.551 Thread 0x000002f581c1cf10 Exception <a 'sun/nio/fs/WindowsException'{0x00000000f1d914f8}> (0x00000000f1d914f8) 
thrown [s\open\src\hotspot\share\prims\jni.cpp, line 520]
Event: 1.594 Thread 0x000002f581c1cf10 Exception <a 'java/lang/NoSuchMethodError'{0x00000000f1df36c8}: 'java.lang.Object java.lang.invoke.DirectMethodHandle$Holder.invokeSpecial(java.lang.Object, java.lang.Object, java.lang.Object, int, int)'> (0x00000000f1df36c8) 
thrown [s\open\src\hotspot\share\interpreter\linkResolver.cpp, line 773]
Event: 1.595 Thread 0x000002f581c1cf10 Exception <a 'java/lang/NoSuchMethodError'{0x00000000f1df98c8}: 'java.lang.Object java.lang.invoke.DirectMethodHandle$Holder.invokeVirtual(java.lang.Object, java.lang.Object, int)'> (0x00000000f1df98c8) 
thrown [s\open\src\hotspot\share\interpreter\linkResolver.cpp, line 773]
Event: 1.659 Thread 0x000002f581c1cf10 Exception <a 'java/lang/NoSuchMethodError'{0x00000000f1b5f440}: 'void java.lang.invoke.DirectMethodHandle$Holder.invokeSpecial(java.lang.Object, java.lang.Object, java.lang.Object, java.lang.Object, java.lang.Object)'> (0x00000000f1b5f440) 
thrown [s\open\src\hotspot\share\interpreter\linkResolver.cpp, line 773]

ZGC Phase Switch (0 events):
No events

VM Operations (20 events):
Event: 0.501 Executing VM operation: G1PauseCleanup done
Event: 0.586 Executing VM operation: G1CollectForAllocation (G1 Evacuation Pause)
Event: 0.587 Executing VM operation: G1CollectForAllocation (G1 Evacuation Pause) done
Event: 0.956 Executing VM operation: G1CollectForAllocation (G1 Evacuation Pause)
Event: 0.961 Executing VM operation: G1CollectForAllocation (G1 Evacuation Pause) done
Event: 1.190 Executing VM operation: HandshakeAllThreads (Deoptimize)
Event: 1.190 Executing VM operation: HandshakeAllThreads (Deoptimize) done
Event: 1.193 Executing VM operation: HandshakeAllThreads (Deoptimize)
Event: 1.193 Executing VM operation: HandshakeAllThreads (Deoptimize) done
Event: 1.440 Executing VM operation: G1CollectForAllocation (G1 Evacuation Pause)
Event: 1.447 Executing VM operation: G1CollectForAllocation (G1 Evacuation Pause) done
Event: 1.457 Executing VM operation: G1PauseRemark
Event: 1.460 Executing VM operation: G1PauseRemark done
Event: 1.464 Executing VM operation: G1PauseCleanup
Event: 1.465 Executing VM operation: G1PauseCleanup done
Event: 1.692 Executing VM operation: G1CollectForAllocation (G1 Evacuation Pause)
Event: 1.698 Executing VM operation: G1CollectForAllocation (G1 Evacuation Pause) done
Event: 1.803 Executing VM operation: G1CollectForAllocation (G1 Evacuation Pause)
Event: 1.812 Executing VM operation: G1CollectForAllocation (G1 Evacuation Pause) done
Event: 1.898 Executing VM operation: G1CollectForAllocation (G1 Evacuation Pause)

Events (20 events):
Event: 1.459 Thread 0x000002f58402dc20 flushing nmethod 0x000002f58c48d410
Event: 1.459 Thread 0x000002f58402dc20 flushing nmethod 0x000002f58c48df10
Event: 1.459 Thread 0x000002f58402dc20 flushing nmethod 0x000002f58c490210
Event: 1.459 Thread 0x000002f58402dc20 flushing nmethod 0x000002f58c490910
Event: 1.459 Thread 0x000002f58402dc20 flushing nmethod 0x000002f58c491e10
Event: 1.459 Thread 0x000002f58402dc20 flushing nmethod 0x000002f58c4bbc90
Event: 1.459 Thread 0x000002f58402dc20 flushing nmethod 0x000002f58c4bc090
Event: 1.459 Thread 0x000002f58402dc20 flushing nmethod 0x000002f58c4bc410
Event: 1.459 Thread 0x000002f58402dc20 flushing nmethod 0x000002f58c4bc990
Event: 1.459 Thread 0x000002f58402dc20 flushing nmethod 0x000002f58c4bcf10
Event: 1.459 Thread 0x000002f58402dc20 flushing nmethod 0x000002f58c4bd490
Event: 1.459 Thread 0x000002f58402dc20 flushing nmethod 0x000002f58c4bda10
Event: 1.459 Thread 0x000002f58402dc20 flushing nmethod 0x000002f58c4bf410
Event: 1.459 Thread 0x000002f58402dc20 flushing nmethod 0x000002f58c4c0090
Event: 1.459 Thread 0x000002f58402dc20 flushing nmethod 0x000002f58c4c0590
Event: 1.459 Thread 0x000002f58402dc20 flushing nmethod 0x000002f58c4c0b10
Event: 1.459 Thread 0x000002f58402dc20 flushing nmethod 0x000002f58c4c2510
Event: 1.459 Thread 0x000002f58402dc20 flushing nmethod 0x000002f58c4d9990
Event: 1.459 Thread 0x000002f58402dc20 flushing nmethod 0x000002f58c4f9190
Event: 1.459 Thread 0x000002f58402dc20 flushing nmethod 0x000002f58c4f9590


Dynamic libraries:
0x00007ff6efc00000 - 0x00007ff6efc08000 	D:\mailon\Java\jdk-21.0.10\bin\javac.exe
0x00007ffe20340000 - 0x00007ffe205a7000 	C:\WINDOWS\SYSTEM32\ntdll.dll
0x00007ffe1f710000 - 0x00007ffe1f7d9000 	C:\WINDOWS\System32\KERNEL32.DLL
0x00007ffe1ce40000 - 0x00007ffe1d234000 	C:\WINDOWS\System32\KERNELBASE.dll
0x00007ffe1df80000 - 0x00007ffe1e0cb000 	C:\WINDOWS\System32\ucrtbase.dll
0x00007ffe175b0000 - 0x00007ffe175ce000 	D:\mailon\Java\jdk-21.0.10\bin\VCRUNTIME140.dll
0x00007ffe175d0000 - 0x00007ffe175e9000 	D:\mailon\Java\jdk-21.0.10\bin\jli.dll
0x00007ffe20240000 - 0x00007ffe202f6000 	C:\WINDOWS\System32\ADVAPI32.dll
0x00007ffe1f540000 - 0x00007ffe1f5e9000 	C:\WINDOWS\System32\msvcrt.dll
0x00007ffe1f7e0000 - 0x00007ffe1f887000 	C:\WINDOWS\System32\sechost.dll
0x00007ffe1f5f0000 - 0x00007ffe1f708000 	C:\WINDOWS\System32\RPCRT4.dll
0x00007ffe1ee10000 - 0x00007ffe1efd5000 	C:\WINDOWS\System32\USER32.dll
0x00007ffe1ce10000 - 0x00007ffe1ce37000 	C:\WINDOWS\System32\win32u.dll
0x00007ffe1f890000 - 0x00007ffe1f8bb000 	C:\WINDOWS\System32\GDI32.dll
0x00007ffe0c8f0000 - 0x00007ffe0cb83000 	C:\WINDOWS\WinSxS\amd64_microsoft.windows.common-controls_6595b64144ccf1df_6.0.26100.8115_none_3e075c82e3354f9c\COMCTL32.dll
0x00007ffe1dab0000 - 0x00007ffe1dbdb000 	C:\WINDOWS\System32\gdi32full.dll
0x00007ffe1ded0000 - 0x00007ffe1df73000 	C:\WINDOWS\System32\msvcp_win.dll
0x00007ffe16170000 - 0x00007ffe1617b000 	C:\WINDOWS\SYSTEM32\VERSION.dll
0x00007ffe1e170000 - 0x00007ffe1e1a2000 	C:\WINDOWS\System32\IMM32.DLL
0x00007ffe17510000 - 0x00007ffe1751c000 	D:\mailon\Java\jdk-21.0.10\bin\vcruntime140_1.dll
0x00007ffe02390000 - 0x00007ffe0241d000 	D:\mailon\Java\jdk-21.0.10\bin\msvcp140.dll
0x00007ffd68fa0000 - 0x00007ffd69cc7000 	D:\mailon\Java\jdk-21.0.10\bin\server\jvm.dll
0x00007ffe201b0000 - 0x00007ffe20230000 	C:\WINDOWS\System32\WS2_32.dll
0x00007ffe1ca90000 - 0x00007ffe1caee000 	C:\WINDOWS\SYSTEM32\POWRPROF.dll
0x00007ffdfca90000 - 0x00007ffdfcac6000 	C:\WINDOWS\SYSTEM32\WINMM.dll
0x00007ffe1ca70000 - 0x00007ffe1ca84000 	C:\WINDOWS\SYSTEM32\UMPDC.dll
0x00007ffe1b970000 - 0x00007ffe1b98b000 	C:\WINDOWS\SYSTEM32\kernel.appcore.dll
0x00007ffe17500000 - 0x00007ffe1750a000 	D:\mailon\Java\jdk-21.0.10\bin\jimage.dll
0x00007ffe0d0b0000 - 0x00007ffe0d2f2000 	C:\WINDOWS\SYSTEM32\DBGHELP.DLL
0x00007ffe1e7e0000 - 0x00007ffe1eb62000 	C:\WINDOWS\System32\combase.dll
0x00007ffe1f0d0000 - 0x00007ffe1f1a8000 	C:\WINDOWS\System32\OLEAUT32.dll
0x00007ffe033e0000 - 0x00007ffe0341b000 	C:\WINDOWS\SYSTEM32\dbgcore.DLL
0x00007ffe1dd60000 - 0x00007ffe1de05000 	C:\WINDOWS\System32\bcryptPrimitives.dll
0x00007ffe10450000 - 0x00007ffe10471000 	D:\mailon\Java\jdk-21.0.10\bin\java.dll
0x00007ffe1fa40000 - 0x00007ffe201a7000 	C:\WINDOWS\System32\SHELL32.dll
0x00007ffe1cc10000 - 0x00007ffe1cd7a000 	C:\WINDOWS\System32\wintypes.dll
0x00007ffe1d240000 - 0x00007ffe1daa8000 	C:\WINDOWS\System32\windows.storage.dll
0x00007ffe1f220000 - 0x00007ffe1f318000 	C:\WINDOWS\System32\SHCORE.dll
0x00007ffe1f9d0000 - 0x00007ffe1fa36000 	C:\WINDOWS\System32\shlwapi.dll
0x00007ffe1cb30000 - 0x00007ffe1cb59000 	C:\WINDOWS\SYSTEM32\profapi.dll
0x00007ffe00160000 - 0x00007ffe00237000 	D:\mailon\Java\jdk-21.0.10\bin\jsvml.dll
0x00007ffe10380000 - 0x00007ffe10391000 	D:\mailon\Java\jdk-21.0.10\bin\net.dll
0x00007ffe15b50000 - 0x00007ffe15c7d000 	C:\WINDOWS\SYSTEM32\WINHTTP.dll
0x00007ffe1bed0000 - 0x00007ffe1bf3c000 	C:\WINDOWS\system32\mswsock.dll
0x00007ffe0e890000 - 0x00007ffe0e8a6000 	D:\mailon\Java\jdk-21.0.10\bin\nio.dll
0x00007ffe0e870000 - 0x00007ffe0e888000 	D:\mailon\Java\jdk-21.0.10\bin\zip.dll

dbghelp: loaded successfully - version: 4.0.5 - missing functions: none
symbol engine: initialized successfully - sym options: 0x614 - pdb path: .;D:\mailon\Java\jdk-21.0.10\bin;C:\WINDOWS\SYSTEM32;C:\WINDOWS\WinSxS\amd64_microsoft.windows.common-controls_6595b64144ccf1df_6.0.26100.8115_none_3e075c82e3354f9c;D:\mailon\Java\jdk-21.0.10\bin\server

VM Arguments:
jvm_args: -Dapplication.home=D:\mailon\Java\jdk-21.0.10 --add-modules=ALL-DEFAULT -Xms8m -Xmx256m -Djdk.module.main=jdk.compiler 
java_command: jdk.compiler/com.sun.tools.javac.Main @C:/Users/Usuario/AppData/Local/Temp/org.codehaus.plexus.compiler.javac.JavacCompiler6155739821954263398arguments
java_class_path (initial): <not set>
Launcher Type: SUN_STANDARD

[Global flags]
     intx CICompilerCount                          = 4                                         {product} {ergonomic}
     uint ConcGCThreads                            = 2                                         {product} {ergonomic}
     uint G1ConcRefinementThreads                  = 8                                         {product} {ergonomic}
   size_t G1HeapRegionSize                         = 1048576                                   {product} {ergonomic}
    uintx GCDrainStackTargetSize                   = 64                                        {product} {ergonomic}
   size_t InitialHeapSize                          = 8388608                                   {product} {command line}
   size_t MarkStackSize                            = 4194304                                   {product} {ergonomic}
   size_t MaxHeapSize                              = 268435456                                 {product} {command line}
   size_t MaxNewSize                               = 160432128                                 {product} {ergonomic}
   size_t MinHeapDeltaBytes                        = 1048576                                   {product} {ergonomic}
   size_t MinHeapSize                              = 8388608                                   {product} {command line}
    uintx NonNMethodCodeHeapSize                   = 5839372                                {pd product} {ergonomic}
    uintx NonProfiledCodeHeapSize                  = 122909434                              {pd product} {ergonomic}
    uintx ProfiledCodeHeapSize                     = 122909434                              {pd product} {ergonomic}
    uintx ReservedCodeCacheSize                    = 251658240                              {pd product} {ergonomic}
     bool SegmentedCodeCache                       = true                                      {product} {ergonomic}
   size_t SoftMaxHeapSize                          = 268435456                              {manageable} {ergonomic}
     bool UseCompressedOops                        = true                           {product lp64_product} {ergonomic}
     bool UseG1GC                                  = true                                      {product} {ergonomic}
     bool UseLargePagesIndividualAllocation        = false                                  {pd product} {ergonomic}

Logging:
Log output configuration:
 #0: stdout all=warning uptime,level,tags foldmultilines=false
 #1: stderr all=off uptime,level,tags foldmultilines=false

Environment Variables:
JAVA_HOME=D:/mailon/Java/jdk-21.0.10
PATH=D:\Program Files\Git\mingw64\bin;D:\Program Files\Git\usr\bin;C:\Users\Usuario\bin;C:\Program Files\Common Files\Oracle\Java\javapath;C:\WINDOWS\system32;C:\WINDOWS;C:\WINDOWS\System32\Wbem;C:\WINDOWS\System32\WindowsPowerShell\v1.0;C:\WINDOWS\System32\OpenSSH;D:\Program Files\nodejs;D:\mailon\Usuario\Desktop\apache-maven-3.9.14-bin (1)\apache-maven-3.9.14\bin;D:\Program Files\Git\cmd;C:\Users\Usuario\AppData\Local\Programs\Trae\bin;D:\mailon\Usuario\Downloads\ffmpeg-8.0.1-essentials_build\ffmpeg-8.0.1-essentials_build\bin;D:\mailon\Usuario\Desktop\apache-maven-3.9.14-bin (1)\apache-maven-3.9.14\bin;C:\Users\Usuario\AppData\Roaming\npm
USERNAME=Usuario
TERM=xterm-256color
OS=Windows_NT
PROCESSOR_IDENTIFIER=Intel64 Family 6 Model 142 Stepping 12, GenuineIntel
TMP=C:\Users\Usuario\AppData\Local\Temp
TEMP=C:\Users\Usuario\AppData\Local\Temp




Periodic native trim disabled

---------------  S Y S T E M  ---------------

OS:
 Windows 11 , 64 bit Build 26100 (10.0.26100.8246)
OS uptime: 5 days 17:50 hours
Hyper-V role detected

CPU: total 8 (initial active 8) (4 cores per cpu, 2 threads per core) family 6 model 142 stepping 12 microcode 0xde, cx8, cmov, fxsr, ht, mmx, 3dnowpref, sse, sse2, sse3, ssse3, sse4.1, sse4.2, popcnt, lzcnt, tsc, tscinvbit, avx, avx2, aes, erms, clmul, bmi1, bmi2, adx, fma, vzeroupper, clflush, clflushopt, hv, rdtscp, f16c
Processor Information for all 8 processors :
  Max Mhz: 1800, Current Mhz: 1600, Mhz Limit: 1584

Memory: 4k page, system-wide physical 8040M (411M free)
TotalPageFile size 32616M (AvailPageFile size 46M)
current process WorkingSet (physical memory assigned to process): 111M, peak: 111M
current process commit charge ("private bytes"): 146M, peak: 183M

vm_info: Java HotSpot(TM) 64-Bit Server VM (21.0.10+8-LTS-217) for windows-amd64 JRE (21.0.10+8-LTS-217), built on 2025-12-18T14:59:28Z by "mach5run" with MS VC++ 17.13 (VS2022)

END.
