#
# There is insufficient memory for the Java Runtime Environment to continue.
# Native memory allocation (malloc) failed to allocate 57032 bytes for Chunk::new
# Possible reasons:
#   The system is out of physical RAM or swap space
#   The process is running with CompressedOops enabled, and the Java Heap may be blocking the growth of the native heap
# Possible solutions:
#   Reduce memory load on the system
#   Increase physical memory or swap space
#   Check if swap backing store is full
#   Decrease Java heap size (-Xmx/-Xms)
#   Decrease number of Java threads
#   Decrease Java thread stack sizes (-Xss)
#   Set larger code cache with -XX:ReservedCodeCacheSize=
#   JVM is running with Unscaled Compressed Oops mode in which the Java heap is
#     placed in the first 4GB address space. The Java Heap base address is the
#     maximum limit for the native heap growth. Please use -XX:HeapBaseMinAddress
#     to set the Java Heap base and to place the Java Heap above 4GB virtual address.
# This output file may be truncated or incomplete.
#
#  Out of Memory Error (arena.cpp:168), pid=30328, tid=27252
#
# JRE version: Java(TM) SE Runtime Environment (21.0.10+8) (build 21.0.10+8-LTS-217)
# Java VM: Java HotSpot(TM) 64-Bit Server VM (21.0.10+8-LTS-217, mixed mode, sharing, tiered, compressed oops, compressed class ptrs, g1 gc, windows-amd64)
# No core dump will be written. Minidumps are not enabled by default on client versions of Windows
#

---------------  S U M M A R Y ------------

Command Line: C:\Users\Usuario\AppData\Local\Temp\surefire12099399227082480476\surefirebooter-20260423045709047_3.jar C:\Users\Usuario\AppData\Local\Temp\surefire12099399227082480476 2026-04-23T04-57-08_793-jvmRun1 surefire-20260423045709047_1tmp surefire_0-20260423045709047_2tmp

Host: Intel(R) Core(TM) i5-8265U CPU @ 1.60GHz, 8 cores, 7G,  Windows 11 , 64 bit Build 26100 (10.0.26100.8246)
Time: Thu Apr 23 04:57:29 2026 Hora oficial do Brasil elapsed time: 19.891789 seconds (0d 0h 0m 19s)

---------------  T H R E A D  ---------------

Current thread (0x000001a1a406ee00):  JavaThread "C2 CompilerThread1" daemon [_thread_in_native, id=27252, stack(0x0000001b2f300000,0x0000001b2f400000) (1024K)]


Current CompileTask:
C2:  19891 7362       4       org.springframework.core.annotation.AnnotationsScanner::getDeclaredAnnotations (166 bytes)

Stack: [0x0000001b2f300000,0x0000001b2f400000]
Native frames: (J=compiled Java code, j=interpreted, Vv=VM code, C=native code)
V  [jvm.dll+0x6d0b59]
V  [jvm.dll+0x85fd56]
V  [jvm.dll+0x86224e]
V  [jvm.dll+0x862923]
V  [jvm.dll+0x282a16]
V  [jvm.dll+0xc662d]
V  [jvm.dll+0xc6b71]
V  [jvm.dll+0x2ff490]
V  [jvm.dll+0x2ff5ad]
V  [jvm.dll+0x303651]
V  [jvm.dll+0x24cb1f]
V  [jvm.dll+0x24a84e]
V  [jvm.dll+0x1cacfe]
V  [jvm.dll+0x25a629]
V  [jvm.dll+0x258bb5]
V  [jvm.dll+0x3f4da1]
V  [jvm.dll+0x80a83d]
V  [jvm.dll+0x6cf3fd]
C  [ucrtbase.dll+0x37b0]
C  [KERNEL32.DLL+0x2e8d7]
C  [ntdll.dll+0x8c3fc]


---------------  P R O C E S S  ---------------

Threads class SMR info:
_java_thread_list=0x000001a1a4ccd680, length=15, elements={
0x000001a13f550d40, 0x000001a15dfe8bf0, 0x000001a15dfeb660, 0x000001a15dfefbe0,
0x000001a15dff2dd0, 0x000001a15dff16d0, 0x000001a15dff22e0, 0x000001a15dff8000,
0x000001a15dff95a0, 0x000001a15e2ba080, 0x000001a15e2c0a80, 0x000001a15e71dfb0,
0x000001a15e3470a0, 0x000001a1a7b6dac0, 0x000001a1a406ee00
}

Java Threads: ( => current thread )
  0x000001a13f550d40 JavaThread "main"                              [_thread_in_vm, id=8248, stack(0x0000001b2d700000,0x0000001b2d800000) (1024K)]
  0x000001a15dfe8bf0 JavaThread "Reference Handler"          daemon [_thread_blocked, id=20704, stack(0x0000001b2df00000,0x0000001b2e000000) (1024K)]
  0x000001a15dfeb660 JavaThread "Finalizer"                  daemon [_thread_blocked, id=8356, stack(0x0000001b2e000000,0x0000001b2e100000) (1024K)]
  0x000001a15dfefbe0 JavaThread "Signal Dispatcher"          daemon [_thread_blocked, id=29664, stack(0x0000001b2e100000,0x0000001b2e200000) (1024K)]
  0x000001a15dff2dd0 JavaThread "Attach Listener"            daemon [_thread_blocked, id=5832, stack(0x0000001b2e200000,0x0000001b2e300000) (1024K)]
  0x000001a15dff16d0 JavaThread "Service Thread"             daemon [_thread_blocked, id=30040, stack(0x0000001b2e300000,0x0000001b2e400000) (1024K)]
  0x000001a15dff22e0 JavaThread "Monitor Deflation Thread"   daemon [_thread_blocked, id=14552, stack(0x0000001b2e400000,0x0000001b2e500000) (1024K)]
  0x000001a15dff8000 JavaThread "C2 CompilerThread0"         daemon [_thread_in_native, id=30060, stack(0x0000001b2e500000,0x0000001b2e600000) (1024K)]
  0x000001a15dff95a0 JavaThread "C1 CompilerThread0"         daemon [_thread_in_native, id=22948, stack(0x0000001b2e600000,0x0000001b2e700000) (1024K)]
  0x000001a15e2ba080 JavaThread "Notification Thread"        daemon [_thread_blocked, id=22308, stack(0x0000001b2e700000,0x0000001b2e800000) (1024K)]
  0x000001a15e2c0a80 JavaThread "Common-Cleaner"             daemon [_thread_blocked, id=9388, stack(0x0000001b2e800000,0x0000001b2e900000) (1024K)]
  0x000001a15e71dfb0 JavaThread "surefire-forkedjvm-stream-flusher" daemon [_thread_blocked, id=23064, stack(0x0000001b2e900000,0x0000001b2ea00000) (1024K)]
  0x000001a15e3470a0 JavaThread "surefire-forkedjvm-command-thread" daemon [_thread_in_native, id=30020, stack(0x0000001b2ea00000,0x0000001b2eb00000) (1024K)]
  0x000001a1a7b6dac0 JavaThread "HikariPool-1 housekeeper"   daemon [_thread_blocked, id=30548, stack(0x0000001b2eb00000,0x0000001b2ec00000) (1024K)]
=>0x000001a1a406ee00 JavaThread "C2 CompilerThread1"         daemon [_thread_in_native, id=27252, stack(0x0000001b2f300000,0x0000001b2f400000) (1024K)]
Total: 15

Other Threads:
  0x000001a15dfca320 VMThread "VM Thread"                           [id=7192, stack(0x0000001b2de00000,0x0000001b2df00000) (1024K)]
  0x000001a15dfabf70 WatcherThread "VM Periodic Task Thread"        [id=30680, stack(0x0000001b2dd00000,0x0000001b2de00000) (1024K)]
  0x000001a13f72b5c0 WorkerThread "GC Thread#0"                     [id=27100, stack(0x0000001b2d800000,0x0000001b2d900000) (1024K)]
  0x000001a15dfca6d0 WorkerThread "GC Thread#1"                     [id=26408, stack(0x0000001b2ec00000,0x0000001b2ed00000) (1024K)]
  0x000001a15dfc9f70 WorkerThread "GC Thread#2"                     [id=8848, stack(0x0000001b2ed00000,0x0000001b2ee00000) (1024K)]
  0x000001a15dfcaa80 WorkerThread "GC Thread#3"                     [id=27660, stack(0x0000001b2ee00000,0x0000001b2ef00000) (1024K)]
  0x000001a15dfc90b0 WorkerThread "GC Thread#4"                     [id=26456, stack(0x0000001b2ef00000,0x0000001b2f000000) (1024K)]
  0x000001a15dfc9460 WorkerThread "GC Thread#5"                     [id=11184, stack(0x0000001b2f000000,0x0000001b2f100000) (1024K)]
  0x000001a15dfc9810 WorkerThread "GC Thread#6"                     [id=16988, stack(0x0000001b2f100000,0x0000001b2f200000) (1024K)]
  0x000001a1a464eb40 WorkerThread "GC Thread#7"                     [id=24908, stack(0x0000001b2f200000,0x0000001b2f300000) (1024K)]
  0x000001a13f73c040 ConcurrentGCThread "G1 Main Marker"            [id=28960, stack(0x0000001b2d900000,0x0000001b2da00000) (1024K)]
  0x000001a13f73e4f0 WorkerThread "G1 Conc#0"                       [id=14256, stack(0x0000001b2da00000,0x0000001b2db00000) (1024K)]
  0x000001a1a464c660 WorkerThread "G1 Conc#1"                       [id=8944, stack(0x0000001b2f400000,0x0000001b2f500000) (1024K)]
  0x000001a15de7c530 ConcurrentGCThread "G1 Refine#0"               [id=24680, stack(0x0000001b2db00000,0x0000001b2dc00000) (1024K)]
  0x000001a15de7cfd0 ConcurrentGCThread "G1 Service"                [id=24912, stack(0x0000001b2dc00000,0x0000001b2dd00000) (1024K)]
Total: 15

Threads with active compile tasks:
C2 CompilerThread0    28985 7360   !   4       org.springframework.core.annotation.AnnotationsScanner::processClassHierarchy (234 bytes)
C1 CompilerThread0    28985 7436       2       org.aspectj.weaver.patterns.ExactAnnotationTypePattern::matches (782 bytes)
C2 CompilerThread1    28985 7362       4       org.springframework.core.annotation.AnnotationsScanner::getDeclaredAnnotations (166 bytes)
Total: 3

VM state: not at safepoint (normal execution)

VM Mutex/Monitor currently owned by a thread: None

Heap address: 0x0000000082400000, size: 2012 MB, Compressed Oops mode: 32-bit

CDS archive(s) mapped at: [0x000001a15f000000-0x000001a15fc90000-0x000001a15fc90000), size 13172736, SharedBaseAddress: 0x000001a15f000000, ArchiveRelocationMode: 1.
Compressed class space mapped at: 0x000001a160000000-0x000001a1a0000000, reserved size: 1073741824
Narrow klass base: 0x000001a15f000000, Narrow klass shift: 0, Narrow klass range: 0x100000000

GC Precious Log:
 CardTable entry size: 512
 Card Set container configuration: InlinePtr #cards 5 size 8 Array Of Cards #cards 12 size 40 Howl #buckets 4 coarsen threshold 1843 Howl Bitmap #cards 512 size 80 coarsen threshold 460 Card regions per heap region 1 cards per card region 2048
 CPUs: 8 total, 8 available
 Memory: 8040M
 Large Page Support: Disabled
 NUMA Support: Disabled
 Compressed Oops: Enabled (32-bit)
 Heap Region Size: 1M
 Heap Min Capacity: 8M
 Heap Initial Capacity: 126M
 Heap Max Capacity: 2012M
 Pre-touch: Disabled
 Parallel Workers: 8
 Concurrent Workers: 2
 Concurrent Refinement Workers: 8
 Periodic GC: Disabled

Heap:
 garbage-first heap   total 78848K, used 48472K [0x0000000082400000, 0x0000000100000000)
  region size 1024K, 15 young (15360K), 3 survivors (3072K)
 Metaspace       used 74422K, committed 75136K, reserved 1179648K
  class space    used 9864K, committed 10176K, reserved 1048576K

Heap Regions: E=young(eden), S=young(survivor), O=old, HS=humongous(starts), HC=humongous(continues), CS=collection set, F=free, TAMS=top-at-mark-start, PB=parsable bottom
|   0|0x0000000082400000, 0x0000000082500000, 0x0000000082500000|100%|HS|  |TAMS 0x0000000082400000| PB 0x0000000082400000| Complete 
|   1|0x0000000082500000, 0x0000000082600000, 0x0000000082600000|100%| O|  |TAMS 0x0000000082500000| PB 0x0000000082500000| Untracked 
|   2|0x0000000082600000, 0x0000000082700000, 0x0000000082700000|100%| O|  |TAMS 0x0000000082600000| PB 0x0000000082600000| Untracked 
|   3|0x0000000082700000, 0x0000000082800000, 0x0000000082800000|100%| O|  |TAMS 0x0000000082700000| PB 0x0000000082700000| Untracked 
|   4|0x0000000082800000, 0x0000000082900000, 0x0000000082900000|100%| O|  |TAMS 0x0000000082800000| PB 0x0000000082800000| Untracked 
|   5|0x0000000082900000, 0x0000000082a00000, 0x0000000082a00000|100%| O|  |TAMS 0x0000000082900000| PB 0x0000000082900000| Untracked 
|   6|0x0000000082a00000, 0x0000000082b00000, 0x0000000082b00000|100%| O|  |TAMS 0x0000000082a00000| PB 0x0000000082a00000| Untracked 
|   7|0x0000000082b00000, 0x0000000082c00000, 0x0000000082c00000|100%| O|  |TAMS 0x0000000082b00000| PB 0x0000000082b00000| Untracked 
|   8|0x0000000082c00000, 0x0000000082d00000, 0x0000000082d00000|100%| O|  |TAMS 0x0000000082c00000| PB 0x0000000082c00000| Untracked 
|   9|0x0000000082d00000, 0x0000000082e00000, 0x0000000082e00000|100%| O|  |TAMS 0x0000000082d00000| PB 0x0000000082d00000| Untracked 
|  10|0x0000000082e00000, 0x0000000082f00000, 0x0000000082f00000|100%| O|  |TAMS 0x0000000082e00000| PB 0x0000000082e00000| Untracked 
|  11|0x0000000082f00000, 0x0000000083000000, 0x0000000083000000|100%| O|  |TAMS 0x0000000082f00000| PB 0x0000000082f00000| Untracked 
|  12|0x0000000083000000, 0x0000000083100000, 0x0000000083100000|100%| O|  |TAMS 0x0000000083000000| PB 0x0000000083000000| Untracked 
|  13|0x0000000083100000, 0x0000000083200000, 0x0000000083200000|100%| O|  |TAMS 0x0000000083100000| PB 0x0000000083100000| Untracked 
|  14|0x0000000083200000, 0x0000000083300000, 0x0000000083300000|100%| O|  |TAMS 0x0000000083200000| PB 0x0000000083200000| Untracked 
|  15|0x0000000083300000, 0x0000000083400000, 0x0000000083400000|100%| O|  |TAMS 0x0000000083300000| PB 0x0000000083300000| Untracked 
|  16|0x0000000083400000, 0x0000000083500000, 0x0000000083500000|100%| O|  |TAMS 0x0000000083400000| PB 0x0000000083400000| Untracked 
|  17|0x0000000083500000, 0x0000000083600000, 0x0000000083600000|100%| O|  |TAMS 0x0000000083500000| PB 0x0000000083500000| Untracked 
|  18|0x0000000083600000, 0x0000000083700000, 0x0000000083700000|100%| O|  |TAMS 0x0000000083600000| PB 0x0000000083600000| Untracked 
|  19|0x0000000083700000, 0x0000000083800000, 0x0000000083800000|100%| O|  |TAMS 0x0000000083700000| PB 0x0000000083700000| Untracked 
|  20|0x0000000083800000, 0x0000000083900000, 0x0000000083900000|100%| O|  |TAMS 0x0000000083800000| PB 0x0000000083800000| Untracked 
|  21|0x0000000083900000, 0x0000000083a00000, 0x0000000083a00000|100%| O|  |TAMS 0x0000000083900000| PB 0x0000000083900000| Untracked 
|  22|0x0000000083a00000, 0x0000000083a00000, 0x0000000083b00000|  0%| F|  |TAMS 0x0000000083a00000| PB 0x0000000083a00000| Untracked 
|  23|0x0000000083b00000, 0x0000000083c00000, 0x0000000083c00000|100%| O|  |TAMS 0x0000000083b00000| PB 0x0000000083b00000| Untracked 
|  24|0x0000000083c00000, 0x0000000083d00000, 0x0000000083d00000|100%| O|  |TAMS 0x0000000083c00000| PB 0x0000000083c00000| Untracked 
|  25|0x0000000083d00000, 0x0000000083e00000, 0x0000000083e00000|100%| O|  |TAMS 0x0000000083d00000| PB 0x0000000083d00000| Untracked 
|  26|0x0000000083e00000, 0x0000000083f00000, 0x0000000083f00000|100%| O|  |TAMS 0x0000000083e00000| PB 0x0000000083e00000| Untracked 
|  27|0x0000000083f00000, 0x0000000084000000, 0x0000000084000000|100%| O|  |TAMS 0x0000000083f00000| PB 0x0000000083f00000| Untracked 
|  28|0x0000000084000000, 0x0000000084100000, 0x0000000084100000|100%| O|  |TAMS 0x0000000084000000| PB 0x0000000084000000| Untracked 
|  29|0x0000000084100000, 0x0000000084200000, 0x0000000084200000|100%| O|  |TAMS 0x0000000084100000| PB 0x0000000084100000| Untracked 
|  30|0x0000000084200000, 0x0000000084300000, 0x0000000084300000|100%| O|  |TAMS 0x0000000084200000| PB 0x0000000084200000| Untracked 
|  31|0x0000000084300000, 0x0000000084400000, 0x0000000084400000|100%| O|  |TAMS 0x0000000084300000| PB 0x0000000084300000| Untracked 
|  32|0x0000000084400000, 0x0000000084500000, 0x0000000084500000|100%| O|  |TAMS 0x0000000084400000| PB 0x0000000084400000| Untracked 
|  33|0x0000000084500000, 0x0000000084600000, 0x0000000084600000|100%| O|  |TAMS 0x0000000084500000| PB 0x0000000084500000| Untracked 
|  34|0x0000000084600000, 0x0000000084665760, 0x0000000084700000| 39%| O|  |TAMS 0x0000000084600000| PB 0x0000000084600000| Untracked 
|  35|0x0000000084700000, 0x0000000084700000, 0x0000000084800000|  0%| F|  |TAMS 0x0000000084700000| PB 0x0000000084700000| Untracked 
|  36|0x0000000084800000, 0x0000000084800000, 0x0000000084900000|  0%| F|  |TAMS 0x0000000084800000| PB 0x0000000084800000| Untracked 
|  37|0x0000000084900000, 0x0000000084900000, 0x0000000084a00000|  0%| F|  |TAMS 0x0000000084900000| PB 0x0000000084900000| Untracked 
|  38|0x0000000084a00000, 0x0000000084a00000, 0x0000000084b00000|  0%| F|  |TAMS 0x0000000084a00000| PB 0x0000000084a00000| Untracked 
|  39|0x0000000084b00000, 0x0000000084b00000, 0x0000000084c00000|  0%| F|  |TAMS 0x0000000084b00000| PB 0x0000000084b00000| Untracked 
|  40|0x0000000084c00000, 0x0000000084c00000, 0x0000000084d00000|  0%| F|  |TAMS 0x0000000084c00000| PB 0x0000000084c00000| Untracked 
|  41|0x0000000084d00000, 0x0000000084d00000, 0x0000000084e00000|  0%| F|  |TAMS 0x0000000084d00000| PB 0x0000000084d00000| Untracked 
|  42|0x0000000084e00000, 0x0000000084ef0b28, 0x0000000084f00000| 94%| S|CS|TAMS 0x0000000084e00000| PB 0x0000000084e00000| Complete 
|  43|0x0000000084f00000, 0x0000000085000000, 0x0000000085000000|100%| S|CS|TAMS 0x0000000084f00000| PB 0x0000000084f00000| Complete 
|  44|0x0000000085000000, 0x0000000085100000, 0x0000000085100000|100%| S|CS|TAMS 0x0000000085000000| PB 0x0000000085000000| Complete 
|  45|0x0000000085100000, 0x0000000085100000, 0x0000000085200000|  0%| F|  |TAMS 0x0000000085100000| PB 0x0000000085100000| Untracked 
|  46|0x0000000085200000, 0x0000000085200000, 0x0000000085300000|  0%| F|  |TAMS 0x0000000085200000| PB 0x0000000085200000| Untracked 
|  47|0x0000000085300000, 0x0000000085300000, 0x0000000085400000|  0%| F|  |TAMS 0x0000000085300000| PB 0x0000000085300000| Untracked 
|  48|0x0000000085400000, 0x0000000085400000, 0x0000000085500000|  0%| F|  |TAMS 0x0000000085400000| PB 0x0000000085400000| Untracked 
|  49|0x0000000085500000, 0x0000000085500000, 0x0000000085600000|  0%| F|  |TAMS 0x0000000085500000| PB 0x0000000085500000| Untracked 
|  50|0x0000000085600000, 0x0000000085600000, 0x0000000085700000|  0%| F|  |TAMS 0x0000000085600000| PB 0x0000000085600000| Untracked 
|  51|0x0000000085700000, 0x0000000085700000, 0x0000000085800000|  0%| F|  |TAMS 0x0000000085700000| PB 0x0000000085700000| Untracked 
|  52|0x0000000085800000, 0x0000000085800000, 0x0000000085900000|  0%| F|  |TAMS 0x0000000085800000| PB 0x0000000085800000| Untracked 
|  53|0x0000000085900000, 0x0000000085900000, 0x0000000085a00000|  0%| F|  |TAMS 0x0000000085900000| PB 0x0000000085900000| Untracked 
|  54|0x0000000085a00000, 0x0000000085a00000, 0x0000000085b00000|  0%| F|  |TAMS 0x0000000085a00000| PB 0x0000000085a00000| Untracked 
|  55|0x0000000085b00000, 0x0000000085b00000, 0x0000000085c00000|  0%| F|  |TAMS 0x0000000085b00000| PB 0x0000000085b00000| Untracked 
|  56|0x0000000085c00000, 0x0000000085c00000, 0x0000000085d00000|  0%| F|  |TAMS 0x0000000085c00000| PB 0x0000000085c00000| Untracked 
|  57|0x0000000085d00000, 0x0000000085d00000, 0x0000000085e00000|  0%| F|  |TAMS 0x0000000085d00000| PB 0x0000000085d00000| Untracked 
|  58|0x0000000085e00000, 0x0000000085e00000, 0x0000000085f00000|  0%| F|  |TAMS 0x0000000085e00000| PB 0x0000000085e00000| Untracked 
|  59|0x0000000085f00000, 0x0000000085f00000, 0x0000000086000000|  0%| F|  |TAMS 0x0000000085f00000| PB 0x0000000085f00000| Untracked 
|  60|0x0000000086000000, 0x0000000086000000, 0x0000000086100000|  0%| F|  |TAMS 0x0000000086000000| PB 0x0000000086000000| Untracked 
|  61|0x0000000086100000, 0x0000000086100000, 0x0000000086200000|  0%| F|  |TAMS 0x0000000086100000| PB 0x0000000086100000| Untracked 
|  62|0x0000000086200000, 0x0000000086200000, 0x0000000086300000|  0%| F|  |TAMS 0x0000000086200000| PB 0x0000000086200000| Untracked 
|  63|0x0000000086300000, 0x0000000086300000, 0x0000000086400000|  0%| F|  |TAMS 0x0000000086300000| PB 0x0000000086300000| Untracked 
|  64|0x0000000086400000, 0x0000000086400000, 0x0000000086500000|  0%| F|  |TAMS 0x0000000086400000| PB 0x0000000086400000| Untracked 
|  65|0x0000000086500000, 0x00000000865b9f50, 0x0000000086600000| 72%| E|  |TAMS 0x0000000086500000| PB 0x0000000086500000| Complete 
|  66|0x0000000086600000, 0x0000000086700000, 0x0000000086700000|100%| E|CS|TAMS 0x0000000086600000| PB 0x0000000086600000| Complete 
|  67|0x0000000086700000, 0x0000000086800000, 0x0000000086800000|100%| E|CS|TAMS 0x0000000086700000| PB 0x0000000086700000| Complete 
|  68|0x0000000086800000, 0x0000000086900000, 0x0000000086900000|100%| E|CS|TAMS 0x0000000086800000| PB 0x0000000086800000| Complete 
| 113|0x0000000089500000, 0x0000000089600000, 0x0000000089600000|100%| E|CS|TAMS 0x0000000089500000| PB 0x0000000089500000| Complete 
| 114|0x0000000089600000, 0x0000000089700000, 0x0000000089700000|100%| E|CS|TAMS 0x0000000089600000| PB 0x0000000089600000| Complete 
| 115|0x0000000089700000, 0x0000000089800000, 0x0000000089800000|100%| E|CS|TAMS 0x0000000089700000| PB 0x0000000089700000| Complete 
| 116|0x0000000089800000, 0x0000000089900000, 0x0000000089900000|100%| E|CS|TAMS 0x0000000089800000| PB 0x0000000089800000| Complete 
| 117|0x0000000089900000, 0x0000000089a00000, 0x0000000089a00000|100%| E|CS|TAMS 0x0000000089900000| PB 0x0000000089900000| Complete 
| 118|0x0000000089a00000, 0x0000000089b00000, 0x0000000089b00000|100%| E|CS|TAMS 0x0000000089a00000| PB 0x0000000089a00000| Complete 
| 124|0x000000008a000000, 0x000000008a100000, 0x000000008a100000|100%| E|CS|TAMS 0x000000008a000000| PB 0x000000008a000000| Complete 
| 125|0x000000008a100000, 0x000000008a200000, 0x000000008a200000|100%| E|CS|TAMS 0x000000008a100000| PB 0x000000008a100000| Complete 

Card table byte_map: [0x000001a1591d0000,0x000001a1595c0000] _byte_map_base: 0x000001a158dbe000

Marking Bits: (CMBitMap*) 0x000001a13f72bbe0
 Bits: [0x000001a1595c0000, 0x000001a15b530000)

Polling page: 0x000001a13f7a0000

Metaspace:

Usage:
  Non-class:     63.04 MB used.
      Class:      9.63 MB used.
       Both:     72.68 MB used.

Virtual space:
  Non-class space:      128.00 MB reserved,      63.44 MB ( 50%) committed,  2 nodes.
      Class space:        1.00 GB reserved,       9.94 MB ( <1%) committed,  1 nodes.
             Both:        1.12 GB reserved,      73.38 MB (  6%) committed. 

Chunk freelists:
   Non-Class:  15.84 MB
       Class:  6.08 MB
        Both:  21.92 MB

MaxMetaspaceSize: unlimited
CompressedClassSpaceSize: 1.00 GB
Initial GC threshold: 21.00 MB
Current GC threshold: 99.31 MB
CDS: on
 - commit_granule_bytes: 65536.
 - commit_granule_words: 8192.
 - virtual_space_node_default_size: 8388608.
 - enlarge_chunks_in_place: 1.
 - use_allocation_guard: 0.


Internal statistics:

num_allocs_failed_limit: 9.
num_arena_births: 844.
num_arena_deaths: 0.
num_vsnodes_births: 3.
num_vsnodes_deaths: 0.
num_space_committed: 1174.
num_space_uncommitted: 0.
num_chunks_returned_to_freelist: 9.
num_chunks_taken_from_freelist: 3571.
num_chunk_merges: 9.
num_chunk_splits: 2645.
num_chunks_enlarged: 2107.
num_inconsistent_stats: 0.

CodeHeap 'non-profiled nmethods': size=120000Kb used=4171Kb max_used=4171Kb free=115828Kb
 bounds [0x000001a150e50000, 0x000001a151270000, 0x000001a158380000]
CodeHeap 'profiled nmethods': size=120000Kb used=12910Kb max_used=12910Kb free=107089Kb
 bounds [0x000001a149380000, 0x000001a14a020000, 0x000001a1508b0000]
CodeHeap 'non-nmethods': size=5760Kb used=1714Kb max_used=1734Kb free=4045Kb
 bounds [0x000001a1508b0000, 0x000001a150b20000, 0x000001a150e50000]
 total_blobs=7470 nmethods=6729 adapters=644
 compilation: enabled
              stopped_count=0, restarted_count=0
 full_count=0

Compilation events (20 events):
Event: 17.661 Thread 0x000001a15dff95a0 nmethod 7417 0x000001a14a018e10 code [0x000001a14a018fc0, 0x000001a14a019160]
Event: 17.661 Thread 0x000001a15dff95a0 7418       1       org.springframework.beans.factory.config.ConstructorArgumentValues$ValueHolder::setSource (6 bytes)
Event: 17.661 Thread 0x000001a15dff95a0 nmethod 7418 0x000001a151262990 code [0x000001a151262b20, 0x000001a151262c30]
Event: 17.661 Thread 0x000001a15dff95a0 7419       2       org.springframework.beans.PropertyValue::<init> (90 bytes)
Event: 17.661 Thread 0x000001a15dff95a0 nmethod 7419 0x000001a14a019210 code [0x000001a14a019400, 0x000001a14a019958]
Event: 17.664 Thread 0x000001a15dff95a0 7420       2       org.springframework.core.convert.support.GenericConversionService::getConverter (106 bytes)
Event: 17.664 Thread 0x000001a15dff95a0 nmethod 7420 0x000001a14a019b10 code [0x000001a14a019d20, 0x000001a14a01a190]
Event: 17.664 Thread 0x000001a15dff95a0 7421       2       org.springframework.core.convert.support.GenericConversionService$ConverterCacheKey::<init> (15 bytes)
Event: 17.664 Thread 0x000001a15dff95a0 nmethod 7421 0x000001a14a01a390 code [0x000001a14a01a540, 0x000001a14a01a6f0]
Event: 17.665 Thread 0x000001a15dff95a0 7422       2       org.springframework.core.convert.TypeDescriptor::annotationsMatch (66 bytes)
Event: 17.666 Thread 0x000001a15dff95a0 nmethod 7422 0x000001a14a01a790 code [0x000001a14a01a9a0, 0x000001a14a01ae48]
Event: 17.666 Thread 0x000001a15dff95a0 7423       2       org.springframework.beans.factory.support.AbstractBeanFactory::isActuallyInCreation (22 bytes)
Event: 17.666 Thread 0x000001a15dff95a0 nmethod 7423 0x000001a14a01b110 code [0x000001a14a01b2c0, 0x000001a14a01b458]
Event: 17.666 Thread 0x000001a15dff95a0 7424       2       java.lang.reflect.Method::equals (65 bytes)
Event: 17.666 Thread 0x000001a15dff95a0 nmethod 7424 0x000001a14a01b590 code [0x000001a14a01b760, 0x000001a14a01b9c8]
Event: 17.667 Thread 0x000001a15dff95a0 7425       2       java.util.regex.Pattern::unread (11 bytes)
Event: 17.667 Thread 0x000001a15dff95a0 nmethod 7425 0x000001a14999b210 code [0x000001a14999b3a0, 0x000001a14999b4b0]
Event: 17.669 Thread 0x000001a15dff95a0 7427       2       org.aspectj.apache.bcel.classfile.Code::setAttributes (14 bytes)
Event: 19.714 Thread 0x000001a15dff95a0 nmethod 7427 0x000001a14a01bb10 code [0x000001a14a01bcc0, 0x000001a14a01be38]
Event: 19.714 Thread 0x000001a15dff95a0 7436       2       org.aspectj.weaver.patterns.ExactAnnotationTypePattern::matches (782 bytes)

GC Heap History (20 events):
Event: 3.661 GC heap before
{Heap before GC invocations=5 (full 0):
 garbage-first heap   total 65536K, used 49717K [0x0000000082400000, 0x0000000100000000)
  region size 1024K, 38 young (38912K), 6 survivors (6144K)
 Metaspace       used 29058K, committed 29440K, reserved 1114112K
  class space    used 3670K, committed 3840K, reserved 1048576K
}
Event: 3.669 GC heap after
{Heap after GC invocations=6 (full 0):
 garbage-first heap   total 65536K, used 18125K [0x0000000082400000, 0x0000000100000000)
  region size 1024K, 3 young (3072K), 3 survivors (3072K)
 Metaspace       used 29058K, committed 29440K, reserved 1114112K
  class space    used 3670K, committed 3840K, reserved 1048576K
}
Event: 4.554 GC heap before
{Heap before GC invocations=6 (full 0):
 garbage-first heap   total 65536K, used 48845K [0x0000000082400000, 0x0000000100000000)
  region size 1024K, 34 young (34816K), 3 survivors (3072K)
 Metaspace       used 33029K, committed 33408K, reserved 1114112K
  class space    used 4099K, committed 4288K, reserved 1048576K
}
Event: 4.562 GC heap after
{Heap after GC invocations=7 (full 0):
 garbage-first heap   total 65536K, used 22769K [0x0000000082400000, 0x0000000100000000)
  region size 1024K, 5 young (5120K), 5 survivors (5120K)
 Metaspace       used 33029K, committed 33408K, reserved 1114112K
  class space    used 4099K, committed 4288K, reserved 1048576K
}
Event: 5.074 GC heap before
{Heap before GC invocations=7 (full 0):
 garbage-first heap   total 65536K, used 51441K [0x0000000082400000, 0x0000000100000000)
  region size 1024K, 33 young (33792K), 5 survivors (5120K)
 Metaspace       used 34969K, committed 35392K, reserved 1114112K
  class space    used 4319K, committed 4544K, reserved 1048576K
}
Event: 5.085 GC heap after
{Heap after GC invocations=8 (full 0):
 garbage-first heap   total 65536K, used 25469K [0x0000000082400000, 0x0000000100000000)
  region size 1024K, 3 young (3072K), 3 survivors (3072K)
 Metaspace       used 34969K, committed 35392K, reserved 1114112K
  class space    used 4319K, committed 4544K, reserved 1048576K
}
Event: 5.244 GC heap before
{Heap before GC invocations=8 (full 0):
 garbage-first heap   total 65536K, used 30589K [0x0000000082400000, 0x0000000100000000)
  region size 1024K, 9 young (9216K), 3 survivors (3072K)
 Metaspace       used 35937K, committed 36288K, reserved 1114112K
  class space    used 4492K, committed 4672K, reserved 1048576K
}
Event: 5.249 GC heap after
{Heap after GC invocations=9 (full 0):
 garbage-first heap   total 65536K, used 25979K [0x0000000082400000, 0x0000000100000000)
  region size 1024K, 1 young (1024K), 1 survivors (1024K)
 Metaspace       used 35937K, committed 36288K, reserved 1114112K
  class space    used 4492K, committed 4672K, reserved 1048576K
}
Event: 6.088 GC heap before
{Heap before GC invocations=10 (full 0):
 garbage-first heap   total 65536K, used 54651K [0x0000000082400000, 0x0000000100000000)
  region size 1024K, 29 young (29696K), 1 survivors (1024K)
 Metaspace       used 39583K, committed 40064K, reserved 1114112K
  class space    used 5042K, committed 5248K, reserved 1048576K
}
Event: 6.093 GC heap after
{Heap after GC invocations=11 (full 0):
 garbage-first heap   total 78848K, used 28091K [0x0000000082400000, 0x0000000100000000)
  region size 1024K, 3 young (3072K), 3 survivors (3072K)
 Metaspace       used 39583K, committed 40064K, reserved 1114112K
  class space    used 5042K, committed 5248K, reserved 1048576K
}
Event: 7.105 GC heap before
{Heap before GC invocations=11 (full 0):
 garbage-first heap   total 78848K, used 67003K [0x0000000082400000, 0x0000000100000000)
  region size 1024K, 41 young (41984K), 3 survivors (3072K)
 Metaspace       used 44803K, committed 45312K, reserved 1114112K
  class space    used 5729K, committed 5952K, reserved 1048576K
}
Event: 7.116 GC heap after
{Heap after GC invocations=12 (full 0):
 garbage-first heap   total 78848K, used 30425K [0x0000000082400000, 0x0000000100000000)
  region size 1024K, 6 young (6144K), 6 survivors (6144K)
 Metaspace       used 44803K, committed 45312K, reserved 1114112K
  class space    used 5729K, committed 5952K, reserved 1048576K
}
Event: 8.436 GC heap before
{Heap before GC invocations=12 (full 0):
 garbage-first heap   total 78848K, used 66265K [0x0000000082400000, 0x0000000100000000)
  region size 1024K, 41 young (41984K), 6 survivors (6144K)
 Metaspace       used 52219K, committed 52736K, reserved 1114112K
  class space    used 6734K, committed 6976K, reserved 1048576K
}
Event: 8.448 GC heap after
{Heap after GC invocations=13 (full 0):
 garbage-first heap   total 78848K, used 32289K [0x0000000082400000, 0x0000000100000000)
  region size 1024K, 5 young (5120K), 5 survivors (5120K)
 Metaspace       used 52219K, committed 52736K, reserved 1114112K
  class space    used 6734K, committed 6976K, reserved 1048576K
}
Event: 9.753 GC heap before
{Heap before GC invocations=13 (full 0):
 garbage-first heap   total 78848K, used 58913K [0x0000000082400000, 0x0000000100000000)
  region size 1024K, 32 young (32768K), 5 survivors (5120K)
 Metaspace       used 60244K, committed 60736K, reserved 1114112K
  class space    used 7783K, committed 8000K, reserved 1048576K
}
Event: 9.762 GC heap after
{Heap after GC invocations=14 (full 0):
 garbage-first heap   total 78848K, used 34532K [0x0000000082400000, 0x0000000100000000)
  region size 1024K, 4 young (4096K), 4 survivors (4096K)
 Metaspace       used 60244K, committed 60736K, reserved 1114112K
  class space    used 7783K, committed 8000K, reserved 1048576K
}
Event: 12.865 GC heap before
{Heap before GC invocations=15 (full 0):
 garbage-first heap   total 78848K, used 69348K [0x0000000082400000, 0x0000000100000000)
  region size 1024K, 38 young (38912K), 4 survivors (4096K)
 Metaspace       used 68292K, committed 68864K, reserved 1114112K
  class space    used 8902K, committed 9152K, reserved 1048576K
}
Event: 12.874 GC heap after
{Heap after GC invocations=16 (full 0):
 garbage-first heap   total 78848K, used 36846K [0x0000000082400000, 0x0000000100000000)
  region size 1024K, 4 young (4096K), 4 survivors (4096K)
 Metaspace       used 68292K, committed 68864K, reserved 1114112K
  class space    used 8902K, committed 9152K, reserved 1048576K
}
Event: 15.409 GC heap before
{Heap before GC invocations=16 (full 0):
 garbage-first heap   total 78848K, used 69614K [0x0000000082400000, 0x0000000100000000)
  region size 1024K, 36 young (36864K), 4 survivors (4096K)
 Metaspace       used 72206K, committed 72832K, reserved 1114112K
  class space    used 9539K, committed 9856K, reserved 1048576K
}
Event: 15.417 GC heap after
{Heap after GC invocations=17 (full 0):
 garbage-first heap   total 78848K, used 37208K [0x0000000082400000, 0x0000000100000000)
  region size 1024K, 3 young (3072K), 3 survivors (3072K)
 Metaspace       used 72206K, committed 72832K, reserved 1114112K
  class space    used 9539K, committed 9856K, reserved 1048576K
}

Dll operation events (10 events):
Event: 0.007 Loaded shared library D:\mailon\Java\jdk-21.0.10\bin\java.dll
Event: 0.032 Loaded shared library D:\mailon\Java\jdk-21.0.10\bin\jsvml.dll
Event: 0.059 Loaded shared library D:\mailon\Java\jdk-21.0.10\bin\net.dll
Event: 0.077 Loaded shared library D:\mailon\Java\jdk-21.0.10\bin\nio.dll
Event: 0.082 Loaded shared library D:\mailon\Java\jdk-21.0.10\bin\zip.dll
Event: 0.167 Loaded shared library D:\mailon\Java\jdk-21.0.10\bin\management.dll
Event: 0.214 Loaded shared library D:\mailon\Java\jdk-21.0.10\bin\management_ext.dll
Event: 0.273 Loaded shared library D:\mailon\Java\jdk-21.0.10\bin\jimage.dll
Event: 4.007 Loaded shared library D:\mailon\Java\jdk-21.0.10\bin\sunmscapi.dll
Event: 8.342 Loaded shared library D:\mailon\Java\jdk-21.0.10\bin\verify.dll

Deoptimization events (20 events):
Event: 17.656 Thread 0x000001a13f550d40 Uncommon trap: trap_request=0xffffffde fr.pc=0x000001a151229498 relative=0x0000000000000158
Event: 17.656 Thread 0x000001a13f550d40 Uncommon trap: reason=class_check action=maybe_recompile pc=0x000001a151229498 method=java.util.AbstractList.rangeCheckForAdd(I)V @ 6 c2
Event: 17.656 Thread 0x000001a13f550d40 DEOPT PACKING pc=0x000001a151229498 sp=0x0000001b2d7fafb0
Event: 17.656 Thread 0x000001a13f550d40 DEOPT UNPACKING pc=0x000001a1509046a2 sp=0x0000001b2d7faee0 mode 2
Event: 17.656 Thread 0x000001a13f550d40 Uncommon trap: trap_request=0xffffffde fr.pc=0x000001a1511d83f8 relative=0x0000000000000158
Event: 17.656 Thread 0x000001a13f550d40 Uncommon trap: reason=class_check action=maybe_recompile pc=0x000001a1511d83f8 method=sun.reflect.generics.reflectiveObjects.ParameterizedTypeImpl.getActualTypeArguments()[Ljava/lang/reflect/Type; @ 7 c2
Event: 17.656 Thread 0x000001a13f550d40 DEOPT PACKING pc=0x000001a1511d83f8 sp=0x0000001b2d7fb0a0
Event: 17.656 Thread 0x000001a13f550d40 DEOPT UNPACKING pc=0x000001a1509046a2 sp=0x0000001b2d7fb060 mode 2
Event: 17.657 Thread 0x000001a13f550d40 Uncommon trap: trap_request=0xfffffff4 fr.pc=0x000001a15111a9ec relative=0x00000000000000cc
Event: 17.657 Thread 0x000001a13f550d40 Uncommon trap: reason=null_check action=make_not_entrant pc=0x000001a15111a9ec method=java.lang.reflect.Method.equals(Ljava/lang/Object;)Z @ 1 c2
Event: 17.657 Thread 0x000001a13f550d40 DEOPT PACKING pc=0x000001a15111a9ec sp=0x0000001b2d7fb890
Event: 17.657 Thread 0x000001a13f550d40 DEOPT UNPACKING pc=0x000001a1509046a2 sp=0x0000001b2d7fb818 mode 2
Event: 17.665 Thread 0x000001a13f550d40 Uncommon trap: trap_request=0xfffffff4 fr.pc=0x000001a1511f2a2c relative=0x000000000000036c
Event: 17.665 Thread 0x000001a13f550d40 Uncommon trap: reason=null_check action=make_not_entrant pc=0x000001a1511f2a2c method=sun.invoke.util.VerifyType.isNullConversion(Ljava/lang/Class;Ljava/lang/Class;Z)Z @ 67 c2
Event: 17.665 Thread 0x000001a13f550d40 DEOPT PACKING pc=0x000001a1511f2a2c sp=0x0000001b2d7fa860
Event: 17.665 Thread 0x000001a13f550d40 DEOPT UNPACKING pc=0x000001a1509046a2 sp=0x0000001b2d7fa7e0 mode 2
Event: 17.672 Thread 0x000001a13f550d40 Uncommon trap: trap_request=0xffffff45 fr.pc=0x000001a150fe06a0 relative=0x00000000000004e0
Event: 19.698 Thread 0x000001a13f550d40 Uncommon trap: reason=unstable_if action=reinterpret pc=0x000001a150fe06a0 method=java.lang.StringUTF16.compress([CII)[B @ 17 c2
Event: 19.714 Thread 0x000001a13f550d40 DEOPT PACKING pc=0x000001a150fe06a0 sp=0x0000001b2d7fa770
Event: 19.714 Thread 0x000001a13f550d40 DEOPT UNPACKING pc=0x000001a1509046a2 sp=0x0000001b2d7fa628 mode 2

Classes loaded (20 events):
Event: 10.157 Loading class java/math/MutableBigInteger
Event: 10.159 Loading class java/math/MutableBigInteger done
Event: 10.241 Loading class javax/naming/RefAddr
Event: 10.242 Loading class javax/naming/RefAddr done
Event: 10.242 Loading class javax/naming/StringRefAddr
Event: 10.242 Loading class javax/naming/StringRefAddr done
Event: 10.274 Loading class java/util/concurrent/CompletableFuture$AltResult
Event: 10.274 Loading class java/util/concurrent/CompletableFuture$AltResult done
Event: 10.274 Loading class java/util/concurrent/CompletableFuture$Completion
Event: 10.280 Loading class java/util/concurrent/CompletableFuture$AsynchronousCompletionTask
Event: 10.280 Loading class java/util/concurrent/CompletableFuture$AsynchronousCompletionTask done
Event: 10.280 Loading class java/util/concurrent/CompletableFuture$Completion done
Event: 15.055 Loading class java/util/AbstractList$SubList
Event: 15.056 Loading class java/util/AbstractList$SubList done
Event: 15.114 Loading class java/lang/foreign/ValueLayout
Event: 15.115 Loading class java/lang/foreign/MemoryLayout
Event: 15.116 Loading class java/lang/foreign/MemoryLayout done
Event: 15.116 Loading class java/lang/foreign/ValueLayout done
Event: 15.576 Loading class javax/naming/Reference
Event: 15.576 Loading class javax/naming/Reference done

Classes unloaded (0 events):
No events

Classes redefined (0 events):
No events

Internal exceptions (20 events):
Event: 10.553 Thread 0x000001a13f550d40 Exception <a 'java/lang/IncompatibleClassChangeError'{0x00000000859478e0}: Found class java.lang.Object, but interface was expected> (0x00000000859478e0) 
thrown [s\open\src\hotspot\share\interpreter\linkResolver.cpp, line 840]
Event: 10.571 Thread 0x000001a13f550d40 Exception <a 'java/lang/NoSuchMethodError'{0x00000000859f8fb0}: 'java.lang.Object java.lang.invoke.DirectMethodHandle$Holder.invokeStatic(java.lang.Object, java.lang.Object, int, java.lang.Object)'> (0x00000000859f8fb0) 
thrown [s\open\src\hotspot\share\interpreter\linkResolver.cpp, line 773]
Event: 10.571 Thread 0x000001a13f550d40 Exception <a 'java/lang/NoSuchMethodError'{0x00000000859fccd0}: 'java.lang.Object java.lang.invoke.DirectMethodHandle$Holder.invokeStaticInit(java.lang.Object, java.lang.Object, int, java.lang.Object)'> (0x00000000859fccd0) 
thrown [s\open\src\hotspot\share\interpreter\linkResolver.cpp, line 773]
Event: 15.350 Thread 0x000001a13f550d40 Exception <a 'java/lang/NoSuchMethodError'{0x00000000853550a8}: 'void java.lang.invoke.DirectMethodHandle$Holder.invokeStaticInit(java.lang.Object, int, java.lang.Object, java.lang.Object, java.lang.Object, java.lang.Object)'> (0x00000000853550a8) 
thrown [s\open\src\hotspot\share\interpreter\linkResolver.cpp, line 773]
Event: 15.395 Thread 0x000001a13f550d40 Exception <a 'java/lang/NoSuchMethodError'{0x0000000085135f70}: 'void java.lang.invoke.DirectMethodHandle$Holder.invokeStatic(java.lang.Object, java.lang.Object, java.lang.Object, int, java.lang.Object)'> (0x0000000085135f70) 
thrown [s\open\src\hotspot\share\interpreter\linkResolver.cpp, line 773]
Event: 15.396 Thread 0x000001a13f550d40 Exception <a 'java/lang/NoSuchMethodError'{0x0000000085142810}: 'void java.lang.invoke.DirectMethodHandle$Holder.invokeInterface(java.lang.Object, java.lang.Object, int, java.lang.Object)'> (0x0000000085142810) 
thrown [s\open\src\hotspot\share\interpreter\linkResolver.cpp, line 773]
Event: 15.399 Thread 0x000001a13f550d40 Exception <a 'java/lang/NoSuchMethodError'{0x0000000085167c38}: 'java.lang.Object java.lang.invoke.DirectMethodHandle$Holder.newInvokeSpecial(java.lang.Object, java.lang.Object, int, java.lang.Object)'> (0x0000000085167c38) 
thrown [s\open\src\hotspot\share\interpreter\linkResolver.cpp, line 773]
Event: 15.399 Thread 0x000001a13f550d40 Exception <a 'java/lang/NoSuchMethodError'{0x000000008516bd78}: 'java.lang.Object java.lang.invoke.Invokers$Holder.linkToTargetMethod(java.lang.Object, int, java.lang.Object, java.lang.Object)'> (0x000000008516bd78) 
thrown [s\open\src\hotspot\share\interpreter\linkResolver.cpp, line 773]
Event: 15.404 Thread 0x000001a13f550d40 Exception <a 'java/lang/NoSuchMethodError'{0x00000000851c0b20}: 'void java.lang.invoke.DirectMethodHandle$Holder.invokeSpecial(java.lang.Object, java.lang.Object, java.lang.Object, java.lang.Object, java.lang.Object, java.lang.Object, java.lang.Object, java.lang.Object)'> (0x00000000851c0b20) 
thrown [s\open\src\hotspot\share\interpreter\linkResolver.cpp, line 773]
Event: 15.417 Thread 0x000001a13f550d40 Exception <a 'java/lang/NoSuchMethodError'{0x000000008a1023a8}: 'java.lang.Object java.lang.invoke.DirectMethodHandle$Holder.newInvokeSpecial(java.lang.Object, java.lang.Object, int)'> (0x000000008a1023a8) 
thrown [s\open\src\hotspot\share\interpreter\linkResolver.cpp, line 773]
Event: 15.444 Thread 0x000001a13f550d40 Exception <a 'java/lang/NoSuchMethodError'{0x000000008a06a3f0}: 'java.lang.Object java.lang.invoke.DirectMethodHandle$Holder.newInvokeSpecial(java.lang.Object, java.lang.Object, java.lang.Object, java.lang.Object, java.lang.Object, int, java.lang.Object)'> (0x000000008a06a3f0) 
thrown [s\open\src\hotspot\share\interpreter\linkResolver.cpp, line 773]
Event: 15.447 Thread 0x000001a13f550d40 Exception <a 'java/lang/NoSuchMethodError'{0x000000008a09ece0}: 'java.lang.Object java.lang.invoke.DirectMethodHandle$Holder.newInvokeSpecial(java.lang.Object, java.lang.Object, java.lang.Object, java.lang.Object, java.lang.Object, java.lang.Object, java.lang.Object, java.lang.Object, java.lang.Object, java.lang.Object, java.lang.Object, java.lang.Object)'> (0x000000008a09ece0) 
thrown [s\open\src\hotspot\share\interpreter\linkResolver.cpp, line 773]
Event: 15.447 Thread 0x000001a13f550d40 Exception <a 'java/lang/NoSuchMethodError'{0x000000008a0a3d58}: 'java.lang.Object java.lang.invoke.DirectMethodHandle$Holder.invokeSpecial(java.lang.Object, java.lang.Object, java.lang.Object, java.lang.Object, java.lang.Object, java.lang.Object, java.lang.Object, java.lang.Object, java.lang.Object, java.lang.Object, java.lang.Object, java.lang.Object, java.lang.Object)'> (0x000000008a0a3d58) 
thrown [s\open\src\hotspot\share\interpreter\linkResolver.cpp, line 773]
Event: 15.448 Thread 0x000001a13f550d40 Exception <a 'java/lang/NoSuchMethodError'{0x000000008a0a8a08}: 'java.lang.Object java.lang.invoke.Invokers$Holder.linkToTargetMethod(java.lang.Object, java.lang.Object, java.lang.Object, java.lang.Object, java.lang.Object, java.lang.Object, java.lang.Object, java.lang.Object, java.lang.Object, java.lang.Object, java.lang.Object, java.lang.Object)'> (0x000000008a0a8a08) 
thrown [s\open\src\hotspot\share\interpreter\linkResolver.cpp, line 773]
Event: 15.489 Thread 0x000001a13f550d40 Exception <a 'java/lang/NoSuchMethodError'{0x00000000899d2200}: 'java.lang.Object java.lang.invoke.DirectMethodHandle$Holder.newInvokeSpecial(java.lang.Object, java.lang.Object, int, java.lang.Object, int, java.lang.Object, java.lang.Object)'> (0x00000000899d2200) 
thrown [s\open\src\hotspot\share\interpreter\linkResolver.cpp, line 773]
Event: 15.494 Thread 0x000001a13f550d40 Exception <a 'java/lang/NoSuchMethodError'{0x00000000898169a8}: 'java.lang.Object java.lang.invoke.DirectMethodHandle$Holder.newInvokeSpecial(java.lang.Object, java.lang.Object, java.lang.Object, java.lang.Object, java.lang.Object, java.lang.Object, java.lang.Object, int)'> (0x00000000898169a8) 
thrown [s\open\src\hotspot\share\interpreter\linkResolver.cpp, line 773]
Event: 15.494 Thread 0x000001a13f550d40 Exception <a 'java/lang/NoSuchMethodError'{0x000000008981b6a0}: 'java.lang.Object java.lang.invoke.DirectMethodHandle$Holder.invokeSpecial(java.lang.Object, java.lang.Object, java.lang.Object, java.lang.Object, java.lang.Object, java.lang.Object, java.lang.Object, java.lang.Object, int)'> (0x000000008981b6a0) 
thrown [s\open\src\hotspot\share\interpreter\linkResolver.cpp, line 773]
Event: 15.494 Thread 0x000001a13f550d40 Exception <a 'java/lang/NoSuchMethodError'{0x000000008981fe90}: 'java.lang.Object java.lang.invoke.Invokers$Holder.linkToTargetMethod(java.lang.Object, java.lang.Object, java.lang.Object, java.lang.Object, java.lang.Object, java.lang.Object, int, java.lang.Object)'> (0x000000008981fe90) 
thrown [s\open\src\hotspot\share\interpreter\linkResolver.cpp, line 773]
Event: 17.657 Thread 0x000001a13f550d40 Implicit null exception at 0x000001a15111a960 to 0x000001a15111a9dc
Event: 17.665 Thread 0x000001a13f550d40 Implicit null exception at 0x000001a1511f2797 to 0x000001a1511f2a18

ZGC Phase Switch (0 events):
No events

VM Operations (20 events):
Event: 10.450 Executing VM operation: ICBufferFull
Event: 10.450 Executing VM operation: ICBufferFull done
Event: 11.465 Executing VM operation: Cleanup
Event: 11.767 Executing VM operation: Cleanup done
Event: 12.865 Executing VM operation: G1CollectForAllocation (G1 Evacuation Pause)
Event: 12.874 Executing VM operation: G1CollectForAllocation (G1 Evacuation Pause) done
Event: 14.891 Executing VM operation: Cleanup
Event: 15.036 Executing VM operation: Cleanup done
Event: 15.212 Executing VM operation: ICBufferFull
Event: 15.212 Executing VM operation: ICBufferFull done
Event: 15.281 Executing VM operation: ICBufferFull
Event: 15.281 Executing VM operation: ICBufferFull done
Event: 15.409 Executing VM operation: G1CollectForAllocation (G1 Evacuation Pause)
Event: 15.417 Executing VM operation: G1CollectForAllocation (G1 Evacuation Pause) done
Event: 16.418 Executing VM operation: Cleanup
Event: 16.622 Executing VM operation: Cleanup done
Event: 17.622 Executing VM operation: Cleanup
Event: 17.654 Executing VM operation: Cleanup done
Event: 18.668 Executing VM operation: Cleanup
Event: 19.714 Executing VM operation: Cleanup done

Events (20 events):
Event: 9.786 Thread 0x000001a15dfca320 flushing nmethod 0x000001a1499f0d90
Event: 9.786 Thread 0x000001a15dfca320 flushing nmethod 0x000001a1499f3c10
Event: 9.786 Thread 0x000001a15dfca320 flushing nmethod 0x000001a149a10c90
Event: 9.786 Thread 0x000001a15dfca320 flushing nmethod 0x000001a149a42090
Event: 9.786 Thread 0x000001a15dfca320 flushing nmethod 0x000001a149a77190
Event: 9.786 Thread 0x000001a15dfca320 flushing nmethod 0x000001a149a7ea90
Event: 9.786 Thread 0x000001a15dfca320 flushing nmethod 0x000001a149a7f610
Event: 9.786 Thread 0x000001a15dfca320 flushing nmethod 0x000001a149a80b10
Event: 9.786 Thread 0x000001a15dfca320 flushing nmethod 0x000001a149ab4810
Event: 9.786 Thread 0x000001a15dfca320 flushing nmethod 0x000001a149ad3390
Event: 9.786 Thread 0x000001a15dfca320 flushing nmethod 0x000001a149adcb90
Event: 9.786 Thread 0x000001a15dfca320 flushing nmethod 0x000001a149b10990
Event: 9.786 Thread 0x000001a15dfca320 flushing nmethod 0x000001a149b82090
Event: 9.786 Thread 0x000001a15dfca320 flushing nmethod 0x000001a149b9b810
Event: 9.786 Thread 0x000001a15dfca320 flushing nmethod 0x000001a149ba2d10
Event: 9.786 Thread 0x000001a15dfca320 flushing nmethod 0x000001a149bb3590
Event: 9.859 Thread 0x000001a1a7c72630 Thread added: 0x000001a1a7c72630
Event: 10.711 Thread 0x000001a1a7c72630 Thread exited: 0x000001a1a7c72630
Event: 14.704 Thread 0x000001a1a7b6c710 Thread exited: 0x000001a1a7b6c710
Event: 15.191 Thread 0x000001a1a406ee00 Thread added: 0x000001a1a406ee00


Dynamic libraries:
0x00007ff75e160000 - 0x00007ff75e170000 	D:\mailon\Java\jdk-21.0.10\bin\java.exe
0x00007ffe20340000 - 0x00007ffe205a7000 	C:\WINDOWS\SYSTEM32\ntdll.dll
0x00007ffe1f710000 - 0x00007ffe1f7d9000 	C:\WINDOWS\System32\KERNEL32.DLL
0x00007ffe1ce40000 - 0x00007ffe1d234000 	C:\WINDOWS\System32\KERNELBASE.dll
0x00007ffe1df80000 - 0x00007ffe1e0cb000 	C:\WINDOWS\System32\ucrtbase.dll
0x00007ffe175b0000 - 0x00007ffe175ce000 	D:\mailon\Java\jdk-21.0.10\bin\VCRUNTIME140.dll
0x00007ffe175d0000 - 0x00007ffe175e9000 	D:\mailon\Java\jdk-21.0.10\bin\jli.dll
0x00007ffe20240000 - 0x00007ffe202f6000 	C:\WINDOWS\System32\ADVAPI32.dll
0x00007ffe1f540000 - 0x00007ffe1f5e9000 	C:\WINDOWS\System32\msvcrt.dll
0x00007ffe1f7e0000 - 0x00007ffe1f887000 	C:\WINDOWS\System32\sechost.dll
0x00007ffe1f5f0000 - 0x00007ffe1f708000 	C:\WINDOWS\System32\RPCRT4.dll
0x00007ffe1ee10000 - 0x00007ffe1efd5000 	C:\WINDOWS\System32\USER32.dll
0x00007ffe1ce10000 - 0x00007ffe1ce37000 	C:\WINDOWS\System32\win32u.dll
0x00007ffe1f890000 - 0x00007ffe1f8bb000 	C:\WINDOWS\System32\GDI32.dll
0x00007ffe0c8f0000 - 0x00007ffe0cb83000 	C:\WINDOWS\WinSxS\amd64_microsoft.windows.common-controls_6595b64144ccf1df_6.0.26100.8115_none_3e075c82e3354f9c\COMCTL32.dll
0x00007ffe1dab0000 - 0x00007ffe1dbdb000 	C:\WINDOWS\System32\gdi32full.dll
0x00007ffe1ded0000 - 0x00007ffe1df73000 	C:\WINDOWS\System32\msvcp_win.dll
0x00007ffe16170000 - 0x00007ffe1617b000 	C:\WINDOWS\SYSTEM32\VERSION.dll
0x00007ffe1e170000 - 0x00007ffe1e1a2000 	C:\WINDOWS\System32\IMM32.DLL
0x00007ffe17510000 - 0x00007ffe1751c000 	D:\mailon\Java\jdk-21.0.10\bin\vcruntime140_1.dll
0x00007ffe02390000 - 0x00007ffe0241d000 	D:\mailon\Java\jdk-21.0.10\bin\msvcp140.dll
0x00007ffd68fa0000 - 0x00007ffd69cc7000 	D:\mailon\Java\jdk-21.0.10\bin\server\jvm.dll
0x00007ffe201b0000 - 0x00007ffe20230000 	C:\WINDOWS\System32\WS2_32.dll
0x00007ffe1ca90000 - 0x00007ffe1caee000 	C:\WINDOWS\SYSTEM32\POWRPROF.dll
0x00007ffdfca90000 - 0x00007ffdfcac6000 	C:\WINDOWS\SYSTEM32\WINMM.dll
0x00007ffe1ca70000 - 0x00007ffe1ca84000 	C:\WINDOWS\SYSTEM32\UMPDC.dll
0x00007ffe1b970000 - 0x00007ffe1b98b000 	C:\WINDOWS\SYSTEM32\kernel.appcore.dll
0x00007ffe17500000 - 0x00007ffe1750a000 	D:\mailon\Java\jdk-21.0.10\bin\jimage.dll
0x00007ffe0d0b0000 - 0x00007ffe0d2f2000 	C:\WINDOWS\SYSTEM32\DBGHELP.DLL
0x00007ffe1e7e0000 - 0x00007ffe1eb62000 	C:\WINDOWS\System32\combase.dll
0x00007ffe1f0d0000 - 0x00007ffe1f1a8000 	C:\WINDOWS\System32\OLEAUT32.dll
0x00007ffe033e0000 - 0x00007ffe0341b000 	C:\WINDOWS\SYSTEM32\dbgcore.DLL
0x00007ffe1dd60000 - 0x00007ffe1de05000 	C:\WINDOWS\System32\bcryptPrimitives.dll
0x00007ffe10450000 - 0x00007ffe10471000 	D:\mailon\Java\jdk-21.0.10\bin\java.dll
0x00007ffe1fa40000 - 0x00007ffe201a7000 	C:\WINDOWS\System32\SHELL32.dll
0x00007ffe1cc10000 - 0x00007ffe1cd7a000 	C:\WINDOWS\System32\wintypes.dll
0x00007ffe1d240000 - 0x00007ffe1daa8000 	C:\WINDOWS\System32\windows.storage.dll
0x00007ffe1f220000 - 0x00007ffe1f318000 	C:\WINDOWS\System32\SHCORE.dll
0x00007ffe1f9d0000 - 0x00007ffe1fa36000 	C:\WINDOWS\System32\shlwapi.dll
0x00007ffe1cb30000 - 0x00007ffe1cb59000 	C:\WINDOWS\SYSTEM32\profapi.dll
0x00007ffe00160000 - 0x00007ffe00237000 	D:\mailon\Java\jdk-21.0.10\bin\jsvml.dll
0x00007ffe10380000 - 0x00007ffe10391000 	D:\mailon\Java\jdk-21.0.10\bin\net.dll
0x00007ffe15b50000 - 0x00007ffe15c7d000 	C:\WINDOWS\SYSTEM32\WINHTTP.dll
0x00007ffe1bed0000 - 0x00007ffe1bf3c000 	C:\WINDOWS\system32\mswsock.dll
0x00007ffe0e890000 - 0x00007ffe0e8a6000 	D:\mailon\Java\jdk-21.0.10\bin\nio.dll
0x00007ffe0e870000 - 0x00007ffe0e888000 	D:\mailon\Java\jdk-21.0.10\bin\zip.dll
0x00007ffe174f0000 - 0x00007ffe174fa000 	D:\mailon\Java\jdk-21.0.10\bin\management.dll
0x00007ffe174b0000 - 0x00007ffe174bc000 	D:\mailon\Java\jdk-21.0.10\bin\management_ext.dll
0x00007ffe1e0d0000 - 0x00007ffe1e0d8000 	C:\WINDOWS\System32\PSAPI.DLL
0x00007ffe0bed0000 - 0x00007ffe0bede000 	D:\mailon\Java\jdk-21.0.10\bin\sunmscapi.dll
0x00007ffe1dbe0000 - 0x00007ffe1dd57000 	C:\WINDOWS\System32\CRYPT32.dll
0x00007ffe1c410000 - 0x00007ffe1c440000 	C:\WINDOWS\SYSTEM32\ncrypt.dll
0x00007ffe1c3c0000 - 0x00007ffe1c3ff000 	C:\WINDOWS\SYSTEM32\NTASN1.dll
0x00007ffe1c200000 - 0x00007ffe1c21b000 	C:\WINDOWS\SYSTEM32\CRYPTSP.dll
0x00007ffe1b8c0000 - 0x00007ffe1b8f9000 	C:\WINDOWS\system32\rsaenh.dll
0x00007ffe1bfa0000 - 0x00007ffe1bfd3000 	C:\WINDOWS\SYSTEM32\USERENV.dll
0x00007ffe1cb00000 - 0x00007ffe1cb2a000 	C:\WINDOWS\SYSTEM32\bcrypt.dll
0x00007ffe1c1f0000 - 0x00007ffe1c1fc000 	C:\WINDOWS\SYSTEM32\CRYPTBASE.dll
0x00007ffe1b340000 - 0x00007ffe1b372000 	C:\WINDOWS\SYSTEM32\IPHLPAPI.DLL
0x00007ffe1f8c0000 - 0x00007ffe1f8ca000 	C:\WINDOWS\System32\NSI.dll
0x00007ffe17490000 - 0x00007ffe174a0000 	D:\mailon\Java\jdk-21.0.10\bin\verify.dll

dbghelp: loaded successfully - version: 4.0.5 - missing functions: none
symbol engine: initialized successfully - sym options: 0x614 - pdb path: .;D:\mailon\Java\jdk-21.0.10\bin;C:\WINDOWS\SYSTEM32;C:\WINDOWS\WinSxS\amd64_microsoft.windows.common-controls_6595b64144ccf1df_6.0.26100.8115_none_3e075c82e3354f9c;D:\mailon\Java\jdk-21.0.10\bin\server

VM Arguments:
java_command: C:\Users\Usuario\AppData\Local\Temp\surefire12099399227082480476\surefirebooter-20260423045709047_3.jar C:\Users\Usuario\AppData\Local\Temp\surefire12099399227082480476 2026-04-23T04-57-08_793-jvmRun1 surefire-20260423045709047_1tmp surefire_0-20260423045709047_2tmp
java_class_path (initial): C:\Users\Usuario\AppData\Local\Temp\surefire12099399227082480476\surefirebooter-20260423045709047_3.jar
Launcher Type: SUN_STANDARD

[Global flags]
     intx CICompilerCount                          = 4                                         {product} {ergonomic}
     uint ConcGCThreads                            = 2                                         {product} {ergonomic}
     uint G1ConcRefinementThreads                  = 8                                         {product} {ergonomic}
   size_t G1HeapRegionSize                         = 1048576                                   {product} {ergonomic}
    uintx GCDrainStackTargetSize                   = 64                                        {product} {ergonomic}
   size_t InitialHeapSize                          = 132120576                                 {product} {ergonomic}
   size_t MarkStackSize                            = 4194304                                   {product} {ergonomic}
   size_t MaxHeapSize                              = 2109734912                                {product} {ergonomic}
   size_t MaxNewSize                               = 1265631232                                {product} {ergonomic}
   size_t MinHeapDeltaBytes                        = 1048576                                   {product} {ergonomic}
   size_t MinHeapSize                              = 8388608                                   {product} {ergonomic}
    uintx NonNMethodCodeHeapSize                   = 5839372                                {pd product} {ergonomic}
    uintx NonProfiledCodeHeapSize                  = 122909434                              {pd product} {ergonomic}
    uintx ProfiledCodeHeapSize                     = 122909434                              {pd product} {ergonomic}
    uintx ReservedCodeCacheSize                    = 251658240                              {pd product} {ergonomic}
     bool SegmentedCodeCache                       = true                                      {product} {ergonomic}
   size_t SoftMaxHeapSize                          = 2109734912                             {manageable} {ergonomic}
     bool UseCompressedOops                        = true                           {product lp64_product} {ergonomic}
     bool UseG1GC                                  = true                                      {product} {ergonomic}
     bool UseLargePagesIndividualAllocation        = false                                  {pd product} {ergonomic}

Logging:
Log output configuration:
 #0: stdout all=warning uptime,level,tags foldmultilines=false
 #1: stderr all=off uptime,level,tags foldmultilines=false

Environment Variables:
JAVA_HOME=D:/mailon/Java/jdk-21.0.10
PATH=D:\Program Files\Git\mingw64\bin;D:\Program Files\Git\usr\bin;C:\Users\Usuario\bin;C:\Program Files\Common Files\Oracle\Java\javapath;C:\WINDOWS\system32;C:\WINDOWS;C:\WINDOWS\System32\Wbem;C:\WINDOWS\System32\WindowsPowerShell\v1.0;C:\WINDOWS\System32\OpenSSH;D:\Program Files\nodejs;D:\mailon\Usuario\Desktop\apache-maven-3.9.14-bin (1)\apache-maven-3.9.14\bin;D:\Program Files\Git\cmd;C:\Users\Usuario\AppData\Local\Programs\Trae\bin;D:\mailon\Usuario\Downloads\ffmpeg-8.0.1-essentials_build\ffmpeg-8.0.1-essentials_build\bin;D:\mailon\Usuario\Desktop\apache-maven-3.9.14-bin (1)\apache-maven-3.9.14\bin;C:\Users\Usuario\AppData\Roaming\npm
USERNAME=Usuario
TERM=xterm-256color
OS=Windows_NT
PROCESSOR_IDENTIFIER=Intel64 Family 6 Model 142 Stepping 12, GenuineIntel
TMP=C:\Users\Usuario\AppData\Local\Temp
TEMP=C:\Users\Usuario\AppData\Local\Temp




Periodic native trim disabled

---------------  S Y S T E M  ---------------

OS:
 Windows 11 , 64 bit Build 26100 (10.0.26100.8246)
OS uptime: 4 days 19:08 hours
Hyper-V role detected

CPU: total 8 (initial active 8) (4 cores per cpu, 2 threads per core) family 6 model 142 stepping 12 microcode 0xde, cx8, cmov, fxsr, ht, mmx, 3dnowpref, sse, sse2, sse3, ssse3, sse4.1, sse4.2, popcnt, lzcnt, tsc, tscinvbit, avx, avx2, aes, erms, clmul, bmi1, bmi2, adx, fma, vzeroupper, clflush, clflushopt, hv, rdtscp, f16c
Processor Information for all 8 processors :
  Max Mhz: 1800, Current Mhz: 1600, Mhz Limit: 1584

Memory: 4k page, system-wide physical 8040M (341M free)
TotalPageFile size 32616M (AvailPageFile size 0M)
current process WorkingSet (physical memory assigned to process): 274M, peak: 275M
current process commit charge ("private bytes"): 312M, peak: 312M

vm_info: Java HotSpot(TM) 64-Bit Server VM (21.0.10+8-LTS-217) for windows-amd64 JRE (21.0.10+8-LTS-217), built on 2025-12-18T14:59:28Z by "mach5run" with MS VC++ 17.13 (VS2022)

END.
