#
# There is insufficient memory for the Java Runtime Environment to continue.
# Native memory allocation (malloc) failed to allocate 1967696 bytes for Chunk::new
# Possible reasons:
#   The system is out of physical RAM or swap space
#   The process is running with CompressedOops enabled, and the Java Heap may be blocking the growth of the native heap
# Possible solutions:
#   Reduce memory load on the system
#   Increase physical memory or swap space
#   Check if swap backing store is full
#   Decrease Java heap size (-Xmx/-Xms)
#   Decrease number of Java threads
#   Decrease Java thread stack sizes (-Xss)
#   Set larger code cache with -XX:ReservedCodeCacheSize=
#   JVM is running with Unscaled Compressed Oops mode in which the Java heap is
#     placed in the first 4GB address space. The Java Heap base address is the
#     maximum limit for the native heap growth. Please use -XX:HeapBaseMinAddress
#     to set the Java Heap base and to place the Java Heap above 4GB virtual address.
# This output file may be truncated or incomplete.
#
#  Out of Memory Error (arena.cpp:168), pid=30396, tid=30012
#
# JRE version: Java(TM) SE Runtime Environment (21.0.10+8) (build 21.0.10+8-LTS-217)
# Java VM: Java HotSpot(TM) 64-Bit Server VM (21.0.10+8-LTS-217, mixed mode, sharing, tiered, compressed oops, compressed class ptrs, g1 gc, windows-amd64)
# No core dump will be written. Minidumps are not enabled by default on client versions of Windows
#

---------------  S U M M A R Y ------------

Command Line: -Dapplication.home=D:\mailon\Java\jdk-21.0.10 --add-modules=ALL-DEFAULT -Xms8m -Xmx256m -Djdk.module.main=jdk.compiler jdk.compiler/com.sun.tools.javac.Main @C:/Users/Usuario/AppData/Local/Temp/org.codehaus.plexus.compiler.javac.JavacCompiler16524167683032438921arguments

Host: Intel(R) Core(TM) i5-8265U CPU @ 1.60GHz, 8 cores, 7G,  Windows 11 , 64 bit Build 26100 (10.0.26100.8246)
Time: Fri Apr 24 03:43:39 2026 Hora oficial do Brasil elapsed time: 5.644196 seconds (0d 0h 0m 5s)

---------------  T H R E A D  ---------------

Current thread (0x0000021fed3cfcc0):  JavaThread "C2 CompilerThread0" daemon [_thread_in_native, id=30012, stack(0x0000008b59500000,0x0000008b59600000) (1024K)]


Current CompileTask:
C2:   5644 2256   !   4       com.sun.tools.javac.jvm.ClassReader::classSigToType (482 bytes)

Stack: [0x0000008b59500000,0x0000008b59600000]
Native frames: (J=compiled Java code, j=interpreted, Vv=VM code, C=native code)
V  [jvm.dll+0x6d0b59]
V  [jvm.dll+0x85fd56]
V  [jvm.dll+0x86224e]
V  [jvm.dll+0x862923]
V  [jvm.dll+0x282a16]
V  [jvm.dll+0xc662d]
V  [jvm.dll+0xc6b71]
V  [jvm.dll+0x3bbb5b]
V  [jvm.dll+0x387fd2]
V  [jvm.dll+0x38741a]
V  [jvm.dll+0x24b370]
V  [jvm.dll+0x24a94f]
V  [jvm.dll+0x1cacfe]
V  [jvm.dll+0x25a629]
V  [jvm.dll+0x258bb5]
V  [jvm.dll+0x3f4da1]
V  [jvm.dll+0x80a83d]
V  [jvm.dll+0x6cf3fd]
C  [ucrtbase.dll+0x37b0]
C  [KERNEL32.DLL+0x2e8d7]
C  [ntdll.dll+0x8c3fc]


---------------  P R O C E S S  ---------------

Threads class SMR info:
_java_thread_list=0x0000021ff26fd830, length=13, elements={
0x0000021fd2de9950, 0x0000021fed3ab6e0, 0x0000021fed3ae550, 0x0000021fed3b63c0,
0x0000021fed3b6f50, 0x0000021fed3c2c10, 0x0000021fed3c8630, 0x0000021fed3cfcc0,
0x0000021fed3d2380, 0x0000021fed3c7fa0, 0x0000021fed3c6bf0, 0x0000021ff26748c0,
0x0000021ff36f6fe0
}

Java Threads: ( => current thread )
  0x0000021fd2de9950 JavaThread "main"                              [_thread_in_native, id=31952, stack(0x0000008b58700000,0x0000008b58800000) (1024K)]
  0x0000021fed3ab6e0 JavaThread "Reference Handler"          daemon [_thread_blocked, id=33324, stack(0x0000008b58f00000,0x0000008b59000000) (1024K)]
  0x0000021fed3ae550 JavaThread "Finalizer"                  daemon [_thread_blocked, id=12760, stack(0x0000008b59000000,0x0000008b59100000) (1024K)]
  0x0000021fed3b63c0 JavaThread "Signal Dispatcher"          daemon [_thread_blocked, id=30368, stack(0x0000008b59100000,0x0000008b59200000) (1024K)]
  0x0000021fed3b6f50 JavaThread "Attach Listener"            daemon [_thread_blocked, id=29712, stack(0x0000008b59200000,0x0000008b59300000) (1024K)]
  0x0000021fed3c2c10 JavaThread "Service Thread"             daemon [_thread_blocked, id=22560, stack(0x0000008b59300000,0x0000008b59400000) (1024K)]
  0x0000021fed3c8630 JavaThread "Monitor Deflation Thread"   daemon [_thread_blocked, id=32352, stack(0x0000008b59400000,0x0000008b59500000) (1024K)]
=>0x0000021fed3cfcc0 JavaThread "C2 CompilerThread0"         daemon [_thread_in_native, id=30012, stack(0x0000008b59500000,0x0000008b59600000) (1024K)]
  0x0000021fed3d2380 JavaThread "C1 CompilerThread0"         daemon [_thread_blocked, id=24596, stack(0x0000008b59600000,0x0000008b59700000) (1024K)]
  0x0000021fed3c7fa0 JavaThread "Notification Thread"        daemon [_thread_blocked, id=16684, stack(0x0000008b59700000,0x0000008b59800000) (1024K)]
  0x0000021fed3c6bf0 JavaThread "Common-Cleaner"             daemon [_thread_blocked, id=14804, stack(0x0000008b59800000,0x0000008b59900000) (1024K)]
  0x0000021ff26748c0 JavaThread "C2 CompilerThread1"         daemon [_thread_blocked, id=33648, stack(0x0000008b59900000,0x0000008b59a00000) (1024K)]
  0x0000021ff36f6fe0 JavaThread "C2 CompilerThread2"         daemon [_thread_in_native, id=22544, stack(0x0000008b5a100000,0x0000008b5a200000) (1024K)]
Total: 13

Other Threads:
  0x0000021fd2ea2130 VMThread "VM Thread"                           [id=20880, stack(0x0000008b58e00000,0x0000008b58f00000) (1024K)]
  0x0000021fed39cb20 WatcherThread "VM Periodic Task Thread"        [id=27768, stack(0x0000008b58d00000,0x0000008b58e00000) (1024K)]
  0x0000021fd2e073c0 WorkerThread "GC Thread#0"                     [id=12708, stack(0x0000008b58800000,0x0000008b58900000) (1024K)]
  0x0000021fed8580a0 WorkerThread "GC Thread#1"                     [id=9960, stack(0x0000008b59b00000,0x0000008b59c00000) (1024K)]
  0x0000021fed9048b0 WorkerThread "GC Thread#2"                     [id=25588, stack(0x0000008b59c00000,0x0000008b59d00000) (1024K)]
  0x0000021fed90b150 WorkerThread "GC Thread#3"                     [id=32492, stack(0x0000008b59d00000,0x0000008b59e00000) (1024K)]
  0x0000021ff2568ea0 WorkerThread "GC Thread#4"                     [id=33188, stack(0x0000008b59f00000,0x0000008b5a000000) (1024K)]
  0x0000021ff26dbfa0 WorkerThread "GC Thread#5"                     [id=5896, stack(0x0000008b59a00000,0x0000008b59b00000) (1024K)]
  0x0000021ff26dc760 WorkerThread "GC Thread#6"                     [id=14800, stack(0x0000008b5a000000,0x0000008b5a100000) (1024K)]
  0x0000021fd2e0a2c0 ConcurrentGCThread "G1 Main Marker"            [id=34916, stack(0x0000008b58900000,0x0000008b58a00000) (1024K)]
  0x0000021fd2e0bb60 WorkerThread "G1 Conc#0"                       [id=34580, stack(0x0000008b58a00000,0x0000008b58b00000) (1024K)]
  0x0000021fed858f10 WorkerThread "G1 Conc#1"                       [id=35208, stack(0x0000008b59e00000,0x0000008b59f00000) (1024K)]
  0x0000021fd2e3cf00 ConcurrentGCThread "G1 Refine#0"               [id=34116, stack(0x0000008b58b00000,0x0000008b58c00000) (1024K)]
  0x0000021fd2e42850 ConcurrentGCThread "G1 Service"                [id=15868, stack(0x0000008b58c00000,0x0000008b58d00000) (1024K)]
Total: 14

Threads with active compile tasks:
C2 CompilerThread0     5742 2256   !   4       com.sun.tools.javac.jvm.ClassReader::classSigToType (482 bytes)
C2 CompilerThread2     5742 2557       4       lombok.launch.PackageShader::apply (252 bytes)
Total: 2

VM state: not at safepoint (normal execution)

VM Mutex/Monitor currently owned by a thread: None

Heap address: 0x00000000f0000000, size: 256 MB, Compressed Oops mode: 32-bit

CDS archive(s) mapped at: [0x0000021f80000000-0x0000021f80c90000-0x0000021f80c90000), size 13172736, SharedBaseAddress: 0x0000021f80000000, ArchiveRelocationMode: 1.
Compressed class space mapped at: 0x0000021f81000000-0x0000021fc1000000, reserved size: 1073741824
Narrow klass base: 0x0000021f80000000, Narrow klass shift: 0, Narrow klass range: 0x100000000

GC Precious Log:
 CardTable entry size: 512
 Card Set container configuration: InlinePtr #cards 5 size 8 Array Of Cards #cards 12 size 40 Howl #buckets 4 coarsen threshold 1843 Howl Bitmap #cards 512 size 80 coarsen threshold 460 Card regions per heap region 1 cards per card region 2048
 CPUs: 8 total, 8 available
 Memory: 8040M
 Large Page Support: Disabled
 NUMA Support: Disabled
 Compressed Oops: Enabled (32-bit)
 Heap Region Size: 1M
 Heap Min Capacity: 8M
 Heap Initial Capacity: 8M
 Heap Max Capacity: 256M
 Pre-touch: Disabled
 Parallel Workers: 8
 Concurrent Workers: 2
 Concurrent Refinement Workers: 8
 Periodic GC: Disabled

Heap:
 garbage-first heap   total 69632K, used 46592K [0x00000000f0000000, 0x0000000100000000)
  region size 1024K, 13 young (13312K), 3 survivors (3072K)
 Metaspace       used 11154K, committed 11328K, reserved 1114112K
  class space    used 1180K, committed 1280K, reserved 1048576K

Heap Regions: E=young(eden), S=young(survivor), O=old, HS=humongous(starts), HC=humongous(continues), CS=collection set, F=free, TAMS=top-at-mark-start, PB=parsable bottom
|   0|0x00000000f0000000, 0x00000000f0100000, 0x00000000f0100000|100%|HS|  |TAMS 0x00000000f0000000| PB 0x00000000f0000000| Complete 
|   1|0x00000000f0100000, 0x00000000f0200000, 0x00000000f0200000|100%|HC|  |TAMS 0x00000000f0100000| PB 0x00000000f0100000| Complete 
|   2|0x00000000f0200000, 0x00000000f0300000, 0x00000000f0300000|100%|HC|  |TAMS 0x00000000f0200000| PB 0x00000000f0200000| Complete 
|   3|0x00000000f0300000, 0x00000000f0400000, 0x00000000f0400000|100%| O|  |TAMS 0x00000000f0300000| PB 0x00000000f0300000| Untracked 
|   4|0x00000000f0400000, 0x00000000f0500000, 0x00000000f0500000|100%| O|  |TAMS 0x00000000f0400000| PB 0x00000000f0400000| Untracked 
|   5|0x00000000f0500000, 0x00000000f0600000, 0x00000000f0600000|100%| O|  |TAMS 0x00000000f0500000| PB 0x00000000f0500000| Untracked 
|   6|0x00000000f0600000, 0x00000000f0700000, 0x00000000f0700000|100%| O|  |TAMS 0x00000000f0600000| PB 0x00000000f0600000| Untracked 
|   7|0x00000000f0700000, 0x00000000f0800000, 0x00000000f0800000|100%| O|  |TAMS 0x00000000f0700000| PB 0x00000000f0700000| Untracked 
|   8|0x00000000f0800000, 0x00000000f0900000, 0x00000000f0900000|100%|HS|  |TAMS 0x00000000f0800000| PB 0x00000000f0800000| Complete 
|   9|0x00000000f0900000, 0x00000000f0a00000, 0x00000000f0a00000|100%|HC|  |TAMS 0x00000000f0900000| PB 0x00000000f0900000| Complete 
|  10|0x00000000f0a00000, 0x00000000f0b00000, 0x00000000f0b00000|100%|HC|  |TAMS 0x00000000f0a00000| PB 0x00000000f0a00000| Complete 
|  11|0x00000000f0b00000, 0x00000000f0c00000, 0x00000000f0c00000|100%| O|  |TAMS 0x00000000f0b00000| PB 0x00000000f0b00000| Untracked 
|  12|0x00000000f0c00000, 0x00000000f0d00000, 0x00000000f0d00000|100%| O|  |TAMS 0x00000000f0c00000| PB 0x00000000f0c00000| Untracked 
|  13|0x00000000f0d00000, 0x00000000f0e00000, 0x00000000f0e00000|100%| O|  |TAMS 0x00000000f0d00000| PB 0x00000000f0d00000| Untracked 
|  14|0x00000000f0e00000, 0x00000000f0f00000, 0x00000000f0f00000|100%| O|  |TAMS 0x00000000f0e00000| PB 0x00000000f0e00000| Untracked 
|  15|0x00000000f0f00000, 0x00000000f1000000, 0x00000000f1000000|100%| O|  |TAMS 0x00000000f0f00000| PB 0x00000000f0f00000| Untracked 
|  16|0x00000000f1000000, 0x00000000f1100000, 0x00000000f1100000|100%| O|  |TAMS 0x00000000f1000000| PB 0x00000000f1000000| Untracked 
|  17|0x00000000f1100000, 0x00000000f1200000, 0x00000000f1200000|100%|HS|  |TAMS 0x00000000f1100000| PB 0x00000000f1100000| Complete 
|  18|0x00000000f1200000, 0x00000000f1300000, 0x00000000f1300000|100%| O|  |TAMS 0x00000000f1200000| PB 0x00000000f1200000| Untracked 
|  19|0x00000000f1300000, 0x00000000f1400000, 0x00000000f1400000|100%| O|  |TAMS 0x00000000f1300000| PB 0x00000000f1300000| Untracked 
|  20|0x00000000f1400000, 0x00000000f1500000, 0x00000000f1500000|100%| O|  |TAMS 0x00000000f1400000| PB 0x00000000f1400000| Untracked 
|  21|0x00000000f1500000, 0x00000000f1600000, 0x00000000f1600000|100%| O|  |TAMS 0x00000000f1500000| PB 0x00000000f1500000| Untracked 
|  22|0x00000000f1600000, 0x00000000f1700000, 0x00000000f1700000|100%| O|  |TAMS 0x00000000f1600000| PB 0x00000000f1600000| Untracked 
|  23|0x00000000f1700000, 0x00000000f1800000, 0x00000000f1800000|100%| O|  |TAMS 0x00000000f1700000| PB 0x00000000f1700000| Untracked 
|  24|0x00000000f1800000, 0x00000000f1900000, 0x00000000f1900000|100%| O|  |TAMS 0x00000000f1800000| PB 0x00000000f1800000| Untracked 
|  25|0x00000000f1900000, 0x00000000f1a00000, 0x00000000f1a00000|100%| O|  |TAMS 0x00000000f1900000| PB 0x00000000f1900000| Untracked 
|  26|0x00000000f1a00000, 0x00000000f1b00000, 0x00000000f1b00000|100%| O|  |TAMS 0x00000000f1a00000| PB 0x00000000f1a00000| Untracked 
|  27|0x00000000f1b00000, 0x00000000f1c00000, 0x00000000f1c00000|100%| O|  |TAMS 0x00000000f1b00000| PB 0x00000000f1b00000| Untracked 
|  28|0x00000000f1c00000, 0x00000000f1d00000, 0x00000000f1d00000|100%|HS|  |TAMS 0x00000000f1c00000| PB 0x00000000f1c00000| Complete 
|  29|0x00000000f1d00000, 0x00000000f1e00000, 0x00000000f1e00000|100%| O|  |TAMS 0x00000000f1d00000| PB 0x00000000f1d00000| Untracked 
|  30|0x00000000f1e00000, 0x00000000f1f00000, 0x00000000f1f00000|100%| O|  |TAMS 0x00000000f1e00000| PB 0x00000000f1e00000| Untracked 
|  31|0x00000000f1f00000, 0x00000000f2000000, 0x00000000f2000000|100%| O|  |TAMS 0x00000000f1f00000| PB 0x00000000f1f00000| Untracked 
|  32|0x00000000f2000000, 0x00000000f2100000, 0x00000000f2100000|100%| O|  |TAMS 0x00000000f2000000| PB 0x00000000f2000000| Untracked 
|  33|0x00000000f2100000, 0x00000000f2180000, 0x00000000f2200000| 50%| O|  |TAMS 0x00000000f2100000| PB 0x00000000f2100000| Untracked 
|  34|0x00000000f2200000, 0x00000000f2200000, 0x00000000f2300000|  0%| F|  |TAMS 0x00000000f2200000| PB 0x00000000f2200000| Untracked 
|  35|0x00000000f2300000, 0x00000000f2300000, 0x00000000f2400000|  0%| F|  |TAMS 0x00000000f2300000| PB 0x00000000f2300000| Untracked 
|  36|0x00000000f2400000, 0x00000000f2400000, 0x00000000f2500000|  0%| F|  |TAMS 0x00000000f2400000| PB 0x00000000f2400000| Untracked 
|  37|0x00000000f2500000, 0x00000000f2500000, 0x00000000f2600000|  0%| F|  |TAMS 0x00000000f2500000| PB 0x00000000f2500000| Untracked 
|  38|0x00000000f2600000, 0x00000000f2600000, 0x00000000f2700000|  0%| F|  |TAMS 0x00000000f2600000| PB 0x00000000f2600000| Untracked 
|  39|0x00000000f2700000, 0x00000000f2700000, 0x00000000f2800000|  0%| F|  |TAMS 0x00000000f2700000| PB 0x00000000f2700000| Untracked 
|  40|0x00000000f2800000, 0x00000000f2800000, 0x00000000f2900000|  0%| F|  |TAMS 0x00000000f2800000| PB 0x00000000f2800000| Untracked 
|  41|0x00000000f2900000, 0x00000000f2900000, 0x00000000f2a00000|  0%| F|  |TAMS 0x00000000f2900000| PB 0x00000000f2900000| Untracked 
|  42|0x00000000f2a00000, 0x00000000f2a00000, 0x00000000f2b00000|  0%| F|  |TAMS 0x00000000f2a00000| PB 0x00000000f2a00000| Untracked 
|  43|0x00000000f2b00000, 0x00000000f2b00000, 0x00000000f2c00000|  0%| F|  |TAMS 0x00000000f2b00000| PB 0x00000000f2b00000| Untracked 
|  44|0x00000000f2c00000, 0x00000000f2c00000, 0x00000000f2d00000|  0%| F|  |TAMS 0x00000000f2c00000| PB 0x00000000f2c00000| Untracked 
|  45|0x00000000f2d00000, 0x00000000f2d00000, 0x00000000f2e00000|  0%| F|  |TAMS 0x00000000f2d00000| PB 0x00000000f2d00000| Untracked 
|  46|0x00000000f2e00000, 0x00000000f2e00000, 0x00000000f2f00000|  0%| F|  |TAMS 0x00000000f2e00000| PB 0x00000000f2e00000| Untracked 
|  47|0x00000000f2f00000, 0x00000000f2f00000, 0x00000000f3000000|  0%| F|  |TAMS 0x00000000f2f00000| PB 0x00000000f2f00000| Untracked 
|  48|0x00000000f3000000, 0x00000000f3000000, 0x00000000f3100000|  0%| F|  |TAMS 0x00000000f3000000| PB 0x00000000f3000000| Untracked 
|  49|0x00000000f3100000, 0x00000000f3200000, 0x00000000f3200000|100%| S|CS|TAMS 0x00000000f3100000| PB 0x00000000f3100000| Complete 
|  50|0x00000000f3200000, 0x00000000f3300000, 0x00000000f3300000|100%| S|CS|TAMS 0x00000000f3200000| PB 0x00000000f3200000| Complete 
|  51|0x00000000f3300000, 0x00000000f3400000, 0x00000000f3400000|100%| S|CS|TAMS 0x00000000f3300000| PB 0x00000000f3300000| Complete 
|  52|0x00000000f3400000, 0x00000000f3400000, 0x00000000f3500000|  0%| F|  |TAMS 0x00000000f3400000| PB 0x00000000f3400000| Untracked 
|  53|0x00000000f3500000, 0x00000000f3500000, 0x00000000f3600000|  0%| F|  |TAMS 0x00000000f3500000| PB 0x00000000f3500000| Untracked 
|  54|0x00000000f3600000, 0x00000000f3600000, 0x00000000f3700000|  0%| F|  |TAMS 0x00000000f3600000| PB 0x00000000f3600000| Untracked 
|  55|0x00000000f3700000, 0x00000000f3700000, 0x00000000f3800000|  0%| F|  |TAMS 0x00000000f3700000| PB 0x00000000f3700000| Untracked 
|  56|0x00000000f3800000, 0x00000000f3800000, 0x00000000f3900000|  0%| F|  |TAMS 0x00000000f3800000| PB 0x00000000f3800000| Untracked 
|  57|0x00000000f3900000, 0x00000000f3900000, 0x00000000f3a00000|  0%| F|  |TAMS 0x00000000f3900000| PB 0x00000000f3900000| Untracked 
|  58|0x00000000f3a00000, 0x00000000f3ab68b8, 0x00000000f3b00000| 71%| E|  |TAMS 0x00000000f3a00000| PB 0x00000000f3a00000| Complete 
|  59|0x00000000f3b00000, 0x00000000f3c00000, 0x00000000f3c00000|100%| E|CS|TAMS 0x00000000f3b00000| PB 0x00000000f3b00000| Complete 
|  60|0x00000000f3c00000, 0x00000000f3d00000, 0x00000000f3d00000|100%| E|CS|TAMS 0x00000000f3c00000| PB 0x00000000f3c00000| Complete 
|  61|0x00000000f3d00000, 0x00000000f3e00000, 0x00000000f3e00000|100%| E|CS|TAMS 0x00000000f3d00000| PB 0x00000000f3d00000| Complete 
|  62|0x00000000f3e00000, 0x00000000f3f00000, 0x00000000f3f00000|100%| E|CS|TAMS 0x00000000f3e00000| PB 0x00000000f3e00000| Complete 
|  63|0x00000000f3f00000, 0x00000000f4000000, 0x00000000f4000000|100%| E|CS|TAMS 0x00000000f3f00000| PB 0x00000000f3f00000| Complete 
|  64|0x00000000f4000000, 0x00000000f4100000, 0x00000000f4100000|100%| E|CS|TAMS 0x00000000f4000000| PB 0x00000000f4000000| Complete 
|  65|0x00000000f4100000, 0x00000000f4200000, 0x00000000f4200000|100%| E|CS|TAMS 0x00000000f4100000| PB 0x00000000f4100000| Complete 
|  66|0x00000000f4200000, 0x00000000f4300000, 0x00000000f4300000|100%| E|CS|TAMS 0x00000000f4200000| PB 0x00000000f4200000| Complete 
|  67|0x00000000f4300000, 0x00000000f4400000, 0x00000000f4400000|100%| E|CS|TAMS 0x00000000f4300000| PB 0x00000000f4300000| Complete 

Card table byte_map: [0x0000021fea5c0000,0x0000021fea640000] _byte_map_base: 0x0000021fe9e40000

Marking Bits: (CMBitMap*) 0x0000021fd2e079e0
 Bits: [0x0000021fea640000, 0x0000021feaa40000)

Polling page: 0x0000021fd0dc0000

Metaspace:

Usage:
  Non-class:      9.74 MB used.
      Class:      1.15 MB used.
       Both:     10.90 MB used.

Virtual space:
  Non-class space:       64.00 MB reserved,       9.88 MB ( 15%) committed,  1 nodes.
      Class space:        1.00 GB reserved,       1.25 MB ( <1%) committed,  1 nodes.
             Both:        1.06 GB reserved,      11.12 MB (  1%) committed. 

Chunk freelists:
   Non-Class:  4.73 MB
       Class:  14.76 MB
        Both:  19.49 MB

MaxMetaspaceSize: unlimited
CompressedClassSpaceSize: 1.00 GB
Initial GC threshold: 21.00 MB
Current GC threshold: 21.00 MB
CDS: on
 - commit_granule_bytes: 65536.
 - commit_granule_words: 8192.
 - virtual_space_node_default_size: 8388608.
 - enlarge_chunks_in_place: 1.
 - use_allocation_guard: 0.


Internal statistics:

num_allocs_failed_limit: 0.
num_arena_births: 112.
num_arena_deaths: 0.
num_vsnodes_births: 2.
num_vsnodes_deaths: 0.
num_space_committed: 178.
num_space_uncommitted: 0.
num_chunks_returned_to_freelist: 0.
num_chunks_taken_from_freelist: 470.
num_chunk_merges: 0.
num_chunk_splits: 332.
num_chunks_enlarged: 256.
num_inconsistent_stats: 0.

CodeHeap 'non-profiled nmethods': size=120000Kb used=1404Kb max_used=1404Kb free=118595Kb
 bounds [0x0000021fe2d60000, 0x0000021fe2fd0000, 0x0000021fea290000]
CodeHeap 'profiled nmethods': size=120000Kb used=4823Kb max_used=4823Kb free=115176Kb
 bounds [0x0000021fdb290000, 0x0000021fdb750000, 0x0000021fe27c0000]
CodeHeap 'non-nmethods': size=5760Kb used=1375Kb max_used=1424Kb free=4384Kb
 bounds [0x0000021fe27c0000, 0x0000021fe2a30000, 0x0000021fe2d60000]
 total_blobs=2969 nmethods=2494 adapters=378
 compilation: enabled
              stopped_count=0, restarted_count=0
 full_count=0

Compilation events (20 events):
Event: 4.427 Thread 0x0000021fed3d2380 2424   !   3       java.util.zip.ZipFile$ZipFileInputStream::close (59 bytes)
Event: 4.427 Thread 0x0000021fed3d2380 nmethod 2424 0x0000021fdb700310 code [0x0000021fdb7004e0, 0x0000021fdb700868]
Event: 4.427 Thread 0x0000021fed3d2380 2425       3       java.util.Collections$SetFromMap::remove (19 bytes)
Event: 4.427 Thread 0x0000021fed3d2380 nmethod 2425 0x0000021fdb700a90 code [0x0000021fdb700c40, 0x0000021fdb700e70]
Event: 4.428 Thread 0x0000021fed3d2380 2427       3       java.net.URI$Parser::checkChars (44 bytes)
Event: 4.428 Thread 0x0000021fed3d2380 nmethod 2427 0x0000021fdb700f10 code [0x0000021fdb701140, 0x0000021fdb701720]
Event: 4.429 Thread 0x0000021fed3d2380 2428       1       java.util.Collections$EmptyList::isEmpty (2 bytes)
Event: 4.429 Thread 0x0000021fed3d2380 nmethod 2428 0x0000021fe2ea4e10 code [0x0000021fe2ea4fa0, 0x0000021fe2ea5068]
Event: 4.431 Thread 0x0000021fed3d2380 2429       3       java.util.ArrayList::get (15 bytes)
Event: 4.431 Thread 0x0000021fed3d2380 nmethod 2429 0x0000021fdb701a10 code [0x0000021fdb701bc0, 0x0000021fdb701e08]
Event: 4.431 Thread 0x0000021fed3d2380 2430       3       java.util.ArrayList::elementData (7 bytes)
Event: 4.432 Thread 0x0000021fed3d2380 nmethod 2430 0x0000021fdb701f90 code [0x0000021fdb702140, 0x0000021fdb702278]
Event: 4.432 Thread 0x0000021fed3d2380 2431       1       java.net.URI::getScheme (5 bytes)
Event: 4.432 Thread 0x0000021fed3d2380 nmethod 2431 0x0000021fe2ea5110 code [0x0000021fe2ea52a0, 0x0000021fe2ea5368]
Event: 5.459 Thread 0x0000021ff26748c0 2432       4       jdk.internal.jimage.BasicImageReader::match (37 bytes)
Event: 5.459 Thread 0x0000021fed3d2380 2433       3       java.lang.invoke.LambdaForm::parameter (38 bytes)
Event: 5.460 Thread 0x0000021fed3d2380 nmethod 2433 0x0000021fdb702390 code [0x0000021fdb702540, 0x0000021fdb702688]
Event: 5.460 Thread 0x0000021fed3d2380 2434       3       jdk.internal.org.objectweb.asm.Frame::getAbstractTypeFromDescriptor (415 bytes)
Event: 5.461 Thread 0x0000021fed3d2380 nmethod 2434 0x0000021fdb702790 code [0x0000021fdb702b40, 0x0000021fdb704690]
Event: 5.461 Thread 0x0000021fed3d2380 2435       3       java.lang.invoke.LambdaForm$NamedFunction::returnType (11 bytes)

GC Heap History (20 events):
Event: 0.273 GC heap before
{Heap before GC invocations=3 (full 0):
 garbage-first heap   total 12288K, used 6745K [0x00000000f0000000, 0x0000000100000000)
  region size 1024K, 2 young (2048K), 1 survivors (1024K)
 Metaspace       used 2508K, committed 2624K, reserved 1114112K
  class space    used 279K, committed 320K, reserved 1048576K
}
Event: 0.276 GC heap after
{Heap after GC invocations=4 (full 0):
 garbage-first heap   total 12288K, used 6735K [0x00000000f0000000, 0x0000000100000000)
  region size 1024K, 1 young (1024K), 1 survivors (1024K)
 Metaspace       used 2508K, committed 2624K, reserved 1114112K
  class space    used 279K, committed 320K, reserved 1048576K
}
Event: 0.281 GC heap before
{Heap before GC invocations=4 (full 0):
 garbage-first heap   total 12288K, used 6735K [0x00000000f0000000, 0x0000000100000000)
  region size 1024K, 2 young (2048K), 1 survivors (1024K)
 Metaspace       used 2516K, committed 2624K, reserved 1114112K
  class space    used 281K, committed 320K, reserved 1048576K
}
Event: 0.285 GC heap after
{Heap after GC invocations=5 (full 0):
 garbage-first heap   total 12288K, used 7784K [0x00000000f0000000, 0x0000000100000000)
  region size 1024K, 1 young (1024K), 1 survivors (1024K)
 Metaspace       used 2516K, committed 2624K, reserved 1114112K
  class space    used 281K, committed 320K, reserved 1048576K
}
Event: 0.296 GC heap before
{Heap before GC invocations=6 (full 0):
 garbage-first heap   total 15360K, used 8808K [0x00000000f0000000, 0x0000000100000000)
  region size 1024K, 2 young (2048K), 1 survivors (1024K)
 Metaspace       used 2521K, committed 2688K, reserved 1114112K
  class space    used 282K, committed 384K, reserved 1048576K
}
Event: 0.298 GC heap after
{Heap after GC invocations=7 (full 0):
 garbage-first heap   total 34816K, used 8226K [0x00000000f0000000, 0x0000000100000000)
  region size 1024K, 1 young (1024K), 1 survivors (1024K)
 Metaspace       used 2521K, committed 2688K, reserved 1114112K
  class space    used 282K, committed 384K, reserved 1048576K
}
Event: 0.528 GC heap before
{Heap before GC invocations=7 (full 0):
 garbage-first heap   total 34816K, used 19490K [0x00000000f0000000, 0x0000000100000000)
  region size 1024K, 9 young (9216K), 1 survivors (1024K)
 Metaspace       used 3125K, committed 3328K, reserved 1114112K
  class space    used 343K, committed 448K, reserved 1048576K
}
Event: 0.536 GC heap after
{Heap after GC invocations=8 (full 0):
 garbage-first heap   total 34816K, used 15734K [0x00000000f0000000, 0x0000000100000000)
  region size 1024K, 2 young (2048K), 2 survivors (2048K)
 Metaspace       used 3125K, committed 3328K, reserved 1114112K
  class space    used 343K, committed 448K, reserved 1048576K
}
Event: 0.630 GC heap before
{Heap before GC invocations=8 (full 0):
 garbage-first heap   total 34816K, used 19830K [0x00000000f0000000, 0x0000000100000000)
  region size 1024K, 7 young (7168K), 2 survivors (2048K)
 Metaspace       used 3183K, committed 3392K, reserved 1114112K
  class space    used 343K, committed 448K, reserved 1048576K
}
Event: 0.634 GC heap after
{Heap after GC invocations=9 (full 0):
 garbage-first heap   total 34816K, used 16098K [0x00000000f0000000, 0x0000000100000000)
  region size 1024K, 1 young (1024K), 1 survivors (1024K)
 Metaspace       used 3183K, committed 3392K, reserved 1114112K
  class space    used 343K, committed 448K, reserved 1048576K
}
Event: 1.212 GC heap before
{Heap before GC invocations=9 (full 0):
 garbage-first heap   total 34816K, used 21218K [0x00000000f0000000, 0x0000000100000000)
  region size 1024K, 7 young (7168K), 1 survivors (1024K)
 Metaspace       used 4875K, committed 5120K, reserved 1114112K
  class space    used 581K, committed 704K, reserved 1048576K
}
Event: 1.214 GC heap after
{Heap after GC invocations=10 (full 0):
 garbage-first heap   total 34816K, used 16446K [0x00000000f0000000, 0x0000000100000000)
  region size 1024K, 1 young (1024K), 1 survivors (1024K)
 Metaspace       used 4875K, committed 5120K, reserved 1114112K
  class space    used 581K, committed 704K, reserved 1048576K
}
Event: 1.850 GC heap before
{Heap before GC invocations=11 (full 0):
 garbage-first heap   total 34816K, used 22590K [0x00000000f0000000, 0x0000000100000000)
  region size 1024K, 8 young (8192K), 1 survivors (1024K)
 Metaspace       used 9220K, committed 9408K, reserved 1114112K
  class space    used 1007K, committed 1088K, reserved 1048576K
}
Event: 1.854 GC heap after
{Heap after GC invocations=12 (full 0):
 garbage-first heap   total 69632K, used 18233K [0x00000000f0000000, 0x0000000100000000)
  region size 1024K, 1 young (1024K), 1 survivors (1024K)
 Metaspace       used 9220K, committed 9408K, reserved 1114112K
  class space    used 1007K, committed 1088K, reserved 1048576K
}
Event: 3.199 GC heap before
{Heap before GC invocations=12 (full 0):
 garbage-first heap   total 69632K, used 42809K [0x00000000f0000000, 0x0000000100000000)
  region size 1024K, 25 young (25600K), 1 survivors (1024K)
 Metaspace       used 9259K, committed 9408K, reserved 1114112K
  class space    used 1007K, committed 1088K, reserved 1048576K
}
Event: 3.208 GC heap after
{Heap after GC invocations=13 (full 0):
 garbage-first heap   total 69632K, used 24576K [0x00000000f0000000, 0x0000000100000000)
  region size 1024K, 4 young (4096K), 4 survivors (4096K)
 Metaspace       used 9259K, committed 9408K, reserved 1114112K
  class space    used 1007K, committed 1088K, reserved 1048576K
}
Event: 3.467 GC heap before
{Heap before GC invocations=13 (full 0):
 garbage-first heap   total 69632K, used 46080K [0x00000000f0000000, 0x0000000100000000)
  region size 1024K, 25 young (25600K), 4 survivors (4096K)
 Metaspace       used 9305K, committed 9472K, reserved 1114112K
  class space    used 1007K, committed 1088K, reserved 1048576K
}
Event: 3.476 GC heap after
{Heap after GC invocations=14 (full 0):
 garbage-first heap   total 69632K, used 32256K [0x00000000f0000000, 0x0000000100000000)
  region size 1024K, 4 young (4096K), 4 survivors (4096K)
 Metaspace       used 9305K, committed 9472K, reserved 1114112K
  class space    used 1007K, committed 1088K, reserved 1048576K
}
Event: 4.222 GC heap before
{Heap before GC invocations=14 (full 0):
 garbage-first heap   total 69632K, used 48640K [0x00000000f0000000, 0x0000000100000000)
  region size 1024K, 20 young (20480K), 4 survivors (4096K)
 Metaspace       used 10026K, committed 10240K, reserved 1114112K
  class space    used 1076K, committed 1152K, reserved 1048576K
}
Event: 4.230 GC heap after
{Heap after GC invocations=15 (full 0):
 garbage-first heap   total 69632K, used 37376K [0x00000000f0000000, 0x0000000100000000)
  region size 1024K, 3 young (3072K), 3 survivors (3072K)
 Metaspace       used 10026K, committed 10240K, reserved 1114112K
  class space    used 1076K, committed 1152K, reserved 1048576K
}

Dll operation events (7 events):
Event: 0.008 Loaded shared library D:\mailon\Java\jdk-21.0.10\bin\java.dll
Event: 0.036 Loaded shared library D:\mailon\Java\jdk-21.0.10\bin\jsvml.dll
Event: 0.085 Loaded shared library D:\mailon\Java\jdk-21.0.10\bin\jimage.dll
Event: 0.145 Loaded shared library D:\mailon\Java\jdk-21.0.10\bin\net.dll
Event: 0.147 Loaded shared library D:\mailon\Java\jdk-21.0.10\bin\nio.dll
Event: 0.428 Loaded shared library D:\mailon\Java\jdk-21.0.10\bin\zip.dll
Event: 4.410 Loaded shared library D:\mailon\Java\jdk-21.0.10\bin\verify.dll

Deoptimization events (20 events):
Event: 3.936 Thread 0x0000021fd2de9950 Uncommon trap: trap_request=0xffffff45 fr.pc=0x0000021fe2de790c relative=0x000000000000006c
Event: 3.936 Thread 0x0000021fd2de9950 Uncommon trap: reason=unstable_if action=reinterpret pc=0x0000021fe2de790c method=com.sun.tools.javac.jvm.PoolReader.sizeof(I)I @ 1 c2
Event: 3.936 Thread 0x0000021fd2de9950 DEOPT PACKING pc=0x0000021fe2de790c sp=0x0000008b587fe580
Event: 3.936 Thread 0x0000021fd2de9950 DEOPT UNPACKING pc=0x0000021fe28146a2 sp=0x0000008b587fe510 mode 2
Event: 4.126 Thread 0x0000021fd2de9950 Uncommon trap: trap_request=0xffffff45 fr.pc=0x0000021fe2e780a4 relative=0x0000000000000084
Event: 4.126 Thread 0x0000021fd2de9950 Uncommon trap: reason=unstable_if action=reinterpret pc=0x0000021fe2e780a4 method=com.sun.tools.javac.jvm.Code.width(I)I @ 1 c2
Event: 4.127 Thread 0x0000021fd2de9950 DEOPT PACKING pc=0x0000021fe2e780a4 sp=0x0000008b587fe4f0
Event: 4.127 Thread 0x0000021fd2de9950 DEOPT UNPACKING pc=0x0000021fe28146a2 sp=0x0000008b587fe478 mode 2
Event: 4.179 Thread 0x0000021fd2de9950 Uncommon trap: trap_request=0xffffff45 fr.pc=0x0000021fe2e7f06c relative=0x000000000000118c
Event: 4.180 Thread 0x0000021fd2de9950 Uncommon trap: reason=unstable_if action=reinterpret pc=0x0000021fe2e7f06c method=com.sun.tools.javac.jvm.ClassReader.classSigToType()Lcom/sun/tools/javac/code/Type; @ 240 c2
Event: 4.180 Thread 0x0000021fd2de9950 DEOPT PACKING pc=0x0000021fe2e7f06c sp=0x0000008b587fdaf0
Event: 4.180 Thread 0x0000021fd2de9950 DEOPT UNPACKING pc=0x0000021fe28146a2 sp=0x0000008b587fdab8 mode 2
Event: 4.357 Thread 0x0000021fd2de9950 Uncommon trap: trap_request=0xffffff45 fr.pc=0x0000021fe2e21680 relative=0x00000000000002c0
Event: 4.357 Thread 0x0000021fd2de9950 Uncommon trap: reason=unstable_if action=reinterpret pc=0x0000021fe2e21680 method=jdk.internal.util.ArraysSupport.mismatch([BI[BII)I @ 16 c2
Event: 4.357 Thread 0x0000021fd2de9950 DEOPT PACKING pc=0x0000021fe2e21680 sp=0x0000008b587ff020
Event: 4.357 Thread 0x0000021fd2de9950 DEOPT UNPACKING pc=0x0000021fe28146a2 sp=0x0000008b587fef10 mode 2
Event: 4.424 Thread 0x0000021fd2de9950 Uncommon trap: trap_request=0xffffff45 fr.pc=0x0000021fe2d991d0 relative=0x0000000000000650
Event: 4.424 Thread 0x0000021fd2de9950 Uncommon trap: reason=unstable_if action=reinterpret pc=0x0000021fe2d991d0 method=java.util.HashMap.hash(Ljava/lang/Object;)I @ 1 c2
Event: 4.424 Thread 0x0000021fd2de9950 DEOPT PACKING pc=0x0000021fe2d991d0 sp=0x0000008b587fd7e0
Event: 4.424 Thread 0x0000021fd2de9950 DEOPT UNPACKING pc=0x0000021fe28146a2 sp=0x0000008b587fd708 mode 2

Classes loaded (20 events):
Event: 4.413 Loading class java/lang/IllegalAccessException
Event: 4.413 Loading class java/lang/IllegalAccessException done
Event: 4.414 Loading class java/lang/InstantiationException
Event: 4.414 Loading class java/lang/InstantiationException done
Event: 4.431 Loading class java/lang/LayerInstantiationException
Event: 4.439 Loading class java/lang/LayerInstantiationException done
Event: 4.439 Loading class jdk/internal/loader/Loader
Event: 5.440 Loading class jdk/internal/loader/Loader done
Event: 5.461 Loading class java/lang/reflect/TypeVariable
Event: 5.461 Loading class java/lang/reflect/TypeVariable done
Event: 5.461 Loading class sun/reflect/generics/repository/ClassRepository
Event: 5.461 Loading class sun/reflect/generics/repository/GenericDeclRepository
Event: 5.461 Loading class sun/reflect/generics/repository/AbstractRepository
Event: 5.461 Loading class sun/reflect/generics/repository/AbstractRepository done
Event: 5.461 Loading class sun/reflect/generics/repository/GenericDeclRepository done
Event: 5.461 Loading class sun/reflect/generics/repository/ClassRepository done
Event: 5.461 Loading class java/lang/Class$EnclosingMethodInfo
Event: 5.461 Loading class java/lang/Class$EnclosingMethodInfo done
Event: 5.461 Loading class sun/reflect/generics/factory/GenericsFactory
Event: 5.461 Loading class sun/reflect/generics/factory/GenericsFactory done

Classes unloaded (0 events):
No events

Classes redefined (0 events):
No events

Internal exceptions (20 events):
Event: 4.221 Thread 0x0000021fd2de9950 Exception <a 'sun/nio/fs/WindowsException'{0x00000000f34ef7f8}> (0x00000000f34ef7f8) 
thrown [s\open\src\hotspot\share\prims\jni.cpp, line 520]
Event: 4.221 Thread 0x0000021fd2de9950 Exception <a 'sun/nio/fs/WindowsException'{0x00000000f34f0c68}> (0x00000000f34f0c68) 
thrown [s\open\src\hotspot\share\prims\jni.cpp, line 520]
Event: 4.221 Thread 0x0000021fd2de9950 Exception <a 'sun/nio/fs/WindowsException'{0x00000000f34f2928}> (0x00000000f34f2928) 
thrown [s\open\src\hotspot\share\prims\jni.cpp, line 520]
Event: 4.221 Thread 0x0000021fd2de9950 Exception <a 'sun/nio/fs/WindowsException'{0x00000000f34f3340}> (0x00000000f34f3340) 
thrown [s\open\src\hotspot\share\prims\jni.cpp, line 520]
Event: 4.248 Thread 0x0000021fd2de9950 Exception <a 'sun/nio/fs/WindowsException'{0x00000000f4367ea8}> (0x00000000f4367ea8) 
thrown [s\open\src\hotspot\share\prims\jni.cpp, line 520]
Event: 4.248 Thread 0x0000021fd2de9950 Exception <a 'sun/nio/fs/WindowsException'{0x00000000f4368988}> (0x00000000f4368988) 
thrown [s\open\src\hotspot\share\prims\jni.cpp, line 520]
Event: 4.248 Thread 0x0000021fd2de9950 Exception <a 'sun/nio/fs/WindowsException'{0x00000000f436b010}> (0x00000000f436b010) 
thrown [s\open\src\hotspot\share\prims\jni.cpp, line 520]
Event: 4.248 Thread 0x0000021fd2de9950 Exception <a 'sun/nio/fs/WindowsException'{0x00000000f436fdd8}> (0x00000000f436fdd8) 
thrown [s\open\src\hotspot\share\prims\jni.cpp, line 520]
Event: 4.248 Thread 0x0000021fd2de9950 Exception <a 'sun/nio/fs/WindowsException'{0x00000000f4370890}> (0x00000000f4370890) 
thrown [s\open\src\hotspot\share\prims\jni.cpp, line 520]
Event: 4.251 Thread 0x0000021fd2de9950 Exception <a 'sun/nio/fs/WindowsException'{0x00000000f4378cd8}> (0x00000000f4378cd8) 
thrown [s\open\src\hotspot\share\prims\jni.cpp, line 520]
Event: 4.251 Thread 0x0000021fd2de9950 Exception <a 'sun/nio/fs/WindowsException'{0x00000000f4379660}> (0x00000000f4379660) 
thrown [s\open\src\hotspot\share\prims\jni.cpp, line 520]
Event: 4.251 Thread 0x0000021fd2de9950 Exception <a 'sun/nio/fs/WindowsException'{0x00000000f4388220}> (0x00000000f4388220) 
thrown [s\open\src\hotspot\share\prims\jni.cpp, line 520]
Event: 4.252 Thread 0x0000021fd2de9950 Exception <a 'sun/nio/fs/WindowsException'{0x00000000f43afb38}> (0x00000000f43afb38) 
thrown [s\open\src\hotspot\share\prims\jni.cpp, line 520]
Event: 4.252 Thread 0x0000021fd2de9950 Exception <a 'sun/nio/fs/WindowsException'{0x00000000f43b0580}> (0x00000000f43b0580) 
thrown [s\open\src\hotspot\share\prims\jni.cpp, line 520]
Event: 4.265 Thread 0x0000021fd2de9950 Exception <a 'sun/nio/fs/WindowsException'{0x00000000f43c7778}> (0x00000000f43c7778) 
thrown [s\open\src\hotspot\share\prims\jni.cpp, line 520]
Event: 4.265 Thread 0x0000021fd2de9950 Exception <a 'sun/nio/fs/WindowsException'{0x00000000f43c80a0}> (0x00000000f43c80a0) 
thrown [s\open\src\hotspot\share\prims\jni.cpp, line 520]
Event: 4.265 Thread 0x0000021fd2de9950 Exception <a 'sun/nio/fs/WindowsException'{0x00000000f43e7740}> (0x00000000f43e7740) 
thrown [s\open\src\hotspot\share\prims\jni.cpp, line 520]
Event: 4.267 Thread 0x0000021fd2de9950 Exception <a 'sun/nio/fs/WindowsException'{0x00000000f422f9a8}> (0x00000000f422f9a8) 
thrown [s\open\src\hotspot\share\prims\jni.cpp, line 520]
Event: 4.267 Thread 0x0000021fd2de9950 Exception <a 'sun/nio/fs/WindowsException'{0x00000000f4230390}> (0x00000000f4230390) 
thrown [s\open\src\hotspot\share\prims\jni.cpp, line 520]
Event: 4.424 Thread 0x0000021fd2de9950 Implicit null exception at 0x0000021fe2d98be0 to 0x0000021fe2d991b0

ZGC Phase Switch (0 events):
No events

VM Operations (20 events):
Event: 2.856 Executing VM operation: Cleanup
Event: 2.856 Executing VM operation: Cleanup done
Event: 3.199 Executing VM operation: G1CollectForAllocation (G1 Evacuation Pause)
Event: 3.208 Executing VM operation: G1CollectForAllocation (G1 Evacuation Pause) done
Event: 3.467 Executing VM operation: G1CollectForAllocation (G1 Evacuation Pause)
Event: 3.476 Executing VM operation: G1CollectForAllocation (G1 Evacuation Pause) done
Event: 3.757 Executing VM operation: HandshakeAllThreads (Deoptimize)
Event: 3.757 Executing VM operation: HandshakeAllThreads (Deoptimize) done
Event: 3.759 Executing VM operation: HandshakeAllThreads (Deoptimize)
Event: 3.759 Executing VM operation: HandshakeAllThreads (Deoptimize) done
Event: 3.968 Executing VM operation: HandshakeAllThreads (Deoptimize)
Event: 3.968 Executing VM operation: HandshakeAllThreads (Deoptimize) done
Event: 4.030 Executing VM operation: HandshakeAllThreads (Deoptimize)
Event: 4.030 Executing VM operation: HandshakeAllThreads (Deoptimize) done
Event: 4.154 Executing VM operation: ICBufferFull
Event: 4.154 Executing VM operation: ICBufferFull done
Event: 4.222 Executing VM operation: G1CollectForAllocation (G1 Evacuation Pause)
Event: 4.230 Executing VM operation: G1CollectForAllocation (G1 Evacuation Pause) done
Event: 5.236 Executing VM operation: Cleanup
Event: 5.457 Executing VM operation: Cleanup done

Events (20 events):
Event: 1.221 Thread 0x0000021fd2ea2130 flushing nmethod 0x0000021fdb317890
Event: 1.221 Thread 0x0000021fd2ea2130 flushing nmethod 0x0000021fdb317c10
Event: 1.221 Thread 0x0000021fd2ea2130 flushing nmethod 0x0000021fdb318190
Event: 1.221 Thread 0x0000021fd2ea2130 flushing nmethod 0x0000021fdb318710
Event: 1.221 Thread 0x0000021fd2ea2130 flushing nmethod 0x0000021fdb318c90
Event: 1.221 Thread 0x0000021fd2ea2130 flushing nmethod 0x0000021fdb319210
Event: 1.221 Thread 0x0000021fd2ea2130 flushing nmethod 0x0000021fdb319790
Event: 1.221 Thread 0x0000021fd2ea2130 flushing nmethod 0x0000021fdb31bd90
Event: 1.221 Thread 0x0000021fd2ea2130 flushing nmethod 0x0000021fe2d8d090
Event: 1.221 Thread 0x0000021fd2ea2130 flushing nmethod 0x0000021fdb292990
Event: 1.221 Thread 0x0000021fd2ea2130 flushing nmethod 0x0000021fdb310790
Event: 1.221 Thread 0x0000021fd2ea2130 flushing nmethod 0x0000021fdb314d90
Event: 1.221 Thread 0x0000021fd2ea2130 flushing nmethod 0x0000021fdb315610
Event: 1.221 Thread 0x0000021fd2ea2130 flushing nmethod 0x0000021fdb315c10
Event: 1.221 Thread 0x0000021fd2ea2130 flushing nmethod 0x0000021fdb316110
Event: 1.766 Thread 0x0000021ff26748c0 Thread added: 0x0000021ff26748c0
Event: 1.885 Thread 0x0000021ff26fe4f0 Thread added: 0x0000021ff26fe4f0
Event: 3.760 Thread 0x0000021ff26fe4f0 Thread exited: 0x0000021ff26fe4f0
Event: 4.211 Thread 0x0000021ff364a740 Thread added: 0x0000021ff364a740
Event: 5.459 Thread 0x0000021ff364a740 Thread exited: 0x0000021ff364a740


Dynamic libraries:
0x00007ff76f5d0000 - 0x00007ff76f5d8000 	D:\mailon\Java\jdk-21.0.10\bin\javac.exe
0x00007ffe20340000 - 0x00007ffe205a7000 	C:\WINDOWS\SYSTEM32\ntdll.dll
0x00007ffe1f710000 - 0x00007ffe1f7d9000 	C:\WINDOWS\System32\KERNEL32.DLL
0x00007ffe1ce40000 - 0x00007ffe1d234000 	C:\WINDOWS\System32\KERNELBASE.dll
0x00007ffe1df80000 - 0x00007ffe1e0cb000 	C:\WINDOWS\System32\ucrtbase.dll
0x00007ffe175d0000 - 0x00007ffe175e9000 	D:\mailon\Java\jdk-21.0.10\bin\jli.dll
0x00007ffe175b0000 - 0x00007ffe175ce000 	D:\mailon\Java\jdk-21.0.10\bin\VCRUNTIME140.dll
0x00007ffe20240000 - 0x00007ffe202f6000 	C:\WINDOWS\System32\ADVAPI32.dll
0x00007ffe1f540000 - 0x00007ffe1f5e9000 	C:\WINDOWS\System32\msvcrt.dll
0x00007ffe1f7e0000 - 0x00007ffe1f887000 	C:\WINDOWS\System32\sechost.dll
0x00007ffe1f5f0000 - 0x00007ffe1f708000 	C:\WINDOWS\System32\RPCRT4.dll
0x00007ffe1ee10000 - 0x00007ffe1efd5000 	C:\WINDOWS\System32\USER32.dll
0x00007ffe1ce10000 - 0x00007ffe1ce37000 	C:\WINDOWS\System32\win32u.dll
0x00007ffe1f890000 - 0x00007ffe1f8bb000 	C:\WINDOWS\System32\GDI32.dll
0x00007ffe1dab0000 - 0x00007ffe1dbdb000 	C:\WINDOWS\System32\gdi32full.dll
0x00007ffe0c8f0000 - 0x00007ffe0cb83000 	C:\WINDOWS\WinSxS\amd64_microsoft.windows.common-controls_6595b64144ccf1df_6.0.26100.8115_none_3e075c82e3354f9c\COMCTL32.dll
0x00007ffe1ded0000 - 0x00007ffe1df73000 	C:\WINDOWS\System32\msvcp_win.dll
0x00007ffe16170000 - 0x00007ffe1617b000 	C:\WINDOWS\SYSTEM32\VERSION.dll
0x00007ffe1e170000 - 0x00007ffe1e1a2000 	C:\WINDOWS\System32\IMM32.DLL
0x00007ffe17510000 - 0x00007ffe1751c000 	D:\mailon\Java\jdk-21.0.10\bin\vcruntime140_1.dll
0x00007ffe02390000 - 0x00007ffe0241d000 	D:\mailon\Java\jdk-21.0.10\bin\msvcp140.dll
0x00007ffd68fa0000 - 0x00007ffd69cc7000 	D:\mailon\Java\jdk-21.0.10\bin\server\jvm.dll
0x00007ffe201b0000 - 0x00007ffe20230000 	C:\WINDOWS\System32\WS2_32.dll
0x00007ffe1ca90000 - 0x00007ffe1caee000 	C:\WINDOWS\SYSTEM32\POWRPROF.dll
0x00007ffdfca90000 - 0x00007ffdfcac6000 	C:\WINDOWS\SYSTEM32\WINMM.dll
0x00007ffe1ca70000 - 0x00007ffe1ca84000 	C:\WINDOWS\SYSTEM32\UMPDC.dll
0x00007ffe1b970000 - 0x00007ffe1b98b000 	C:\WINDOWS\SYSTEM32\kernel.appcore.dll
0x00007ffe17500000 - 0x00007ffe1750a000 	D:\mailon\Java\jdk-21.0.10\bin\jimage.dll
0x00007ffe0d0b0000 - 0x00007ffe0d2f2000 	C:\WINDOWS\SYSTEM32\DBGHELP.DLL
0x00007ffe1e7e0000 - 0x00007ffe1eb62000 	C:\WINDOWS\System32\combase.dll
0x00007ffe1f0d0000 - 0x00007ffe1f1a8000 	C:\WINDOWS\System32\OLEAUT32.dll
0x00007ffe033e0000 - 0x00007ffe0341b000 	C:\WINDOWS\SYSTEM32\dbgcore.DLL
0x00007ffe1dd60000 - 0x00007ffe1de05000 	C:\WINDOWS\System32\bcryptPrimitives.dll
0x00007ffe10450000 - 0x00007ffe10471000 	D:\mailon\Java\jdk-21.0.10\bin\java.dll
0x00007ffe1fa40000 - 0x00007ffe201a7000 	C:\WINDOWS\System32\SHELL32.dll
0x00007ffe1cc10000 - 0x00007ffe1cd7a000 	C:\WINDOWS\System32\wintypes.dll
0x00007ffe1d240000 - 0x00007ffe1daa8000 	C:\WINDOWS\System32\windows.storage.dll
0x00007ffe1f220000 - 0x00007ffe1f318000 	C:\WINDOWS\System32\SHCORE.dll
0x00007ffe1f9d0000 - 0x00007ffe1fa36000 	C:\WINDOWS\System32\shlwapi.dll
0x00007ffe1cb30000 - 0x00007ffe1cb59000 	C:\WINDOWS\SYSTEM32\profapi.dll
0x00007ffe00160000 - 0x00007ffe00237000 	D:\mailon\Java\jdk-21.0.10\bin\jsvml.dll
0x00007ffe10380000 - 0x00007ffe10391000 	D:\mailon\Java\jdk-21.0.10\bin\net.dll
0x00007ffe15b50000 - 0x00007ffe15c7d000 	C:\WINDOWS\SYSTEM32\WINHTTP.dll
0x00007ffe1bed0000 - 0x00007ffe1bf3c000 	C:\WINDOWS\system32\mswsock.dll
0x00007ffe0e890000 - 0x00007ffe0e8a6000 	D:\mailon\Java\jdk-21.0.10\bin\nio.dll
0x00007ffe0e870000 - 0x00007ffe0e888000 	D:\mailon\Java\jdk-21.0.10\bin\zip.dll
0x00007ffe17490000 - 0x00007ffe174a0000 	D:\mailon\Java\jdk-21.0.10\bin\verify.dll

dbghelp: loaded successfully - version: 4.0.5 - missing functions: none
symbol engine: initialized successfully - sym options: 0x614 - pdb path: .;D:\mailon\Java\jdk-21.0.10\bin;C:\WINDOWS\SYSTEM32;C:\WINDOWS\WinSxS\amd64_microsoft.windows.common-controls_6595b64144ccf1df_6.0.26100.8115_none_3e075c82e3354f9c;D:\mailon\Java\jdk-21.0.10\bin\server

VM Arguments:
jvm_args: -Dapplication.home=D:\mailon\Java\jdk-21.0.10 --add-modules=ALL-DEFAULT -Xms8m -Xmx256m -Djdk.module.main=jdk.compiler 
java_command: jdk.compiler/com.sun.tools.javac.Main @C:/Users/Usuario/AppData/Local/Temp/org.codehaus.plexus.compiler.javac.JavacCompiler16524167683032438921arguments
java_class_path (initial): <not set>
Launcher Type: SUN_STANDARD

[Global flags]
     intx CICompilerCount                          = 4                                         {product} {ergonomic}
     uint ConcGCThreads                            = 2                                         {product} {ergonomic}
     uint G1ConcRefinementThreads                  = 8                                         {product} {ergonomic}
   size_t G1HeapRegionSize                         = 1048576                                   {product} {ergonomic}
    uintx GCDrainStackTargetSize                   = 64                                        {product} {ergonomic}
   size_t InitialHeapSize                          = 8388608                                   {product} {command line}
   size_t MarkStackSize                            = 4194304                                   {product} {ergonomic}
   size_t MaxHeapSize                              = 268435456                                 {product} {command line}
   size_t MaxNewSize                               = 160432128                                 {product} {ergonomic}
   size_t MinHeapDeltaBytes                        = 1048576                                   {product} {ergonomic}
   size_t MinHeapSize                              = 8388608                                   {product} {command line}
    uintx NonNMethodCodeHeapSize                   = 5839372                                {pd product} {ergonomic}
    uintx NonProfiledCodeHeapSize                  = 122909434                              {pd product} {ergonomic}
    uintx ProfiledCodeHeapSize                     = 122909434                              {pd product} {ergonomic}
    uintx ReservedCodeCacheSize                    = 251658240                              {pd product} {ergonomic}
     bool SegmentedCodeCache                       = true                                      {product} {ergonomic}
   size_t SoftMaxHeapSize                          = 268435456                              {manageable} {ergonomic}
     bool UseCompressedOops                        = true                           {product lp64_product} {ergonomic}
     bool UseG1GC                                  = true                                      {product} {ergonomic}
     bool UseLargePagesIndividualAllocation        = false                                  {pd product} {ergonomic}

Logging:
Log output configuration:
 #0: stdout all=warning uptime,level,tags foldmultilines=false
 #1: stderr all=off uptime,level,tags foldmultilines=false

Environment Variables:
JAVA_HOME=D:/mailon/Java/jdk-21.0.10
PATH=D:\Program Files\Git\mingw64\bin;D:\Program Files\Git\usr\bin;C:\Users\Usuario\bin;C:\Program Files\Common Files\Oracle\Java\javapath;C:\WINDOWS\system32;C:\WINDOWS;C:\WINDOWS\System32\Wbem;C:\WINDOWS\System32\WindowsPowerShell\v1.0;C:\WINDOWS\System32\OpenSSH;D:\Program Files\nodejs;D:\mailon\Usuario\Desktop\apache-maven-3.9.14-bin (1)\apache-maven-3.9.14\bin;D:\Program Files\Git\cmd;C:\Users\Usuario\AppData\Local\Programs\Trae\bin;D:\mailon\Usuario\Downloads\ffmpeg-8.0.1-essentials_build\ffmpeg-8.0.1-essentials_build\bin;D:\mailon\Usuario\Desktop\apache-maven-3.9.14-bin (1)\apache-maven-3.9.14\bin;C:\Users\Usuario\AppData\Roaming\npm
USERNAME=Usuario
TERM=xterm-256color
OS=Windows_NT
PROCESSOR_IDENTIFIER=Intel64 Family 6 Model 142 Stepping 12, GenuineIntel
TMP=C:\Users\Usuario\AppData\Local\Temp
TEMP=C:\Users\Usuario\AppData\Local\Temp




Periodic native trim disabled

---------------  S Y S T E M  ---------------

OS:
 Windows 11 , 64 bit Build 26100 (10.0.26100.8246)
OS uptime: 5 days 17:54 hours
Hyper-V role detected

CPU: total 8 (initial active 8) (4 cores per cpu, 2 threads per core) family 6 model 142 stepping 12 microcode 0xde, cx8, cmov, fxsr, ht, mmx, 3dnowpref, sse, sse2, sse3, ssse3, sse4.1, sse4.2, popcnt, lzcnt, tsc, tscinvbit, avx, avx2, aes, erms, clmul, bmi1, bmi2, adx, fma, vzeroupper, clflush, clflushopt, hv, rdtscp, f16c
Processor Information for all 8 processors :
  Max Mhz: 1800, Current Mhz: 1600, Mhz Limit: 1584

Memory: 4k page, system-wide physical 8040M (668M free)
TotalPageFile size 32616M (AvailPageFile size 13M)
current process WorkingSet (physical memory assigned to process): 160M, peak: 163M
current process commit charge ("private bytes"): 201M, peak: 202M

vm_info: Java HotSpot(TM) 64-Bit Server VM (21.0.10+8-LTS-217) for windows-amd64 JRE (21.0.10+8-LTS-217), built on 2025-12-18T14:59:28Z by "mach5run" with MS VC++ 17.13 (VS2022)

END.
