#
# There is insufficient memory for the Java Runtime Environment to continue.
# Native memory allocation (mmap) failed to map 10485760 bytes for G1 virtual space
# Possible reasons:
#   The system is out of physical RAM or swap space
#   The process is running with CompressedOops enabled, and the Java Heap may be blocking the growth of the native heap
# Possible solutions:
#   Reduce memory load on the system
#   Increase physical memory or swap space
#   Check if swap backing store is full
#   Decrease Java heap size (-Xmx/-Xms)
#   Decrease number of Java threads
#   Decrease Java thread stack sizes (-Xss)
#   Set larger code cache with -XX:ReservedCodeCacheSize=
#   JVM is running with Unscaled Compressed Oops mode in which the Java heap is
#     placed in the first 4GB address space. The Java Heap base address is the
#     maximum limit for the native heap growth. Please use -XX:HeapBaseMinAddress
#     to set the Java Heap base and to place the Java Heap above 4GB virtual address.
# This output file may be truncated or incomplete.
#
#  Out of Memory Error (os_windows.cpp:3604), pid=6736, tid=29560
#
# JRE version: Java(TM) SE Runtime Environment (21.0.10+8) (build 21.0.10+8-LTS-217)
# Java VM: Java HotSpot(TM) 64-Bit Server VM (21.0.10+8-LTS-217, mixed mode, sharing, tiered, compressed oops, compressed class ptrs, g1 gc, windows-amd64)
# No core dump will be written. Minidumps are not enabled by default on client versions of Windows
#

---------------  S U M M A R Y ------------

Command Line: --add-opens=java.base/java.lang=ALL-UNNAMED --enable-native-access=ALL-UNNAMED -Xmx1024m -XX:MaxMetaspaceSize=512m -Dclassworlds.conf=D:/mailon/Usuario/Desktop/apache-maven-3.9.14-bin (1)/apache-maven-3.9.14/bin/m2.conf -Dmaven.home=D:/mailon/Usuario/Desktop/apache-maven-3.9.14-bin (1)/apache-maven-3.9.14 -Dlibrary.jansi.path=D:/mailon/Usuario/Desktop/apache-maven-3.9.14-bin (1)/apache-maven-3.9.14/lib/jansi-native -Dmaven.multiModuleProjectDirectory=D:/mailon/Usuario/Desktop/Smartwallet org.codehaus.plexus.classworlds.launcher.Launcher clean test

Host: Intel(R) Core(TM) i5-8265U CPU @ 1.60GHz, 8 cores, 7G,  Windows 11 , 64 bit Build 26100 (10.0.26100.8246)
Time: Thu Apr 23 05:13:15 2026 Hora oficial do Brasil elapsed time: 39.691271 seconds (0d 0h 0m 39s)

---------------  T H R E A D  ---------------

Current thread (0x00000226e429a5f0):  VMThread "VM Thread"          [id=29560, stack(0x000000e411700000,0x000000e411800000) (1024K)]

Stack: [0x000000e411700000,0x000000e411800000]
Native frames: (J=compiled Java code, j=interpreted, Vv=VM code, C=native code)
V  [jvm.dll+0x6d0b59]
V  [jvm.dll+0x85fd56]
V  [jvm.dll+0x86224e]
V  [jvm.dll+0x862923]
V  [jvm.dll+0x282a16]
V  [jvm.dll+0x6cd405]
V  [jvm.dll+0x6c1f8a]
V  [jvm.dll+0x35bcc8]
V  [jvm.dll+0x363986]
V  [jvm.dll+0x3b4a3e]
V  [jvm.dll+0x3b4ce8]
V  [jvm.dll+0x32f98c]
V  [jvm.dll+0x3321b6]
V  [jvm.dll+0x33c5ca]
V  [jvm.dll+0x371d0f]
V  [jvm.dll+0x86861f]
V  [jvm.dll+0x8699ac]
V  [jvm.dll+0x869ee1]
V  [jvm.dll+0x86a183]
V  [jvm.dll+0x80a83d]
V  [jvm.dll+0x6cf3fd]
C  [ucrtbase.dll+0x37b0]
C  [KERNEL32.DLL+0x2e8d7]
C  [ntdll.dll+0x8c3fc]

VM_Operation (0x000000e4112ffae0): G1PauseRemark, mode: safepoint, requested by thread 0x00000226c6da8df0


---------------  P R O C E S S  ---------------

Threads class SMR info:
_java_thread_list=0x00000226a1bc0720, length=16, elements={
0x00000226c6a72e90, 0x00000226e42bc4f0, 0x00000226e42c0f70, 0x00000226e42c4bc0,
0x00000226e42c5620, 0x00000226e42c7000, 0x00000226e42cb0a0, 0x00000226e42d68b0,
0x00000226e42db9a0, 0x000002269f298350, 0x000002269f299750, 0x000002269fe8db80,
0x00000226a0f605e0, 0x00000226a39cf500, 0x00000226a14211c0, 0x00000226b228b700
}

Java Threads: ( => current thread )
  0x00000226c6a72e90 JavaThread "main"                              [_thread_blocked, id=5664, stack(0x000000e411000000,0x000000e411100000) (1024K)]
  0x00000226e42bc4f0 JavaThread "Reference Handler"          daemon [_thread_blocked, id=30448, stack(0x000000e411800000,0x000000e411900000) (1024K)]
  0x00000226e42c0f70 JavaThread "Finalizer"                  daemon [_thread_blocked, id=8828, stack(0x000000e411900000,0x000000e411a00000) (1024K)]
  0x00000226e42c4bc0 JavaThread "Signal Dispatcher"          daemon [_thread_blocked, id=6164, stack(0x000000e411a00000,0x000000e411b00000) (1024K)]
  0x00000226e42c5620 JavaThread "Attach Listener"            daemon [_thread_blocked, id=10572, stack(0x000000e411b00000,0x000000e411c00000) (1024K)]
  0x00000226e42c7000 JavaThread "Service Thread"             daemon [_thread_blocked, id=24492, stack(0x000000e411c00000,0x000000e411d00000) (1024K)]
  0x00000226e42cb0a0 JavaThread "Monitor Deflation Thread"   daemon [_thread_blocked, id=23080, stack(0x000000e411d00000,0x000000e411e00000) (1024K)]
  0x00000226e42d68b0 JavaThread "C2 CompilerThread0"         daemon [_thread_blocked, id=27480, stack(0x000000e411e00000,0x000000e411f00000) (1024K)]
  0x00000226e42db9a0 JavaThread "C1 CompilerThread0"         daemon [_thread_blocked, id=24760, stack(0x000000e411f00000,0x000000e412000000) (1024K)]
  0x000002269f298350 JavaThread "Notification Thread"        daemon [_thread_blocked, id=20616, stack(0x000000e412000000,0x000000e412100000) (1024K)]
  0x000002269f299750 JavaThread "Common-Cleaner"             daemon [_thread_blocked, id=28564, stack(0x000000e412100000,0x000000e412200000) (1024K)]
  0x000002269fe8db80 JavaThread "Thread-1"                   daemon [_thread_blocked, id=24788, stack(0x000000e412300000,0x000000e412400000) (1024K)]
  0x00000226a0f605e0 JavaThread "resolver-1"                 daemon [_thread_blocked, id=25636, stack(0x000000e412200000,0x000000e412300000) (1024K)]
  0x00000226a39cf500 JavaThread "C2 CompilerThread1"         daemon [_thread_blocked, id=2272, stack(0x000000e412c00000,0x000000e412d00000) (1024K)]
  0x00000226a14211c0 JavaThread "resolver-2"                 daemon [_thread_blocked, id=8292, stack(0x000000e410d00000,0x000000e410e00000) (1024K)]
  0x00000226b228b700 JavaThread "background-preinit"                [_thread_blocked, id=6760, stack(0x000000e412d00000,0x000000e412e00000) (1024K)]
Total: 16

Other Threads:
=>0x00000226e429a5f0 VMThread "VM Thread"                           [id=29560, stack(0x000000e411700000,0x000000e411800000) (1024K)]
  0x00000226e42862e0 WatcherThread "VM Periodic Task Thread"        [id=25044, stack(0x000000e411600000,0x000000e411700000) (1024K)]
  0x00000226c6d9fef0 WorkerThread "GC Thread#0"                     [id=19364, stack(0x000000e411100000,0x000000e411200000) (1024K)]
  0x000002269f6b5ad0 WorkerThread "GC Thread#1"                     [id=14456, stack(0x000000e412400000,0x000000e412500000) (1024K)]
  0x000002269fec49c0 WorkerThread "GC Thread#2"                     [id=15028, stack(0x000000e412500000,0x000000e412600000) (1024K)]
  0x00000226a05ae8d0 WorkerThread "GC Thread#3"                     [id=24680, stack(0x000000e412600000,0x000000e412700000) (1024K)]
  0x000002269fb48c40 WorkerThread "GC Thread#4"                     [id=12208, stack(0x000000e412700000,0x000000e412800000) (1024K)]
  0x00000226a0703010 WorkerThread "GC Thread#5"                     [id=18748, stack(0x000000e412800000,0x000000e412900000) (1024K)]
  0x00000226a07033c0 WorkerThread "GC Thread#6"                     [id=24656, stack(0x000000e412900000,0x000000e412a00000) (1024K)]
  0x000002269fe4d570 WorkerThread "GC Thread#7"                     [id=20936, stack(0x000000e412a00000,0x000000e412b00000) (1024K)]
  0x00000226c6da8df0 ConcurrentGCThread "G1 Main Marker"            [id=29132, stack(0x000000e411200000,0x000000e411300000) (1024K)]
  0x00000226c6da9810 WorkerThread "G1 Conc#0"                       [id=5832, stack(0x000000e411300000,0x000000e411400000) (1024K)]
  0x000002269febff30 WorkerThread "G1 Conc#1"                       [id=24976, stack(0x000000e412b00000,0x000000e412c00000) (1024K)]
  0x00000226c6e2e930 ConcurrentGCThread "G1 Refine#0"               [id=29700, stack(0x000000e411400000,0x000000e411500000) (1024K)]
  0x00000226e41598d0 ConcurrentGCThread "G1 Service"                [id=24320, stack(0x000000e411500000,0x000000e411600000) (1024K)]
Total: 15

Threads with active compile tasks:
C2 CompilerThread0    39809 31024   !   4       sun.nio.ch.IOUtil::read (133 bytes)
C2 CompilerThread1    39809 31018       4       jdk.internal.loader.BuiltinClassLoader::loadClass (22 bytes)
Total: 2

VM state: at safepoint (normal execution)

VM Mutex/Monitor currently owned by a thread:  ([mutex/lock_event])
[0x00007ffd69be9f10] Threads_lock - owner thread: 0x00000226e429a5f0
[0x00007ffd69bea010] Heap_lock - owner thread: 0x00000226c6da8df0

Heap address: 0x00000000c0000000, size: 1024 MB, Compressed Oops mode: 32-bit

CDS archive(s) mapped at: [0x0000022680000000-0x0000022680c90000-0x0000022680c90000), size 13172736, SharedBaseAddress: 0x0000022680000000, ArchiveRelocationMode: 1.
Compressed class space mapped at: 0x0000022681000000-0x000002269b000000, reserved size: 436207616
Narrow klass base: 0x0000022680000000, Narrow klass shift: 0, Narrow klass range: 0x100000000

GC Precious Log:
 CardTable entry size: 512
 Card Set container configuration: InlinePtr #cards 5 size 8 Array Of Cards #cards 12 size 40 Howl #buckets 4 coarsen threshold 1843 Howl Bitmap #cards 512 size 80 coarsen threshold 460 Card regions per heap region 1 cards per card region 2048
 CPUs: 8 total, 8 available
 Memory: 8040M
 Large Page Support: Disabled
 NUMA Support: Disabled
 Compressed Oops: Enabled (32-bit)
 Heap Region Size: 1M
 Heap Min Capacity: 8M
 Heap Initial Capacity: 126M
 Heap Max Capacity: 1G
 Pre-touch: Disabled
 Parallel Workers: 8
 Concurrent Workers: 2
 Concurrent Refinement Workers: 8
 Periodic GC: Disabled

Heap:
 garbage-first heap   total 198656K, used 123300K [0x00000000c0000000, 0x0000000100000000)
  region size 1024K, 7 young (7168K), 4 survivors (4096K)
 Metaspace       used 131052K, committed 132608K, reserved 557056K
  class space    used 14554K, committed 15296K, reserved 425984K

Heap Regions: E=young(eden), S=young(survivor), O=old, HS=humongous(starts), HC=humongous(continues), CS=collection set, F=free, TAMS=top-at-mark-start, PB=parsable bottom
|   0|0x00000000c0000000, 0x00000000c0100000, 0x00000000c0100000|100%| O|  |TAMS 0x00000000c0100000| PB 0x00000000c0100000| Untracked 
|   1|0x00000000c0100000, 0x00000000c0200000, 0x00000000c0200000|100%| O|  |TAMS 0x00000000c0200000| PB 0x00000000c0200000| Untracked 
|   2|0x00000000c0200000, 0x00000000c0300000, 0x00000000c0300000|100%| O|  |TAMS 0x00000000c0300000| PB 0x00000000c0300000| Untracked 
|   3|0x00000000c0300000, 0x00000000c0400000, 0x00000000c0400000|100%| O|  |TAMS 0x00000000c0400000| PB 0x00000000c0400000| Untracked 
|   4|0x00000000c0400000, 0x00000000c0500000, 0x00000000c0500000|100%| O|  |TAMS 0x00000000c0500000| PB 0x00000000c0500000| Untracked 
|   5|0x00000000c0500000, 0x00000000c0600000, 0x00000000c0600000|100%| O|  |TAMS 0x00000000c0600000| PB 0x00000000c0600000| Untracked 
|   6|0x00000000c0600000, 0x00000000c0700000, 0x00000000c0700000|100%| O|  |TAMS 0x00000000c0700000| PB 0x00000000c0700000| Untracked 
|   7|0x00000000c0700000, 0x00000000c0800000, 0x00000000c0800000|100%| O|  |TAMS 0x00000000c0800000| PB 0x00000000c0800000| Untracked 
|   8|0x00000000c0800000, 0x00000000c0900000, 0x00000000c0900000|100%| O|  |TAMS 0x00000000c0900000| PB 0x00000000c0900000| Untracked 
|   9|0x00000000c0900000, 0x00000000c0a00000, 0x00000000c0a00000|100%| O|  |TAMS 0x00000000c0a00000| PB 0x00000000c0a00000| Untracked 
|  10|0x00000000c0a00000, 0x00000000c0b00000, 0x00000000c0b00000|100%| O|  |TAMS 0x00000000c0b00000| PB 0x00000000c0b00000| Untracked 
|  11|0x00000000c0b00000, 0x00000000c0c00000, 0x00000000c0c00000|100%| O|  |TAMS 0x00000000c0c00000| PB 0x00000000c0c00000| Untracked 
|  12|0x00000000c0c00000, 0x00000000c0d00000, 0x00000000c0d00000|100%| O|  |TAMS 0x00000000c0d00000| PB 0x00000000c0d00000| Updating 
|  13|0x00000000c0d00000, 0x00000000c0e00000, 0x00000000c0e00000|100%| O|  |TAMS 0x00000000c0e00000| PB 0x00000000c0e00000| Updating 
|  14|0x00000000c0e00000, 0x00000000c0f00000, 0x00000000c0f00000|100%| O|  |TAMS 0x00000000c0f00000| PB 0x00000000c0f00000| Updating 
|  15|0x00000000c0f00000, 0x00000000c1000000, 0x00000000c1000000|100%| O|  |TAMS 0x00000000c1000000| PB 0x00000000c1000000| Updating 
|  16|0x00000000c1000000, 0x00000000c1100000, 0x00000000c1100000|100%| O|  |TAMS 0x00000000c1100000| PB 0x00000000c1100000| Updating 
|  17|0x00000000c1100000, 0x00000000c1200000, 0x00000000c1200000|100%| O|  |TAMS 0x00000000c1200000| PB 0x00000000c1200000| Untracked 
|  18|0x00000000c1200000, 0x00000000c1300000, 0x00000000c1300000|100%|HS|  |TAMS 0x00000000c1300000| PB 0x00000000c1200000| Complete 
|  19|0x00000000c1300000, 0x00000000c1400000, 0x00000000c1400000|100%| O|  |TAMS 0x00000000c1400000| PB 0x00000000c1400000| Untracked 
|  20|0x00000000c1400000, 0x00000000c1500000, 0x00000000c1500000|100%| O|  |TAMS 0x00000000c1500000| PB 0x00000000c1500000| Untracked 
|  21|0x00000000c1500000, 0x00000000c1600000, 0x00000000c1600000|100%| O|  |TAMS 0x00000000c1600000| PB 0x00000000c1600000| Untracked 
|  22|0x00000000c1600000, 0x00000000c1700000, 0x00000000c1700000|100%| O|  |TAMS 0x00000000c1700000| PB 0x00000000c1700000| Updating 
|  23|0x00000000c1700000, 0x00000000c1800000, 0x00000000c1800000|100%| O|  |TAMS 0x00000000c1800000| PB 0x00000000c1800000| Updating 
|  24|0x00000000c1800000, 0x00000000c1900000, 0x00000000c1900000|100%| O|  |TAMS 0x00000000c1900000| PB 0x00000000c1900000| Updating 
|  25|0x00000000c1900000, 0x00000000c1a00000, 0x00000000c1a00000|100%| O|  |TAMS 0x00000000c1a00000| PB 0x00000000c1a00000| Updating 
|  26|0x00000000c1a00000, 0x00000000c1b00000, 0x00000000c1b00000|100%| O|  |TAMS 0x00000000c1b00000| PB 0x00000000c1b00000| Untracked 
|  27|0x00000000c1b00000, 0x00000000c1c00000, 0x00000000c1c00000|100%| O|  |TAMS 0x00000000c1c00000| PB 0x00000000c1c00000| Untracked 
|  28|0x00000000c1c00000, 0x00000000c1d00000, 0x00000000c1d00000|100%| O|  |TAMS 0x00000000c1d00000| PB 0x00000000c1d00000| Updating 
|  29|0x00000000c1d00000, 0x00000000c1e00000, 0x00000000c1e00000|100%| O|  |TAMS 0x00000000c1e00000| PB 0x00000000c1e00000| Updating 
|  30|0x00000000c1e00000, 0x00000000c1f00000, 0x00000000c1f00000|100%| O|  |TAMS 0x00000000c1f00000| PB 0x00000000c1f00000| Untracked 
|  31|0x00000000c1f00000, 0x00000000c2000000, 0x00000000c2000000|100%| O|  |TAMS 0x00000000c2000000| PB 0x00000000c2000000| Updating 
|  32|0x00000000c2000000, 0x00000000c2100000, 0x00000000c2100000|100%| O|  |TAMS 0x00000000c2100000| PB 0x00000000c2100000| Updating 
|  33|0x00000000c2100000, 0x00000000c2200000, 0x00000000c2200000|100%| O|  |TAMS 0x00000000c2200000| PB 0x00000000c2200000| Untracked 
|  34|0x00000000c2200000, 0x00000000c2300000, 0x00000000c2300000|100%| O|  |TAMS 0x00000000c2300000| PB 0x00000000c2300000| Untracked 
|  35|0x00000000c2300000, 0x00000000c2400000, 0x00000000c2400000|100%| O|  |TAMS 0x00000000c2400000| PB 0x00000000c2400000| Updating 
|  36|0x00000000c2400000, 0x00000000c2500000, 0x00000000c2500000|100%| O|  |TAMS 0x00000000c2500000| PB 0x00000000c2500000| Untracked 
|  37|0x00000000c2500000, 0x00000000c2600000, 0x00000000c2600000|100%| O|  |TAMS 0x00000000c2600000| PB 0x00000000c2600000| Updating 
|  38|0x00000000c2600000, 0x00000000c2700000, 0x00000000c2700000|100%| O|  |TAMS 0x00000000c2700000| PB 0x00000000c2700000| Updating 
|  39|0x00000000c2700000, 0x00000000c2800000, 0x00000000c2800000|100%|HS|  |TAMS 0x00000000c2800000| PB 0x00000000c2700000| Complete 
|  40|0x00000000c2800000, 0x00000000c2900000, 0x00000000c2900000|100%|HC|  |TAMS 0x00000000c2900000| PB 0x00000000c2800000| Complete 
|  41|0x00000000c2900000, 0x00000000c2a00000, 0x00000000c2a00000|100%|HC|  |TAMS 0x00000000c2a00000| PB 0x00000000c2900000| Complete 
|  42|0x00000000c2a00000, 0x00000000c2b00000, 0x00000000c2b00000|100%|HC|  |TAMS 0x00000000c2b00000| PB 0x00000000c2a00000| Complete 
|  43|0x00000000c2b00000, 0x00000000c2c00000, 0x00000000c2c00000|100%| O|  |TAMS 0x00000000c2c00000| PB 0x00000000c2c00000| Untracked 
|  44|0x00000000c2c00000, 0x00000000c2d00000, 0x00000000c2d00000|100%| O|  |TAMS 0x00000000c2d00000| PB 0x00000000c2d00000| Updating 
|  45|0x00000000c2d00000, 0x00000000c2e00000, 0x00000000c2e00000|100%| O|  |TAMS 0x00000000c2e00000| PB 0x00000000c2e00000| Updating 
|  46|0x00000000c2e00000, 0x00000000c2f00000, 0x00000000c2f00000|100%| O|  |TAMS 0x00000000c2e00000| PB 0x00000000c2e00000| Untracked 
|  47|0x00000000c2f00000, 0x00000000c3000000, 0x00000000c3000000|100%| O|  |TAMS 0x00000000c3000000| PB 0x00000000c3000000| Untracked 
|  48|0x00000000c3000000, 0x00000000c3100000, 0x00000000c3100000|100%| O|  |TAMS 0x00000000c3100000| PB 0x00000000c3100000| Untracked 
|  49|0x00000000c3100000, 0x00000000c3200000, 0x00000000c3200000|100%| O|  |TAMS 0x00000000c3200000| PB 0x00000000c3200000| Untracked 
|  50|0x00000000c3200000, 0x00000000c3300000, 0x00000000c3300000|100%| O|  |TAMS 0x00000000c3300000| PB 0x00000000c3300000| Untracked 
|  51|0x00000000c3300000, 0x00000000c3400000, 0x00000000c3400000|100%| O|  |TAMS 0x00000000c3400000| PB 0x00000000c3400000| Updating 
|  52|0x00000000c3400000, 0x00000000c3500000, 0x00000000c3500000|100%| O|  |TAMS 0x00000000c3500000| PB 0x00000000c3500000| Updating 
|  53|0x00000000c3500000, 0x00000000c3600000, 0x00000000c3600000|100%| O|  |TAMS 0x00000000c3600000| PB 0x00000000c3600000| Untracked 
|  54|0x00000000c3600000, 0x00000000c3700000, 0x00000000c3700000|100%| O|  |TAMS 0x00000000c3700000| PB 0x00000000c3700000| Untracked 
|  55|0x00000000c3700000, 0x00000000c3800000, 0x00000000c3800000|100%| O|  |TAMS 0x00000000c3800000| PB 0x00000000c3800000| Untracked 
|  56|0x00000000c3800000, 0x00000000c3900000, 0x00000000c3900000|100%| O|  |TAMS 0x00000000c3900000| PB 0x00000000c3900000| Updating 
|  57|0x00000000c3900000, 0x00000000c3a00000, 0x00000000c3a00000|100%| O|  |TAMS 0x00000000c3a00000| PB 0x00000000c3a00000| Untracked 
|  58|0x00000000c3a00000, 0x00000000c3b00000, 0x00000000c3b00000|100%| O|  |TAMS 0x00000000c3b00000| PB 0x00000000c3b00000| Untracked 
|  59|0x00000000c3b00000, 0x00000000c3c00000, 0x00000000c3c00000|100%| O|  |TAMS 0x00000000c3c00000| PB 0x00000000c3c00000| Updating 
|  60|0x00000000c3c00000, 0x00000000c3d00000, 0x00000000c3d00000|100%| O|  |TAMS 0x00000000c3d00000| PB 0x00000000c3d00000| Updating 
|  61|0x00000000c3d00000, 0x00000000c3e00000, 0x00000000c3e00000|100%| O|  |TAMS 0x00000000c3e00000| PB 0x00000000c3e00000| Untracked 
|  62|0x00000000c3e00000, 0x00000000c3f00000, 0x00000000c3f00000|100%| O|  |TAMS 0x00000000c3e00000| PB 0x00000000c3e00000| Untracked 
|  63|0x00000000c3f00000, 0x00000000c4000000, 0x00000000c4000000|100%| O|  |TAMS 0x00000000c3f00000| PB 0x00000000c3f00000| Untracked 
|  64|0x00000000c4000000, 0x00000000c4100000, 0x00000000c4100000|100%| O|  |TAMS 0x00000000c4100000| PB 0x00000000c4100000| Updating 
|  65|0x00000000c4100000, 0x00000000c4200000, 0x00000000c4200000|100%| O|  |TAMS 0x00000000c4100000| PB 0x00000000c4100000| Untracked 
|  66|0x00000000c4200000, 0x00000000c4300000, 0x00000000c4300000|100%| O|  |TAMS 0x00000000c4200000| PB 0x00000000c4200000| Untracked 
|  67|0x00000000c4300000, 0x00000000c4400000, 0x00000000c4400000|100%| O|  |TAMS 0x00000000c4400000| PB 0x00000000c4400000| Updating 
|  68|0x00000000c4400000, 0x00000000c4500000, 0x00000000c4500000|100%| O|  |TAMS 0x00000000c4400000| PB 0x00000000c4400000| Untracked 
|  69|0x00000000c4500000, 0x00000000c4600000, 0x00000000c4600000|100%| O|  |TAMS 0x00000000c4600000| PB 0x00000000c4600000| Updating 
|  70|0x00000000c4600000, 0x00000000c4700000, 0x00000000c4700000|100%| O|  |TAMS 0x00000000c4700000| PB 0x00000000c4700000| Updating 
|  71|0x00000000c4700000, 0x00000000c4800000, 0x00000000c4800000|100%| O|  |TAMS 0x00000000c4800000| PB 0x00000000c4800000| Updating 
|  72|0x00000000c4800000, 0x00000000c4900000, 0x00000000c4900000|100%| O|  |TAMS 0x00000000c4800000| PB 0x00000000c4800000| Untracked 
|  73|0x00000000c4900000, 0x00000000c4a00000, 0x00000000c4a00000|100%| O|  |TAMS 0x00000000c4900000| PB 0x00000000c4900000| Untracked 
|  74|0x00000000c4a00000, 0x00000000c4b00000, 0x00000000c4b00000|100%| O|  |TAMS 0x00000000c4a00000| PB 0x00000000c4a00000| Untracked 
|  75|0x00000000c4b00000, 0x00000000c4c00000, 0x00000000c4c00000|100%| O|  |TAMS 0x00000000c4c00000| PB 0x00000000c4c00000| Updating 
|  76|0x00000000c4c00000, 0x00000000c4d00000, 0x00000000c4d00000|100%| O|  |TAMS 0x00000000c4d00000| PB 0x00000000c4d00000| Updating 
|  77|0x00000000c4d00000, 0x00000000c4dc35a8, 0x00000000c4e00000| 76%| O|  |TAMS 0x00000000c4d00000| PB 0x00000000c4d00000| Updating 
|  78|0x00000000c4e00000, 0x00000000c4e00000, 0x00000000c4f00000|  0%| F|  |TAMS 0x00000000c4e00000| PB 0x00000000c4e00000| Untracked 
|  79|0x00000000c4f00000, 0x00000000c4f00000, 0x00000000c5000000|  0%| F|  |TAMS 0x00000000c4f00000| PB 0x00000000c4f00000| Untracked 
|  80|0x00000000c5000000, 0x00000000c5100000, 0x00000000c5100000|100%| O|  |TAMS 0x00000000c5100000| PB 0x00000000c5100000| Updating 
|  81|0x00000000c5100000, 0x00000000c5200000, 0x00000000c5200000|100%|HS|  |TAMS 0x00000000c5200000| PB 0x00000000c5100000| Complete 
|  82|0x00000000c5200000, 0x00000000c5300000, 0x00000000c5300000|100%|HC|  |TAMS 0x00000000c5300000| PB 0x00000000c5200000| Complete 
|  83|0x00000000c5300000, 0x00000000c5400000, 0x00000000c5400000|100%|HC|  |TAMS 0x00000000c5400000| PB 0x00000000c5300000| Complete 
|  84|0x00000000c5400000, 0x00000000c5500000, 0x00000000c5500000|100%|HS|  |TAMS 0x00000000c5500000| PB 0x00000000c5400000| Complete 
|  85|0x00000000c5500000, 0x00000000c5600000, 0x00000000c5600000|100%| O|  |TAMS 0x00000000c5600000| PB 0x00000000c5600000| Updating 
|  86|0x00000000c5600000, 0x00000000c5700000, 0x00000000c5700000|100%| O|  |TAMS 0x00000000c5700000| PB 0x00000000c5700000| Updating 
|  87|0x00000000c5700000, 0x00000000c5800000, 0x00000000c5800000|100%| O|  |TAMS 0x00000000c5800000| PB 0x00000000c5800000| Updating 
|  88|0x00000000c5800000, 0x00000000c5900000, 0x00000000c5900000|100%| O|  |TAMS 0x00000000c5900000| PB 0x00000000c5900000| Updating 
|  89|0x00000000c5900000, 0x00000000c5a00000, 0x00000000c5a00000|100%| O|  |TAMS 0x00000000c5a00000| PB 0x00000000c5a00000| Updating 
|  90|0x00000000c5a00000, 0x00000000c5b00000, 0x00000000c5b00000|100%| O|  |TAMS 0x00000000c5b00000| PB 0x00000000c5b00000| Updating 
|  91|0x00000000c5b00000, 0x00000000c5c00000, 0x00000000c5c00000|100%| O|  |TAMS 0x00000000c5c00000| PB 0x00000000c5c00000| Updating 
|  92|0x00000000c5c00000, 0x00000000c5d00000, 0x00000000c5d00000|100%| O|  |TAMS 0x00000000c5d00000| PB 0x00000000c5d00000| Updating 
|  93|0x00000000c5d00000, 0x00000000c5e00000, 0x00000000c5e00000|100%| O|  |TAMS 0x00000000c5e00000| PB 0x00000000c5e00000| Updating 
|  94|0x00000000c5e00000, 0x00000000c5f00000, 0x00000000c5f00000|100%| O|  |TAMS 0x00000000c5f00000| PB 0x00000000c5f00000| Updating 
|  95|0x00000000c5f00000, 0x00000000c6000000, 0x00000000c6000000|100%| O|  |TAMS 0x00000000c6000000| PB 0x00000000c6000000| Untracked 
|  96|0x00000000c6000000, 0x00000000c6100000, 0x00000000c6100000|100%| O|  |TAMS 0x00000000c6100000| PB 0x00000000c6100000| Untracked 
|  97|0x00000000c6100000, 0x00000000c6200000, 0x00000000c6200000|100%| O|  |TAMS 0x00000000c6200000| PB 0x00000000c6200000| Updating 
|  98|0x00000000c6200000, 0x00000000c6300000, 0x00000000c6300000|100%| O|  |TAMS 0x00000000c6300000| PB 0x00000000c6300000| Updating 
|  99|0x00000000c6300000, 0x00000000c6400000, 0x00000000c6400000|100%| O|  |TAMS 0x00000000c6400000| PB 0x00000000c6400000| Untracked 
| 100|0x00000000c6400000, 0x00000000c6500000, 0x00000000c6500000|100%| O|  |TAMS 0x00000000c6500000| PB 0x00000000c6500000| Untracked 
| 101|0x00000000c6500000, 0x00000000c6500000, 0x00000000c6600000|  0%| F|  |TAMS 0x00000000c6500000| PB 0x00000000c6500000| Untracked 
| 102|0x00000000c6600000, 0x00000000c6700000, 0x00000000c6700000|100%| O|  |TAMS 0x00000000c6700000| PB 0x00000000c6700000| Updating 
| 103|0x00000000c6700000, 0x00000000c6800000, 0x00000000c6800000|100%| O|  |TAMS 0x00000000c6800000| PB 0x00000000c6800000| Updating 
| 104|0x00000000c6800000, 0x00000000c6800000, 0x00000000c6900000|  0%| F|  |TAMS 0x00000000c6800000| PB 0x00000000c6800000| Untracked 
| 105|0x00000000c6900000, 0x00000000c6a00000, 0x00000000c6a00000|100%| O|  |TAMS 0x00000000c6a00000| PB 0x00000000c6a00000| Updating 
| 106|0x00000000c6a00000, 0x00000000c6a00000, 0x00000000c6b00000|  0%| F|  |TAMS 0x00000000c6a00000| PB 0x00000000c6a00000| Untracked 
| 107|0x00000000c6b00000, 0x00000000c6b00000, 0x00000000c6c00000|  0%| F|  |TAMS 0x00000000c6b00000| PB 0x00000000c6b00000| Untracked 
| 108|0x00000000c6c00000, 0x00000000c6d00000, 0x00000000c6d00000|100%| O|  |TAMS 0x00000000c6d00000| PB 0x00000000c6d00000| Updating 
| 109|0x00000000c6d00000, 0x00000000c6e00000, 0x00000000c6e00000|100%| O|  |TAMS 0x00000000c6e00000| PB 0x00000000c6e00000| Updating 
| 110|0x00000000c6e00000, 0x00000000c6f00000, 0x00000000c6f00000|100%| O|  |TAMS 0x00000000c6f00000| PB 0x00000000c6f00000| Updating 
| 111|0x00000000c6f00000, 0x00000000c7000000, 0x00000000c7000000|100%| O|  |TAMS 0x00000000c7000000| PB 0x00000000c7000000| Updating 
| 112|0x00000000c7000000, 0x00000000c7100000, 0x00000000c7100000|100%| O|  |TAMS 0x00000000c7100000| PB 0x00000000c7100000| Updating 
| 113|0x00000000c7100000, 0x00000000c7200000, 0x00000000c7200000|100%| O|  |TAMS 0x00000000c7200000| PB 0x00000000c7200000| Untracked 
| 114|0x00000000c7200000, 0x00000000c7300000, 0x00000000c7300000|100%| O|  |TAMS 0x00000000c7300000| PB 0x00000000c7300000| Untracked 
| 115|0x00000000c7300000, 0x00000000c7400000, 0x00000000c7400000|100%| O|  |TAMS 0x00000000c7400000| PB 0x00000000c7400000| Untracked 
| 116|0x00000000c7400000, 0x00000000c7500000, 0x00000000c7500000|100%| O|  |TAMS 0x00000000c7500000| PB 0x00000000c7500000| Updating 
| 117|0x00000000c7500000, 0x00000000c7500000, 0x00000000c7600000|  0%| F|  |TAMS 0x00000000c7500000| PB 0x00000000c7500000| Untracked 
| 118|0x00000000c7600000, 0x00000000c7600000, 0x00000000c7700000|  0%| F|  |TAMS 0x00000000c7600000| PB 0x00000000c7600000| Untracked 
| 119|0x00000000c7700000, 0x00000000c7700000, 0x00000000c7800000|  0%| F|  |TAMS 0x00000000c7700000| PB 0x00000000c7700000| Untracked 
| 120|0x00000000c7800000, 0x00000000c7800000, 0x00000000c7900000|  0%| F|  |TAMS 0x00000000c7800000| PB 0x00000000c7800000| Untracked 
| 121|0x00000000c7900000, 0x00000000c7900000, 0x00000000c7a00000|  0%| F|  |TAMS 0x00000000c7900000| PB 0x00000000c7900000| Untracked 
| 122|0x00000000c7a00000, 0x00000000c7a00000, 0x00000000c7b00000|  0%| F|  |TAMS 0x00000000c7a00000| PB 0x00000000c7a00000| Untracked 
| 123|0x00000000c7b00000, 0x00000000c7b00000, 0x00000000c7c00000|  0%| F|  |TAMS 0x00000000c7b00000| PB 0x00000000c7b00000| Untracked 
| 124|0x00000000c7c00000, 0x00000000c7c00000, 0x00000000c7d00000|  0%| F|  |TAMS 0x00000000c7c00000| PB 0x00000000c7c00000| Untracked 
| 125|0x00000000c7d00000, 0x00000000c7d00000, 0x00000000c7e00000|  0%| F|  |TAMS 0x00000000c7d00000| PB 0x00000000c7d00000| Untracked 
| 126|0x00000000c7e00000, 0x00000000c7e00000, 0x00000000c7f00000|  0%| F|  |TAMS 0x00000000c7e00000| PB 0x00000000c7e00000| Untracked 
| 127|0x00000000c7f00000, 0x00000000c7f00000, 0x00000000c8000000|  0%| F|  |TAMS 0x00000000c7f00000| PB 0x00000000c7f00000| Untracked 
| 128|0x00000000c8000000, 0x00000000c8000000, 0x00000000c8100000|  0%| F|  |TAMS 0x00000000c8000000| PB 0x00000000c8000000| Untracked 
| 129|0x00000000c8100000, 0x00000000c8100000, 0x00000000c8200000|  0%| F|  |TAMS 0x00000000c8100000| PB 0x00000000c8100000| Untracked 
| 130|0x00000000c8200000, 0x00000000c8200000, 0x00000000c8300000|  0%| F|  |TAMS 0x00000000c8200000| PB 0x00000000c8200000| Untracked 
| 131|0x00000000c8300000, 0x00000000c8300000, 0x00000000c8400000|  0%| F|  |TAMS 0x00000000c8300000| PB 0x00000000c8300000| Untracked 
| 132|0x00000000c8400000, 0x00000000c84a5ca0, 0x00000000c8500000| 64%| S|CS|TAMS 0x00000000c8400000| PB 0x00000000c8400000| Complete 
| 133|0x00000000c8500000, 0x00000000c8600000, 0x00000000c8600000|100%| S|CS|TAMS 0x00000000c8500000| PB 0x00000000c8500000| Complete 
| 134|0x00000000c8600000, 0x00000000c8700000, 0x00000000c8700000|100%| S|CS|TAMS 0x00000000c8600000| PB 0x00000000c8600000| Complete 
| 135|0x00000000c8700000, 0x00000000c8800000, 0x00000000c8800000|100%| S|CS|TAMS 0x00000000c8700000| PB 0x00000000c8700000| Complete 
| 136|0x00000000c8800000, 0x00000000c8800000, 0x00000000c8900000|  0%| F|  |TAMS 0x00000000c8800000| PB 0x00000000c8800000| Untracked 
| 137|0x00000000c8900000, 0x00000000c8900000, 0x00000000c8a00000|  0%| F|  |TAMS 0x00000000c8900000| PB 0x00000000c8900000| Untracked 
| 138|0x00000000c8a00000, 0x00000000c8a00000, 0x00000000c8b00000|  0%| F|  |TAMS 0x00000000c8a00000| PB 0x00000000c8a00000| Untracked 
| 139|0x00000000c8b00000, 0x00000000c8b00000, 0x00000000c8c00000|  0%| F|  |TAMS 0x00000000c8b00000| PB 0x00000000c8b00000| Untracked 
| 140|0x00000000c8c00000, 0x00000000c8c00000, 0x00000000c8d00000|  0%| F|  |TAMS 0x00000000c8c00000| PB 0x00000000c8c00000| Untracked 
| 141|0x00000000c8d00000, 0x00000000c8d00000, 0x00000000c8e00000|  0%| F|  |TAMS 0x00000000c8d00000| PB 0x00000000c8d00000| Untracked 
| 142|0x00000000c8e00000, 0x00000000c8e00000, 0x00000000c8f00000|  0%| F|  |TAMS 0x00000000c8e00000| PB 0x00000000c8e00000| Untracked 
| 143|0x00000000c8f00000, 0x00000000c8f00000, 0x00000000c9000000|  0%| F|  |TAMS 0x00000000c8f00000| PB 0x00000000c8f00000| Untracked 
| 144|0x00000000c9000000, 0x00000000c9000000, 0x00000000c9100000|  0%| F|  |TAMS 0x00000000c9000000| PB 0x00000000c9000000| Untracked 
| 145|0x00000000c9100000, 0x00000000c9100000, 0x00000000c9200000|  0%| F|  |TAMS 0x00000000c9100000| PB 0x00000000c9100000| Untracked 
| 146|0x00000000c9200000, 0x00000000c9200000, 0x00000000c9300000|  0%| F|  |TAMS 0x00000000c9200000| PB 0x00000000c9200000| Untracked 
| 147|0x00000000c9300000, 0x00000000c9300000, 0x00000000c9400000|  0%| F|  |TAMS 0x00000000c9300000| PB 0x00000000c9300000| Untracked 
| 148|0x00000000c9400000, 0x00000000c9400000, 0x00000000c9500000|  0%| F|  |TAMS 0x00000000c9400000| PB 0x00000000c9400000| Untracked 
| 149|0x00000000c9500000, 0x00000000c9500000, 0x00000000c9600000|  0%| F|  |TAMS 0x00000000c9500000| PB 0x00000000c9500000| Untracked 
| 150|0x00000000c9600000, 0x00000000c9600000, 0x00000000c9700000|  0%| F|  |TAMS 0x00000000c9600000| PB 0x00000000c9600000| Untracked 
| 151|0x00000000c9700000, 0x00000000c9700000, 0x00000000c9800000|  0%| F|  |TAMS 0x00000000c9700000| PB 0x00000000c9700000| Untracked 
| 152|0x00000000c9800000, 0x00000000c9800000, 0x00000000c9900000|  0%| F|  |TAMS 0x00000000c9800000| PB 0x00000000c9800000| Untracked 
| 153|0x00000000c9900000, 0x00000000c9900000, 0x00000000c9a00000|  0%| F|  |TAMS 0x00000000c9900000| PB 0x00000000c9900000| Untracked 
| 154|0x00000000c9a00000, 0x00000000c9a00000, 0x00000000c9b00000|  0%| F|  |TAMS 0x00000000c9a00000| PB 0x00000000c9a00000| Untracked 
| 155|0x00000000c9b00000, 0x00000000c9b00000, 0x00000000c9c00000|  0%| F|  |TAMS 0x00000000c9b00000| PB 0x00000000c9b00000| Untracked 
| 156|0x00000000c9c00000, 0x00000000c9c00000, 0x00000000c9d00000|  0%| F|  |TAMS 0x00000000c9c00000| PB 0x00000000c9c00000| Untracked 
| 157|0x00000000c9d00000, 0x00000000c9d00000, 0x00000000c9e00000|  0%| F|  |TAMS 0x00000000c9d00000| PB 0x00000000c9d00000| Untracked 
| 158|0x00000000c9e00000, 0x00000000c9e00000, 0x00000000c9f00000|  0%| F|  |TAMS 0x00000000c9e00000| PB 0x00000000c9e00000| Untracked 
| 159|0x00000000c9f00000, 0x00000000c9f00000, 0x00000000ca000000|  0%| F|  |TAMS 0x00000000c9f00000| PB 0x00000000c9f00000| Untracked 
| 160|0x00000000ca000000, 0x00000000ca000000, 0x00000000ca100000|  0%| F|  |TAMS 0x00000000ca000000| PB 0x00000000ca000000| Untracked 
| 161|0x00000000ca100000, 0x00000000ca100000, 0x00000000ca200000|  0%| F|  |TAMS 0x00000000ca100000| PB 0x00000000ca100000| Untracked 
| 162|0x00000000ca200000, 0x00000000ca200000, 0x00000000ca300000|  0%| F|  |TAMS 0x00000000ca200000| PB 0x00000000ca200000| Untracked 
| 163|0x00000000ca300000, 0x00000000ca300000, 0x00000000ca400000|  0%| F|  |TAMS 0x00000000ca300000| PB 0x00000000ca300000| Untracked 
| 164|0x00000000ca400000, 0x00000000ca400000, 0x00000000ca500000|  0%| F|  |TAMS 0x00000000ca400000| PB 0x00000000ca400000| Untracked 
| 165|0x00000000ca500000, 0x00000000ca500000, 0x00000000ca600000|  0%| F|  |TAMS 0x00000000ca500000| PB 0x00000000ca500000| Untracked 
| 166|0x00000000ca600000, 0x00000000ca600000, 0x00000000ca700000|  0%| F|  |TAMS 0x00000000ca600000| PB 0x00000000ca600000| Untracked 
| 167|0x00000000ca700000, 0x00000000ca700000, 0x00000000ca800000|  0%| F|  |TAMS 0x00000000ca700000| PB 0x00000000ca700000| Untracked 
| 168|0x00000000ca800000, 0x00000000ca800000, 0x00000000ca900000|  0%| F|  |TAMS 0x00000000ca800000| PB 0x00000000ca800000| Untracked 
| 169|0x00000000ca900000, 0x00000000ca900000, 0x00000000caa00000|  0%| F|  |TAMS 0x00000000ca900000| PB 0x00000000ca900000| Untracked 
| 170|0x00000000caa00000, 0x00000000caa00000, 0x00000000cab00000|  0%| F|  |TAMS 0x00000000caa00000| PB 0x00000000caa00000| Untracked 
| 171|0x00000000cab00000, 0x00000000cab00000, 0x00000000cac00000|  0%| F|  |TAMS 0x00000000cab00000| PB 0x00000000cab00000| Untracked 
| 172|0x00000000cac00000, 0x00000000cac00000, 0x00000000cad00000|  0%| F|  |TAMS 0x00000000cac00000| PB 0x00000000cac00000| Untracked 
| 173|0x00000000cad00000, 0x00000000cad00000, 0x00000000cae00000|  0%| F|  |TAMS 0x00000000cad00000| PB 0x00000000cad00000| Untracked 
| 174|0x00000000cae00000, 0x00000000cae00000, 0x00000000caf00000|  0%| F|  |TAMS 0x00000000cae00000| PB 0x00000000cae00000| Untracked 
| 175|0x00000000caf00000, 0x00000000caf00000, 0x00000000cb000000|  0%| F|  |TAMS 0x00000000caf00000| PB 0x00000000caf00000| Untracked 
|1006|0x00000000fee00000, 0x00000000fef00000, 0x00000000fef00000|100%| O|  |TAMS 0x00000000fef00000| PB 0x00000000fef00000| Updating 
|1007|0x00000000fef00000, 0x00000000ff000000, 0x00000000ff000000|100%| O|  |TAMS 0x00000000ff000000| PB 0x00000000ff000000| Updating 
|1008|0x00000000ff000000, 0x00000000ff000000, 0x00000000ff100000|  0%| F|  |TAMS 0x00000000ff000000| PB 0x00000000ff000000| Untracked 
|1009|0x00000000ff100000, 0x00000000ff100000, 0x00000000ff200000|  0%| F|  |TAMS 0x00000000ff100000| PB 0x00000000ff100000| Untracked 
|1010|0x00000000ff200000, 0x00000000ff200000, 0x00000000ff300000|  0%| F|  |TAMS 0x00000000ff200000| PB 0x00000000ff200000| Untracked 
|1011|0x00000000ff300000, 0x00000000ff300000, 0x00000000ff400000|  0%| F|  |TAMS 0x00000000ff300000| PB 0x00000000ff300000| Untracked 
|1012|0x00000000ff400000, 0x00000000ff400000, 0x00000000ff500000|  0%| F|  |TAMS 0x00000000ff400000| PB 0x00000000ff400000| Untracked 
|1013|0x00000000ff500000, 0x00000000ff500000, 0x00000000ff600000|  0%| F|  |TAMS 0x00000000ff500000| PB 0x00000000ff500000| Untracked 
|1014|0x00000000ff600000, 0x00000000ff600000, 0x00000000ff700000|  0%| F|  |TAMS 0x00000000ff600000| PB 0x00000000ff600000| Untracked 
|1015|0x00000000ff700000, 0x00000000ff700000, 0x00000000ff800000|  0%| F|  |TAMS 0x00000000ff700000| PB 0x00000000ff700000| Untracked 
|1016|0x00000000ff800000, 0x00000000ff800000, 0x00000000ff900000|  0%| F|  |TAMS 0x00000000ff800000| PB 0x00000000ff800000| Untracked 
|1017|0x00000000ff900000, 0x00000000ffa00000, 0x00000000ffa00000|100%| O|  |TAMS 0x00000000ffa00000| PB 0x00000000ffa00000| Untracked 
|1018|0x00000000ffa00000, 0x00000000ffa00000, 0x00000000ffb00000|  0%| F|  |TAMS 0x00000000ffa00000| PB 0x00000000ffa00000| Untracked 
|1019|0x00000000ffb00000, 0x00000000ffc00000, 0x00000000ffc00000|100%| O|  |TAMS 0x00000000ffc00000| PB 0x00000000ffc00000| Updating 
|1020|0x00000000ffc00000, 0x00000000ffc00000, 0x00000000ffd00000|  0%| F|  |TAMS 0x00000000ffc00000| PB 0x00000000ffc00000| Untracked 
|1021|0x00000000ffd00000, 0x00000000ffd721a8, 0x00000000ffe00000| 44%| E|  |TAMS 0x00000000ffd00000| PB 0x00000000ffd00000| Complete 
|1022|0x00000000ffe00000, 0x00000000fff00000, 0x00000000fff00000|100%| E|CS|TAMS 0x00000000ffe00000| PB 0x00000000ffe00000| Complete 
|1023|0x00000000fff00000, 0x0000000100000000, 0x0000000100000000|100%| E|CS|TAMS 0x00000000fff00000| PB 0x00000000fff00000| Complete 

Card table byte_map: [0x00000226e06c0000,0x00000226e08c0000] _byte_map_base: 0x00000226e00c0000

Marking Bits: (CMBitMap*) 0x00000226c6da0510
 Bits: [0x00000226e08c0000, 0x00000226e18c0000)

Polling page: 0x00000226c6e30000

Metaspace:

Usage:
  Non-class:    113.77 MB used.
      Class:     14.21 MB used.
       Both:    127.98 MB used.

Virtual space:
  Non-class space:      128.00 MB reserved,     114.56 MB ( 90%) committed,  2 nodes.
      Class space:      416.00 MB reserved,      14.94 MB (  4%) committed,  1 nodes.
             Both:      544.00 MB reserved,     129.50 MB ( 24%) committed. 

Chunk freelists:
   Non-Class:  13.46 MB
       Class:  1.14 MB
        Both:  14.61 MB

MaxMetaspaceSize: 512.00 MB
CompressedClassSpaceSize: 416.00 MB
Initial GC threshold: 21.00 MB
Current GC threshold: 183.25 MB
CDS: on
 - commit_granule_bytes: 65536.
 - commit_granule_words: 8192.
 - virtual_space_node_default_size: 8388608.
 - enlarge_chunks_in_place: 1.
 - use_allocation_guard: 0.


Internal statistics:

num_allocs_failed_limit: 15.
num_arena_births: 2074.
num_arena_deaths: 10.
num_vsnodes_births: 3.
num_vsnodes_deaths: 0.
num_space_committed: 2108.
num_space_uncommitted: 13.
num_chunks_returned_to_freelist: 178.
num_chunks_taken_from_freelist: 7224.
num_chunk_merges: 58.
num_chunk_splits: 5459.
num_chunks_enlarged: 4271.
num_inconsistent_stats: 0.

CodeHeap 'non-profiled nmethods': size=120000Kb used=11439Kb max_used=11720Kb free=108560Kb
 bounds [0x00000226d8610000, 0x00000226d9190000, 0x00000226dfb40000]
CodeHeap 'profiled nmethods': size=120000Kb used=52711Kb max_used=53885Kb free=67289Kb
 bounds [0x00000226d0b40000, 0x00000226d3ff0000, 0x00000226d8070000]
CodeHeap 'non-nmethods': size=5760Kb used=1925Kb max_used=2025Kb free=3834Kb
 bounds [0x00000226d8070000, 0x00000226d82e0000, 0x00000226d8610000]
 total_blobs=20389 nmethods=19498 adapters=791
 compilation: enabled
              stopped_count=0, restarted_count=0
 full_count=0

Compilation events (20 events):
Event: 37.589 Thread 0x00000226e42d68b0 nmethod 31023 0x00000226d917ca90 code [0x00000226d917cde0, 0x00000226d917e440]
Event: 37.589 Thread 0x00000226e42d68b0 31062       4       java.util.stream.Nodes::builder (30 bytes)
Event: 37.592 Thread 0x00000226a39cf500 nmethod 31061 0x00000226d917f990 code [0x00000226d917fb40, 0x00000226d917fe88]
Event: 37.592 Thread 0x00000226a39cf500 31063       4       java.util.stream.Nodes::flatten (70 bytes)
Event: 37.592 Thread 0x00000226a39cf500 nmethod 31063 0x00000226d9180090 code [0x00000226d9180220, 0x00000226d91802d8]
Event: 37.592 Thread 0x00000226a39cf500 31046       4       java.util.stream.ReferencePipeline$2::opWrapSink (10 bytes)
Event: 37.593 Thread 0x00000226e42d68b0 nmethod 31062 0x00000226d9180390 code [0x00000226d9180540, 0x00000226d9180868]
Event: 37.593 Thread 0x00000226e42d68b0 31049       4       java.util.stream.ReferencePipeline$2$1::begin (13 bytes)
Event: 37.593 Thread 0x00000226e42d68b0 nmethod 31049 0x00000226d9180a90 code [0x00000226d9180c20, 0x00000226d9180cd8]
Event: 37.593 Thread 0x00000226e42d68b0 31024   !   4       sun.nio.ch.IOUtil::read (133 bytes)
Event: 37.594 Thread 0x00000226e42db9a0 31076       3       org.springframework.core.annotation.MergedAnnotationsCollection$AnnotationsSpliterator::tryAdvance (116 bytes)
Event: 37.594 Thread 0x00000226e42db9a0 nmethod 31076 0x00000226d1fe0690 code [0x00000226d1fe08a0, 0x00000226d1fe0e80]
Event: 37.595 Thread 0x00000226a39cf500 nmethod 31046 0x00000226d9180d90 code [0x00000226d9180f20, 0x00000226d9181120]
Event: 37.595 Thread 0x00000226a39cf500 31075       4       org.springframework.util.ObjectUtils::nullSafeEquals (55 bytes)
Event: 37.596 Thread 0x00000226a39cf500 nmethod 31075 0x00000226d9181290 code [0x00000226d9181420, 0x00000226d9181588]
Event: 37.596 Thread 0x00000226a39cf500 31025   !   4       sun.nio.ch.IOUtil::readIntoNativeBuffer (169 bytes)
Event: 37.597 Thread 0x00000226e42db9a0 31077       3       org.springframework.core.type.classreading.SimpleAnnotationMetadataReadingVisitor::visitAnnotation (28 bytes)
Event: 37.598 Thread 0x00000226e42db9a0 nmethod 31077 0x00000226d1fdf690 code [0x00000226d1fdf8e0, 0x00000226d1fe0328]
Event: 37.601 Thread 0x00000226a39cf500 nmethod 31025 0x00000226d9181690 code [0x00000226d9181880, 0x00000226d9181c70]
Event: 37.601 Thread 0x00000226a39cf500 31018       4       jdk.internal.loader.BuiltinClassLoader::loadClass (22 bytes)

GC Heap History (20 events):
Event: 29.819 GC heap before
{Heap before GC invocations=35 (full 0):
 garbage-first heap   total 150528K, used 136980K [0x00000000c0000000, 0x0000000100000000)
  region size 1024K, 55 young (56320K), 5 survivors (5120K)
 Metaspace       used 109516K, committed 110656K, reserved 557056K
  class space    used 11726K, committed 12288K, reserved 425984K
}
Event: 29.833 GC heap after
{Heap after GC invocations=36 (full 0):
 garbage-first heap   total 150528K, used 87272K [0x00000000c0000000, 0x0000000100000000)
  region size 1024K, 6 young (6144K), 6 survivors (6144K)
 Metaspace       used 109516K, committed 110656K, reserved 557056K
  class space    used 11726K, committed 12288K, reserved 425984K
}
Event: 30.132 GC heap before
{Heap before GC invocations=36 (full 0):
 garbage-first heap   total 150528K, used 95464K [0x00000000c0000000, 0x0000000100000000)
  region size 1024K, 15 young (15360K), 6 survivors (6144K)
 Metaspace       used 109795K, committed 110912K, reserved 557056K
  class space    used 11748K, committed 12288K, reserved 425984K
}
Event: 30.141 GC heap after
{Heap after GC invocations=37 (full 0):
 garbage-first heap   total 150528K, used 87664K [0x00000000c0000000, 0x0000000100000000)
  region size 1024K, 4 young (4096K), 4 survivors (4096K)
 Metaspace       used 109795K, committed 110912K, reserved 557056K
  class space    used 11748K, committed 12288K, reserved 425984K
}
Event: 30.923 GC heap before
{Heap before GC invocations=38 (full 0):
 garbage-first heap   total 158720K, used 141936K [0x00000000c0000000, 0x0000000100000000)
  region size 1024K, 52 young (53248K), 4 survivors (4096K)
 Metaspace       used 109819K, committed 111040K, reserved 557056K
  class space    used 11748K, committed 12288K, reserved 425984K
}
Event: 30.937 GC heap after
{Heap after GC invocations=39 (full 0):
 garbage-first heap   total 160768K, used 106496K [0x00000000c0000000, 0x0000000100000000)
  region size 1024K, 7 young (7168K), 7 survivors (7168K)
 Metaspace       used 109819K, committed 111040K, reserved 557056K
  class space    used 11748K, committed 12288K, reserved 425984K
}
Event: 31.406 GC heap before
{Heap before GC invocations=39 (full 0):
 garbage-first heap   total 160768K, used 141312K [0x00000000c0000000, 0x0000000100000000)
  region size 1024K, 41 young (41984K), 7 survivors (7168K)
 Metaspace       used 109853K, committed 111040K, reserved 557056K
  class space    used 11749K, committed 12288K, reserved 425984K
}
Event: 31.425 GC heap after
{Heap after GC invocations=40 (full 0):
 garbage-first heap   total 160768K, used 113152K [0x00000000c0000000, 0x0000000100000000)
  region size 1024K, 6 young (6144K), 6 survivors (6144K)
 Metaspace       used 109853K, committed 111040K, reserved 557056K
  class space    used 11749K, committed 12288K, reserved 425984K
}
Event: 32.254 GC heap before
{Heap before GC invocations=40 (full 0):
 garbage-first heap   total 160768K, used 141824K [0x00000000c0000000, 0x0000000100000000)
  region size 1024K, 35 young (35840K), 6 survivors (6144K)
 Metaspace       used 111198K, committed 112448K, reserved 557056K
  class space    used 11900K, committed 12480K, reserved 425984K
}
Event: 32.261 GC heap after
{Heap after GC invocations=41 (full 0):
 garbage-first heap   total 160768K, used 115078K [0x00000000c0000000, 0x0000000100000000)
  region size 1024K, 2 young (2048K), 2 survivors (2048K)
 Metaspace       used 111198K, committed 112448K, reserved 557056K
  class space    used 11900K, committed 12480K, reserved 425984K
}
Event: 32.747 GC heap before
{Heap before GC invocations=42 (full 0):
 garbage-first heap   total 198656K, used 143750K [0x00000000c0000000, 0x0000000100000000)
  region size 1024K, 32 young (32768K), 2 survivors (2048K)
 Metaspace       used 111467K, committed 112640K, reserved 557056K
  class space    used 11931K, committed 12480K, reserved 425984K
}
Event: 32.752 GC heap after
{Heap after GC invocations=43 (full 0):
 garbage-first heap   total 198656K, used 113853K [0x00000000c0000000, 0x0000000100000000)
  region size 1024K, 3 young (3072K), 3 survivors (3072K)
 Metaspace       used 111467K, committed 112640K, reserved 557056K
  class space    used 11931K, committed 12480K, reserved 425984K
}
Event: 33.378 GC heap before
{Heap before GC invocations=43 (full 0):
 garbage-first heap   total 198656K, used 177341K [0x00000000c0000000, 0x0000000100000000)
  region size 1024K, 63 young (64512K), 3 survivors (3072K)
 Metaspace       used 111606K, committed 112768K, reserved 557056K
  class space    used 11936K, committed 12480K, reserved 425984K
}
Event: 33.397 GC heap after
{Heap after GC invocations=44 (full 0):
 garbage-first heap   total 198656K, used 109450K [0x00000000c0000000, 0x0000000100000000)
  region size 1024K, 8 young (8192K), 8 survivors (8192K)
 Metaspace       used 111606K, committed 112768K, reserved 557056K
  class space    used 11936K, committed 12480K, reserved 425984K
}
Event: 34.052 GC heap before
{Heap before GC invocations=44 (full 0):
 garbage-first heap   total 198656K, used 169866K [0x00000000c0000000, 0x0000000100000000)
  region size 1024K, 67 young (68608K), 8 survivors (8192K)
 Metaspace       used 112385K, committed 113600K, reserved 557056K
  class space    used 11992K, committed 12608K, reserved 425984K
}
Event: 34.070 GC heap after
{Heap after GC invocations=45 (full 0):
 garbage-first heap   total 198656K, used 106545K [0x00000000c0000000, 0x0000000100000000)
  region size 1024K, 5 young (5120K), 5 survivors (5120K)
 Metaspace       used 112385K, committed 113600K, reserved 557056K
  class space    used 11992K, committed 12608K, reserved 425984K
}
Event: 36.062 GC heap before
{Heap before GC invocations=45 (full 0):
 garbage-first heap   total 198656K, used 173105K [0x00000000c0000000, 0x0000000100000000)
  region size 1024K, 69 young (70656K), 5 survivors (5120K)
 Metaspace       used 122631K, committed 123968K, reserved 557056K
  class space    used 13379K, committed 14016K, reserved 425984K
}
Event: 36.071 GC heap after
{Heap after GC invocations=46 (full 0):
 garbage-first heap   total 198656K, used 117760K [0x00000000c0000000, 0x0000000100000000)
  region size 1024K, 9 young (9216K), 9 survivors (9216K)
 Metaspace       used 122631K, committed 123968K, reserved 557056K
  class space    used 13379K, committed 14016K, reserved 425984K
}
Event: 37.496 GC heap before
{Heap before GC invocations=46 (full 0):
 garbage-first heap   total 198656K, used 173056K [0x00000000c0000000, 0x0000000100000000)
  region size 1024K, 63 young (64512K), 9 survivors (9216K)
 Metaspace       used 132249K, committed 133632K, reserved 557056K
  class space    used 14689K, committed 15360K, reserved 425984K
}
Event: 37.511 GC heap after
{Heap after GC invocations=47 (full 0):
 garbage-first heap   total 198656K, used 122276K [0x00000000c0000000, 0x0000000100000000)
  region size 1024K, 4 young (4096K), 4 survivors (4096K)
 Metaspace       used 132249K, committed 133632K, reserved 557056K
  class space    used 14689K, committed 15360K, reserved 425984K
}

Dll operation events (8 events):
Event: 0.006 Loaded shared library D:\mailon\Java\jdk-21.0.10\bin\java.dll
Event: 0.030 Loaded shared library D:\mailon\Java\jdk-21.0.10\bin\jsvml.dll
Event: 0.054 Loaded shared library D:\mailon\Java\jdk-21.0.10\bin\net.dll
Event: 0.056 Loaded shared library D:\mailon\Java\jdk-21.0.10\bin\nio.dll
Event: 0.075 Loaded shared library D:\mailon\Java\jdk-21.0.10\bin\zip.dll
Event: 0.860 Loaded shared library D:\mailon\Java\jdk-21.0.10\bin\jimage.dll
Event: 0.880 Loaded shared library D:\mailon\Usuario\Desktop\apache-maven-3.9.14-bin (1)\apache-maven-3.9.14\lib\jansi-native\Windows\x86_64\jansi.dll
Event: 0.888 Loaded shared library D:\mailon\Java\jdk-21.0.10\bin\verify.dll

Deoptimization events (20 events):
Event: 36.720 Thread 0x00000226c6a72e90 DEOPT PACKING pc=0x00000226d90f191c sp=0x000000e4110fa6d0
Event: 36.720 Thread 0x00000226c6a72e90 DEOPT UNPACKING pc=0x00000226d80c46a2 sp=0x000000e4110fa648 mode 2
Event: 36.784 Thread 0x00000226c6a72e90 Uncommon trap: trap_request=0xffffffde fr.pc=0x00000226d90f191c relative=0x000000000000007c
Event: 36.784 Thread 0x00000226c6a72e90 Uncommon trap: reason=class_check action=maybe_recompile pc=0x00000226d90f191c method=java.util.LinkedHashMap.afterNodeInsertion(Z)V @ 15 c2
Event: 36.784 Thread 0x00000226c6a72e90 DEOPT PACKING pc=0x00000226d90f191c sp=0x000000e4110faad0
Event: 36.784 Thread 0x00000226c6a72e90 DEOPT UNPACKING pc=0x00000226d80c46a2 sp=0x000000e4110faa48 mode 2
Event: 36.784 Thread 0x00000226c6a72e90 Uncommon trap: trap_request=0xffffffde fr.pc=0x00000226d90f191c relative=0x000000000000007c
Event: 36.784 Thread 0x00000226c6a72e90 Uncommon trap: reason=class_check action=maybe_recompile pc=0x00000226d90f191c method=java.util.LinkedHashMap.afterNodeInsertion(Z)V @ 15 c2
Event: 36.784 Thread 0x00000226c6a72e90 DEOPT PACKING pc=0x00000226d90f191c sp=0x000000e4110faad0
Event: 36.784 Thread 0x00000226c6a72e90 DEOPT UNPACKING pc=0x00000226d80c46a2 sp=0x000000e4110faa48 mode 2
Event: 36.784 Thread 0x00000226c6a72e90 Uncommon trap: trap_request=0xffffffde fr.pc=0x00000226d90f191c relative=0x000000000000007c
Event: 36.784 Thread 0x00000226c6a72e90 Uncommon trap: reason=class_check action=maybe_recompile pc=0x00000226d90f191c method=java.util.LinkedHashMap.afterNodeInsertion(Z)V @ 15 c2
Event: 36.784 Thread 0x00000226c6a72e90 DEOPT PACKING pc=0x00000226d90f191c sp=0x000000e4110faad0
Event: 36.784 Thread 0x00000226c6a72e90 DEOPT UNPACKING pc=0x00000226d80c46a2 sp=0x000000e4110faa48 mode 2
Event: 37.247 Thread 0x00000226c6a72e90 DEOPT PACKING pc=0x00000226d2cb9053 sp=0x000000e4110fa150
Event: 37.247 Thread 0x00000226c6a72e90 DEOPT UNPACKING pc=0x00000226d80c4e42 sp=0x000000e4110f95c0 mode 0
Event: 37.335 Thread 0x00000226b228b700 Uncommon trap: trap_request=0xffffff76 fr.pc=0x00000226d8e222d0 relative=0x0000000000000190
Event: 37.335 Thread 0x00000226b228b700 Uncommon trap: reason=predicate action=maybe_recompile pc=0x00000226d8e222d0 method=java.util.Arrays.binarySearch0([Ljava/lang/Object;IILjava/lang/Object;)I @ 12 c2
Event: 37.335 Thread 0x00000226b228b700 DEOPT PACKING pc=0x00000226d8e222d0 sp=0x000000e412dfe2b0
Event: 37.335 Thread 0x00000226b228b700 DEOPT UNPACKING pc=0x00000226d80c46a2 sp=0x000000e412dfe240 mode 2

Classes loaded (20 events):
Event: 37.229 Loading class com/sun/org/apache/xalan/internal/utils/FeaturePropertyBase$State
Event: 37.229 Loading class com/sun/org/apache/xalan/internal/utils/FeaturePropertyBase$State done
Event: 37.229 Loading class com/sun/org/apache/xalan/internal/utils/XMLSecurityPropertyManager$Property
Event: 37.230 Loading class com/sun/org/apache/xalan/internal/utils/XMLSecurityPropertyManager$Property done
Event: 37.230 Loading class jdk/xml/internal/XMLSecurityManager
Event: 37.232 Loading class jdk/xml/internal/XMLSecurityManager done
Event: 37.232 Loading class jdk/xml/internal/XMLSecurityManager$Limit
Event: 37.232 Loading class jdk/xml/internal/XMLSecurityManager$Limit done
Event: 37.233 Loading class jdk/xml/internal/XMLSecurityManager$Processor
Event: 37.233 Loading class jdk/xml/internal/XMLSecurityManager$Processor done
Event: 37.233 Loading class jdk/xml/internal/XMLSecurityManager$NameMap
Event: 37.233 Loading class jdk/xml/internal/XMLSecurityManager$NameMap done
Event: 37.233 Loading class jdk/xml/internal/JdkProperty
Event: 37.233 Loading class jdk/xml/internal/JdkProperty done
Event: 37.322 Loading class java/beans/Transient
Event: 37.322 Loading class java/beans/Transient done
Event: 37.322 Loading class java/beans/ConstructorProperties
Event: 37.323 Loading class java/beans/ConstructorProperties done
Event: 37.368 Loading class java/io/CharArrayReader
Event: 37.369 Loading class java/io/CharArrayReader done

Classes unloaded (20 events):
Event: 37.603 Thread 0x00000226e429a5f0 Unloading class 0x0000022681bfeeb0 'lombok/javac/apt/MessagerDiagnosticsReceiver'
Event: 37.603 Thread 0x00000226e429a5f0 Unloading class 0x0000022681bfeaf0 'lombok/javac/apt/InterceptingJavaFileManager'
Event: 37.603 Thread 0x00000226e429a5f0 Unloading class 0x0000022681bfe8f0 'lombok/permit/dummy/Parent'
Event: 37.603 Thread 0x00000226e429a5f0 Unloading class 0x0000022681bfe6e0 'lombok/core/CleanupRegistry'
Event: 37.603 Thread 0x00000226e429a5f0 Unloading class 0x0000022681bfe4e0 'lombok/permit/Permit$Fake'
Event: 37.603 Thread 0x00000226e429a5f0 Unloading class 0x0000022681bfe2e8 'lombok/permit/Permit'
Event: 37.603 Thread 0x00000226e429a5f0 Unloading class 0x0000022681bfdd58 'lombok/core/DiagnosticsReceiver'
Event: 37.603 Thread 0x00000226e429a5f0 Unloading class 0x0000022681bfe000 'lombok/javac/apt/LombokProcessor$1'
Event: 37.603 Thread 0x00000226e429a5f0 Unloading class 0x0000022681bfdac8 'lombok/javac/apt/LombokProcessor'
Event: 37.603 Thread 0x00000226e429a5f0 Unloading class 0x0000022681bfd8a0 'lombok/core/AnnotationProcessor$EcjDescriptor'
Event: 37.603 Thread 0x00000226e429a5f0 Unloading class 0x0000022681bfd670 'lombok/core/AnnotationProcessor$JavacDescriptor'
Event: 37.603 Thread 0x00000226e429a5f0 Unloading class 0x0000022681bfd278 'lombok/core/AnnotationProcessor$ProcessorDescriptor'
Event: 37.603 Thread 0x00000226e429a5f0 Unloading class 0x0000022681bfd000 'lombok/core/AnnotationProcessor'
Event: 37.603 Thread 0x00000226e429a5f0 Unloading class 0x0000022681c28000 'lombok/launch/AnnotationProcessorHider$ClaimingProcessor'
Event: 37.603 Thread 0x00000226e429a5f0 Unloading class 0x0000022681bfcc00 'lombok/launch/AnnotationProcessorHider$AstModificationNotifierData'
Event: 37.603 Thread 0x00000226e429a5f0 Unloading class 0x0000022681bfc988 'lombok/launch/ClassFileMetaData'
Event: 37.603 Thread 0x00000226e429a5f0 Unloading class 0x0000022681bfc778 'lombok/launch/PackageShader'
Event: 37.603 Thread 0x00000226e429a5f0 Unloading class 0x0000022681bfc470 'lombok/launch/ShadowClassLoader'
Event: 37.603 Thread 0x00000226e429a5f0 Unloading class 0x0000022681bfc278 'lombok/launch/Main'
Event: 37.603 Thread 0x00000226e429a5f0 Unloading class 0x0000022681bfc000 'lombok/launch/AnnotationProcessorHider$AnnotationProcessor'

Classes redefined (0 events):
No events

Internal exceptions (20 events):
Event: 34.859 Thread 0x00000226c6a72e90 Exception <a 'java/lang/NoSuchMethodError'{0x00000000c9f8f0c0}: 'void java.lang.invoke.DirectMethodHandle$Holder.invokeStaticInit(java.lang.Object, java.lang.Object, java.lang.Object, java.lang.Object)'> (0x00000000c9f8f0c0) 
thrown [s\open\src\hotspot\share\interpreter\linkResolver.cpp, line 773]
Event: 34.887 Thread 0x00000226c6a72e90 Implicit null exception at 0x00000226d8ee6b44 to 0x00000226d8ee6cc0
Event: 34.998 Thread 0x00000226c6a72e90 Exception <a 'java/lang/ClassNotFoundException'{0x00000000c9b9f868}: javax/smartcardio/CardPermission> (0x00000000c9b9f868) 
thrown [s\open\src\hotspot\share\classfile\systemDictionary.cpp, line 312]
Event: 35.011 Thread 0x00000226c6a72e90 Exception <a 'java/io/FileNotFoundException'{0x00000000c9bae6e0}> (0x00000000c9bae6e0) 
thrown [s\open\src\hotspot\share\prims\jni.cpp, line 520]
Event: 35.027 Thread 0x00000226c6a72e90 Exception <a 'java/lang/NoSuchMethodError'{0x00000000c9a37360}: 'java.lang.Object java.lang.invoke.Invokers$Holder.linkToTargetMethod(java.lang.Object, long, java.lang.Object, java.lang.Object)'> (0x00000000c9a37360) 
thrown [s\open\src\hotspot\share\interpreter\linkResolver.cpp, line 773]
Event: 35.324 Thread 0x00000226c6a72e90 Exception <a 'java/lang/IncompatibleClassChangeError'{0x00000000c91b9218}: Found class java.lang.Object, but interface was expected> (0x00000000c91b9218) 
thrown [s\open\src\hotspot\share\interpreter\linkResolver.cpp, line 840]
Event: 35.787 Thread 0x00000226c6a72e90 Exception <a 'java/lang/NoSuchMethodError'{0x00000000c8449d50}: 'java.lang.Object java.lang.invoke.DirectMethodHandle$Holder.invokeInterface(java.lang.Object, java.lang.Object, java.lang.Object, java.lang.Object)'> (0x00000000c8449d50) 
thrown [s\open\src\hotspot\share\interpreter\linkResolver.cpp, line 773]
Event: 35.798 Thread 0x00000226c6a72e90 Exception <a 'java/lang/NoSuchMethodError'{0x00000000c849d590}: 'java.lang.Object java.lang.invoke.DirectMethodHandle$Holder.invokeInterface(java.lang.Object, java.lang.Object, java.lang.Object, java.lang.Object, java.lang.Object)'> (0x00000000c849d590) 
thrown [s\open\src\hotspot\share\interpreter\linkResolver.cpp, line 773]
Event: 35.798 Thread 0x00000226c6a72e90 Exception <a 'java/lang/IncompatibleClassChangeError'{0x00000000c84a1090}: Found class java.lang.Object, but interface was expected> (0x00000000c84a1090) 
thrown [s\open\src\hotspot\share\interpreter\linkResolver.cpp, line 840]
Event: 35.978 Thread 0x00000226c6a72e90 Exception <a 'java/lang/IncompatibleClassChangeError'{0x00000000c7c906f0}: Found class java.lang.Object, but interface was expected> (0x00000000c7c906f0) 
thrown [s\open\src\hotspot\share\interpreter\linkResolver.cpp, line 840]
Event: 36.005 Thread 0x00000226c6a72e90 Exception <a 'sun/nio/fs/WindowsException'{0x00000000c7ce2e18}> (0x00000000c7ce2e18) 
thrown [s\open\src\hotspot\share\prims\jni.cpp, line 520]
Event: 36.076 Thread 0x00000226c6a72e90 Exception <a 'java/lang/NoSuchMethodError'{0x00000000fff1c9e8}: 'java.lang.Object java.lang.invoke.DirectMethodHandle$Holder.newInvokeSpecial(java.lang.Object, java.lang.Object, java.lang.Object, java.lang.Object, java.lang.Object, java.lang.Object, int)'> (0x00000000fff1c9e8) 
thrown [s\open\src\hotspot\share\interpreter\linkResolver.cpp, line 773]
Event: 36.077 Thread 0x00000226c6a72e90 Exception <a 'java/lang/NoSuchMethodError'{0x00000000fff215a0}: 'java.lang.Object java.lang.invoke.DirectMethodHandle$Holder.invokeSpecial(java.lang.Object, java.lang.Object, java.lang.Object, java.lang.Object, java.lang.Object, java.lang.Object, java.lang.Object, int)'> (0x00000000fff215a0) 
thrown [s\open\src\hotspot\share\interpreter\linkResolver.cpp, line 773]
Event: 36.077 Thread 0x00000226c6a72e90 Exception <a 'java/lang/NoSuchMethodError'{0x00000000fff25bc0}: 'java.lang.Object java.lang.invoke.Invokers$Holder.linkToTargetMethod(java.lang.Object, java.lang.Object, java.lang.Object, java.lang.Object, java.lang.Object, int, java.lang.Object)'> (0x00000000fff25bc0) 
thrown [s\open\src\hotspot\share\interpreter\linkResolver.cpp, line 773]
Event: 36.292 Thread 0x00000226c6a72e90 Exception <a 'java/lang/NoSuchMethodError'{0x00000000ff72cd00}: 'java.lang.Object java.lang.invoke.DirectMethodHandle$Holder.newInvokeSpecial(java.lang.Object, java.lang.Object, java.lang.Object, int, java.lang.Object)'> (0x00000000ff72cd00) 
thrown [s\open\src\hotspot\share\interpreter\linkResolver.cpp, line 773]
Event: 36.292 Thread 0x00000226c6a72e90 Exception <a 'java/lang/NoSuchMethodError'{0x00000000ff734590}: 'java.lang.Object java.lang.invoke.Invokers$Holder.linkToTargetMethod(java.lang.Object, java.lang.Object, int, java.lang.Object, java.lang.Object)'> (0x00000000ff734590) 
thrown [s\open\src\hotspot\share\interpreter\linkResolver.cpp, line 773]
Event: 36.462 Thread 0x00000226c6a72e90 Exception <a 'java/lang/NoSuchMethodError'{0x00000000ff2f16a0}: 'java.lang.reflect.Field[] java.lang.Class.getDeclaredFields(java.lang.Class)'> (0x00000000ff2f16a0) 
thrown [s\open\src\hotspot\share\interpreter\linkResolver.cpp, line 773]
Event: 36.464 Thread 0x00000226b228b700 Implicit null exception at 0x00000226d8816828 to 0x00000226d88168f4
Event: 36.496 Thread 0x00000226c6a72e90 Exception <a 'java/lang/IncompatibleClassChangeError'{0x00000000caf54b08}: Found class java.lang.Object, but interface was expected> (0x00000000caf54b08) 
thrown [s\open\src\hotspot\share\interpreter\linkResolver.cpp, line 840]
Event: 36.513 Thread 0x00000226c6a72e90 Exception <a 'java/lang/NoSuchMethodError'{0x00000000caf7d330}: 'java.lang.Object java.lang.invoke.DirectMethodHandle$Holder.invokeStaticInit(java.lang.Object, int, java.lang.Object)'> (0x00000000caf7d330) 
thrown [s\open\src\hotspot\share\interpreter\linkResolver.cpp, line 773]

ZGC Phase Switch (0 events):
No events

VM Operations (20 events):
Event: 36.199 Executing VM operation: HandshakeAllThreads (Deoptimize) done
Event: 36.265 Executing VM operation: HandshakeAllThreads (Deoptimize)
Event: 36.265 Executing VM operation: HandshakeAllThreads (Deoptimize) done
Event: 36.337 Executing VM operation: HandshakeAllThreads (Deoptimize)
Event: 36.337 Executing VM operation: HandshakeAllThreads (Deoptimize) done
Event: 36.694 Executing VM operation: HandshakeAllThreads (Deoptimize)
Event: 36.694 Executing VM operation: HandshakeAllThreads (Deoptimize) done
Event: 36.911 Executing VM operation: HandshakeAllThreads (Deoptimize)
Event: 36.912 Executing VM operation: HandshakeAllThreads (Deoptimize) done
Event: 37.038 Executing VM operation: HandshakeAllThreads (Deoptimize)
Event: 37.038 Executing VM operation: HandshakeAllThreads (Deoptimize) done
Event: 37.071 Executing VM operation: HandshakeAllThreads (Deoptimize)
Event: 37.071 Executing VM operation: HandshakeAllThreads (Deoptimize) done
Event: 37.086 Executing VM operation: HandshakeAllThreads (Deoptimize)
Event: 37.086 Executing VM operation: HandshakeAllThreads (Deoptimize) done
Event: 37.086 Executing VM operation: Cleanup
Event: 37.086 Executing VM operation: Cleanup done
Event: 37.496 Executing VM operation: G1CollectForAllocation (G1 Evacuation Pause)
Event: 37.511 Executing VM operation: G1CollectForAllocation (G1 Evacuation Pause) done
Event: 37.601 Executing VM operation: G1PauseRemark

Events (20 events):
Event: 37.637 Thread 0x00000226e429a5f0 flushing nmethod 0x00000226d2724a90
Event: 37.637 Thread 0x00000226e429a5f0 flushing nmethod 0x00000226d2732d10
Event: 37.637 Thread 0x00000226e429a5f0 flushing nmethod 0x00000226d27ba910
Event: 37.637 Thread 0x00000226e429a5f0 flushing nmethod 0x00000226d29e6010
Event: 37.637 Thread 0x00000226e429a5f0 flushing nmethod 0x00000226d2a84510
Event: 37.637 Thread 0x00000226e429a5f0 flushing nmethod 0x00000226d2a8b190
Event: 37.637 Thread 0x00000226e429a5f0 flushing nmethod 0x00000226d2e66690
Event: 37.637 Thread 0x00000226e429a5f0 flushing nmethod 0x00000226d2f43810
Event: 37.637 Thread 0x00000226e429a5f0 flushing nmethod 0x00000226d2f61d90
Event: 37.637 Thread 0x00000226e429a5f0 flushing nmethod 0x00000226d2f6a990
Event: 37.637 Thread 0x00000226e429a5f0 flushing nmethod 0x00000226d2f78f90
Event: 37.637 Thread 0x00000226e429a5f0 flushing nmethod 0x00000226d2f79390
Event: 37.637 Thread 0x00000226e429a5f0 flushing nmethod 0x00000226d2f7a110
Event: 37.637 Thread 0x00000226e429a5f0 flushing nmethod 0x00000226d31be910
Event: 37.637 Thread 0x00000226e429a5f0 flushing nmethod 0x00000226d34a5310
Event: 37.637 Thread 0x00000226e429a5f0 flushing nmethod 0x00000226d34a5a90
Event: 37.637 Thread 0x00000226e429a5f0 flushing nmethod 0x00000226d34a5e10
Event: 37.637 Thread 0x00000226e429a5f0 flushing nmethod 0x00000226d34a6210
Event: 37.637 Thread 0x00000226e429a5f0 flushing nmethod 0x00000226d34a6610
Event: 37.637 Thread 0x00000226e429a5f0 flushing nmethod 0x00000226d352a010


Dynamic libraries:
0x00007ff75e160000 - 0x00007ff75e170000 	D:\mailon\Java\jdk-21.0.10\bin\java.exe
0x00007ffe20340000 - 0x00007ffe205a7000 	C:\WINDOWS\SYSTEM32\ntdll.dll
0x00007ffe1f710000 - 0x00007ffe1f7d9000 	C:\WINDOWS\System32\KERNEL32.DLL
0x00007ffe1ce40000 - 0x00007ffe1d234000 	C:\WINDOWS\System32\KERNELBASE.dll
0x00007ffe1df80000 - 0x00007ffe1e0cb000 	C:\WINDOWS\System32\ucrtbase.dll
0x00007ffe175b0000 - 0x00007ffe175ce000 	D:\mailon\Java\jdk-21.0.10\bin\VCRUNTIME140.dll
0x00007ffe175d0000 - 0x00007ffe175e9000 	D:\mailon\Java\jdk-21.0.10\bin\jli.dll
0x00007ffe20240000 - 0x00007ffe202f6000 	C:\WINDOWS\System32\ADVAPI32.dll
0x00007ffe1f540000 - 0x00007ffe1f5e9000 	C:\WINDOWS\System32\msvcrt.dll
0x00007ffe1f7e0000 - 0x00007ffe1f887000 	C:\WINDOWS\System32\sechost.dll
0x00007ffe1f5f0000 - 0x00007ffe1f708000 	C:\WINDOWS\System32\RPCRT4.dll
0x00007ffe1ee10000 - 0x00007ffe1efd5000 	C:\WINDOWS\System32\USER32.dll
0x00007ffe1ce10000 - 0x00007ffe1ce37000 	C:\WINDOWS\System32\win32u.dll
0x00007ffe1f890000 - 0x00007ffe1f8bb000 	C:\WINDOWS\System32\GDI32.dll
0x00007ffe0c8f0000 - 0x00007ffe0cb83000 	C:\WINDOWS\WinSxS\amd64_microsoft.windows.common-controls_6595b64144ccf1df_6.0.26100.8115_none_3e075c82e3354f9c\COMCTL32.dll
0x00007ffe1dab0000 - 0x00007ffe1dbdb000 	C:\WINDOWS\System32\gdi32full.dll
0x00007ffe1ded0000 - 0x00007ffe1df73000 	C:\WINDOWS\System32\msvcp_win.dll
0x00007ffe16170000 - 0x00007ffe1617b000 	C:\WINDOWS\SYSTEM32\VERSION.dll
0x00007ffe1e170000 - 0x00007ffe1e1a2000 	C:\WINDOWS\System32\IMM32.DLL
0x00007ffe17510000 - 0x00007ffe1751c000 	D:\mailon\Java\jdk-21.0.10\bin\vcruntime140_1.dll
0x00007ffe02390000 - 0x00007ffe0241d000 	D:\mailon\Java\jdk-21.0.10\bin\msvcp140.dll
0x00007ffd68fa0000 - 0x00007ffd69cc7000 	D:\mailon\Java\jdk-21.0.10\bin\server\jvm.dll
0x00007ffe201b0000 - 0x00007ffe20230000 	C:\WINDOWS\System32\WS2_32.dll
0x00007ffe1ca90000 - 0x00007ffe1caee000 	C:\WINDOWS\SYSTEM32\POWRPROF.dll
0x00007ffdfca90000 - 0x00007ffdfcac6000 	C:\WINDOWS\SYSTEM32\WINMM.dll
0x00007ffe1ca70000 - 0x00007ffe1ca84000 	C:\WINDOWS\SYSTEM32\UMPDC.dll
0x00007ffe1b970000 - 0x00007ffe1b98b000 	C:\WINDOWS\SYSTEM32\kernel.appcore.dll
0x00007ffe17500000 - 0x00007ffe1750a000 	D:\mailon\Java\jdk-21.0.10\bin\jimage.dll
0x00007ffe0d0b0000 - 0x00007ffe0d2f2000 	C:\WINDOWS\SYSTEM32\DBGHELP.DLL
0x00007ffe1e7e0000 - 0x00007ffe1eb62000 	C:\WINDOWS\System32\combase.dll
0x00007ffe1f0d0000 - 0x00007ffe1f1a8000 	C:\WINDOWS\System32\OLEAUT32.dll
0x00007ffe033e0000 - 0x00007ffe0341b000 	C:\WINDOWS\SYSTEM32\dbgcore.DLL
0x00007ffe1dd60000 - 0x00007ffe1de05000 	C:\WINDOWS\System32\bcryptPrimitives.dll
0x00007ffe10450000 - 0x00007ffe10471000 	D:\mailon\Java\jdk-21.0.10\bin\java.dll
0x00007ffe1fa40000 - 0x00007ffe201a7000 	C:\WINDOWS\System32\SHELL32.dll
0x00007ffe1cc10000 - 0x00007ffe1cd7a000 	C:\WINDOWS\System32\wintypes.dll
0x00007ffe1d240000 - 0x00007ffe1daa8000 	C:\WINDOWS\System32\windows.storage.dll
0x00007ffe1f220000 - 0x00007ffe1f318000 	C:\WINDOWS\System32\SHCORE.dll
0x00007ffe1f9d0000 - 0x00007ffe1fa36000 	C:\WINDOWS\System32\shlwapi.dll
0x00007ffe1cb30000 - 0x00007ffe1cb59000 	C:\WINDOWS\SYSTEM32\profapi.dll
0x00007ffe00160000 - 0x00007ffe00237000 	D:\mailon\Java\jdk-21.0.10\bin\jsvml.dll
0x00007ffe10380000 - 0x00007ffe10391000 	D:\mailon\Java\jdk-21.0.10\bin\net.dll
0x00007ffe15b50000 - 0x00007ffe15c7d000 	C:\WINDOWS\SYSTEM32\WINHTTP.dll
0x00007ffe1bed0000 - 0x00007ffe1bf3c000 	C:\WINDOWS\system32\mswsock.dll
0x00007ffe0e890000 - 0x00007ffe0e8a6000 	D:\mailon\Java\jdk-21.0.10\bin\nio.dll
0x00007ffe0e870000 - 0x00007ffe0e888000 	D:\mailon\Java\jdk-21.0.10\bin\zip.dll
0x00007ffe05cc0000 - 0x00007ffe05ce4000 	D:\mailon\Usuario\Desktop\apache-maven-3.9.14-bin (1)\apache-maven-3.9.14\lib\jansi-native\Windows\x86_64\jansi.dll
0x00007ffe17490000 - 0x00007ffe174a0000 	D:\mailon\Java\jdk-21.0.10\bin\verify.dll
0x00007ffe1ba90000 - 0x00007ffe1bac6000 	C:\WINDOWS\SYSTEM32\ntmarta.dll

dbghelp: loaded successfully - version: 4.0.5 - missing functions: none
symbol engine: initialized successfully - sym options: 0x614 - pdb path: .;D:\mailon\Java\jdk-21.0.10\bin;C:\WINDOWS\SYSTEM32;C:\WINDOWS\WinSxS\amd64_microsoft.windows.common-controls_6595b64144ccf1df_6.0.26100.8115_none_3e075c82e3354f9c;D:\mailon\Java\jdk-21.0.10\bin\server;D:\mailon\Usuario\Desktop\apache-maven-3.9.14-bin (1)\apache-maven-3.9.14\lib\jansi-native\Windows\x86_64

VM Arguments:
jvm_args: --add-opens=java.base/java.lang=ALL-UNNAMED --enable-native-access=ALL-UNNAMED -Xmx1024m -XX:MaxMetaspaceSize=512m -Dclassworlds.conf=D:/mailon/Usuario/Desktop/apache-maven-3.9.14-bin (1)/apache-maven-3.9.14/bin/m2.conf -Dmaven.home=D:/mailon/Usuario/Desktop/apache-maven-3.9.14-bin (1)/apache-maven-3.9.14 -Dlibrary.jansi.path=D:/mailon/Usuario/Desktop/apache-maven-3.9.14-bin (1)/apache-maven-3.9.14/lib/jansi-native -Dmaven.multiModuleProjectDirectory=D:/mailon/Usuario/Desktop/Smartwallet 
java_command: org.codehaus.plexus.classworlds.launcher.Launcher clean test
java_class_path (initial): D:/mailon/Usuario/Desktop/apache-maven-3.9.14-bin (1)/apache-maven-3.9.14/boot/plexus-classworlds-2.9.0.jar
Launcher Type: SUN_STANDARD

[Global flags]
     intx CICompilerCount                          = 4                                         {product} {ergonomic}
   size_t CompressedClassSpaceSize                 = 436207616                                 {product} {ergonomic}
     uint ConcGCThreads                            = 2                                         {product} {ergonomic}
     uint G1ConcRefinementThreads                  = 8                                         {product} {ergonomic}
   size_t G1HeapRegionSize                         = 1048576                                   {product} {ergonomic}
    uintx GCDrainStackTargetSize                   = 64                                        {product} {ergonomic}
   size_t InitialHeapSize                          = 132120576                                 {product} {ergonomic}
   size_t MarkStackSize                            = 4194304                                   {product} {ergonomic}
   size_t MaxHeapSize                              = 1073741824                                {product} {command line}
   size_t MaxMetaspaceSize                         = 536870912                                 {product} {command line}
   size_t MaxNewSize                               = 643825664                                 {product} {ergonomic}
   size_t MinHeapDeltaBytes                        = 1048576                                   {product} {ergonomic}
   size_t MinHeapSize                              = 8388608                                   {product} {ergonomic}
    uintx NonNMethodCodeHeapSize                   = 5839372                                {pd product} {ergonomic}
    uintx NonProfiledCodeHeapSize                  = 122909434                              {pd product} {ergonomic}
    uintx ProfiledCodeHeapSize                     = 122909434                              {pd product} {ergonomic}
    uintx ReservedCodeCacheSize                    = 251658240                              {pd product} {ergonomic}
     bool SegmentedCodeCache                       = true                                      {product} {ergonomic}
   size_t SoftMaxHeapSize                          = 1073741824                             {manageable} {ergonomic}
     bool UseCompressedOops                        = true                           {product lp64_product} {ergonomic}
     bool UseG1GC                                  = true                                      {product} {ergonomic}
     bool UseLargePagesIndividualAllocation        = false                                  {pd product} {ergonomic}

Logging:
Log output configuration:
 #0: stdout all=warning uptime,level,tags foldmultilines=false
 #1: stderr all=off uptime,level,tags foldmultilines=false

Environment Variables:
JAVA_HOME=D:/mailon/Java/jdk-21.0.10
PATH=D:\Program Files\Git\mingw64\bin;D:\Program Files\Git\usr\bin;C:\Users\Usuario\bin;C:\Program Files\Common Files\Oracle\Java\javapath;C:\WINDOWS\system32;C:\WINDOWS;C:\WINDOWS\System32\Wbem;C:\WINDOWS\System32\WindowsPowerShell\v1.0;C:\WINDOWS\System32\OpenSSH;D:\Program Files\nodejs;D:\mailon\Usuario\Desktop\apache-maven-3.9.14-bin (1)\apache-maven-3.9.14\bin;D:\Program Files\Git\cmd;C:\Users\Usuario\AppData\Local\Programs\Trae\bin;D:\mailon\Usuario\Downloads\ffmpeg-8.0.1-essentials_build\ffmpeg-8.0.1-essentials_build\bin;D:\mailon\Usuario\Desktop\apache-maven-3.9.14-bin (1)\apache-maven-3.9.14\bin;C:\Users\Usuario\AppData\Roaming\npm
USERNAME=Usuario
TERM=xterm-256color
OS=Windows_NT
PROCESSOR_IDENTIFIER=Intel64 Family 6 Model 142 Stepping 12, GenuineIntel
TMP=C:\Users\Usuario\AppData\Local\Temp
TEMP=C:\Users\Usuario\AppData\Local\Temp




Periodic native trim disabled

---------------  S Y S T E M  ---------------

OS:
 Windows 11 , 64 bit Build 26100 (10.0.26100.8246)
OS uptime: 4 days 19:23 hours
Hyper-V role detected

CPU: total 8 (initial active 8) (4 cores per cpu, 2 threads per core) family 6 model 142 stepping 12 microcode 0xde, cx8, cmov, fxsr, ht, mmx, 3dnowpref, sse, sse2, sse3, ssse3, sse4.1, sse4.2, popcnt, lzcnt, tsc, tscinvbit, avx, avx2, aes, erms, clmul, bmi1, bmi2, adx, fma, vzeroupper, clflush, clflushopt, hv, rdtscp, f16c
Processor Information for all 8 processors :
  Max Mhz: 1800, Current Mhz: 1600, Mhz Limit: 1584

Memory: 4k page, system-wide physical 8040M (477M free)
TotalPageFile size 32616M (AvailPageFile size 10M)
current process WorkingSet (physical memory assigned to process): 557M, peak: 557M
current process commit charge ("private bytes"): 584M, peak: 594M

vm_info: Java HotSpot(TM) 64-Bit Server VM (21.0.10+8-LTS-217) for windows-amd64 JRE (21.0.10+8-LTS-217), built on 2025-12-18T14:59:28Z by "mach5run" with MS VC++ 17.13 (VS2022)

END.
