#
# There is insufficient memory for the Java Runtime Environment to continue.
# Native memory allocation (malloc) failed to allocate 1107408 bytes for Chunk::new
# Possible reasons:
#   The system is out of physical RAM or swap space
#   The process is running with CompressedOops enabled, and the Java Heap may be blocking the growth of the native heap
# Possible solutions:
#   Reduce memory load on the system
#   Increase physical memory or swap space
#   Check if swap backing store is full
#   Decrease Java heap size (-Xmx/-Xms)
#   Decrease number of Java threads
#   Decrease Java thread stack sizes (-Xss)
#   Set larger code cache with -XX:ReservedCodeCacheSize=
#   JVM is running with Unscaled Compressed Oops mode in which the Java heap is
#     placed in the first 4GB address space. The Java Heap base address is the
#     maximum limit for the native heap growth. Please use -XX:HeapBaseMinAddress
#     to set the Java Heap base and to place the Java Heap above 4GB virtual address.
# This output file may be truncated or incomplete.
#
#  Out of Memory Error (arena.cpp:168), pid=21572, tid=24620
#
# JRE version: Java(TM) SE Runtime Environment (21.0.10+8) (build 21.0.10+8-LTS-217)
# Java VM: Java HotSpot(TM) 64-Bit Server VM (21.0.10+8-LTS-217, mixed mode, sharing, tiered, compressed oops, compressed class ptrs, g1 gc, windows-amd64)
# No core dump will be written. Minidumps are not enabled by default on client versions of Windows
#

---------------  S U M M A R Y ------------

Command Line: --add-opens=java.base/java.lang=ALL-UNNAMED --enable-native-access=ALL-UNNAMED -Dclassworlds.conf=D:/mailon/Usuario/Desktop/apache-maven-3.9.14-bin (1)/apache-maven-3.9.14/bin/m2.conf -Dmaven.home=D:/mailon/Usuario/Desktop/apache-maven-3.9.14-bin (1)/apache-maven-3.9.14 -Dlibrary.jansi.path=D:/mailon/Usuario/Desktop/apache-maven-3.9.14-bin (1)/apache-maven-3.9.14/lib/jansi-native -Dmaven.multiModuleProjectDirectory=D:/mailon/Usuario/Desktop/Smartwallet org.codehaus.plexus.classworlds.launcher.Launcher clean test

Host: Intel(R) Core(TM) i5-8265U CPU @ 1.60GHz, 8 cores, 7G,  Windows 11 , 64 bit Build 26100 (10.0.26100.8246)
Time: Thu Apr 23 05:12:16 2026 Hora oficial do Brasil elapsed time: 35.424462 seconds (0d 0h 0m 35s)

---------------  T H R E A D  ---------------

Current thread (0x0000022ba7bb30e0):  JavaThread "C2 CompilerThread1" daemon [_thread_in_native, id=24620, stack(0x000000d14c100000,0x000000d14c200000) (1024K)]


Current CompileTask:
C2:  35424 27002       4       com.sun.tools.javac.code.Symtab::enterClass (71 bytes)

Stack: [0x000000d14c100000,0x000000d14c200000]
Native frames: (J=compiled Java code, j=interpreted, Vv=VM code, C=native code)
V  [jvm.dll+0x6d0b59]
V  [jvm.dll+0x85fd56]
V  [jvm.dll+0x86224e]
V  [jvm.dll+0x862923]
V  [jvm.dll+0x282a16]
V  [jvm.dll+0xc662d]
V  [jvm.dll+0xc6b71]
V  [jvm.dll+0x3bbb5b]
V  [jvm.dll+0x387fd2]
V  [jvm.dll+0x38741a]
V  [jvm.dll+0x24b370]
V  [jvm.dll+0x24a94f]
V  [jvm.dll+0x1cacfe]
V  [jvm.dll+0x25a629]
V  [jvm.dll+0x258bb5]
V  [jvm.dll+0x3f4da1]
V  [jvm.dll+0x80a83d]
V  [jvm.dll+0x6cf3fd]
C  [ucrtbase.dll+0x37b0]
C  [KERNEL32.DLL+0x2e8d7]
C  [ntdll.dll+0x8c3fc]


---------------  P R O C E S S  ---------------

Threads class SMR info:
_java_thread_list=0x0000022ba20ba4b0, length=14, elements={
0x0000022b3d38f8c0, 0x0000022b5bfdc350, 0x0000022b5bfdedc0, 0x0000022b5bfe2970,
0x0000022b5bfe5120, 0x0000022b5bfe58c0, 0x0000022b5bfe6060, 0x0000022b5bfead60,
0x0000022b5bff5450, 0x0000022b5c27a3c0, 0x0000022b5c3201d0, 0x0000022ba299c000,
0x0000022ba3ab0380, 0x0000022ba7bb30e0
}

Java Threads: ( => current thread )
  0x0000022b3d38f8c0 JavaThread "main"                              [_thread_in_Java, id=13820, stack(0x000000d14af00000,0x000000d14b000000) (1024K)]
  0x0000022b5bfdc350 JavaThread "Reference Handler"          daemon [_thread_blocked, id=20068, stack(0x000000d14b700000,0x000000d14b800000) (1024K)]
  0x0000022b5bfdedc0 JavaThread "Finalizer"                  daemon [_thread_blocked, id=12748, stack(0x000000d14b800000,0x000000d14b900000) (1024K)]
  0x0000022b5bfe2970 JavaThread "Signal Dispatcher"          daemon [_thread_blocked, id=25908, stack(0x000000d14b900000,0x000000d14ba00000) (1024K)]
  0x0000022b5bfe5120 JavaThread "Attach Listener"            daemon [_thread_blocked, id=14420, stack(0x000000d14ba00000,0x000000d14bb00000) (1024K)]
  0x0000022b5bfe58c0 JavaThread "Service Thread"             daemon [_thread_blocked, id=21676, stack(0x000000d14bb00000,0x000000d14bc00000) (1024K)]
  0x0000022b5bfe6060 JavaThread "Monitor Deflation Thread"   daemon [_thread_blocked, id=28252, stack(0x000000d14bc00000,0x000000d14bd00000) (1024K)]
  0x0000022b5bfead60 JavaThread "C2 CompilerThread0"         daemon [_thread_in_native, id=17464, stack(0x000000d14bd00000,0x000000d14be00000) (1024K)]
  0x0000022b5bff5450 JavaThread "C1 CompilerThread0"         daemon [_thread_in_vm, id=29836, stack(0x000000d14be00000,0x000000d14bf00000) (1024K)]
  0x0000022b5c27a3c0 JavaThread "Notification Thread"        daemon [_thread_blocked, id=26180, stack(0x000000d14bf00000,0x000000d14c000000) (1024K)]
  0x0000022b5c3201d0 JavaThread "Common-Cleaner"             daemon [_thread_blocked, id=29052, stack(0x000000d14c000000,0x000000d14c100000) (1024K)]
  0x0000022ba299c000 JavaThread "Thread-1"                   daemon [_thread_blocked, id=19364, stack(0x000000d14ca00000,0x000000d14cb00000) (1024K)]
  0x0000022ba3ab0380 JavaThread "resolver-1"                 daemon [_thread_blocked, id=23124, stack(0x000000d14cc00000,0x000000d14cd00000) (1024K)]
=>0x0000022ba7bb30e0 JavaThread "C2 CompilerThread1"         daemon [_thread_in_native, id=24620, stack(0x000000d14c100000,0x000000d14c200000) (1024K)]
Total: 14

Other Threads:
  0x0000022b5bfbe860 VMThread "VM Thread"                           [id=15304, stack(0x000000d14b600000,0x000000d14b700000) (1024K)]
  0x0000022b5bfaa3a0 WatcherThread "VM Periodic Task Thread"        [id=12692, stack(0x000000d14b500000,0x000000d14b600000) (1024K)]
  0x0000022b3f69c800 WorkerThread "GC Thread#0"                     [id=30304, stack(0x000000d14b000000,0x000000d14b100000) (1024K)]
  0x0000022b5cd3e7c0 WorkerThread "GC Thread#1"                     [id=28848, stack(0x000000d14c300000,0x000000d14c400000) (1024K)]
  0x0000022b5cc5c340 WorkerThread "GC Thread#2"                     [id=24032, stack(0x000000d14c400000,0x000000d14c500000) (1024K)]
  0x0000022ba262ec60 WorkerThread "GC Thread#3"                     [id=816, stack(0x000000d14c500000,0x000000d14c600000) (1024K)]
  0x0000022ba2911620 WorkerThread "GC Thread#4"                     [id=24760, stack(0x000000d14c600000,0x000000d14c700000) (1024K)]
  0x0000022ba29119d0 WorkerThread "GC Thread#5"                     [id=5664, stack(0x000000d14c700000,0x000000d14c800000) (1024K)]
  0x0000022ba2911d80 WorkerThread "GC Thread#6"                     [id=5832, stack(0x000000d14c800000,0x000000d14c900000) (1024K)]
  0x0000022ba2916970 WorkerThread "GC Thread#7"                     [id=29132, stack(0x000000d14c900000,0x000000d14ca00000) (1024K)]
  0x0000022b3f6ad280 ConcurrentGCThread "G1 Main Marker"            [id=14376, stack(0x000000d14b100000,0x000000d14b200000) (1024K)]
  0x0000022b3f6adca0 WorkerThread "G1 Conc#0"                       [id=29296, stack(0x000000d14b200000,0x000000d14b300000) (1024K)]
  0x0000022ba339f440 WorkerThread "G1 Conc#1"                       [id=29700, stack(0x000000d14cb00000,0x000000d14cc00000) (1024K)]
  0x0000022b5be7efe0 ConcurrentGCThread "G1 Refine#0"               [id=28224, stack(0x000000d14b300000,0x000000d14b400000) (1024K)]
  0x0000022b5be7f810 ConcurrentGCThread "G1 Service"                [id=11824, stack(0x000000d14b400000,0x000000d14b500000) (1024K)]
Total: 15

Threads with active compile tasks:
C2 CompilerThread0    35627 27076       4       com.sun.tools.javac.code.ClassFinder::includeClassFile (307 bytes)
C1 CompilerThread0    35627 27613   !   2       com.sun.tools.javac.comp.Modules::addVisiblePackages (263 bytes)
C2 CompilerThread1    35627 27002       4       com.sun.tools.javac.code.Symtab::enterClass (71 bytes)
Total: 3

VM state: not at safepoint (normal execution)

VM Mutex/Monitor currently owned by a thread: None

Heap address: 0x0000000082400000, size: 2012 MB, Compressed Oops mode: 32-bit

CDS archive(s) mapped at: [0x0000022b5d000000-0x0000022b5dc90000-0x0000022b5dc90000), size 13172736, SharedBaseAddress: 0x0000022b5d000000, ArchiveRelocationMode: 1.
Compressed class space mapped at: 0x0000022b5e000000-0x0000022b9e000000, reserved size: 1073741824
Narrow klass base: 0x0000022b5d000000, Narrow klass shift: 0, Narrow klass range: 0x100000000

GC Precious Log:
 CardTable entry size: 512
 Card Set container configuration: InlinePtr #cards 5 size 8 Array Of Cards #cards 12 size 40 Howl #buckets 4 coarsen threshold 1843 Howl Bitmap #cards 512 size 80 coarsen threshold 460 Card regions per heap region 1 cards per card region 2048
 CPUs: 8 total, 8 available
 Memory: 8040M
 Large Page Support: Disabled
 NUMA Support: Disabled
 Compressed Oops: Enabled (32-bit)
 Heap Region Size: 1M
 Heap Min Capacity: 8M
 Heap Initial Capacity: 126M
 Heap Max Capacity: 2012M
 Pre-touch: Disabled
 Parallel Workers: 8
 Concurrent Workers: 2
 Concurrent Refinement Workers: 8
 Periodic GC: Disabled

Heap:
 garbage-first heap   total 238592K, used 163840K [0x0000000082400000, 0x0000000100000000)
  region size 1024K, 57 young (58368K), 10 survivors (10240K)
 Metaspace       used 111328K, committed 112512K, reserved 1179648K
  class space    used 11914K, committed 12480K, reserved 1048576K

Heap Regions: E=young(eden), S=young(survivor), O=old, HS=humongous(starts), HC=humongous(continues), CS=collection set, F=free, TAMS=top-at-mark-start, PB=parsable bottom
|   0|0x0000000082400000, 0x0000000082500000, 0x0000000082500000|100%| O|  |TAMS 0x0000000082400000| PB 0x0000000082400000| Untracked 
|   1|0x0000000082500000, 0x0000000082600000, 0x0000000082600000|100%| O|  |TAMS 0x0000000082500000| PB 0x0000000082500000| Untracked 
|   2|0x0000000082600000, 0x0000000082700000, 0x0000000082700000|100%| O|  |TAMS 0x0000000082600000| PB 0x0000000082600000| Untracked 
|   3|0x0000000082700000, 0x0000000082800000, 0x0000000082800000|100%| O|  |TAMS 0x0000000082700000| PB 0x0000000082700000| Untracked 
|   4|0x0000000082800000, 0x0000000082900000, 0x0000000082900000|100%| O|  |TAMS 0x0000000082800000| PB 0x0000000082800000| Untracked 
|   5|0x0000000082900000, 0x0000000082a00000, 0x0000000082a00000|100%| O|  |TAMS 0x0000000082900000| PB 0x0000000082900000| Untracked 
|   6|0x0000000082a00000, 0x0000000082b00000, 0x0000000082b00000|100%| O|  |TAMS 0x0000000082a00000| PB 0x0000000082a00000| Untracked 
|   7|0x0000000082b00000, 0x0000000082c00000, 0x0000000082c00000|100%| O|  |TAMS 0x0000000082b00000| PB 0x0000000082b00000| Untracked 
|   8|0x0000000082c00000, 0x0000000082d00000, 0x0000000082d00000|100%| O|  |TAMS 0x0000000082c00000| PB 0x0000000082c00000| Untracked 
|   9|0x0000000082d00000, 0x0000000082e00000, 0x0000000082e00000|100%| O|  |TAMS 0x0000000082d00000| PB 0x0000000082d00000| Untracked 
|  10|0x0000000082e00000, 0x0000000082f00000, 0x0000000082f00000|100%| O|  |TAMS 0x0000000082e00000| PB 0x0000000082e00000| Untracked 
|  11|0x0000000082f00000, 0x0000000083000000, 0x0000000083000000|100%| O|  |TAMS 0x0000000082f00000| PB 0x0000000082f00000| Untracked 
|  12|0x0000000083000000, 0x0000000083100000, 0x0000000083100000|100%| O|  |TAMS 0x0000000083000000| PB 0x0000000083000000| Untracked 
|  13|0x0000000083100000, 0x0000000083200000, 0x0000000083200000|100%| O|  |TAMS 0x0000000083100000| PB 0x0000000083100000| Untracked 
|  14|0x0000000083200000, 0x0000000083300000, 0x0000000083300000|100%| O|  |TAMS 0x0000000083200000| PB 0x0000000083200000| Untracked 
|  15|0x0000000083300000, 0x0000000083400000, 0x0000000083400000|100%| O|  |TAMS 0x0000000083300000| PB 0x0000000083300000| Untracked 
|  16|0x0000000083400000, 0x0000000083500000, 0x0000000083500000|100%| O|  |TAMS 0x0000000083400000| PB 0x0000000083400000| Untracked 
|  17|0x0000000083500000, 0x0000000083600000, 0x0000000083600000|100%| O|  |TAMS 0x0000000083500000| PB 0x0000000083500000| Untracked 
|  18|0x0000000083600000, 0x0000000083700000, 0x0000000083700000|100%| O|  |TAMS 0x0000000083600000| PB 0x0000000083600000| Untracked 
|  19|0x0000000083700000, 0x0000000083800000, 0x0000000083800000|100%| O|  |TAMS 0x0000000083700000| PB 0x0000000083700000| Untracked 
|  20|0x0000000083800000, 0x0000000083900000, 0x0000000083900000|100%| O|  |TAMS 0x0000000083800000| PB 0x0000000083800000| Untracked 
|  21|0x0000000083900000, 0x0000000083a00000, 0x0000000083a00000|100%| O|  |TAMS 0x0000000083900000| PB 0x0000000083900000| Untracked 
|  22|0x0000000083a00000, 0x0000000083b00000, 0x0000000083b00000|100%| O|  |TAMS 0x0000000083a00000| PB 0x0000000083a00000| Untracked 
|  23|0x0000000083b00000, 0x0000000083c00000, 0x0000000083c00000|100%| O|  |TAMS 0x0000000083b00000| PB 0x0000000083b00000| Untracked 
|  24|0x0000000083c00000, 0x0000000083d00000, 0x0000000083d00000|100%| O|Cm|TAMS 0x0000000083c00000| PB 0x0000000083c00000| Complete 
|  25|0x0000000083d00000, 0x0000000083e00000, 0x0000000083e00000|100%| O|  |TAMS 0x0000000083d00000| PB 0x0000000083d00000| Untracked 
|  26|0x0000000083e00000, 0x0000000083f00000, 0x0000000083f00000|100%| O|  |TAMS 0x0000000083e00000| PB 0x0000000083e00000| Untracked 
|  27|0x0000000083f00000, 0x0000000084000000, 0x0000000084000000|100%| O|  |TAMS 0x0000000083f00000| PB 0x0000000083f00000| Untracked 
|  28|0x0000000084000000, 0x0000000084100000, 0x0000000084100000|100%| O|  |TAMS 0x0000000084000000| PB 0x0000000084000000| Untracked 
|  29|0x0000000084100000, 0x0000000084200000, 0x0000000084200000|100%| O|Cm|TAMS 0x0000000084100000| PB 0x0000000084100000| Complete 
|  30|0x0000000084200000, 0x0000000084300000, 0x0000000084300000|100%| O|  |TAMS 0x0000000084200000| PB 0x0000000084200000| Untracked 
|  31|0x0000000084300000, 0x0000000084400000, 0x0000000084400000|100%| O|  |TAMS 0x0000000084300000| PB 0x0000000084300000| Untracked 
|  32|0x0000000084400000, 0x0000000084500000, 0x0000000084500000|100%| O|  |TAMS 0x0000000084400000| PB 0x0000000084400000| Untracked 
|  33|0x0000000084500000, 0x0000000084600000, 0x0000000084600000|100%| O|  |TAMS 0x0000000084500000| PB 0x0000000084500000| Untracked 
|  34|0x0000000084600000, 0x0000000084700000, 0x0000000084700000|100%| O|  |TAMS 0x0000000084600000| PB 0x0000000084600000| Untracked 
|  35|0x0000000084700000, 0x0000000084800000, 0x0000000084800000|100%| O|  |TAMS 0x0000000084700000| PB 0x0000000084700000| Untracked 
|  36|0x0000000084800000, 0x0000000084900000, 0x0000000084900000|100%| O|  |TAMS 0x0000000084800000| PB 0x0000000084800000| Untracked 
|  37|0x0000000084900000, 0x0000000084a00000, 0x0000000084a00000|100%| O|  |TAMS 0x0000000084900000| PB 0x0000000084900000| Untracked 
|  38|0x0000000084a00000, 0x0000000084b00000, 0x0000000084b00000|100%| O|  |TAMS 0x0000000084a00000| PB 0x0000000084a00000| Untracked 
|  39|0x0000000084b00000, 0x0000000084c00000, 0x0000000084c00000|100%| O|  |TAMS 0x0000000084b00000| PB 0x0000000084b00000| Untracked 
|  40|0x0000000084c00000, 0x0000000084d00000, 0x0000000084d00000|100%| O|  |TAMS 0x0000000084c00000| PB 0x0000000084c00000| Untracked 
|  41|0x0000000084d00000, 0x0000000084e00000, 0x0000000084e00000|100%| O|  |TAMS 0x0000000084d00000| PB 0x0000000084d00000| Untracked 
|  42|0x0000000084e00000, 0x0000000084f00000, 0x0000000084f00000|100%|HS|  |TAMS 0x0000000084e00000| PB 0x0000000084e00000| Complete 
|  43|0x0000000084f00000, 0x0000000085000000, 0x0000000085000000|100%|HC|  |TAMS 0x0000000084f00000| PB 0x0000000084f00000| Complete 
|  44|0x0000000085000000, 0x0000000085100000, 0x0000000085100000|100%|HC|  |TAMS 0x0000000085000000| PB 0x0000000085000000| Complete 
|  45|0x0000000085100000, 0x0000000085200000, 0x0000000085200000|100%|HC|  |TAMS 0x0000000085100000| PB 0x0000000085100000| Complete 
|  46|0x0000000085200000, 0x0000000085300000, 0x0000000085300000|100%| O|Cm|TAMS 0x0000000085200000| PB 0x0000000085200000| Complete 
|  47|0x0000000085300000, 0x0000000085400000, 0x0000000085400000|100%| O|  |TAMS 0x0000000085300000| PB 0x0000000085300000| Untracked 
|  48|0x0000000085400000, 0x0000000085500000, 0x0000000085500000|100%| O|  |TAMS 0x0000000085400000| PB 0x0000000085400000| Untracked 
|  49|0x0000000085500000, 0x0000000085600000, 0x0000000085600000|100%| O|  |TAMS 0x0000000085500000| PB 0x0000000085500000| Untracked 
|  50|0x0000000085600000, 0x0000000085700000, 0x0000000085700000|100%| O|Cm|TAMS 0x0000000085600000| PB 0x0000000085600000| Complete 
|  51|0x0000000085700000, 0x0000000085800000, 0x0000000085800000|100%| O|  |TAMS 0x0000000085700000| PB 0x0000000085700000| Untracked 
|  52|0x0000000085800000, 0x0000000085900000, 0x0000000085900000|100%| O|  |TAMS 0x0000000085800000| PB 0x0000000085800000| Untracked 
|  53|0x0000000085900000, 0x0000000085a00000, 0x0000000085a00000|100%| O|  |TAMS 0x0000000085900000| PB 0x0000000085900000| Untracked 
|  54|0x0000000085a00000, 0x0000000085b00000, 0x0000000085b00000|100%| O|Cm|TAMS 0x0000000085a00000| PB 0x0000000085a00000| Complete 
|  55|0x0000000085b00000, 0x0000000085c00000, 0x0000000085c00000|100%| O|  |TAMS 0x0000000085b00000| PB 0x0000000085b00000| Untracked 
|  56|0x0000000085c00000, 0x0000000085d00000, 0x0000000085d00000|100%| O|Cm|TAMS 0x0000000085c00000| PB 0x0000000085c00000| Complete 
|  57|0x0000000085d00000, 0x0000000085e00000, 0x0000000085e00000|100%| O|  |TAMS 0x0000000085d00000| PB 0x0000000085d00000| Untracked 
|  58|0x0000000085e00000, 0x0000000085f00000, 0x0000000085f00000|100%| O|  |TAMS 0x0000000085e00000| PB 0x0000000085e00000| Untracked 
|  59|0x0000000085f00000, 0x0000000086000000, 0x0000000086000000|100%| O|  |TAMS 0x0000000085f00000| PB 0x0000000085f00000| Untracked 
|  60|0x0000000086000000, 0x0000000086100000, 0x0000000086100000|100%| O|  |TAMS 0x0000000086000000| PB 0x0000000086000000| Untracked 
|  61|0x0000000086100000, 0x0000000086200000, 0x0000000086200000|100%| O|  |TAMS 0x0000000086100000| PB 0x0000000086100000| Untracked 
|  62|0x0000000086200000, 0x0000000086300000, 0x0000000086300000|100%| O|  |TAMS 0x0000000086200000| PB 0x0000000086200000| Untracked 
|  63|0x0000000086300000, 0x0000000086400000, 0x0000000086400000|100%| O|Cm|TAMS 0x0000000086300000| PB 0x0000000086300000| Complete 
|  64|0x0000000086400000, 0x0000000086500000, 0x0000000086500000|100%| O|  |TAMS 0x0000000086400000| PB 0x0000000086400000| Untracked 
|  65|0x0000000086500000, 0x0000000086600000, 0x0000000086600000|100%| O|  |TAMS 0x0000000086500000| PB 0x0000000086500000| Untracked 
|  66|0x0000000086600000, 0x0000000086700000, 0x0000000086700000|100%| O|  |TAMS 0x0000000086600000| PB 0x0000000086600000| Untracked 
|  67|0x0000000086700000, 0x0000000086800000, 0x0000000086800000|100%| O|  |TAMS 0x0000000086700000| PB 0x0000000086700000| Untracked 
|  68|0x0000000086800000, 0x0000000086900000, 0x0000000086900000|100%| O|  |TAMS 0x0000000086800000| PB 0x0000000086800000| Untracked 
|  69|0x0000000086900000, 0x0000000086a00000, 0x0000000086a00000|100%| O|  |TAMS 0x0000000086900000| PB 0x0000000086900000| Untracked 
|  70|0x0000000086a00000, 0x0000000086b00000, 0x0000000086b00000|100%| O|  |TAMS 0x0000000086a00000| PB 0x0000000086a00000| Untracked 
|  71|0x0000000086b00000, 0x0000000086c00000, 0x0000000086c00000|100%| O|  |TAMS 0x0000000086b00000| PB 0x0000000086b00000| Untracked 
|  72|0x0000000086c00000, 0x0000000086d00000, 0x0000000086d00000|100%| O|  |TAMS 0x0000000086c00000| PB 0x0000000086c00000| Untracked 
|  73|0x0000000086d00000, 0x0000000086e00000, 0x0000000086e00000|100%| O|  |TAMS 0x0000000086d00000| PB 0x0000000086d00000| Untracked 
|  74|0x0000000086e00000, 0x0000000086f00000, 0x0000000086f00000|100%| O|  |TAMS 0x0000000086e00000| PB 0x0000000086e00000| Untracked 
|  75|0x0000000086f00000, 0x0000000087000000, 0x0000000087000000|100%| O|  |TAMS 0x0000000086f00000| PB 0x0000000086f00000| Untracked 
|  76|0x0000000087000000, 0x0000000087100000, 0x0000000087100000|100%| O|  |TAMS 0x0000000087000000| PB 0x0000000087000000| Untracked 
|  77|0x0000000087100000, 0x0000000087200000, 0x0000000087200000|100%| O|  |TAMS 0x0000000087100000| PB 0x0000000087100000| Untracked 
|  78|0x0000000087200000, 0x0000000087300000, 0x0000000087300000|100%| O|  |TAMS 0x0000000087200000| PB 0x0000000087200000| Untracked 
|  79|0x0000000087300000, 0x0000000087400000, 0x0000000087400000|100%| O|  |TAMS 0x0000000087300000| PB 0x0000000087300000| Untracked 
|  80|0x0000000087400000, 0x0000000087500000, 0x0000000087500000|100%| O|  |TAMS 0x0000000087400000| PB 0x0000000087400000| Untracked 
|  81|0x0000000087500000, 0x0000000087500000, 0x0000000087600000|  0%| F|  |TAMS 0x0000000087500000| PB 0x0000000087500000| Untracked 
|  82|0x0000000087600000, 0x0000000087700000, 0x0000000087700000|100%|HS|  |TAMS 0x0000000087600000| PB 0x0000000087600000| Complete 
|  83|0x0000000087700000, 0x0000000087800000, 0x0000000087800000|100%|HC|  |TAMS 0x0000000087700000| PB 0x0000000087700000| Complete 
|  84|0x0000000087800000, 0x0000000087900000, 0x0000000087900000|100%|HC|  |TAMS 0x0000000087800000| PB 0x0000000087800000| Complete 
|  85|0x0000000087900000, 0x0000000087a00000, 0x0000000087a00000|100%|HS|  |TAMS 0x0000000087900000| PB 0x0000000087900000| Complete 
|  86|0x0000000087a00000, 0x0000000087b00000, 0x0000000087b00000|100%| O|  |TAMS 0x0000000087a00000| PB 0x0000000087a00000| Untracked 
|  87|0x0000000087b00000, 0x0000000087c00000, 0x0000000087c00000|100%| O|  |TAMS 0x0000000087b00000| PB 0x0000000087b00000| Untracked 
|  88|0x0000000087c00000, 0x0000000087d00000, 0x0000000087d00000|100%| O|  |TAMS 0x0000000087c00000| PB 0x0000000087c00000| Untracked 
|  89|0x0000000087d00000, 0x0000000087e00000, 0x0000000087e00000|100%| O|  |TAMS 0x0000000087d00000| PB 0x0000000087d00000| Untracked 
|  90|0x0000000087e00000, 0x0000000087f00000, 0x0000000087f00000|100%| O|  |TAMS 0x0000000087e00000| PB 0x0000000087e00000| Untracked 
|  91|0x0000000087f00000, 0x0000000088000000, 0x0000000088000000|100%| S|CS|TAMS 0x0000000087f00000| PB 0x0000000087f00000| Complete 
|  92|0x0000000088000000, 0x0000000088100000, 0x0000000088100000|100%| S|CS|TAMS 0x0000000088000000| PB 0x0000000088000000| Complete 
|  93|0x0000000088100000, 0x0000000088200000, 0x0000000088200000|100%| S|CS|TAMS 0x0000000088100000| PB 0x0000000088100000| Complete 
|  94|0x0000000088200000, 0x0000000088300000, 0x0000000088300000|100%| S|CS|TAMS 0x0000000088200000| PB 0x0000000088200000| Complete 
|  95|0x0000000088300000, 0x0000000088400000, 0x0000000088400000|100%| S|CS|TAMS 0x0000000088300000| PB 0x0000000088300000| Complete 
|  96|0x0000000088400000, 0x0000000088500000, 0x0000000088500000|100%| S|CS|TAMS 0x0000000088400000| PB 0x0000000088400000| Complete 
|  97|0x0000000088500000, 0x0000000088500000, 0x0000000088600000|  0%| F|  |TAMS 0x0000000088500000| PB 0x0000000088500000| Untracked 
|  98|0x0000000088600000, 0x0000000088600000, 0x0000000088700000|  0%| F|  |TAMS 0x0000000088600000| PB 0x0000000088600000| Untracked 
|  99|0x0000000088700000, 0x0000000088700000, 0x0000000088800000|  0%| F|  |TAMS 0x0000000088700000| PB 0x0000000088700000| Untracked 
| 100|0x0000000088800000, 0x0000000088800000, 0x0000000088900000|  0%| F|  |TAMS 0x0000000088800000| PB 0x0000000088800000| Untracked 
| 101|0x0000000088900000, 0x0000000088900000, 0x0000000088a00000|  0%| F|  |TAMS 0x0000000088900000| PB 0x0000000088900000| Untracked 
| 102|0x0000000088a00000, 0x0000000088a00000, 0x0000000088b00000|  0%| F|  |TAMS 0x0000000088a00000| PB 0x0000000088a00000| Untracked 
| 103|0x0000000088b00000, 0x0000000088b00000, 0x0000000088c00000|  0%| F|  |TAMS 0x0000000088b00000| PB 0x0000000088b00000| Untracked 
| 104|0x0000000088c00000, 0x0000000088c00000, 0x0000000088d00000|  0%| F|  |TAMS 0x0000000088c00000| PB 0x0000000088c00000| Untracked 
| 105|0x0000000088d00000, 0x0000000088d00000, 0x0000000088e00000|  0%| F|  |TAMS 0x0000000088d00000| PB 0x0000000088d00000| Untracked 
| 106|0x0000000088e00000, 0x0000000088e00000, 0x0000000088f00000|  0%| F|  |TAMS 0x0000000088e00000| PB 0x0000000088e00000| Untracked 
| 107|0x0000000088f00000, 0x0000000088f00000, 0x0000000089000000|  0%| F|  |TAMS 0x0000000088f00000| PB 0x0000000088f00000| Untracked 
| 108|0x0000000089000000, 0x0000000089000000, 0x0000000089100000|  0%| F|  |TAMS 0x0000000089000000| PB 0x0000000089000000| Untracked 
| 109|0x0000000089100000, 0x0000000089100000, 0x0000000089200000|  0%| F|  |TAMS 0x0000000089100000| PB 0x0000000089100000| Untracked 
| 110|0x0000000089200000, 0x0000000089200000, 0x0000000089300000|  0%| F|  |TAMS 0x0000000089200000| PB 0x0000000089200000| Untracked 
| 111|0x0000000089300000, 0x0000000089300000, 0x0000000089400000|  0%| F|  |TAMS 0x0000000089300000| PB 0x0000000089300000| Untracked 
| 112|0x0000000089400000, 0x0000000089400000, 0x0000000089500000|  0%| F|  |TAMS 0x0000000089400000| PB 0x0000000089400000| Untracked 
| 113|0x0000000089500000, 0x0000000089500000, 0x0000000089600000|  0%| F|  |TAMS 0x0000000089500000| PB 0x0000000089500000| Untracked 
| 114|0x0000000089600000, 0x0000000089600000, 0x0000000089700000|  0%| F|  |TAMS 0x0000000089600000| PB 0x0000000089600000| Untracked 
| 115|0x0000000089700000, 0x0000000089700000, 0x0000000089800000|  0%| F|  |TAMS 0x0000000089700000| PB 0x0000000089700000| Untracked 
| 116|0x0000000089800000, 0x0000000089800000, 0x0000000089900000|  0%| F|  |TAMS 0x0000000089800000| PB 0x0000000089800000| Untracked 
| 117|0x0000000089900000, 0x0000000089900000, 0x0000000089a00000|  0%| F|  |TAMS 0x0000000089900000| PB 0x0000000089900000| Untracked 
| 118|0x0000000089a00000, 0x0000000089a00000, 0x0000000089b00000|  0%| F|  |TAMS 0x0000000089a00000| PB 0x0000000089a00000| Untracked 
| 119|0x0000000089b00000, 0x0000000089b00000, 0x0000000089c00000|  0%| F|  |TAMS 0x0000000089b00000| PB 0x0000000089b00000| Untracked 
| 120|0x0000000089c00000, 0x0000000089c00000, 0x0000000089d00000|  0%| F|  |TAMS 0x0000000089c00000| PB 0x0000000089c00000| Untracked 
| 121|0x0000000089d00000, 0x0000000089d00000, 0x0000000089e00000|  0%| F|  |TAMS 0x0000000089d00000| PB 0x0000000089d00000| Untracked 
| 122|0x0000000089e00000, 0x0000000089e00000, 0x0000000089f00000|  0%| F|  |TAMS 0x0000000089e00000| PB 0x0000000089e00000| Untracked 
| 123|0x0000000089f00000, 0x0000000089f00000, 0x000000008a000000|  0%| F|  |TAMS 0x0000000089f00000| PB 0x0000000089f00000| Untracked 
| 124|0x000000008a000000, 0x000000008a000000, 0x000000008a100000|  0%| F|  |TAMS 0x000000008a000000| PB 0x000000008a000000| Untracked 
| 125|0x000000008a100000, 0x000000008a100000, 0x000000008a200000|  0%| F|  |TAMS 0x000000008a100000| PB 0x000000008a100000| Untracked 
| 126|0x000000008a200000, 0x000000008a200000, 0x000000008a300000|  0%| F|  |TAMS 0x000000008a200000| PB 0x000000008a200000| Untracked 
| 127|0x000000008a300000, 0x000000008a300000, 0x000000008a400000|  0%| F|  |TAMS 0x000000008a300000| PB 0x000000008a300000| Untracked 
| 128|0x000000008a400000, 0x000000008a400000, 0x000000008a500000|  0%| F|  |TAMS 0x000000008a400000| PB 0x000000008a400000| Untracked 
| 129|0x000000008a500000, 0x000000008a500000, 0x000000008a600000|  0%| F|  |TAMS 0x000000008a500000| PB 0x000000008a500000| Untracked 
| 130|0x000000008a600000, 0x000000008a600000, 0x000000008a700000|  0%| F|  |TAMS 0x000000008a600000| PB 0x000000008a600000| Untracked 
| 131|0x000000008a700000, 0x000000008a700000, 0x000000008a800000|  0%| F|  |TAMS 0x000000008a700000| PB 0x000000008a700000| Untracked 
| 132|0x000000008a800000, 0x000000008a800000, 0x000000008a900000|  0%| F|  |TAMS 0x000000008a800000| PB 0x000000008a800000| Untracked 
| 133|0x000000008a900000, 0x000000008a900000, 0x000000008aa00000|  0%| F|  |TAMS 0x000000008a900000| PB 0x000000008a900000| Untracked 
| 134|0x000000008aa00000, 0x000000008aa00000, 0x000000008ab00000|  0%| F|  |TAMS 0x000000008aa00000| PB 0x000000008aa00000| Untracked 
| 135|0x000000008ab00000, 0x000000008ab00000, 0x000000008ac00000|  0%| F|  |TAMS 0x000000008ab00000| PB 0x000000008ab00000| Untracked 
| 136|0x000000008ac00000, 0x000000008ac00000, 0x000000008ad00000|  0%| F|  |TAMS 0x000000008ac00000| PB 0x000000008ac00000| Untracked 
| 137|0x000000008ad00000, 0x000000008ad00000, 0x000000008ae00000|  0%| F|  |TAMS 0x000000008ad00000| PB 0x000000008ad00000| Untracked 
| 138|0x000000008ae00000, 0x000000008ae00000, 0x000000008af00000|  0%| F|  |TAMS 0x000000008ae00000| PB 0x000000008ae00000| Untracked 
| 139|0x000000008af00000, 0x000000008af00000, 0x000000008b000000|  0%| F|  |TAMS 0x000000008af00000| PB 0x000000008af00000| Untracked 
| 140|0x000000008b000000, 0x000000008b000000, 0x000000008b100000|  0%| F|  |TAMS 0x000000008b000000| PB 0x000000008b000000| Untracked 
| 141|0x000000008b100000, 0x000000008b100000, 0x000000008b200000|  0%| F|  |TAMS 0x000000008b100000| PB 0x000000008b100000| Untracked 
| 142|0x000000008b200000, 0x000000008b200000, 0x000000008b300000|  0%| F|  |TAMS 0x000000008b200000| PB 0x000000008b200000| Untracked 
| 143|0x000000008b300000, 0x000000008b300000, 0x000000008b400000|  0%| F|  |TAMS 0x000000008b300000| PB 0x000000008b300000| Untracked 
| 144|0x000000008b400000, 0x000000008b400000, 0x000000008b500000|  0%| F|  |TAMS 0x000000008b400000| PB 0x000000008b400000| Untracked 
| 145|0x000000008b500000, 0x000000008b500000, 0x000000008b600000|  0%| F|  |TAMS 0x000000008b500000| PB 0x000000008b500000| Untracked 
| 146|0x000000008b600000, 0x000000008b600000, 0x000000008b700000|  0%| F|  |TAMS 0x000000008b600000| PB 0x000000008b600000| Untracked 
| 147|0x000000008b700000, 0x000000008b700000, 0x000000008b800000|  0%| F|  |TAMS 0x000000008b700000| PB 0x000000008b700000| Untracked 
| 148|0x000000008b800000, 0x000000008b800000, 0x000000008b900000|  0%| F|  |TAMS 0x000000008b800000| PB 0x000000008b800000| Untracked 
| 149|0x000000008b900000, 0x000000008b900000, 0x000000008ba00000|  0%| F|  |TAMS 0x000000008b900000| PB 0x000000008b900000| Untracked 
| 150|0x000000008ba00000, 0x000000008ba00000, 0x000000008bb00000|  0%| F|  |TAMS 0x000000008ba00000| PB 0x000000008ba00000| Untracked 
| 151|0x000000008bb00000, 0x000000008bb00000, 0x000000008bc00000|  0%| F|  |TAMS 0x000000008bb00000| PB 0x000000008bb00000| Untracked 
| 152|0x000000008bc00000, 0x000000008bc00000, 0x000000008bd00000|  0%| F|  |TAMS 0x000000008bc00000| PB 0x000000008bc00000| Untracked 
| 153|0x000000008bd00000, 0x000000008bd00000, 0x000000008be00000|  0%| F|  |TAMS 0x000000008bd00000| PB 0x000000008bd00000| Untracked 
| 154|0x000000008be00000, 0x000000008be00000, 0x000000008bf00000|  0%| F|  |TAMS 0x000000008be00000| PB 0x000000008be00000| Untracked 
| 155|0x000000008bf00000, 0x000000008bf00000, 0x000000008c000000|  0%| F|  |TAMS 0x000000008bf00000| PB 0x000000008bf00000| Untracked 
| 156|0x000000008c000000, 0x000000008c000000, 0x000000008c100000|  0%| F|  |TAMS 0x000000008c000000| PB 0x000000008c000000| Untracked 
| 157|0x000000008c100000, 0x000000008c100000, 0x000000008c200000|  0%| F|  |TAMS 0x000000008c100000| PB 0x000000008c100000| Untracked 
| 158|0x000000008c200000, 0x000000008c200000, 0x000000008c300000|  0%| F|  |TAMS 0x000000008c200000| PB 0x000000008c200000| Untracked 
| 159|0x000000008c300000, 0x000000008c300000, 0x000000008c400000|  0%| F|  |TAMS 0x000000008c300000| PB 0x000000008c300000| Untracked 
| 160|0x000000008c400000, 0x000000008c400000, 0x000000008c500000|  0%| F|  |TAMS 0x000000008c400000| PB 0x000000008c400000| Untracked 
| 161|0x000000008c500000, 0x000000008c600000, 0x000000008c600000|100%| S|CS|TAMS 0x000000008c500000| PB 0x000000008c500000| Complete 
| 162|0x000000008c600000, 0x000000008c700000, 0x000000008c700000|100%| S|CS|TAMS 0x000000008c600000| PB 0x000000008c600000| Complete 
| 163|0x000000008c700000, 0x000000008c800000, 0x000000008c800000|100%| S|CS|TAMS 0x000000008c700000| PB 0x000000008c700000| Complete 
| 164|0x000000008c800000, 0x000000008c900000, 0x000000008c900000|100%| S|CS|TAMS 0x000000008c800000| PB 0x000000008c800000| Complete 
| 165|0x000000008c900000, 0x000000008c900000, 0x000000008ca00000|  0%| F|  |TAMS 0x000000008c900000| PB 0x000000008c900000| Untracked 
| 166|0x000000008ca00000, 0x000000008ca00000, 0x000000008cb00000|  0%| F|  |TAMS 0x000000008ca00000| PB 0x000000008ca00000| Untracked 
| 167|0x000000008cb00000, 0x000000008cb00000, 0x000000008cc00000|  0%| F|  |TAMS 0x000000008cb00000| PB 0x000000008cb00000| Untracked 
| 168|0x000000008cc00000, 0x000000008cc00000, 0x000000008cd00000|  0%| F|  |TAMS 0x000000008cc00000| PB 0x000000008cc00000| Untracked 
| 169|0x000000008cd00000, 0x000000008cd00000, 0x000000008ce00000|  0%| F|  |TAMS 0x000000008cd00000| PB 0x000000008cd00000| Untracked 
| 170|0x000000008ce00000, 0x000000008ce00000, 0x000000008cf00000|  0%| F|  |TAMS 0x000000008ce00000| PB 0x000000008ce00000| Untracked 
| 171|0x000000008cf00000, 0x000000008d000000, 0x000000008d000000|100%| E|  |TAMS 0x000000008cf00000| PB 0x000000008cf00000| Complete 
| 172|0x000000008d000000, 0x000000008d100000, 0x000000008d100000|100%| E|CS|TAMS 0x000000008d000000| PB 0x000000008d000000| Complete 
| 173|0x000000008d100000, 0x000000008d200000, 0x000000008d200000|100%| E|CS|TAMS 0x000000008d100000| PB 0x000000008d100000| Complete 
| 174|0x000000008d200000, 0x000000008d300000, 0x000000008d300000|100%| E|CS|TAMS 0x000000008d200000| PB 0x000000008d200000| Complete 
| 175|0x000000008d300000, 0x000000008d400000, 0x000000008d400000|100%| E|CS|TAMS 0x000000008d300000| PB 0x000000008d300000| Complete 
| 176|0x000000008d400000, 0x000000008d500000, 0x000000008d500000|100%| E|CS|TAMS 0x000000008d400000| PB 0x000000008d400000| Complete 
| 177|0x000000008d500000, 0x000000008d600000, 0x000000008d600000|100%| E|CS|TAMS 0x000000008d500000| PB 0x000000008d500000| Complete 
| 178|0x000000008d600000, 0x000000008d700000, 0x000000008d700000|100%| E|CS|TAMS 0x000000008d600000| PB 0x000000008d600000| Complete 
| 179|0x000000008d700000, 0x000000008d800000, 0x000000008d800000|100%| E|CS|TAMS 0x000000008d700000| PB 0x000000008d700000| Complete 
| 180|0x000000008d800000, 0x000000008d900000, 0x000000008d900000|100%| E|CS|TAMS 0x000000008d800000| PB 0x000000008d800000| Complete 
| 181|0x000000008d900000, 0x000000008da00000, 0x000000008da00000|100%| E|CS|TAMS 0x000000008d900000| PB 0x000000008d900000| Complete 
| 182|0x000000008da00000, 0x000000008db00000, 0x000000008db00000|100%| E|CS|TAMS 0x000000008da00000| PB 0x000000008da00000| Complete 
| 183|0x000000008db00000, 0x000000008dc00000, 0x000000008dc00000|100%| E|CS|TAMS 0x000000008db00000| PB 0x000000008db00000| Complete 
| 184|0x000000008dc00000, 0x000000008dd00000, 0x000000008dd00000|100%| E|CS|TAMS 0x000000008dc00000| PB 0x000000008dc00000| Complete 
| 185|0x000000008dd00000, 0x000000008de00000, 0x000000008de00000|100%| E|CS|TAMS 0x000000008dd00000| PB 0x000000008dd00000| Complete 
| 186|0x000000008de00000, 0x000000008df00000, 0x000000008df00000|100%| E|CS|TAMS 0x000000008de00000| PB 0x000000008de00000| Complete 
| 187|0x000000008df00000, 0x000000008e000000, 0x000000008e000000|100%| E|CS|TAMS 0x000000008df00000| PB 0x000000008df00000| Complete 
| 188|0x000000008e000000, 0x000000008e100000, 0x000000008e100000|100%| E|CS|TAMS 0x000000008e000000| PB 0x000000008e000000| Complete 
| 189|0x000000008e100000, 0x000000008e200000, 0x000000008e200000|100%| E|CS|TAMS 0x000000008e100000| PB 0x000000008e100000| Complete 
| 190|0x000000008e200000, 0x000000008e300000, 0x000000008e300000|100%| E|CS|TAMS 0x000000008e200000| PB 0x000000008e200000| Complete 
| 191|0x000000008e300000, 0x000000008e400000, 0x000000008e400000|100%| E|CS|TAMS 0x000000008e300000| PB 0x000000008e300000| Complete 
| 192|0x000000008e400000, 0x000000008e500000, 0x000000008e500000|100%| E|CS|TAMS 0x000000008e400000| PB 0x000000008e400000| Complete 
| 193|0x000000008e500000, 0x000000008e600000, 0x000000008e600000|100%| E|CS|TAMS 0x000000008e500000| PB 0x000000008e500000| Complete 
| 194|0x000000008e600000, 0x000000008e700000, 0x000000008e700000|100%| E|CS|TAMS 0x000000008e600000| PB 0x000000008e600000| Complete 
| 195|0x000000008e700000, 0x000000008e800000, 0x000000008e800000|100%| E|  |TAMS 0x000000008e700000| PB 0x000000008e700000| Complete 
| 196|0x000000008e800000, 0x000000008e900000, 0x000000008e900000|100%| E|CS|TAMS 0x000000008e800000| PB 0x000000008e800000| Complete 
| 197|0x000000008e900000, 0x000000008ea00000, 0x000000008ea00000|100%| E|CS|TAMS 0x000000008e900000| PB 0x000000008e900000| Complete 
| 198|0x000000008ea00000, 0x000000008eb00000, 0x000000008eb00000|100%| E|CS|TAMS 0x000000008ea00000| PB 0x000000008ea00000| Complete 
| 199|0x000000008eb00000, 0x000000008ec00000, 0x000000008ec00000|100%| E|CS|TAMS 0x000000008eb00000| PB 0x000000008eb00000| Complete 
| 200|0x000000008ec00000, 0x000000008ed00000, 0x000000008ed00000|100%| E|CS|TAMS 0x000000008ec00000| PB 0x000000008ec00000| Complete 
| 201|0x000000008ed00000, 0x000000008ee00000, 0x000000008ee00000|100%| E|CS|TAMS 0x000000008ed00000| PB 0x000000008ed00000| Complete 
| 202|0x000000008ee00000, 0x000000008ef00000, 0x000000008ef00000|100%| E|CS|TAMS 0x000000008ee00000| PB 0x000000008ee00000| Complete 
| 203|0x000000008ef00000, 0x000000008f000000, 0x000000008f000000|100%| E|CS|TAMS 0x000000008ef00000| PB 0x000000008ef00000| Complete 
|1983|0x00000000fe300000, 0x00000000fe400000, 0x00000000fe400000|100%| O|  |TAMS 0x00000000fe300000| PB 0x00000000fe300000| Untracked 
|1984|0x00000000fe400000, 0x00000000fe500000, 0x00000000fe500000|100%| O|  |TAMS 0x00000000fe400000| PB 0x00000000fe400000| Untracked 
|1985|0x00000000fe500000, 0x00000000fe600000, 0x00000000fe600000|100%| O|  |TAMS 0x00000000fe500000| PB 0x00000000fe500000| Untracked 
|1986|0x00000000fe600000, 0x00000000fe700000, 0x00000000fe700000|100%| O|  |TAMS 0x00000000fe600000| PB 0x00000000fe600000| Untracked 
|1987|0x00000000fe700000, 0x00000000fe800000, 0x00000000fe800000|100%| O|  |TAMS 0x00000000fe700000| PB 0x00000000fe700000| Untracked 
|1988|0x00000000fe800000, 0x00000000fe900000, 0x00000000fe900000|100%| O|  |TAMS 0x00000000fe800000| PB 0x00000000fe800000| Untracked 
|1989|0x00000000fe900000, 0x00000000fea00000, 0x00000000fea00000|100%| O|  |TAMS 0x00000000fe900000| PB 0x00000000fe900000| Untracked 
|1990|0x00000000fea00000, 0x00000000feb00000, 0x00000000feb00000|100%| O|  |TAMS 0x00000000fea00000| PB 0x00000000fea00000| Untracked 
|1991|0x00000000feb00000, 0x00000000fec00000, 0x00000000fec00000|100%| O|  |TAMS 0x00000000feb00000| PB 0x00000000feb00000| Untracked 
|1992|0x00000000fec00000, 0x00000000fed00000, 0x00000000fed00000|100%| O|  |TAMS 0x00000000fec00000| PB 0x00000000fec00000| Untracked 
|1993|0x00000000fed00000, 0x00000000fee00000, 0x00000000fee00000|100%| O|  |TAMS 0x00000000fed00000| PB 0x00000000fed00000| Untracked 
|1994|0x00000000fee00000, 0x00000000fef00000, 0x00000000fef00000|100%| O|  |TAMS 0x00000000fee00000| PB 0x00000000fee00000| Untracked 
|1995|0x00000000fef00000, 0x00000000ff000000, 0x00000000ff000000|100%| O|  |TAMS 0x00000000fef00000| PB 0x00000000fef00000| Untracked 
|1996|0x00000000ff000000, 0x00000000ff100000, 0x00000000ff100000|100%| E|CS|TAMS 0x00000000ff000000| PB 0x00000000ff000000| Complete 
|1997|0x00000000ff100000, 0x00000000ff200000, 0x00000000ff200000|100%| E|CS|TAMS 0x00000000ff100000| PB 0x00000000ff100000| Complete 
|1998|0x00000000ff200000, 0x00000000ff300000, 0x00000000ff300000|100%| E|CS|TAMS 0x00000000ff200000| PB 0x00000000ff200000| Complete 
|1999|0x00000000ff300000, 0x00000000ff400000, 0x00000000ff400000|100%| E|CS|TAMS 0x00000000ff300000| PB 0x00000000ff300000| Complete 
|2000|0x00000000ff400000, 0x00000000ff500000, 0x00000000ff500000|100%| E|CS|TAMS 0x00000000ff400000| PB 0x00000000ff400000| Complete 
|2001|0x00000000ff500000, 0x00000000ff600000, 0x00000000ff600000|100%| E|CS|TAMS 0x00000000ff500000| PB 0x00000000ff500000| Complete 
|2002|0x00000000ff600000, 0x00000000ff700000, 0x00000000ff700000|100%| E|CS|TAMS 0x00000000ff600000| PB 0x00000000ff600000| Complete 
|2003|0x00000000ff700000, 0x00000000ff800000, 0x00000000ff800000|100%| E|CS|TAMS 0x00000000ff700000| PB 0x00000000ff700000| Complete 
|2004|0x00000000ff800000, 0x00000000ff900000, 0x00000000ff900000|100%| E|CS|TAMS 0x00000000ff800000| PB 0x00000000ff800000| Complete 
|2005|0x00000000ff900000, 0x00000000ffa00000, 0x00000000ffa00000|100%| O|  |TAMS 0x00000000ff900000| PB 0x00000000ff900000| Untracked 
|2006|0x00000000ffa00000, 0x00000000ffb00000, 0x00000000ffb00000|100%| O|  |TAMS 0x00000000ffa00000| PB 0x00000000ffa00000| Untracked 
|2007|0x00000000ffb00000, 0x00000000ffc00000, 0x00000000ffc00000|100%| E|CS|TAMS 0x00000000ffb00000| PB 0x00000000ffb00000| Complete 
|2008|0x00000000ffc00000, 0x00000000ffd00000, 0x00000000ffd00000|100%| E|CS|TAMS 0x00000000ffc00000| PB 0x00000000ffc00000| Complete 
|2009|0x00000000ffd00000, 0x00000000ffe00000, 0x00000000ffe00000|100%| E|CS|TAMS 0x00000000ffd00000| PB 0x00000000ffd00000| Complete 
|2010|0x00000000ffe00000, 0x00000000fff00000, 0x00000000fff00000|100%| E|CS|TAMS 0x00000000ffe00000| PB 0x00000000ffe00000| Complete 
|2011|0x00000000fff00000, 0x0000000100000000, 0x0000000100000000|100%| E|CS|TAMS 0x00000000fff00000| PB 0x00000000fff00000| Complete 

Card table byte_map: [0x0000022b57220000,0x0000022b57610000] _byte_map_base: 0x0000022b56e0e000

Marking Bits: (CMBitMap*) 0x0000022b3f69ce20
 Bits: [0x0000022b57610000, 0x0000022b59580000)

Polling page: 0x0000022b3ee10000

Metaspace:

Usage:
  Non-class:     97.08 MB used.
      Class:     11.64 MB used.
       Both:    108.72 MB used.

Virtual space:
  Non-class space:      128.00 MB reserved,      97.69 MB ( 76%) committed,  2 nodes.
      Class space:        1.00 GB reserved,      12.19 MB (  1%) committed,  1 nodes.
             Both:        1.12 GB reserved,     109.88 MB ( 10%) committed. 

Chunk freelists:
   Non-Class:  13.39 MB
       Class:  3.86 MB
        Both:  17.25 MB

MaxMetaspaceSize: unlimited
CompressedClassSpaceSize: 1.00 GB
Initial GC threshold: 21.00 MB
Current GC threshold: 180.56 MB
CDS: on
 - commit_granule_bytes: 65536.
 - commit_granule_words: 8192.
 - virtual_space_node_default_size: 8388608.
 - enlarge_chunks_in_place: 1.
 - use_allocation_guard: 0.


Internal statistics:

num_allocs_failed_limit: 21.
num_arena_births: 1782.
num_arena_deaths: 6.
num_vsnodes_births: 3.
num_vsnodes_deaths: 0.
num_space_committed: 1770.
num_space_uncommitted: 8.
num_chunks_returned_to_freelist: 132.
num_chunks_taken_from_freelist: 6131.
num_chunk_merges: 38.
num_chunk_splits: 4624.
num_chunks_enlarged: 3640.
num_inconsistent_stats: 0.

CodeHeap 'non-profiled nmethods': size=120000Kb used=9786Kb max_used=11803Kb free=110213Kb
 bounds [0x0000022b4f5c0000, 0x0000022b50150000, 0x0000022b56af0000]
CodeHeap 'profiled nmethods': size=120000Kb used=49679Kb max_used=59074Kb free=70320Kb
 bounds [0x0000022b47af0000, 0x0000022b4b4b0000, 0x0000022b4f020000]
CodeHeap 'non-nmethods': size=5760Kb used=1858Kb max_used=1949Kb free=3902Kb
 bounds [0x0000022b4f020000, 0x0000022b4f290000, 0x0000022b4f5c0000]
 total_blobs=17777 nmethods=16938 adapters=738
 compilation: enabled
              stopped_count=0, restarted_count=0
 full_count=0

Compilation events (20 events):
Event: 35.409 Thread 0x0000022b5bff5450 nmethod 27417 0x0000022b4b257a90 code [0x0000022b4b257c40, 0x0000022b4b257e90]
Event: 35.409 Thread 0x0000022b5bff5450 27426       3       java.util.IdentityHashMap::unmaskNull (13 bytes)
Event: 35.409 Thread 0x0000022b5bff5450 nmethod 27426 0x0000022b4b257710 code [0x0000022b4b2578c0, 0x0000022b4b257a08]
Event: 35.409 Thread 0x0000022b5bff5450 27421       2       com.sun.source.util.TreeScanner::visitMemberSelect (12 bytes)
Event: 35.409 Thread 0x0000022b5bff5450 nmethod 27421 0x0000022b4b257290 code [0x0000022b4b257440, 0x0000022b4b2575b8]
Event: 35.409 Thread 0x0000022b5bff5450 27422       2       com.sun.tools.javac.tree.JCTree$JCFieldAccess::getExpression (5 bytes)
Event: 35.409 Thread 0x0000022b5bff5450 nmethod 27422 0x0000022b4b256d10 code [0x0000022b4b256ea0, 0x0000022b4b256fa8]
Event: 35.409 Thread 0x0000022b5bff5450 27425       1       com.sun.source.util.TreeScanner::visitIdentifier (2 bytes)
Event: 35.409 Thread 0x0000022b5bff5450 nmethod 27425 0x0000022b4f79bf10 code [0x0000022b4f79c0a0, 0x0000022b4f79c170]
Event: 35.409 Thread 0x0000022b5bff5450 27418       1       com.sun.tools.javac.tree.JCTree$JCFieldAccess::getExpression (5 bytes)
Event: 35.409 Thread 0x0000022b5bff5450 nmethod 27418 0x0000022b4f79dc90 code [0x0000022b4f79de20, 0x0000022b4f79dee8]
Event: 35.410 Thread 0x0000022b5bfead60 nmethod 26161 0x0000022b4fdc1110 code [0x0000022b4fdc12e0, 0x0000022b4fdc1d30]
Event: 35.411 Thread 0x0000022b5bfead60 27413       4       com.sun.tools.javac.tree.JCTree$JCPackageDecl::getTag (4 bytes)
Event: 35.411 Thread 0x0000022b5bfead60 nmethod 27413 0x0000022b4f79d990 code [0x0000022b4f79db20, 0x0000022b4f79dbb0]
Event: 35.411 Thread 0x0000022b5bfead60 26879       4       com.sun.tools.javac.code.Symbol::<init> (45 bytes)
Event: 35.414 Thread 0x0000022b5bfead60 nmethod 26879 0x0000022b4f7a5c10 code [0x0000022b4f7a5da0, 0x0000022b4f7a6380]
Event: 35.414 Thread 0x0000022b5bfead60 26499       4       java.util.Optional::empty (6 bytes)
Event: 35.414 Thread 0x0000022b5bfead60 nmethod 26499 0x0000022b4f7bfc90 code [0x0000022b4f7bfe20, 0x0000022b4f7bfe90]
Event: 35.415 Thread 0x0000022b5bfead60 26608       4       jdk.nio.zipfs.ZipPath::relativize (314 bytes)
Event: 35.417 Thread 0x0000022b5bff5450 27427       2       java.net.URI$Parser::at (23 bytes)

GC Heap History (20 events):
Event: 18.307 GC heap before
{Heap before GC invocations=18 (full 0):
 garbage-first heap   total 181248K, used 159599K [0x0000000082400000, 0x0000000100000000)
  region size 1024K, 83 young (84992K), 2 survivors (2048K)
 Metaspace       used 68639K, committed 69696K, reserved 1114112K
  class space    used 8060K, committed 8576K, reserved 1048576K
}
Event: 18.314 GC heap after
{Heap after GC invocations=19 (full 0):
 garbage-first heap   total 181248K, used 80155K [0x0000000082400000, 0x0000000100000000)
  region size 1024K, 6 young (6144K), 6 survivors (6144K)
 Metaspace       used 68639K, committed 69696K, reserved 1114112K
  class space    used 8060K, committed 8576K, reserved 1048576K
}
Event: 20.450 GC heap before
{Heap before GC invocations=19 (full 0):
 garbage-first heap   total 181248K, used 161051K [0x0000000082400000, 0x0000000100000000)
  region size 1024K, 85 young (87040K), 6 survivors (6144K)
 Metaspace       used 78908K, committed 80064K, reserved 1179648K
  class space    used 9169K, committed 9728K, reserved 1048576K
}
Event: 20.468 GC heap after
{Heap after GC invocations=20 (full 0):
 garbage-first heap   total 181248K, used 72704K [0x0000000082400000, 0x0000000100000000)
  region size 1024K, 11 young (11264K), 11 survivors (11264K)
 Metaspace       used 78908K, committed 80064K, reserved 1179648K
  class space    used 9169K, committed 9728K, reserved 1048576K
}
Event: 22.149 GC heap before
{Heap before GC invocations=20 (full 0):
 garbage-first heap   total 181248K, used 133120K [0x0000000082400000, 0x0000000100000000)
  region size 1024K, 71 young (72704K), 11 survivors (11264K)
 Metaspace       used 83419K, committed 84544K, reserved 1179648K
  class space    used 9528K, committed 10048K, reserved 1048576K
}
Event: 22.169 GC heap after
{Heap after GC invocations=21 (full 0):
 garbage-first heap   total 181248K, used 78677K [0x0000000082400000, 0x0000000100000000)
  region size 1024K, 5 young (5120K), 5 survivors (5120K)
 Metaspace       used 83419K, committed 84544K, reserved 1179648K
  class space    used 9528K, committed 10048K, reserved 1048576K
}
Event: 24.248 GC heap before
{Heap before GC invocations=22 (full 0):
 garbage-first heap   total 181248K, used 156501K [0x0000000082400000, 0x0000000100000000)
  region size 1024K, 84 young (86016K), 5 survivors (5120K)
 Metaspace       used 83317K, committed 84480K, reserved 1179648K
  class space    used 9400K, committed 9984K, reserved 1048576K
}
Event: 24.264 GC heap after
{Heap after GC invocations=23 (full 0):
 garbage-first heap   total 181248K, used 80213K [0x0000000082400000, 0x0000000100000000)
  region size 1024K, 11 young (11264K), 11 survivors (11264K)
 Metaspace       used 83317K, committed 84480K, reserved 1179648K
  class space    used 9400K, committed 9984K, reserved 1048576K
}
Event: 26.080 GC heap before
{Heap before GC invocations=23 (full 0):
 garbage-first heap   total 181248K, used 161109K [0x0000000082400000, 0x0000000100000000)
  region size 1024K, 88 young (90112K), 11 survivors (11264K)
 Metaspace       used 86433K, committed 87488K, reserved 1179648K
  class space    used 9785K, committed 10304K, reserved 1048576K
}
Event: 26.096 GC heap after
{Heap after GC invocations=24 (full 0):
 garbage-first heap   total 181248K, used 82930K [0x0000000082400000, 0x0000000100000000)
  region size 1024K, 9 young (9216K), 9 survivors (9216K)
 Metaspace       used 86433K, committed 87488K, reserved 1179648K
  class space    used 9785K, committed 10304K, reserved 1048576K
}
Event: 28.034 GC heap before
{Heap before GC invocations=24 (full 0):
 garbage-first heap   total 181248K, used 161778K [0x0000000082400000, 0x0000000100000000)
  region size 1024K, 86 young (88064K), 9 survivors (9216K)
 Metaspace       used 96787K, committed 97920K, reserved 1179648K
  class space    used 10747K, committed 11264K, reserved 1048576K
}
Event: 28.052 GC heap after
{Heap after GC invocations=25 (full 0):
 garbage-first heap   total 181248K, used 88387K [0x0000000082400000, 0x0000000100000000)
  region size 1024K, 10 young (10240K), 10 survivors (10240K)
 Metaspace       used 96787K, committed 97920K, reserved 1179648K
  class space    used 10747K, committed 11264K, reserved 1048576K
}
Event: 29.759 GC heap before
{Heap before GC invocations=26 (full 0):
 garbage-first heap   total 181248K, used 158019K [0x0000000082400000, 0x0000000100000000)
  region size 1024K, 80 young (81920K), 10 survivors (10240K)
 Metaspace       used 106170K, committed 107328K, reserved 1179648K
  class space    used 11536K, committed 12096K, reserved 1048576K
}
Event: 29.773 GC heap after
{Heap after GC invocations=27 (full 0):
 garbage-first heap   total 181248K, used 86870K [0x0000000082400000, 0x0000000100000000)
  region size 1024K, 8 young (8192K), 8 survivors (8192K)
 Metaspace       used 106170K, committed 107328K, reserved 1179648K
  class space    used 11536K, committed 12096K, reserved 1048576K
}
Event: 31.173 GC heap before
{Heap before GC invocations=27 (full 0):
 garbage-first heap   total 181248K, used 162646K [0x0000000082400000, 0x0000000100000000)
  region size 1024K, 82 young (83968K), 8 survivors (8192K)
 Metaspace       used 109475K, committed 110656K, reserved 1179648K
  class space    used 11721K, committed 12288K, reserved 1048576K
}
Event: 31.190 GC heap after
{Heap after GC invocations=28 (full 0):
 garbage-first heap   total 181248K, used 89010K [0x0000000082400000, 0x0000000100000000)
  region size 1024K, 8 young (8192K), 8 survivors (8192K)
 Metaspace       used 109475K, committed 110656K, reserved 1179648K
  class space    used 11721K, committed 12288K, reserved 1048576K
}
Event: 31.494 GC heap before
{Heap before GC invocations=28 (full 0):
 garbage-first heap   total 181248K, used 104370K [0x0000000082400000, 0x0000000100000000)
  region size 1024K, 24 young (24576K), 8 survivors (8192K)
 Metaspace       used 109762K, committed 110912K, reserved 1179648K
  class space    used 11743K, committed 12288K, reserved 1048576K
}
Event: 31.503 GC heap after
{Heap after GC invocations=29 (full 0):
 garbage-first heap   total 181248K, used 90451K [0x0000000082400000, 0x0000000100000000)
  region size 1024K, 6 young (6144K), 6 survivors (6144K)
 Metaspace       used 109762K, committed 110912K, reserved 1179648K
  class space    used 11743K, committed 12288K, reserved 1048576K
}
Event: 32.556 GC heap before
{Heap before GC invocations=30 (full 0):
 garbage-first heap   total 181248K, used 169299K [0x0000000082400000, 0x0000000100000000)
  region size 1024K, 78 young (79872K), 6 survivors (6144K)
 Metaspace       used 109807K, committed 110976K, reserved 1179648K
  class space    used 11743K, committed 12288K, reserved 1048576K
}
Event: 32.580 GC heap after
{Heap after GC invocations=31 (full 0):
 garbage-first heap   total 238592K, used 117760K [0x0000000082400000, 0x0000000100000000)
  region size 1024K, 10 young (10240K), 10 survivors (10240K)
 Metaspace       used 109807K, committed 110976K, reserved 1179648K
  class space    used 11743K, committed 12288K, reserved 1048576K
}

Dll operation events (8 events):
Event: 0.006 Loaded shared library D:\mailon\Java\jdk-21.0.10\bin\java.dll
Event: 0.030 Loaded shared library D:\mailon\Java\jdk-21.0.10\bin\jsvml.dll
Event: 0.132 Loaded shared library D:\mailon\Java\jdk-21.0.10\bin\net.dll
Event: 0.149 Loaded shared library D:\mailon\Java\jdk-21.0.10\bin\nio.dll
Event: 0.164 Loaded shared library D:\mailon\Java\jdk-21.0.10\bin\zip.dll
Event: 1.127 Loaded shared library D:\mailon\Java\jdk-21.0.10\bin\jimage.dll
Event: 1.151 Loaded shared library D:\mailon\Usuario\Desktop\apache-maven-3.9.14-bin (1)\apache-maven-3.9.14\lib\jansi-native\Windows\x86_64\jansi.dll
Event: 1.175 Loaded shared library D:\mailon\Java\jdk-21.0.10\bin\verify.dll

Deoptimization events (20 events):
Event: 32.488 Thread 0x0000022b3d38f8c0 Uncommon trap: trap_request=0xffffff45 fr.pc=0x0000022b4f7d5240 relative=0x00000000000019e0
Event: 32.488 Thread 0x0000022b3d38f8c0 Uncommon trap: reason=unstable_if action=reinterpret pc=0x0000022b4f7d5240 method=sun.nio.fs.WindowsPath.getPathForWin32Calls(Z)Ljava/lang/String; @ 35 c2
Event: 32.488 Thread 0x0000022b3d38f8c0 DEOPT PACKING pc=0x0000022b4f7d5240 sp=0x000000d14affd100
Event: 32.488 Thread 0x0000022b3d38f8c0 DEOPT UNPACKING pc=0x0000022b4f0746a2 sp=0x000000d14affcfd8 mode 2
Event: 32.494 Thread 0x0000022b3d38f8c0 Uncommon trap: trap_request=0xffffff45 fr.pc=0x0000022b4fbb2ae4 relative=0x00000000000018c4
Event: 32.494 Thread 0x0000022b3d38f8c0 Uncommon trap: reason=unstable_if action=reinterpret pc=0x0000022b4fbb2ae4 method=com.sun.tools.javac.file.BaseFileManager.getKind(Ljava/lang/String;)Ljavax/tools/JavaFileObject$Kind; @ 44 c2
Event: 32.494 Thread 0x0000022b3d38f8c0 DEOPT PACKING pc=0x0000022b4fbb2ae4 sp=0x000000d14affd430
Event: 32.494 Thread 0x0000022b3d38f8c0 DEOPT UNPACKING pc=0x0000022b4f0746a2 sp=0x000000d14affd3d0 mode 2
Event: 32.544 Thread 0x0000022b3d38f8c0 DEOPT PACKING pc=0x0000022b47b9cf6b sp=0x000000d14affc630
Event: 32.544 Thread 0x0000022b3d38f8c0 DEOPT UNPACKING pc=0x0000022b4f074e42 sp=0x000000d14affbad0 mode 0
Event: 32.582 Thread 0x0000022b3d38f8c0 DEOPT PACKING pc=0x0000022b47b9cf6b sp=0x000000d14affc3a0
Event: 32.582 Thread 0x0000022b3d38f8c0 DEOPT UNPACKING pc=0x0000022b4f074e42 sp=0x000000d14affb840 mode 0
Event: 32.619 Thread 0x0000022b3d38f8c0 DEOPT PACKING pc=0x0000022b47ec0d61 sp=0x000000d14affc180
Event: 32.619 Thread 0x0000022b3d38f8c0 DEOPT UNPACKING pc=0x0000022b4f074e42 sp=0x000000d14affb610 mode 0
Event: 32.642 Thread 0x0000022b3d38f8c0 DEOPT PACKING pc=0x0000022b47ec0d61 sp=0x000000d14affc210
Event: 32.642 Thread 0x0000022b3d38f8c0 DEOPT UNPACKING pc=0x0000022b4f074e42 sp=0x000000d14affb6a0 mode 0
Event: 32.676 Thread 0x0000022b3d38f8c0 DEOPT PACKING pc=0x0000022b47ec0d61 sp=0x000000d14affc250
Event: 32.676 Thread 0x0000022b3d38f8c0 DEOPT UNPACKING pc=0x0000022b4f074e42 sp=0x000000d14affb6e0 mode 0
Event: 32.694 Thread 0x0000022b3d38f8c0 DEOPT PACKING pc=0x0000022b47ec0d61 sp=0x000000d14affc1a0
Event: 32.694 Thread 0x0000022b3d38f8c0 DEOPT UNPACKING pc=0x0000022b4f074e42 sp=0x000000d14affb630 mode 0

Classes loaded (20 events):
Event: 18.294 Loading class java/util/stream/IntPipeline$1$1
Event: 18.294 Loading class java/util/stream/IntPipeline$1$1 done
Event: 21.075 Loading class java/util/stream/LongStream
Event: 21.076 Loading class java/util/stream/LongStream done
Event: 21.076 Loading class java/util/stream/DoubleStream
Event: 21.076 Loading class java/util/stream/DoubleStream done
Event: 21.076 Loading class java/util/HashMap$EntrySpliterator
Event: 21.076 Loading class java/util/HashMap$EntrySpliterator done
Event: 26.668 Loading class java/text/ChoiceFormat
Event: 26.668 Loading class java/text/ChoiceFormat done
Event: 26.693 Loading class java/text/MessageFormat$Field
Event: 26.693 Loading class java/text/MessageFormat$Field done
Event: 29.805 Loading class java/util/Vector$Itr
Event: 29.825 Loading class java/util/Vector$Itr done
Event: 31.344 Loading class java/io/FileOutputStream$1
Event: 31.344 Loading class java/io/FileOutputStream$1 done
Event: 31.425 Loading class java/util/Comparators$NullComparator
Event: 31.425 Loading class java/util/Comparators$NullComparator done
Event: 32.766 Loading class jdk/internal/module/IllegalAccessLogger
Event: 32.766 Loading class jdk/internal/module/IllegalAccessLogger done

Classes unloaded (20 events):
Event: 22.243 Thread 0x0000022b5bfbe860 Unloading class 0x0000022b5e3367d0 'lombok/javac/apt/MessagerDiagnosticsReceiver'
Event: 22.243 Thread 0x0000022b5bfbe860 Unloading class 0x0000022b5e336410 'lombok/javac/apt/InterceptingJavaFileManager'
Event: 22.243 Thread 0x0000022b5bfbe860 Unloading class 0x0000022b5e336210 'lombok/permit/dummy/Parent'
Event: 22.243 Thread 0x0000022b5bfbe860 Unloading class 0x0000022b5e336000 'lombok/core/CleanupRegistry'
Event: 22.243 Thread 0x0000022b5bfbe860 Unloading class 0x0000022b5e335db8 'lombok/permit/Permit$Fake'
Event: 22.243 Thread 0x0000022b5bfbe860 Unloading class 0x0000022b5e335bc0 'lombok/permit/Permit'
Event: 22.243 Thread 0x0000022b5bfbe860 Unloading class 0x0000022b5e3359d0 'lombok/core/DiagnosticsReceiver'
Event: 22.243 Thread 0x0000022b5bfbe860 Unloading class 0x0000022b5e3356e8 'lombok/javac/apt/LombokProcessor$1'
Event: 22.243 Thread 0x0000022b5bfbe860 Unloading class 0x0000022b5e335458 'lombok/javac/apt/LombokProcessor'
Event: 22.243 Thread 0x0000022b5bfbe860 Unloading class 0x0000022b5e335230 'lombok/core/AnnotationProcessor$EcjDescriptor'
Event: 22.243 Thread 0x0000022b5bfbe860 Unloading class 0x0000022b5e335000 'lombok/core/AnnotationProcessor$JavacDescriptor'
Event: 22.243 Thread 0x0000022b5bfbe860 Unloading class 0x0000022b5e334a78 'lombok/core/AnnotationProcessor$ProcessorDescriptor'
Event: 22.243 Thread 0x0000022b5bfbe860 Unloading class 0x0000022b5e334800 'lombok/core/AnnotationProcessor'
Event: 22.243 Thread 0x0000022b5bfbe860 Unloading class 0x0000022b5e38a000 'lombok/launch/AnnotationProcessorHider$ClaimingProcessor'
Event: 22.243 Thread 0x0000022b5bfbe860 Unloading class 0x0000022b5e334488 'lombok/launch/AnnotationProcessorHider$AstModificationNotifierData'
Event: 22.243 Thread 0x0000022b5bfbe860 Unloading class 0x0000022b5e334210 'lombok/launch/ClassFileMetaData'
Event: 22.243 Thread 0x0000022b5bfbe860 Unloading class 0x0000022b5e334000 'lombok/launch/PackageShader'
Event: 22.243 Thread 0x0000022b5bfbe860 Unloading class 0x0000022b5e304470 'lombok/launch/ShadowClassLoader'
Event: 22.243 Thread 0x0000022b5bfbe860 Unloading class 0x0000022b5e304278 'lombok/launch/Main'
Event: 22.243 Thread 0x0000022b5bfbe860 Unloading class 0x0000022b5e304000 'lombok/launch/AnnotationProcessorHider$AnnotationProcessor'

Classes redefined (0 events):
No events

Internal exceptions (20 events):
Event: 32.705 Thread 0x0000022b3d38f8c0 Exception <a 'sun/nio/fs/WindowsException'{0x00000000ff47dc00}> (0x00000000ff47dc00) 
thrown [s\open\src\hotspot\share\prims\jni.cpp, line 520]
Event: 32.705 Thread 0x0000022b3d38f8c0 Exception <a 'sun/nio/fs/WindowsException'{0x00000000ff47e558}> (0x00000000ff47e558) 
thrown [s\open\src\hotspot\share\prims\jni.cpp, line 520]
Event: 32.705 Thread 0x0000022b3d38f8c0 Exception <a 'sun/nio/fs/WindowsException'{0x00000000ff47f9f8}> (0x00000000ff47f9f8) 
thrown [s\open\src\hotspot\share\prims\jni.cpp, line 520]
Event: 32.706 Thread 0x0000022b3d38f8c0 Exception <a 'sun/nio/fs/WindowsException'{0x00000000ff481a98}> (0x00000000ff481a98) 
thrown [s\open\src\hotspot\share\prims\jni.cpp, line 520]
Event: 32.706 Thread 0x0000022b3d38f8c0 Exception <a 'sun/nio/fs/WindowsException'{0x00000000ff4824b0}> (0x00000000ff4824b0) 
thrown [s\open\src\hotspot\share\prims\jni.cpp, line 520]
Event: 32.714 Thread 0x0000022b3d38f8c0 Exception <a 'sun/nio/fs/WindowsException'{0x00000000ff302660}> (0x00000000ff302660) 
thrown [s\open\src\hotspot\share\prims\jni.cpp, line 520]
Event: 32.714 Thread 0x0000022b3d38f8c0 Exception <a 'sun/nio/fs/WindowsException'{0x00000000ff303140}> (0x00000000ff303140) 
thrown [s\open\src\hotspot\share\prims\jni.cpp, line 520]
Event: 32.715 Thread 0x0000022b3d38f8c0 Exception <a 'sun/nio/fs/WindowsException'{0x00000000ff3055c0}> (0x00000000ff3055c0) 
thrown [s\open\src\hotspot\share\prims\jni.cpp, line 520]
Event: 32.715 Thread 0x0000022b3d38f8c0 Exception <a 'sun/nio/fs/WindowsException'{0x00000000ff30aa30}> (0x00000000ff30aa30) 
thrown [s\open\src\hotspot\share\prims\jni.cpp, line 520]
Event: 32.715 Thread 0x0000022b3d38f8c0 Exception <a 'sun/nio/fs/WindowsException'{0x00000000ff30b4e8}> (0x00000000ff30b4e8) 
thrown [s\open\src\hotspot\share\prims\jni.cpp, line 520]
Event: 32.716 Thread 0x0000022b3d38f8c0 Exception <a 'sun/nio/fs/WindowsException'{0x00000000ff314b58}> (0x00000000ff314b58) 
thrown [s\open\src\hotspot\share\prims\jni.cpp, line 520]
Event: 32.716 Thread 0x0000022b3d38f8c0 Exception <a 'sun/nio/fs/WindowsException'{0x00000000ff3154e0}> (0x00000000ff3154e0) 
thrown [s\open\src\hotspot\share\prims\jni.cpp, line 520]
Event: 32.717 Thread 0x0000022b3d38f8c0 Exception <a 'sun/nio/fs/WindowsException'{0x00000000ff324470}> (0x00000000ff324470) 
thrown [s\open\src\hotspot\share\prims\jni.cpp, line 520]
Event: 32.717 Thread 0x0000022b3d38f8c0 Exception <a 'sun/nio/fs/WindowsException'{0x00000000ff3502d0}> (0x00000000ff3502d0) 
thrown [s\open\src\hotspot\share\prims\jni.cpp, line 520]
Event: 32.718 Thread 0x0000022b3d38f8c0 Exception <a 'sun/nio/fs/WindowsException'{0x00000000ff350d18}> (0x00000000ff350d18) 
thrown [s\open\src\hotspot\share\prims\jni.cpp, line 520]
Event: 32.720 Thread 0x0000022b3d38f8c0 Exception <a 'sun/nio/fs/WindowsException'{0x00000000ff3614d0}> (0x00000000ff3614d0) 
thrown [s\open\src\hotspot\share\prims\jni.cpp, line 520]
Event: 32.720 Thread 0x0000022b3d38f8c0 Exception <a 'sun/nio/fs/WindowsException'{0x00000000ff361df8}> (0x00000000ff361df8) 
thrown [s\open\src\hotspot\share\prims\jni.cpp, line 520]
Event: 32.720 Thread 0x0000022b3d38f8c0 Exception <a 'sun/nio/fs/WindowsException'{0x00000000ff382078}> (0x00000000ff382078) 
thrown [s\open\src\hotspot\share\prims\jni.cpp, line 520]
Event: 32.721 Thread 0x0000022b3d38f8c0 Exception <a 'sun/nio/fs/WindowsException'{0x00000000ff3d0df8}> (0x00000000ff3d0df8) 
thrown [s\open\src\hotspot\share\prims\jni.cpp, line 520]
Event: 32.721 Thread 0x0000022b3d38f8c0 Exception <a 'sun/nio/fs/WindowsException'{0x00000000ff3d17e0}> (0x00000000ff3d17e0) 
thrown [s\open\src\hotspot\share\prims\jni.cpp, line 520]

ZGC Phase Switch (0 events):
No events

VM Operations (20 events):
Event: 31.403 Executing VM operation: HandshakeAllThreads (Deoptimize)
Event: 31.403 Executing VM operation: HandshakeAllThreads (Deoptimize) done
Event: 31.409 Executing VM operation: HandshakeAllThreads (Deoptimize)
Event: 31.409 Executing VM operation: HandshakeAllThreads (Deoptimize) done
Event: 31.421 Executing VM operation: HandshakeAllThreads (Deoptimize)
Event: 31.421 Executing VM operation: HandshakeAllThreads (Deoptimize) done
Event: 31.494 Executing VM operation: G1TryInitiateConcMark (G1 Humongous Allocation)
Event: 31.503 Executing VM operation: G1TryInitiateConcMark (G1 Humongous Allocation) done
Event: 31.590 Executing VM operation: G1PauseRemark
Event: 31.614 Executing VM operation: G1PauseRemark done
Event: 31.661 Executing VM operation: G1PauseCleanup
Event: 31.662 Executing VM operation: G1PauseCleanup done
Event: 32.551 Executing VM operation: ICBufferFull
Event: 32.551 Executing VM operation: ICBufferFull done
Event: 32.556 Executing VM operation: G1CollectForAllocation (G1 Evacuation Pause)
Event: 32.580 Executing VM operation: G1CollectForAllocation (G1 Evacuation Pause) done
Event: 32.689 Executing VM operation: ICBufferFull
Event: 32.689 Executing VM operation: ICBufferFull done
Event: 33.693 Executing VM operation: Cleanup
Event: 33.693 Executing VM operation: Cleanup done

Events (20 events):
Event: 31.612 Thread 0x0000022b5bfbe860 flushing nmethod 0x0000022b4abf2e90
Event: 31.612 Thread 0x0000022b5bfbe860 flushing nmethod 0x0000022b4abf6010
Event: 31.612 Thread 0x0000022b5bfbe860 flushing nmethod 0x0000022b4abf9710
Event: 31.612 Thread 0x0000022b5bfbe860 flushing nmethod 0x0000022b4abfd790
Event: 31.612 Thread 0x0000022b5bfbe860 flushing nmethod 0x0000022b4ad4d510
Event: 31.612 Thread 0x0000022b5bfbe860 flushing nmethod 0x0000022b4af2f110
Event: 31.612 Thread 0x0000022b5bfbe860 flushing nmethod 0x0000022b4afaac90
Event: 31.612 Thread 0x0000022b5bfbe860 flushing nmethod 0x0000022b4afacd90
Event: 31.612 Thread 0x0000022b5bfbe860 flushing nmethod 0x0000022b4afb8610
Event: 31.612 Thread 0x0000022b5bfbe860 flushing nmethod 0x0000022b4afb9190
Event: 31.612 Thread 0x0000022b5bfbe860 flushing nmethod 0x0000022b4b09ae10
Event: 31.612 Thread 0x0000022b5bfbe860 flushing nmethod 0x0000022b4b0a1210
Event: 31.612 Thread 0x0000022b5bfbe860 flushing nmethod 0x0000022b4b0e4b10
Event: 31.612 Thread 0x0000022b5bfbe860 flushing nmethod 0x0000022b4b16da10
Event: 31.612 Thread 0x0000022b5bfbe860 flushing nmethod 0x0000022b4b1b8d10
Event: 31.612 Thread 0x0000022b5bfbe860 flushing nmethod 0x0000022b4b1bb390
Event: 31.612 Thread 0x0000022b5bfbe860 flushing nmethod 0x0000022b4b1bc490
Event: 31.612 Thread 0x0000022b5bfbe860 flushing nmethod 0x0000022b4b244710
Event: 31.612 Thread 0x0000022b5bfbe860 flushing nmethod 0x0000022b4b27b710
Event: 31.612 Thread 0x0000022b5bfbe860 flushing nmethod 0x0000022b4b283890


Dynamic libraries:
0x00007ff75e160000 - 0x00007ff75e170000 	D:\mailon\Java\jdk-21.0.10\bin\java.exe
0x00007ffe20340000 - 0x00007ffe205a7000 	C:\WINDOWS\SYSTEM32\ntdll.dll
0x00007ffe1f710000 - 0x00007ffe1f7d9000 	C:\WINDOWS\System32\KERNEL32.DLL
0x00007ffe1ce40000 - 0x00007ffe1d234000 	C:\WINDOWS\System32\KERNELBASE.dll
0x00007ffe1df80000 - 0x00007ffe1e0cb000 	C:\WINDOWS\System32\ucrtbase.dll
0x00007ffe175b0000 - 0x00007ffe175ce000 	D:\mailon\Java\jdk-21.0.10\bin\VCRUNTIME140.dll
0x00007ffe175d0000 - 0x00007ffe175e9000 	D:\mailon\Java\jdk-21.0.10\bin\jli.dll
0x00007ffe20240000 - 0x00007ffe202f6000 	C:\WINDOWS\System32\ADVAPI32.dll
0x00007ffe1f540000 - 0x00007ffe1f5e9000 	C:\WINDOWS\System32\msvcrt.dll
0x00007ffe1f7e0000 - 0x00007ffe1f887000 	C:\WINDOWS\System32\sechost.dll
0x00007ffe1f5f0000 - 0x00007ffe1f708000 	C:\WINDOWS\System32\RPCRT4.dll
0x00007ffe1ee10000 - 0x00007ffe1efd5000 	C:\WINDOWS\System32\USER32.dll
0x00007ffe1ce10000 - 0x00007ffe1ce37000 	C:\WINDOWS\System32\win32u.dll
0x00007ffe1f890000 - 0x00007ffe1f8bb000 	C:\WINDOWS\System32\GDI32.dll
0x00007ffe0c8f0000 - 0x00007ffe0cb83000 	C:\WINDOWS\WinSxS\amd64_microsoft.windows.common-controls_6595b64144ccf1df_6.0.26100.8115_none_3e075c82e3354f9c\COMCTL32.dll
0x00007ffe1dab0000 - 0x00007ffe1dbdb000 	C:\WINDOWS\System32\gdi32full.dll
0x00007ffe1ded0000 - 0x00007ffe1df73000 	C:\WINDOWS\System32\msvcp_win.dll
0x00007ffe16170000 - 0x00007ffe1617b000 	C:\WINDOWS\SYSTEM32\VERSION.dll
0x00007ffe1e170000 - 0x00007ffe1e1a2000 	C:\WINDOWS\System32\IMM32.DLL
0x00007ffe17510000 - 0x00007ffe1751c000 	D:\mailon\Java\jdk-21.0.10\bin\vcruntime140_1.dll
0x00007ffe02390000 - 0x00007ffe0241d000 	D:\mailon\Java\jdk-21.0.10\bin\msvcp140.dll
0x00007ffd68fa0000 - 0x00007ffd69cc7000 	D:\mailon\Java\jdk-21.0.10\bin\server\jvm.dll
0x00007ffe201b0000 - 0x00007ffe20230000 	C:\WINDOWS\System32\WS2_32.dll
0x00007ffe1ca90000 - 0x00007ffe1caee000 	C:\WINDOWS\SYSTEM32\POWRPROF.dll
0x00007ffdfca90000 - 0x00007ffdfcac6000 	C:\WINDOWS\SYSTEM32\WINMM.dll
0x00007ffe1ca70000 - 0x00007ffe1ca84000 	C:\WINDOWS\SYSTEM32\UMPDC.dll
0x00007ffe1b970000 - 0x00007ffe1b98b000 	C:\WINDOWS\SYSTEM32\kernel.appcore.dll
0x00007ffe17500000 - 0x00007ffe1750a000 	D:\mailon\Java\jdk-21.0.10\bin\jimage.dll
0x00007ffe0d0b0000 - 0x00007ffe0d2f2000 	C:\WINDOWS\SYSTEM32\DBGHELP.DLL
0x00007ffe1e7e0000 - 0x00007ffe1eb62000 	C:\WINDOWS\System32\combase.dll
0x00007ffe1f0d0000 - 0x00007ffe1f1a8000 	C:\WINDOWS\System32\OLEAUT32.dll
0x00007ffe033e0000 - 0x00007ffe0341b000 	C:\WINDOWS\SYSTEM32\dbgcore.DLL
0x00007ffe1dd60000 - 0x00007ffe1de05000 	C:\WINDOWS\System32\bcryptPrimitives.dll
0x00007ffe10450000 - 0x00007ffe10471000 	D:\mailon\Java\jdk-21.0.10\bin\java.dll
0x00007ffe1fa40000 - 0x00007ffe201a7000 	C:\WINDOWS\System32\SHELL32.dll
0x00007ffe1cc10000 - 0x00007ffe1cd7a000 	C:\WINDOWS\System32\wintypes.dll
0x00007ffe1d240000 - 0x00007ffe1daa8000 	C:\WINDOWS\System32\windows.storage.dll
0x00007ffe1f220000 - 0x00007ffe1f318000 	C:\WINDOWS\System32\SHCORE.dll
0x00007ffe1f9d0000 - 0x00007ffe1fa36000 	C:\WINDOWS\System32\shlwapi.dll
0x00007ffe1cb30000 - 0x00007ffe1cb59000 	C:\WINDOWS\SYSTEM32\profapi.dll
0x00007ffe00160000 - 0x00007ffe00237000 	D:\mailon\Java\jdk-21.0.10\bin\jsvml.dll
0x00007ffe10380000 - 0x00007ffe10391000 	D:\mailon\Java\jdk-21.0.10\bin\net.dll
0x00007ffe15b50000 - 0x00007ffe15c7d000 	C:\WINDOWS\SYSTEM32\WINHTTP.dll
0x00007ffe1bed0000 - 0x00007ffe1bf3c000 	C:\WINDOWS\system32\mswsock.dll
0x00007ffe0e890000 - 0x00007ffe0e8a6000 	D:\mailon\Java\jdk-21.0.10\bin\nio.dll
0x00007ffe0e870000 - 0x00007ffe0e888000 	D:\mailon\Java\jdk-21.0.10\bin\zip.dll
0x00007ffe05cc0000 - 0x00007ffe05ce4000 	D:\mailon\Usuario\Desktop\apache-maven-3.9.14-bin (1)\apache-maven-3.9.14\lib\jansi-native\Windows\x86_64\jansi.dll
0x00007ffe17490000 - 0x00007ffe174a0000 	D:\mailon\Java\jdk-21.0.10\bin\verify.dll
0x00007ffe1ba90000 - 0x00007ffe1bac6000 	C:\WINDOWS\SYSTEM32\ntmarta.dll

dbghelp: loaded successfully - version: 4.0.5 - missing functions: none
symbol engine: initialized successfully - sym options: 0x614 - pdb path: .;D:\mailon\Java\jdk-21.0.10\bin;C:\WINDOWS\SYSTEM32;C:\WINDOWS\WinSxS\amd64_microsoft.windows.common-controls_6595b64144ccf1df_6.0.26100.8115_none_3e075c82e3354f9c;D:\mailon\Java\jdk-21.0.10\bin\server;D:\mailon\Usuario\Desktop\apache-maven-3.9.14-bin (1)\apache-maven-3.9.14\lib\jansi-native\Windows\x86_64

VM Arguments:
jvm_args: --add-opens=java.base/java.lang=ALL-UNNAMED --enable-native-access=ALL-UNNAMED -Dclassworlds.conf=D:/mailon/Usuario/Desktop/apache-maven-3.9.14-bin (1)/apache-maven-3.9.14/bin/m2.conf -Dmaven.home=D:/mailon/Usuario/Desktop/apache-maven-3.9.14-bin (1)/apache-maven-3.9.14 -Dlibrary.jansi.path=D:/mailon/Usuario/Desktop/apache-maven-3.9.14-bin (1)/apache-maven-3.9.14/lib/jansi-native -Dmaven.multiModuleProjectDirectory=D:/mailon/Usuario/Desktop/Smartwallet 
java_command: org.codehaus.plexus.classworlds.launcher.Launcher clean test
java_class_path (initial): D:/mailon/Usuario/Desktop/apache-maven-3.9.14-bin (1)/apache-maven-3.9.14/boot/plexus-classworlds-2.9.0.jar
Launcher Type: SUN_STANDARD

[Global flags]
     intx CICompilerCount                          = 4                                         {product} {ergonomic}
     uint ConcGCThreads                            = 2                                         {product} {ergonomic}
     uint G1ConcRefinementThreads                  = 8                                         {product} {ergonomic}
   size_t G1HeapRegionSize                         = 1048576                                   {product} {ergonomic}
    uintx GCDrainStackTargetSize                   = 64                                        {product} {ergonomic}
   size_t InitialHeapSize                          = 132120576                                 {product} {ergonomic}
   size_t MarkStackSize                            = 4194304                                   {product} {ergonomic}
   size_t MaxHeapSize                              = 2109734912                                {product} {ergonomic}
   size_t MaxNewSize                               = 1265631232                                {product} {ergonomic}
   size_t MinHeapDeltaBytes                        = 1048576                                   {product} {ergonomic}
   size_t MinHeapSize                              = 8388608                                   {product} {ergonomic}
    uintx NonNMethodCodeHeapSize                   = 5839372                                {pd product} {ergonomic}
    uintx NonProfiledCodeHeapSize                  = 122909434                              {pd product} {ergonomic}
    uintx ProfiledCodeHeapSize                     = 122909434                              {pd product} {ergonomic}
    uintx ReservedCodeCacheSize                    = 251658240                              {pd product} {ergonomic}
     bool SegmentedCodeCache                       = true                                      {product} {ergonomic}
   size_t SoftMaxHeapSize                          = 2109734912                             {manageable} {ergonomic}
     bool UseCompressedOops                        = true                           {product lp64_product} {ergonomic}
     bool UseG1GC                                  = true                                      {product} {ergonomic}
     bool UseLargePagesIndividualAllocation        = false                                  {pd product} {ergonomic}

Logging:
Log output configuration:
 #0: stdout all=warning uptime,level,tags foldmultilines=false
 #1: stderr all=off uptime,level,tags foldmultilines=false

Environment Variables:
JAVA_HOME=D:/mailon/Java/jdk-21.0.10
PATH=D:\Program Files\Git\mingw64\bin;D:\Program Files\Git\usr\bin;C:\Users\Usuario\bin;C:\Program Files\Common Files\Oracle\Java\javapath;C:\WINDOWS\system32;C:\WINDOWS;C:\WINDOWS\System32\Wbem;C:\WINDOWS\System32\WindowsPowerShell\v1.0;C:\WINDOWS\System32\OpenSSH;D:\Program Files\nodejs;D:\mailon\Usuario\Desktop\apache-maven-3.9.14-bin (1)\apache-maven-3.9.14\bin;D:\Program Files\Git\cmd;C:\Users\Usuario\AppData\Local\Programs\Trae\bin;D:\mailon\Usuario\Downloads\ffmpeg-8.0.1-essentials_build\ffmpeg-8.0.1-essentials_build\bin;D:\mailon\Usuario\Desktop\apache-maven-3.9.14-bin (1)\apache-maven-3.9.14\bin;C:\Users\Usuario\AppData\Roaming\npm
USERNAME=Usuario
TERM=xterm-256color
OS=Windows_NT
PROCESSOR_IDENTIFIER=Intel64 Family 6 Model 142 Stepping 12, GenuineIntel
TMP=C:\Users\Usuario\AppData\Local\Temp
TEMP=C:\Users\Usuario\AppData\Local\Temp




Periodic native trim disabled

---------------  S Y S T E M  ---------------

OS:
 Windows 11 , 64 bit Build 26100 (10.0.26100.8246)
OS uptime: 4 days 19:22 hours
Hyper-V role detected

CPU: total 8 (initial active 8) (4 cores per cpu, 2 threads per core) family 6 model 142 stepping 12 microcode 0xde, cx8, cmov, fxsr, ht, mmx, 3dnowpref, sse, sse2, sse3, ssse3, sse4.1, sse4.2, popcnt, lzcnt, tsc, tscinvbit, avx, avx2, aes, erms, clmul, bmi1, bmi2, adx, fma, vzeroupper, clflush, clflushopt, hv, rdtscp, f16c
Processor Information for all 8 processors :
  Max Mhz: 1800, Current Mhz: 1600, Mhz Limit: 1584

Memory: 4k page, system-wide physical 8040M (457M free)
TotalPageFile size 32616M (AvailPageFile size 0M)
current process WorkingSet (physical memory assigned to process): 563M, peak: 563M
current process commit charge ("private bytes"): 599M, peak: 604M

vm_info: Java HotSpot(TM) 64-Bit Server VM (21.0.10+8-LTS-217) for windows-amd64 JRE (21.0.10+8-LTS-217), built on 2025-12-18T14:59:28Z by "mach5run" with MS VC++ 17.13 (VS2022)

END.
