#
# There is insufficient memory for the Java Runtime Environment to continue.
# Native memory allocation (malloc) failed to allocate 977168 bytes for Chunk::new
# Possible reasons:
#   The system is out of physical RAM or swap space
#   The process is running with CompressedOops enabled, and the Java Heap may be blocking the growth of the native heap
# Possible solutions:
#   Reduce memory load on the system
#   Increase physical memory or swap space
#   Check if swap backing store is full
#   Decrease Java heap size (-Xmx/-Xms)
#   Decrease number of Java threads
#   Decrease Java thread stack sizes (-Xss)
#   Set larger code cache with -XX:ReservedCodeCacheSize=
#   JVM is running with Unscaled Compressed Oops mode in which the Java heap is
#     placed in the first 4GB address space. The Java Heap base address is the
#     maximum limit for the native heap growth. Please use -XX:HeapBaseMinAddress
#     to set the Java Heap base and to place the Java Heap above 4GB virtual address.
# This output file may be truncated or incomplete.
#
#  Out of Memory Error (arena.cpp:168), pid=27260, tid=24248
#
# JRE version: Java(TM) SE Runtime Environment (21.0.10+8) (build 21.0.10+8-LTS-217)
# Java VM: Java HotSpot(TM) 64-Bit Server VM (21.0.10+8-LTS-217, mixed mode, sharing, tiered, compressed oops, compressed class ptrs, g1 gc, windows-amd64)
# No core dump will be written. Minidumps are not enabled by default on client versions of Windows
#

---------------  S U M M A R Y ------------

Command Line: -Dapplication.home=D:\mailon\Java\jdk-21.0.10 --add-modules=ALL-DEFAULT -Xms8m -Xmx256m -Djdk.module.main=jdk.compiler jdk.compiler/com.sun.tools.javac.Main @C:/Users/Usuario/AppData/Local/Temp/org.codehaus.plexus.compiler.javac.JavacCompiler2444001482461907663arguments

Host: Intel(R) Core(TM) i5-8265U CPU @ 1.60GHz, 8 cores, 7G,  Windows 11 , 64 bit Build 26100 (10.0.26100.8246)
Time: Fri Apr 24 03:39:24 2026 Hora oficial do Brasil elapsed time: 14.319356 seconds (0d 0h 0m 14s)

---------------  T H R E A D  ---------------

Current thread (0x00000188d04440e0):  JavaThread "C2 CompilerThread1" daemon [_thread_in_native, id=24248, stack(0x0000005cb1900000,0x0000005cb1a00000) (1024K)]


Current CompileTask:
C2:  14319 3819       4       lombok.core.AST::buildWithField (21 bytes)

Stack: [0x0000005cb1900000,0x0000005cb1a00000]
Native frames: (J=compiled Java code, j=interpreted, Vv=VM code, C=native code)
V  [jvm.dll+0x6d0b59]
V  [jvm.dll+0x85fd56]
V  [jvm.dll+0x86224e]
V  [jvm.dll+0x862923]
V  [jvm.dll+0x282a16]
V  [jvm.dll+0xc662d]
V  [jvm.dll+0xc6b71]
V  [jvm.dll+0x3bbb5b]
V  [jvm.dll+0x1e3544]
V  [jvm.dll+0x24b4c3]
V  [jvm.dll+0x24a94f]
V  [jvm.dll+0x1cacfe]
V  [jvm.dll+0x25a629]
V  [jvm.dll+0x258bb5]
V  [jvm.dll+0x3f4da1]
V  [jvm.dll+0x80a83d]
V  [jvm.dll+0x6cf3fd]
C  [ucrtbase.dll+0x37b0]
C  [KERNEL32.DLL+0x2e8d7]
C  [ntdll.dll+0x8c3fc]


---------------  P R O C E S S  ---------------

Threads class SMR info:
_java_thread_list=0x00000188d2606520, length=13, elements={
0x00000188ed6d9b70, 0x00000188fadccbf0, 0x00000188fadd0380, 0x00000188fadd7730,
0x00000188fadda670, 0x00000188fadd99c0, 0x00000188fade51c0, 0x00000188fadf6380,
0x00000188fadf76d0, 0x00000188ff209c90, 0x00000188ff29c400, 0x00000188d04440e0,
0x00000188d0f180c0
}

Java Threads: ( => current thread )
  0x00000188ed6d9b70 JavaThread "main"                              [_thread_blocked, id=32528, stack(0x0000005cb0100000,0x0000005cb0200000) (1024K)]
  0x00000188fadccbf0 JavaThread "Reference Handler"          daemon [_thread_blocked, id=26960, stack(0x0000005cb0900000,0x0000005cb0a00000) (1024K)]
  0x00000188fadd0380 JavaThread "Finalizer"                  daemon [_thread_blocked, id=31008, stack(0x0000005cb0a00000,0x0000005cb0b00000) (1024K)]
  0x00000188fadd7730 JavaThread "Signal Dispatcher"          daemon [_thread_blocked, id=29884, stack(0x0000005cb0b00000,0x0000005cb0c00000) (1024K)]
  0x00000188fadda670 JavaThread "Attach Listener"            daemon [_thread_blocked, id=17312, stack(0x0000005cb0c00000,0x0000005cb0d00000) (1024K)]
  0x00000188fadd99c0 JavaThread "Service Thread"             daemon [_thread_blocked, id=30868, stack(0x0000005cb0d00000,0x0000005cb0e00000) (1024K)]
  0x00000188fade51c0 JavaThread "Monitor Deflation Thread"   daemon [_thread_blocked, id=33684, stack(0x0000005cb0e00000,0x0000005cb0f00000) (1024K)]
  0x00000188fadf6380 JavaThread "C2 CompilerThread0"         daemon [_thread_in_native, id=8060, stack(0x0000005cb0f00000,0x0000005cb1000000) (1024K)]
  0x00000188fadf76d0 JavaThread "C1 CompilerThread0"         daemon [_thread_blocked, id=33880, stack(0x0000005cb1000000,0x0000005cb1100000) (1024K)]
  0x00000188ff209c90 JavaThread "Notification Thread"        daemon [_thread_blocked, id=30412, stack(0x0000005cb1100000,0x0000005cb1200000) (1024K)]
  0x00000188ff29c400 JavaThread "Common-Cleaner"             daemon [_thread_blocked, id=34788, stack(0x0000005cb1200000,0x0000005cb1300000) (1024K)]
=>0x00000188d04440e0 JavaThread "C2 CompilerThread1"         daemon [_thread_in_native, id=24248, stack(0x0000005cb1900000,0x0000005cb1a00000) (1024K)]
  0x00000188d0f180c0 JavaThread "C2 CompilerThread2"         daemon [_thread_in_native, id=35688, stack(0x0000005cb1c00000,0x0000005cb1d00000) (1024K)]
Total: 13

Other Threads:
  0x00000188ef8b2470 VMThread "VM Thread"                           [id=32864, stack(0x0000005cb0800000,0x0000005cb0900000) (1024K)]
  0x00000188fadbafc0 WatcherThread "VM Periodic Task Thread"        [id=35504, stack(0x0000005cb0700000,0x0000005cb0800000) (1024K)]
  0x00000188ef813d90 WorkerThread "GC Thread#0"                     [id=700, stack(0x0000005cb0200000,0x0000005cb0300000) (1024K)]
  0x00000188ff3a6860 WorkerThread "GC Thread#1"                     [id=23620, stack(0x0000005cb1400000,0x0000005cb1500000) (1024K)]
  0x00000188ff401c80 WorkerThread "GC Thread#2"                     [id=32444, stack(0x0000005cb1500000,0x0000005cb1600000) (1024K)]
  0x00000188ff402030 WorkerThread "GC Thread#3"                     [id=32780, stack(0x0000005cb1600000,0x0000005cb1700000) (1024K)]
  0x00000188ff7c70b0 WorkerThread "GC Thread#4"                     [id=33000, stack(0x0000005cb1800000,0x0000005cb1900000) (1024K)]
  0x00000188ff9431f0 WorkerThread "GC Thread#5"                     [id=24892, stack(0x0000005cb1300000,0x0000005cb1400000) (1024K)]
  0x00000188d02b3d40 WorkerThread "GC Thread#6"                     [id=29608, stack(0x0000005cb1a00000,0x0000005cb1b00000) (1024K)]
  0x00000188d0dcd2f0 WorkerThread "GC Thread#7"                     [id=22036, stack(0x0000005cb1b00000,0x0000005cb1c00000) (1024K)]
  0x00000188ef816e00 ConcurrentGCThread "G1 Main Marker"            [id=33252, stack(0x0000005cb0300000,0x0000005cb0400000) (1024K)]
  0x00000188ef818790 WorkerThread "G1 Conc#0"                       [id=35768, stack(0x0000005cb0400000,0x0000005cb0500000) (1024K)]
  0x00000188ff3e0e70 WorkerThread "G1 Conc#1"                       [id=35276, stack(0x0000005cb1700000,0x0000005cb1800000) (1024K)]
  0x00000188ef84f300 ConcurrentGCThread "G1 Refine#0"               [id=12872, stack(0x0000005cb0500000,0x0000005cb0600000) (1024K)]
  0x00000188ef84fe80 ConcurrentGCThread "G1 Service"                [id=31860, stack(0x0000005cb0600000,0x0000005cb0700000) (1024K)]
Total: 15

Threads with active compile tasks:
C2 CompilerThread0    14435 4314       4       lombok.core.configuration.BubblingConfigurationResolver::resolve (432 bytes)
C2 CompilerThread1    14435 3819       4       lombok.core.AST::buildWithField (21 bytes)
C2 CompilerThread2    14436 3936       4       lombok.core.AST::buildWithCollection (128 bytes)
Total: 3

VM state: at safepoint (normal execution)

VM Mutex/Monitor currently owned by a thread:  ([mutex/lock_event])
[0x00007ffd69be9f10] Threads_lock - owner thread: 0x00000188ef8b2470
[0x00007ffd69bea010] Heap_lock - owner thread: 0x00000188ef816e00

Heap address: 0x00000000f0000000, size: 256 MB, Compressed Oops mode: 32-bit

CDS archive(s) mapped at: [0x000001888f000000-0x000001888fc90000-0x000001888fc90000), size 13172736, SharedBaseAddress: 0x000001888f000000, ArchiveRelocationMode: 1.
Compressed class space mapped at: 0x0000018890000000-0x00000188d0000000, reserved size: 1073741824
Narrow klass base: 0x000001888f000000, Narrow klass shift: 0, Narrow klass range: 0x100000000

GC Precious Log:
 CardTable entry size: 512
 Card Set container configuration: InlinePtr #cards 5 size 8 Array Of Cards #cards 12 size 40 Howl #buckets 4 coarsen threshold 1843 Howl Bitmap #cards 512 size 80 coarsen threshold 460 Card regions per heap region 1 cards per card region 2048
 CPUs: 8 total, 8 available
 Memory: 8040M
 Large Page Support: Disabled
 NUMA Support: Disabled
 Compressed Oops: Enabled (32-bit)
 Heap Region Size: 1M
 Heap Min Capacity: 8M
 Heap Initial Capacity: 8M
 Heap Max Capacity: 256M
 Pre-touch: Disabled
 Parallel Workers: 8
 Concurrent Workers: 2
 Concurrent Refinement Workers: 8
 Periodic GC: Disabled

Heap:
 garbage-first heap   total 75776K, used 42856K [0x00000000f0000000, 0x0000000100000000)
  region size 1024K, 6 young (6144K), 3 survivors (3072K)
 Metaspace       used 14614K, committed 14976K, reserved 1114112K
  class space    used 1499K, committed 1728K, reserved 1048576K

Heap Regions: E=young(eden), S=young(survivor), O=old, HS=humongous(starts), HC=humongous(continues), CS=collection set, F=free, TAMS=top-at-mark-start, PB=parsable bottom
|   0|0x00000000f0000000, 0x00000000f0100000, 0x00000000f0100000|100%| O|  |TAMS 0x00000000f0100000| PB 0x00000000f0100000| Untracked 
|   1|0x00000000f0100000, 0x00000000f0200000, 0x00000000f0200000|100%| O|  |TAMS 0x00000000f0200000| PB 0x00000000f0200000| Updating 
|   2|0x00000000f0200000, 0x00000000f0300000, 0x00000000f0300000|100%|HS|  |TAMS 0x00000000f0300000| PB 0x00000000f0200000| Complete 
|   3|0x00000000f0300000, 0x00000000f0400000, 0x00000000f0400000|100%| O|  |TAMS 0x00000000f0400000| PB 0x00000000f0400000| Updating 
|   4|0x00000000f0400000, 0x00000000f0500000, 0x00000000f0500000|100%| O|  |TAMS 0x00000000f0500000| PB 0x00000000f0500000| Untracked 
|   5|0x00000000f0500000, 0x00000000f0600000, 0x00000000f0600000|100%| O|  |TAMS 0x00000000f0600000| PB 0x00000000f0600000| Untracked 
|   6|0x00000000f0600000, 0x00000000f0700000, 0x00000000f0700000|100%| O|  |TAMS 0x00000000f0700000| PB 0x00000000f0700000| Updating 
|   7|0x00000000f0700000, 0x00000000f0800000, 0x00000000f0800000|100%| O|  |TAMS 0x00000000f0800000| PB 0x00000000f0800000| Untracked 
|   8|0x00000000f0800000, 0x00000000f0900000, 0x00000000f0900000|100%|HS|  |TAMS 0x00000000f0900000| PB 0x00000000f0800000| Complete 
|   9|0x00000000f0900000, 0x00000000f0a00000, 0x00000000f0a00000|100%|HC|  |TAMS 0x00000000f0a00000| PB 0x00000000f0900000| Complete 
|  10|0x00000000f0a00000, 0x00000000f0b00000, 0x00000000f0b00000|100%|HC|  |TAMS 0x00000000f0b00000| PB 0x00000000f0a00000| Complete 
|  11|0x00000000f0b00000, 0x00000000f0c00000, 0x00000000f0c00000|100%| O|  |TAMS 0x00000000f0c00000| PB 0x00000000f0c00000| Untracked 
|  12|0x00000000f0c00000, 0x00000000f0d00000, 0x00000000f0d00000|100%| O|  |TAMS 0x00000000f0d00000| PB 0x00000000f0d00000| Untracked 
|  13|0x00000000f0d00000, 0x00000000f0e00000, 0x00000000f0e00000|100%| O|  |TAMS 0x00000000f0e00000| PB 0x00000000f0e00000| Untracked 
|  14|0x00000000f0e00000, 0x00000000f0f00000, 0x00000000f0f00000|100%| O|  |TAMS 0x00000000f0f00000| PB 0x00000000f0f00000| Updating 
|  15|0x00000000f0f00000, 0x00000000f1000000, 0x00000000f1000000|100%| O|  |TAMS 0x00000000f0fa4860| PB 0x00000000f0fa4860| Updating 
|  16|0x00000000f1000000, 0x00000000f1100000, 0x00000000f1100000|100%| O|  |TAMS 0x00000000f1100000| PB 0x00000000f1100000| Updating 
|  17|0x00000000f1100000, 0x00000000f1200000, 0x00000000f1200000|100%| O|  |TAMS 0x00000000f1200000| PB 0x00000000f1200000| Untracked 
|  18|0x00000000f1200000, 0x00000000f12632d0, 0x00000000f1300000| 38%| O|  |TAMS 0x00000000f1200000| PB 0x00000000f1200000| Updating 
|  19|0x00000000f1300000, 0x00000000f1400000, 0x00000000f1400000|100%| O|  |TAMS 0x00000000f1400000| PB 0x00000000f1400000| Untracked 
|  20|0x00000000f1400000, 0x00000000f1500000, 0x00000000f1500000|100%| O|  |TAMS 0x00000000f1500000| PB 0x00000000f1500000| Updating 
|  21|0x00000000f1500000, 0x00000000f1600000, 0x00000000f1600000|100%| O|  |TAMS 0x00000000f1600000| PB 0x00000000f1600000| Untracked 
|  22|0x00000000f1600000, 0x00000000f1700000, 0x00000000f1700000|100%| O|  |TAMS 0x00000000f1700000| PB 0x00000000f1700000| Untracked 
|  23|0x00000000f1700000, 0x00000000f1800000, 0x00000000f1800000|100%| O|  |TAMS 0x00000000f1800000| PB 0x00000000f1800000| Untracked 
|  24|0x00000000f1800000, 0x00000000f1900000, 0x00000000f1900000|100%| O|  |TAMS 0x00000000f1900000| PB 0x00000000f1900000| Updating 
|  25|0x00000000f1900000, 0x00000000f1a00000, 0x00000000f1a00000|100%| O|  |TAMS 0x00000000f1a00000| PB 0x00000000f1a00000| Updating 
|  26|0x00000000f1a00000, 0x00000000f1b00000, 0x00000000f1b00000|100%| O|  |TAMS 0x00000000f1b00000| PB 0x00000000f1b00000| Updating 
|  27|0x00000000f1b00000, 0x00000000f1c00000, 0x00000000f1c00000|100%| O|  |TAMS 0x00000000f1c00000| PB 0x00000000f1c00000| Untracked 
|  28|0x00000000f1c00000, 0x00000000f1d00000, 0x00000000f1d00000|100%| O|  |TAMS 0x00000000f1d00000| PB 0x00000000f1d00000| Untracked 
|  29|0x00000000f1d00000, 0x00000000f1e00000, 0x00000000f1e00000|100%| O|  |TAMS 0x00000000f1e00000| PB 0x00000000f1e00000| Untracked 
|  30|0x00000000f1e00000, 0x00000000f1f00000, 0x00000000f1f00000|100%| O|  |TAMS 0x00000000f1f00000| PB 0x00000000f1f00000| Updating 
|  31|0x00000000f1f00000, 0x00000000f2000000, 0x00000000f2000000|100%| O|  |TAMS 0x00000000f2000000| PB 0x00000000f2000000| Untracked 
|  32|0x00000000f2000000, 0x00000000f2100000, 0x00000000f2100000|100%|HS|  |TAMS 0x00000000f2100000| PB 0x00000000f2000000| Complete 
|  33|0x00000000f2100000, 0x00000000f2200000, 0x00000000f2200000|100%|HC|  |TAMS 0x00000000f2200000| PB 0x00000000f2100000| Complete 
|  34|0x00000000f2200000, 0x00000000f2200000, 0x00000000f2300000|  0%| F|  |TAMS 0x00000000f2200000| PB 0x00000000f2200000| Untracked 
|  35|0x00000000f2300000, 0x00000000f2300000, 0x00000000f2400000|  0%| F|  |TAMS 0x00000000f2300000| PB 0x00000000f2300000| Untracked 
|  36|0x00000000f2400000, 0x00000000f2500000, 0x00000000f2500000|100%| O|  |TAMS 0x00000000f2500000| PB 0x00000000f2500000| Untracked 
|  37|0x00000000f2500000, 0x00000000f2600000, 0x00000000f2600000|100%| O|  |TAMS 0x00000000f2600000| PB 0x00000000f2600000| Untracked 
|  38|0x00000000f2600000, 0x00000000f2700000, 0x00000000f2700000|100%| O|  |TAMS 0x00000000f2700000| PB 0x00000000f2700000| Untracked 
|  39|0x00000000f2700000, 0x00000000f2800000, 0x00000000f2800000|100%| O|  |TAMS 0x00000000f2800000| PB 0x00000000f2800000| Updating 
|  40|0x00000000f2800000, 0x00000000f2800000, 0x00000000f2900000|  0%| F|  |TAMS 0x00000000f2800000| PB 0x00000000f2800000| Untracked 
|  41|0x00000000f2900000, 0x00000000f2900000, 0x00000000f2a00000|  0%| F|  |TAMS 0x00000000f2900000| PB 0x00000000f2900000| Untracked 
|  42|0x00000000f2a00000, 0x00000000f2a76d50, 0x00000000f2b00000| 46%| S|CS|TAMS 0x00000000f2a00000| PB 0x00000000f2a00000| Complete 
|  43|0x00000000f2b00000, 0x00000000f2c00000, 0x00000000f2c00000|100%| S|CS|TAMS 0x00000000f2b00000| PB 0x00000000f2b00000| Complete 
|  44|0x00000000f2c00000, 0x00000000f2c00000, 0x00000000f2d00000|  0%| F|  |TAMS 0x00000000f2c00000| PB 0x00000000f2c00000| Untracked 
|  45|0x00000000f2d00000, 0x00000000f2d00000, 0x00000000f2e00000|  0%| F|  |TAMS 0x00000000f2d00000| PB 0x00000000f2d00000| Untracked 
|  46|0x00000000f2e00000, 0x00000000f2e00000, 0x00000000f2f00000|  0%| F|  |TAMS 0x00000000f2e00000| PB 0x00000000f2e00000| Untracked 
|  47|0x00000000f2f00000, 0x00000000f3000000, 0x00000000f3000000|100%| S|CS|TAMS 0x00000000f2f00000| PB 0x00000000f2f00000| Complete 
|  48|0x00000000f3000000, 0x00000000f3000000, 0x00000000f3100000|  0%| F|  |TAMS 0x00000000f3000000| PB 0x00000000f3000000| Untracked 
|  49|0x00000000f3100000, 0x00000000f3100000, 0x00000000f3200000|  0%| F|  |TAMS 0x00000000f3100000| PB 0x00000000f3100000| Untracked 
|  50|0x00000000f3200000, 0x00000000f3200000, 0x00000000f3300000|  0%| F|  |TAMS 0x00000000f3200000| PB 0x00000000f3200000| Untracked 
|  51|0x00000000f3300000, 0x00000000f3300000, 0x00000000f3400000|  0%| F|  |TAMS 0x00000000f3300000| PB 0x00000000f3300000| Untracked 
|  52|0x00000000f3400000, 0x00000000f3400000, 0x00000000f3500000|  0%| F|  |TAMS 0x00000000f3400000| PB 0x00000000f3400000| Untracked 
|  53|0x00000000f3500000, 0x00000000f3500000, 0x00000000f3600000|  0%| F|  |TAMS 0x00000000f3500000| PB 0x00000000f3500000| Untracked 
|  54|0x00000000f3600000, 0x00000000f3600000, 0x00000000f3700000|  0%| F|  |TAMS 0x00000000f3600000| PB 0x00000000f3600000| Untracked 
|  55|0x00000000f3700000, 0x00000000f3700000, 0x00000000f3800000|  0%| F|  |TAMS 0x00000000f3700000| PB 0x00000000f3700000| Untracked 
|  56|0x00000000f3800000, 0x00000000f3800000, 0x00000000f3900000|  0%| F|  |TAMS 0x00000000f3800000| PB 0x00000000f3800000| Untracked 
|  57|0x00000000f3900000, 0x00000000f3900000, 0x00000000f3a00000|  0%| F|  |TAMS 0x00000000f3900000| PB 0x00000000f3900000| Untracked 
|  58|0x00000000f3a00000, 0x00000000f3a00000, 0x00000000f3b00000|  0%| F|  |TAMS 0x00000000f3a00000| PB 0x00000000f3a00000| Untracked 
|  59|0x00000000f3b00000, 0x00000000f3b00000, 0x00000000f3c00000|  0%| F|  |TAMS 0x00000000f3b00000| PB 0x00000000f3b00000| Untracked 
|  60|0x00000000f3c00000, 0x00000000f3c00000, 0x00000000f3d00000|  0%| F|  |TAMS 0x00000000f3c00000| PB 0x00000000f3c00000| Untracked 
|  61|0x00000000f3d00000, 0x00000000f3d00000, 0x00000000f3e00000|  0%| F|  |TAMS 0x00000000f3d00000| PB 0x00000000f3d00000| Untracked 
|  62|0x00000000f3e00000, 0x00000000f3e00000, 0x00000000f3f00000|  0%| F|  |TAMS 0x00000000f3e00000| PB 0x00000000f3e00000| Untracked 
|  63|0x00000000f3f00000, 0x00000000f3f00000, 0x00000000f4000000|  0%| F|  |TAMS 0x00000000f3f00000| PB 0x00000000f3f00000| Untracked 
|  64|0x00000000f4000000, 0x00000000f4000000, 0x00000000f4100000|  0%| F|  |TAMS 0x00000000f4000000| PB 0x00000000f4000000| Untracked 
|  65|0x00000000f4100000, 0x00000000f4100000, 0x00000000f4200000|  0%| F|  |TAMS 0x00000000f4100000| PB 0x00000000f4100000| Untracked 
|  66|0x00000000f4200000, 0x00000000f4200000, 0x00000000f4300000|  0%| F|  |TAMS 0x00000000f4200000| PB 0x00000000f4200000| Untracked 
|  67|0x00000000f4300000, 0x00000000f4300000, 0x00000000f4400000|  0%| F|  |TAMS 0x00000000f4300000| PB 0x00000000f4300000| Untracked 
|  68|0x00000000f4400000, 0x00000000f4400000, 0x00000000f4500000|  0%| F|  |TAMS 0x00000000f4400000| PB 0x00000000f4400000| Untracked 
|  69|0x00000000f4500000, 0x00000000f457a580, 0x00000000f4600000| 47%| E|  |TAMS 0x00000000f4500000| PB 0x00000000f4500000| Complete 
|  70|0x00000000f4600000, 0x00000000f4700000, 0x00000000f4700000|100%| E|CS|TAMS 0x00000000f4600000| PB 0x00000000f4600000| Complete 
|  71|0x00000000f4700000, 0x00000000f4800000, 0x00000000f4800000|100%| E|CS|TAMS 0x00000000f4700000| PB 0x00000000f4700000| Complete 
|  72|0x00000000f4800000, 0x00000000f4800000, 0x00000000f4900000|  0%| F|  |TAMS 0x00000000f4800000| PB 0x00000000f4800000| Untracked 
|  73|0x00000000f4900000, 0x00000000f4900000, 0x00000000f4a00000|  0%| F|  |TAMS 0x00000000f4900000| PB 0x00000000f4900000| Untracked 

Card table byte_map: [0x00000188f7fe0000,0x00000188f8060000] _byte_map_base: 0x00000188f7860000

Marking Bits: (CMBitMap*) 0x00000188ef8144a0
 Bits: [0x00000188f8060000, 0x00000188f8460000)

Polling page: 0x00000188eefc0000

Metaspace:

Usage:
  Non-class:     12.81 MB used.
      Class:      1.46 MB used.
       Both:     14.27 MB used.

Virtual space:
  Non-class space:       64.00 MB reserved,      12.94 MB ( 20%) committed,  1 nodes.
      Class space:        1.00 GB reserved,       1.69 MB ( <1%) committed,  1 nodes.
             Both:        1.06 GB reserved,      14.62 MB (  1%) committed. 

Chunk freelists:
   Non-Class:  2.44 MB
       Class:  14.31 MB
        Both:  16.74 MB

MaxMetaspaceSize: unlimited
CompressedClassSpaceSize: 1.00 GB
Initial GC threshold: 21.00 MB
Current GC threshold: 24.38 MB
CDS: on
 - commit_granule_bytes: 65536.
 - commit_granule_words: 8192.
 - virtual_space_node_default_size: 8388608.
 - enlarge_chunks_in_place: 1.
 - use_allocation_guard: 0.


Internal statistics:

num_allocs_failed_limit: 0.
num_arena_births: 386.
num_arena_deaths: 0.
num_vsnodes_births: 2.
num_vsnodes_deaths: 0.
num_space_committed: 234.
num_space_uncommitted: 0.
num_chunks_returned_to_freelist: 0.
num_chunks_taken_from_freelist: 921.
num_chunk_merges: 0.
num_chunk_splits: 622.
num_chunks_enlarged: 418.
num_inconsistent_stats: 0.

CodeHeap 'non-profiled nmethods': size=120000Kb used=1640Kb max_used=1712Kb free=118359Kb
 bounds [0x0000018887ad0000, 0x0000018887d40000, 0x000001888f000000]
CodeHeap 'profiled nmethods': size=120000Kb used=8571Kb max_used=8949Kb free=111428Kb
 bounds [0x0000018880000000, 0x00000188808c0000, 0x0000018887530000]
CodeHeap 'non-nmethods': size=5760Kb used=1424Kb max_used=1488Kb free=4335Kb
 bounds [0x0000018887530000, 0x00000188877a0000, 0x0000018887ad0000]
 total_blobs=4285 nmethods=3793 adapters=393
 compilation: enabled
              stopped_count=0, restarted_count=0
 full_count=0

Compilation events (20 events):
Event: 14.240 Thread 0x00000188fadf76d0 4334       3       com.sun.tools.javac.code.Type::isInterface (22 bytes)
Event: 14.240 Thread 0x00000188fadf76d0 nmethod 4334 0x000001888088bd90 code [0x000001888088bf40, 0x000001888088c178]
Event: 14.240 Thread 0x00000188fadf76d0 4333       2       lombok.core.LombokNode::add (42 bytes)
Event: 14.241 Thread 0x00000188fadf76d0 nmethod 4333 0x000001888088c290 code [0x000001888088c460, 0x000001888088c720]
Event: 14.241 Thread 0x00000188fadf76d0 4335       1       lombok.delombok.FormatPreferences::generateFinalParams (5 bytes)
Event: 14.241 Thread 0x00000188fadf76d0 nmethod 4335 0x0000018887b9c090 code [0x0000018887b9c220, 0x0000018887b9c2f0]
Event: 14.241 Thread 0x00000188fadf76d0 4336       2       java.lang.Class::copyMethods (36 bytes)
Event: 14.242 Thread 0x00000188fadf76d0 nmethod 4336 0x000001888088c910 code [0x000001888088cb00, 0x000001888088cfd8]
Event: 14.244 Thread 0x00000188fadf76d0 4337       2       lombok.javac.handlers.JavacHandlerUtil$EnterReflect::memberEnter (90 bytes)
Event: 14.245 Thread 0x00000188fadf76d0 nmethod 4337 0x000001888088d310 code [0x000001888088d5a0, 0x000001888088df80]
Event: 14.245 Thread 0x00000188fadf76d0 4338       2       java.lang.invoke.LambdaForm$DMH/0x000001889019a800::invokeVirtual (18 bytes)
Event: 14.245 Thread 0x00000188fadf76d0 nmethod 4338 0x000001888088e510 code [0x000001888088e6c0, 0x000001888088e828]
Event: 14.246 Thread 0x00000188fadf76d0 4339       2       lombok.core.handlers.HandlerUtil::buildAccessorName (41 bytes)
Event: 14.246 Thread 0x00000188fadf76d0 nmethod 4339 0x000001888088e990 code [0x000001888088eb80, 0x000001888088eec0]
Event: 14.246 Thread 0x00000188fadf76d0 4340       2       lombok.core.configuration.CapitalizationStrategy::defaultValue (4 bytes)
Event: 14.246 Thread 0x00000188fadf76d0 nmethod 4340 0x000001888088f110 code [0x000001888088f2a0, 0x000001888088f390]
Event: 14.246 Thread 0x00000188fadf76d0 4341   !   2       lombok.core.AST::readConfigurationOr (71 bytes)
Event: 14.247 Thread 0x00000188fadf76d0 nmethod 4341 0x000001888088f410 code [0x000001888088f5e0, 0x000001888088f938]
Event: 14.247 Thread 0x00000188fadf76d0 4342       2       lombok.javac.handlers.JavacHandlerUtil::methodExists (235 bytes)
Event: 14.249 Thread 0x00000188fadf76d0 nmethod 4342 0x000001888088fc10 code [0x000001888088fea0, 0x0000018880890938]

GC Heap History (20 events):
Event: 3.373 GC heap after
{Heap after GC invocations=16 (full 0):
 garbage-first heap   total 32768K, used 18144K [0x00000000f0000000, 0x0000000100000000)
  region size 1024K, 1 young (1024K), 1 survivors (1024K)
 Metaspace       used 9466K, committed 9600K, reserved 1114112K
  class space    used 1016K, committed 1088K, reserved 1048576K
}
Event: 3.458 GC heap before
{Heap before GC invocations=16 (full 0):
 garbage-first heap   total 32768K, used 24288K [0x00000000f0000000, 0x0000000100000000)
  region size 1024K, 7 young (7168K), 1 survivors (1024K)
 Metaspace       used 9472K, committed 9600K, reserved 1114112K
  class space    used 1016K, committed 1088K, reserved 1048576K
}
Event: 3.461 GC heap after
{Heap after GC invocations=17 (full 0):
 garbage-first heap   total 32768K, used 19684K [0x00000000f0000000, 0x0000000100000000)
  region size 1024K, 1 young (1024K), 1 survivors (1024K)
 Metaspace       used 9472K, committed 9600K, reserved 1114112K
  class space    used 1016K, committed 1088K, reserved 1048576K
}
Event: 4.574 GC heap before
{Heap before GC invocations=18 (full 0):
 garbage-first heap   total 35840K, used 24804K [0x00000000f0000000, 0x0000000100000000)
  region size 1024K, 7 young (7168K), 1 survivors (1024K)
 Metaspace       used 9484K, committed 9664K, reserved 1114112K
  class space    used 1016K, committed 1088K, reserved 1048576K
}
Event: 4.578 GC heap after
{Heap after GC invocations=19 (full 0):
 garbage-first heap   total 35840K, used 22174K [0x00000000f0000000, 0x0000000100000000)
  region size 1024K, 1 young (1024K), 1 survivors (1024K)
 Metaspace       used 9484K, committed 9664K, reserved 1114112K
  class space    used 1016K, committed 1088K, reserved 1048576K
}
Event: 4.696 GC heap before
{Heap before GC invocations=19 (full 0):
 garbage-first heap   total 35840K, used 28318K [0x00000000f0000000, 0x0000000100000000)
  region size 1024K, 7 young (7168K), 1 survivors (1024K)
 Metaspace       used 9494K, committed 9664K, reserved 1114112K
  class space    used 1016K, committed 1088K, reserved 1048576K
}
Event: 4.703 GC heap after
{Heap after GC invocations=20 (full 0):
 garbage-first heap   total 71680K, used 23680K [0x00000000f0000000, 0x0000000100000000)
  region size 1024K, 1 young (1024K), 1 survivors (1024K)
 Metaspace       used 9494K, committed 9664K, reserved 1114112K
  class space    used 1016K, committed 1088K, reserved 1048576K
}
Event: 5.622 GC heap before
{Heap before GC invocations=20 (full 0):
 garbage-first heap   total 71680K, used 49280K [0x00000000f0000000, 0x0000000100000000)
  region size 1024K, 26 young (26624K), 1 survivors (1024K)
 Metaspace       used 10336K, committed 10496K, reserved 1114112K
  class space    used 1091K, committed 1152K, reserved 1048576K
}
Event: 5.640 GC heap after
{Heap after GC invocations=21 (full 0):
 garbage-first heap   total 71680K, used 31096K [0x00000000f0000000, 0x0000000100000000)
  region size 1024K, 4 young (4096K), 4 survivors (4096K)
 Metaspace       used 10336K, committed 10496K, reserved 1114112K
  class space    used 1091K, committed 1152K, reserved 1048576K
}
Event: 5.778 GC heap before
{Heap before GC invocations=21 (full 0):
 garbage-first heap   total 71680K, used 36216K [0x00000000f0000000, 0x0000000100000000)
  region size 1024K, 10 young (10240K), 4 survivors (4096K)
 Metaspace       used 10474K, committed 10624K, reserved 1114112K
  class space    used 1095K, committed 1152K, reserved 1048576K
}
Event: 5.792 GC heap after
{Heap after GC invocations=22 (full 0):
 garbage-first heap   total 71680K, used 32787K [0x00000000f0000000, 0x0000000100000000)
  region size 1024K, 2 young (2048K), 2 survivors (2048K)
 Metaspace       used 10474K, committed 10624K, reserved 1114112K
  class space    used 1095K, committed 1152K, reserved 1048576K
}
Event: 6.428 GC heap before
{Heap before GC invocations=23 (full 0):
 garbage-first heap   total 71680K, used 55315K [0x00000000f0000000, 0x0000000100000000)
  region size 1024K, 21 young (21504K), 2 survivors (2048K)
 Metaspace       used 10840K, committed 11008K, reserved 1114112K
  class space    used 1109K, committed 1152K, reserved 1048576K
}
Event: 6.444 GC heap after
{Heap after GC invocations=24 (full 0):
 garbage-first heap   total 71680K, used 38602K [0x00000000f0000000, 0x0000000100000000)
  region size 1024K, 3 young (3072K), 3 survivors (3072K)
 Metaspace       used 10840K, committed 11008K, reserved 1114112K
  class space    used 1109K, committed 1152K, reserved 1048576K
}
Event: 7.396 GC heap before
{Heap before GC invocations=24 (full 0):
 garbage-first heap   total 71680K, used 56010K [0x00000000f0000000, 0x0000000100000000)
  region size 1024K, 21 young (21504K), 3 survivors (3072K)
 Metaspace       used 12239K, committed 12416K, reserved 1114112K
  class space    used 1262K, committed 1344K, reserved 1048576K
}
Event: 7.414 GC heap after
{Heap after GC invocations=25 (full 0):
 garbage-first heap   total 71680K, used 39663K [0x00000000f0000000, 0x0000000100000000)
  region size 1024K, 1 young (1024K), 1 survivors (1024K)
 Metaspace       used 12239K, committed 12416K, reserved 1114112K
  class space    used 1262K, committed 1344K, reserved 1048576K
}
Event: 8.052 GC heap before
{Heap before GC invocations=25 (full 0):
 garbage-first heap   total 71680K, used 58095K [0x00000000f0000000, 0x0000000100000000)
  region size 1024K, 20 young (20480K), 1 survivors (1024K)
 Metaspace       used 13596K, committed 13888K, reserved 1114112K
  class space    used 1386K, committed 1536K, reserved 1048576K
}
Event: 8.057 GC heap after
{Heap after GC invocations=26 (full 0):
 garbage-first heap   total 71680K, used 40048K [0x00000000f0000000, 0x0000000100000000)
  region size 1024K, 2 young (2048K), 2 survivors (2048K)
 Metaspace       used 13596K, committed 13888K, reserved 1114112K
  class space    used 1386K, committed 1536K, reserved 1048576K
}
Event: 8.641 GC heap before
{Heap before GC invocations=27 (full 0):
 garbage-first heap   total 73728K, used 60528K [0x00000000f0000000, 0x0000000100000000)
  region size 1024K, 22 young (22528K), 2 survivors (2048K)
 Metaspace       used 14262K, committed 14592K, reserved 1114112K
  class space    used 1471K, committed 1664K, reserved 1048576K
}
Event: 8.650 GC heap after
{Heap after GC invocations=28 (full 0):
 garbage-first heap   total 73728K, used 40687K [0x00000000f0000000, 0x0000000100000000)
  region size 1024K, 2 young (2048K), 2 survivors (2048K)
 Metaspace       used 14262K, committed 14592K, reserved 1114112K
  class space    used 1471K, committed 1664K, reserved 1048576K
}
Event: 14.251 GC heap before
{Heap before GC invocations=28 (full 0):
 garbage-first heap   total 73728K, used 64239K [0x00000000f0000000, 0x0000000100000000)
  region size 1024K, 25 young (25600K), 2 survivors (2048K)
 Metaspace       used 14487K, committed 14848K, reserved 1114112K
  class space    used 1491K, committed 1664K, reserved 1048576K
}

Dll operation events (7 events):
Event: 0.013 Loaded shared library D:\mailon\Java\jdk-21.0.10\bin\java.dll
Event: 0.050 Loaded shared library D:\mailon\Java\jdk-21.0.10\bin\jsvml.dll
Event: 0.104 Loaded shared library D:\mailon\Java\jdk-21.0.10\bin\jimage.dll
Event: 0.218 Loaded shared library D:\mailon\Java\jdk-21.0.10\bin\net.dll
Event: 0.221 Loaded shared library D:\mailon\Java\jdk-21.0.10\bin\nio.dll
Event: 1.558 Loaded shared library D:\mailon\Java\jdk-21.0.10\bin\zip.dll
Event: 6.750 Loaded shared library D:\mailon\Java\jdk-21.0.10\bin\verify.dll

Deoptimization events (20 events):
Event: 8.993 Thread 0x00000188ed6d9b70 DEOPT PACKING pc=0x0000018880746f8e sp=0x0000005cb01fe1f0
Event: 8.994 Thread 0x00000188ed6d9b70 DEOPT UNPACKING pc=0x0000018887584e42 sp=0x0000005cb01fd6d8 mode 0
Event: 9.075 Thread 0x00000188ed6d9b70 DEOPT PACKING pc=0x0000018880746f8e sp=0x0000005cb01fd3c0
Event: 9.075 Thread 0x00000188ed6d9b70 DEOPT UNPACKING pc=0x0000018887584e42 sp=0x0000005cb01fc8a8 mode 0
Event: 9.156 Thread 0x00000188ed6d9b70 Uncommon trap: trap_request=0xffffffde fr.pc=0x0000018887b42d84 relative=0x0000000000000de4
Event: 9.156 Thread 0x00000188ed6d9b70 Uncommon trap: reason=class_check action=maybe_recompile pc=0x0000018887b42d84 method=java.util.concurrent.ConcurrentHashMap.putVal(Ljava/lang/Object;Ljava/lang/Object;Z)Ljava/lang/Object; @ 159 c2
Event: 9.156 Thread 0x00000188ed6d9b70 DEOPT PACKING pc=0x0000018887b42d84 sp=0x0000005cb01fdbf0
Event: 9.156 Thread 0x00000188ed6d9b70 DEOPT UNPACKING pc=0x00000188875846a2 sp=0x0000005cb01fdb70 mode 2
Event: 9.158 Thread 0x00000188ed6d9b70 Uncommon trap: trap_request=0xffffffde fr.pc=0x0000018887b42d84 relative=0x0000000000000de4
Event: 9.158 Thread 0x00000188ed6d9b70 Uncommon trap: reason=class_check action=maybe_recompile pc=0x0000018887b42d84 method=java.util.concurrent.ConcurrentHashMap.putVal(Ljava/lang/Object;Ljava/lang/Object;Z)Ljava/lang/Object; @ 159 c2
Event: 9.158 Thread 0x00000188ed6d9b70 DEOPT PACKING pc=0x0000018887b42d84 sp=0x0000005cb01fdbf0
Event: 9.158 Thread 0x00000188ed6d9b70 DEOPT UNPACKING pc=0x00000188875846a2 sp=0x0000005cb01fdb70 mode 2
Event: 9.162 Thread 0x00000188ed6d9b70 Uncommon trap: trap_request=0xffffffde fr.pc=0x0000018887b42d84 relative=0x0000000000000de4
Event: 9.162 Thread 0x00000188ed6d9b70 Uncommon trap: reason=class_check action=maybe_recompile pc=0x0000018887b42d84 method=java.util.concurrent.ConcurrentHashMap.putVal(Ljava/lang/Object;Ljava/lang/Object;Z)Ljava/lang/Object; @ 159 c2
Event: 9.162 Thread 0x00000188ed6d9b70 DEOPT PACKING pc=0x0000018887b42d84 sp=0x0000005cb01fdbf0
Event: 9.162 Thread 0x00000188ed6d9b70 DEOPT UNPACKING pc=0x00000188875846a2 sp=0x0000005cb01fdb70 mode 2
Event: 9.164 Thread 0x00000188ed6d9b70 Uncommon trap: trap_request=0xffffffde fr.pc=0x0000018887b42d84 relative=0x0000000000000de4
Event: 9.165 Thread 0x00000188ed6d9b70 Uncommon trap: reason=class_check action=maybe_recompile pc=0x0000018887b42d84 method=java.util.concurrent.ConcurrentHashMap.putVal(Ljava/lang/Object;Ljava/lang/Object;Z)Ljava/lang/Object; @ 159 c2
Event: 9.165 Thread 0x00000188ed6d9b70 DEOPT PACKING pc=0x0000018887b42d84 sp=0x0000005cb01fdbf0
Event: 9.165 Thread 0x00000188ed6d9b70 DEOPT UNPACKING pc=0x00000188875846a2 sp=0x0000005cb01fdb70 mode 2

Classes loaded (20 events):
Event: 7.887 Loading class java/util/Collections$UnmodifiableMap$UnmodifiableEntrySet$UnmodifiableEntry
Event: 7.887 Loading class java/util/Collections$UnmodifiableMap$UnmodifiableEntrySet$UnmodifiableEntry done
Event: 7.926 Loading class sun/reflect/generics/repository/FieldRepository
Event: 7.926 Loading class sun/reflect/generics/repository/FieldRepository done
Event: 8.225 Loading class sun/invoke/util/ValueConversions$1
Event: 8.225 Loading class sun/invoke/util/ValueConversions$1 done
Event: 8.226 Loading class java/lang/invoke/BoundMethodHandle$Species_LI
Event: 8.226 Loading class java/lang/invoke/BoundMethodHandle$Species_LI done
Event: 8.295 Loading class java/util/regex/Pattern$SliceI
Event: 8.295 Loading class java/util/regex/Pattern$SliceI done
Event: 8.300 Loading class java/util/regex/Pattern$Loop
Event: 8.302 Loading class java/util/regex/Pattern$Loop done
Event: 8.302 Loading class java/util/regex/Pattern$Prolog
Event: 8.302 Loading class java/util/regex/Pattern$Prolog done
Event: 8.497 Loading class java/lang/Deprecated
Event: 8.498 Loading class java/lang/Deprecated done
Event: 8.531 Loading class java/util/regex/Pattern$LazyLoop
Event: 8.533 Loading class java/util/regex/Pattern$LazyLoop done
Event: 8.533 Loading class java/util/regex/Pattern$Pos
Event: 8.533 Loading class java/util/regex/Pattern$Pos done

Classes unloaded (0 events):
No events

Classes redefined (0 events):
No events

Internal exceptions (20 events):
Event: 6.850 Thread 0x00000188ed6d9b70 Exception <a 'java/lang/NoSuchMethodError'{0x00000000f3fa24e8}: 'void java.lang.invoke.Invokers$Holder.invokeExact_MT(java.lang.Object, java.lang.Object, java.lang.Object, java.lang.Object)'> (0x00000000f3fa24e8) 
thrown [s\open\src\hotspot\share\interpreter\linkResolver.cpp, line 773]
Event: 8.028 Thread 0x00000188ed6d9b70 Implicit null exception at 0x0000018887c644c7 to 0x0000018887c64b6c
Event: 8.213 Thread 0x00000188ed6d9b70 Exception <a 'java/lang/NoSuchMethodError'{0x00000000f41e6c28}: 'java.lang.Object java.lang.invoke.DirectMethodHandle$Holder.invokeVirtual(java.lang.Object, java.lang.Object, java.lang.Object, java.lang.Object)'> (0x00000000f41e6c28) 
thrown [s\open\src\hotspot\share\interpreter\linkResolver.cpp, line 773]
Event: 8.225 Thread 0x00000188ed6d9b70 Exception <a 'java/lang/NoSuchMethodError'{0x00000000f4006138}: 'int java.lang.invoke.DirectMethodHandle$Holder.invokeSpecial(java.lang.Object, java.lang.Object, java.lang.Object, int)'> (0x00000000f4006138) 
thrown [s\open\src\hotspot\share\interpreter\linkResolver.cpp, line 773]
Event: 8.227 Thread 0x00000188ed6d9b70 Exception <a 'java/lang/NoSuchMethodError'{0x00000000f4018400}: 'java.lang.Object java.lang.invoke.DirectMethodHandle$Holder.invokeStatic(java.lang.Object, java.lang.Object, java.lang.Object, java.lang.Object, int)'> (0x00000000f4018400) 
thrown [s\open\src\hotspot\share\interpreter\linkResolver.cpp, line 773]
Event: 8.229 Thread 0x00000188ed6d9b70 Exception <a 'java/lang/NoSuchMethodError'{0x00000000f4023680}: 'void java.lang.invoke.DelegatingMethodHandle$Holder.reinvoke_L(java.lang.Object, java.lang.Object, java.lang.Object, int)'> (0x00000000f4023680) 
thrown [s\open\src\hotspot\share\interpreter\linkResolver.cpp, line 773]
Event: 8.317 Thread 0x00000188ed6d9b70 Exception <a 'java/lang/NoSuchMethodError'{0x00000000f3bc0e00}: 'long java.lang.invoke.DirectMethodHandle$Holder.invokeStatic(java.lang.Object, java.lang.Object, int)'> (0x00000000f3bc0e00) 
thrown [s\open\src\hotspot\share\interpreter\linkResolver.cpp, line 773]
Event: 8.318 Thread 0x00000188ed6d9b70 Exception <a 'java/lang/NoSuchMethodError'{0x00000000f3bc8698}: 'java.lang.Object java.lang.invoke.DirectMethodHandle$Holder.invokeSpecial(java.lang.Object, java.lang.Object, java.lang.Object, long, java.lang.Object)'> (0x00000000f3bc8698) 
thrown [s\open\src\hotspot\share\interpreter\linkResolver.cpp, line 773]
Event: 8.319 Thread 0x00000188ed6d9b70 Exception <a 'java/lang/NoSuchMethodError'{0x00000000f3bcc0b8}: 'java.lang.Object java.lang.invoke.DelegatingMethodHandle$Holder.reinvoke_L(java.lang.Object, java.lang.Object, long, java.lang.Object)'> (0x00000000f3bcc0b8) 
thrown [s\open\src\hotspot\share\interpreter\linkResolver.cpp, line 773]
Event: 8.321 Thread 0x00000188ed6d9b70 Exception <a 'java/lang/NoSuchMethodError'{0x00000000f3bdd928}: 'java.lang.Object java.lang.invoke.DirectMethodHandle$Holder.invokeVirtual(java.lang.Object, java.lang.Object, long)'> (0x00000000f3bdd928) 
thrown [s\open\src\hotspot\share\interpreter\linkResolver.cpp, line 773]
Event: 8.323 Thread 0x00000188ed6d9b70 Exception <a 'java/lang/NoSuchMethodError'{0x00000000f3beb240}: 'java.lang.Object java.lang.invoke.DirectMethodHandle$Holder.invokeVirtual(java.lang.Object, java.lang.Object, java.lang.Object, java.lang.Object, java.lang.Object, java.lang.Object, java.lang.Object, java.lang.Object, java.lang.Object, java.lang.Object)'> (0x00000000f3beb240) 
thrown [s\open\src\hotspot\share\interpreter\linkResolver.cpp, line 773]
Event: 8.335 Thread 0x00000188ed6d9b70 Exception <a 'java/lang/NoSuchMethodError'{0x00000000f3a0d110}: 'java.lang.Object java.lang.invoke.DirectMethodHandle$Holder.invokeStatic(java.lang.Object, java.lang.Object, int)'> (0x00000000f3a0d110) 
thrown [s\open\src\hotspot\share\interpreter\linkResolver.cpp, line 773]
Event: 8.337 Thread 0x00000188ed6d9b70 Exception <a 'java/lang/NoSuchMethodError'{0x00000000f3a17f68}: 'void java.lang.invoke.DelegatingMethodHandle$Holder.delegate(java.lang.Object, java.lang.Object, int, java.lang.Object)'> (0x00000000f3a17f68) 
thrown [s\open\src\hotspot\share\interpreter\linkResolver.cpp, line 773]
Event: 8.404 Thread 0x00000188ed6d9b70 Exception <a 'java/lang/NoSuchMethodError'{0x00000000f3924b58}: 'void java.lang.invoke.DirectMethodHandle$Holder.invokeVirtual(java.lang.Object, java.lang.Object)'> (0x00000000f3924b58) 
thrown [s\open\src\hotspot\share\interpreter\linkResolver.cpp, line 773]
Event: 8.408 Thread 0x00000188ed6d9b70 Exception <a 'java/lang/NoSuchMethodError'{0x00000000f392ea70}: 'void java.lang.invoke.DirectMethodHandle$Holder.invokeVirtual(java.lang.Object, java.lang.Object, java.lang.Object, java.lang.Object)'> (0x00000000f392ea70) 
thrown [s\open\src\hotspot\share\interpreter\linkResolver.cpp, line 773]
Event: 8.438 Thread 0x00000188ed6d9b70 Exception <a 'java/lang/NoSuchMethodError'{0x00000000f3983a08}: 'java.lang.Object java.lang.invoke.DirectMethodHandle$Holder.invokeVirtual(java.lang.Object, java.lang.Object, java.lang.Object, java.lang.Object, java.lang.Object, java.lang.Object, java.lang.Object, java.lang.Object)'> (0x00000000f3983a08) 
thrown [s\open\src\hotspot\share\interpreter\linkResolver.cpp, line 773]
Event: 8.451 Thread 0x00000188ed6d9b70 Exception <a 'java/lang/NoSuchMethodError'{0x00000000f39b5b10}: 'java.lang.Object java.lang.invoke.DirectMethodHandle$Holder.invokeVirtual(java.lang.Object, java.lang.Object, java.lang.Object, java.lang.Object, java.lang.Object, java.lang.Object)'> (0x00000000f39b5b10) 
thrown [s\open\src\hotspot\share\interpreter\linkResolver.cpp, line 773]
Event: 8.569 Thread 0x00000188ed6d9b70 Exception <a 'java/lang/NoSuchMethodError'{0x00000000f3663138}: 'java.lang.Object java.lang.invoke.DirectMethodHandle$Holder.invokeVirtual(java.lang.Object, java.lang.Object, java.lang.Object, java.lang.Object, java.lang.Object)'> (0x00000000f3663138) 
thrown [s\open\src\hotspot\share\interpreter\linkResolver.cpp, line 773]
Event: 8.572 Thread 0x00000188ed6d9b70 Exception <a 'java/lang/NoSuchMethodError'{0x00000000f3671ed8}: 'java.lang.Object java.lang.invoke.Invokers$Holder.invokeExact_MT(java.lang.Object, java.lang.Object, java.lang.Object, java.lang.Object, java.lang.Object, java.lang.Object)'> (0x00000000f3671ed8) 
thrown [s\open\src\hotspot\share\interpreter\linkResolver.cpp, line 773]
Event: 8.575 Thread 0x00000188ed6d9b70 Exception <a 'java/lang/NoSuchMethodError'{0x00000000f3687a70}: 'java.lang.Object java.lang.invoke.DirectMethodHandle$Holder.invokeVirtual(java.lang.Object, java.lang.Object, java.lang.Object, java.lang.Object, java.lang.Object, java.lang.Object, java.lang.Object)'> (0x00000000f3687a70) 
thrown [s\open\src\hotspot\share\interpreter\linkResolver.cpp, line 773]

ZGC Phase Switch (0 events):
No events

VM Operations (20 events):
Event: 7.864 Executing VM operation: HandshakeAllThreads (Deoptimize) done
Event: 7.897 Executing VM operation: HandshakeAllThreads (Deoptimize)
Event: 7.897 Executing VM operation: HandshakeAllThreads (Deoptimize) done
Event: 8.052 Executing VM operation: G1CollectForAllocation (G1 Evacuation Pause)
Event: 8.057 Executing VM operation: G1CollectForAllocation (G1 Evacuation Pause) done
Event: 8.100 Executing VM operation: G1PauseRemark
Event: 8.122 Executing VM operation: G1PauseRemark done
Event: 8.145 Executing VM operation: G1PauseCleanup
Event: 8.146 Executing VM operation: G1PauseCleanup done
Event: 8.334 Executing VM operation: HandshakeAllThreads (Deoptimize)
Event: 8.334 Executing VM operation: HandshakeAllThreads (Deoptimize) done
Event: 8.543 Executing VM operation: HandshakeAllThreads (Deoptimize)
Event: 8.543 Executing VM operation: HandshakeAllThreads (Deoptimize) done
Event: 8.640 Executing VM operation: G1CollectForAllocation (G1 Evacuation Pause)
Event: 8.650 Executing VM operation: G1CollectForAllocation (G1 Evacuation Pause) done
Event: 9.662 Executing VM operation: Cleanup
Event: 10.211 Executing VM operation: Cleanup done
Event: 14.244 Executing VM operation: Cleanup
Event: 14.244 Executing VM operation: Cleanup done
Event: 14.251 Executing VM operation: G1CollectForAllocation (G1 Evacuation Pause)

Events (20 events):
Event: 8.105 Thread 0x00000188ef8b2470 flushing nmethod 0x0000018880345e90
Event: 8.105 Thread 0x00000188ef8b2470 flushing nmethod 0x00000188803a2710
Event: 8.105 Thread 0x00000188ef8b2470 flushing nmethod 0x00000188803a9990
Event: 8.105 Thread 0x00000188ef8b2470 flushing nmethod 0x00000188803a9f90
Event: 8.105 Thread 0x00000188ef8b2470 flushing nmethod 0x00000188803bd590
Event: 8.105 Thread 0x00000188ef8b2470 flushing nmethod 0x00000188803d6f90
Event: 8.105 Thread 0x00000188ef8b2470 flushing nmethod 0x00000188803f5a10
Event: 8.105 Thread 0x00000188ef8b2470 flushing nmethod 0x0000018880417d90
Event: 8.105 Thread 0x00000188ef8b2470 flushing nmethod 0x000001888041e410
Event: 8.105 Thread 0x00000188ef8b2470 flushing nmethod 0x000001888041ff90
Event: 8.105 Thread 0x00000188ef8b2470 flushing nmethod 0x0000018880420390
Event: 8.105 Thread 0x00000188ef8b2470 flushing nmethod 0x0000018880420a90
Event: 8.105 Thread 0x00000188ef8b2470 flushing nmethod 0x0000018880429e10
Event: 8.105 Thread 0x00000188ef8b2470 flushing nmethod 0x000001888042c390
Event: 8.105 Thread 0x00000188ef8b2470 flushing nmethod 0x000001888042d490
Event: 8.105 Thread 0x00000188ef8b2470 flushing nmethod 0x000001888044b190
Event: 8.105 Thread 0x00000188ef8b2470 flushing nmethod 0x0000018880457f90
Event: 8.105 Thread 0x00000188ef8b2470 flushing nmethod 0x000001888046c190
Event: 8.105 Thread 0x00000188ef8b2470 flushing nmethod 0x0000018880486d90
Event: 8.759 Thread 0x00000188d0f180c0 Thread added: 0x00000188d0f180c0


Dynamic libraries:
0x00007ff79abd0000 - 0x00007ff79abd8000 	D:\mailon\Java\jdk-21.0.10\bin\javac.exe
0x00007ffe20340000 - 0x00007ffe205a7000 	C:\WINDOWS\SYSTEM32\ntdll.dll
0x00007ffe1f710000 - 0x00007ffe1f7d9000 	C:\WINDOWS\System32\KERNEL32.DLL
0x00007ffe1ce40000 - 0x00007ffe1d234000 	C:\WINDOWS\System32\KERNELBASE.dll
0x00007ffe1df80000 - 0x00007ffe1e0cb000 	C:\WINDOWS\System32\ucrtbase.dll
0x00007ffe175b0000 - 0x00007ffe175ce000 	D:\mailon\Java\jdk-21.0.10\bin\VCRUNTIME140.dll
0x00007ffe175d0000 - 0x00007ffe175e9000 	D:\mailon\Java\jdk-21.0.10\bin\jli.dll
0x00007ffe20240000 - 0x00007ffe202f6000 	C:\WINDOWS\System32\ADVAPI32.dll
0x00007ffe1f540000 - 0x00007ffe1f5e9000 	C:\WINDOWS\System32\msvcrt.dll
0x00007ffe1f7e0000 - 0x00007ffe1f887000 	C:\WINDOWS\System32\sechost.dll
0x00007ffe1f5f0000 - 0x00007ffe1f708000 	C:\WINDOWS\System32\RPCRT4.dll
0x00007ffe1ee10000 - 0x00007ffe1efd5000 	C:\WINDOWS\System32\USER32.dll
0x00007ffe1ce10000 - 0x00007ffe1ce37000 	C:\WINDOWS\System32\win32u.dll
0x00007ffe1f890000 - 0x00007ffe1f8bb000 	C:\WINDOWS\System32\GDI32.dll
0x00007ffe1dab0000 - 0x00007ffe1dbdb000 	C:\WINDOWS\System32\gdi32full.dll
0x00007ffe0c8f0000 - 0x00007ffe0cb83000 	C:\WINDOWS\WinSxS\amd64_microsoft.windows.common-controls_6595b64144ccf1df_6.0.26100.8115_none_3e075c82e3354f9c\COMCTL32.dll
0x00007ffe1ded0000 - 0x00007ffe1df73000 	C:\WINDOWS\System32\msvcp_win.dll
0x00007ffe16170000 - 0x00007ffe1617b000 	C:\WINDOWS\SYSTEM32\VERSION.dll
0x00007ffe1e170000 - 0x00007ffe1e1a2000 	C:\WINDOWS\System32\IMM32.DLL
0x00007ffe17510000 - 0x00007ffe1751c000 	D:\mailon\Java\jdk-21.0.10\bin\vcruntime140_1.dll
0x00007ffe02390000 - 0x00007ffe0241d000 	D:\mailon\Java\jdk-21.0.10\bin\msvcp140.dll
0x00007ffd68fa0000 - 0x00007ffd69cc7000 	D:\mailon\Java\jdk-21.0.10\bin\server\jvm.dll
0x00007ffe201b0000 - 0x00007ffe20230000 	C:\WINDOWS\System32\WS2_32.dll
0x00007ffe1ca90000 - 0x00007ffe1caee000 	C:\WINDOWS\SYSTEM32\POWRPROF.dll
0x00007ffdfca90000 - 0x00007ffdfcac6000 	C:\WINDOWS\SYSTEM32\WINMM.dll
0x00007ffe1ca70000 - 0x00007ffe1ca84000 	C:\WINDOWS\SYSTEM32\UMPDC.dll
0x00007ffe1b970000 - 0x00007ffe1b98b000 	C:\WINDOWS\SYSTEM32\kernel.appcore.dll
0x00007ffe17500000 - 0x00007ffe1750a000 	D:\mailon\Java\jdk-21.0.10\bin\jimage.dll
0x00007ffe0d0b0000 - 0x00007ffe0d2f2000 	C:\WINDOWS\SYSTEM32\DBGHELP.DLL
0x00007ffe1e7e0000 - 0x00007ffe1eb62000 	C:\WINDOWS\System32\combase.dll
0x00007ffe1f0d0000 - 0x00007ffe1f1a8000 	C:\WINDOWS\System32\OLEAUT32.dll
0x00007ffe033e0000 - 0x00007ffe0341b000 	C:\WINDOWS\SYSTEM32\dbgcore.DLL
0x00007ffe1dd60000 - 0x00007ffe1de05000 	C:\WINDOWS\System32\bcryptPrimitives.dll
0x00007ffe10450000 - 0x00007ffe10471000 	D:\mailon\Java\jdk-21.0.10\bin\java.dll
0x00007ffe1fa40000 - 0x00007ffe201a7000 	C:\WINDOWS\System32\SHELL32.dll
0x00007ffe1cc10000 - 0x00007ffe1cd7a000 	C:\WINDOWS\System32\wintypes.dll
0x00007ffe1d240000 - 0x00007ffe1daa8000 	C:\WINDOWS\System32\windows.storage.dll
0x00007ffe1f220000 - 0x00007ffe1f318000 	C:\WINDOWS\System32\SHCORE.dll
0x00007ffe1f9d0000 - 0x00007ffe1fa36000 	C:\WINDOWS\System32\shlwapi.dll
0x00007ffe1cb30000 - 0x00007ffe1cb59000 	C:\WINDOWS\SYSTEM32\profapi.dll
0x00007ffe00160000 - 0x00007ffe00237000 	D:\mailon\Java\jdk-21.0.10\bin\jsvml.dll
0x00007ffe10380000 - 0x00007ffe10391000 	D:\mailon\Java\jdk-21.0.10\bin\net.dll
0x00007ffe15b50000 - 0x00007ffe15c7d000 	C:\WINDOWS\SYSTEM32\WINHTTP.dll
0x00007ffe1bed0000 - 0x00007ffe1bf3c000 	C:\WINDOWS\system32\mswsock.dll
0x00007ffe0e890000 - 0x00007ffe0e8a6000 	D:\mailon\Java\jdk-21.0.10\bin\nio.dll
0x00007ffe0e870000 - 0x00007ffe0e888000 	D:\mailon\Java\jdk-21.0.10\bin\zip.dll
0x00007ffe17490000 - 0x00007ffe174a0000 	D:\mailon\Java\jdk-21.0.10\bin\verify.dll

dbghelp: loaded successfully - version: 4.0.5 - missing functions: none
symbol engine: initialized successfully - sym options: 0x614 - pdb path: .;D:\mailon\Java\jdk-21.0.10\bin;C:\WINDOWS\SYSTEM32;C:\WINDOWS\WinSxS\amd64_microsoft.windows.common-controls_6595b64144ccf1df_6.0.26100.8115_none_3e075c82e3354f9c;D:\mailon\Java\jdk-21.0.10\bin\server

VM Arguments:
jvm_args: -Dapplication.home=D:\mailon\Java\jdk-21.0.10 --add-modules=ALL-DEFAULT -Xms8m -Xmx256m -Djdk.module.main=jdk.compiler 
java_command: jdk.compiler/com.sun.tools.javac.Main @C:/Users/Usuario/AppData/Local/Temp/org.codehaus.plexus.compiler.javac.JavacCompiler2444001482461907663arguments
java_class_path (initial): <not set>
Launcher Type: SUN_STANDARD

[Global flags]
     intx CICompilerCount                          = 4                                         {product} {ergonomic}
     uint ConcGCThreads                            = 2                                         {product} {ergonomic}
     uint G1ConcRefinementThreads                  = 8                                         {product} {ergonomic}
   size_t G1HeapRegionSize                         = 1048576                                   {product} {ergonomic}
    uintx GCDrainStackTargetSize                   = 64                                        {product} {ergonomic}
   size_t InitialHeapSize                          = 8388608                                   {product} {command line}
   size_t MarkStackSize                            = 4194304                                   {product} {ergonomic}
   size_t MaxHeapSize                              = 268435456                                 {product} {command line}
   size_t MaxNewSize                               = 160432128                                 {product} {ergonomic}
   size_t MinHeapDeltaBytes                        = 1048576                                   {product} {ergonomic}
   size_t MinHeapSize                              = 8388608                                   {product} {command line}
    uintx NonNMethodCodeHeapSize                   = 5839372                                {pd product} {ergonomic}
    uintx NonProfiledCodeHeapSize                  = 122909434                              {pd product} {ergonomic}
    uintx ProfiledCodeHeapSize                     = 122909434                              {pd product} {ergonomic}
    uintx ReservedCodeCacheSize                    = 251658240                              {pd product} {ergonomic}
     bool SegmentedCodeCache                       = true                                      {product} {ergonomic}
   size_t SoftMaxHeapSize                          = 268435456                              {manageable} {ergonomic}
     bool UseCompressedOops                        = true                           {product lp64_product} {ergonomic}
     bool UseG1GC                                  = true                                      {product} {ergonomic}
     bool UseLargePagesIndividualAllocation        = false                                  {pd product} {ergonomic}

Logging:
Log output configuration:
 #0: stdout all=warning uptime,level,tags foldmultilines=false
 #1: stderr all=off uptime,level,tags foldmultilines=false

Environment Variables:
JAVA_HOME=D:/mailon/Java/jdk-21.0.10
PATH=D:\Program Files\Git\mingw64\bin;D:\Program Files\Git\usr\bin;C:\Users\Usuario\bin;C:\Program Files\Common Files\Oracle\Java\javapath;C:\WINDOWS\system32;C:\WINDOWS;C:\WINDOWS\System32\Wbem;C:\WINDOWS\System32\WindowsPowerShell\v1.0;C:\WINDOWS\System32\OpenSSH;D:\Program Files\nodejs;D:\mailon\Usuario\Desktop\apache-maven-3.9.14-bin (1)\apache-maven-3.9.14\bin;D:\Program Files\Git\cmd;C:\Users\Usuario\AppData\Local\Programs\Trae\bin;D:\mailon\Usuario\Downloads\ffmpeg-8.0.1-essentials_build\ffmpeg-8.0.1-essentials_build\bin;D:\mailon\Usuario\Desktop\apache-maven-3.9.14-bin (1)\apache-maven-3.9.14\bin;C:\Users\Usuario\AppData\Roaming\npm
USERNAME=Usuario
TERM=xterm-256color
OS=Windows_NT
PROCESSOR_IDENTIFIER=Intel64 Family 6 Model 142 Stepping 12, GenuineIntel
TMP=C:\Users\Usuario\AppData\Local\Temp
TEMP=C:\Users\Usuario\AppData\Local\Temp




Periodic native trim disabled

---------------  S Y S T E M  ---------------

OS:
 Windows 11 , 64 bit Build 26100 (10.0.26100.8246)
OS uptime: 5 days 17:49 hours
Hyper-V role detected

CPU: total 8 (initial active 8) (4 cores per cpu, 2 threads per core) family 6 model 142 stepping 12 microcode 0xde, cx8, cmov, fxsr, ht, mmx, 3dnowpref, sse, sse2, sse3, ssse3, sse4.1, sse4.2, popcnt, lzcnt, tsc, tscinvbit, avx, avx2, aes, erms, clmul, bmi1, bmi2, adx, fma, vzeroupper, clflush, clflushopt, hv, rdtscp, f16c
Processor Information for all 8 processors :
  Max Mhz: 1800, Current Mhz: 1600, Mhz Limit: 1584

Memory: 4k page, system-wide physical 8040M (889M free)
TotalPageFile size 32616M (AvailPageFile size 16M)
current process WorkingSet (physical memory assigned to process): 217M, peak: 221M
current process commit charge ("private bytes"): 252M, peak: 257M

vm_info: Java HotSpot(TM) 64-Bit Server VM (21.0.10+8-LTS-217) for windows-amd64 JRE (21.0.10+8-LTS-217), built on 2025-12-18T14:59:28Z by "mach5run" with MS VC++ 17.13 (VS2022)

END.
