#
# There is insufficient memory for the Java Runtime Environment to continue.
# Native memory allocation (malloc) failed to allocate 1098256 bytes for Chunk::new
# Possible reasons:
#   The system is out of physical RAM or swap space
#   The process is running with CompressedOops enabled, and the Java Heap may be blocking the growth of the native heap
# Possible solutions:
#   Reduce memory load on the system
#   Increase physical memory or swap space
#   Check if swap backing store is full
#   Decrease Java heap size (-Xmx/-Xms)
#   Decrease number of Java threads
#   Decrease Java thread stack sizes (-Xss)
#   Set larger code cache with -XX:ReservedCodeCacheSize=
#   JVM is running with Unscaled Compressed Oops mode in which the Java heap is
#     placed in the first 4GB address space. The Java Heap base address is the
#     maximum limit for the native heap growth. Please use -XX:HeapBaseMinAddress
#     to set the Java Heap base and to place the Java Heap above 4GB virtual address.
# This output file may be truncated or incomplete.
#
#  Out of Memory Error (arena.cpp:168), pid=26264, tid=16604
#
# JRE version: Java(TM) SE Runtime Environment (21.0.10+8) (build 21.0.10+8-LTS-217)
# Java VM: Java HotSpot(TM) 64-Bit Server VM (21.0.10+8-LTS-217, mixed mode, sharing, tiered, compressed oops, compressed class ptrs, g1 gc, windows-amd64)
# No core dump will be written. Minidumps are not enabled by default on client versions of Windows
#

---------------  S U M M A R Y ------------

Command Line: --add-opens=java.base/java.lang=ALL-UNNAMED --enable-native-access=ALL-UNNAMED -Dclassworlds.conf=D:/mailon/Usuario/Desktop/apache-maven-3.9.14-bin (1)/apache-maven-3.9.14/bin/m2.conf -Dmaven.home=D:/mailon/Usuario/Desktop/apache-maven-3.9.14-bin (1)/apache-maven-3.9.14 -Dlibrary.jansi.path=D:/mailon/Usuario/Desktop/apache-maven-3.9.14-bin (1)/apache-maven-3.9.14/lib/jansi-native -Dmaven.multiModuleProjectDirectory=D:/mailon/Usuario/Desktop/Smartwallet org.codehaus.plexus.classworlds.launcher.Launcher test

Host: Intel(R) Core(TM) i5-8265U CPU @ 1.60GHz, 8 cores, 7G,  Windows 11 , 64 bit Build 26100 (10.0.26100.8246)
Time: Thu Apr 23 04:48:59 2026 Hora oficial do Brasil elapsed time: 39.055532 seconds (0d 0h 0m 39s)

---------------  T H R E A D  ---------------

Current thread (0x00000180c2f98a90):  JavaThread "C2 CompilerThread0" daemon [_thread_in_native, id=16604, stack(0x0000004554c00000,0x0000004554d00000) (1024K)]


Current CompileTask:
C2:  39055 27303       4       com.sun.tools.javac.comp.Check::checkType (168 bytes)

Stack: [0x0000004554c00000,0x0000004554d00000]
Native frames: (J=compiled Java code, j=interpreted, Vv=VM code, C=native code)
V  [jvm.dll+0x6d0b59]
V  [jvm.dll+0x85fd56]
V  [jvm.dll+0x86224e]
V  [jvm.dll+0x862923]
V  [jvm.dll+0x282a16]
V  [jvm.dll+0xc662d]
V  [jvm.dll+0xc6b71]
V  [jvm.dll+0x3bbb21]
V  [jvm.dll+0x387fd2]
V  [jvm.dll+0x38741a]
V  [jvm.dll+0x24b370]
V  [jvm.dll+0x24a94f]
V  [jvm.dll+0x1cacfe]
V  [jvm.dll+0x25a629]
V  [jvm.dll+0x258bb5]
V  [jvm.dll+0x3f4da1]
V  [jvm.dll+0x80a83d]
V  [jvm.dll+0x6cf3fd]
C  [ucrtbase.dll+0x37b0]
C  [KERNEL32.DLL+0x2e8d7]
C  [ntdll.dll+0x8c3fc]


---------------  P R O C E S S  ---------------

Threads class SMR info:
_java_thread_list=0x0000018108f17590, length=21, elements={
0x00000180a6629820, 0x00000180c2f7ef20, 0x00000180c2f837c0, 0x00000180c2f86f50,
0x00000180c2f87c10, 0x00000180c2f8c4e0, 0x00000180c2f8ec70, 0x00000180c2f98a90,
0x00000180c2f9e030, 0x00000181082e86e0, 0x00000181082f4bb0, 0x0000018108ee3ad0,
0x000001810c88c000, 0x000001810b2ce260, 0x000001810b2cc820, 0x000001810c953a30,
0x00000181092c6380, 0x00000181092cbf60, 0x00000181092c9e90, 0x00000181092ca520,
0x000001810c6e8800
}

Java Threads: ( => current thread )
  0x00000180a6629820 JavaThread "main"                              [_thread_in_native, id=2456, stack(0x0000004553e00000,0x0000004553f00000) (1024K)]
  0x00000180c2f7ef20 JavaThread "Reference Handler"          daemon [_thread_blocked, id=16476, stack(0x0000004554600000,0x0000004554700000) (1024K)]
  0x00000180c2f837c0 JavaThread "Finalizer"                  daemon [_thread_blocked, id=26952, stack(0x0000004554700000,0x0000004554800000) (1024K)]
  0x00000180c2f86f50 JavaThread "Signal Dispatcher"          daemon [_thread_blocked, id=13820, stack(0x0000004554800000,0x0000004554900000) (1024K)]
  0x00000180c2f87c10 JavaThread "Attach Listener"            daemon [_thread_blocked, id=21232, stack(0x0000004554900000,0x0000004554a00000) (1024K)]
  0x00000180c2f8c4e0 JavaThread "Service Thread"             daemon [_thread_blocked, id=9388, stack(0x0000004554a00000,0x0000004554b00000) (1024K)]
  0x00000180c2f8ec70 JavaThread "Monitor Deflation Thread"   daemon [_thread_blocked, id=29888, stack(0x0000004554b00000,0x0000004554c00000) (1024K)]
=>0x00000180c2f98a90 JavaThread "C2 CompilerThread0"         daemon [_thread_in_native, id=16604, stack(0x0000004554c00000,0x0000004554d00000) (1024K)]
  0x00000180c2f9e030 JavaThread "C1 CompilerThread0"         daemon [_thread_blocked, id=4836, stack(0x0000004554d00000,0x0000004554e00000) (1024K)]
  0x00000181082e86e0 JavaThread "Notification Thread"        daemon [_thread_blocked, id=27876, stack(0x0000004554e00000,0x0000004554f00000) (1024K)]
  0x00000181082f4bb0 JavaThread "Common-Cleaner"             daemon [_thread_blocked, id=15648, stack(0x0000004554f00000,0x0000004555000000) (1024K)]
  0x0000018108ee3ad0 JavaThread "Thread-1"                   daemon [_thread_blocked, id=24460, stack(0x0000004555100000,0x0000004555200000) (1024K)]
  0x000001810c88c000 JavaThread "resolver-1"                 daemon [_thread_blocked, id=2104, stack(0x0000004555a00000,0x0000004555b00000) (1024K)]
  0x000001810b2ce260 JavaThread "resolver-2"                 daemon [_thread_blocked, id=30548, stack(0x0000004553b00000,0x0000004553c00000) (1024K)]
  0x000001810b2cc820 JavaThread "timeout-check-timer"        daemon [_thread_blocked, id=26352, stack(0x0000004555000000,0x0000004555100000) (1024K)]
  0x000001810c953a30 JavaThread "ping-timer-10s"             daemon [_thread_blocked, id=30444, stack(0x0000004555b00000,0x0000004555c00000) (1024K)]
  0x00000181092c6380 JavaThread "ThreadedStreamConsumer"     daemon [_thread_blocked, id=25484, stack(0x0000004555c00000,0x0000004555d00000) (1024K)]
  0x00000181092cbf60 JavaThread "fork-1-err-thread"          daemon [_thread_in_native, id=5832, stack(0x0000004555d00000,0x0000004555e00000) (1024K)]
  0x00000181092c9e90 JavaThread "commands-fork-1"            daemon [_thread_blocked, id=2268, stack(0x0000004555e00000,0x0000004555f00000) (1024K)]
  0x00000181092ca520 JavaThread "fork-1-event-thread"        daemon [_thread_in_native, id=700, stack(0x0000004555f00000,0x0000004556000000) (1024K)]
  0x000001810c6e8800 JavaThread "C2 CompilerThread1"         daemon [_thread_in_native, id=15032, stack(0x0000004556000000,0x0000004556100000) (1024K)]
Total: 21

Other Threads:
  0x00000180c2f63150 VMThread "VM Thread"                           [id=9428, stack(0x0000004554500000,0x0000004554600000) (1024K)]
  0x00000180c2f4d9d0 WatcherThread "VM Periodic Task Thread"        [id=26800, stack(0x0000004554400000,0x0000004554500000) (1024K)]
  0x00000180a667bb30 WorkerThread "GC Thread#0"                     [id=8024, stack(0x0000004553f00000,0x0000004554000000) (1024K)]
  0x00000180c2f63500 WorkerThread "GC Thread#1"                     [id=22756, stack(0x0000004555200000,0x0000004555300000) (1024K)]
  0x00000180c2f63c60 WorkerThread "GC Thread#2"                     [id=10572, stack(0x0000004555300000,0x0000004555400000) (1024K)]
  0x00000180c2f64010 WorkerThread "GC Thread#3"                     [id=29132, stack(0x0000004555400000,0x0000004555500000) (1024K)]
  0x00000180c2f643c0 WorkerThread "GC Thread#4"                     [id=19212, stack(0x0000004555500000,0x0000004555600000) (1024K)]
  0x00000180c2f629f0 WorkerThread "GC Thread#5"                     [id=8284, stack(0x0000004555600000,0x0000004555700000) (1024K)]
  0x00000180c2f62da0 WorkerThread "GC Thread#6"                     [id=12040, stack(0x0000004555700000,0x0000004555800000) (1024K)]
  0x00000180c2f638b0 WorkerThread "GC Thread#7"                     [id=25188, stack(0x0000004555800000,0x0000004555900000) (1024K)]
  0x00000180a668c6a0 ConcurrentGCThread "G1 Main Marker"            [id=14760, stack(0x0000004554000000,0x0000004554100000) (1024K)]
  0x00000180a668e1c0 WorkerThread "G1 Conc#0"                       [id=29300, stack(0x0000004554100000,0x0000004554200000) (1024K)]
  0x00000181092f73e0 WorkerThread "G1 Conc#1"                       [id=23708, stack(0x0000004555900000,0x0000004555a00000) (1024K)]
  0x00000180c2e1f150 ConcurrentGCThread "G1 Refine#0"               [id=11076, stack(0x0000004554200000,0x0000004554300000) (1024K)]
  0x00000180c2e20a90 ConcurrentGCThread "G1 Service"                [id=23804, stack(0x0000004554300000,0x0000004554400000) (1024K)]
Total: 15

Threads with active compile tasks:
C2 CompilerThread0    40186 27303       4       com.sun.tools.javac.comp.Check::checkType (168 bytes)
C2 CompilerThread1    40186 27847       4       com.sun.tools.javac.comp.Attr::checkIdInternal (793 bytes)
Total: 2

VM state: not at safepoint (normal execution)

VM Mutex/Monitor currently owned by a thread: None

Heap address: 0x0000000082400000, size: 2012 MB, Compressed Oops mode: 32-bit

CDS archive(s) mapped at: [0x00000180c3000000-0x00000180c3c90000-0x00000180c3c90000), size 13172736, SharedBaseAddress: 0x00000180c3000000, ArchiveRelocationMode: 1.
Compressed class space mapped at: 0x00000180c4000000-0x0000018104000000, reserved size: 1073741824
Narrow klass base: 0x00000180c3000000, Narrow klass shift: 0, Narrow klass range: 0x100000000

GC Precious Log:
 CardTable entry size: 512
 Card Set container configuration: InlinePtr #cards 5 size 8 Array Of Cards #cards 12 size 40 Howl #buckets 4 coarsen threshold 1843 Howl Bitmap #cards 512 size 80 coarsen threshold 460 Card regions per heap region 1 cards per card region 2048
 CPUs: 8 total, 8 available
 Memory: 8040M
 Large Page Support: Disabled
 NUMA Support: Disabled
 Compressed Oops: Enabled (32-bit)
 Heap Region Size: 1M
 Heap Min Capacity: 8M
 Heap Initial Capacity: 126M
 Heap Max Capacity: 2012M
 Pre-touch: Disabled
 Parallel Workers: 8
 Concurrent Workers: 2
 Concurrent Refinement Workers: 8
 Periodic GC: Disabled

Heap:
 garbage-first heap   total 209920K, used 131386K [0x0000000082400000, 0x0000000100000000)
  region size 1024K, 14 young (14336K), 5 survivors (5120K)
 Metaspace       used 112838K, committed 114112K, reserved 1179648K
  class space    used 12030K, committed 12672K, reserved 1048576K

Heap Regions: E=young(eden), S=young(survivor), O=old, HS=humongous(starts), HC=humongous(continues), CS=collection set, F=free, TAMS=top-at-mark-start, PB=parsable bottom
|   0|0x0000000082400000, 0x0000000082500000, 0x0000000082500000|100%| O|  |TAMS 0x0000000082400000| PB 0x0000000082400000| Untracked 
|   1|0x0000000082500000, 0x0000000082600000, 0x0000000082600000|100%| O|  |TAMS 0x0000000082500000| PB 0x0000000082500000| Untracked 
|   2|0x0000000082600000, 0x0000000082700000, 0x0000000082700000|100%| O|  |TAMS 0x0000000082600000| PB 0x0000000082600000| Untracked 
|   3|0x0000000082700000, 0x0000000082800000, 0x0000000082800000|100%| O|  |TAMS 0x0000000082700000| PB 0x0000000082700000| Untracked 
|   4|0x0000000082800000, 0x0000000082900000, 0x0000000082900000|100%| O|  |TAMS 0x0000000082800000| PB 0x0000000082800000| Untracked 
|   5|0x0000000082900000, 0x0000000082a00000, 0x0000000082a00000|100%| O|  |TAMS 0x0000000082900000| PB 0x0000000082900000| Untracked 
|   6|0x0000000082a00000, 0x0000000082b00000, 0x0000000082b00000|100%| O|  |TAMS 0x0000000082a00000| PB 0x0000000082a00000| Untracked 
|   7|0x0000000082b00000, 0x0000000082c00000, 0x0000000082c00000|100%| O|  |TAMS 0x0000000082b00000| PB 0x0000000082b00000| Untracked 
|   8|0x0000000082c00000, 0x0000000082d00000, 0x0000000082d00000|100%| O|  |TAMS 0x0000000082c00000| PB 0x0000000082c00000| Untracked 
|   9|0x0000000082d00000, 0x0000000082e00000, 0x0000000082e00000|100%| O|  |TAMS 0x0000000082d00000| PB 0x0000000082d00000| Untracked 
|  10|0x0000000082e00000, 0x0000000082f00000, 0x0000000082f00000|100%| O|  |TAMS 0x0000000082e00000| PB 0x0000000082e00000| Untracked 
|  11|0x0000000082f00000, 0x0000000083000000, 0x0000000083000000|100%| O|  |TAMS 0x0000000082f00000| PB 0x0000000082f00000| Untracked 
|  12|0x0000000083000000, 0x0000000083100000, 0x0000000083100000|100%| O|Cm|TAMS 0x0000000083000000| PB 0x0000000083000000| Complete 
|  13|0x0000000083100000, 0x0000000083200000, 0x0000000083200000|100%| O|  |TAMS 0x0000000083100000| PB 0x0000000083100000| Untracked 
|  14|0x0000000083200000, 0x0000000083300000, 0x0000000083300000|100%| O|  |TAMS 0x0000000083200000| PB 0x0000000083200000| Untracked 
|  15|0x0000000083300000, 0x0000000083400000, 0x0000000083400000|100%| O|  |TAMS 0x0000000083300000| PB 0x0000000083300000| Untracked 
|  16|0x0000000083400000, 0x0000000083500000, 0x0000000083500000|100%| O|Cm|TAMS 0x0000000083400000| PB 0x0000000083400000| Complete 
|  17|0x0000000083500000, 0x0000000083600000, 0x0000000083600000|100%| O|Cm|TAMS 0x0000000083500000| PB 0x0000000083500000| Complete 
|  18|0x0000000083600000, 0x0000000083700000, 0x0000000083700000|100%| O|Cm|TAMS 0x0000000083600000| PB 0x0000000083600000| Complete 
|  19|0x0000000083700000, 0x0000000083800000, 0x0000000083800000|100%| O|Cm|TAMS 0x0000000083700000| PB 0x0000000083700000| Complete 
|  20|0x0000000083800000, 0x0000000083900000, 0x0000000083900000|100%| O|Cm|TAMS 0x0000000083800000| PB 0x0000000083800000| Complete 
|  21|0x0000000083900000, 0x0000000083a00000, 0x0000000083a00000|100%| O|  |TAMS 0x0000000083900000| PB 0x0000000083900000| Untracked 
|  22|0x0000000083a00000, 0x0000000083b00000, 0x0000000083b00000|100%| O|Cm|TAMS 0x0000000083a00000| PB 0x0000000083a00000| Complete 
|  23|0x0000000083b00000, 0x0000000083c00000, 0x0000000083c00000|100%| O|  |TAMS 0x0000000083b00000| PB 0x0000000083b00000| Untracked 
|  24|0x0000000083c00000, 0x0000000083d00000, 0x0000000083d00000|100%| O|  |TAMS 0x0000000083c00000| PB 0x0000000083c00000| Untracked 
|  25|0x0000000083d00000, 0x0000000083e00000, 0x0000000083e00000|100%| O|  |TAMS 0x0000000083d00000| PB 0x0000000083d00000| Untracked 
|  26|0x0000000083e00000, 0x0000000083f00000, 0x0000000083f00000|100%| O|Cm|TAMS 0x0000000083e00000| PB 0x0000000083e00000| Complete 
|  27|0x0000000083f00000, 0x0000000084000000, 0x0000000084000000|100%| O|Cm|TAMS 0x0000000083f00000| PB 0x0000000083f00000| Complete 
|  28|0x0000000084000000, 0x0000000084100000, 0x0000000084100000|100%| O|  |TAMS 0x0000000084000000| PB 0x0000000084000000| Untracked 
|  29|0x0000000084100000, 0x0000000084200000, 0x0000000084200000|100%| O|  |TAMS 0x0000000084100000| PB 0x0000000084100000| Untracked 
|  30|0x0000000084200000, 0x0000000084300000, 0x0000000084300000|100%| O|  |TAMS 0x0000000084200000| PB 0x0000000084200000| Untracked 
|  31|0x0000000084300000, 0x0000000084400000, 0x0000000084400000|100%| O|  |TAMS 0x0000000084300000| PB 0x0000000084300000| Untracked 
|  32|0x0000000084400000, 0x0000000084500000, 0x0000000084500000|100%| O|  |TAMS 0x0000000084400000| PB 0x0000000084400000| Untracked 
|  33|0x0000000084500000, 0x0000000084600000, 0x0000000084600000|100%| O|  |TAMS 0x0000000084500000| PB 0x0000000084500000| Untracked 
|  34|0x0000000084600000, 0x0000000084700000, 0x0000000084700000|100%| O|Cm|TAMS 0x0000000084600000| PB 0x0000000084600000| Complete 
|  35|0x0000000084700000, 0x0000000084800000, 0x0000000084800000|100%| O|  |TAMS 0x0000000084700000| PB 0x0000000084700000| Untracked 
|  36|0x0000000084800000, 0x0000000084900000, 0x0000000084900000|100%| O|  |TAMS 0x0000000084800000| PB 0x0000000084800000| Untracked 
|  37|0x0000000084900000, 0x0000000084a00000, 0x0000000084a00000|100%| O|  |TAMS 0x0000000084900000| PB 0x0000000084900000| Untracked 
|  38|0x0000000084a00000, 0x0000000084b00000, 0x0000000084b00000|100%| O|  |TAMS 0x0000000084a00000| PB 0x0000000084a00000| Untracked 
|  39|0x0000000084b00000, 0x0000000084c00000, 0x0000000084c00000|100%|HS|  |TAMS 0x0000000084b00000| PB 0x0000000084b00000| Complete 
|  40|0x0000000084c00000, 0x0000000084d00000, 0x0000000084d00000|100%|HC|  |TAMS 0x0000000084c00000| PB 0x0000000084c00000| Complete 
|  41|0x0000000084d00000, 0x0000000084e00000, 0x0000000084e00000|100%|HC|  |TAMS 0x0000000084d00000| PB 0x0000000084d00000| Complete 
|  42|0x0000000084e00000, 0x0000000084f00000, 0x0000000084f00000|100%|HC|  |TAMS 0x0000000084e00000| PB 0x0000000084e00000| Complete 
|  43|0x0000000084f00000, 0x0000000085000000, 0x0000000085000000|100%| O|  |TAMS 0x0000000084f00000| PB 0x0000000084f00000| Untracked 
|  44|0x0000000085000000, 0x0000000085100000, 0x0000000085100000|100%| O|Cm|TAMS 0x0000000085000000| PB 0x0000000085000000| Complete 
|  45|0x0000000085100000, 0x0000000085200000, 0x0000000085200000|100%| O|Cm|TAMS 0x0000000085100000| PB 0x0000000085100000| Complete 
|  46|0x0000000085200000, 0x0000000085300000, 0x0000000085300000|100%| O|  |TAMS 0x0000000085200000| PB 0x0000000085200000| Untracked 
|  47|0x0000000085300000, 0x0000000085400000, 0x0000000085400000|100%| O|  |TAMS 0x0000000085300000| PB 0x0000000085300000| Untracked 
|  48|0x0000000085400000, 0x0000000085500000, 0x0000000085500000|100%| O|  |TAMS 0x0000000085400000| PB 0x0000000085400000| Untracked 
|  49|0x0000000085500000, 0x0000000085600000, 0x0000000085600000|100%| O|Cm|TAMS 0x0000000085500000| PB 0x0000000085500000| Complete 
|  50|0x0000000085600000, 0x0000000085700000, 0x0000000085700000|100%| O|Cm|TAMS 0x0000000085600000| PB 0x0000000085600000| Complete 
|  51|0x0000000085700000, 0x0000000085800000, 0x0000000085800000|100%| O|Cm|TAMS 0x0000000085700000| PB 0x0000000085700000| Complete 
|  52|0x0000000085800000, 0x0000000085900000, 0x0000000085900000|100%| O|  |TAMS 0x0000000085800000| PB 0x0000000085800000| Untracked 
|  53|0x0000000085900000, 0x0000000085a00000, 0x0000000085a00000|100%| O|  |TAMS 0x0000000085900000| PB 0x0000000085900000| Untracked 
|  54|0x0000000085a00000, 0x0000000085b00000, 0x0000000085b00000|100%| O|Cm|TAMS 0x0000000085a00000| PB 0x0000000085a00000| Complete 
|  55|0x0000000085b00000, 0x0000000085c00000, 0x0000000085c00000|100%| O|Cm|TAMS 0x0000000085b00000| PB 0x0000000085b00000| Complete 
|  56|0x0000000085c00000, 0x0000000085d00000, 0x0000000085d00000|100%| O|  |TAMS 0x0000000085c00000| PB 0x0000000085c00000| Untracked 
|  57|0x0000000085d00000, 0x0000000085e00000, 0x0000000085e00000|100%| O|  |TAMS 0x0000000085d00000| PB 0x0000000085d00000| Untracked 
|  58|0x0000000085e00000, 0x0000000085f00000, 0x0000000085f00000|100%| O|  |TAMS 0x0000000085e00000| PB 0x0000000085e00000| Untracked 
|  59|0x0000000085f00000, 0x0000000086000000, 0x0000000086000000|100%| O|Cm|TAMS 0x0000000085f00000| PB 0x0000000085f00000| Complete 
|  60|0x0000000086000000, 0x0000000086100000, 0x0000000086100000|100%| O|  |TAMS 0x0000000086000000| PB 0x0000000086000000| Untracked 
|  61|0x0000000086100000, 0x0000000086200000, 0x0000000086200000|100%| O|Cm|TAMS 0x0000000086100000| PB 0x0000000086100000| Complete 
|  62|0x0000000086200000, 0x0000000086300000, 0x0000000086300000|100%| O|Cm|TAMS 0x0000000086200000| PB 0x0000000086200000| Complete 
|  63|0x0000000086300000, 0x0000000086400000, 0x0000000086400000|100%| O|Cm|TAMS 0x0000000086300000| PB 0x0000000086300000| Complete 
|  64|0x0000000086400000, 0x0000000086500000, 0x0000000086500000|100%| O|Cm|TAMS 0x0000000086400000| PB 0x0000000086400000| Complete 
|  65|0x0000000086500000, 0x0000000086600000, 0x0000000086600000|100%| O|Cm|TAMS 0x0000000086500000| PB 0x0000000086500000| Complete 
|  66|0x0000000086600000, 0x0000000086700000, 0x0000000086700000|100%| O|Cm|TAMS 0x0000000086600000| PB 0x0000000086600000| Complete 
|  67|0x0000000086700000, 0x0000000086800000, 0x0000000086800000|100%| O|  |TAMS 0x0000000086700000| PB 0x0000000086700000| Untracked 
|  68|0x0000000086800000, 0x0000000086900000, 0x0000000086900000|100%| O|Cm|TAMS 0x0000000086800000| PB 0x0000000086800000| Complete 
|  69|0x0000000086900000, 0x0000000086a00000, 0x0000000086a00000|100%| O|  |TAMS 0x0000000086900000| PB 0x0000000086900000| Untracked 
|  70|0x0000000086a00000, 0x0000000086b00000, 0x0000000086b00000|100%| O|Cm|TAMS 0x0000000086a00000| PB 0x0000000086a00000| Complete 
|  71|0x0000000086b00000, 0x0000000086c00000, 0x0000000086c00000|100%| O|Cm|TAMS 0x0000000086b00000| PB 0x0000000086b00000| Complete 
|  72|0x0000000086c00000, 0x0000000086d00000, 0x0000000086d00000|100%|HS|  |TAMS 0x0000000086c00000| PB 0x0000000086c00000| Complete 
|  73|0x0000000086d00000, 0x0000000086e00000, 0x0000000086e00000|100%|HC|  |TAMS 0x0000000086d00000| PB 0x0000000086d00000| Complete 
|  74|0x0000000086e00000, 0x0000000086f00000, 0x0000000086f00000|100%|HC|  |TAMS 0x0000000086e00000| PB 0x0000000086e00000| Complete 
|  75|0x0000000086f00000, 0x0000000087000000, 0x0000000087000000|100%|HS|  |TAMS 0x0000000086f00000| PB 0x0000000086f00000| Complete 
|  76|0x0000000087000000, 0x0000000087100000, 0x0000000087100000|100%| O|  |TAMS 0x0000000087000000| PB 0x0000000087000000| Untracked 
|  77|0x0000000087100000, 0x0000000087200000, 0x0000000087200000|100%| O|  |TAMS 0x0000000087100000| PB 0x0000000087100000| Untracked 
|  78|0x0000000087200000, 0x0000000087300000, 0x0000000087300000|100%| O|  |TAMS 0x0000000087200000| PB 0x0000000087200000| Untracked 
|  79|0x0000000087300000, 0x0000000087400000, 0x0000000087400000|100%| O|Cm|TAMS 0x0000000087300000| PB 0x0000000087300000| Complete 
|  80|0x0000000087400000, 0x0000000087500000, 0x0000000087500000|100%| O|Cm|TAMS 0x0000000087400000| PB 0x0000000087400000| Complete 
|  81|0x0000000087500000, 0x0000000087600000, 0x0000000087600000|100%| O|Cm|TAMS 0x0000000087500000| PB 0x0000000087500000| Complete 
|  82|0x0000000087600000, 0x0000000087700000, 0x0000000087700000|100%| O|  |TAMS 0x0000000087600000| PB 0x0000000087600000| Untracked 
|  83|0x0000000087700000, 0x0000000087800000, 0x0000000087800000|100%| O|Cm|TAMS 0x0000000087700000| PB 0x0000000087700000| Complete 
|  84|0x0000000087800000, 0x0000000087900000, 0x0000000087900000|100%| O|Cm|TAMS 0x0000000087800000| PB 0x0000000087800000| Complete 
|  85|0x0000000087900000, 0x0000000087a00000, 0x0000000087a00000|100%| O|  |TAMS 0x0000000087900000| PB 0x0000000087900000| Untracked 
|  86|0x0000000087a00000, 0x0000000087b00000, 0x0000000087b00000|100%| O|Cm|TAMS 0x0000000087a00000| PB 0x0000000087a00000| Complete 
|  87|0x0000000087b00000, 0x0000000087c00000, 0x0000000087c00000|100%| O|  |TAMS 0x0000000087b00000| PB 0x0000000087b00000| Untracked 
|  88|0x0000000087c00000, 0x0000000087d00000, 0x0000000087d00000|100%| O|  |TAMS 0x0000000087c00000| PB 0x0000000087c00000| Untracked 
|  89|0x0000000087d00000, 0x0000000087e00000, 0x0000000087e00000|100%| O|Cm|TAMS 0x0000000087d00000| PB 0x0000000087d00000| Complete 
|  90|0x0000000087e00000, 0x0000000087f00000, 0x0000000087f00000|100%| O|Cm|TAMS 0x0000000087e00000| PB 0x0000000087e00000| Complete 
|  91|0x0000000087f00000, 0x0000000088000000, 0x0000000088000000|100%| O|Cm|TAMS 0x0000000087f00000| PB 0x0000000087f00000| Complete 
|  92|0x0000000088000000, 0x0000000088100000, 0x0000000088100000|100%| O|Cm|TAMS 0x0000000088000000| PB 0x0000000088000000| Complete 
|  93|0x0000000088100000, 0x0000000088200000, 0x0000000088200000|100%| O|Cm|TAMS 0x0000000088100000| PB 0x0000000088100000| Complete 
|  94|0x0000000088200000, 0x0000000088300000, 0x0000000088300000|100%| O|Cm|TAMS 0x0000000088200000| PB 0x0000000088200000| Complete 
|  95|0x0000000088300000, 0x0000000088400000, 0x0000000088400000|100%| O|  |TAMS 0x0000000088300000| PB 0x0000000088300000| Untracked 
|  96|0x0000000088400000, 0x0000000088500000, 0x0000000088500000|100%| O|Cm|TAMS 0x0000000088400000| PB 0x0000000088400000| Complete 
|  97|0x0000000088500000, 0x0000000088600000, 0x0000000088600000|100%| O|  |TAMS 0x0000000088500000| PB 0x0000000088500000| Untracked 
|  98|0x0000000088600000, 0x0000000088700000, 0x0000000088700000|100%| O|Cm|TAMS 0x0000000088600000| PB 0x0000000088600000| Complete 
|  99|0x0000000088700000, 0x0000000088800000, 0x0000000088800000|100%| O|  |TAMS 0x0000000088700000| PB 0x0000000088700000| Untracked 
| 100|0x0000000088800000, 0x0000000088900000, 0x0000000088900000|100%| O|Cm|TAMS 0x0000000088800000| PB 0x0000000088800000| Complete 
| 101|0x0000000088900000, 0x0000000088a00000, 0x0000000088a00000|100%| O|  |TAMS 0x0000000088900000| PB 0x0000000088900000| Untracked 
| 102|0x0000000088a00000, 0x0000000088b00000, 0x0000000088b00000|100%| O|  |TAMS 0x0000000088a00000| PB 0x0000000088a00000| Untracked 
| 103|0x0000000088b00000, 0x0000000088c00000, 0x0000000088c00000|100%| O|  |TAMS 0x0000000088b00000| PB 0x0000000088b00000| Untracked 
| 104|0x0000000088c00000, 0x0000000088d00000, 0x0000000088d00000|100%| O|  |TAMS 0x0000000088c00000| PB 0x0000000088c00000| Untracked 
| 105|0x0000000088d00000, 0x0000000088e00000, 0x0000000088e00000|100%| O|  |TAMS 0x0000000088d00000| PB 0x0000000088d00000| Untracked 
| 106|0x0000000088e00000, 0x0000000088f00000, 0x0000000088f00000|100%| O|  |TAMS 0x0000000088e00000| PB 0x0000000088e00000| Untracked 
| 107|0x0000000088f00000, 0x0000000088ff1530, 0x0000000089000000| 94%| O|  |TAMS 0x0000000088f00000| PB 0x0000000088f00000| Untracked 
| 108|0x0000000089000000, 0x0000000089000000, 0x0000000089100000|  0%| F|  |TAMS 0x0000000089000000| PB 0x0000000089000000| Untracked 
| 109|0x0000000089100000, 0x0000000089100000, 0x0000000089200000|  0%| F|  |TAMS 0x0000000089100000| PB 0x0000000089100000| Untracked 
| 110|0x0000000089200000, 0x0000000089200000, 0x0000000089300000|  0%| F|  |TAMS 0x0000000089200000| PB 0x0000000089200000| Untracked 
| 111|0x0000000089300000, 0x0000000089300000, 0x0000000089400000|  0%| F|  |TAMS 0x0000000089300000| PB 0x0000000089300000| Untracked 
| 112|0x0000000089400000, 0x0000000089400000, 0x0000000089500000|  0%| F|  |TAMS 0x0000000089400000| PB 0x0000000089400000| Untracked 
| 113|0x0000000089500000, 0x0000000089500000, 0x0000000089600000|  0%| F|  |TAMS 0x0000000089500000| PB 0x0000000089500000| Untracked 
| 114|0x0000000089600000, 0x0000000089600000, 0x0000000089700000|  0%| F|  |TAMS 0x0000000089600000| PB 0x0000000089600000| Untracked 
| 115|0x0000000089700000, 0x0000000089700000, 0x0000000089800000|  0%| F|  |TAMS 0x0000000089700000| PB 0x0000000089700000| Untracked 
| 116|0x0000000089800000, 0x0000000089800000, 0x0000000089900000|  0%| F|  |TAMS 0x0000000089800000| PB 0x0000000089800000| Untracked 
| 117|0x0000000089900000, 0x0000000089900000, 0x0000000089a00000|  0%| F|  |TAMS 0x0000000089900000| PB 0x0000000089900000| Untracked 
| 118|0x0000000089a00000, 0x0000000089a00000, 0x0000000089b00000|  0%| F|  |TAMS 0x0000000089a00000| PB 0x0000000089a00000| Untracked 
| 119|0x0000000089b00000, 0x0000000089b00000, 0x0000000089c00000|  0%| F|  |TAMS 0x0000000089b00000| PB 0x0000000089b00000| Untracked 
| 120|0x0000000089c00000, 0x0000000089c00000, 0x0000000089d00000|  0%| F|  |TAMS 0x0000000089c00000| PB 0x0000000089c00000| Untracked 
| 121|0x0000000089d00000, 0x0000000089d00000, 0x0000000089e00000|  0%| F|  |TAMS 0x0000000089d00000| PB 0x0000000089d00000| Untracked 
| 122|0x0000000089e00000, 0x0000000089e00000, 0x0000000089f00000|  0%| F|  |TAMS 0x0000000089e00000| PB 0x0000000089e00000| Untracked 
| 123|0x0000000089f00000, 0x0000000089f00000, 0x000000008a000000|  0%| F|  |TAMS 0x0000000089f00000| PB 0x0000000089f00000| Untracked 
| 124|0x000000008a000000, 0x000000008a000000, 0x000000008a100000|  0%| F|  |TAMS 0x000000008a000000| PB 0x000000008a000000| Untracked 
| 125|0x000000008a100000, 0x000000008a100000, 0x000000008a200000|  0%| F|  |TAMS 0x000000008a100000| PB 0x000000008a100000| Untracked 
| 126|0x000000008a200000, 0x000000008a200000, 0x000000008a300000|  0%| F|  |TAMS 0x000000008a200000| PB 0x000000008a200000| Untracked 
| 127|0x000000008a300000, 0x000000008a300000, 0x000000008a400000|  0%| F|  |TAMS 0x000000008a300000| PB 0x000000008a300000| Untracked 
| 128|0x000000008a400000, 0x000000008a45d3c8, 0x000000008a500000| 36%| S|CS|TAMS 0x000000008a400000| PB 0x000000008a400000| Complete 
| 129|0x000000008a500000, 0x000000008a600000, 0x000000008a600000|100%| S|CS|TAMS 0x000000008a500000| PB 0x000000008a500000| Complete 
| 130|0x000000008a600000, 0x000000008a700000, 0x000000008a700000|100%| S|CS|TAMS 0x000000008a600000| PB 0x000000008a600000| Complete 
| 131|0x000000008a700000, 0x000000008a800000, 0x000000008a800000|100%| S|CS|TAMS 0x000000008a700000| PB 0x000000008a700000| Complete 
| 132|0x000000008a800000, 0x000000008a900000, 0x000000008a900000|100%| S|CS|TAMS 0x000000008a800000| PB 0x000000008a800000| Complete 
| 133|0x000000008a900000, 0x000000008a900000, 0x000000008aa00000|  0%| F|  |TAMS 0x000000008a900000| PB 0x000000008a900000| Untracked 
| 134|0x000000008aa00000, 0x000000008aa00000, 0x000000008ab00000|  0%| F|  |TAMS 0x000000008aa00000| PB 0x000000008aa00000| Untracked 
| 135|0x000000008ab00000, 0x000000008ab00000, 0x000000008ac00000|  0%| F|  |TAMS 0x000000008ab00000| PB 0x000000008ab00000| Untracked 
| 136|0x000000008ac00000, 0x000000008ac00000, 0x000000008ad00000|  0%| F|  |TAMS 0x000000008ac00000| PB 0x000000008ac00000| Untracked 
| 137|0x000000008ad00000, 0x000000008ad00000, 0x000000008ae00000|  0%| F|  |TAMS 0x000000008ad00000| PB 0x000000008ad00000| Untracked 
| 138|0x000000008ae00000, 0x000000008ae00000, 0x000000008af00000|  0%| F|  |TAMS 0x000000008ae00000| PB 0x000000008ae00000| Untracked 
| 139|0x000000008af00000, 0x000000008af00000, 0x000000008b000000|  0%| F|  |TAMS 0x000000008af00000| PB 0x000000008af00000| Untracked 
| 140|0x000000008b000000, 0x000000008b000000, 0x000000008b100000|  0%| F|  |TAMS 0x000000008b000000| PB 0x000000008b000000| Untracked 
| 141|0x000000008b100000, 0x000000008b100000, 0x000000008b200000|  0%| F|  |TAMS 0x000000008b100000| PB 0x000000008b100000| Untracked 
| 142|0x000000008b200000, 0x000000008b200000, 0x000000008b300000|  0%| F|  |TAMS 0x000000008b200000| PB 0x000000008b200000| Untracked 
| 143|0x000000008b300000, 0x000000008b300000, 0x000000008b400000|  0%| F|  |TAMS 0x000000008b300000| PB 0x000000008b300000| Untracked 
| 144|0x000000008b400000, 0x000000008b400000, 0x000000008b500000|  0%| F|  |TAMS 0x000000008b400000| PB 0x000000008b400000| Untracked 
| 145|0x000000008b500000, 0x000000008b500000, 0x000000008b600000|  0%| F|  |TAMS 0x000000008b500000| PB 0x000000008b500000| Untracked 
| 146|0x000000008b600000, 0x000000008b600000, 0x000000008b700000|  0%| F|  |TAMS 0x000000008b600000| PB 0x000000008b600000| Untracked 
| 147|0x000000008b700000, 0x000000008b700000, 0x000000008b800000|  0%| F|  |TAMS 0x000000008b700000| PB 0x000000008b700000| Untracked 
| 148|0x000000008b800000, 0x000000008b800000, 0x000000008b900000|  0%| F|  |TAMS 0x000000008b800000| PB 0x000000008b800000| Untracked 
| 149|0x000000008b900000, 0x000000008b900000, 0x000000008ba00000|  0%| F|  |TAMS 0x000000008b900000| PB 0x000000008b900000| Untracked 
| 150|0x000000008ba00000, 0x000000008ba00000, 0x000000008bb00000|  0%| F|  |TAMS 0x000000008ba00000| PB 0x000000008ba00000| Untracked 
| 151|0x000000008bb00000, 0x000000008bb00000, 0x000000008bc00000|  0%| F|  |TAMS 0x000000008bb00000| PB 0x000000008bb00000| Untracked 
| 152|0x000000008bc00000, 0x000000008bc00000, 0x000000008bd00000|  0%| F|  |TAMS 0x000000008bc00000| PB 0x000000008bc00000| Untracked 
| 153|0x000000008bd00000, 0x000000008bd00000, 0x000000008be00000|  0%| F|  |TAMS 0x000000008bd00000| PB 0x000000008bd00000| Untracked 
| 154|0x000000008be00000, 0x000000008be00000, 0x000000008bf00000|  0%| F|  |TAMS 0x000000008be00000| PB 0x000000008be00000| Untracked 
| 155|0x000000008bf00000, 0x000000008bf00000, 0x000000008c000000|  0%| F|  |TAMS 0x000000008bf00000| PB 0x000000008bf00000| Untracked 
| 156|0x000000008c000000, 0x000000008c000000, 0x000000008c100000|  0%| F|  |TAMS 0x000000008c000000| PB 0x000000008c000000| Untracked 
| 157|0x000000008c100000, 0x000000008c100000, 0x000000008c200000|  0%| F|  |TAMS 0x000000008c100000| PB 0x000000008c100000| Untracked 
| 158|0x000000008c200000, 0x000000008c200000, 0x000000008c300000|  0%| F|  |TAMS 0x000000008c200000| PB 0x000000008c200000| Untracked 
| 159|0x000000008c300000, 0x000000008c300000, 0x000000008c400000|  0%| F|  |TAMS 0x000000008c300000| PB 0x000000008c300000| Untracked 
| 160|0x000000008c400000, 0x000000008c400000, 0x000000008c500000|  0%| F|  |TAMS 0x000000008c400000| PB 0x000000008c400000| Untracked 
| 161|0x000000008c500000, 0x000000008c500000, 0x000000008c600000|  0%| F|  |TAMS 0x000000008c500000| PB 0x000000008c500000| Untracked 
| 162|0x000000008c600000, 0x000000008c600000, 0x000000008c700000|  0%| F|  |TAMS 0x000000008c600000| PB 0x000000008c600000| Untracked 
| 163|0x000000008c700000, 0x000000008c700000, 0x000000008c800000|  0%| F|  |TAMS 0x000000008c700000| PB 0x000000008c700000| Untracked 
| 164|0x000000008c800000, 0x000000008c800000, 0x000000008c900000|  0%| F|  |TAMS 0x000000008c800000| PB 0x000000008c800000| Untracked 
| 165|0x000000008c900000, 0x000000008c900000, 0x000000008ca00000|  0%| F|  |TAMS 0x000000008c900000| PB 0x000000008c900000| Untracked 
| 166|0x000000008ca00000, 0x000000008ca00000, 0x000000008cb00000|  0%| F|  |TAMS 0x000000008ca00000| PB 0x000000008ca00000| Untracked 
| 167|0x000000008cb00000, 0x000000008cb00000, 0x000000008cc00000|  0%| F|  |TAMS 0x000000008cb00000| PB 0x000000008cb00000| Untracked 
| 168|0x000000008cc00000, 0x000000008cc00000, 0x000000008cd00000|  0%| F|  |TAMS 0x000000008cc00000| PB 0x000000008cc00000| Untracked 
| 169|0x000000008cd00000, 0x000000008cd00000, 0x000000008ce00000|  0%| F|  |TAMS 0x000000008cd00000| PB 0x000000008cd00000| Untracked 
| 170|0x000000008ce00000, 0x000000008ce00000, 0x000000008cf00000|  0%| F|  |TAMS 0x000000008ce00000| PB 0x000000008ce00000| Untracked 
| 171|0x000000008cf00000, 0x000000008cf00000, 0x000000008d000000|  0%| F|  |TAMS 0x000000008cf00000| PB 0x000000008cf00000| Untracked 
| 172|0x000000008d000000, 0x000000008d000000, 0x000000008d100000|  0%| F|  |TAMS 0x000000008d000000| PB 0x000000008d000000| Untracked 
| 173|0x000000008d100000, 0x000000008d100000, 0x000000008d200000|  0%| F|  |TAMS 0x000000008d100000| PB 0x000000008d100000| Untracked 
| 174|0x000000008d200000, 0x000000008d200000, 0x000000008d300000|  0%| F|  |TAMS 0x000000008d200000| PB 0x000000008d200000| Untracked 
| 175|0x000000008d300000, 0x000000008d300000, 0x000000008d400000|  0%| F|  |TAMS 0x000000008d300000| PB 0x000000008d300000| Untracked 
| 176|0x000000008d400000, 0x000000008d400000, 0x000000008d500000|  0%| F|  |TAMS 0x000000008d400000| PB 0x000000008d400000| Untracked 
| 177|0x000000008d500000, 0x000000008d500000, 0x000000008d600000|  0%| F|  |TAMS 0x000000008d500000| PB 0x000000008d500000| Untracked 
| 178|0x000000008d600000, 0x000000008d600000, 0x000000008d700000|  0%| F|  |TAMS 0x000000008d600000| PB 0x000000008d600000| Untracked 
| 179|0x000000008d700000, 0x000000008d700000, 0x000000008d800000|  0%| F|  |TAMS 0x000000008d700000| PB 0x000000008d700000| Untracked 
| 180|0x000000008d800000, 0x000000008d800000, 0x000000008d900000|  0%| F|  |TAMS 0x000000008d800000| PB 0x000000008d800000| Untracked 
|1988|0x00000000fe800000, 0x00000000fe900000, 0x00000000fe900000|100%| O|Cm|TAMS 0x00000000fe800000| PB 0x00000000fe800000| Complete 
|1989|0x00000000fe900000, 0x00000000fea00000, 0x00000000fea00000|100%| O|Cm|TAMS 0x00000000fe900000| PB 0x00000000fe900000| Complete 
|1990|0x00000000fea00000, 0x00000000feb00000, 0x00000000feb00000|100%| O|Cm|TAMS 0x00000000fea00000| PB 0x00000000fea00000| Complete 
|1991|0x00000000feb00000, 0x00000000fec00000, 0x00000000fec00000|100%| O|Cm|TAMS 0x00000000feb00000| PB 0x00000000feb00000| Complete 
|1992|0x00000000fec00000, 0x00000000fed00000, 0x00000000fed00000|100%| O|  |TAMS 0x00000000fec00000| PB 0x00000000fec00000| Untracked 
|1993|0x00000000fed00000, 0x00000000fee00000, 0x00000000fee00000|100%| O|  |TAMS 0x00000000fed00000| PB 0x00000000fed00000| Untracked 
|1994|0x00000000fee00000, 0x00000000fee00000, 0x00000000fef00000|  0%| F|  |TAMS 0x00000000fee00000| PB 0x00000000fee00000| Untracked 
|1995|0x00000000fef00000, 0x00000000fef00000, 0x00000000ff000000|  0%| F|  |TAMS 0x00000000fef00000| PB 0x00000000fef00000| Untracked 
|1996|0x00000000ff000000, 0x00000000ff000000, 0x00000000ff100000|  0%| F|  |TAMS 0x00000000ff000000| PB 0x00000000ff000000| Untracked 
|1997|0x00000000ff100000, 0x00000000ff100000, 0x00000000ff200000|  0%| F|  |TAMS 0x00000000ff100000| PB 0x00000000ff100000| Untracked 
|1998|0x00000000ff200000, 0x00000000ff200000, 0x00000000ff300000|  0%| F|  |TAMS 0x00000000ff200000| PB 0x00000000ff200000| Untracked 
|1999|0x00000000ff300000, 0x00000000ff300000, 0x00000000ff400000|  0%| F|  |TAMS 0x00000000ff300000| PB 0x00000000ff300000| Untracked 
|2000|0x00000000ff400000, 0x00000000ff400000, 0x00000000ff500000|  0%| F|  |TAMS 0x00000000ff400000| PB 0x00000000ff400000| Untracked 
|2001|0x00000000ff500000, 0x00000000ff5d5568, 0x00000000ff600000| 83%| E|  |TAMS 0x00000000ff500000| PB 0x00000000ff500000| Complete 
|2002|0x00000000ff600000, 0x00000000ff700000, 0x00000000ff700000|100%| E|CS|TAMS 0x00000000ff600000| PB 0x00000000ff600000| Complete 
|2003|0x00000000ff700000, 0x00000000ff800000, 0x00000000ff800000|100%| E|CS|TAMS 0x00000000ff700000| PB 0x00000000ff700000| Complete 
|2004|0x00000000ff800000, 0x00000000ff900000, 0x00000000ff900000|100%| E|CS|TAMS 0x00000000ff800000| PB 0x00000000ff800000| Complete 
|2005|0x00000000ff900000, 0x00000000ffa00000, 0x00000000ffa00000|100%| O|  |TAMS 0x00000000ff900000| PB 0x00000000ff900000| Untracked 
|2006|0x00000000ffa00000, 0x00000000ffb00000, 0x00000000ffb00000|100%| O|  |TAMS 0x00000000ffa00000| PB 0x00000000ffa00000| Untracked 
|2007|0x00000000ffb00000, 0x00000000ffc00000, 0x00000000ffc00000|100%| E|CS|TAMS 0x00000000ffb00000| PB 0x00000000ffb00000| Complete 
|2008|0x00000000ffc00000, 0x00000000ffd00000, 0x00000000ffd00000|100%| E|CS|TAMS 0x00000000ffc00000| PB 0x00000000ffc00000| Complete 
|2009|0x00000000ffd00000, 0x00000000ffe00000, 0x00000000ffe00000|100%| E|CS|TAMS 0x00000000ffd00000| PB 0x00000000ffd00000| Complete 
|2010|0x00000000ffe00000, 0x00000000fff00000, 0x00000000fff00000|100%| E|CS|TAMS 0x00000000ffe00000| PB 0x00000000ffe00000| Complete 
|2011|0x00000000fff00000, 0x0000000100000000, 0x0000000100000000|100%| E|CS|TAMS 0x00000000fff00000| PB 0x00000000fff00000| Complete 

Card table byte_map: [0x00000180be200000,0x00000180be5f0000] _byte_map_base: 0x00000180bddee000

Marking Bits: (CMBitMap*) 0x00000180a667c240
 Bits: [0x00000180be5f0000, 0x00000180c0560000)

Polling page: 0x00000180a44e0000

Metaspace:

Usage:
  Non-class:     98.45 MB used.
      Class:     11.75 MB used.
       Both:    110.19 MB used.

Virtual space:
  Non-class space:      128.00 MB reserved,      99.06 MB ( 77%) committed,  2 nodes.
      Class space:        1.00 GB reserved,      12.38 MB (  1%) committed,  1 nodes.
             Both:        1.12 GB reserved,     111.44 MB ( 10%) committed. 

Chunk freelists:
   Non-Class:  12.84 MB
       Class:  3.55 MB
        Both:  16.39 MB

MaxMetaspaceSize: unlimited
CompressedClassSpaceSize: 1.00 GB
Initial GC threshold: 21.00 MB
Current GC threshold: 184.06 MB
CDS: on
 - commit_granule_bytes: 65536.
 - commit_granule_words: 8192.
 - virtual_space_node_default_size: 8388608.
 - enlarge_chunks_in_place: 1.
 - use_allocation_guard: 0.


Internal statistics:

num_allocs_failed_limit: 11.
num_arena_births: 1850.
num_arena_deaths: 10.
num_vsnodes_births: 3.
num_vsnodes_deaths: 0.
num_space_committed: 1820.
num_space_uncommitted: 12.
num_chunks_returned_to_freelist: 184.
num_chunks_taken_from_freelist: 6327.
num_chunk_merges: 55.
num_chunk_splits: 4750.
num_chunks_enlarged: 3701.
num_inconsistent_stats: 0.

CodeHeap 'non-profiled nmethods': size=120000Kb used=9305Kb max_used=11596Kb free=110694Kb
 bounds [0x00000180b65a0000, 0x00000180b7100000, 0x00000180bdad0000]
CodeHeap 'profiled nmethods': size=120000Kb used=50978Kb max_used=61307Kb free=69021Kb
 bounds [0x00000180aead0000, 0x00000180b26c0000, 0x00000180b6000000]
CodeHeap 'non-nmethods': size=5760Kb used=1902Kb max_used=1976Kb free=3858Kb
 bounds [0x00000180b6000000, 0x00000180b6270000, 0x00000180b65a0000]
 total_blobs=19220 nmethods=18351 adapters=769
 compilation: enabled
              stopped_count=0, restarted_count=0
 full_count=0

Compilation events (20 events):
Event: 37.894 Thread 0x00000180c2f98a90 nmethod 28289 0x00000180b6dceb10 code [0x00000180b6dced60, 0x00000180b6dd0028]
Event: 37.895 Thread 0x00000180c2f98a90 27886       4       com.sun.tools.javac.processing.JavacProcessingEnvironment$1::visitIdent (11 bytes)
Event: 37.895 Thread 0x00000180c2f98a90 nmethod 27886 0x00000180b6df1a10 code [0x00000180b6df1ba0, 0x00000180b6df1ca0]
Event: 37.895 Thread 0x00000180c2f98a90 27647       4       com.sun.tools.javac.code.Symbol$PackageSymbol::flags (9 bytes)
Event: 37.897 Thread 0x00000180c2f98a90 nmethod 27647 0x00000180b66e2990 code [0x00000180b66e2b20, 0x00000180b66e2cd0]
Event: 37.897 Thread 0x00000180c2f98a90 26595       4       com.sun.tools.javac.jvm.PoolReader::sizeof (32 bytes)
Event: 37.897 Thread 0x00000180c2f98a90 nmethod 26595 0x00000180b66e2690 code [0x00000180b66e2820, 0x00000180b66e28c0]
Event: 37.897 Thread 0x00000180c2f98a90 28252       4       com.sun.tools.javac.comp.Resolve::isAccessible (415 bytes)
Event: 37.908 Thread 0x00000180c2f98a90 nmethod 28252 0x00000180b6bdbb10 code [0x00000180b6bdbd80, 0x00000180b6bdc808]
Event: 37.909 Thread 0x00000180c2f98a90 27851       4       com.sun.tools.javac.comp.Attr::checkId (59 bytes)
Event: 37.911 Thread 0x00000180c2f98a90 nmethod 27851 0x00000180b66e2090 code [0x00000180b66e2240, 0x00000180b66e2460]
Event: 37.911 Thread 0x00000180c2f98a90 26863       4       com.sun.tools.javac.comp.Annotate::blockAnnotations (11 bytes)
Event: 37.911 Thread 0x00000180c2f98a90 nmethod 26863 0x00000180b66e1d90 code [0x00000180b66e1f20, 0x00000180b66e1fa8]
Event: 37.911 Thread 0x00000180c2f98a90 28386       4       com.sun.tools.javac.tree.TreeScanner::visitSelect (9 bytes)
Event: 37.912 Thread 0x00000180c2f98a90 nmethod 28386 0x00000180b66e1a10 code [0x00000180b66e1ba0, 0x00000180b66e1c70]
Event: 37.912 Thread 0x00000180c2f98a90 27143       4       com.sun.tools.javac.jvm.PoolReader::getName (15 bytes)
Event: 37.918 Thread 0x00000180c2f98a90 nmethod 27143 0x00000180b67aba90 code [0x00000180b67abca0, 0x00000180b67ac2d8]
Event: 37.918 Thread 0x00000180c2f98a90 27303       4       com.sun.tools.javac.comp.Check::checkType (168 bytes)
Event: 38.668 Thread 0x00000180c2f9e030 30132       1       java.util.concurrent.locks.AbstractOwnableSynchronizer::setExclusiveOwnerThread (6 bytes)
Event: 38.669 Thread 0x00000180c2f9e030 nmethod 30132 0x00000180b67ab510 code [0x00000180b67ab6a0, 0x00000180b67ab7b0]

GC Heap History (20 events):
Event: 23.510 GC heap before
{Heap before GC invocations=21 (full 0):
 garbage-first heap   total 190464K, used 124886K [0x0000000082400000, 0x0000000100000000)
  region size 1024K, 65 young (66560K), 12 survivors (12288K)
 Metaspace       used 81402K, committed 82496K, reserved 1179648K
  class space    used 9309K, committed 9856K, reserved 1048576K
}
Event: 23.530 GC heap after
{Heap after GC invocations=22 (full 0):
 garbage-first heap   total 190464K, used 78336K [0x0000000082400000, 0x0000000100000000)
  region size 1024K, 6 young (6144K), 6 survivors (6144K)
 Metaspace       used 81402K, committed 82496K, reserved 1179648K
  class space    used 9309K, committed 9856K, reserved 1048576K
}
Event: 25.925 GC heap before
{Heap before GC invocations=23 (full 0):
 garbage-first heap   total 190464K, used 160256K [0x0000000082400000, 0x0000000100000000)
  region size 1024K, 91 young (93184K), 6 survivors (6144K)
 Metaspace       used 83306K, committed 84352K, reserved 1179648K
  class space    used 9399K, committed 9920K, reserved 1048576K
}
Event: 25.938 GC heap after
{Heap after GC invocations=24 (full 0):
 garbage-first heap   total 190464K, used 76800K [0x0000000082400000, 0x0000000100000000)
  region size 1024K, 10 young (10240K), 10 survivors (10240K)
 Metaspace       used 83306K, committed 84352K, reserved 1179648K
  class space    used 9399K, committed 9920K, reserved 1048576K
}
Event: 28.168 GC heap before
{Heap before GC invocations=24 (full 0):
 garbage-first heap   total 190464K, used 168960K [0x0000000082400000, 0x0000000100000000)
  region size 1024K, 98 young (100352K), 10 survivors (10240K)
 Metaspace       used 87094K, committed 88192K, reserved 1179648K
  class space    used 9813K, committed 10368K, reserved 1048576K
}
Event: 28.189 GC heap after
{Heap after GC invocations=25 (full 0):
 garbage-first heap   total 190464K, used 80131K [0x0000000082400000, 0x0000000100000000)
  region size 1024K, 10 young (10240K), 10 survivors (10240K)
 Metaspace       used 87094K, committed 88192K, reserved 1179648K
  class space    used 9813K, committed 10368K, reserved 1048576K
}
Event: 30.053 GC heap before
{Heap before GC invocations=25 (full 0):
 garbage-first heap   total 190464K, used 169219K [0x0000000082400000, 0x0000000100000000)
  region size 1024K, 97 young (99328K), 10 survivors (10240K)
 Metaspace       used 101719K, committed 102848K, reserved 1179648K
  class space    used 11218K, committed 11776K, reserved 1048576K
}
Event: 30.069 GC heap after
{Heap after GC invocations=26 (full 0):
 garbage-first heap   total 190464K, used 85817K [0x0000000082400000, 0x0000000100000000)
  region size 1024K, 10 young (10240K), 10 survivors (10240K)
 Metaspace       used 101719K, committed 102848K, reserved 1179648K
  class space    used 11218K, committed 11776K, reserved 1048576K
}
Event: 31.900 GC heap before
{Heap before GC invocations=27 (full 0):
 garbage-first heap   total 190464K, used 167737K [0x0000000082400000, 0x0000000100000000)
  region size 1024K, 92 young (94208K), 10 survivors (10240K)
 Metaspace       used 108716K, committed 109824K, reserved 1179648K
  class space    used 11689K, committed 12224K, reserved 1048576K
}
Event: 31.914 GC heap after
{Heap after GC invocations=28 (full 0):
 garbage-first heap   total 190464K, used 86396K [0x0000000082400000, 0x0000000100000000)
  region size 1024K, 10 young (10240K), 10 survivors (10240K)
 Metaspace       used 108716K, committed 109824K, reserved 1179648K
  class space    used 11689K, committed 12224K, reserved 1048576K
}
Event: 33.289 GC heap before
{Heap before GC invocations=28 (full 0):
 garbage-first heap   total 190464K, used 174460K [0x0000000082400000, 0x0000000100000000)
  region size 1024K, 91 young (93184K), 10 survivors (10240K)
 Metaspace       used 109715K, committed 110848K, reserved 1179648K
  class space    used 11728K, committed 12288K, reserved 1048576K
}
Event: 33.300 GC heap after
{Heap after GC invocations=29 (full 0):
 garbage-first heap   total 190464K, used 92398K [0x0000000082400000, 0x0000000100000000)
  region size 1024K, 11 young (11264K), 11 survivors (11264K)
 Metaspace       used 109715K, committed 110848K, reserved 1179648K
  class space    used 11728K, committed 12288K, reserved 1048576K
}
Event: 34.421 GC heap before
{Heap before GC invocations=29 (full 0):
 garbage-first heap   total 190464K, used 167150K [0x0000000082400000, 0x0000000100000000)
  region size 1024K, 85 young (87040K), 11 survivors (11264K)
 Metaspace       used 110722K, committed 111936K, reserved 1179648K
  class space    used 11841K, committed 12416K, reserved 1048576K
}
Event: 34.444 GC heap after
{Heap after GC invocations=30 (full 0):
 garbage-first heap   total 195584K, used 108379K [0x0000000082400000, 0x0000000100000000)
  region size 1024K, 11 young (11264K), 11 survivors (11264K)
 Metaspace       used 110722K, committed 111936K, reserved 1179648K
  class space    used 11841K, committed 12416K, reserved 1048576K
}
Event: 35.306 GC heap before
{Heap before GC invocations=31 (full 0):
 garbage-first heap   total 195584K, used 170843K [0x0000000082400000, 0x0000000100000000)
  region size 1024K, 71 young (72704K), 11 survivors (11264K)
 Metaspace       used 111423K, committed 112576K, reserved 1179648K
  class space    used 11915K, committed 12480K, reserved 1048576K
}
Event: 35.316 GC heap after
{Heap after GC invocations=32 (full 0):
 garbage-first heap   total 195584K, used 112640K [0x0000000082400000, 0x0000000100000000)
  region size 1024K, 7 young (7168K), 7 survivors (7168K)
 Metaspace       used 111423K, committed 112576K, reserved 1179648K
  class space    used 11915K, committed 12480K, reserved 1048576K
}
Event: 35.661 GC heap before
{Heap before GC invocations=32 (full 0):
 garbage-first heap   total 195584K, used 172032K [0x0000000082400000, 0x0000000100000000)
  region size 1024K, 64 young (65536K), 7 survivors (7168K)
 Metaspace       used 111520K, committed 112704K, reserved 1179648K
  class space    used 11915K, committed 12480K, reserved 1048576K
}
Event: 35.676 GC heap after
{Heap after GC invocations=33 (full 0):
 garbage-first heap   total 195584K, used 119808K [0x0000000082400000, 0x0000000100000000)
  region size 1024K, 8 young (8192K), 8 survivors (8192K)
 Metaspace       used 111520K, committed 112704K, reserved 1179648K
  class space    used 11915K, committed 12480K, reserved 1048576K
}
Event: 36.450 GC heap before
{Heap before GC invocations=33 (full 0):
 garbage-first heap   total 195584K, used 171008K [0x0000000082400000, 0x0000000100000000)
  region size 1024K, 58 young (59392K), 8 survivors (8192K)
 Metaspace       used 113183K, committed 114432K, reserved 1179648K
  class space    used 12065K, committed 12672K, reserved 1048576K
}
Event: 36.460 GC heap after
{Heap after GC invocations=34 (full 0):
 garbage-first heap   total 195584K, used 123194K [0x0000000082400000, 0x0000000100000000)
  region size 1024K, 5 young (5120K), 5 survivors (5120K)
 Metaspace       used 113183K, committed 114432K, reserved 1179648K
  class space    used 12065K, committed 12672K, reserved 1048576K
}

Dll operation events (8 events):
Event: 0.006 Loaded shared library D:\mailon\Java\jdk-21.0.10\bin\java.dll
Event: 0.031 Loaded shared library D:\mailon\Java\jdk-21.0.10\bin\jsvml.dll
Event: 0.094 Loaded shared library D:\mailon\Java\jdk-21.0.10\bin\net.dll
Event: 0.112 Loaded shared library D:\mailon\Java\jdk-21.0.10\bin\nio.dll
Event: 0.162 Loaded shared library D:\mailon\Java\jdk-21.0.10\bin\zip.dll
Event: 1.203 Loaded shared library D:\mailon\Java\jdk-21.0.10\bin\jimage.dll
Event: 1.246 Loaded shared library D:\mailon\Usuario\Desktop\apache-maven-3.9.14-bin (1)\apache-maven-3.9.14\lib\jansi-native\Windows\x86_64\jansi.dll
Event: 1.300 Loaded shared library D:\mailon\Java\jdk-21.0.10\bin\verify.dll

Deoptimization events (20 events):
Event: 36.760 Thread 0x00000180a6629820 Uncommon trap: trap_request=0xffffff45 fr.pc=0x00000180b6a0ef38 relative=0x0000000000000198
Event: 36.760 Thread 0x00000180a6629820 Uncommon trap: reason=unstable_if action=reinterpret pc=0x00000180b6a0ef38 method=java.util.zip.CRC32.updateBytesCheck([BII)V @ 1 c2
Event: 36.760 Thread 0x00000180a6629820 DEOPT PACKING pc=0x00000180b6a0ef38 sp=0x0000004553efdc00
Event: 36.760 Thread 0x00000180a6629820 DEOPT UNPACKING pc=0x00000180b60546a2 sp=0x0000004553efdaf0 mode 2
Event: 36.774 Thread 0x00000180a6629820 Uncommon trap: trap_request=0xffffff76 fr.pc=0x00000180b6865834 relative=0x0000000000000c74
Event: 36.774 Thread 0x00000180a6629820 Uncommon trap: reason=predicate action=maybe_recompile pc=0x00000180b6865834 method=java.util.TimSort.binarySort([Ljava/lang/Object;IIILjava/util/Comparator;)V @ 73 c2
Event: 36.774 Thread 0x00000180a6629820 DEOPT PACKING pc=0x00000180b6865834 sp=0x0000004553efd9f0
Event: 36.774 Thread 0x00000180a6629820 DEOPT UNPACKING pc=0x00000180b60546a2 sp=0x0000004553efd9c0 mode 2
Event: 36.913 Thread 0x00000181092cbf60 Uncommon trap: trap_request=0xffffffc6 fr.pc=0x00000180b6de5df0 relative=0x0000000000000b50
Event: 36.913 Thread 0x00000181092cbf60 Uncommon trap: reason=bimorphic_or_optimized_type_check action=maybe_recompile pc=0x00000180b6de5df0 method=java.util.regex.Matcher.getTextLength()I @ 4 c2
Event: 36.913 Thread 0x00000181092cbf60 DEOPT PACKING pc=0x00000180b6de5df0 sp=0x0000004555dff390
Event: 36.913 Thread 0x00000181092cbf60 DEOPT UNPACKING pc=0x00000180b60546a2 sp=0x0000004555dff260 mode 2
Event: 36.913 Thread 0x00000181092cbf60 Uncommon trap: trap_request=0xffffff45 fr.pc=0x00000180b67186e8 relative=0x00000000000000c8
Event: 36.913 Thread 0x00000181092cbf60 Uncommon trap: reason=unstable_if action=reinterpret pc=0x00000180b67186e8 method=java.lang.String.codePointAt(I)I @ 4 c2
Event: 36.913 Thread 0x00000181092cbf60 DEOPT PACKING pc=0x00000180b67186e8 sp=0x0000004555dff210
Event: 36.913 Thread 0x00000181092cbf60 DEOPT UNPACKING pc=0x00000180b60546a2 sp=0x0000004555dff198 mode 2
Event: 36.913 Thread 0x00000181092cbf60 Uncommon trap: trap_request=0xffffffc6 fr.pc=0x00000180b69461bc relative=0x00000000000002dc
Event: 36.913 Thread 0x00000181092cbf60 Uncommon trap: reason=bimorphic_or_optimized_type_check action=maybe_recompile pc=0x00000180b69461bc method=java.util.regex.Matcher.getTextLength()I @ 4 c2
Event: 36.913 Thread 0x00000181092cbf60 DEOPT PACKING pc=0x00000180b69461bc sp=0x0000004555dff300
Event: 36.913 Thread 0x00000181092cbf60 DEOPT UNPACKING pc=0x00000180b60546a2 sp=0x0000004555dff230 mode 2

Classes loaded (20 events):
Event: 36.844 Loading class jdk/internal/logger/LazyLoggers$LazyLoggerFactories
Event: 36.845 Loading class jdk/internal/logger/LazyLoggers$LazyLoggerFactories done
Event: 36.845 Loading class jdk/internal/logger/LoggerFinderLoader
Event: 36.855 Loading class jdk/internal/logger/LoggerFinderLoader done
Event: 36.856 Loading class jdk/internal/logger/LoggerFinderLoader$TemporaryLoggerFinder
Event: 36.856 Loading class jdk/internal/logger/LoggerFinderLoader$TemporaryLoggerFinder done
Event: 36.856 Loading class sun/util/logging/internal/LoggingProviderImpl$JULWrapper
Event: 36.867 Loading class sun/util/logging/PlatformLogger$ConfigurableBridge$LoggerConfiguration
Event: 36.867 Loading class sun/util/logging/PlatformLogger$ConfigurableBridge$LoggerConfiguration done
Event: 36.867 Loading class sun/util/logging/internal/LoggingProviderImpl$JULWrapper done
Event: 36.867 Loading class java/lang/System$Logger$Level
Event: 36.868 Loading class java/lang/System$Logger$Level done
Event: 36.869 Loading class java/nio/channels/ClosedChannelException
Event: 36.869 Loading class java/nio/channels/ClosedChannelException done
Event: 36.871 Loading class java/nio/channels/NonReadableChannelException
Event: 36.871 Loading class java/nio/channels/NonReadableChannelException done
Event: 36.884 Loading class java/util/Scanner
Event: 36.901 Loading class java/util/Scanner done
Event: 36.903 Loading class java/util/Scanner$PatternLRUCache
Event: 36.913 Loading class java/util/Scanner$PatternLRUCache done

Classes unloaded (20 events):
Event: 36.542 Thread 0x00000180c2f63150 Unloading class 0x00000180c4bfaeb0 'lombok/javac/apt/MessagerDiagnosticsReceiver'
Event: 36.542 Thread 0x00000180c2f63150 Unloading class 0x00000180c4bfaaf0 'lombok/javac/apt/InterceptingJavaFileManager'
Event: 36.542 Thread 0x00000180c2f63150 Unloading class 0x00000180c4bfa8f0 'lombok/permit/dummy/Parent'
Event: 36.542 Thread 0x00000180c2f63150 Unloading class 0x00000180c4bfa6e0 'lombok/core/CleanupRegistry'
Event: 36.542 Thread 0x00000180c2f63150 Unloading class 0x00000180c4bfa4e0 'lombok/permit/Permit$Fake'
Event: 36.542 Thread 0x00000180c2f63150 Unloading class 0x00000180c4bfa2e8 'lombok/permit/Permit'
Event: 36.542 Thread 0x00000180c2f63150 Unloading class 0x00000180c4bf9d58 'lombok/core/DiagnosticsReceiver'
Event: 36.542 Thread 0x00000180c2f63150 Unloading class 0x00000180c4bfa000 'lombok/javac/apt/LombokProcessor$1'
Event: 36.542 Thread 0x00000180c2f63150 Unloading class 0x00000180c4bf9ac8 'lombok/javac/apt/LombokProcessor'
Event: 36.542 Thread 0x00000180c2f63150 Unloading class 0x00000180c4bf98a0 'lombok/core/AnnotationProcessor$EcjDescriptor'
Event: 36.542 Thread 0x00000180c2f63150 Unloading class 0x00000180c4bf9670 'lombok/core/AnnotationProcessor$JavacDescriptor'
Event: 36.542 Thread 0x00000180c2f63150 Unloading class 0x00000180c4bf9278 'lombok/core/AnnotationProcessor$ProcessorDescriptor'
Event: 36.542 Thread 0x00000180c2f63150 Unloading class 0x00000180c4bf9000 'lombok/core/AnnotationProcessor'
Event: 36.542 Thread 0x00000180c2f63150 Unloading class 0x00000180c4c24000 'lombok/launch/AnnotationProcessorHider$ClaimingProcessor'
Event: 36.542 Thread 0x00000180c2f63150 Unloading class 0x00000180c4bf8c00 'lombok/launch/AnnotationProcessorHider$AstModificationNotifierData'
Event: 36.542 Thread 0x00000180c2f63150 Unloading class 0x00000180c4bf8988 'lombok/launch/ClassFileMetaData'
Event: 36.542 Thread 0x00000180c2f63150 Unloading class 0x00000180c4bf8778 'lombok/launch/PackageShader'
Event: 36.542 Thread 0x00000180c2f63150 Unloading class 0x00000180c4bf8470 'lombok/launch/ShadowClassLoader'
Event: 36.542 Thread 0x00000180c2f63150 Unloading class 0x00000180c4bf8278 'lombok/launch/Main'
Event: 36.542 Thread 0x00000180c2f63150 Unloading class 0x00000180c4bf8000 'lombok/launch/AnnotationProcessorHider$AnnotationProcessor'

Classes redefined (0 events):
No events

Internal exceptions (20 events):
Event: 35.023 Thread 0x00000180a6629820 Exception <a 'sun/nio/fs/WindowsException'{0x000000008b450ec8}> (0x000000008b450ec8) 
thrown [s\open\src\hotspot\share\prims\jni.cpp, line 520]
Event: 35.047 Thread 0x00000180a6629820 Exception <a 'sun/nio/fs/WindowsException'{0x000000008b3fd328}> (0x000000008b3fd328) 
thrown [s\open\src\hotspot\share\prims\jni.cpp, line 520]
Event: 35.047 Thread 0x00000180a6629820 Exception <a 'sun/nio/fs/WindowsException'{0x000000008b3fdf40}> (0x000000008b3fdf40) 
thrown [s\open\src\hotspot\share\prims\jni.cpp, line 520]
Event: 35.047 Thread 0x00000180a6629820 Exception <a 'sun/nio/fs/WindowsException'{0x000000008b3ff948}> (0x000000008b3ff948) 
thrown [s\open\src\hotspot\share\prims\jni.cpp, line 520]
Event: 35.047 Thread 0x00000180a6629820 Exception <a 'sun/nio/fs/WindowsException'{0x000000008b2020d0}> (0x000000008b2020d0) 
thrown [s\open\src\hotspot\share\prims\jni.cpp, line 520]
Event: 35.047 Thread 0x00000180a6629820 Exception <a 'sun/nio/fs/WindowsException'{0x000000008b202da8}> (0x000000008b202da8) 
thrown [s\open\src\hotspot\share\prims\jni.cpp, line 520]
Event: 35.081 Thread 0x00000180a6629820 Exception <a 'sun/nio/fs/WindowsException'{0x000000008b06ca50}> (0x000000008b06ca50) 
thrown [s\open\src\hotspot\share\prims\jni.cpp, line 520]
Event: 35.081 Thread 0x00000180a6629820 Exception <a 'sun/nio/fs/WindowsException'{0x000000008b06d128}> (0x000000008b06d128) 
thrown [s\open\src\hotspot\share\prims\jni.cpp, line 520]
Event: 35.081 Thread 0x00000180a6629820 Exception <a 'sun/nio/fs/WindowsException'{0x000000008b06da00}> (0x000000008b06da00) 
thrown [s\open\src\hotspot\share\prims\jni.cpp, line 520]
Event: 35.231 Thread 0x00000180a6629820 Exception <a 'sun/nio/fs/WindowsException'{0x000000008aef2d28}> (0x000000008aef2d28) 
thrown [s\open\src\hotspot\share\prims\jni.cpp, line 520]
Event: 35.231 Thread 0x00000180a6629820 Exception <a 'sun/nio/fs/WindowsException'{0x000000008aef3500}> (0x000000008aef3500) 
thrown [s\open\src\hotspot\share\prims\jni.cpp, line 520]
Event: 35.232 Thread 0x00000180a6629820 Exception <a 'java/lang/NoSuchMethodError'{0x000000008aefa898}: 'void java.lang.invoke.Invokers$Holder.invokeExact_MT(java.lang.Object, java.lang.Object, java.lang.Object)'> (0x000000008aefa898) 
thrown [s\open\src\hotspot\share\interpreter\linkResolver.cpp, line 773]
Event: 35.592 Thread 0x00000180a6629820 Implicit null exception at 0x00000180b70164c0 to 0x00000180b701713c
Event: 36.194 Thread 0x000001810b2cc820 Exception <a 'java/lang/NoSuchMethodError'{0x000000008b3b6a38}: 'java.lang.Object java.lang.invoke.DirectMethodHandle$Holder.invokeStatic(java.lang.Object, long, java.lang.Object)'> (0x000000008b3b6a38) 
thrown [s\open\src\hotspot\share\interpreter\linkResolver.cpp, line 773]
Event: 36.194 Thread 0x000001810b2cc820 Exception <a 'java/lang/NoSuchMethodError'{0x000000008b3b9da8}: 'java.lang.Object java.lang.invoke.DirectMethodHandle$Holder.invokeStaticInit(java.lang.Object, long, java.lang.Object)'> (0x000000008b3b9da8) 
thrown [s\open\src\hotspot\share\interpreter\linkResolver.cpp, line 773]
Event: 36.194 Thread 0x000001810b2cc820 Exception <a 'java/lang/NoSuchMethodError'{0x000000008b3bf088}: 'java.lang.Object java.lang.invoke.DirectMethodHandle$Holder.newInvokeSpecial(java.lang.Object, long)'> (0x000000008b3bf088) 
thrown [s\open\src\hotspot\share\interpreter\linkResolver.cpp, line 773]
Event: 36.202 Thread 0x000001810b2cc820 Exception <a 'java/lang/NoSuchMethodError'{0x000000008b3c36f0}: 'long java.lang.invoke.DirectMethodHandle$Holder.invokeInterface(java.lang.Object, java.lang.Object)'> (0x000000008b3c36f0) 
thrown [s\open\src\hotspot\share\interpreter\linkResolver.cpp, line 773]
Event: 36.202 Thread 0x000001810b2cc820 Exception <a 'java/lang/NoSuchMethodError'{0x000000008b3c6d20}: 'long java.lang.invoke.DelegatingMethodHandle$Holder.reinvoke_L(java.lang.Object, java.lang.Object)'> (0x000000008b3c6d20) 
thrown [s\open\src\hotspot\share\interpreter\linkResolver.cpp, line 773]
Event: 36.325 Thread 0x00000180a6629820 Exception <a 'java/lang/NoSuchMethodError'{0x000000008afa2730}: 'java.lang.Object java.lang.invoke.DirectMethodHandle$Holder.invokeStaticInit(java.lang.Object, java.lang.Object, int, int, int, int)'> (0x000000008afa2730) 
thrown [s\open\src\hotspot\share\interpreter\linkResolver.cpp, line 773]
Event: 36.819 Thread 0x00000180a6629820 Exception <a 'java/lang/NoSuchMethodError'{0x00000000ff8d8338}: 'void java.lang.invoke.DirectMethodHandle$Holder.invokeStatic(java.lang.Object, long)'> (0x00000000ff8d8338) 
thrown [s\open\src\hotspot\share\interpreter\linkResolver.cpp, line 773]

ZGC Phase Switch (0 events):
No events

VM Operations (20 events):
Event: 36.146 Executing VM operation: HandshakeAllThreads (Deoptimize)
Event: 36.146 Executing VM operation: HandshakeAllThreads (Deoptimize) done
Event: 36.285 Executing VM operation: HandshakeAllThreads (Deoptimize)
Event: 36.285 Executing VM operation: HandshakeAllThreads (Deoptimize) done
Event: 36.450 Executing VM operation: G1CollectForAllocation (G1 Evacuation Pause)
Event: 36.460 Executing VM operation: G1CollectForAllocation (G1 Evacuation Pause) done
Event: 36.512 Executing VM operation: G1PauseRemark
Event: 36.582 Executing VM operation: G1PauseRemark done
Event: 36.618 Executing VM operation: G1PauseCleanup
Event: 36.618 Executing VM operation: G1PauseCleanup done
Event: 36.705 Executing VM operation: HandshakeAllThreads (Deoptimize)
Event: 36.705 Executing VM operation: HandshakeAllThreads (Deoptimize) done
Event: 36.722 Executing VM operation: HandshakeAllThreads (Deoptimize)
Event: 36.723 Executing VM operation: HandshakeAllThreads (Deoptimize) done
Event: 36.725 Executing VM operation: HandshakeAllThreads (Deoptimize)
Event: 36.725 Executing VM operation: HandshakeAllThreads (Deoptimize) done
Event: 36.823 Executing VM operation: HandshakeAllThreads (Deoptimize)
Event: 36.823 Executing VM operation: HandshakeAllThreads (Deoptimize) done
Event: 37.838 Executing VM operation: Cleanup
Event: 37.838 Executing VM operation: Cleanup done

Events (20 events):
Event: 36.580 Thread 0x00000180c2f63150 flushing nmethod 0x00000180b241d010
Event: 36.580 Thread 0x00000180c2f63150 flushing nmethod 0x00000180b2453610
Event: 36.580 Thread 0x00000180c2f63150 flushing nmethod 0x00000180b2455890
Event: 36.580 Thread 0x00000180c2f63150 flushing nmethod 0x00000180b2458990
Event: 36.580 Thread 0x00000180c2f63150 flushing nmethod 0x00000180b245b790
Event: 36.580 Thread 0x00000180c2f63150 flushing nmethod 0x00000180b245bc90
Event: 36.580 Thread 0x00000180c2f63150 flushing nmethod 0x00000180b245cb10
Event: 36.580 Thread 0x00000180c2f63150 flushing nmethod 0x00000180b2584690
Event: 36.580 Thread 0x00000180c2f63150 flushing nmethod 0x00000180b2584c90
Event: 36.580 Thread 0x00000180c2f63150 flushing nmethod 0x00000180b2587010
Event: 36.580 Thread 0x00000180c2f63150 flushing nmethod 0x00000180b267f110
Event: 36.580 Thread 0x00000180c2f63150 flushing nmethod 0x00000180b267f890
Event: 36.580 Thread 0x00000180c2f63150 flushing nmethod 0x00000180b2682090
Event: 36.580 Thread 0x00000180c2f63150 flushing nmethod 0x00000180b2682990
Event: 36.580 Thread 0x00000180c2f63150 flushing nmethod 0x00000180b2684210
Event: 36.768 Thread 0x00000181092c6380 Thread added: 0x00000181092c6380
Event: 36.883 Thread 0x00000181092cbf60 Thread added: 0x00000181092cbf60
Event: 36.884 Thread 0x00000181092c9e90 Thread added: 0x00000181092c9e90
Event: 36.892 Thread 0x00000181092ca520 Thread added: 0x00000181092ca520
Event: 37.787 Thread 0x000001810c6e8800 Thread added: 0x000001810c6e8800


Dynamic libraries:
0x00007ff75e160000 - 0x00007ff75e170000 	D:\mailon\Java\jdk-21.0.10\bin\java.exe
0x00007ffe20340000 - 0x00007ffe205a7000 	C:\WINDOWS\SYSTEM32\ntdll.dll
0x00007ffe1f710000 - 0x00007ffe1f7d9000 	C:\WINDOWS\System32\KERNEL32.DLL
0x00007ffe1ce40000 - 0x00007ffe1d234000 	C:\WINDOWS\System32\KERNELBASE.dll
0x00007ffe1df80000 - 0x00007ffe1e0cb000 	C:\WINDOWS\System32\ucrtbase.dll
0x00007ffe175d0000 - 0x00007ffe175e9000 	D:\mailon\Java\jdk-21.0.10\bin\jli.dll
0x00007ffe175b0000 - 0x00007ffe175ce000 	D:\mailon\Java\jdk-21.0.10\bin\VCRUNTIME140.dll
0x00007ffe20240000 - 0x00007ffe202f6000 	C:\WINDOWS\System32\ADVAPI32.dll
0x00007ffe1f540000 - 0x00007ffe1f5e9000 	C:\WINDOWS\System32\msvcrt.dll
0x00007ffe1f7e0000 - 0x00007ffe1f887000 	C:\WINDOWS\System32\sechost.dll
0x00007ffe1f5f0000 - 0x00007ffe1f708000 	C:\WINDOWS\System32\RPCRT4.dll
0x00007ffe1ee10000 - 0x00007ffe1efd5000 	C:\WINDOWS\System32\USER32.dll
0x00007ffe1ce10000 - 0x00007ffe1ce37000 	C:\WINDOWS\System32\win32u.dll
0x00007ffe1f890000 - 0x00007ffe1f8bb000 	C:\WINDOWS\System32\GDI32.dll
0x00007ffe1dab0000 - 0x00007ffe1dbdb000 	C:\WINDOWS\System32\gdi32full.dll
0x00007ffe0c8f0000 - 0x00007ffe0cb83000 	C:\WINDOWS\WinSxS\amd64_microsoft.windows.common-controls_6595b64144ccf1df_6.0.26100.8115_none_3e075c82e3354f9c\COMCTL32.dll
0x00007ffe1ded0000 - 0x00007ffe1df73000 	C:\WINDOWS\System32\msvcp_win.dll
0x00007ffe16170000 - 0x00007ffe1617b000 	C:\WINDOWS\SYSTEM32\VERSION.dll
0x00007ffe1e170000 - 0x00007ffe1e1a2000 	C:\WINDOWS\System32\IMM32.DLL
0x00007ffe17510000 - 0x00007ffe1751c000 	D:\mailon\Java\jdk-21.0.10\bin\vcruntime140_1.dll
0x00007ffe02390000 - 0x00007ffe0241d000 	D:\mailon\Java\jdk-21.0.10\bin\msvcp140.dll
0x00007ffd68fa0000 - 0x00007ffd69cc7000 	D:\mailon\Java\jdk-21.0.10\bin\server\jvm.dll
0x00007ffe201b0000 - 0x00007ffe20230000 	C:\WINDOWS\System32\WS2_32.dll
0x00007ffe1ca90000 - 0x00007ffe1caee000 	C:\WINDOWS\SYSTEM32\POWRPROF.dll
0x00007ffdfca90000 - 0x00007ffdfcac6000 	C:\WINDOWS\SYSTEM32\WINMM.dll
0x00007ffe1ca70000 - 0x00007ffe1ca84000 	C:\WINDOWS\SYSTEM32\UMPDC.dll
0x00007ffe1b970000 - 0x00007ffe1b98b000 	C:\WINDOWS\SYSTEM32\kernel.appcore.dll
0x00007ffe17500000 - 0x00007ffe1750a000 	D:\mailon\Java\jdk-21.0.10\bin\jimage.dll
0x00007ffe0d0b0000 - 0x00007ffe0d2f2000 	C:\WINDOWS\SYSTEM32\DBGHELP.DLL
0x00007ffe1e7e0000 - 0x00007ffe1eb62000 	C:\WINDOWS\System32\combase.dll
0x00007ffe1f0d0000 - 0x00007ffe1f1a8000 	C:\WINDOWS\System32\OLEAUT32.dll
0x00007ffe033e0000 - 0x00007ffe0341b000 	C:\WINDOWS\SYSTEM32\dbgcore.DLL
0x00007ffe1dd60000 - 0x00007ffe1de05000 	C:\WINDOWS\System32\bcryptPrimitives.dll
0x00007ffe10450000 - 0x00007ffe10471000 	D:\mailon\Java\jdk-21.0.10\bin\java.dll
0x00007ffe1fa40000 - 0x00007ffe201a7000 	C:\WINDOWS\System32\SHELL32.dll
0x00007ffe1cc10000 - 0x00007ffe1cd7a000 	C:\WINDOWS\System32\wintypes.dll
0x00007ffe1d240000 - 0x00007ffe1daa8000 	C:\WINDOWS\System32\windows.storage.dll
0x00007ffe1f220000 - 0x00007ffe1f318000 	C:\WINDOWS\System32\SHCORE.dll
0x00007ffe1f9d0000 - 0x00007ffe1fa36000 	C:\WINDOWS\System32\shlwapi.dll
0x00007ffe1cb30000 - 0x00007ffe1cb59000 	C:\WINDOWS\SYSTEM32\profapi.dll
0x00007ffe00160000 - 0x00007ffe00237000 	D:\mailon\Java\jdk-21.0.10\bin\jsvml.dll
0x00007ffe10380000 - 0x00007ffe10391000 	D:\mailon\Java\jdk-21.0.10\bin\net.dll
0x00007ffe15b50000 - 0x00007ffe15c7d000 	C:\WINDOWS\SYSTEM32\WINHTTP.dll
0x00007ffe1bed0000 - 0x00007ffe1bf3c000 	C:\WINDOWS\system32\mswsock.dll
0x00007ffe0e890000 - 0x00007ffe0e8a6000 	D:\mailon\Java\jdk-21.0.10\bin\nio.dll
0x00007ffe0e870000 - 0x00007ffe0e888000 	D:\mailon\Java\jdk-21.0.10\bin\zip.dll
0x00007ffe05960000 - 0x00007ffe05984000 	D:\mailon\Usuario\Desktop\apache-maven-3.9.14-bin (1)\apache-maven-3.9.14\lib\jansi-native\Windows\x86_64\jansi.dll
0x00007ffe17490000 - 0x00007ffe174a0000 	D:\mailon\Java\jdk-21.0.10\bin\verify.dll
0x00007ffe1c200000 - 0x00007ffe1c21b000 	C:\WINDOWS\SYSTEM32\CRYPTSP.dll
0x00007ffe1b8c0000 - 0x00007ffe1b8f9000 	C:\WINDOWS\system32\rsaenh.dll
0x00007ffe1bfa0000 - 0x00007ffe1bfd3000 	C:\WINDOWS\SYSTEM32\USERENV.dll
0x00007ffe1cb00000 - 0x00007ffe1cb2a000 	C:\WINDOWS\SYSTEM32\bcrypt.dll
0x00007ffe1c1f0000 - 0x00007ffe1c1fc000 	C:\WINDOWS\SYSTEM32\CRYPTBASE.dll
0x00007ffe1b340000 - 0x00007ffe1b372000 	C:\WINDOWS\SYSTEM32\IPHLPAPI.DLL
0x00007ffe1f8c0000 - 0x00007ffe1f8ca000 	C:\WINDOWS\System32\NSI.dll

dbghelp: loaded successfully - version: 4.0.5 - missing functions: none
symbol engine: initialized successfully - sym options: 0x614 - pdb path: .;D:\mailon\Java\jdk-21.0.10\bin;C:\WINDOWS\SYSTEM32;C:\WINDOWS\WinSxS\amd64_microsoft.windows.common-controls_6595b64144ccf1df_6.0.26100.8115_none_3e075c82e3354f9c;D:\mailon\Java\jdk-21.0.10\bin\server;D:\mailon\Usuario\Desktop\apache-maven-3.9.14-bin (1)\apache-maven-3.9.14\lib\jansi-native\Windows\x86_64

VM Arguments:
jvm_args: --add-opens=java.base/java.lang=ALL-UNNAMED --enable-native-access=ALL-UNNAMED -Dclassworlds.conf=D:/mailon/Usuario/Desktop/apache-maven-3.9.14-bin (1)/apache-maven-3.9.14/bin/m2.conf -Dmaven.home=D:/mailon/Usuario/Desktop/apache-maven-3.9.14-bin (1)/apache-maven-3.9.14 -Dlibrary.jansi.path=D:/mailon/Usuario/Desktop/apache-maven-3.9.14-bin (1)/apache-maven-3.9.14/lib/jansi-native -Dmaven.multiModuleProjectDirectory=D:/mailon/Usuario/Desktop/Smartwallet 
java_command: org.codehaus.plexus.classworlds.launcher.Launcher test
java_class_path (initial): D:/mailon/Usuario/Desktop/apache-maven-3.9.14-bin (1)/apache-maven-3.9.14/boot/plexus-classworlds-2.9.0.jar
Launcher Type: SUN_STANDARD

[Global flags]
     intx CICompilerCount                          = 4                                         {product} {ergonomic}
     uint ConcGCThreads                            = 2                                         {product} {ergonomic}
     uint G1ConcRefinementThreads                  = 8                                         {product} {ergonomic}
   size_t G1HeapRegionSize                         = 1048576                                   {product} {ergonomic}
    uintx GCDrainStackTargetSize                   = 64                                        {product} {ergonomic}
   size_t InitialHeapSize                          = 132120576                                 {product} {ergonomic}
   size_t MarkStackSize                            = 4194304                                   {product} {ergonomic}
   size_t MaxHeapSize                              = 2109734912                                {product} {ergonomic}
   size_t MaxNewSize                               = 1265631232                                {product} {ergonomic}
   size_t MinHeapDeltaBytes                        = 1048576                                   {product} {ergonomic}
   size_t MinHeapSize                              = 8388608                                   {product} {ergonomic}
    uintx NonNMethodCodeHeapSize                   = 5839372                                {pd product} {ergonomic}
    uintx NonProfiledCodeHeapSize                  = 122909434                              {pd product} {ergonomic}
    uintx ProfiledCodeHeapSize                     = 122909434                              {pd product} {ergonomic}
    uintx ReservedCodeCacheSize                    = 251658240                              {pd product} {ergonomic}
     bool SegmentedCodeCache                       = true                                      {product} {ergonomic}
   size_t SoftMaxHeapSize                          = 2109734912                             {manageable} {ergonomic}
     bool UseCompressedOops                        = true                           {product lp64_product} {ergonomic}
     bool UseG1GC                                  = true                                      {product} {ergonomic}
     bool UseLargePagesIndividualAllocation        = false                                  {pd product} {ergonomic}

Logging:
Log output configuration:
 #0: stdout all=warning uptime,level,tags foldmultilines=false
 #1: stderr all=off uptime,level,tags foldmultilines=false

Environment Variables:
JAVA_HOME=D:/mailon/Java/jdk-21.0.10
PATH=D:\Program Files\Git\mingw64\bin;D:\Program Files\Git\usr\bin;C:\Users\Usuario\bin;C:\Program Files\Common Files\Oracle\Java\javapath;C:\WINDOWS\system32;C:\WINDOWS;C:\WINDOWS\System32\Wbem;C:\WINDOWS\System32\WindowsPowerShell\v1.0;C:\WINDOWS\System32\OpenSSH;D:\Program Files\nodejs;D:\mailon\Usuario\Desktop\apache-maven-3.9.14-bin (1)\apache-maven-3.9.14\bin;D:\Program Files\Git\cmd;C:\Users\Usuario\AppData\Local\Programs\Trae\bin;D:\mailon\Usuario\Downloads\ffmpeg-8.0.1-essentials_build\ffmpeg-8.0.1-essentials_build\bin;D:\mailon\Usuario\Desktop\apache-maven-3.9.14-bin (1)\apache-maven-3.9.14\bin;C:\Users\Usuario\AppData\Roaming\npm
USERNAME=Usuario
TERM=xterm-256color
OS=Windows_NT
PROCESSOR_IDENTIFIER=Intel64 Family 6 Model 142 Stepping 12, GenuineIntel
TMP=C:\Users\Usuario\AppData\Local\Temp
TEMP=C:\Users\Usuario\AppData\Local\Temp




Periodic native trim disabled

---------------  S Y S T E M  ---------------

OS:
 Windows 11 , 64 bit Build 26100 (10.0.26100.8246)
OS uptime: 4 days 18:59 hours
Hyper-V role detected

CPU: total 8 (initial active 8) (4 cores per cpu, 2 threads per core) family 6 model 142 stepping 12 microcode 0xde, cx8, cmov, fxsr, ht, mmx, 3dnowpref, sse, sse2, sse3, ssse3, sse4.1, sse4.2, popcnt, lzcnt, tsc, tscinvbit, avx, avx2, aes, erms, clmul, bmi1, bmi2, adx, fma, vzeroupper, clflush, clflushopt, hv, rdtscp, f16c
Processor Information for all 8 processors :
  Max Mhz: 1800, Current Mhz: 1600, Mhz Limit: 1584

Memory: 4k page, system-wide physical 8040M (371M free)
TotalPageFile size 32616M (AvailPageFile size 0M)
current process WorkingSet (physical memory assigned to process): 527M, peak: 530M
current process commit charge ("private bytes"): 569M, peak: 573M

vm_info: Java HotSpot(TM) 64-Bit Server VM (21.0.10+8-LTS-217) for windows-amd64 JRE (21.0.10+8-LTS-217), built on 2025-12-18T14:59:28Z by "mach5run" with MS VC++ 17.13 (VS2022)

END.
