#
# There is insufficient memory for the Java Runtime Environment to continue.
# Native memory allocation (malloc) failed to allocate 1183088 bytes for Chunk::new
# Possible reasons:
#   The system is out of physical RAM or swap space
#   The process is running with CompressedOops enabled, and the Java Heap may be blocking the growth of the native heap
# Possible solutions:
#   Reduce memory load on the system
#   Increase physical memory or swap space
#   Check if swap backing store is full
#   Decrease Java heap size (-Xmx/-Xms)
#   Decrease number of Java threads
#   Decrease Java thread stack sizes (-Xss)
#   Set larger code cache with -XX:ReservedCodeCacheSize=
#   JVM is running with Unscaled Compressed Oops mode in which the Java heap is
#     placed in the first 4GB address space. The Java Heap base address is the
#     maximum limit for the native heap growth. Please use -XX:HeapBaseMinAddress
#     to set the Java Heap base and to place the Java Heap above 4GB virtual address.
# This output file may be truncated or incomplete.
#
#  Out of Memory Error (arena.cpp:168), pid=9832, tid=9004
#
# JRE version: Java(TM) SE Runtime Environment (21.0.10+8) (build 21.0.10+8-LTS-217)
# Java VM: Java HotSpot(TM) 64-Bit Server VM (21.0.10+8-LTS-217, mixed mode, sharing, tiered, compressed oops, compressed class ptrs, g1 gc, windows-amd64)
# No core dump will be written. Minidumps are not enabled by default on client versions of Windows
#

---------------  S U M M A R Y ------------

Command Line: --add-opens=java.base/java.lang=ALL-UNNAMED --enable-native-access=ALL-UNNAMED -Dclassworlds.conf=D:/mailon/Usuario/Desktop/apache-maven-3.9.14-bin (1)/apache-maven-3.9.14/bin/m2.conf -Dmaven.home=D:/mailon/Usuario/Desktop/apache-maven-3.9.14-bin (1)/apache-maven-3.9.14 -Dlibrary.jansi.path=D:/mailon/Usuario/Desktop/apache-maven-3.9.14-bin (1)/apache-maven-3.9.14/lib/jansi-native -Dmaven.multiModuleProjectDirectory=D:/mailon/Usuario/Desktop/Smartwallet org.codehaus.plexus.classworlds.launcher.Launcher test -Dtest=SmartwalletApplicationTests

Host: Intel(R) Core(TM) i5-8265U CPU @ 1.60GHz, 8 cores, 7G,  Windows 11 , 64 bit Build 26100 (10.0.26100.8246)
Time: Thu Apr 23 05:08:54 2026 Hora oficial do Brasil elapsed time: 43.954596 seconds (0d 0h 0m 43s)

---------------  T H R E A D  ---------------

Current thread (0x0000020e4f544fb0):  JavaThread "C2 CompilerThread0" daemon [_thread_in_native, id=9004, stack(0x00000087eb300000,0x00000087eb400000) (1024K)]


Current CompileTask:
C2:  43954 27879   !   4       org.springframework.beans.factory.support.DefaultListableBeanFactory::doGetBeanNamesForType (505 bytes)

Stack: [0x00000087eb300000,0x00000087eb400000]
Native frames: (J=compiled Java code, j=interpreted, Vv=VM code, C=native code)
V  [jvm.dll+0x6d0b59]
V  [jvm.dll+0x85fd56]
V  [jvm.dll+0x86224e]
V  [jvm.dll+0x862923]
V  [jvm.dll+0x282a16]
V  [jvm.dll+0xc662d]
V  [jvm.dll+0xc6b71]
V  [jvm.dll+0x3bbb5b]
V  [jvm.dll+0x387fd2]
V  [jvm.dll+0x38741a]
V  [jvm.dll+0x24b370]
V  [jvm.dll+0x24a94f]
V  [jvm.dll+0x1cacfe]
V  [jvm.dll+0x25a629]
V  [jvm.dll+0x258bb5]
V  [jvm.dll+0x3f4da1]
V  [jvm.dll+0x80a83d]
V  [jvm.dll+0x6cf3fd]
C  [ucrtbase.dll+0x37b0]
C  [KERNEL32.DLL+0x2e8d7]
C  [ntdll.dll+0x8c3fc]


---------------  P R O C E S S  ---------------

Threads class SMR info:
_java_thread_list=0x0000020ea1af8910, length=16, elements={
0x0000020e30a53050, 0x0000020e4f52a5f0, 0x0000020e4f52b050, 0x0000020e4f52ec00,
0x0000020e4f532920, 0x0000020e4f52fe00, 0x0000020e4f530860, 0x0000020e4f544fb0,
0x0000020e4f547a60, 0x0000020e4f831ff0, 0x0000020e4f834c40, 0x0000020e95aea210,
0x0000020e970cb090, 0x0000020e97f12f30, 0x0000020e97c4a810, 0x0000020e97c4bc80
}

Java Threads: ( => current thread )
  0x0000020e30a53050 JavaThread "main"                              [_thread_in_native, id=21412, stack(0x00000087ea500000,0x00000087ea600000) (1024K)]
  0x0000020e4f52a5f0 JavaThread "Reference Handler"          daemon [_thread_blocked, id=24284, stack(0x00000087ead00000,0x00000087eae00000) (1024K)]
  0x0000020e4f52b050 JavaThread "Finalizer"                  daemon [_thread_blocked, id=2604, stack(0x00000087eae00000,0x00000087eaf00000) (1024K)]
  0x0000020e4f52ec00 JavaThread "Signal Dispatcher"          daemon [_thread_blocked, id=12044, stack(0x00000087eaf00000,0x00000087eb000000) (1024K)]
  0x0000020e4f532920 JavaThread "Attach Listener"            daemon [_thread_blocked, id=21488, stack(0x00000087eb000000,0x00000087eb100000) (1024K)]
  0x0000020e4f52fe00 JavaThread "Service Thread"             daemon [_thread_blocked, id=27424, stack(0x00000087eb100000,0x00000087eb200000) (1024K)]
  0x0000020e4f530860 JavaThread "Monitor Deflation Thread"   daemon [_thread_blocked, id=22664, stack(0x00000087eb200000,0x00000087eb300000) (1024K)]
=>0x0000020e4f544fb0 JavaThread "C2 CompilerThread0"         daemon [_thread_in_native, id=9004, stack(0x00000087eb300000,0x00000087eb400000) (1024K)]
  0x0000020e4f547a60 JavaThread "C1 CompilerThread0"         daemon [_thread_blocked, id=29660, stack(0x00000087eb400000,0x00000087eb500000) (1024K)]
  0x0000020e4f831ff0 JavaThread "Notification Thread"        daemon [_thread_blocked, id=9408, stack(0x00000087eb500000,0x00000087eb600000) (1024K)]
  0x0000020e4f834c40 JavaThread "Common-Cleaner"             daemon [_thread_blocked, id=7472, stack(0x00000087eb600000,0x00000087eb700000) (1024K)]
  0x0000020e95aea210 JavaThread "Thread-1"                   daemon [_thread_blocked, id=16776, stack(0x00000087eb700000,0x00000087eb800000) (1024K)]
  0x0000020e970cb090 JavaThread "resolver-1"                 daemon [_thread_blocked, id=16380, stack(0x00000087ebf00000,0x00000087ec000000) (1024K)]
  0x0000020e97f12f30 JavaThread "resolver-2"                 daemon [_thread_blocked, id=22084, stack(0x00000087ec100000,0x00000087ec200000) (1024K)]
  0x0000020e97c4a810 JavaThread "C2 CompilerThread1"         daemon [_thread_blocked, id=8828, stack(0x00000087ea400000,0x00000087ea500000) (1024K)]
  0x0000020e97c4bc80 JavaThread "C2 CompilerThread2"         daemon [_thread_in_native, id=25188, stack(0x00000087ec300000,0x00000087ec400000) (1024K)]
Total: 16

Other Threads:
  0x0000020e4f50ecd0 VMThread "VM Thread"                           [id=14552, stack(0x00000087eac00000,0x00000087ead00000) (1024K)]
  0x0000020e4f4f7410 WatcherThread "VM Periodic Task Thread"        [id=2676, stack(0x00000087eab00000,0x00000087eac00000) (1024K)]
  0x0000020e30c5e2b0 WorkerThread "GC Thread#0"                     [id=24756, stack(0x00000087ea600000,0x00000087ea700000) (1024K)]
  0x0000020e956114e0 WorkerThread "GC Thread#1"                     [id=27660, stack(0x00000087eb800000,0x00000087eb900000) (1024K)]
  0x0000020e95611ca0 WorkerThread "GC Thread#2"                     [id=22004, stack(0x00000087eb900000,0x00000087eba00000) (1024K)]
  0x0000020e959a75f0 WorkerThread "GC Thread#3"                     [id=30716, stack(0x00000087eba00000,0x00000087ebb00000) (1024K)]
  0x0000020e959a79a0 WorkerThread "GC Thread#4"                     [id=24900, stack(0x00000087ebb00000,0x00000087ebc00000) (1024K)]
  0x0000020e95dcc3f0 WorkerThread "GC Thread#5"                     [id=23060, stack(0x00000087ebc00000,0x00000087ebd00000) (1024K)]
  0x0000020e95acb950 WorkerThread "GC Thread#6"                     [id=18808, stack(0x00000087ebd00000,0x00000087ebe00000) (1024K)]
  0x0000020e95acbd00 WorkerThread "GC Thread#7"                     [id=28888, stack(0x00000087ebe00000,0x00000087ebf00000) (1024K)]
  0x0000020e30c6fbb0 ConcurrentGCThread "G1 Main Marker"            [id=20584, stack(0x00000087ea700000,0x00000087ea800000) (1024K)]
  0x0000020e30c71a90 WorkerThread "G1 Conc#0"                       [id=16948, stack(0x00000087ea800000,0x00000087ea900000) (1024K)]
  0x0000020e95af46b0 WorkerThread "G1 Conc#1"                       [id=8284, stack(0x00000087ec000000,0x00000087ec100000) (1024K)]
  0x0000020e4f3c6190 ConcurrentGCThread "G1 Refine#0"               [id=9388, stack(0x00000087ea900000,0x00000087eaa00000) (1024K)]
  0x0000020e4f3c69c0 ConcurrentGCThread "G1 Service"                [id=7740, stack(0x00000087eaa00000,0x00000087eab00000) (1024K)]
Total: 15

Threads with active compile tasks:
C2 CompilerThread0    45046 27879   !   4       org.springframework.beans.factory.support.DefaultListableBeanFactory::doGetBeanNamesForType (505 bytes)
C1 CompilerThread0    45047 27955       3       java.lang.invoke.DirectMethodHandle$Interface::checkReceiver (82 bytes)
C2 CompilerThread1    45047 27942       4       org.springframework.beans.factory.support.AbstractBeanFactory::hasInstantiationAwareBeanPostProcessors (21 bytes)
C2 CompilerThread2    45047 27880       4       java.lang.invoke.MethodHandleImpl::makePairwiseConvertByEditor (617 bytes)
Total: 4

VM state: not at safepoint (normal execution)

VM Mutex/Monitor currently owned by a thread: None

Heap address: 0x0000000082400000, size: 2012 MB, Compressed Oops mode: 32-bit

CDS archive(s) mapped at: [0x0000020e50000000-0x0000020e50c90000-0x0000020e50c90000), size 13172736, SharedBaseAddress: 0x0000020e50000000, ArchiveRelocationMode: 1.
Compressed class space mapped at: 0x0000020e51000000-0x0000020e91000000, reserved size: 1073741824
Narrow klass base: 0x0000020e50000000, Narrow klass shift: 0, Narrow klass range: 0x100000000

GC Precious Log:
 CardTable entry size: 512
 Card Set container configuration: InlinePtr #cards 5 size 8 Array Of Cards #cards 12 size 40 Howl #buckets 4 coarsen threshold 1843 Howl Bitmap #cards 512 size 80 coarsen threshold 460 Card regions per heap region 1 cards per card region 2048
 CPUs: 8 total, 8 available
 Memory: 8040M
 Large Page Support: Disabled
 NUMA Support: Disabled
 Compressed Oops: Enabled (32-bit)
 Heap Region Size: 1M
 Heap Min Capacity: 8M
 Heap Initial Capacity: 126M
 Heap Max Capacity: 2012M
 Pre-touch: Disabled
 Parallel Workers: 8
 Concurrent Workers: 2
 Concurrent Refinement Workers: 8
 Periodic GC: Disabled

Heap:
 garbage-first heap   total 209920K, used 163677K [0x0000000082400000, 0x0000000100000000)
  region size 1024K, 62 young (63488K), 10 survivors (10240K)
 Metaspace       used 148877K, committed 150208K, reserved 1245184K
  class space    used 16932K, committed 17536K, reserved 1048576K

Heap Regions: E=young(eden), S=young(survivor), O=old, HS=humongous(starts), HC=humongous(continues), CS=collection set, F=free, TAMS=top-at-mark-start, PB=parsable bottom
|   0|0x0000000082400000, 0x0000000082500000, 0x0000000082500000|100%| O|  |TAMS 0x0000000082400000| PB 0x0000000082400000| Untracked 
|   1|0x0000000082500000, 0x0000000082600000, 0x0000000082600000|100%| O|  |TAMS 0x0000000082500000| PB 0x0000000082500000| Untracked 
|   2|0x0000000082600000, 0x0000000082700000, 0x0000000082700000|100%| O|  |TAMS 0x0000000082600000| PB 0x0000000082600000| Untracked 
|   3|0x0000000082700000, 0x0000000082800000, 0x0000000082800000|100%| O|  |TAMS 0x0000000082700000| PB 0x0000000082700000| Untracked 
|   4|0x0000000082800000, 0x0000000082900000, 0x0000000082900000|100%| O|  |TAMS 0x0000000082800000| PB 0x0000000082800000| Untracked 
|   5|0x0000000082900000, 0x0000000082a00000, 0x0000000082a00000|100%| O|  |TAMS 0x0000000082900000| PB 0x0000000082900000| Untracked 
|   6|0x0000000082a00000, 0x0000000082b00000, 0x0000000082b00000|100%| O|  |TAMS 0x0000000082a00000| PB 0x0000000082a00000| Untracked 
|   7|0x0000000082b00000, 0x0000000082c00000, 0x0000000082c00000|100%| O|  |TAMS 0x0000000082b00000| PB 0x0000000082b00000| Untracked 
|   8|0x0000000082c00000, 0x0000000082d00000, 0x0000000082d00000|100%| O|  |TAMS 0x0000000082c00000| PB 0x0000000082c00000| Untracked 
|   9|0x0000000082d00000, 0x0000000082e00000, 0x0000000082e00000|100%| O|  |TAMS 0x0000000082d00000| PB 0x0000000082d00000| Untracked 
|  10|0x0000000082e00000, 0x0000000082f00000, 0x0000000082f00000|100%| O|  |TAMS 0x0000000082e00000| PB 0x0000000082e00000| Untracked 
|  11|0x0000000082f00000, 0x0000000083000000, 0x0000000083000000|100%| O|  |TAMS 0x0000000082f00000| PB 0x0000000082f00000| Untracked 
|  12|0x0000000083000000, 0x0000000083100000, 0x0000000083100000|100%| O|  |TAMS 0x0000000083000000| PB 0x0000000083000000| Untracked 
|  13|0x0000000083100000, 0x0000000083200000, 0x0000000083200000|100%| O|  |TAMS 0x0000000083100000| PB 0x0000000083100000| Untracked 
|  14|0x0000000083200000, 0x0000000083300000, 0x0000000083300000|100%| O|  |TAMS 0x0000000083200000| PB 0x0000000083200000| Untracked 
|  15|0x0000000083300000, 0x0000000083400000, 0x0000000083400000|100%| O|  |TAMS 0x0000000083300000| PB 0x0000000083300000| Untracked 
|  16|0x0000000083400000, 0x0000000083500000, 0x0000000083500000|100%| O|  |TAMS 0x0000000083400000| PB 0x0000000083400000| Untracked 
|  17|0x0000000083500000, 0x0000000083600000, 0x0000000083600000|100%| O|  |TAMS 0x0000000083500000| PB 0x0000000083500000| Untracked 
|  18|0x0000000083600000, 0x0000000083700000, 0x0000000083700000|100%| O|  |TAMS 0x0000000083600000| PB 0x0000000083600000| Untracked 
|  19|0x0000000083700000, 0x0000000083800000, 0x0000000083800000|100%| O|  |TAMS 0x0000000083700000| PB 0x0000000083700000| Untracked 
|  20|0x0000000083800000, 0x0000000083900000, 0x0000000083900000|100%| O|  |TAMS 0x0000000083800000| PB 0x0000000083800000| Untracked 
|  21|0x0000000083900000, 0x0000000083a00000, 0x0000000083a00000|100%| O|  |TAMS 0x0000000083900000| PB 0x0000000083900000| Untracked 
|  22|0x0000000083a00000, 0x0000000083b00000, 0x0000000083b00000|100%| O|  |TAMS 0x0000000083a00000| PB 0x0000000083a00000| Untracked 
|  23|0x0000000083b00000, 0x0000000083c00000, 0x0000000083c00000|100%| O|  |TAMS 0x0000000083b00000| PB 0x0000000083b00000| Untracked 
|  24|0x0000000083c00000, 0x0000000083d00000, 0x0000000083d00000|100%| O|  |TAMS 0x0000000083c00000| PB 0x0000000083c00000| Untracked 
|  25|0x0000000083d00000, 0x0000000083e00000, 0x0000000083e00000|100%| O|  |TAMS 0x0000000083d00000| PB 0x0000000083d00000| Untracked 
|  26|0x0000000083e00000, 0x0000000083f00000, 0x0000000083f00000|100%| O|  |TAMS 0x0000000083e00000| PB 0x0000000083e00000| Untracked 
|  27|0x0000000083f00000, 0x0000000084000000, 0x0000000084000000|100%| O|  |TAMS 0x0000000083f00000| PB 0x0000000083f00000| Untracked 
|  28|0x0000000084000000, 0x0000000084100000, 0x0000000084100000|100%| O|  |TAMS 0x0000000084000000| PB 0x0000000084000000| Untracked 
|  29|0x0000000084100000, 0x0000000084200000, 0x0000000084200000|100%|HS|  |TAMS 0x0000000084100000| PB 0x0000000084100000| Complete 
|  30|0x0000000084200000, 0x0000000084300000, 0x0000000084300000|100%| O|  |TAMS 0x0000000084200000| PB 0x0000000084200000| Untracked 
|  31|0x0000000084300000, 0x0000000084400000, 0x0000000084400000|100%| O|  |TAMS 0x0000000084300000| PB 0x0000000084300000| Untracked 
|  32|0x0000000084400000, 0x0000000084500000, 0x0000000084500000|100%| O|  |TAMS 0x0000000084400000| PB 0x0000000084400000| Untracked 
|  33|0x0000000084500000, 0x0000000084600000, 0x0000000084600000|100%| O|  |TAMS 0x0000000084500000| PB 0x0000000084500000| Untracked 
|  34|0x0000000084600000, 0x0000000084600000, 0x0000000084700000|  0%| F|  |TAMS 0x0000000084600000| PB 0x0000000084600000| Untracked 
|  35|0x0000000084700000, 0x0000000084800000, 0x0000000084800000|100%| O|  |TAMS 0x0000000084700000| PB 0x0000000084700000| Untracked 
|  36|0x0000000084800000, 0x0000000084900000, 0x0000000084900000|100%| O|  |TAMS 0x0000000084800000| PB 0x0000000084800000| Untracked 
|  37|0x0000000084900000, 0x0000000084a00000, 0x0000000084a00000|100%| O|  |TAMS 0x0000000084900000| PB 0x0000000084900000| Untracked 
|  38|0x0000000084a00000, 0x0000000084b00000, 0x0000000084b00000|100%| O|  |TAMS 0x0000000084a00000| PB 0x0000000084a00000| Untracked 
|  39|0x0000000084b00000, 0x0000000084c00000, 0x0000000084c00000|100%| O|  |TAMS 0x0000000084b00000| PB 0x0000000084b00000| Untracked 
|  40|0x0000000084c00000, 0x0000000084d00000, 0x0000000084d00000|100%| O|  |TAMS 0x0000000084c00000| PB 0x0000000084c00000| Untracked 
|  41|0x0000000084d00000, 0x0000000084e00000, 0x0000000084e00000|100%| O|  |TAMS 0x0000000084d00000| PB 0x0000000084d00000| Untracked 
|  42|0x0000000084e00000, 0x0000000084f00000, 0x0000000084f00000|100%| O|  |TAMS 0x0000000084e00000| PB 0x0000000084e00000| Untracked 
|  43|0x0000000084f00000, 0x0000000085000000, 0x0000000085000000|100%| O|  |TAMS 0x0000000084f00000| PB 0x0000000084f00000| Untracked 
|  44|0x0000000085000000, 0x0000000085100000, 0x0000000085100000|100%| O|  |TAMS 0x0000000085000000| PB 0x0000000085000000| Untracked 
|  45|0x0000000085100000, 0x0000000085200000, 0x0000000085200000|100%| O|  |TAMS 0x0000000085100000| PB 0x0000000085100000| Untracked 
|  46|0x0000000085200000, 0x0000000085300000, 0x0000000085300000|100%| O|  |TAMS 0x0000000085200000| PB 0x0000000085200000| Untracked 
|  47|0x0000000085300000, 0x0000000085400000, 0x0000000085400000|100%| O|  |TAMS 0x0000000085300000| PB 0x0000000085300000| Untracked 
|  48|0x0000000085400000, 0x0000000085500000, 0x0000000085500000|100%| O|  |TAMS 0x0000000085400000| PB 0x0000000085400000| Untracked 
|  49|0x0000000085500000, 0x0000000085600000, 0x0000000085600000|100%| O|  |TAMS 0x0000000085500000| PB 0x0000000085500000| Untracked 
|  50|0x0000000085600000, 0x0000000085700000, 0x0000000085700000|100%| O|  |TAMS 0x0000000085600000| PB 0x0000000085600000| Untracked 
|  51|0x0000000085700000, 0x0000000085800000, 0x0000000085800000|100%| O|  |TAMS 0x0000000085700000| PB 0x0000000085700000| Untracked 
|  52|0x0000000085800000, 0x0000000085900000, 0x0000000085900000|100%| O|  |TAMS 0x0000000085800000| PB 0x0000000085800000| Untracked 
|  53|0x0000000085900000, 0x0000000085a00000, 0x0000000085a00000|100%|HS|  |TAMS 0x0000000085900000| PB 0x0000000085900000| Complete 
|  54|0x0000000085a00000, 0x0000000085b00000, 0x0000000085b00000|100%|HC|  |TAMS 0x0000000085a00000| PB 0x0000000085a00000| Complete 
|  55|0x0000000085b00000, 0x0000000085c00000, 0x0000000085c00000|100%|HC|  |TAMS 0x0000000085b00000| PB 0x0000000085b00000| Complete 
|  56|0x0000000085c00000, 0x0000000085d00000, 0x0000000085d00000|100%|HC|  |TAMS 0x0000000085c00000| PB 0x0000000085c00000| Complete 
|  57|0x0000000085d00000, 0x0000000085e00000, 0x0000000085e00000|100%| O|  |TAMS 0x0000000085d00000| PB 0x0000000085d00000| Untracked 
|  58|0x0000000085e00000, 0x0000000085f00000, 0x0000000085f00000|100%| O|  |TAMS 0x0000000085e00000| PB 0x0000000085e00000| Untracked 
|  59|0x0000000085f00000, 0x0000000086000000, 0x0000000086000000|100%| O|  |TAMS 0x0000000085f00000| PB 0x0000000085f00000| Untracked 
|  60|0x0000000086000000, 0x0000000086100000, 0x0000000086100000|100%| O|  |TAMS 0x0000000086000000| PB 0x0000000086000000| Untracked 
|  61|0x0000000086100000, 0x0000000086200000, 0x0000000086200000|100%| O|  |TAMS 0x0000000086100000| PB 0x0000000086100000| Untracked 
|  62|0x0000000086200000, 0x0000000086300000, 0x0000000086300000|100%| O|  |TAMS 0x0000000086200000| PB 0x0000000086200000| Untracked 
|  63|0x0000000086300000, 0x0000000086400000, 0x0000000086400000|100%| O|  |TAMS 0x0000000086300000| PB 0x0000000086300000| Untracked 
|  64|0x0000000086400000, 0x0000000086500000, 0x0000000086500000|100%| O|  |TAMS 0x0000000086400000| PB 0x0000000086400000| Untracked 
|  65|0x0000000086500000, 0x0000000086600000, 0x0000000086600000|100%| O|  |TAMS 0x0000000086500000| PB 0x0000000086500000| Untracked 
|  66|0x0000000086600000, 0x0000000086700000, 0x0000000086700000|100%| O|  |TAMS 0x0000000086600000| PB 0x0000000086600000| Untracked 
|  67|0x0000000086700000, 0x0000000086800000, 0x0000000086800000|100%| O|  |TAMS 0x0000000086700000| PB 0x0000000086700000| Untracked 
|  68|0x0000000086800000, 0x0000000086900000, 0x0000000086900000|100%| O|  |TAMS 0x0000000086800000| PB 0x0000000086800000| Untracked 
|  69|0x0000000086900000, 0x00000000869d75f0, 0x0000000086a00000| 84%| O|  |TAMS 0x0000000086900000| PB 0x0000000086900000| Untracked 
|  70|0x0000000086a00000, 0x0000000086a00000, 0x0000000086b00000|  0%| F|  |TAMS 0x0000000086a00000| PB 0x0000000086a00000| Untracked 
|  71|0x0000000086b00000, 0x0000000086b00000, 0x0000000086c00000|  0%| F|  |TAMS 0x0000000086b00000| PB 0x0000000086b00000| Untracked 
|  72|0x0000000086c00000, 0x0000000086c00000, 0x0000000086d00000|  0%| F|  |TAMS 0x0000000086c00000| PB 0x0000000086c00000| Untracked 
|  73|0x0000000086d00000, 0x0000000086d00000, 0x0000000086e00000|  0%| F|  |TAMS 0x0000000086d00000| PB 0x0000000086d00000| Untracked 
|  74|0x0000000086e00000, 0x0000000086e00000, 0x0000000086f00000|  0%| F|  |TAMS 0x0000000086e00000| PB 0x0000000086e00000| Untracked 
|  75|0x0000000086f00000, 0x0000000087000000, 0x0000000087000000|100%| O|  |TAMS 0x0000000086f00000| PB 0x0000000086f00000| Untracked 
|  76|0x0000000087000000, 0x0000000087000000, 0x0000000087100000|  0%| F|  |TAMS 0x0000000087000000| PB 0x0000000087000000| Untracked 
|  77|0x0000000087100000, 0x0000000087200000, 0x0000000087200000|100%| O|  |TAMS 0x0000000087100000| PB 0x0000000087100000| Untracked 
|  78|0x0000000087200000, 0x0000000087300000, 0x0000000087300000|100%| O|  |TAMS 0x0000000087200000| PB 0x0000000087200000| Untracked 
|  79|0x0000000087300000, 0x0000000087400000, 0x0000000087400000|100%| O|  |TAMS 0x0000000087300000| PB 0x0000000087300000| Untracked 
|  80|0x0000000087400000, 0x0000000087500000, 0x0000000087500000|100%|HS|  |TAMS 0x0000000087400000| PB 0x0000000087400000| Complete 
|  81|0x0000000087500000, 0x0000000087600000, 0x0000000087600000|100%|HC|  |TAMS 0x0000000087500000| PB 0x0000000087500000| Complete 
|  82|0x0000000087600000, 0x0000000087700000, 0x0000000087700000|100%|HC|  |TAMS 0x0000000087600000| PB 0x0000000087600000| Complete 
|  83|0x0000000087700000, 0x0000000087800000, 0x0000000087800000|100%|HS|  |TAMS 0x0000000087700000| PB 0x0000000087700000| Complete 
|  84|0x0000000087800000, 0x0000000087900000, 0x0000000087900000|100%| O|  |TAMS 0x0000000087800000| PB 0x0000000087800000| Untracked 
|  85|0x0000000087900000, 0x0000000087a00000, 0x0000000087a00000|100%| O|  |TAMS 0x0000000087900000| PB 0x0000000087900000| Untracked 
|  86|0x0000000087a00000, 0x0000000087b00000, 0x0000000087b00000|100%| O|  |TAMS 0x0000000087a00000| PB 0x0000000087a00000| Untracked 
|  87|0x0000000087b00000, 0x0000000087c00000, 0x0000000087c00000|100%| O|  |TAMS 0x0000000087b00000| PB 0x0000000087b00000| Untracked 
|  88|0x0000000087c00000, 0x0000000087d00000, 0x0000000087d00000|100%| O|  |TAMS 0x0000000087c00000| PB 0x0000000087c00000| Untracked 
|  89|0x0000000087d00000, 0x0000000087e00000, 0x0000000087e00000|100%| O|  |TAMS 0x0000000087d00000| PB 0x0000000087d00000| Untracked 
|  90|0x0000000087e00000, 0x0000000087f00000, 0x0000000087f00000|100%| O|  |TAMS 0x0000000087e00000| PB 0x0000000087e00000| Untracked 
|  91|0x0000000087f00000, 0x0000000088000000, 0x0000000088000000|100%| O|  |TAMS 0x0000000087f00000| PB 0x0000000087f00000| Untracked 
|  92|0x0000000088000000, 0x0000000088000000, 0x0000000088100000|  0%| F|  |TAMS 0x0000000088000000| PB 0x0000000088000000| Untracked 
|  93|0x0000000088100000, 0x0000000088200000, 0x0000000088200000|100%| O|  |TAMS 0x0000000088100000| PB 0x0000000088100000| Untracked 
|  94|0x0000000088200000, 0x0000000088200000, 0x0000000088300000|  0%| F|  |TAMS 0x0000000088200000| PB 0x0000000088200000| Untracked 
|  95|0x0000000088300000, 0x0000000088300000, 0x0000000088400000|  0%| F|  |TAMS 0x0000000088300000| PB 0x0000000088300000| Untracked 
|  96|0x0000000088400000, 0x0000000088400000, 0x0000000088500000|  0%| F|  |TAMS 0x0000000088400000| PB 0x0000000088400000| Untracked 
|  97|0x0000000088500000, 0x0000000088500000, 0x0000000088600000|  0%| F|  |TAMS 0x0000000088500000| PB 0x0000000088500000| Untracked 
|  98|0x0000000088600000, 0x0000000088700000, 0x0000000088700000|100%| O|  |TAMS 0x0000000088600000| PB 0x0000000088600000| Untracked 
|  99|0x0000000088700000, 0x0000000088700000, 0x0000000088800000|  0%| F|  |TAMS 0x0000000088700000| PB 0x0000000088700000| Untracked 
| 100|0x0000000088800000, 0x0000000088800000, 0x0000000088900000|  0%| F|  |TAMS 0x0000000088800000| PB 0x0000000088800000| Untracked 
| 101|0x0000000088900000, 0x0000000088900000, 0x0000000088a00000|  0%| F|  |TAMS 0x0000000088900000| PB 0x0000000088900000| Untracked 
| 102|0x0000000088a00000, 0x0000000088a00000, 0x0000000088b00000|  0%| F|  |TAMS 0x0000000088a00000| PB 0x0000000088a00000| Untracked 
| 103|0x0000000088b00000, 0x0000000088c00000, 0x0000000088c00000|100%| O|  |TAMS 0x0000000088b00000| PB 0x0000000088b00000| Untracked 
| 104|0x0000000088c00000, 0x0000000088d00000, 0x0000000088d00000|100%| O|  |TAMS 0x0000000088c00000| PB 0x0000000088c00000| Untracked 
| 105|0x0000000088d00000, 0x0000000088e00000, 0x0000000088e00000|100%| O|  |TAMS 0x0000000088d00000| PB 0x0000000088d00000| Untracked 
| 106|0x0000000088e00000, 0x0000000088f00000, 0x0000000088f00000|100%| O|  |TAMS 0x0000000088e00000| PB 0x0000000088e00000| Untracked 
| 107|0x0000000088f00000, 0x0000000089000000, 0x0000000089000000|100%| O|  |TAMS 0x0000000088f00000| PB 0x0000000088f00000| Untracked 
| 108|0x0000000089000000, 0x0000000089000000, 0x0000000089100000|  0%| F|  |TAMS 0x0000000089000000| PB 0x0000000089000000| Untracked 
| 109|0x0000000089100000, 0x0000000089100000, 0x0000000089200000|  0%| F|  |TAMS 0x0000000089100000| PB 0x0000000089100000| Untracked 
| 110|0x0000000089200000, 0x0000000089200000, 0x0000000089300000|  0%| F|  |TAMS 0x0000000089200000| PB 0x0000000089200000| Untracked 
| 111|0x0000000089300000, 0x0000000089300000, 0x0000000089400000|  0%| F|  |TAMS 0x0000000089300000| PB 0x0000000089300000| Untracked 
| 112|0x0000000089400000, 0x0000000089500000, 0x0000000089500000|100%| S|CS|TAMS 0x0000000089400000| PB 0x0000000089400000| Complete 
| 113|0x0000000089500000, 0x0000000089600000, 0x0000000089600000|100%| S|CS|TAMS 0x0000000089500000| PB 0x0000000089500000| Complete 
| 114|0x0000000089600000, 0x0000000089700000, 0x0000000089700000|100%| S|CS|TAMS 0x0000000089600000| PB 0x0000000089600000| Complete 
| 115|0x0000000089700000, 0x0000000089800000, 0x0000000089800000|100%| S|CS|TAMS 0x0000000089700000| PB 0x0000000089700000| Complete 
| 116|0x0000000089800000, 0x0000000089900000, 0x0000000089900000|100%| S|CS|TAMS 0x0000000089800000| PB 0x0000000089800000| Complete 
| 117|0x0000000089900000, 0x0000000089a00000, 0x0000000089a00000|100%| S|CS|TAMS 0x0000000089900000| PB 0x0000000089900000| Complete 
| 118|0x0000000089a00000, 0x0000000089b00000, 0x0000000089b00000|100%| S|CS|TAMS 0x0000000089a00000| PB 0x0000000089a00000| Complete 
| 119|0x0000000089b00000, 0x0000000089c00000, 0x0000000089c00000|100%| S|CS|TAMS 0x0000000089b00000| PB 0x0000000089b00000| Complete 
| 120|0x0000000089c00000, 0x0000000089c00000, 0x0000000089d00000|  0%| F|  |TAMS 0x0000000089c00000| PB 0x0000000089c00000| Untracked 
| 121|0x0000000089d00000, 0x0000000089d00000, 0x0000000089e00000|  0%| F|  |TAMS 0x0000000089d00000| PB 0x0000000089d00000| Untracked 
| 122|0x0000000089e00000, 0x0000000089e00000, 0x0000000089f00000|  0%| F|  |TAMS 0x0000000089e00000| PB 0x0000000089e00000| Untracked 
| 123|0x0000000089f00000, 0x0000000089f00000, 0x000000008a000000|  0%| F|  |TAMS 0x0000000089f00000| PB 0x0000000089f00000| Untracked 
| 124|0x000000008a000000, 0x000000008a100000, 0x000000008a100000|100%| S|CS|TAMS 0x000000008a000000| PB 0x000000008a000000| Complete 
| 125|0x000000008a100000, 0x000000008a200000, 0x000000008a200000|100%| S|CS|TAMS 0x000000008a100000| PB 0x000000008a100000| Complete 
| 126|0x000000008a200000, 0x000000008a200000, 0x000000008a300000|  0%| F|  |TAMS 0x000000008a200000| PB 0x000000008a200000| Untracked 
| 127|0x000000008a300000, 0x000000008a300000, 0x000000008a400000|  0%| F|  |TAMS 0x000000008a300000| PB 0x000000008a300000| Untracked 
| 128|0x000000008a400000, 0x000000008a400000, 0x000000008a500000|  0%| F|  |TAMS 0x000000008a400000| PB 0x000000008a400000| Untracked 
| 129|0x000000008a500000, 0x000000008a500000, 0x000000008a600000|  0%| F|  |TAMS 0x000000008a500000| PB 0x000000008a500000| Untracked 
| 130|0x000000008a600000, 0x000000008a600000, 0x000000008a700000|  0%| F|  |TAMS 0x000000008a600000| PB 0x000000008a600000| Untracked 
| 131|0x000000008a700000, 0x000000008a700000, 0x000000008a800000|  0%| F|  |TAMS 0x000000008a700000| PB 0x000000008a700000| Untracked 
| 132|0x000000008a800000, 0x000000008a800000, 0x000000008a900000|  0%| F|  |TAMS 0x000000008a800000| PB 0x000000008a800000| Untracked 
| 133|0x000000008a900000, 0x000000008a900000, 0x000000008aa00000|  0%| F|  |TAMS 0x000000008a900000| PB 0x000000008a900000| Untracked 
| 134|0x000000008aa00000, 0x000000008aa00000, 0x000000008ab00000|  0%| F|  |TAMS 0x000000008aa00000| PB 0x000000008aa00000| Untracked 
| 135|0x000000008ab00000, 0x000000008ab00000, 0x000000008ac00000|  0%| F|  |TAMS 0x000000008ab00000| PB 0x000000008ab00000| Untracked 
| 136|0x000000008ac00000, 0x000000008ac00000, 0x000000008ad00000|  0%| F|  |TAMS 0x000000008ac00000| PB 0x000000008ac00000| Untracked 
| 137|0x000000008ad00000, 0x000000008ad00000, 0x000000008ae00000|  0%| F|  |TAMS 0x000000008ad00000| PB 0x000000008ad00000| Untracked 
| 138|0x000000008ae00000, 0x000000008ae00000, 0x000000008af00000|  0%| F|  |TAMS 0x000000008ae00000| PB 0x000000008ae00000| Untracked 
| 139|0x000000008af00000, 0x000000008af00000, 0x000000008b000000|  0%| F|  |TAMS 0x000000008af00000| PB 0x000000008af00000| Untracked 
| 140|0x000000008b000000, 0x000000008b000000, 0x000000008b100000|  0%| F|  |TAMS 0x000000008b000000| PB 0x000000008b000000| Untracked 
| 141|0x000000008b100000, 0x000000008b100000, 0x000000008b200000|  0%| F|  |TAMS 0x000000008b100000| PB 0x000000008b100000| Untracked 
| 142|0x000000008b200000, 0x000000008b200000, 0x000000008b300000|  0%| F|  |TAMS 0x000000008b200000| PB 0x000000008b200000| Untracked 
| 143|0x000000008b300000, 0x000000008b300000, 0x000000008b400000|  0%| F|  |TAMS 0x000000008b300000| PB 0x000000008b300000| Untracked 
| 144|0x000000008b400000, 0x000000008b400000, 0x000000008b500000|  0%| F|  |TAMS 0x000000008b400000| PB 0x000000008b400000| Untracked 
| 145|0x000000008b500000, 0x000000008b500000, 0x000000008b600000|  0%| F|  |TAMS 0x000000008b500000| PB 0x000000008b500000| Untracked 
| 146|0x000000008b600000, 0x000000008b680000, 0x000000008b700000| 50%| E|  |TAMS 0x000000008b600000| PB 0x000000008b600000| Complete 
| 147|0x000000008b700000, 0x000000008b800000, 0x000000008b800000|100%| E|CS|TAMS 0x000000008b700000| PB 0x000000008b700000| Complete 
| 148|0x000000008b800000, 0x000000008b900000, 0x000000008b900000|100%| E|CS|TAMS 0x000000008b800000| PB 0x000000008b800000| Complete 
| 149|0x000000008b900000, 0x000000008ba00000, 0x000000008ba00000|100%| E|CS|TAMS 0x000000008b900000| PB 0x000000008b900000| Complete 
| 150|0x000000008ba00000, 0x000000008bb00000, 0x000000008bb00000|100%| E|CS|TAMS 0x000000008ba00000| PB 0x000000008ba00000| Complete 
| 151|0x000000008bb00000, 0x000000008bc00000, 0x000000008bc00000|100%| E|CS|TAMS 0x000000008bb00000| PB 0x000000008bb00000| Complete 
| 152|0x000000008bc00000, 0x000000008bd00000, 0x000000008bd00000|100%| E|CS|TAMS 0x000000008bc00000| PB 0x000000008bc00000| Complete 
| 153|0x000000008bd00000, 0x000000008be00000, 0x000000008be00000|100%| E|CS|TAMS 0x000000008bd00000| PB 0x000000008bd00000| Complete 
| 154|0x000000008be00000, 0x000000008bf00000, 0x000000008bf00000|100%| E|CS|TAMS 0x000000008be00000| PB 0x000000008be00000| Complete 
| 155|0x000000008bf00000, 0x000000008c000000, 0x000000008c000000|100%| E|CS|TAMS 0x000000008bf00000| PB 0x000000008bf00000| Complete 
| 156|0x000000008c000000, 0x000000008c100000, 0x000000008c100000|100%| E|CS|TAMS 0x000000008c000000| PB 0x000000008c000000| Complete 
| 157|0x000000008c100000, 0x000000008c200000, 0x000000008c200000|100%| E|CS|TAMS 0x000000008c100000| PB 0x000000008c100000| Complete 
| 158|0x000000008c200000, 0x000000008c300000, 0x000000008c300000|100%| E|CS|TAMS 0x000000008c200000| PB 0x000000008c200000| Complete 
| 159|0x000000008c300000, 0x000000008c400000, 0x000000008c400000|100%| E|CS|TAMS 0x000000008c300000| PB 0x000000008c300000| Complete 
| 160|0x000000008c400000, 0x000000008c500000, 0x000000008c500000|100%| E|CS|TAMS 0x000000008c400000| PB 0x000000008c400000| Complete 
| 161|0x000000008c500000, 0x000000008c600000, 0x000000008c600000|100%| E|CS|TAMS 0x000000008c500000| PB 0x000000008c500000| Complete 
| 162|0x000000008c600000, 0x000000008c700000, 0x000000008c700000|100%| E|CS|TAMS 0x000000008c600000| PB 0x000000008c600000| Complete 
| 163|0x000000008c700000, 0x000000008c800000, 0x000000008c800000|100%| E|CS|TAMS 0x000000008c700000| PB 0x000000008c700000| Complete 
| 164|0x000000008c800000, 0x000000008c900000, 0x000000008c900000|100%| E|CS|TAMS 0x000000008c800000| PB 0x000000008c800000| Complete 
| 165|0x000000008c900000, 0x000000008ca00000, 0x000000008ca00000|100%| E|CS|TAMS 0x000000008c900000| PB 0x000000008c900000| Complete 
| 166|0x000000008ca00000, 0x000000008cb00000, 0x000000008cb00000|100%| E|CS|TAMS 0x000000008ca00000| PB 0x000000008ca00000| Complete 
| 167|0x000000008cb00000, 0x000000008cc00000, 0x000000008cc00000|100%| E|CS|TAMS 0x000000008cb00000| PB 0x000000008cb00000| Complete 
| 168|0x000000008cc00000, 0x000000008cd00000, 0x000000008cd00000|100%| E|CS|TAMS 0x000000008cc00000| PB 0x000000008cc00000| Complete 
| 169|0x000000008cd00000, 0x000000008ce00000, 0x000000008ce00000|100%| E|CS|TAMS 0x000000008cd00000| PB 0x000000008cd00000| Complete 
| 170|0x000000008ce00000, 0x000000008cf00000, 0x000000008cf00000|100%| E|CS|TAMS 0x000000008ce00000| PB 0x000000008ce00000| Complete 
| 171|0x000000008cf00000, 0x000000008d000000, 0x000000008d000000|100%| E|CS|TAMS 0x000000008cf00000| PB 0x000000008cf00000| Complete 
| 172|0x000000008d000000, 0x000000008d100000, 0x000000008d100000|100%| E|CS|TAMS 0x000000008d000000| PB 0x000000008d000000| Complete 
| 173|0x000000008d100000, 0x000000008d200000, 0x000000008d200000|100%| E|CS|TAMS 0x000000008d100000| PB 0x000000008d100000| Complete 
| 174|0x000000008d200000, 0x000000008d300000, 0x000000008d300000|100%| E|CS|TAMS 0x000000008d200000| PB 0x000000008d200000| Complete 
| 175|0x000000008d300000, 0x000000008d400000, 0x000000008d400000|100%| E|CS|TAMS 0x000000008d300000| PB 0x000000008d300000| Complete 
| 176|0x000000008d400000, 0x000000008d500000, 0x000000008d500000|100%| E|CS|TAMS 0x000000008d400000| PB 0x000000008d400000| Complete 
| 177|0x000000008d500000, 0x000000008d600000, 0x000000008d600000|100%| E|CS|TAMS 0x000000008d500000| PB 0x000000008d500000| Complete 
| 178|0x000000008d600000, 0x000000008d700000, 0x000000008d700000|100%| E|CS|TAMS 0x000000008d600000| PB 0x000000008d600000| Complete 
| 179|0x000000008d700000, 0x000000008d800000, 0x000000008d800000|100%| E|CS|TAMS 0x000000008d700000| PB 0x000000008d700000| Complete 
| 180|0x000000008d800000, 0x000000008d900000, 0x000000008d900000|100%| E|CS|TAMS 0x000000008d800000| PB 0x000000008d800000| Complete 
| 181|0x000000008d900000, 0x000000008da00000, 0x000000008da00000|100%| E|CS|TAMS 0x000000008d900000| PB 0x000000008d900000| Complete 
| 182|0x000000008da00000, 0x000000008db00000, 0x000000008db00000|100%| E|CS|TAMS 0x000000008da00000| PB 0x000000008da00000| Complete 
| 183|0x000000008db00000, 0x000000008dc00000, 0x000000008dc00000|100%| E|CS|TAMS 0x000000008db00000| PB 0x000000008db00000| Complete 
| 184|0x000000008dc00000, 0x000000008dd00000, 0x000000008dd00000|100%| E|CS|TAMS 0x000000008dc00000| PB 0x000000008dc00000| Complete 
| 185|0x000000008dd00000, 0x000000008de00000, 0x000000008de00000|100%| E|CS|TAMS 0x000000008dd00000| PB 0x000000008dd00000| Complete 
| 186|0x000000008de00000, 0x000000008df00000, 0x000000008df00000|100%| E|CS|TAMS 0x000000008de00000| PB 0x000000008de00000| Complete 
|1994|0x00000000fee00000, 0x00000000fef00000, 0x00000000fef00000|100%| E|CS|TAMS 0x00000000fee00000| PB 0x00000000fee00000| Complete 
|1995|0x00000000fef00000, 0x00000000ff000000, 0x00000000ff000000|100%| E|CS|TAMS 0x00000000fef00000| PB 0x00000000fef00000| Complete 
|1996|0x00000000ff000000, 0x00000000ff100000, 0x00000000ff100000|100%| E|CS|TAMS 0x00000000ff000000| PB 0x00000000ff000000| Complete 
|1997|0x00000000ff100000, 0x00000000ff200000, 0x00000000ff200000|100%| E|CS|TAMS 0x00000000ff100000| PB 0x00000000ff100000| Complete 
|1998|0x00000000ff200000, 0x00000000ff300000, 0x00000000ff300000|100%| E|CS|TAMS 0x00000000ff200000| PB 0x00000000ff200000| Complete 
|1999|0x00000000ff300000, 0x00000000ff400000, 0x00000000ff400000|100%| E|CS|TAMS 0x00000000ff300000| PB 0x00000000ff300000| Complete 
|2000|0x00000000ff400000, 0x00000000ff500000, 0x00000000ff500000|100%| E|CS|TAMS 0x00000000ff400000| PB 0x00000000ff400000| Complete 
|2001|0x00000000ff500000, 0x00000000ff600000, 0x00000000ff600000|100%| O|  |TAMS 0x00000000ff500000| PB 0x00000000ff500000| Untracked 
|2002|0x00000000ff600000, 0x00000000ff700000, 0x00000000ff700000|100%| E|CS|TAMS 0x00000000ff600000| PB 0x00000000ff600000| Complete 
|2003|0x00000000ff700000, 0x00000000ff800000, 0x00000000ff800000|100%| O|  |TAMS 0x00000000ff700000| PB 0x00000000ff700000| Untracked 
|2004|0x00000000ff800000, 0x00000000ff900000, 0x00000000ff900000|100%| E|CS|TAMS 0x00000000ff800000| PB 0x00000000ff800000| Complete 
|2005|0x00000000ff900000, 0x00000000ffa00000, 0x00000000ffa00000|100%| O|  |TAMS 0x00000000ff900000| PB 0x00000000ff900000| Untracked 
|2006|0x00000000ffa00000, 0x00000000ffb00000, 0x00000000ffb00000|100%| O|  |TAMS 0x00000000ffa00000| PB 0x00000000ffa00000| Untracked 
|2007|0x00000000ffb00000, 0x00000000ffc00000, 0x00000000ffc00000|100%| O|  |TAMS 0x00000000ffb00000| PB 0x00000000ffb00000| Untracked 
|2008|0x00000000ffc00000, 0x00000000ffd00000, 0x00000000ffd00000|100%| O|  |TAMS 0x00000000ffc00000| PB 0x00000000ffc00000| Untracked 
|2009|0x00000000ffd00000, 0x00000000ffe00000, 0x00000000ffe00000|100%| E|CS|TAMS 0x00000000ffd00000| PB 0x00000000ffd00000| Complete 
|2010|0x00000000ffe00000, 0x00000000fff00000, 0x00000000fff00000|100%| O|  |TAMS 0x00000000ffe00000| PB 0x00000000ffe00000| Untracked 
|2011|0x00000000fff00000, 0x0000000100000000, 0x0000000100000000|100%| E|CS|TAMS 0x00000000fff00000| PB 0x00000000fff00000| Complete 

Card table byte_map: [0x0000020e4a700000,0x0000020e4aaf0000] _byte_map_base: 0x0000020e4a2ee000

Marking Bits: (CMBitMap*) 0x0000020e30c5e8d0
 Bits: [0x0000020e4aaf0000, 0x0000020e4ca60000)

Polling page: 0x0000020e30b90000

Metaspace:

Usage:
  Non-class:    128.87 MB used.
      Class:     16.54 MB used.
       Both:    145.41 MB used.

Virtual space:
  Non-class space:      192.00 MB reserved,     129.56 MB ( 67%) committed,  3 nodes.
      Class space:        1.00 GB reserved,      17.12 MB (  2%) committed,  1 nodes.
             Both:        1.19 GB reserved,     146.69 MB ( 12%) committed. 

Chunk freelists:
   Non-Class:  14.31 MB
       Class:  14.88 MB
        Both:  29.19 MB

MaxMetaspaceSize: unlimited
CompressedClassSpaceSize: 1.00 GB
Initial GC threshold: 21.00 MB
Current GC threshold: 179.69 MB
CDS: on
 - commit_granule_bytes: 65536.
 - commit_granule_words: 8192.
 - virtual_space_node_default_size: 8388608.
 - enlarge_chunks_in_place: 1.
 - use_allocation_guard: 0.


Internal statistics:

num_allocs_failed_limit: 15.
num_arena_births: 2002.
num_arena_deaths: 0.
num_vsnodes_births: 4.
num_vsnodes_deaths: 0.
num_space_committed: 2345.
num_space_uncommitted: 0.
num_chunks_returned_to_freelist: 15.
num_chunks_taken_from_freelist: 7567.
num_chunk_merges: 15.
num_chunk_splits: 5826.
num_chunks_enlarged: 4678.
num_inconsistent_stats: 0.

CodeHeap 'non-profiled nmethods': size=120000Kb used=13303Kb max_used=13303Kb free=106696Kb
 bounds [0x0000020e42370000, 0x0000020e43070000, 0x0000020e498a0000]
CodeHeap 'profiled nmethods': size=120000Kb used=55933Kb max_used=55933Kb free=64066Kb
 bounds [0x0000020e3a8a0000, 0x0000020e3df50000, 0x0000020e41dd0000]
CodeHeap 'non-nmethods': size=5760Kb used=1932Kb max_used=2049Kb free=3827Kb
 bounds [0x0000020e41dd0000, 0x0000020e42040000, 0x0000020e42370000]
 total_blobs=21514 nmethods=20615 adapters=799
 compilation: enabled
              stopped_count=0, restarted_count=0
 full_count=0

Compilation events (20 events):
Event: 42.844 Thread 0x0000020e4f547a60 27912       3       org.springframework.boot.test.mock.mockito.DefinitionsParser$$Lambda/0x0000020e51d11308::doWith (13 bytes)
Event: 42.844 Thread 0x0000020e4f547a60 nmethod 27912 0x0000020e3df27890 code [0x0000020e3df27a40, 0x0000020e3df27bf0]
Event: 42.844 Thread 0x0000020e4f547a60 27913       3       org.springframework.boot.test.mock.mockito.DefinitionsParser::lambda$parse$0 (7 bytes)
Event: 42.844 Thread 0x0000020e4f547a60 nmethod 27913 0x0000020e3df27d10 code [0x0000020e3df27ec0, 0x0000020e3df28008]
Event: 42.847 Thread 0x0000020e4f547a60 27914       3       org.springframework.core.annotation.TypeMappedAnnotations::spliterator (14 bytes)
Event: 42.847 Thread 0x0000020e4f547a60 nmethod 27914 0x0000020e3df28110 code [0x0000020e3df282e0, 0x0000020e3df28678]
Event: 42.852 Thread 0x0000020e4f547a60 27915       3       org.springframework.util.ConcurrentReferenceHashMap::getReference (18 bytes)
Event: 42.852 Thread 0x0000020e4f547a60 nmethod 27915 0x0000020e3df28790 code [0x0000020e3df28960, 0x0000020e3df28bb8]
Event: 42.852 Thread 0x0000020e4f547a60 27916   !   3       jdk.proxy6.$Proxy84::annotationType (29 bytes)
Event: 42.852 Thread 0x0000020e4f547a60 nmethod 27916 0x0000020e3df28d10 code [0x0000020e3df28ee0, 0x0000020e3df292e0]
Event: 43.858 Thread 0x0000020e4f547a60 27917       3       org.springframework.core.annotation.TypeMappedAnnotations::getAggregates (50 bytes)
Event: 43.858 Thread 0x0000020e4f547a60 nmethod 27917 0x0000020e3df29490 code [0x0000020e3df296c0, 0x0000020e3df29f98]
Event: 43.859 Thread 0x0000020e4f547a60 27918       3       org.springframework.core.annotation.TypeMappedAnnotations$AggregatesCollector::doWithAnnotations (10 bytes)
Event: 43.859 Thread 0x0000020e4f547a60 nmethod 27918 0x0000020e3df2a210 code [0x0000020e3df2a3c0, 0x0000020e3df2a510]
Event: 43.859 Thread 0x0000020e4f547a60 27919       3       org.springframework.core.annotation.TypeMappedAnnotations$AggregatesCollector::doWithAnnotations (20 bytes)
Event: 43.859 Thread 0x0000020e4f547a60 nmethod 27919 0x0000020e3df2a610 code [0x0000020e3df2a7e0, 0x0000020e3df2aa10]
Event: 43.861 Thread 0x0000020e4f547a60 27920       3       org.springframework.core.annotation.TypeMappedAnnotations$AggregatesCollector::finish (9 bytes)
Event: 43.861 Thread 0x0000020e4f547a60 nmethod 27920 0x0000020e3df2ab10 code [0x0000020e3df2acc0, 0x0000020e3df2af50]
Event: 43.861 Thread 0x0000020e4f547a60 27921       3       org.springframework.core.annotation.TypeMappedAnnotations$AggregatesCollector::finish (5 bytes)
Event: 43.861 Thread 0x0000020e4f547a60 nmethod 27921 0x0000020e3df2b010 code [0x0000020e3df2b1a0, 0x0000020e3df2b2b0]

GC Heap History (20 events):
Event: 29.846 GC heap before
{Heap before GC invocations=29 (full 0):
 garbage-first heap   total 144384K, used 94929K [0x0000000082400000, 0x0000000100000000)
  region size 1024K, 19 young (19456K), 6 survivors (6144K)
 Metaspace       used 98581K, committed 99584K, reserved 1179648K
  class space    used 10581K, committed 11072K, reserved 1048576K
}
Event: 29.855 GC heap after
{Heap after GC invocations=30 (full 0):
 garbage-first heap   total 174080K, used 83642K [0x0000000082400000, 0x0000000100000000)
  region size 1024K, 5 young (5120K), 5 survivors (5120K)
 Metaspace       used 98581K, committed 99584K, reserved 1179648K
  class space    used 10581K, committed 11072K, reserved 1048576K
}
Event: 30.294 GC heap before
{Heap before GC invocations=30 (full 0):
 garbage-first heap   total 174080K, used 94906K [0x0000000082400000, 0x0000000100000000)
  region size 1024K, 16 young (16384K), 5 survivors (5120K)
 Metaspace       used 98831K, committed 99776K, reserved 1179648K
  class space    used 10609K, committed 11072K, reserved 1048576K
}
Event: 30.299 GC heap after
{Heap after GC invocations=31 (full 0):
 garbage-first heap   total 174080K, used 83339K [0x0000000082400000, 0x0000000100000000)
  region size 1024K, 5 young (5120K), 5 survivors (5120K)
 Metaspace       used 98831K, committed 99776K, reserved 1179648K
  class space    used 10609K, committed 11072K, reserved 1048576K
}
Event: 32.565 GC heap before
{Heap before GC invocations=32 (full 0):
 garbage-first heap   total 174080K, used 165259K [0x0000000082400000, 0x0000000100000000)
  region size 1024K, 78 young (79872K), 5 survivors (5120K)
 Metaspace       used 104951K, committed 105920K, reserved 1179648K
  class space    used 11314K, committed 11776K, reserved 1048576K
}
Event: 32.584 GC heap after
{Heap after GC invocations=33 (full 0):
 garbage-first heap   total 194560K, used 114346K [0x0000000082400000, 0x0000000100000000)
  region size 1024K, 10 young (10240K), 10 survivors (10240K)
 Metaspace       used 104951K, committed 105920K, reserved 1179648K
  class space    used 11314K, committed 11776K, reserved 1048576K
}
Event: 33.818 GC heap before
{Heap before GC invocations=33 (full 0):
 garbage-first heap   total 194560K, used 169642K [0x0000000082400000, 0x0000000100000000)
  region size 1024K, 65 young (66560K), 10 survivors (10240K)
 Metaspace       used 108100K, committed 109120K, reserved 1179648K
  class space    used 11659K, committed 12160K, reserved 1048576K
}
Event: 33.838 GC heap after
{Heap after GC invocations=34 (full 0):
 garbage-first heap   total 194560K, used 117565K [0x0000000082400000, 0x0000000100000000)
  region size 1024K, 4 young (4096K), 4 survivors (4096K)
 Metaspace       used 108100K, committed 109120K, reserved 1179648K
  class space    used 11659K, committed 12160K, reserved 1048576K
}
Event: 34.608 GC heap before
{Heap before GC invocations=34 (full 0):
 garbage-first heap   total 194560K, used 141117K [0x0000000082400000, 0x0000000100000000)
  region size 1024K, 28 young (28672K), 4 survivors (4096K)
 Metaspace       used 109276K, committed 110400K, reserved 1179648K
  class space    used 11793K, committed 12288K, reserved 1048576K
}
Event: 34.618 GC heap after
{Heap after GC invocations=35 (full 0):
 garbage-first heap   total 194560K, used 120027K [0x0000000082400000, 0x0000000100000000)
  region size 1024K, 7 young (7168K), 7 survivors (7168K)
 Metaspace       used 109276K, committed 110400K, reserved 1179648K
  class space    used 11793K, committed 12288K, reserved 1048576K
}
Event: 35.077 GC heap before
{Heap before GC invocations=36 (full 0):
 garbage-first heap   total 209920K, used 171227K [0x0000000082400000, 0x0000000100000000)
  region size 1024K, 59 young (60416K), 7 survivors (7168K)
 Metaspace       used 109375K, committed 110464K, reserved 1179648K
  class space    used 11793K, committed 12288K, reserved 1048576K
}
Event: 35.096 GC heap after
{Heap after GC invocations=37 (full 0):
 garbage-first heap   total 209920K, used 128793K [0x0000000082400000, 0x0000000100000000)
  region size 1024K, 8 young (8192K), 8 survivors (8192K)
 Metaspace       used 109375K, committed 110464K, reserved 1179648K
  class space    used 11793K, committed 12288K, reserved 1048576K
}
Event: 35.967 GC heap before
{Heap before GC invocations=37 (full 0):
 garbage-first heap   total 209920K, used 183065K [0x0000000082400000, 0x0000000100000000)
  region size 1024K, 61 young (62464K), 8 survivors (8192K)
 Metaspace       used 109875K, committed 110976K, reserved 1179648K
  class space    used 11830K, committed 12352K, reserved 1048576K
}
Event: 35.984 GC heap after
{Heap after GC invocations=38 (full 0):
 garbage-first heap   total 209920K, used 111951K [0x0000000082400000, 0x0000000100000000)
  region size 1024K, 5 young (5120K), 5 survivors (5120K)
 Metaspace       used 109875K, committed 110976K, reserved 1179648K
  class space    used 11830K, committed 12352K, reserved 1048576K
}
Event: 38.081 GC heap before
{Heap before GC invocations=38 (full 0):
 garbage-first heap   total 209920K, used 179535K [0x0000000082400000, 0x0000000100000000)
  region size 1024K, 70 young (71680K), 5 survivors (5120K)
 Metaspace       used 120812K, committed 122048K, reserved 1179648K
  class space    used 13311K, committed 13888K, reserved 1048576K
}
Event: 38.097 GC heap after
{Heap after GC invocations=39 (full 0):
 garbage-first heap   total 209920K, used 106496K [0x0000000082400000, 0x0000000100000000)
  region size 1024K, 9 young (9216K), 9 survivors (9216K)
 Metaspace       used 120812K, committed 122048K, reserved 1179648K
  class space    used 13311K, committed 13888K, reserved 1048576K
}
Event: 39.586 GC heap before
{Heap before GC invocations=39 (full 0):
 garbage-first heap   total 209920K, used 176128K [0x0000000082400000, 0x0000000100000000)
  region size 1024K, 77 young (78848K), 9 survivors (9216K)
 Metaspace       used 135707K, committed 137024K, reserved 1179648K
  class space    used 15187K, committed 15808K, reserved 1048576K
}
Event: 39.595 GC heap after
{Heap after GC invocations=40 (full 0):
 garbage-first heap   total 209920K, used 105309K [0x0000000082400000, 0x0000000100000000)
  region size 1024K, 4 young (4096K), 4 survivors (4096K)
 Metaspace       used 135707K, committed 137024K, reserved 1179648K
  class space    used 15187K, committed 15808K, reserved 1048576K
}
Event: 41.350 GC heap before
{Heap before GC invocations=40 (full 0):
 garbage-first heap   total 209920K, used 179037K [0x0000000082400000, 0x0000000100000000)
  region size 1024K, 76 young (77824K), 4 survivors (4096K)
 Metaspace       used 143590K, committed 144896K, reserved 1179648K
  class space    used 16210K, committed 16832K, reserved 1048576K
}
Event: 41.359 GC heap after
{Heap after GC invocations=41 (full 0):
 garbage-first heap   total 209920K, used 111453K [0x0000000082400000, 0x0000000100000000)
  region size 1024K, 10 young (10240K), 10 survivors (10240K)
 Metaspace       used 143590K, committed 144896K, reserved 1179648K
  class space    used 16210K, committed 16832K, reserved 1048576K
}

Dll operation events (9 events):
Event: 0.007 Loaded shared library D:\mailon\Java\jdk-21.0.10\bin\java.dll
Event: 0.031 Loaded shared library D:\mailon\Java\jdk-21.0.10\bin\jsvml.dll
Event: 0.107 Loaded shared library D:\mailon\Java\jdk-21.0.10\bin\net.dll
Event: 0.119 Loaded shared library D:\mailon\Java\jdk-21.0.10\bin\nio.dll
Event: 0.154 Loaded shared library D:\mailon\Java\jdk-21.0.10\bin\zip.dll
Event: 1.144 Loaded shared library D:\mailon\Java\jdk-21.0.10\bin\jimage.dll
Event: 1.200 Loaded shared library D:\mailon\Usuario\Desktop\apache-maven-3.9.14-bin (1)\apache-maven-3.9.14\lib\jansi-native\Windows\x86_64\jansi.dll
Event: 1.244 Loaded shared library D:\mailon\Java\jdk-21.0.10\bin\verify.dll
Event: 40.084 Loaded shared library D:\mailon\Java\jdk-21.0.10\bin\sunmscapi.dll

Deoptimization events (20 events):
Event: 42.848 Thread 0x0000020e30a53050 Uncommon trap: trap_request=0xffffffde fr.pc=0x0000020e42f4978c relative=0x00000000000000cc
Event: 42.848 Thread 0x0000020e30a53050 Uncommon trap: reason=class_check action=maybe_recompile pc=0x0000020e42f4978c method=java.lang.reflect.Method.equals(Ljava/lang/Object;)Z @ 1 c2
Event: 42.848 Thread 0x0000020e30a53050 DEOPT PACKING pc=0x0000020e42f4978c sp=0x00000087ea5fa490
Event: 42.848 Thread 0x0000020e30a53050 DEOPT UNPACKING pc=0x0000020e41e246a2 sp=0x00000087ea5fa418 mode 2
Event: 42.848 Thread 0x0000020e30a53050 Uncommon trap: trap_request=0xffffff45 fr.pc=0x0000020e42f480b0 relative=0x00000000000007b0
Event: 42.848 Thread 0x0000020e30a53050 Uncommon trap: reason=unstable_if action=reinterpret pc=0x0000020e42f480b0 method=org.springframework.util.ConcurrentReferenceHashMap$Segment.findInChain(Lorg/springframework/util/ConcurrentReferenceHashMap$Reference;Ljava/lang/Object;I)Lorg/springframewo
Event: 42.848 Thread 0x0000020e30a53050 DEOPT PACKING pc=0x0000020e42f480b0 sp=0x00000087ea5fa4c0
Event: 42.848 Thread 0x0000020e30a53050 DEOPT UNPACKING pc=0x0000020e41e246a2 sp=0x00000087ea5fa370 mode 2
Event: 43.857 Thread 0x0000020e30a53050 Uncommon trap: trap_request=0xffffffde fr.pc=0x0000020e42f4978c relative=0x00000000000000cc
Event: 43.857 Thread 0x0000020e30a53050 Uncommon trap: reason=class_check action=maybe_recompile pc=0x0000020e42f4978c method=java.lang.reflect.Method.equals(Ljava/lang/Object;)Z @ 1 c2
Event: 43.857 Thread 0x0000020e30a53050 DEOPT PACKING pc=0x0000020e42f4978c sp=0x00000087ea5fa370
Event: 43.858 Thread 0x0000020e30a53050 DEOPT UNPACKING pc=0x0000020e41e246a2 sp=0x00000087ea5fa2f8 mode 2
Event: 43.861 Thread 0x0000020e30a53050 Uncommon trap: trap_request=0xffffffde fr.pc=0x0000020e42f4978c relative=0x00000000000000cc
Event: 43.861 Thread 0x0000020e30a53050 Uncommon trap: reason=class_check action=maybe_recompile pc=0x0000020e42f4978c method=java.lang.reflect.Method.equals(Ljava/lang/Object;)Z @ 1 c2
Event: 43.861 Thread 0x0000020e30a53050 DEOPT PACKING pc=0x0000020e42f4978c sp=0x00000087ea5fa370
Event: 43.861 Thread 0x0000020e30a53050 DEOPT UNPACKING pc=0x0000020e41e246a2 sp=0x00000087ea5fa2f8 mode 2
Event: 43.861 Thread 0x0000020e30a53050 Uncommon trap: trap_request=0xffffffde fr.pc=0x0000020e42f4978c relative=0x00000000000000cc
Event: 43.861 Thread 0x0000020e30a53050 Uncommon trap: reason=class_check action=maybe_recompile pc=0x0000020e42f4978c method=java.lang.reflect.Method.equals(Ljava/lang/Object;)Z @ 1 c2
Event: 43.861 Thread 0x0000020e30a53050 DEOPT PACKING pc=0x0000020e42f4978c sp=0x00000087ea5fa370
Event: 43.861 Thread 0x0000020e30a53050 DEOPT UNPACKING pc=0x0000020e41e246a2 sp=0x00000087ea5fa2f8 mode 2

Classes loaded (20 events):
Event: 41.125 Loading class java/util/concurrent/Flow$Publisher done
Event: 41.198 Loading class java/util/stream/ReferencePipeline$15
Event: 41.199 Loading class java/util/stream/ReferencePipeline$15 done
Event: 41.199 Loading class java/util/stream/ReferencePipeline$15$1
Event: 41.199 Loading class java/util/stream/ReferencePipeline$15$1 done
Event: 41.831 Loading class java/util/concurrent/ScheduledThreadPoolExecutor
Event: 41.832 Loading class java/util/concurrent/ScheduledThreadPoolExecutor done
Event: 42.235 Loading class java/net/SocketException
Event: 42.236 Loading class java/net/SocketException done
Event: 42.401 Loading class java/lang/reflect/InaccessibleObjectException
Event: 42.401 Loading class java/lang/reflect/InaccessibleObjectException done
Event: 42.433 Loading class java/lang/invoke/MethodHandleImpl$CountingWrapper
Event: 42.433 Loading class java/lang/invoke/MethodHandleImpl$CountingWrapper done
Event: 42.465 Loading class jdk/internal/org/objectweb/asm/ClassReader
Event: 42.467 Loading class jdk/internal/org/objectweb/asm/ClassReader done
Event: 42.546 Loading class java/lang/invoke/MethodHandleImpl$CountingWrapper$1
Event: 42.546 Loading class java/lang/invoke/MethodHandleImpl$CountingWrapper$1 done
Event: 43.860 Loading class java/security/spec/KeySpec
Event: 43.860 Loading class java/security/spec/KeySpec done
Event: 43.871 Loading class java/security/cert/CertificateException

Classes unloaded (0 events):
No events

Classes redefined (0 events):
No events

Internal exceptions (20 events):
Event: 38.396 Thread 0x0000020e30a53050 Exception <a 'java/lang/NoSuchMethodError'{0x000000008dbbbaf0}: 'java.lang.Object java.lang.invoke.DirectMethodHandle$Holder.invokeStaticInit(java.lang.Object, int, java.lang.Object)'> (0x000000008dbbbaf0) 
thrown [s\open\src\hotspot\share\interpreter\linkResolver.cpp, line 773]
Event: 38.414 Thread 0x0000020e97f17760 Implicit null exception at 0x0000020e42b07153 to 0x0000020e42b08d70
Event: 39.203 Thread 0x0000020e97f17760 Exception <a 'java/lang/NoSuchMethodError'{0x000000008b6538d8}: 'long java.lang.invoke.DirectMethodHandle$Holder.invokeStatic(java.lang.Object, java.lang.Object)'> (0x000000008b6538d8) 
thrown [s\open\src\hotspot\share\interpreter\linkResolver.cpp, line 773]
Event: 39.203 Thread 0x0000020e97f17760 Exception <a 'java/lang/NoSuchMethodError'{0x000000008b656c50}: 'long java.lang.invoke.DirectMethodHandle$Holder.invokeStaticInit(java.lang.Object, java.lang.Object)'> (0x000000008b656c50) 
thrown [s\open\src\hotspot\share\interpreter\linkResolver.cpp, line 773]
Event: 39.204 Thread 0x0000020e97f17760 Exception <a 'java/lang/IncompatibleClassChangeError'{0x000000008b662768}: Found class java.lang.Object, but interface was expected> (0x000000008b662768) 
thrown [s\open\src\hotspot\share\interpreter\linkResolver.cpp, line 840]
Event: 40.212 Thread 0x0000020e30a53050 Exception <a 'java/lang/NoClassDefFoundError'{0x000000008d5e62f8}: org/glassfish/jersey/server/monitoring/ApplicationEventListener> (0x000000008d5e62f8) 
thrown [s\open\src\hotspot\share\classfile\systemDictionary.cpp, line 301]
Event: 41.121 Thread 0x0000020e30a53050 Exception <a 'java/lang/NoSuchMethodError'{0x000000008ab12d38}: 'int java.lang.invoke.DirectMethodHandle$Holder.invokeStatic(java.lang.Object)'> (0x000000008ab12d38) 
thrown [s\open\src\hotspot\share\interpreter\linkResolver.cpp, line 773]
Event: 41.121 Thread 0x0000020e30a53050 Exception <a 'java/lang/NoSuchMethodError'{0x000000008ab16bc8}: 'int java.lang.invoke.DirectMethodHandle$Holder.invokeStaticInit(java.lang.Object)'> (0x000000008ab16bc8) 
thrown [s\open\src\hotspot\share\interpreter\linkResolver.cpp, line 773]
Event: 41.965 Thread 0x0000020e30a53050 Implicit null exception at 0x0000020e43004964 to 0x0000020e43005edc
Event: 42.353 Thread 0x0000020e30a53050 Implicit null exception at 0x0000020e42f281d2 to 0x0000020e42f282a2
Event: 42.407 Thread 0x0000020e30a53050 Exception <a 'java/lang/NoSuchMethodError'{0x000000008c329f38}: 'java.lang.Object java.lang.invoke.Invokers$Holder.invoker(java.lang.Object, java.lang.Object, java.lang.Object, java.lang.Object, java.lang.Object, java.lang.Object, java.lang.Object, java.lang.Object, java.lang.Object, java.lang.Object, java.lang.Object, java.lang.Object, java.lang.Object, java.lang.Object)'> (0x000000008c329f38) 
thrown [s\open\src\hotspot\share\interpreter\linkResolver.cpp, line 773]
Event: 42.408 Thread 0x0000020e30a53050 Exception <a 'java/lang/NoSuchMethodError'{0x000000008c32f030}: 'java.lang.Object java.lang.invoke.DelegatingMethodHandle$Holder.delegate(java.lang.Object, java.lang.Object, java.lang.Object, java.lang.Object, java.lang.Object, java.lang.Object, java.lang.Object, java.lang.Object, java.lang.Object, java.lang.Object, java.lang.Object, java.lang.Object, java.lang.Object, java.lang.Object)'> (0x000000008c32f030) 
thrown [s\open\src\hotspot\share\interpreter\linkResolver.cpp, line 773]
Event: 42.408 Thread 0x0000020e30a53050 Exception <a 'java/lang/NoSuchMethodError'{0x000000008c339e38}: 'int java.lang.invoke.DirectMethodHandle$Holder.invokeSpecial(java.lang.Object, java.lang.Object, int)'> (0x000000008c339e38) 
thrown [s\open\src\hotspot\share\interpreter\linkResolver.cpp, line 773]
Event: 42.433 Thread 0x0000020e30a53050 Exception <a 'java/lang/NoSuchMethodError'{0x000000008c3ff8c8}: 'java.lang.Object java.lang.invoke.DelegatingMethodHandle$Holder.delegate(java.lang.Object, int, java.lang.Object, java.lang.Object)'> (0x000000008c3ff8c8) 
thrown [s\open\src\hotspot\share\interpreter\linkResolver.cpp, line 773]
Event: 42.435 Thread 0x0000020e30a53050 Exception <a 'java/lang/NoSuchMethodError'{0x000000008c20f850}: 'int java.lang.invoke.Invokers$Holder.linkToTargetMethod(java.lang.Object, java.lang.Object, java.lang.Object)'> (0x000000008c20f850) 
thrown [s\open\src\hotspot\share\interpreter\linkResolver.cpp, line 773]
Event: 42.758 Thread 0x0000020e30a53050 Exception <a 'java/lang/NoClassDefFoundError'{0x000000008bd7c418}: liquibase/integration/spring/SpringLiquibase> (0x000000008bd7c418) 
thrown [s\open\src\hotspot\share\classfile\systemDictionary.cpp, line 301]
Event: 42.811 Thread 0x0000020e30a53050 Exception <a 'java/lang/NoClassDefFoundError'{0x000000008ba18010}: org/jooq/DSLContext> (0x000000008ba18010) 
thrown [s\open\src\hotspot\share\classfile\systemDictionary.cpp, line 301]
Event: 42.813 Thread 0x0000020e30a53050 Exception <a 'java/lang/NoClassDefFoundError'{0x000000008ba35ae0}: org/springframework/batch/core/repository/JobRepository> (0x000000008ba35ae0) 
thrown [s\open\src\hotspot\share\classfile\systemDictionary.cpp, line 301]
Event: 42.813 Thread 0x0000020e30a53050 Exception <a 'java/lang/NoClassDefFoundError'{0x000000008ba38bc8}: org/quartz/Scheduler> (0x000000008ba38bc8) 
thrown [s\open\src\hotspot\share\classfile\systemDictionary.cpp, line 301]
Event: 42.814 Thread 0x0000020e30a53050 Exception <a 'java/lang/NoClassDefFoundError'{0x000000008ba3c380}: org/springframework/session/jdbc/JdbcIndexedSessionRepository> (0x000000008ba3c380) 
thrown [s\open\src\hotspot\share\classfile\systemDictionary.cpp, line 301]

ZGC Phase Switch (0 events):
No events

VM Operations (20 events):
Event: 40.997 Executing VM operation: HandshakeAllThreads (Deoptimize)
Event: 40.997 Executing VM operation: HandshakeAllThreads (Deoptimize) done
Event: 41.123 Executing VM operation: HandshakeAllThreads (Deoptimize)
Event: 41.123 Executing VM operation: HandshakeAllThreads (Deoptimize) done
Event: 41.205 Executing VM operation: HandshakeAllThreads (Deoptimize)
Event: 41.205 Executing VM operation: HandshakeAllThreads (Deoptimize) done
Event: 41.350 Executing VM operation: G1CollectForAllocation (G1 Evacuation Pause)
Event: 41.359 Executing VM operation: G1CollectForAllocation (G1 Evacuation Pause) done
Event: 42.247 Executing VM operation: ICBufferFull
Event: 42.247 Executing VM operation: ICBufferFull done
Event: 42.345 Executing VM operation: HandshakeAllThreads (Deoptimize)
Event: 42.345 Executing VM operation: HandshakeAllThreads (Deoptimize) done
Event: 42.414 Executing VM operation: HandshakeAllThreads (Deoptimize)
Event: 42.414 Executing VM operation: HandshakeAllThreads (Deoptimize) done
Event: 42.421 Executing VM operation: HandshakeAllThreads (Deoptimize)
Event: 42.421 Executing VM operation: HandshakeAllThreads (Deoptimize) done
Event: 42.445 Executing VM operation: HandshakeAllThreads (Deoptimize)
Event: 42.445 Executing VM operation: HandshakeAllThreads (Deoptimize) done
Event: 43.460 Executing VM operation: Cleanup
Event: 43.460 Executing VM operation: Cleanup done

Events (20 events):
Event: 34.707 Thread 0x0000020e4f50ecd0 flushing nmethod 0x0000020e3db42f90
Event: 34.707 Thread 0x0000020e4f50ecd0 flushing nmethod 0x0000020e3dba0310
Event: 36.113 Thread 0x0000020e97f163b0 Thread added: 0x0000020e97f163b0
Event: 36.269 Thread 0x0000020e97f163b0 Thread exited: 0x0000020e97f163b0
Event: 38.321 Thread 0x0000020e97f17760 Thread added: 0x0000020e97f17760
Event: 38.591 Thread 0x0000020e96e7de00 Thread exited: 0x0000020e96e7de00
Event: 39.027 Thread 0x0000020e96e80db0 Thread exited: 0x0000020e96e80db0
Event: 40.015 Thread 0x0000020e97f2c400 Thread added: 0x0000020e97f2c400
Event: 40.134 Thread 0x0000020e97f17760 Thread exited: 0x0000020e97f17760
Event: 40.135 Thread 0x0000020e97f163b0 Thread added: 0x0000020e97f163b0
Event: 40.263 Thread 0x0000020e97f2c400 Thread exited: 0x0000020e97f2c400
Event: 40.283 Thread 0x0000020e97f163b0 Thread exited: 0x0000020e97f163b0
Event: 40.965 Thread 0x0000020e97f2a1f0 Thread added: 0x0000020e97f2a1f0
Event: 41.160 Thread 0x0000020e97f2a1f0 Thread exited: 0x0000020e97f2a1f0
Event: 41.213 Thread 0x0000020e97f2c400 Thread added: 0x0000020e97f2c400
Event: 41.618 Thread 0x0000020e97f2a1f0 Thread added: 0x0000020e97f2a1f0
Event: 42.710 Thread 0x0000020e97f2a1f0 Thread exited: 0x0000020e97f2a1f0
Event: 42.710 Thread 0x0000020e97f2c400 Thread exited: 0x0000020e97f2c400
Event: 42.770 Thread 0x0000020e97c4a810 Thread added: 0x0000020e97c4a810
Event: 42.801 Thread 0x0000020e97c4bc80 Thread added: 0x0000020e97c4bc80


Dynamic libraries:
0x00007ff75e160000 - 0x00007ff75e170000 	D:\mailon\Java\jdk-21.0.10\bin\java.exe
0x00007ffe20340000 - 0x00007ffe205a7000 	C:\WINDOWS\SYSTEM32\ntdll.dll
0x00007ffe1f710000 - 0x00007ffe1f7d9000 	C:\WINDOWS\System32\KERNEL32.DLL
0x00007ffe1ce40000 - 0x00007ffe1d234000 	C:\WINDOWS\System32\KERNELBASE.dll
0x00007ffe1df80000 - 0x00007ffe1e0cb000 	C:\WINDOWS\System32\ucrtbase.dll
0x00007ffe175b0000 - 0x00007ffe175ce000 	D:\mailon\Java\jdk-21.0.10\bin\VCRUNTIME140.dll
0x00007ffe175d0000 - 0x00007ffe175e9000 	D:\mailon\Java\jdk-21.0.10\bin\jli.dll
0x00007ffe20240000 - 0x00007ffe202f6000 	C:\WINDOWS\System32\ADVAPI32.dll
0x00007ffe1f540000 - 0x00007ffe1f5e9000 	C:\WINDOWS\System32\msvcrt.dll
0x00007ffe1f7e0000 - 0x00007ffe1f887000 	C:\WINDOWS\System32\sechost.dll
0x00007ffe1f5f0000 - 0x00007ffe1f708000 	C:\WINDOWS\System32\RPCRT4.dll
0x00007ffe1ee10000 - 0x00007ffe1efd5000 	C:\WINDOWS\System32\USER32.dll
0x00007ffe1ce10000 - 0x00007ffe1ce37000 	C:\WINDOWS\System32\win32u.dll
0x00007ffe1f890000 - 0x00007ffe1f8bb000 	C:\WINDOWS\System32\GDI32.dll
0x00007ffe0c8f0000 - 0x00007ffe0cb83000 	C:\WINDOWS\WinSxS\amd64_microsoft.windows.common-controls_6595b64144ccf1df_6.0.26100.8115_none_3e075c82e3354f9c\COMCTL32.dll
0x00007ffe1dab0000 - 0x00007ffe1dbdb000 	C:\WINDOWS\System32\gdi32full.dll
0x00007ffe1ded0000 - 0x00007ffe1df73000 	C:\WINDOWS\System32\msvcp_win.dll
0x00007ffe16170000 - 0x00007ffe1617b000 	C:\WINDOWS\SYSTEM32\VERSION.dll
0x00007ffe1e170000 - 0x00007ffe1e1a2000 	C:\WINDOWS\System32\IMM32.DLL
0x00007ffe17510000 - 0x00007ffe1751c000 	D:\mailon\Java\jdk-21.0.10\bin\vcruntime140_1.dll
0x00007ffe02390000 - 0x00007ffe0241d000 	D:\mailon\Java\jdk-21.0.10\bin\msvcp140.dll
0x00007ffd68fa0000 - 0x00007ffd69cc7000 	D:\mailon\Java\jdk-21.0.10\bin\server\jvm.dll
0x00007ffe201b0000 - 0x00007ffe20230000 	C:\WINDOWS\System32\WS2_32.dll
0x00007ffe1ca90000 - 0x00007ffe1caee000 	C:\WINDOWS\SYSTEM32\POWRPROF.dll
0x00007ffdfca90000 - 0x00007ffdfcac6000 	C:\WINDOWS\SYSTEM32\WINMM.dll
0x00007ffe1ca70000 - 0x00007ffe1ca84000 	C:\WINDOWS\SYSTEM32\UMPDC.dll
0x00007ffe1b970000 - 0x00007ffe1b98b000 	C:\WINDOWS\SYSTEM32\kernel.appcore.dll
0x00007ffe17500000 - 0x00007ffe1750a000 	D:\mailon\Java\jdk-21.0.10\bin\jimage.dll
0x00007ffe0d0b0000 - 0x00007ffe0d2f2000 	C:\WINDOWS\SYSTEM32\DBGHELP.DLL
0x00007ffe1e7e0000 - 0x00007ffe1eb62000 	C:\WINDOWS\System32\combase.dll
0x00007ffe1f0d0000 - 0x00007ffe1f1a8000 	C:\WINDOWS\System32\OLEAUT32.dll
0x00007ffe033e0000 - 0x00007ffe0341b000 	C:\WINDOWS\SYSTEM32\dbgcore.DLL
0x00007ffe1dd60000 - 0x00007ffe1de05000 	C:\WINDOWS\System32\bcryptPrimitives.dll
0x00007ffe10450000 - 0x00007ffe10471000 	D:\mailon\Java\jdk-21.0.10\bin\java.dll
0x00007ffe1fa40000 - 0x00007ffe201a7000 	C:\WINDOWS\System32\SHELL32.dll
0x00007ffe1cc10000 - 0x00007ffe1cd7a000 	C:\WINDOWS\System32\wintypes.dll
0x00007ffe1d240000 - 0x00007ffe1daa8000 	C:\WINDOWS\System32\windows.storage.dll
0x00007ffe1f220000 - 0x00007ffe1f318000 	C:\WINDOWS\System32\SHCORE.dll
0x00007ffe1f9d0000 - 0x00007ffe1fa36000 	C:\WINDOWS\System32\shlwapi.dll
0x00007ffe1cb30000 - 0x00007ffe1cb59000 	C:\WINDOWS\SYSTEM32\profapi.dll
0x00007ffe00160000 - 0x00007ffe00237000 	D:\mailon\Java\jdk-21.0.10\bin\jsvml.dll
0x00007ffe10380000 - 0x00007ffe10391000 	D:\mailon\Java\jdk-21.0.10\bin\net.dll
0x00007ffe15b50000 - 0x00007ffe15c7d000 	C:\WINDOWS\SYSTEM32\WINHTTP.dll
0x00007ffe1bed0000 - 0x00007ffe1bf3c000 	C:\WINDOWS\system32\mswsock.dll
0x00007ffe0e890000 - 0x00007ffe0e8a6000 	D:\mailon\Java\jdk-21.0.10\bin\nio.dll
0x00007ffe0e870000 - 0x00007ffe0e888000 	D:\mailon\Java\jdk-21.0.10\bin\zip.dll
0x00007ffe05cc0000 - 0x00007ffe05ce4000 	D:\mailon\Usuario\Desktop\apache-maven-3.9.14-bin (1)\apache-maven-3.9.14\lib\jansi-native\Windows\x86_64\jansi.dll
0x00007ffe17490000 - 0x00007ffe174a0000 	D:\mailon\Java\jdk-21.0.10\bin\verify.dll
0x00007ffe0bed0000 - 0x00007ffe0bede000 	D:\mailon\Java\jdk-21.0.10\bin\sunmscapi.dll
0x00007ffe1dbe0000 - 0x00007ffe1dd57000 	C:\WINDOWS\System32\CRYPT32.dll
0x00007ffe1c410000 - 0x00007ffe1c440000 	C:\WINDOWS\SYSTEM32\ncrypt.dll
0x00007ffe1c3c0000 - 0x00007ffe1c3ff000 	C:\WINDOWS\SYSTEM32\NTASN1.dll

dbghelp: loaded successfully - version: 4.0.5 - missing functions: none
symbol engine: initialized successfully - sym options: 0x614 - pdb path: .;D:\mailon\Java\jdk-21.0.10\bin;C:\WINDOWS\SYSTEM32;C:\WINDOWS\WinSxS\amd64_microsoft.windows.common-controls_6595b64144ccf1df_6.0.26100.8115_none_3e075c82e3354f9c;D:\mailon\Java\jdk-21.0.10\bin\server;D:\mailon\Usuario\Desktop\apache-maven-3.9.14-bin (1)\apache-maven-3.9.14\lib\jansi-native\Windows\x86_64

VM Arguments:
jvm_args: --add-opens=java.base/java.lang=ALL-UNNAMED --enable-native-access=ALL-UNNAMED -Dclassworlds.conf=D:/mailon/Usuario/Desktop/apache-maven-3.9.14-bin (1)/apache-maven-3.9.14/bin/m2.conf -Dmaven.home=D:/mailon/Usuario/Desktop/apache-maven-3.9.14-bin (1)/apache-maven-3.9.14 -Dlibrary.jansi.path=D:/mailon/Usuario/Desktop/apache-maven-3.9.14-bin (1)/apache-maven-3.9.14/lib/jansi-native -Dmaven.multiModuleProjectDirectory=D:/mailon/Usuario/Desktop/Smartwallet 
java_command: org.codehaus.plexus.classworlds.launcher.Launcher test -Dtest=SmartwalletApplicationTests
java_class_path (initial): D:/mailon/Usuario/Desktop/apache-maven-3.9.14-bin (1)/apache-maven-3.9.14/boot/plexus-classworlds-2.9.0.jar
Launcher Type: SUN_STANDARD

[Global flags]
     intx CICompilerCount                          = 4                                         {product} {ergonomic}
     uint ConcGCThreads                            = 2                                         {product} {ergonomic}
     uint G1ConcRefinementThreads                  = 8                                         {product} {ergonomic}
   size_t G1HeapRegionSize                         = 1048576                                   {product} {ergonomic}
    uintx GCDrainStackTargetSize                   = 64                                        {product} {ergonomic}
   size_t InitialHeapSize                          = 132120576                                 {product} {ergonomic}
   size_t MarkStackSize                            = 4194304                                   {product} {ergonomic}
   size_t MaxHeapSize                              = 2109734912                                {product} {ergonomic}
   size_t MaxNewSize                               = 1265631232                                {product} {ergonomic}
   size_t MinHeapDeltaBytes                        = 1048576                                   {product} {ergonomic}
   size_t MinHeapSize                              = 8388608                                   {product} {ergonomic}
    uintx NonNMethodCodeHeapSize                   = 5839372                                {pd product} {ergonomic}
    uintx NonProfiledCodeHeapSize                  = 122909434                              {pd product} {ergonomic}
    uintx ProfiledCodeHeapSize                     = 122909434                              {pd product} {ergonomic}
    uintx ReservedCodeCacheSize                    = 251658240                              {pd product} {ergonomic}
     bool SegmentedCodeCache                       = true                                      {product} {ergonomic}
   size_t SoftMaxHeapSize                          = 2109734912                             {manageable} {ergonomic}
     bool UseCompressedOops                        = true                           {product lp64_product} {ergonomic}
     bool UseG1GC                                  = true                                      {product} {ergonomic}
     bool UseLargePagesIndividualAllocation        = false                                  {pd product} {ergonomic}

Logging:
Log output configuration:
 #0: stdout all=warning uptime,level,tags foldmultilines=false
 #1: stderr all=off uptime,level,tags foldmultilines=false

Environment Variables:
JAVA_HOME=D:/mailon/Java/jdk-21.0.10
PATH=D:\Program Files\Git\mingw64\bin;D:\Program Files\Git\usr\bin;C:\Users\Usuario\bin;C:\Program Files\Common Files\Oracle\Java\javapath;C:\WINDOWS\system32;C:\WINDOWS;C:\WINDOWS\System32\Wbem;C:\WINDOWS\System32\WindowsPowerShell\v1.0;C:\WINDOWS\System32\OpenSSH;D:\Program Files\nodejs;D:\mailon\Usuario\Desktop\apache-maven-3.9.14-bin (1)\apache-maven-3.9.14\bin;D:\Program Files\Git\cmd;C:\Users\Usuario\AppData\Local\Programs\Trae\bin;D:\mailon\Usuario\Downloads\ffmpeg-8.0.1-essentials_build\ffmpeg-8.0.1-essentials_build\bin;D:\mailon\Usuario\Desktop\apache-maven-3.9.14-bin (1)\apache-maven-3.9.14\bin;C:\Users\Usuario\AppData\Roaming\npm
USERNAME=Usuario
TERM=xterm-256color
OS=Windows_NT
PROCESSOR_IDENTIFIER=Intel64 Family 6 Model 142 Stepping 12, GenuineIntel
TMP=C:\Users\Usuario\AppData\Local\Temp
TEMP=C:\Users\Usuario\AppData\Local\Temp




Periodic native trim disabled

---------------  S Y S T E M  ---------------

OS:
 Windows 11 , 64 bit Build 26100 (10.0.26100.8246)
OS uptime: 4 days 19:19 hours
Hyper-V role detected

CPU: total 8 (initial active 8) (4 cores per cpu, 2 threads per core) family 6 model 142 stepping 12 microcode 0xde, cx8, cmov, fxsr, ht, mmx, 3dnowpref, sse, sse2, sse3, ssse3, sse4.1, sse4.2, popcnt, lzcnt, tsc, tscinvbit, avx, avx2, aes, erms, clmul, bmi1, bmi2, adx, fma, vzeroupper, clflush, clflushopt, hv, rdtscp, f16c
Processor Information for all 8 processors :
  Max Mhz: 1800, Current Mhz: 1600, Mhz Limit: 1584

Memory: 4k page, system-wide physical 8040M (673M free)
TotalPageFile size 32616M (AvailPageFile size 4M)
current process WorkingSet (physical memory assigned to process): 613M, peak: 613M
current process commit charge ("private bytes"): 642M, peak: 643M

vm_info: Java HotSpot(TM) 64-Bit Server VM (21.0.10+8-LTS-217) for windows-amd64 JRE (21.0.10+8-LTS-217), built on 2025-12-18T14:59:28Z by "mach5run" with MS VC++ 17.13 (VS2022)

END.
