#
# There is insufficient memory for the Java Runtime Environment to continue.
# Native memory allocation (malloc) failed to allocate 1410256 bytes for Chunk::new
# Possible reasons:
#   The system is out of physical RAM or swap space
#   The process is running with CompressedOops enabled, and the Java Heap may be blocking the growth of the native heap
# Possible solutions:
#   Reduce memory load on the system
#   Increase physical memory or swap space
#   Check if swap backing store is full
#   Decrease Java heap size (-Xmx/-Xms)
#   Decrease number of Java threads
#   Decrease Java thread stack sizes (-Xss)
#   Set larger code cache with -XX:ReservedCodeCacheSize=
#   JVM is running with Unscaled Compressed Oops mode in which the Java heap is
#     placed in the first 4GB address space. The Java Heap base address is the
#     maximum limit for the native heap growth. Please use -XX:HeapBaseMinAddress
#     to set the Java Heap base and to place the Java Heap above 4GB virtual address.
# This output file may be truncated or incomplete.
#
#  Out of Memory Error (arena.cpp:168), pid=23896, tid=25888
#
# JRE version: Java(TM) SE Runtime Environment (21.0.10+8) (build 21.0.10+8-LTS-217)
# Java VM: Java HotSpot(TM) 64-Bit Server VM (21.0.10+8-LTS-217, mixed mode, tiered, compressed oops, compressed class ptrs, g1 gc, windows-amd64)
# No core dump will be written. Minidumps are not enabled by default on client versions of Windows
#

---------------  S U M M A R Y ------------

Command Line: C:\Users\Usuario\AppData\Local\Temp\surefire9327749009548963218\surefirebooter-20260423050041203_3.jar C:\Users\Usuario\AppData\Local\Temp\surefire9327749009548963218 2026-04-23T05-00-40_963-jvmRun1 surefire-20260423050041203_1tmp surefire_0-20260423050041203_2tmp

Host: Intel(R) Core(TM) i5-8265U CPU @ 1.60GHz, 8 cores, 7G,  Windows 11 , 64 bit Build 26100 (10.0.26100.8246)
Time: Thu Apr 23 05:00:52 2026 Hora oficial do Brasil elapsed time: 11.305151 seconds (0d 0h 0m 11s)

---------------  T H R E A D  ---------------

Current thread (0x000002774d7ee9f0):  JavaThread "C2 CompilerThread0" daemon [_thread_in_native, id=25888, stack(0x000000e1f2b00000,0x000000e1f2c00000) (1024K)]


Current CompileTask:
C2:  11305 2040       4       java.lang.invoke.MethodType::methodType (69 bytes)

Stack: [0x000000e1f2b00000,0x000000e1f2c00000]
Native frames: (J=compiled Java code, j=interpreted, Vv=VM code, C=native code)
V  [jvm.dll+0x6d0b59]
V  [jvm.dll+0x85fd56]
V  [jvm.dll+0x86224e]
V  [jvm.dll+0x862923]
V  [jvm.dll+0x282a16]
V  [jvm.dll+0xc662d]
V  [jvm.dll+0xc6b71]
V  [jvm.dll+0x3bbb21]
V  [jvm.dll+0x387fd2]
V  [jvm.dll+0x38741a]
V  [jvm.dll+0x24b370]
V  [jvm.dll+0x24a94f]
V  [jvm.dll+0x1cacfe]
V  [jvm.dll+0x25a629]
V  [jvm.dll+0x258bb5]
V  [jvm.dll+0x3f4da1]
V  [jvm.dll+0x80a83d]
V  [jvm.dll+0x6cf3fd]
C  [ucrtbase.dll+0x37b0]
C  [KERNEL32.DLL+0x2e8d7]
C  [ntdll.dll+0x8c3fc]


---------------  P R O C E S S  ---------------

Threads class SMR info:
_java_thread_list=0x00000277533f9be0, length=14, elements={
0x000002772ee09900, 0x000002774d7fba60, 0x000002774d7fc0d0, 0x000002774d80e0d0,
0x000002774d80e740, 0x000002774d7eb9d0, 0x000002774d7ee050, 0x000002774d7ee9f0,
0x000002774d7f10b0, 0x000002774d9e4f70, 0x000002774d9e67c0, 0x00000277527fe2b0,
0x000002774db308b0, 0x00000277533b3350
}

Java Threads: ( => current thread )
  0x000002772ee09900 JavaThread "main"                              [_thread_in_native, id=26076, stack(0x000000e1f1d00000,0x000000e1f1e00000) (1024K)]
  0x000002774d7fba60 JavaThread "Reference Handler"          daemon [_thread_blocked, id=21200, stack(0x000000e1f2500000,0x000000e1f2600000) (1024K)]
  0x000002774d7fc0d0 JavaThread "Finalizer"                  daemon [_thread_blocked, id=28048, stack(0x000000e1f2600000,0x000000e1f2700000) (1024K)]
  0x000002774d80e0d0 JavaThread "Signal Dispatcher"          daemon [_thread_blocked, id=23244, stack(0x000000e1f2700000,0x000000e1f2800000) (1024K)]
  0x000002774d80e740 JavaThread "Attach Listener"            daemon [_thread_blocked, id=27760, stack(0x000000e1f2800000,0x000000e1f2900000) (1024K)]
  0x000002774d7eb9d0 JavaThread "Service Thread"             daemon [_thread_blocked, id=13324, stack(0x000000e1f2900000,0x000000e1f2a00000) (1024K)]
  0x000002774d7ee050 JavaThread "Monitor Deflation Thread"   daemon [_thread_blocked, id=25992, stack(0x000000e1f2a00000,0x000000e1f2b00000) (1024K)]
=>0x000002774d7ee9f0 JavaThread "C2 CompilerThread0"         daemon [_thread_in_native, id=25888, stack(0x000000e1f2b00000,0x000000e1f2c00000) (1024K)]
  0x000002774d7f10b0 JavaThread "C1 CompilerThread0"         daemon [_thread_blocked, id=15280, stack(0x000000e1f2c00000,0x000000e1f2d00000) (1024K)]
  0x000002774d9e4f70 JavaThread "Notification Thread"        daemon [_thread_blocked, id=5664, stack(0x000000e1f2d00000,0x000000e1f2e00000) (1024K)]
  0x000002774d9e67c0 JavaThread "Common-Cleaner"             daemon [_thread_blocked, id=24104, stack(0x000000e1f2e00000,0x000000e1f2f00000) (1024K)]
  0x00000277527fe2b0 JavaThread "surefire-forkedjvm-stream-flusher" daemon [_thread_blocked, id=21588, stack(0x000000e1f2f00000,0x000000e1f3000000) (1024K)]
  0x000002774db308b0 JavaThread "surefire-forkedjvm-command-thread" daemon [_thread_in_native, id=7252, stack(0x000000e1f3000000,0x000000e1f3100000) (1024K)]
  0x00000277533b3350 JavaThread "C2 CompilerThread1"         daemon [_thread_in_native, id=27004, stack(0x000000e1f3900000,0x000000e1f3a00000) (1024K)]
Total: 14

Other Threads:
  0x000002774d70c020 VMThread "VM Thread"                           [id=9888, stack(0x000000e1f2400000,0x000000e1f2500000) (1024K)]
  0x000002774d6f6ef0 WatcherThread "VM Periodic Task Thread"        [id=29856, stack(0x000000e1f2300000,0x000000e1f2400000) (1024K)]
  0x000002772ee5aef0 WorkerThread "GC Thread#0"                     [id=12208, stack(0x000000e1f1e00000,0x000000e1f1f00000) (1024K)]
  0x0000027752b47e10 WorkerThread "GC Thread#1"                     [id=17912, stack(0x000000e1f3200000,0x000000e1f3300000) (1024K)]
  0x0000027752b3d670 WorkerThread "GC Thread#2"                     [id=16576, stack(0x000000e1f3300000,0x000000e1f3400000) (1024K)]
  0x0000027752e99380 WorkerThread "GC Thread#3"                     [id=26180, stack(0x000000e1f3400000,0x000000e1f3500000) (1024K)]
  0x0000027752e99730 WorkerThread "GC Thread#4"                     [id=21516, stack(0x000000e1f3500000,0x000000e1f3600000) (1024K)]
  0x0000027752e99ae0 WorkerThread "GC Thread#5"                     [id=28016, stack(0x000000e1f3600000,0x000000e1f3700000) (1024K)]
  0x0000027752e99e90 WorkerThread "GC Thread#6"                     [id=12676, stack(0x000000e1f3700000,0x000000e1f3800000) (1024K)]
  0x0000027752ff4ad0 WorkerThread "GC Thread#7"                     [id=5072, stack(0x000000e1f3100000,0x000000e1f3200000) (1024K)]
  0x000002772ee6bad0 ConcurrentGCThread "G1 Main Marker"            [id=16988, stack(0x000000e1f1f00000,0x000000e1f2000000) (1024K)]
  0x000002772ee6ecd0 WorkerThread "G1 Conc#0"                       [id=27964, stack(0x000000e1f2000000,0x000000e1f2100000) (1024K)]
  0x00000277535bf2e0 WorkerThread "G1 Conc#1"                       [id=27920, stack(0x000000e1f3800000,0x000000e1f3900000) (1024K)]
  0x000002774d5c3580 ConcurrentGCThread "G1 Refine#0"               [id=7372, stack(0x000000e1f2100000,0x000000e1f2200000) (1024K)]
  0x000002774d5c39c0 ConcurrentGCThread "G1 Service"                [id=29600, stack(0x000000e1f2200000,0x000000e1f2300000) (1024K)]
Total: 15

Threads with active compile tasks:
C2 CompilerThread0    11334 2040       4       java.lang.invoke.MethodType::methodType (69 bytes)
C2 CompilerThread1    11334 2151       4       java.lang.Class::getPackageName (81 bytes)
Total: 2

VM state: not at safepoint (normal execution)

VM Mutex/Monitor currently owned by a thread: None

Heap address: 0x0000000082400000, size: 2012 MB, Compressed Oops mode: 32-bit

CDS archive(s) not mapped
Compressed class space mapped at: 0x0000000100000000-0x0000000140000000, reserved size: 1073741824
Narrow klass base: 0x0000000000000000, Narrow klass shift: 3, Narrow klass range: 0x140000000

GC Precious Log:
 CardTable entry size: 512
 Card Set container configuration: InlinePtr #cards 5 size 8 Array Of Cards #cards 12 size 40 Howl #buckets 4 coarsen threshold 1843 Howl Bitmap #cards 512 size 80 coarsen threshold 460 Card regions per heap region 1 cards per card region 2048
 CPUs: 8 total, 8 available
 Memory: 8040M
 Large Page Support: Disabled
 NUMA Support: Disabled
 Compressed Oops: Enabled (32-bit)
 Heap Region Size: 1M
 Heap Min Capacity: 8M
 Heap Initial Capacity: 126M
 Heap Max Capacity: 2012M
 Pre-touch: Disabled
 Parallel Workers: 8
 Concurrent Workers: 2
 Concurrent Refinement Workers: 8
 Periodic GC: Disabled

Heap:
 garbage-first heap   total 51200K, used 17606K [0x0000000082400000, 0x0000000100000000)
  region size 1024K, 8 young (8192K), 3 survivors (3072K)
 Metaspace       used 22171K, committed 22464K, reserved 1114112K
  class space    used 2338K, committed 2432K, reserved 1048576K

Heap Regions: E=young(eden), S=young(survivor), O=old, HS=humongous(starts), HC=humongous(continues), CS=collection set, F=free, TAMS=top-at-mark-start, PB=parsable bottom
|   0|0x0000000082400000, 0x0000000082500000, 0x0000000082500000|100%|HS|  |TAMS 0x0000000082400000| PB 0x0000000082400000| Complete 
|   1|0x0000000082500000, 0x0000000082600000, 0x0000000082600000|100%| O|  |TAMS 0x0000000082500000| PB 0x0000000082500000| Untracked 
|   2|0x0000000082600000, 0x0000000082700000, 0x0000000082700000|100%| O|  |TAMS 0x0000000082600000| PB 0x0000000082600000| Untracked 
|   3|0x0000000082700000, 0x0000000082800000, 0x0000000082800000|100%| O|  |TAMS 0x0000000082700000| PB 0x0000000082700000| Untracked 
|   4|0x0000000082800000, 0x0000000082900000, 0x0000000082900000|100%| O|  |TAMS 0x0000000082800000| PB 0x0000000082800000| Untracked 
|   5|0x0000000082900000, 0x0000000082a00000, 0x0000000082a00000|100%| O|  |TAMS 0x0000000082900000| PB 0x0000000082900000| Untracked 
|   6|0x0000000082a00000, 0x0000000082b00000, 0x0000000082b00000|100%| O|  |TAMS 0x0000000082a00000| PB 0x0000000082a00000| Untracked 
|   7|0x0000000082b00000, 0x0000000082c00000, 0x0000000082c00000|100%| O|  |TAMS 0x0000000082b00000| PB 0x0000000082b00000| Untracked 
|   8|0x0000000082c00000, 0x0000000082d00000, 0x0000000082d00000|100%| O|  |TAMS 0x0000000082c00000| PB 0x0000000082c00000| Untracked 
|   9|0x0000000082d00000, 0x0000000082e00000, 0x0000000082e00000|100%| O|  |TAMS 0x0000000082d00000| PB 0x0000000082d00000| Untracked 
|  10|0x0000000082e00000, 0x0000000082ed4b88, 0x0000000082f00000| 83%| O|Cm|TAMS 0x0000000082e00000| PB 0x0000000082e00000| Complete 
|  11|0x0000000082f00000, 0x0000000082f00000, 0x0000000083000000|  0%| F|  |TAMS 0x0000000082f00000| PB 0x0000000082f00000| Untracked 
|  12|0x0000000083000000, 0x0000000083000000, 0x0000000083100000|  0%| F|  |TAMS 0x0000000083000000| PB 0x0000000083000000| Untracked 
|  13|0x0000000083100000, 0x0000000083100000, 0x0000000083200000|  0%| F|  |TAMS 0x0000000083100000| PB 0x0000000083100000| Untracked 
|  14|0x0000000083200000, 0x0000000083200000, 0x0000000083300000|  0%| F|  |TAMS 0x0000000083200000| PB 0x0000000083200000| Untracked 
|  15|0x0000000083300000, 0x0000000083300000, 0x0000000083400000|  0%| F|  |TAMS 0x0000000083300000| PB 0x0000000083300000| Untracked 
|  16|0x0000000083400000, 0x0000000083400000, 0x0000000083500000|  0%| F|  |TAMS 0x0000000083400000| PB 0x0000000083400000| Untracked 
|  17|0x0000000083500000, 0x0000000083500000, 0x0000000083600000|  0%| F|  |TAMS 0x0000000083500000| PB 0x0000000083500000| Untracked 
|  18|0x0000000083600000, 0x0000000083600000, 0x0000000083700000|  0%| F|  |TAMS 0x0000000083600000| PB 0x0000000083600000| Untracked 
|  19|0x0000000083700000, 0x0000000083700000, 0x0000000083800000|  0%| F|  |TAMS 0x0000000083700000| PB 0x0000000083700000| Untracked 
|  20|0x0000000083800000, 0x0000000083800000, 0x0000000083900000|  0%| F|  |TAMS 0x0000000083800000| PB 0x0000000083800000| Untracked 
|  21|0x0000000083900000, 0x0000000083900000, 0x0000000083a00000|  0%| F|  |TAMS 0x0000000083900000| PB 0x0000000083900000| Untracked 
|  22|0x0000000083a00000, 0x0000000083a00000, 0x0000000083b00000|  0%| F|  |TAMS 0x0000000083a00000| PB 0x0000000083a00000| Untracked 
|  23|0x0000000083b00000, 0x0000000083b00000, 0x0000000083c00000|  0%| F|  |TAMS 0x0000000083b00000| PB 0x0000000083b00000| Untracked 
|  24|0x0000000083c00000, 0x0000000083c00000, 0x0000000083d00000|  0%| F|  |TAMS 0x0000000083c00000| PB 0x0000000083c00000| Untracked 
|  25|0x0000000083d00000, 0x0000000083d00000, 0x0000000083e00000|  0%| F|  |TAMS 0x0000000083d00000| PB 0x0000000083d00000| Untracked 
|  26|0x0000000083e00000, 0x0000000083e00000, 0x0000000083f00000|  0%| F|  |TAMS 0x0000000083e00000| PB 0x0000000083e00000| Untracked 
|  27|0x0000000083f00000, 0x0000000083f00000, 0x0000000084000000|  0%| F|  |TAMS 0x0000000083f00000| PB 0x0000000083f00000| Untracked 
|  28|0x0000000084000000, 0x0000000084000000, 0x0000000084100000|  0%| F|  |TAMS 0x0000000084000000| PB 0x0000000084000000| Untracked 
|  29|0x0000000084100000, 0x0000000084100000, 0x0000000084200000|  0%| F|  |TAMS 0x0000000084100000| PB 0x0000000084100000| Untracked 
|  30|0x0000000084200000, 0x0000000084200000, 0x0000000084300000|  0%| F|  |TAMS 0x0000000084200000| PB 0x0000000084200000| Untracked 
|  31|0x0000000084300000, 0x0000000084300000, 0x0000000084400000|  0%| F|  |TAMS 0x0000000084300000| PB 0x0000000084300000| Untracked 
|  32|0x0000000084400000, 0x0000000084400000, 0x0000000084500000|  0%| F|  |TAMS 0x0000000084400000| PB 0x0000000084400000| Untracked 
|  33|0x0000000084500000, 0x0000000084500000, 0x0000000084600000|  0%| F|  |TAMS 0x0000000084500000| PB 0x0000000084500000| Untracked 
|  34|0x0000000084600000, 0x0000000084600000, 0x0000000084700000|  0%| F|  |TAMS 0x0000000084600000| PB 0x0000000084600000| Untracked 
|  35|0x0000000084700000, 0x0000000084700000, 0x0000000084800000|  0%| F|  |TAMS 0x0000000084700000| PB 0x0000000084700000| Untracked 
|  36|0x0000000084800000, 0x0000000084800000, 0x0000000084900000|  0%| F|  |TAMS 0x0000000084800000| PB 0x0000000084800000| Untracked 
|  37|0x0000000084900000, 0x0000000084900000, 0x0000000084a00000|  0%| F|  |TAMS 0x0000000084900000| PB 0x0000000084900000| Untracked 
|  38|0x0000000084a00000, 0x0000000084a00000, 0x0000000084b00000|  0%| F|  |TAMS 0x0000000084a00000| PB 0x0000000084a00000| Untracked 
|  39|0x0000000084b00000, 0x0000000084b00000, 0x0000000084c00000|  0%| F|  |TAMS 0x0000000084b00000| PB 0x0000000084b00000| Untracked 
|  40|0x0000000084c00000, 0x0000000084c00000, 0x0000000084d00000|  0%| F|  |TAMS 0x0000000084c00000| PB 0x0000000084c00000| Untracked 
|  41|0x0000000084d00000, 0x0000000084d00000, 0x0000000084e00000|  0%| F|  |TAMS 0x0000000084d00000| PB 0x0000000084d00000| Untracked 
|  42|0x0000000084e00000, 0x0000000084f00000, 0x0000000084f00000|100%| E|  |TAMS 0x0000000084e00000| PB 0x0000000084e00000| Complete 
|  43|0x0000000084f00000, 0x0000000085000000, 0x0000000085000000|100%| E|CS|TAMS 0x0000000084f00000| PB 0x0000000084f00000| Complete 
|  44|0x0000000085000000, 0x0000000085100000, 0x0000000085100000|100%| E|CS|TAMS 0x0000000085000000| PB 0x0000000085000000| Complete 
|  45|0x0000000085100000, 0x0000000085200000, 0x0000000085200000|100%| E|CS|TAMS 0x0000000085100000| PB 0x0000000085100000| Complete 
| 117|0x0000000089900000, 0x000000008995cd90, 0x0000000089a00000| 36%| S|CS|TAMS 0x0000000089900000| PB 0x0000000089900000| Complete 
| 118|0x0000000089a00000, 0x0000000089b00000, 0x0000000089b00000|100%| S|CS|TAMS 0x0000000089a00000| PB 0x0000000089a00000| Complete 
| 119|0x0000000089b00000, 0x0000000089c00000, 0x0000000089c00000|100%| S|CS|TAMS 0x0000000089b00000| PB 0x0000000089b00000| Complete 
| 125|0x000000008a100000, 0x000000008a200000, 0x000000008a200000|100%| E|CS|TAMS 0x000000008a100000| PB 0x000000008a100000| Complete 

Card table byte_map: [0x0000027748910000,0x0000027748d00000] _byte_map_base: 0x00000277484fe000

Marking Bits: (CMBitMap*) 0x000002772ee5b510
 Bits: [0x0000027748d00000, 0x000002774ac70000)

Polling page: 0x0000027738a70000

Metaspace:

Usage:
  Non-class:     19.37 MB used.
      Class:      2.29 MB used.
       Both:     21.66 MB used.

Virtual space:
  Non-class space:       64.00 MB reserved,      19.56 MB ( 31%) committed,  1 nodes.
      Class space:        1.00 GB reserved,       2.38 MB ( <1%) committed,  1 nodes.
             Both:        1.06 GB reserved,      21.94 MB (  2%) committed. 

Chunk freelists:
   Non-Class:  11.55 MB
       Class:  13.44 MB
        Both:  24.98 MB

MaxMetaspaceSize: unlimited
CompressedClassSpaceSize: 1.00 GB
Initial GC threshold: 21.00 MB
Current GC threshold: 35.12 MB
CDS: off
 - commit_granule_bytes: 65536.
 - commit_granule_words: 8192.
 - virtual_space_node_default_size: 8388608.
 - enlarge_chunks_in_place: 1.
 - use_allocation_guard: 0.


Internal statistics:

num_allocs_failed_limit: 3.
num_arena_births: 212.
num_arena_deaths: 0.
num_vsnodes_births: 2.
num_vsnodes_deaths: 0.
num_space_committed: 351.
num_space_uncommitted: 0.
num_chunks_returned_to_freelist: 3.
num_chunks_taken_from_freelist: 688.
num_chunk_merges: 0.
num_chunk_splits: 382.
num_chunks_enlarged: 243.
num_inconsistent_stats: 0.

CodeHeap 'non-profiled nmethods': size=120000Kb used=793Kb max_used=793Kb free=119206Kb
 bounds [0x0000027740560000, 0x00000277407d0000, 0x0000027747a90000]
CodeHeap 'profiled nmethods': size=120000Kb used=4161Kb max_used=4161Kb free=115838Kb
 bounds [0x0000027738a90000, 0x0000027738eb0000, 0x000002773ffc0000]
CodeHeap 'non-nmethods': size=5760Kb used=1407Kb max_used=1430Kb free=4352Kb
 bounds [0x000002773ffc0000, 0x0000027740230000, 0x0000027740560000]
 total_blobs=2662 nmethods=2162 adapters=404
 compilation: enabled
              stopped_count=0, restarted_count=0
 full_count=0

Compilation events (20 events):
Event: 10.186 Thread 0x000002774d7f10b0 nmethod 2067 0x0000027738e63710 code [0x0000027738e638c0, 0x0000027738e63ae0]
Event: 10.186 Thread 0x000002774d7f10b0 2068       3       sun.reflect.generics.scope.AbstractScope::<init> (10 bytes)
Event: 10.186 Thread 0x000002774d7f10b0 nmethod 2068 0x0000027738e63c10 code [0x0000027738e63dc0, 0x0000027738e63f78]
Event: 10.186 Thread 0x000002774d7f10b0 2069       3       sun.reflect.generics.factory.CoreReflectionFactory::make (10 bytes)
Event: 10.186 Thread 0x000002774d7f10b0 nmethod 2069 0x0000027738e64010 code [0x0000027738e641c0, 0x0000027738e64478]
Event: 10.186 Thread 0x000002774d7f10b0 2070       3       sun.reflect.generics.factory.CoreReflectionFactory::<init> (15 bytes)
Event: 10.186 Thread 0x000002774d7f10b0 nmethod 2070 0x0000027738e64590 code [0x0000027738e64740, 0x0000027738e64960]
Event: 10.189 Thread 0x000002774d7f10b0 2071   !   3       org.springframework.util.ConcurrentReferenceHashMap$Segment::clear (69 bytes)
Event: 10.189 Thread 0x000002774d7f10b0 nmethod 2071 0x0000027738e64a10 code [0x0000027738e64c80, 0x0000027738e65788]
Event: 10.198 Thread 0x000002774d7f10b0 2072       1       org.springframework.core.ResolvableType::resolve (5 bytes)
Event: 10.198 Thread 0x000002774d7f10b0 nmethod 2072 0x000002774061f890 code [0x000002774061fa20, 0x000002774061fae8]
Event: 10.199 Thread 0x000002774d7f10b0 2074       3       java.util.Collections::singletonIterator (9 bytes)
Event: 10.199 Thread 0x000002774d7f10b0 nmethod 2074 0x0000027738e65b90 code [0x0000027738e65d40, 0x0000027738e65fa0]
Event: 10.199 Thread 0x000002774d7f10b0 2075       3       java.util.Collections$1::<init> (15 bytes)
Event: 10.199 Thread 0x000002774d7f10b0 nmethod 2075 0x0000027738e66090 code [0x0000027738e66240, 0x0000027738e66408]
Event: 10.201 Thread 0x000002774d7f10b0 2076       3       java.util.jar.JavaUtilJarAccessImpl::getTrustedAttributes (6 bytes)
Event: 10.201 Thread 0x000002774d7f10b0 nmethod 2076 0x0000027738e66510 code [0x0000027738e666c0, 0x0000027738e66810]
Event: 10.924 Thread 0x000002774d7f10b0 2077       3       java.util.concurrent.ThreadPoolExecutor::isShutdown (12 bytes)
Event: 10.924 Thread 0x000002774d7f10b0 nmethod 2077 0x0000027738e66910 code [0x0000027738e66ac0, 0x0000027738e66ca8]
Event: 10.924 Thread 0x000002774d7f10b0 2078       3       java.util.concurrent.ScheduledThreadPoolExecutor::canRunInCurrentRunState (61 bytes)

GC Heap History (4 events):
Event: 2.049 GC heap before
{Heap before GC invocations=0 (full 0):
 garbage-first heap   total 129024K, used 23552K [0x0000000082400000, 0x0000000100000000)
  region size 1024K, 23 young (23552K), 0 survivors (0K)
 Metaspace       used 13053K, committed 13120K, reserved 1114112K
  class space    used 1193K, committed 1216K, reserved 1048576K
}
Event: 2.054 GC heap after
{Heap after GC invocations=1 (full 0):
 garbage-first heap   total 129024K, used 10685K [0x0000000082400000, 0x0000000100000000)
  region size 1024K, 3 young (3072K), 3 survivors (3072K)
 Metaspace       used 13053K, committed 13120K, reserved 1114112K
  class space    used 1193K, committed 1216K, reserved 1048576K
}
Event: 5.044 GC heap before
{Heap before GC invocations=1 (full 0):
 garbage-first heap   total 129024K, used 34237K [0x0000000082400000, 0x0000000100000000)
  region size 1024K, 26 young (26624K), 3 survivors (3072K)
 Metaspace       used 20032K, committed 20288K, reserved 1114112K
  class space    used 2021K, committed 2112K, reserved 1048576K
}
Event: 5.050 GC heap after
{Heap after GC invocations=2 (full 0):
 garbage-first heap   total 129024K, used 13138K [0x0000000082400000, 0x0000000100000000)
  region size 1024K, 2 young (2048K), 2 survivors (2048K)
 Metaspace       used 20032K, committed 20288K, reserved 1114112K
  class space    used 2021K, committed 2112K, reserved 1048576K
}

Dll operation events (8 events):
Event: 0.012 Loaded shared library D:\mailon\Java\jdk-21.0.10\bin\java.dll
Event: 1.168 Loaded shared library D:\mailon\Java\jdk-21.0.10\bin\jsvml.dll
Event: 1.248 Loaded shared library D:\mailon\Java\jdk-21.0.10\bin\net.dll
Event: 1.250 Loaded shared library D:\mailon\Java\jdk-21.0.10\bin\nio.dll
Event: 1.257 Loaded shared library D:\mailon\Java\jdk-21.0.10\bin\zip.dll
Event: 1.330 Loaded shared library D:\mailon\Java\jdk-21.0.10\bin\management.dll
Event: 1.358 Loaded shared library D:\mailon\Java\jdk-21.0.10\bin\management_ext.dll
Event: 1.386 Loaded shared library D:\mailon\Java\jdk-21.0.10\bin\jimage.dll

Deoptimization events (20 events):
Event: 4.763 Thread 0x000002772ee09900 Uncommon trap: trap_request=0xffffff45 fr.pc=0x000002774057fcf4 relative=0x0000000000000054
Event: 4.763 Thread 0x000002772ee09900 Uncommon trap: reason=unstable_if action=reinterpret pc=0x000002774057fcf4 method=sun.nio.fs.WindowsPathParser.isSlash(C)Z @ 9 c2
Event: 4.763 Thread 0x000002772ee09900 DEOPT PACKING pc=0x000002774057fcf4 sp=0x000000e1f1dfc930
Event: 4.763 Thread 0x000002772ee09900 DEOPT UNPACKING pc=0x00000277400146a2 sp=0x000000e1f1dfc8b8 mode 2
Event: 5.054 Thread 0x000002772ee09900 Uncommon trap: trap_request=0xffffff45 fr.pc=0x0000027740610b58 relative=0x00000000000007b8
Event: 5.054 Thread 0x000002772ee09900 Uncommon trap: reason=unstable_if action=reinterpret pc=0x0000027740610b58 method=java.util.HashMap.putVal(ILjava/lang/Object;Ljava/lang/Object;ZZ)Ljava/lang/Object; @ 193 c2
Event: 5.054 Thread 0x000002772ee09900 DEOPT PACKING pc=0x0000027740610b58 sp=0x000000e1f1dfbe30
Event: 5.054 Thread 0x000002772ee09900 DEOPT UNPACKING pc=0x00000277400146a2 sp=0x000000e1f1dfbdb0 mode 2
Event: 5.085 Thread 0x000002772ee09900 Uncommon trap: trap_request=0xffffff45 fr.pc=0x00000277405ba2e0 relative=0x0000000000000400
Event: 5.085 Thread 0x000002772ee09900 Uncommon trap: reason=unstable_if action=reinterpret pc=0x00000277405ba2e0 method=java.lang.Integer.getChars(II[B)I @ 25 c2
Event: 5.085 Thread 0x000002772ee09900 DEOPT PACKING pc=0x00000277405ba2e0 sp=0x000000e1f1dfc6e0
Event: 5.085 Thread 0x000002772ee09900 DEOPT UNPACKING pc=0x00000277400146a2 sp=0x000000e1f1dfc608 mode 2
Event: 10.175 Thread 0x000002772ee09900 Uncommon trap: trap_request=0xffffff45 fr.pc=0x00000277405be928 relative=0x00000000000000e8
Event: 10.175 Thread 0x000002772ee09900 Uncommon trap: reason=unstable_if action=reinterpret pc=0x00000277405be928 method=sun.reflect.generics.parser.SignatureParser.current()C @ 39 c2
Event: 10.175 Thread 0x000002772ee09900 DEOPT PACKING pc=0x00000277405be928 sp=0x000000e1f1dfb940
Event: 10.175 Thread 0x000002772ee09900 DEOPT UNPACKING pc=0x00000277400146a2 sp=0x000000e1f1dfb8d8 mode 2
Event: 10.176 Thread 0x000002772ee09900 Uncommon trap: trap_request=0xffffff45 fr.pc=0x000002774061ab68 relative=0x0000000000000268
Event: 10.176 Thread 0x000002772ee09900 Uncommon trap: reason=unstable_if action=reinterpret pc=0x000002774061ab68 method=sun.reflect.generics.parser.SignatureParser.skipIdentifier()V @ 44 c2
Event: 10.176 Thread 0x000002772ee09900 DEOPT PACKING pc=0x000002774061ab68 sp=0x000000e1f1dfc1f0
Event: 10.176 Thread 0x000002772ee09900 DEOPT UNPACKING pc=0x00000277400146a2 sp=0x000000e1f1dfc178 mode 2

Classes loaded (20 events):
Event: 10.176 Loading class sun/reflect/generics/reflectiveObjects/TypeVariableImpl
Event: 10.176 Loading class sun/reflect/generics/reflectiveObjects/LazyReflectiveObjectGenerator
Event: 10.176 Loading class sun/reflect/generics/reflectiveObjects/LazyReflectiveObjectGenerator done
Event: 10.176 Loading class sun/reflect/generics/reflectiveObjects/TypeVariableImpl done
Event: 10.185 Loading class sun/reflect/generics/tree/BottomSignature
Event: 10.185 Loading class sun/reflect/generics/tree/BottomSignature done
Event: 10.185 Loading class sun/reflect/generics/tree/Wildcard
Event: 10.185 Loading class sun/reflect/generics/tree/Wildcard done
Event: 10.185 Loading class sun/reflect/generics/reflectiveObjects/WildcardTypeImpl
Event: 10.185 Loading class java/lang/reflect/WildcardType
Event: 10.185 Loading class java/lang/reflect/WildcardType done
Event: 10.185 Loading class sun/reflect/generics/reflectiveObjects/WildcardTypeImpl done
Event: 10.185 Loading class sun/reflect/generics/tree/TypeVariableSignature
Event: 10.185 Loading class sun/reflect/generics/tree/TypeVariableSignature done
Event: 10.188 Loading class java/util/Currency
Event: 10.188 Loading class java/util/Currency done
Event: 10.190 Loading class java/util/UUID
Event: 10.190 Loading class java/util/UUID done
Event: 10.203 Loading class java/text/ParseException
Event: 10.203 Loading class java/text/ParseException done

Classes unloaded (0 events):
No events

Classes redefined (0 events):
No events

Internal exceptions (20 events):
Event: 2.312 Thread 0x000002772ee09900 Exception <a 'java/lang/NoSuchMethodError'{0x0000000089a01af8}: 'java.lang.Object java.lang.invoke.Invokers$Holder.invokeExact_MT(java.lang.Object, java.lang.Object, java.lang.Object, java.lang.Object, java.lang.Object, java.lang.Object)'> (0x0000000089a01af8) 
thrown [s\open\src\hotspot\share\interpreter\linkResolver.cpp, line 773]
Event: 2.313 Thread 0x000002772ee09900 Exception <a 'java/lang/NoSuchMethodError'{0x0000000089a0f1e0}: 'int java.lang.invoke.DirectMethodHandle$Holder.invokeStatic(java.lang.Object, java.lang.Object, java.lang.Object, java.lang.Object, java.lang.Object)'> (0x0000000089a0f1e0) 
thrown [s\open\src\hotspot\share\interpreter\linkResolver.cpp, line 773]
Event: 2.323 Thread 0x000002772ee09900 Exception <a 'java/lang/NoSuchMethodError'{0x0000000089a62560}: 'void java.lang.invoke.DirectMethodHandle$Holder.invokeStaticInit(java.lang.Object)'> (0x0000000089a62560) 
thrown [s\open\src\hotspot\share\interpreter\linkResolver.cpp, line 773]
Event: 2.335 Thread 0x000002772ee09900 Exception <a 'java/lang/NoSuchMethodError'{0x0000000089af9738}: 'void java.lang.invoke.DirectMethodHandle$Holder.invokeStaticInit(java.lang.Object, java.lang.Object, java.lang.Object, java.lang.Object)'> (0x0000000089af9738) 
thrown [s\open\src\hotspot\share\interpreter\linkResolver.cpp, line 773]
Event: 2.343 Thread 0x000002772ee09900 Exception <a 'java/lang/NoSuchMethodError'{0x00000000899609a0}: 'int java.lang.invoke.DirectMethodHandle$Holder.invokeStaticInit(java.lang.Object, java.lang.Object)'> (0x00000000899609a0) 
thrown [s\open\src\hotspot\share\interpreter\linkResolver.cpp, line 773]
Event: 2.387 Thread 0x000002772ee09900 Exception <a 'java/lang/NoSuchMethodError'{0x00000000898c0378}: 'void java.lang.invoke.DirectMethodHandle$Holder.invokeStatic(java.lang.Object, java.lang.Object)'> (0x00000000898c0378) 
thrown [s\open\src\hotspot\share\interpreter\linkResolver.cpp, line 773]
Event: 2.441 Thread 0x000002772ee09900 Exception <a 'java/lang/ClassNotFoundException'{0x000000008965a670}: javax/smartcardio/CardPermission> (0x000000008965a670) 
thrown [s\open\src\hotspot\share\classfile\systemDictionary.cpp, line 312]
Event: 2.460 Thread 0x000002772ee09900 Exception <a 'java/io/FileNotFoundException'{0x0000000089665008}> (0x0000000089665008) 
thrown [s\open\src\hotspot\share\prims\jni.cpp, line 520]
Event: 2.478 Thread 0x000002772ee09900 Exception <a 'java/lang/NoSuchMethodError'{0x00000000896f56f8}: 'java.lang.Object java.lang.invoke.Invokers$Holder.linkToTargetMethod(java.lang.Object, long, java.lang.Object, java.lang.Object)'> (0x00000000896f56f8) 
thrown [s\open\src\hotspot\share\interpreter\linkResolver.cpp, line 773]
Event: 2.507 Thread 0x000002772ee09900 Implicit null exception at 0x00000277405d3866 to 0x00000277405d390a
Event: 2.507 Thread 0x000002772ee09900 Implicit null exception at 0x00000277405c32c0 to 0x00000277405c3342
Event: 4.611 Thread 0x000002772ee09900 Exception <a 'java/lang/NoSuchMethodError'{0x00000000892b6148}: 'int java.lang.invoke.DirectMethodHandle$Holder.invokeStaticInit(java.lang.Object, java.lang.Object, java.lang.Object)'> (0x00000000892b6148) 
thrown [s\open\src\hotspot\share\interpreter\linkResolver.cpp, line 773]
Event: 4.636 Thread 0x000002772ee09900 Exception <a 'java/lang/NoSuchMethodError'{0x00000000891c1ed0}: 'int java.lang.invoke.DirectMethodHandle$Holder.invokeInterface(java.lang.Object, java.lang.Object)'> (0x00000000891c1ed0) 
thrown [s\open\src\hotspot\share\interpreter\linkResolver.cpp, line 773]
Event: 4.658 Thread 0x000002772ee09900 Exception <a 'java/lang/NoSuchMethodError'{0x00000000890a1e50}: 'void java.lang.invoke.DirectMethodHandle$Holder.invokeStaticInit(java.lang.Object, java.lang.Object)'> (0x00000000890a1e50) 
thrown [s\open\src\hotspot\share\interpreter\linkResolver.cpp, line 773]
Event: 4.680 Thread 0x000002772ee09900 Exception <a 'java/lang/NoSuchMethodError'{0x0000000088f3de50}: 'int java.lang.invoke.DirectMethodHandle$Holder.invokeVirtual(java.lang.Object, java.lang.Object, java.lang.Object)'> (0x0000000088f3de50) 
thrown [s\open\src\hotspot\share\interpreter\linkResolver.cpp, line 773]
Event: 4.723 Thread 0x000002772ee09900 Exception <a 'java/lang/IncompatibleClassChangeError'{0x0000000088ee8f40}: Found class java.lang.Object, but interface was expected> (0x0000000088ee8f40) 
thrown [s\open\src\hotspot\share\interpreter\linkResolver.cpp, line 840]
Event: 4.759 Thread 0x000002772ee09900 Exception <a 'java/lang/NoSuchMethodError'{0x0000000088df6af8}: 'int java.lang.invoke.DirectMethodHandle$Holder.invokeSpecial(java.lang.Object, java.lang.Object, java.lang.Object, java.lang.Object)'> (0x0000000088df6af8) 
thrown [s\open\src\hotspot\share\interpreter\linkResolver.cpp, line 773]
Event: 4.763 Thread 0x000002772ee09900 Exception <a 'java/lang/NoSuchMethodError'{0x0000000088c11cb0}: 'int java.lang.invoke.DirectMethodHandle$Holder.invokeSpecial(java.lang.Object, java.lang.Object, java.lang.Object, java.lang.Object, java.lang.Object)'> (0x0000000088c11cb0) 
thrown [s\open\src\hotspot\share\interpreter\linkResolver.cpp, line 773]
Event: 4.766 Thread 0x000002772ee09900 Exception <a 'java/lang/NoSuchMethodError'{0x0000000088c1a130}: 'void java.lang.invoke.DirectMethodHandle$Holder.invokeVirtual(java.lang.Object, java.lang.Object)'> (0x0000000088c1a130) 
thrown [s\open\src\hotspot\share\interpreter\linkResolver.cpp, line 773]
Event: 5.097 Thread 0x000002772ee09900 Exception <a 'java/lang/NoSuchMethodError'{0x000000008a0ee800}: 'void java.lang.invoke.DirectMethodHandle$Holder.invokeVirtual(java.lang.Object, java.lang.Object, java.lang.Object, java.lang.Object)'> (0x000000008a0ee800) 
thrown [s\open\src\hotspot\share\interpreter\linkResolver.cpp, line 773]

ZGC Phase Switch (0 events):
No events

VM Operations (20 events):
Event: 3.415 Executing VM operation: Cleanup done
Event: 4.555 Executing VM operation: HandshakeAllThreads (Deoptimize)
Event: 4.555 Executing VM operation: HandshakeAllThreads (Deoptimize) done
Event: 4.555 Executing VM operation: Cleanup
Event: 4.555 Executing VM operation: Cleanup done
Event: 4.555 Executing VM operation: HandshakeAllThreads (Deoptimize)
Event: 4.555 Executing VM operation: HandshakeAllThreads (Deoptimize) done
Event: 4.638 Executing VM operation: HandshakeAllThreads (Deoptimize)
Event: 4.638 Executing VM operation: HandshakeAllThreads (Deoptimize) done
Event: 4.733 Executing VM operation: HandshakeAllThreads (Deoptimize)
Event: 4.733 Executing VM operation: HandshakeAllThreads (Deoptimize) done
Event: 5.044 Executing VM operation: G1CollectForAllocation (G1 Evacuation Pause)
Event: 5.050 Executing VM operation: G1CollectForAllocation (G1 Evacuation Pause) done
Event: 5.094 Executing VM operation: HandshakeAllThreads (Deoptimize)
Event: 5.094 Executing VM operation: HandshakeAllThreads (Deoptimize) done
Event: 6.107 Executing VM operation: Cleanup
Event: 6.139 Executing VM operation: Cleanup done
Event: 10.177 Executing VM operation: Cleanup
Event: 10.177 Executing VM operation: Cleanup done
Event: 11.192 Executing VM operation: Cleanup

Events (16 events):
Event: 1.124 Thread 0x000002772ee09900 Thread added: 0x000002772ee09900
Event: 1.164 Thread 0x000002774d7fba60 Thread added: 0x000002774d7fba60
Event: 1.165 Thread 0x000002774d7fc0d0 Thread added: 0x000002774d7fc0d0
Event: 1.165 Thread 0x000002774d80e0d0 Thread added: 0x000002774d80e0d0
Event: 1.166 Thread 0x000002774d80e740 Thread added: 0x000002774d80e740
Event: 1.166 Thread 0x000002774d7eb9d0 Thread added: 0x000002774d7eb9d0
Event: 1.166 Thread 0x000002774d7ee050 Thread added: 0x000002774d7ee050
Event: 1.166 Thread 0x000002774d7ee9f0 Thread added: 0x000002774d7ee9f0
Event: 1.166 Thread 0x000002774d7f10b0 Thread added: 0x000002774d7f10b0
Event: 1.195 Thread 0x000002774d9e4f70 Thread added: 0x000002774d9e4f70
Event: 1.199 Thread 0x000002774d9e67c0 Thread added: 0x000002774d9e67c0
Event: 1.672 Thread 0x00000277527fe2b0 Thread added: 0x00000277527fe2b0
Event: 1.686 Thread 0x000002774db308b0 Thread added: 0x000002774db308b0
Event: 1.754 Thread 0x0000027752245800 Thread added: 0x0000027752245800
Event: 4.869 Thread 0x0000027752245800 Thread exited: 0x0000027752245800
Event: 9.150 Thread 0x00000277530daad0 Thread added: 0x00000277530daad0


Dynamic libraries:
0x00007ff75e160000 - 0x00007ff75e170000 	D:\mailon\Java\jdk-21.0.10\bin\java.exe
0x00007ffe20340000 - 0x00007ffe205a7000 	C:\WINDOWS\SYSTEM32\ntdll.dll
0x00007ffe1f710000 - 0x00007ffe1f7d9000 	C:\WINDOWS\System32\KERNEL32.DLL
0x00007ffe1ce40000 - 0x00007ffe1d234000 	C:\WINDOWS\System32\KERNELBASE.dll
0x00007ffe1df80000 - 0x00007ffe1e0cb000 	C:\WINDOWS\System32\ucrtbase.dll
0x00007ffe175b0000 - 0x00007ffe175ce000 	D:\mailon\Java\jdk-21.0.10\bin\VCRUNTIME140.dll
0x00007ffe175d0000 - 0x00007ffe175e9000 	D:\mailon\Java\jdk-21.0.10\bin\jli.dll
0x00007ffe20240000 - 0x00007ffe202f6000 	C:\WINDOWS\System32\ADVAPI32.dll
0x00007ffe1f540000 - 0x00007ffe1f5e9000 	C:\WINDOWS\System32\msvcrt.dll
0x00007ffe1f7e0000 - 0x00007ffe1f887000 	C:\WINDOWS\System32\sechost.dll
0x00007ffe1f5f0000 - 0x00007ffe1f708000 	C:\WINDOWS\System32\RPCRT4.dll
0x00007ffe1ee10000 - 0x00007ffe1efd5000 	C:\WINDOWS\System32\USER32.dll
0x00007ffe1ce10000 - 0x00007ffe1ce37000 	C:\WINDOWS\System32\win32u.dll
0x00007ffe1f890000 - 0x00007ffe1f8bb000 	C:\WINDOWS\System32\GDI32.dll
0x00007ffe0c8f0000 - 0x00007ffe0cb83000 	C:\WINDOWS\WinSxS\amd64_microsoft.windows.common-controls_6595b64144ccf1df_6.0.26100.8115_none_3e075c82e3354f9c\COMCTL32.dll
0x00007ffe1dab0000 - 0x00007ffe1dbdb000 	C:\WINDOWS\System32\gdi32full.dll
0x00007ffe1ded0000 - 0x00007ffe1df73000 	C:\WINDOWS\System32\msvcp_win.dll
0x00007ffe16170000 - 0x00007ffe1617b000 	C:\WINDOWS\SYSTEM32\VERSION.dll
0x00007ffe1e170000 - 0x00007ffe1e1a2000 	C:\WINDOWS\System32\IMM32.DLL
0x00007ffe17510000 - 0x00007ffe1751c000 	D:\mailon\Java\jdk-21.0.10\bin\vcruntime140_1.dll
0x00007ffe02390000 - 0x00007ffe0241d000 	D:\mailon\Java\jdk-21.0.10\bin\msvcp140.dll
0x00007ffd68fa0000 - 0x00007ffd69cc7000 	D:\mailon\Java\jdk-21.0.10\bin\server\jvm.dll
0x00007ffe201b0000 - 0x00007ffe20230000 	C:\WINDOWS\System32\WS2_32.dll
0x00007ffe1ca90000 - 0x00007ffe1caee000 	C:\WINDOWS\SYSTEM32\POWRPROF.dll
0x00007ffdfca90000 - 0x00007ffdfcac6000 	C:\WINDOWS\SYSTEM32\WINMM.dll
0x00007ffe1ca70000 - 0x00007ffe1ca84000 	C:\WINDOWS\SYSTEM32\UMPDC.dll
0x00007ffe1b970000 - 0x00007ffe1b98b000 	C:\WINDOWS\SYSTEM32\kernel.appcore.dll
0x00007ffe17500000 - 0x00007ffe1750a000 	D:\mailon\Java\jdk-21.0.10\bin\jimage.dll
0x00007ffe0d0b0000 - 0x00007ffe0d2f2000 	C:\WINDOWS\SYSTEM32\DBGHELP.DLL
0x00007ffe1e7e0000 - 0x00007ffe1eb62000 	C:\WINDOWS\System32\combase.dll
0x00007ffe1f0d0000 - 0x00007ffe1f1a8000 	C:\WINDOWS\System32\OLEAUT32.dll
0x00007ffe033e0000 - 0x00007ffe0341b000 	C:\WINDOWS\SYSTEM32\dbgcore.DLL
0x00007ffe1dd60000 - 0x00007ffe1de05000 	C:\WINDOWS\System32\bcryptPrimitives.dll
0x00007ffe10450000 - 0x00007ffe10471000 	D:\mailon\Java\jdk-21.0.10\bin\java.dll
0x00007ffe1fa40000 - 0x00007ffe201a7000 	C:\WINDOWS\System32\SHELL32.dll
0x00007ffe1cc10000 - 0x00007ffe1cd7a000 	C:\WINDOWS\System32\wintypes.dll
0x00007ffe1d240000 - 0x00007ffe1daa8000 	C:\WINDOWS\System32\windows.storage.dll
0x00007ffe1f220000 - 0x00007ffe1f318000 	C:\WINDOWS\System32\SHCORE.dll
0x00007ffe1f9d0000 - 0x00007ffe1fa36000 	C:\WINDOWS\System32\shlwapi.dll
0x00007ffe1cb30000 - 0x00007ffe1cb59000 	C:\WINDOWS\SYSTEM32\profapi.dll
0x00007ffe00160000 - 0x00007ffe00237000 	D:\mailon\Java\jdk-21.0.10\bin\jsvml.dll
0x00007ffe10380000 - 0x00007ffe10391000 	D:\mailon\Java\jdk-21.0.10\bin\net.dll
0x00007ffe15b50000 - 0x00007ffe15c7d000 	C:\WINDOWS\SYSTEM32\WINHTTP.dll
0x00007ffe1bed0000 - 0x00007ffe1bf3c000 	C:\WINDOWS\system32\mswsock.dll
0x00007ffe0e890000 - 0x00007ffe0e8a6000 	D:\mailon\Java\jdk-21.0.10\bin\nio.dll
0x00007ffe0e870000 - 0x00007ffe0e888000 	D:\mailon\Java\jdk-21.0.10\bin\zip.dll
0x00007ffe174f0000 - 0x00007ffe174fa000 	D:\mailon\Java\jdk-21.0.10\bin\management.dll
0x00007ffe174b0000 - 0x00007ffe174bc000 	D:\mailon\Java\jdk-21.0.10\bin\management_ext.dll
0x00007ffe1e0d0000 - 0x00007ffe1e0d8000 	C:\WINDOWS\System32\PSAPI.DLL

dbghelp: loaded successfully - version: 4.0.5 - missing functions: none
symbol engine: initialized successfully - sym options: 0x614 - pdb path: .;D:\mailon\Java\jdk-21.0.10\bin;C:\WINDOWS\SYSTEM32;C:\WINDOWS\WinSxS\amd64_microsoft.windows.common-controls_6595b64144ccf1df_6.0.26100.8115_none_3e075c82e3354f9c;D:\mailon\Java\jdk-21.0.10\bin\server

VM Arguments:
java_command: C:\Users\Usuario\AppData\Local\Temp\surefire9327749009548963218\surefirebooter-20260423050041203_3.jar C:\Users\Usuario\AppData\Local\Temp\surefire9327749009548963218 2026-04-23T05-00-40_963-jvmRun1 surefire-20260423050041203_1tmp surefire_0-20260423050041203_2tmp
java_class_path (initial): C:\Users\Usuario\AppData\Local\Temp\surefire9327749009548963218\surefirebooter-20260423050041203_3.jar
Launcher Type: SUN_STANDARD

[Global flags]
     intx CICompilerCount                          = 4                                         {product} {ergonomic}
     uint ConcGCThreads                            = 2                                         {product} {ergonomic}
     uint G1ConcRefinementThreads                  = 8                                         {product} {ergonomic}
   size_t G1HeapRegionSize                         = 1048576                                   {product} {ergonomic}
    uintx GCDrainStackTargetSize                   = 64                                        {product} {ergonomic}
   size_t InitialHeapSize                          = 132120576                                 {product} {ergonomic}
   size_t MarkStackSize                            = 4194304                                   {product} {ergonomic}
   size_t MaxHeapSize                              = 2109734912                                {product} {ergonomic}
   size_t MaxNewSize                               = 1265631232                                {product} {ergonomic}
   size_t MinHeapDeltaBytes                        = 1048576                                   {product} {ergonomic}
   size_t MinHeapSize                              = 8388608                                   {product} {ergonomic}
    uintx NonNMethodCodeHeapSize                   = 5839372                                {pd product} {ergonomic}
    uintx NonProfiledCodeHeapSize                  = 122909434                              {pd product} {ergonomic}
    uintx ProfiledCodeHeapSize                     = 122909434                              {pd product} {ergonomic}
    uintx ReservedCodeCacheSize                    = 251658240                              {pd product} {ergonomic}
     bool SegmentedCodeCache                       = true                                      {product} {ergonomic}
   size_t SoftMaxHeapSize                          = 2109734912                             {manageable} {ergonomic}
     bool UseCompressedOops                        = true                           {product lp64_product} {ergonomic}
     bool UseG1GC                                  = true                                      {product} {ergonomic}
     bool UseLargePagesIndividualAllocation        = false                                  {pd product} {ergonomic}

Logging:
Log output configuration:
 #0: stdout all=warning uptime,level,tags foldmultilines=false
 #1: stderr all=off uptime,level,tags foldmultilines=false

Environment Variables:
JAVA_HOME=D:/mailon/Java/jdk-21.0.10
PATH=D:\Program Files\Git\mingw64\bin;D:\Program Files\Git\usr\bin;C:\Users\Usuario\bin;C:\Program Files\Common Files\Oracle\Java\javapath;C:\WINDOWS\system32;C:\WINDOWS;C:\WINDOWS\System32\Wbem;C:\WINDOWS\System32\WindowsPowerShell\v1.0;C:\WINDOWS\System32\OpenSSH;D:\Program Files\nodejs;D:\mailon\Usuario\Desktop\apache-maven-3.9.14-bin (1)\apache-maven-3.9.14\bin;D:\Program Files\Git\cmd;C:\Users\Usuario\AppData\Local\Programs\Trae\bin;D:\mailon\Usuario\Downloads\ffmpeg-8.0.1-essentials_build\ffmpeg-8.0.1-essentials_build\bin;D:\mailon\Usuario\Desktop\apache-maven-3.9.14-bin (1)\apache-maven-3.9.14\bin;C:\Users\Usuario\AppData\Roaming\npm
USERNAME=Usuario
TERM=xterm-256color
OS=Windows_NT
PROCESSOR_IDENTIFIER=Intel64 Family 6 Model 142 Stepping 12, GenuineIntel
TMP=C:\Users\Usuario\AppData\Local\Temp
TEMP=C:\Users\Usuario\AppData\Local\Temp




Periodic native trim disabled

---------------  S Y S T E M  ---------------

OS:
 Windows 11 , 64 bit Build 26100 (10.0.26100.8246)
OS uptime: 4 days 19:11 hours
Hyper-V role detected

CPU: total 8 (initial active 8) (4 cores per cpu, 2 threads per core) family 6 model 142 stepping 12 microcode 0xde, cx8, cmov, fxsr, ht, mmx, 3dnowpref, sse, sse2, sse3, ssse3, sse4.1, sse4.2, popcnt, lzcnt, tsc, tscinvbit, avx, avx2, aes, erms, clmul, bmi1, bmi2, adx, fma, vzeroupper, clflush, clflushopt, hv, rdtscp, f16c
Processor Information for all 8 processors :
  Max Mhz: 1800, Current Mhz: 1600, Mhz Limit: 1584

Memory: 4k page, system-wide physical 8040M (439M free)
TotalPageFile size 32616M (AvailPageFile size 89M)
current process WorkingSet (physical memory assigned to process): 96M, peak: 113M
current process commit charge ("private bytes"): 168M, peak: 245M

vm_info: Java HotSpot(TM) 64-Bit Server VM (21.0.10+8-LTS-217) for windows-amd64 JRE (21.0.10+8-LTS-217), built on 2025-12-18T14:59:28Z by "mach5run" with MS VC++ 17.13 (VS2022)

END.
