#
# There is insufficient memory for the Java Runtime Environment to continue.
# Native memory allocation (malloc) failed to allocate 1251200 bytes for Chunk::new
# Possible reasons:
#   The system is out of physical RAM or swap space
#   The process is running with CompressedOops enabled, and the Java Heap may be blocking the growth of the native heap
# Possible solutions:
#   Reduce memory load on the system
#   Increase physical memory or swap space
#   Check if swap backing store is full
#   Decrease Java heap size (-Xmx/-Xms)
#   Decrease number of Java threads
#   Decrease Java thread stack sizes (-Xss)
#   Set larger code cache with -XX:ReservedCodeCacheSize=
#   JVM is running with Unscaled Compressed Oops mode in which the Java heap is
#     placed in the first 4GB address space. The Java Heap base address is the
#     maximum limit for the native heap growth. Please use -XX:HeapBaseMinAddress
#     to set the Java Heap base and to place the Java Heap above 4GB virtual address.
# This output file may be truncated or incomplete.
#
#  Out of Memory Error (arena.cpp:168), pid=28336, tid=4940
#
# JRE version: Java(TM) SE Runtime Environment (21.0.10+8) (build 21.0.10+8-LTS-217)
# Java VM: Java HotSpot(TM) 64-Bit Server VM (21.0.10+8-LTS-217, mixed mode, sharing, tiered, compressed oops, compressed class ptrs, g1 gc, windows-amd64)
# No core dump will be written. Minidumps are not enabled by default on client versions of Windows
#

---------------  S U M M A R Y ------------

Command Line: --add-opens=java.base/java.lang=ALL-UNNAMED --enable-native-access=ALL-UNNAMED -Dclassworlds.conf=D:/mailon/Usuario/Desktop/apache-maven-3.9.14-bin (1)/apache-maven-3.9.14/bin/m2.conf -Dmaven.home=D:/mailon/Usuario/Desktop/apache-maven-3.9.14-bin (1)/apache-maven-3.9.14 -Dlibrary.jansi.path=D:/mailon/Usuario/Desktop/apache-maven-3.9.14-bin (1)/apache-maven-3.9.14/lib/jansi-native -Dmaven.multiModuleProjectDirectory=D:/mailon/Usuario/Desktop/Smartwallet org.codehaus.plexus.classworlds.launcher.Launcher test -Dtest=PageResponseTest

Host: Intel(R) Core(TM) i5-8265U CPU @ 1.60GHz, 8 cores, 7G,  Windows 11 , 64 bit Build 26100 (10.0.26100.8246)
Time: Thu Apr 23 04:46:02 2026 Hora oficial do Brasil elapsed time: 34.967619 seconds (0d 0h 0m 34s)

---------------  T H R E A D  ---------------

Current thread (0x0000028b5c764360):  JavaThread "C2 CompilerThread1" daemon [_thread_in_native, id=4940, stack(0x000000f08d600000,0x000000f08d700000) (1024K)]


Current CompileTask:
C2:  34967 27033       4       com.sun.tools.javac.main.DelegatingJavaFileManager::inferBinaryName (13 bytes)

Stack: [0x000000f08d600000,0x000000f08d700000]
Native frames: (J=compiled Java code, j=interpreted, Vv=VM code, C=native code)
V  [jvm.dll+0x6d0b59]
V  [jvm.dll+0x85fd56]
V  [jvm.dll+0x86224e]
V  [jvm.dll+0x862923]
V  [jvm.dll+0x282a16]
V  [jvm.dll+0xc662d]
V  [jvm.dll+0xc6b71]
V  [jvm.dll+0x3bbb5b]
V  [jvm.dll+0x387fd2]
V  [jvm.dll+0x38741a]
V  [jvm.dll+0x24b370]
V  [jvm.dll+0x24a94f]
V  [jvm.dll+0x1cacfe]
V  [jvm.dll+0x25a629]
V  [jvm.dll+0x258bb5]
V  [jvm.dll+0x3f4da1]
V  [jvm.dll+0x80a83d]
V  [jvm.dll+0x6cf3fd]
C  [ucrtbase.dll+0x37b0]
C  [KERNEL32.DLL+0x2e8d7]
C  [ntdll.dll+0x8c3fc]


---------------  P R O C E S S  ---------------

Threads class SMR info:
_java_thread_list=0x0000028b5d2987d0, length=21, elements={
0x0000028b72aa47b0, 0x0000028b116fb380, 0x0000028b116fcdf0, 0x0000028b116ffc60,
0x0000028b117007f0, 0x0000028b11701670, 0x0000028b11702e90, 0x0000028b1170b840,
0x0000028b11711d10, 0x0000028b11a0d0b0, 0x0000028b11a0dcf0, 0x0000028b58098d30,
0x0000028b58ca0410, 0x0000028b5c764360, 0x0000028b59ef3490, 0x0000028b5de45260,
0x0000028b5de44540, 0x0000028b5de458f0, 0x0000028b5de44bd0, 0x0000028b5de43eb0,
0x0000028b5de46ca0
}

Java Threads: ( => current thread )
  0x0000028b72aa47b0 JavaThread "main"                              [_thread_in_native, id=11584, stack(0x000000f08c400000,0x000000f08c500000) (1024K)]
  0x0000028b116fb380 JavaThread "Reference Handler"          daemon [_thread_blocked, id=23080, stack(0x000000f08cc00000,0x000000f08cd00000) (1024K)]
  0x0000028b116fcdf0 JavaThread "Finalizer"                  daemon [_thread_blocked, id=17008, stack(0x000000f08cd00000,0x000000f08ce00000) (1024K)]
  0x0000028b116ffc60 JavaThread "Signal Dispatcher"          daemon [_thread_blocked, id=29832, stack(0x000000f08ce00000,0x000000f08cf00000) (1024K)]
  0x0000028b117007f0 JavaThread "Attach Listener"            daemon [_thread_blocked, id=24616, stack(0x000000f08cf00000,0x000000f08d000000) (1024K)]
  0x0000028b11701670 JavaThread "Service Thread"             daemon [_thread_blocked, id=8012, stack(0x000000f08d000000,0x000000f08d100000) (1024K)]
  0x0000028b11702e90 JavaThread "Monitor Deflation Thread"   daemon [_thread_blocked, id=28288, stack(0x000000f08d100000,0x000000f08d200000) (1024K)]
  0x0000028b1170b840 JavaThread "C2 CompilerThread0"         daemon [_thread_in_native, id=21800, stack(0x000000f08d200000,0x000000f08d300000) (1024K)]
  0x0000028b11711d10 JavaThread "C1 CompilerThread0"         daemon [_thread_blocked, id=24648, stack(0x000000f08d300000,0x000000f08d400000) (1024K)]
  0x0000028b11a0d0b0 JavaThread "Notification Thread"        daemon [_thread_blocked, id=26704, stack(0x000000f08d400000,0x000000f08d500000) (1024K)]
  0x0000028b11a0dcf0 JavaThread "Common-Cleaner"             daemon [_thread_blocked, id=7088, stack(0x000000f08d500000,0x000000f08d600000) (1024K)]
  0x0000028b58098d30 JavaThread "Thread-1"                   daemon [_thread_blocked, id=26956, stack(0x000000f08df00000,0x000000f08e000000) (1024K)]
  0x0000028b58ca0410 JavaThread "resolver-1"                 daemon [_thread_blocked, id=20068, stack(0x000000f08e100000,0x000000f08e200000) (1024K)]
=>0x0000028b5c764360 JavaThread "C2 CompilerThread1"         daemon [_thread_in_native, id=4940, stack(0x000000f08d600000,0x000000f08d700000) (1024K)]
  0x0000028b59ef3490 JavaThread "resolver-2"                 daemon [_thread_blocked, id=27344, stack(0x000000f08e000000,0x000000f08e100000) (1024K)]
  0x0000028b5de45260 JavaThread "timeout-check-timer"        daemon [_thread_blocked, id=24140, stack(0x000000f08e200000,0x000000f08e300000) (1024K)]
  0x0000028b5de44540 JavaThread "ping-timer-10s"             daemon [_thread_blocked, id=30504, stack(0x000000f08e300000,0x000000f08e400000) (1024K)]
  0x0000028b5de458f0 JavaThread "ThreadedStreamConsumer"     daemon [_thread_blocked, id=10748, stack(0x000000f08e400000,0x000000f08e500000) (1024K)]
  0x0000028b5de44bd0 JavaThread "fork-1-err-thread"          daemon [_thread_in_native, id=30164, stack(0x000000f08e500000,0x000000f08e600000) (1024K)]
  0x0000028b5de43eb0 JavaThread "commands-fork-1"            daemon [_thread_blocked, id=29492, stack(0x000000f08e600000,0x000000f08e700000) (1024K)]
  0x0000028b5de46ca0 JavaThread "fork-1-event-thread"        daemon [_thread_in_native, id=24284, stack(0x000000f08e700000,0x000000f08e800000) (1024K)]
Total: 21

Other Threads:
  0x0000028b116dfe90 VMThread "VM Thread"                           [id=5076, stack(0x000000f08cb00000,0x000000f08cc00000) (1024K)]
  0x0000028b116c09a0 WatcherThread "VM Periodic Task Thread"        [id=28388, stack(0x000000f08ca00000,0x000000f08cb00000) (1024K)]
  0x0000028b74d4f2e0 WorkerThread "GC Thread#0"                     [id=24636, stack(0x000000f08c500000,0x000000f08c600000) (1024K)]
  0x0000028b57d21bb0 WorkerThread "GC Thread#1"                     [id=21096, stack(0x000000f08d800000,0x000000f08d900000) (1024K)]
  0x0000028b57d21f60 WorkerThread "GC Thread#2"                     [id=26896, stack(0x000000f08d900000,0x000000f08da00000) (1024K)]
  0x0000028b57d18820 WorkerThread "GC Thread#3"                     [id=23804, stack(0x000000f08da00000,0x000000f08db00000) (1024K)]
  0x0000028b57d18bd0 WorkerThread "GC Thread#4"                     [id=24084, stack(0x000000f08db00000,0x000000f08dc00000) (1024K)]
  0x0000028b57e80df0 WorkerThread "GC Thread#5"                     [id=30012, stack(0x000000f08dc00000,0x000000f08dd00000) (1024K)]
  0x0000028b57e819b0 WorkerThread "GC Thread#6"                     [id=20592, stack(0x000000f08dd00000,0x000000f08de00000) (1024K)]
  0x0000028b57b075b0 WorkerThread "GC Thread#7"                     [id=18748, stack(0x000000f08de00000,0x000000f08df00000) (1024K)]
  0x0000028b74d5fd60 ConcurrentGCThread "G1 Main Marker"            [id=4692, stack(0x000000f08c600000,0x000000f08c700000) (1024K)]
  0x0000028b74d60780 WorkerThread "G1 Conc#0"                       [id=11668, stack(0x000000f08c700000,0x000000f08c800000) (1024K)]
  0x0000028b586750e0 WorkerThread "G1 Conc#1"                       [id=25980, stack(0x000000f08d700000,0x000000f08d800000) (1024K)]
  0x0000028b74dbe910 ConcurrentGCThread "G1 Refine#0"               [id=14456, stack(0x000000f08c800000,0x000000f08c900000) (1024K)]
  0x0000028b11593570 ConcurrentGCThread "G1 Service"                [id=9832, stack(0x000000f08c900000,0x000000f08ca00000) (1024K)]
Total: 15

Threads with active compile tasks:
C2 CompilerThread0    35214 28497       4       com.sun.tools.javac.comp.Resolve$MethodResultInfo::check (95 bytes)
C2 CompilerThread1    35214 27033       4       com.sun.tools.javac.main.DelegatingJavaFileManager::inferBinaryName (13 bytes)
Total: 2

VM state: not at safepoint (normal execution)

VM Mutex/Monitor currently owned by a thread: None

Heap address: 0x0000000082400000, size: 2012 MB, Compressed Oops mode: 32-bit

CDS archive(s) mapped at: [0x0000028b12000000-0x0000028b12c90000-0x0000028b12c90000), size 13172736, SharedBaseAddress: 0x0000028b12000000, ArchiveRelocationMode: 1.
Compressed class space mapped at: 0x0000028b13000000-0x0000028b53000000, reserved size: 1073741824
Narrow klass base: 0x0000028b12000000, Narrow klass shift: 0, Narrow klass range: 0x100000000

GC Precious Log:
 CardTable entry size: 512
 Card Set container configuration: InlinePtr #cards 5 size 8 Array Of Cards #cards 12 size 40 Howl #buckets 4 coarsen threshold 1843 Howl Bitmap #cards 512 size 80 coarsen threshold 460 Card regions per heap region 1 cards per card region 2048
 CPUs: 8 total, 8 available
 Memory: 8040M
 Large Page Support: Disabled
 NUMA Support: Disabled
 Compressed Oops: Enabled (32-bit)
 Heap Region Size: 1M
 Heap Min Capacity: 8M
 Heap Initial Capacity: 126M
 Heap Max Capacity: 2012M
 Pre-touch: Disabled
 Parallel Workers: 8
 Concurrent Workers: 2
 Concurrent Refinement Workers: 8
 Periodic GC: Disabled

Heap:
 garbage-first heap   total 237568K, used 141398K [0x0000000082400000, 0x0000000100000000)
  region size 1024K, 26 young (26624K), 5 survivors (5120K)
 Metaspace       used 114346K, committed 115584K, reserved 1179648K
  class space    used 12213K, committed 12800K, reserved 1048576K

Heap Regions: E=young(eden), S=young(survivor), O=old, HS=humongous(starts), HC=humongous(continues), CS=collection set, F=free, TAMS=top-at-mark-start, PB=parsable bottom
|   0|0x0000000082400000, 0x0000000082500000, 0x0000000082500000|100%| O|  |TAMS 0x0000000082400000| PB 0x0000000082400000| Untracked 
|   1|0x0000000082500000, 0x0000000082600000, 0x0000000082600000|100%| O|  |TAMS 0x0000000082500000| PB 0x0000000082500000| Untracked 
|   2|0x0000000082600000, 0x0000000082700000, 0x0000000082700000|100%| O|  |TAMS 0x0000000082600000| PB 0x0000000082600000| Untracked 
|   3|0x0000000082700000, 0x0000000082800000, 0x0000000082800000|100%| O|  |TAMS 0x0000000082700000| PB 0x0000000082700000| Untracked 
|   4|0x0000000082800000, 0x0000000082900000, 0x0000000082900000|100%| O|  |TAMS 0x0000000082800000| PB 0x0000000082800000| Untracked 
|   5|0x0000000082900000, 0x0000000082a00000, 0x0000000082a00000|100%| O|  |TAMS 0x0000000082900000| PB 0x0000000082900000| Untracked 
|   6|0x0000000082a00000, 0x0000000082b00000, 0x0000000082b00000|100%| O|  |TAMS 0x0000000082a00000| PB 0x0000000082a00000| Untracked 
|   7|0x0000000082b00000, 0x0000000082c00000, 0x0000000082c00000|100%| O|  |TAMS 0x0000000082b00000| PB 0x0000000082b00000| Untracked 
|   8|0x0000000082c00000, 0x0000000082d00000, 0x0000000082d00000|100%| O|  |TAMS 0x0000000082c00000| PB 0x0000000082c00000| Untracked 
|   9|0x0000000082d00000, 0x0000000082e00000, 0x0000000082e00000|100%| O|  |TAMS 0x0000000082d00000| PB 0x0000000082d00000| Untracked 
|  10|0x0000000082e00000, 0x0000000082f00000, 0x0000000082f00000|100%| O|  |TAMS 0x0000000082e00000| PB 0x0000000082e00000| Untracked 
|  11|0x0000000082f00000, 0x0000000083000000, 0x0000000083000000|100%| O|  |TAMS 0x0000000082f00000| PB 0x0000000082f00000| Untracked 
|  12|0x0000000083000000, 0x0000000083100000, 0x0000000083100000|100%| O|  |TAMS 0x0000000083000000| PB 0x0000000083000000| Untracked 
|  13|0x0000000083100000, 0x0000000083200000, 0x0000000083200000|100%| O|  |TAMS 0x0000000083100000| PB 0x0000000083100000| Untracked 
|  14|0x0000000083200000, 0x0000000083300000, 0x0000000083300000|100%| O|  |TAMS 0x0000000083200000| PB 0x0000000083200000| Untracked 
|  15|0x0000000083300000, 0x0000000083400000, 0x0000000083400000|100%| O|  |TAMS 0x0000000083300000| PB 0x0000000083300000| Untracked 
|  16|0x0000000083400000, 0x0000000083500000, 0x0000000083500000|100%| O|  |TAMS 0x0000000083400000| PB 0x0000000083400000| Untracked 
|  17|0x0000000083500000, 0x0000000083600000, 0x0000000083600000|100%| O|  |TAMS 0x0000000083500000| PB 0x0000000083500000| Untracked 
|  18|0x0000000083600000, 0x0000000083700000, 0x0000000083700000|100%| O|  |TAMS 0x0000000083600000| PB 0x0000000083600000| Untracked 
|  19|0x0000000083700000, 0x0000000083800000, 0x0000000083800000|100%| O|  |TAMS 0x0000000083700000| PB 0x0000000083700000| Untracked 
|  20|0x0000000083800000, 0x0000000083900000, 0x0000000083900000|100%| O|  |TAMS 0x0000000083800000| PB 0x0000000083800000| Untracked 
|  21|0x0000000083900000, 0x0000000083a00000, 0x0000000083a00000|100%| O|Cm|TAMS 0x0000000083900000| PB 0x0000000083900000| Complete 
|  22|0x0000000083a00000, 0x0000000083b00000, 0x0000000083b00000|100%| O|  |TAMS 0x0000000083a00000| PB 0x0000000083a00000| Untracked 
|  23|0x0000000083b00000, 0x0000000083c00000, 0x0000000083c00000|100%| O|  |TAMS 0x0000000083b00000| PB 0x0000000083b00000| Untracked 
|  24|0x0000000083c00000, 0x0000000083d00000, 0x0000000083d00000|100%| O|  |TAMS 0x0000000083c00000| PB 0x0000000083c00000| Untracked 
|  25|0x0000000083d00000, 0x0000000083e00000, 0x0000000083e00000|100%| O|Cm|TAMS 0x0000000083d00000| PB 0x0000000083d00000| Complete 
|  26|0x0000000083e00000, 0x0000000083f00000, 0x0000000083f00000|100%| O|Cm|TAMS 0x0000000083e00000| PB 0x0000000083e00000| Complete 
|  27|0x0000000083f00000, 0x0000000084000000, 0x0000000084000000|100%| O|  |TAMS 0x0000000083f00000| PB 0x0000000083f00000| Untracked 
|  28|0x0000000084000000, 0x0000000084100000, 0x0000000084100000|100%| O|  |TAMS 0x0000000084000000| PB 0x0000000084000000| Untracked 
|  29|0x0000000084100000, 0x0000000084200000, 0x0000000084200000|100%| O|  |TAMS 0x0000000084100000| PB 0x0000000084100000| Untracked 
|  30|0x0000000084200000, 0x0000000084300000, 0x0000000084300000|100%| O|  |TAMS 0x0000000084200000| PB 0x0000000084200000| Untracked 
|  31|0x0000000084300000, 0x0000000084400000, 0x0000000084400000|100%| O|  |TAMS 0x0000000084300000| PB 0x0000000084300000| Untracked 
|  32|0x0000000084400000, 0x0000000084500000, 0x0000000084500000|100%| O|  |TAMS 0x0000000084400000| PB 0x0000000084400000| Untracked 
|  33|0x0000000084500000, 0x0000000084600000, 0x0000000084600000|100%| O|  |TAMS 0x0000000084500000| PB 0x0000000084500000| Untracked 
|  34|0x0000000084600000, 0x0000000084700000, 0x0000000084700000|100%| O|  |TAMS 0x0000000084600000| PB 0x0000000084600000| Untracked 
|  35|0x0000000084700000, 0x0000000084800000, 0x0000000084800000|100%| O|  |TAMS 0x0000000084700000| PB 0x0000000084700000| Untracked 
|  36|0x0000000084800000, 0x0000000084900000, 0x0000000084900000|100%| O|Cm|TAMS 0x0000000084800000| PB 0x0000000084800000| Complete 
|  37|0x0000000084900000, 0x0000000084a00000, 0x0000000084a00000|100%| O|Cm|TAMS 0x0000000084900000| PB 0x0000000084900000| Complete 
|  38|0x0000000084a00000, 0x0000000084b00000, 0x0000000084b00000|100%| O|Cm|TAMS 0x0000000084a00000| PB 0x0000000084a00000| Complete 
|  39|0x0000000084b00000, 0x0000000084c00000, 0x0000000084c00000|100%| O|  |TAMS 0x0000000084b00000| PB 0x0000000084b00000| Untracked 
|  40|0x0000000084c00000, 0x0000000084d00000, 0x0000000084d00000|100%| O|Cm|TAMS 0x0000000084c00000| PB 0x0000000084c00000| Complete 
|  41|0x0000000084d00000, 0x0000000084e00000, 0x0000000084e00000|100%| O|Cm|TAMS 0x0000000084d00000| PB 0x0000000084d00000| Complete 
|  42|0x0000000084e00000, 0x0000000084f00000, 0x0000000084f00000|100%| O|Cm|TAMS 0x0000000084e00000| PB 0x0000000084e00000| Complete 
|  43|0x0000000084f00000, 0x0000000085000000, 0x0000000085000000|100%| O|Cm|TAMS 0x0000000084f00000| PB 0x0000000084f00000| Complete 
|  44|0x0000000085000000, 0x0000000085100000, 0x0000000085100000|100%| O|Cm|TAMS 0x0000000085000000| PB 0x0000000085000000| Complete 
|  45|0x0000000085100000, 0x0000000085200000, 0x0000000085200000|100%| O|  |TAMS 0x0000000085100000| PB 0x0000000085100000| Untracked 
|  46|0x0000000085200000, 0x0000000085300000, 0x0000000085300000|100%| O|Cm|TAMS 0x0000000085200000| PB 0x0000000085200000| Complete 
|  47|0x0000000085300000, 0x0000000085400000, 0x0000000085400000|100%| O|  |TAMS 0x0000000085300000| PB 0x0000000085300000| Untracked 
|  48|0x0000000085400000, 0x0000000085500000, 0x0000000085500000|100%| O|  |TAMS 0x0000000085400000| PB 0x0000000085400000| Untracked 
|  49|0x0000000085500000, 0x0000000085600000, 0x0000000085600000|100%| O|Cm|TAMS 0x0000000085500000| PB 0x0000000085500000| Complete 
|  50|0x0000000085600000, 0x0000000085700000, 0x0000000085700000|100%| O|Cm|TAMS 0x0000000085600000| PB 0x0000000085600000| Complete 
|  51|0x0000000085700000, 0x0000000085800000, 0x0000000085800000|100%| O|Cm|TAMS 0x0000000085700000| PB 0x0000000085700000| Complete 
|  52|0x0000000085800000, 0x0000000085900000, 0x0000000085900000|100%| O|Cm|TAMS 0x0000000085800000| PB 0x0000000085800000| Complete 
|  53|0x0000000085900000, 0x0000000085a00000, 0x0000000085a00000|100%| O|  |TAMS 0x0000000085900000| PB 0x0000000085900000| Untracked 
|  54|0x0000000085a00000, 0x0000000085b00000, 0x0000000085b00000|100%| O|  |TAMS 0x0000000085a00000| PB 0x0000000085a00000| Untracked 
|  55|0x0000000085b00000, 0x0000000085c00000, 0x0000000085c00000|100%| O|Cm|TAMS 0x0000000085b00000| PB 0x0000000085b00000| Complete 
|  56|0x0000000085c00000, 0x0000000085d00000, 0x0000000085d00000|100%|HS|  |TAMS 0x0000000085c00000| PB 0x0000000085c00000| Complete 
|  57|0x0000000085d00000, 0x0000000085e00000, 0x0000000085e00000|100%| O|Cm|TAMS 0x0000000085d00000| PB 0x0000000085d00000| Complete 
|  58|0x0000000085e00000, 0x0000000085f00000, 0x0000000085f00000|100%| O|  |TAMS 0x0000000085e00000| PB 0x0000000085e00000| Untracked 
|  59|0x0000000085f00000, 0x0000000086000000, 0x0000000086000000|100%| O|Cm|TAMS 0x0000000085f00000| PB 0x0000000085f00000| Complete 
|  60|0x0000000086000000, 0x0000000086100000, 0x0000000086100000|100%| O|Cm|TAMS 0x0000000086000000| PB 0x0000000086000000| Complete 
|  61|0x0000000086100000, 0x0000000086200000, 0x0000000086200000|100%| O|  |TAMS 0x0000000086100000| PB 0x0000000086100000| Untracked 
|  62|0x0000000086200000, 0x0000000086300000, 0x0000000086300000|100%| O|  |TAMS 0x0000000086200000| PB 0x0000000086200000| Untracked 
|  63|0x0000000086300000, 0x0000000086400000, 0x0000000086400000|100%|HS|  |TAMS 0x0000000086300000| PB 0x0000000086300000| Complete 
|  64|0x0000000086400000, 0x0000000086500000, 0x0000000086500000|100%|HC|  |TAMS 0x0000000086400000| PB 0x0000000086400000| Complete 
|  65|0x0000000086500000, 0x0000000086600000, 0x0000000086600000|100%|HC|  |TAMS 0x0000000086500000| PB 0x0000000086500000| Complete 
|  66|0x0000000086600000, 0x0000000086700000, 0x0000000086700000|100%|HC|  |TAMS 0x0000000086600000| PB 0x0000000086600000| Complete 
|  67|0x0000000086700000, 0x0000000086800000, 0x0000000086800000|100%| O|  |TAMS 0x0000000086700000| PB 0x0000000086700000| Untracked 
|  68|0x0000000086800000, 0x0000000086900000, 0x0000000086900000|100%| O|  |TAMS 0x0000000086800000| PB 0x0000000086800000| Untracked 
|  69|0x0000000086900000, 0x0000000086a00000, 0x0000000086a00000|100%| O|  |TAMS 0x0000000086900000| PB 0x0000000086900000| Untracked 
|  70|0x0000000086a00000, 0x0000000086b00000, 0x0000000086b00000|100%| O|  |TAMS 0x0000000086a00000| PB 0x0000000086a00000| Untracked 
|  71|0x0000000086b00000, 0x0000000086c00000, 0x0000000086c00000|100%| O|Cm|TAMS 0x0000000086b00000| PB 0x0000000086b00000| Complete 
|  72|0x0000000086c00000, 0x0000000086d00000, 0x0000000086d00000|100%| O|Cm|TAMS 0x0000000086c00000| PB 0x0000000086c00000| Complete 
|  73|0x0000000086d00000, 0x0000000086e00000, 0x0000000086e00000|100%| O|  |TAMS 0x0000000086d00000| PB 0x0000000086d00000| Untracked 
|  74|0x0000000086e00000, 0x0000000086f00000, 0x0000000086f00000|100%| O|Cm|TAMS 0x0000000086e00000| PB 0x0000000086e00000| Complete 
|  75|0x0000000086f00000, 0x0000000087000000, 0x0000000087000000|100%| O|  |TAMS 0x0000000086f00000| PB 0x0000000086f00000| Untracked 
|  76|0x0000000087000000, 0x0000000087100000, 0x0000000087100000|100%| O|  |TAMS 0x0000000087000000| PB 0x0000000087000000| Untracked 
|  77|0x0000000087100000, 0x0000000087200000, 0x0000000087200000|100%| O|  |TAMS 0x0000000087100000| PB 0x0000000087100000| Untracked 
|  78|0x0000000087200000, 0x0000000087300000, 0x0000000087300000|100%| O|  |TAMS 0x0000000087200000| PB 0x0000000087200000| Untracked 
|  79|0x0000000087300000, 0x0000000087400000, 0x0000000087400000|100%|HS|  |TAMS 0x0000000087300000| PB 0x0000000087300000| Complete 
|  80|0x0000000087400000, 0x0000000087500000, 0x0000000087500000|100%|HC|  |TAMS 0x0000000087400000| PB 0x0000000087400000| Complete 
|  81|0x0000000087500000, 0x0000000087600000, 0x0000000087600000|100%|HC|  |TAMS 0x0000000087500000| PB 0x0000000087500000| Complete 
|  82|0x0000000087600000, 0x0000000087600000, 0x0000000087700000|  0%| F|  |TAMS 0x0000000087600000| PB 0x0000000087600000| Untracked 
|  83|0x0000000087700000, 0x0000000087800000, 0x0000000087800000|100%| O|  |TAMS 0x0000000087700000| PB 0x0000000087700000| Untracked 
|  84|0x0000000087800000, 0x0000000087900000, 0x0000000087900000|100%| O|  |TAMS 0x0000000087800000| PB 0x0000000087800000| Untracked 
|  85|0x0000000087900000, 0x0000000087a00000, 0x0000000087a00000|100%| O|  |TAMS 0x0000000087900000| PB 0x0000000087900000| Untracked 
|  86|0x0000000087a00000, 0x0000000087b00000, 0x0000000087b00000|100%| O|  |TAMS 0x0000000087a00000| PB 0x0000000087a00000| Untracked 
|  87|0x0000000087b00000, 0x0000000087c00000, 0x0000000087c00000|100%| O|  |TAMS 0x0000000087b00000| PB 0x0000000087b00000| Untracked 
|  88|0x0000000087c00000, 0x0000000087c80000, 0x0000000087d00000| 50%| O|  |TAMS 0x0000000087c00000| PB 0x0000000087c00000| Untracked 
|  89|0x0000000087d00000, 0x0000000087e00000, 0x0000000087e00000|100%| O|  |TAMS 0x0000000087d00000| PB 0x0000000087d00000| Untracked 
|  90|0x0000000087e00000, 0x0000000087f00000, 0x0000000087f00000|100%| O|  |TAMS 0x0000000087e00000| PB 0x0000000087e00000| Untracked 
|  91|0x0000000087f00000, 0x0000000088000000, 0x0000000088000000|100%| O|  |TAMS 0x0000000087f00000| PB 0x0000000087f00000| Untracked 
|  92|0x0000000088000000, 0x0000000088100000, 0x0000000088100000|100%| O|  |TAMS 0x0000000088000000| PB 0x0000000088000000| Untracked 
|  93|0x0000000088100000, 0x0000000088200000, 0x0000000088200000|100%| O|  |TAMS 0x0000000088100000| PB 0x0000000088100000| Untracked 
|  94|0x0000000088200000, 0x0000000088300000, 0x0000000088300000|100%| O|  |TAMS 0x0000000088200000| PB 0x0000000088200000| Untracked 
|  95|0x0000000088300000, 0x0000000088400000, 0x0000000088400000|100%| O|  |TAMS 0x0000000088300000| PB 0x0000000088300000| Untracked 
|  96|0x0000000088400000, 0x0000000088500000, 0x0000000088500000|100%| O|Cm|TAMS 0x0000000088400000| PB 0x0000000088400000| Complete 
|  97|0x0000000088500000, 0x0000000088500000, 0x0000000088600000|  0%| F|  |TAMS 0x0000000088500000| PB 0x0000000088500000| Untracked 
|  98|0x0000000088600000, 0x0000000088700000, 0x0000000088700000|100%| O|Cm|TAMS 0x0000000088600000| PB 0x0000000088600000| Complete 
|  99|0x0000000088700000, 0x0000000088800000, 0x0000000088800000|100%| O|Cm|TAMS 0x0000000088700000| PB 0x0000000088700000| Complete 
| 100|0x0000000088800000, 0x0000000088900000, 0x0000000088900000|100%| O|  |TAMS 0x0000000088800000| PB 0x0000000088800000| Untracked 
| 101|0x0000000088900000, 0x0000000088900000, 0x0000000088a00000|  0%| F|  |TAMS 0x0000000088900000| PB 0x0000000088900000| Untracked 
| 102|0x0000000088a00000, 0x0000000088a00000, 0x0000000088b00000|  0%| F|  |TAMS 0x0000000088a00000| PB 0x0000000088a00000| Untracked 
| 103|0x0000000088b00000, 0x0000000088b00000, 0x0000000088c00000|  0%| F|  |TAMS 0x0000000088b00000| PB 0x0000000088b00000| Untracked 
| 104|0x0000000088c00000, 0x0000000088c00000, 0x0000000088d00000|  0%| F|  |TAMS 0x0000000088c00000| PB 0x0000000088c00000| Untracked 
| 105|0x0000000088d00000, 0x0000000088d00000, 0x0000000088e00000|  0%| F|  |TAMS 0x0000000088d00000| PB 0x0000000088d00000| Untracked 
| 106|0x0000000088e00000, 0x0000000088e00000, 0x0000000088f00000|  0%| F|  |TAMS 0x0000000088e00000| PB 0x0000000088e00000| Untracked 
| 107|0x0000000088f00000, 0x0000000088f00000, 0x0000000089000000|  0%| F|  |TAMS 0x0000000088f00000| PB 0x0000000088f00000| Untracked 
| 108|0x0000000089000000, 0x0000000089000000, 0x0000000089100000|  0%| F|  |TAMS 0x0000000089000000| PB 0x0000000089000000| Untracked 
| 109|0x0000000089100000, 0x0000000089100000, 0x0000000089200000|  0%| F|  |TAMS 0x0000000089100000| PB 0x0000000089100000| Untracked 
| 110|0x0000000089200000, 0x0000000089200000, 0x0000000089300000|  0%| F|  |TAMS 0x0000000089200000| PB 0x0000000089200000| Untracked 
| 111|0x0000000089300000, 0x0000000089300000, 0x0000000089400000|  0%| F|  |TAMS 0x0000000089300000| PB 0x0000000089300000| Untracked 
| 112|0x0000000089400000, 0x0000000089400000, 0x0000000089500000|  0%| F|  |TAMS 0x0000000089400000| PB 0x0000000089400000| Untracked 
| 113|0x0000000089500000, 0x0000000089500000, 0x0000000089600000|  0%| F|  |TAMS 0x0000000089500000| PB 0x0000000089500000| Untracked 
| 114|0x0000000089600000, 0x0000000089600000, 0x0000000089700000|  0%| F|  |TAMS 0x0000000089600000| PB 0x0000000089600000| Untracked 
| 115|0x0000000089700000, 0x0000000089700000, 0x0000000089800000|  0%| F|  |TAMS 0x0000000089700000| PB 0x0000000089700000| Untracked 
| 116|0x0000000089800000, 0x0000000089800000, 0x0000000089900000|  0%| F|  |TAMS 0x0000000089800000| PB 0x0000000089800000| Untracked 
| 117|0x0000000089900000, 0x0000000089900000, 0x0000000089a00000|  0%| F|  |TAMS 0x0000000089900000| PB 0x0000000089900000| Untracked 
| 118|0x0000000089a00000, 0x0000000089a00000, 0x0000000089b00000|  0%| F|  |TAMS 0x0000000089a00000| PB 0x0000000089a00000| Untracked 
| 119|0x0000000089b00000, 0x0000000089b00000, 0x0000000089c00000|  0%| F|  |TAMS 0x0000000089b00000| PB 0x0000000089b00000| Untracked 
| 120|0x0000000089c00000, 0x0000000089c00000, 0x0000000089d00000|  0%| F|  |TAMS 0x0000000089c00000| PB 0x0000000089c00000| Untracked 
| 121|0x0000000089d00000, 0x0000000089d00000, 0x0000000089e00000|  0%| F|  |TAMS 0x0000000089d00000| PB 0x0000000089d00000| Untracked 
| 122|0x0000000089e00000, 0x0000000089e00000, 0x0000000089f00000|  0%| F|  |TAMS 0x0000000089e00000| PB 0x0000000089e00000| Untracked 
| 123|0x0000000089f00000, 0x0000000089f00000, 0x000000008a000000|  0%| F|  |TAMS 0x0000000089f00000| PB 0x0000000089f00000| Untracked 
| 124|0x000000008a000000, 0x000000008a000000, 0x000000008a100000|  0%| F|  |TAMS 0x000000008a000000| PB 0x000000008a000000| Untracked 
| 125|0x000000008a100000, 0x000000008a100000, 0x000000008a200000|  0%| F|  |TAMS 0x000000008a100000| PB 0x000000008a100000| Untracked 
| 126|0x000000008a200000, 0x000000008a200000, 0x000000008a300000|  0%| F|  |TAMS 0x000000008a200000| PB 0x000000008a200000| Untracked 
| 127|0x000000008a300000, 0x000000008a300000, 0x000000008a400000|  0%| F|  |TAMS 0x000000008a300000| PB 0x000000008a300000| Untracked 
| 128|0x000000008a400000, 0x000000008a400000, 0x000000008a500000|  0%| F|  |TAMS 0x000000008a400000| PB 0x000000008a400000| Untracked 
| 129|0x000000008a500000, 0x000000008a500000, 0x000000008a600000|  0%| F|  |TAMS 0x000000008a500000| PB 0x000000008a500000| Untracked 
| 130|0x000000008a600000, 0x000000008a600000, 0x000000008a700000|  0%| F|  |TAMS 0x000000008a600000| PB 0x000000008a600000| Untracked 
| 131|0x000000008a700000, 0x000000008a700000, 0x000000008a800000|  0%| F|  |TAMS 0x000000008a700000| PB 0x000000008a700000| Untracked 
| 132|0x000000008a800000, 0x000000008a800000, 0x000000008a900000|  0%| F|  |TAMS 0x000000008a800000| PB 0x000000008a800000| Untracked 
| 133|0x000000008a900000, 0x000000008a900000, 0x000000008aa00000|  0%| F|  |TAMS 0x000000008a900000| PB 0x000000008a900000| Untracked 
| 134|0x000000008aa00000, 0x000000008aa00000, 0x000000008ab00000|  0%| F|  |TAMS 0x000000008aa00000| PB 0x000000008aa00000| Untracked 
| 135|0x000000008ab00000, 0x000000008ab00000, 0x000000008ac00000|  0%| F|  |TAMS 0x000000008ab00000| PB 0x000000008ab00000| Untracked 
| 136|0x000000008ac00000, 0x000000008ac00000, 0x000000008ad00000|  0%| F|  |TAMS 0x000000008ac00000| PB 0x000000008ac00000| Untracked 
| 137|0x000000008ad00000, 0x000000008ad00000, 0x000000008ae00000|  0%| F|  |TAMS 0x000000008ad00000| PB 0x000000008ad00000| Untracked 
| 138|0x000000008ae00000, 0x000000008ae00000, 0x000000008af00000|  0%| F|  |TAMS 0x000000008ae00000| PB 0x000000008ae00000| Untracked 
| 139|0x000000008af00000, 0x000000008af00000, 0x000000008b000000|  0%| F|  |TAMS 0x000000008af00000| PB 0x000000008af00000| Untracked 
| 140|0x000000008b000000, 0x000000008b000000, 0x000000008b100000|  0%| F|  |TAMS 0x000000008b000000| PB 0x000000008b000000| Untracked 
| 141|0x000000008b100000, 0x000000008b100000, 0x000000008b200000|  0%| F|  |TAMS 0x000000008b100000| PB 0x000000008b100000| Untracked 
| 142|0x000000008b200000, 0x000000008b200000, 0x000000008b300000|  0%| F|  |TAMS 0x000000008b200000| PB 0x000000008b200000| Untracked 
| 143|0x000000008b300000, 0x000000008b300000, 0x000000008b400000|  0%| F|  |TAMS 0x000000008b300000| PB 0x000000008b300000| Untracked 
| 144|0x000000008b400000, 0x000000008b400000, 0x000000008b500000|  0%| F|  |TAMS 0x000000008b400000| PB 0x000000008b400000| Untracked 
| 145|0x000000008b500000, 0x000000008b500000, 0x000000008b600000|  0%| F|  |TAMS 0x000000008b500000| PB 0x000000008b500000| Untracked 
| 146|0x000000008b600000, 0x000000008b600000, 0x000000008b700000|  0%| F|  |TAMS 0x000000008b600000| PB 0x000000008b600000| Untracked 
| 147|0x000000008b700000, 0x000000008b700000, 0x000000008b800000|  0%| F|  |TAMS 0x000000008b700000| PB 0x000000008b700000| Untracked 
| 148|0x000000008b800000, 0x000000008b800000, 0x000000008b900000|  0%| F|  |TAMS 0x000000008b800000| PB 0x000000008b800000| Untracked 
| 149|0x000000008b900000, 0x000000008b900000, 0x000000008ba00000|  0%| F|  |TAMS 0x000000008b900000| PB 0x000000008b900000| Untracked 
| 150|0x000000008ba00000, 0x000000008ba00000, 0x000000008bb00000|  0%| F|  |TAMS 0x000000008ba00000| PB 0x000000008ba00000| Untracked 
| 151|0x000000008bb00000, 0x000000008bb00000, 0x000000008bc00000|  0%| F|  |TAMS 0x000000008bb00000| PB 0x000000008bb00000| Untracked 
| 152|0x000000008bc00000, 0x000000008bc00000, 0x000000008bd00000|  0%| F|  |TAMS 0x000000008bc00000| PB 0x000000008bc00000| Untracked 
| 153|0x000000008bd00000, 0x000000008bd00000, 0x000000008be00000|  0%| F|  |TAMS 0x000000008bd00000| PB 0x000000008bd00000| Untracked 
| 154|0x000000008be00000, 0x000000008be00000, 0x000000008bf00000|  0%| F|  |TAMS 0x000000008be00000| PB 0x000000008be00000| Untracked 
| 155|0x000000008bf00000, 0x000000008bf00000, 0x000000008c000000|  0%| F|  |TAMS 0x000000008bf00000| PB 0x000000008bf00000| Untracked 
| 156|0x000000008c000000, 0x000000008c095b40, 0x000000008c100000| 58%| S|CS|TAMS 0x000000008c000000| PB 0x000000008c000000| Complete 
| 157|0x000000008c100000, 0x000000008c200000, 0x000000008c200000|100%| S|CS|TAMS 0x000000008c100000| PB 0x000000008c100000| Complete 
| 158|0x000000008c200000, 0x000000008c300000, 0x000000008c300000|100%| S|CS|TAMS 0x000000008c200000| PB 0x000000008c200000| Complete 
| 159|0x000000008c300000, 0x000000008c400000, 0x000000008c400000|100%| S|CS|TAMS 0x000000008c300000| PB 0x000000008c300000| Complete 
| 160|0x000000008c400000, 0x000000008c500000, 0x000000008c500000|100%| S|CS|TAMS 0x000000008c400000| PB 0x000000008c400000| Complete 
| 161|0x000000008c500000, 0x000000008c500000, 0x000000008c600000|  0%| F|  |TAMS 0x000000008c500000| PB 0x000000008c500000| Untracked 
| 162|0x000000008c600000, 0x000000008c600000, 0x000000008c700000|  0%| F|  |TAMS 0x000000008c600000| PB 0x000000008c600000| Untracked 
| 163|0x000000008c700000, 0x000000008c700000, 0x000000008c800000|  0%| F|  |TAMS 0x000000008c700000| PB 0x000000008c700000| Untracked 
| 164|0x000000008c800000, 0x000000008c800000, 0x000000008c900000|  0%| F|  |TAMS 0x000000008c800000| PB 0x000000008c800000| Untracked 
| 165|0x000000008c900000, 0x000000008c900000, 0x000000008ca00000|  0%| F|  |TAMS 0x000000008c900000| PB 0x000000008c900000| Untracked 
| 166|0x000000008ca00000, 0x000000008ca00000, 0x000000008cb00000|  0%| F|  |TAMS 0x000000008ca00000| PB 0x000000008ca00000| Untracked 
| 167|0x000000008cb00000, 0x000000008cb00000, 0x000000008cc00000|  0%| F|  |TAMS 0x000000008cb00000| PB 0x000000008cb00000| Untracked 
| 168|0x000000008cc00000, 0x000000008cc00000, 0x000000008cd00000|  0%| F|  |TAMS 0x000000008cc00000| PB 0x000000008cc00000| Untracked 
| 169|0x000000008cd00000, 0x000000008cd00000, 0x000000008ce00000|  0%| F|  |TAMS 0x000000008cd00000| PB 0x000000008cd00000| Untracked 
| 170|0x000000008ce00000, 0x000000008ce00000, 0x000000008cf00000|  0%| F|  |TAMS 0x000000008ce00000| PB 0x000000008ce00000| Untracked 
| 171|0x000000008cf00000, 0x000000008cf00000, 0x000000008d000000|  0%| F|  |TAMS 0x000000008cf00000| PB 0x000000008cf00000| Untracked 
| 172|0x000000008d000000, 0x000000008d000000, 0x000000008d100000|  0%| F|  |TAMS 0x000000008d000000| PB 0x000000008d000000| Untracked 
| 173|0x000000008d100000, 0x000000008d100000, 0x000000008d200000|  0%| F|  |TAMS 0x000000008d100000| PB 0x000000008d100000| Untracked 
| 174|0x000000008d200000, 0x000000008d200000, 0x000000008d300000|  0%| F|  |TAMS 0x000000008d200000| PB 0x000000008d200000| Untracked 
| 175|0x000000008d300000, 0x000000008d300000, 0x000000008d400000|  0%| F|  |TAMS 0x000000008d300000| PB 0x000000008d300000| Untracked 
| 176|0x000000008d400000, 0x000000008d400000, 0x000000008d500000|  0%| F|  |TAMS 0x000000008d400000| PB 0x000000008d400000| Untracked 
| 177|0x000000008d500000, 0x000000008d500000, 0x000000008d600000|  0%| F|  |TAMS 0x000000008d500000| PB 0x000000008d500000| Untracked 
| 178|0x000000008d600000, 0x000000008d600000, 0x000000008d700000|  0%| F|  |TAMS 0x000000008d600000| PB 0x000000008d600000| Untracked 
| 179|0x000000008d700000, 0x000000008d700000, 0x000000008d800000|  0%| F|  |TAMS 0x000000008d700000| PB 0x000000008d700000| Untracked 
| 180|0x000000008d800000, 0x000000008d800000, 0x000000008d900000|  0%| F|  |TAMS 0x000000008d800000| PB 0x000000008d800000| Untracked 
| 181|0x000000008d900000, 0x000000008d900000, 0x000000008da00000|  0%| F|  |TAMS 0x000000008d900000| PB 0x000000008d900000| Untracked 
| 182|0x000000008da00000, 0x000000008da00000, 0x000000008db00000|  0%| F|  |TAMS 0x000000008da00000| PB 0x000000008da00000| Untracked 
| 183|0x000000008db00000, 0x000000008db00000, 0x000000008dc00000|  0%| F|  |TAMS 0x000000008db00000| PB 0x000000008db00000| Untracked 
| 184|0x000000008dc00000, 0x000000008dc00000, 0x000000008dd00000|  0%| F|  |TAMS 0x000000008dc00000| PB 0x000000008dc00000| Untracked 
| 185|0x000000008dd00000, 0x000000008dd00000, 0x000000008de00000|  0%| F|  |TAMS 0x000000008dd00000| PB 0x000000008dd00000| Untracked 
| 186|0x000000008de00000, 0x000000008de00000, 0x000000008df00000|  0%| F|  |TAMS 0x000000008de00000| PB 0x000000008de00000| Untracked 
| 187|0x000000008df00000, 0x000000008df00000, 0x000000008e000000|  0%| F|  |TAMS 0x000000008df00000| PB 0x000000008df00000| Untracked 
| 188|0x000000008e000000, 0x000000008e000000, 0x000000008e100000|  0%| F|  |TAMS 0x000000008e000000| PB 0x000000008e000000| Untracked 
| 189|0x000000008e100000, 0x000000008e100000, 0x000000008e200000|  0%| F|  |TAMS 0x000000008e100000| PB 0x000000008e100000| Untracked 
| 190|0x000000008e200000, 0x000000008e200000, 0x000000008e300000|  0%| F|  |TAMS 0x000000008e200000| PB 0x000000008e200000| Untracked 
| 191|0x000000008e300000, 0x000000008e300000, 0x000000008e400000|  0%| F|  |TAMS 0x000000008e300000| PB 0x000000008e300000| Untracked 
| 192|0x000000008e400000, 0x000000008e400000, 0x000000008e500000|  0%| F|  |TAMS 0x000000008e400000| PB 0x000000008e400000| Untracked 
| 193|0x000000008e500000, 0x000000008e500000, 0x000000008e600000|  0%| F|  |TAMS 0x000000008e500000| PB 0x000000008e500000| Untracked 
| 194|0x000000008e600000, 0x000000008e600000, 0x000000008e700000|  0%| F|  |TAMS 0x000000008e600000| PB 0x000000008e600000| Untracked 
| 195|0x000000008e700000, 0x000000008e700000, 0x000000008e800000|  0%| F|  |TAMS 0x000000008e700000| PB 0x000000008e700000| Untracked 
| 196|0x000000008e800000, 0x000000008e900000, 0x000000008e900000|100%| E|  |TAMS 0x000000008e800000| PB 0x000000008e800000| Complete 
| 197|0x000000008e900000, 0x000000008ea00000, 0x000000008ea00000|100%| E|CS|TAMS 0x000000008e900000| PB 0x000000008e900000| Complete 
| 198|0x000000008ea00000, 0x000000008eb00000, 0x000000008eb00000|100%| E|CS|TAMS 0x000000008ea00000| PB 0x000000008ea00000| Complete 
| 199|0x000000008eb00000, 0x000000008ec00000, 0x000000008ec00000|100%| E|CS|TAMS 0x000000008eb00000| PB 0x000000008eb00000| Complete 
| 200|0x000000008ec00000, 0x000000008ed00000, 0x000000008ed00000|100%| E|CS|TAMS 0x000000008ec00000| PB 0x000000008ec00000| Complete 
| 201|0x000000008ed00000, 0x000000008ee00000, 0x000000008ee00000|100%| E|CS|TAMS 0x000000008ed00000| PB 0x000000008ed00000| Complete 
| 202|0x000000008ee00000, 0x000000008ef00000, 0x000000008ef00000|100%| E|CS|TAMS 0x000000008ee00000| PB 0x000000008ee00000| Complete 
| 203|0x000000008ef00000, 0x000000008f000000, 0x000000008f000000|100%| E|CS|TAMS 0x000000008ef00000| PB 0x000000008ef00000| Complete 
| 204|0x000000008f000000, 0x000000008f100000, 0x000000008f100000|100%| E|CS|TAMS 0x000000008f000000| PB 0x000000008f000000| Complete 
| 205|0x000000008f100000, 0x000000008f200000, 0x000000008f200000|100%| E|CS|TAMS 0x000000008f100000| PB 0x000000008f100000| Complete 
| 206|0x000000008f200000, 0x000000008f300000, 0x000000008f300000|100%| E|CS|TAMS 0x000000008f200000| PB 0x000000008f200000| Complete 
| 207|0x000000008f300000, 0x000000008f400000, 0x000000008f400000|100%| E|CS|TAMS 0x000000008f300000| PB 0x000000008f300000| Complete 
| 254|0x0000000092200000, 0x0000000092300000, 0x0000000092300000|100%| E|CS|TAMS 0x0000000092200000| PB 0x0000000092200000| Complete 
|1989|0x00000000fe900000, 0x00000000fea00000, 0x00000000fea00000|100%| O|Cm|TAMS 0x00000000fe900000| PB 0x00000000fe900000| Complete 
|1990|0x00000000fea00000, 0x00000000feb00000, 0x00000000feb00000|100%| O|Cm|TAMS 0x00000000fea00000| PB 0x00000000fea00000| Complete 
|1991|0x00000000feb00000, 0x00000000fec00000, 0x00000000fec00000|100%| O|Cm|TAMS 0x00000000feb00000| PB 0x00000000feb00000| Complete 
|1992|0x00000000fec00000, 0x00000000fed00000, 0x00000000fed00000|100%| O|Cm|TAMS 0x00000000fec00000| PB 0x00000000fec00000| Complete 
|1993|0x00000000fed00000, 0x00000000fee00000, 0x00000000fee00000|100%| O|Cm|TAMS 0x00000000fed00000| PB 0x00000000fed00000| Complete 
|1994|0x00000000fee00000, 0x00000000fef00000, 0x00000000fef00000|100%| O|Cm|TAMS 0x00000000fee00000| PB 0x00000000fee00000| Complete 
|1995|0x00000000fef00000, 0x00000000ff000000, 0x00000000ff000000|100%| O|  |TAMS 0x00000000fef00000| PB 0x00000000fef00000| Untracked 
|1996|0x00000000ff000000, 0x00000000ff100000, 0x00000000ff100000|100%| O|Cm|TAMS 0x00000000ff000000| PB 0x00000000ff000000| Complete 
|1997|0x00000000ff100000, 0x00000000ff200000, 0x00000000ff200000|100%| O|  |TAMS 0x00000000ff100000| PB 0x00000000ff100000| Untracked 
|1998|0x00000000ff200000, 0x00000000ff300000, 0x00000000ff300000|100%| O|  |TAMS 0x00000000ff200000| PB 0x00000000ff200000| Untracked 
|1999|0x00000000ff300000, 0x00000000ff400000, 0x00000000ff400000|100%| O|  |TAMS 0x00000000ff300000| PB 0x00000000ff300000| Untracked 
|2000|0x00000000ff400000, 0x00000000ff500000, 0x00000000ff500000|100%| O|  |TAMS 0x00000000ff400000| PB 0x00000000ff400000| Untracked 
|2001|0x00000000ff500000, 0x00000000ff600000, 0x00000000ff600000|100%| O|  |TAMS 0x00000000ff500000| PB 0x00000000ff500000| Untracked 
|2002|0x00000000ff600000, 0x00000000ff700000, 0x00000000ff700000|100%| O|  |TAMS 0x00000000ff600000| PB 0x00000000ff600000| Untracked 
|2003|0x00000000ff700000, 0x00000000ff800000, 0x00000000ff800000|100%| O|  |TAMS 0x00000000ff700000| PB 0x00000000ff700000| Untracked 
|2004|0x00000000ff800000, 0x00000000ff900000, 0x00000000ff900000|100%| E|CS|TAMS 0x00000000ff800000| PB 0x00000000ff800000| Complete 
|2005|0x00000000ff900000, 0x00000000ffa00000, 0x00000000ffa00000|100%| E|CS|TAMS 0x00000000ff900000| PB 0x00000000ff900000| Complete 
|2006|0x00000000ffa00000, 0x00000000ffb00000, 0x00000000ffb00000|100%| E|CS|TAMS 0x00000000ffa00000| PB 0x00000000ffa00000| Complete 
|2007|0x00000000ffb00000, 0x00000000ffc00000, 0x00000000ffc00000|100%| E|CS|TAMS 0x00000000ffb00000| PB 0x00000000ffb00000| Complete 
|2008|0x00000000ffc00000, 0x00000000ffd00000, 0x00000000ffd00000|100%| E|CS|TAMS 0x00000000ffc00000| PB 0x00000000ffc00000| Complete 
|2009|0x00000000ffd00000, 0x00000000ffe00000, 0x00000000ffe00000|100%| E|CS|TAMS 0x00000000ffd00000| PB 0x00000000ffd00000| Complete 
|2010|0x00000000ffe00000, 0x00000000fff00000, 0x00000000fff00000|100%| E|CS|TAMS 0x00000000ffe00000| PB 0x00000000ffe00000| Complete 
|2011|0x00000000fff00000, 0x0000000100000000, 0x0000000100000000|100%| E|CS|TAMS 0x00000000fff00000| PB 0x00000000fff00000| Complete 

Card table byte_map: [0x0000028b7d8c0000,0x0000028b7dcb0000] _byte_map_base: 0x0000028b7d4ae000

Marking Bits: (CMBitMap*) 0x0000028b74d4f900
 Bits: [0x0000028b7dcb0000, 0x0000028b7fc20000)

Polling page: 0x0000028b72cb0000

Metaspace:

Usage:
  Non-class:     99.74 MB used.
      Class:     11.93 MB used.
       Both:    111.67 MB used.

Virtual space:
  Non-class space:      128.00 MB reserved,     100.38 MB ( 78%) committed,  2 nodes.
      Class space:        1.00 GB reserved,      12.50 MB (  1%) committed,  1 nodes.
             Both:        1.12 GB reserved,     112.88 MB ( 10%) committed. 

Chunk freelists:
   Non-Class:  11.41 MB
       Class:  3.38 MB
        Both:  14.78 MB

MaxMetaspaceSize: unlimited
CompressedClassSpaceSize: 1.00 GB
Initial GC threshold: 21.00 MB
Current GC threshold: 183.38 MB
CDS: on
 - commit_granule_bytes: 65536.
 - commit_granule_words: 8192.
 - virtual_space_node_default_size: 8388608.
 - enlarge_chunks_in_place: 1.
 - use_allocation_guard: 0.


Internal statistics:

num_allocs_failed_limit: 15.
num_arena_births: 1834.
num_arena_deaths: 6.
num_vsnodes_births: 3.
num_vsnodes_deaths: 0.
num_space_committed: 1819.
num_space_uncommitted: 6.
num_chunks_returned_to_freelist: 117.
num_chunks_taken_from_freelist: 6295.
num_chunk_merges: 32.
num_chunk_splits: 4745.
num_chunks_enlarged: 3713.
num_inconsistent_stats: 0.

CodeHeap 'non-profiled nmethods': size=120000Kb used=11162Kb max_used=11722Kb free=108837Kb
 bounds [0x0000028b07ad0000, 0x0000028b08660000, 0x0000028b0f000000]
CodeHeap 'profiled nmethods': size=120000Kb used=52074Kb max_used=59848Kb free=67925Kb
 bounds [0x0000028b00000000, 0x0000028b03a80000, 0x0000028b07530000]
CodeHeap 'non-nmethods': size=5760Kb used=1897Kb max_used=1970Kb free=3862Kb
 bounds [0x0000028b07530000, 0x0000028b077a0000, 0x0000028b07ad0000]
 total_blobs=19486 nmethods=18617 adapters=769
 compilation: enabled
              stopped_count=0, restarted_count=0
 full_count=0

Compilation events (20 events):
Event: 34.620 Thread 0x0000028b1170b840 nmethod 28355 0x0000028b07cff410 code [0x0000028b07cff5e0, 0x0000028b07d000c0]
Event: 34.621 Thread 0x0000028b1170b840 28369       4       com.sun.tools.javac.comp.Resolve$4::argumentsAcceptable (59 bytes)
Event: 34.623 Thread 0x0000028b1170b840 nmethod 28369 0x0000028b07cfed10 code [0x0000028b07cfeee0, 0x0000028b07cff138]
Event: 34.623 Thread 0x0000028b1170b840 28382       4       com.sun.tools.javac.comp.Resolve::isAccessible (9 bytes)
Event: 34.624 Thread 0x0000028b1170b840 nmethod 28382 0x0000028b07cfea10 code [0x0000028b07cfeba0, 0x0000028b07cfec58]
Event: 34.624 Thread 0x0000028b1170b840 28161       4       com.sun.tools.javac.util.JCDiagnostic$Fragment::<init> (11 bytes)
Event: 34.627 Thread 0x0000028b1170b840 nmethod 28161 0x0000028b07cfe390 code [0x0000028b07cfe520, 0x0000028b07cfe970]
Event: 34.627 Thread 0x0000028b1170b840 28516       4       com.sun.tools.javac.jvm.ClassReader$1::getEnclosingType (111 bytes)
Event: 34.630 Thread 0x0000028b1170b840 nmethod 28516 0x0000028b07cfdc90 code [0x0000028b07cfde60, 0x0000028b07cfe170]
Event: 34.631 Thread 0x0000028b1170b840 27830       4       com.sun.tools.javac.code.Symbol$MethodSymbol::<init> (85 bytes)
Event: 34.637 Thread 0x0000028b1170b840 nmethod 27830 0x0000028b07b37310 code [0x0000028b07b374e0, 0x0000028b07b37e40]
Event: 34.637 Thread 0x0000028b1170b840 28537       4       com.sun.tools.javac.code.Types::union (134 bytes)
Event: 34.639 Thread 0x0000028b5c764360 nmethod 28467 0x0000028b07b34710 code [0x0000028b07b349e0, 0x0000028b07b36578]
Event: 34.639 Thread 0x0000028b5c764360 26972       4       com.sun.tools.javac.file.JavacFileManager::checkNotModuleOrientedLocation (48 bytes)
Event: 34.651 Thread 0x0000028b5c764360 nmethod 26972 0x0000028b07b33890 code [0x0000028b07b33ac0, 0x0000028b07b34160]
Event: 34.652 Thread 0x0000028b5c764360 27834       4       com.sun.tools.javac.code.Types::isSignaturePolymorphic (111 bytes)
Event: 34.655 Thread 0x0000028b5c764360 nmethod 27834 0x0000028b07b32f90 code [0x0000028b07b33180, 0x0000028b07b33548]
Event: 34.655 Thread 0x0000028b5c764360 27033       4       com.sun.tools.javac.main.DelegatingJavaFileManager::inferBinaryName (13 bytes)
Event: 34.776 Thread 0x0000028b1170b840 nmethod 28537 0x0000028b07d78e90 code [0x0000028b07d79720, 0x0000028b07d7e940]
Event: 34.777 Thread 0x0000028b1170b840 27035       4       com.sun.tools.javac.file.JavacFileManager::inferBinaryName (59 bytes)

GC Heap History (20 events):
Event: 21.797 GC heap before
{Heap before GC invocations=24 (full 0):
 garbage-first heap   total 186368K, used 156994K [0x0000000082400000, 0x0000000100000000)
  region size 1024K, 90 young (92160K), 9 survivors (9216K)
 Metaspace       used 83273K, committed 84352K, reserved 1179648K
  class space    used 9402K, committed 9920K, reserved 1048576K
}
Event: 21.814 GC heap after
{Heap after GC invocations=25 (full 0):
 garbage-first heap   total 186368K, used 77542K [0x0000000082400000, 0x0000000100000000)
  region size 1024K, 5 young (5120K), 5 survivors (5120K)
 Metaspace       used 83273K, committed 84352K, reserved 1179648K
  class space    used 9402K, committed 9920K, reserved 1048576K
}
Event: 23.895 GC heap before
{Heap before GC invocations=25 (full 0):
 garbage-first heap   total 186368K, used 165606K [0x0000000082400000, 0x0000000100000000)
  region size 1024K, 89 young (91136K), 5 survivors (5120K)
 Metaspace       used 86660K, committed 87744K, reserved 1179648K
  class space    used 9808K, committed 10368K, reserved 1048576K
}
Event: 23.911 GC heap after
{Heap after GC invocations=26 (full 0):
 garbage-first heap   total 186368K, used 82312K [0x0000000082400000, 0x0000000100000000)
  region size 1024K, 9 young (9216K), 9 survivors (9216K)
 Metaspace       used 86660K, committed 87744K, reserved 1179648K
  class space    used 9808K, committed 10368K, reserved 1048576K
}
Event: 25.781 GC heap before
{Heap before GC invocations=26 (full 0):
 garbage-first heap   total 186368K, used 156040K [0x0000000082400000, 0x0000000100000000)
  region size 1024K, 82 young (83968K), 9 survivors (9216K)
 Metaspace       used 97271K, committed 98432K, reserved 1179648K
  class space    used 10768K, committed 11328K, reserved 1048576K
}
Event: 25.796 GC heap after
{Heap after GC invocations=27 (full 0):
 garbage-first heap   total 186368K, used 87649K [0x0000000082400000, 0x0000000100000000)
  region size 1024K, 10 young (10240K), 10 survivors (10240K)
 Metaspace       used 97271K, committed 98432K, reserved 1179648K
  class space    used 10768K, committed 11328K, reserved 1048576K
}
Event: 27.582 GC heap before
{Heap before GC invocations=28 (full 0):
 garbage-first heap   total 186368K, used 162401K [0x0000000082400000, 0x0000000100000000)
  region size 1024K, 85 young (87040K), 10 survivors (10240K)
 Metaspace       used 107387K, committed 108480K, reserved 1179648K
  class space    used 11633K, committed 12160K, reserved 1048576K
}
Event: 27.599 GC heap after
{Heap after GC invocations=29 (full 0):
 garbage-first heap   total 186368K, used 86807K [0x0000000082400000, 0x0000000100000000)
  region size 1024K, 8 young (8192K), 8 survivors (8192K)
 Metaspace       used 107387K, committed 108480K, reserved 1179648K
  class space    used 11633K, committed 12160K, reserved 1048576K
}
Event: 29.034 GC heap before
{Heap before GC invocations=29 (full 0):
 garbage-first heap   total 186368K, used 168727K [0x0000000082400000, 0x0000000100000000)
  region size 1024K, 87 young (89088K), 8 survivors (8192K)
 Metaspace       used 109592K, committed 110720K, reserved 1179648K
  class space    used 11733K, committed 12288K, reserved 1048576K
}
Event: 29.043 GC heap after
{Heap after GC invocations=30 (full 0):
 garbage-first heap   total 186368K, used 80840K [0x0000000082400000, 0x0000000100000000)
  region size 1024K, 2 young (2048K), 2 survivors (2048K)
 Metaspace       used 109592K, committed 110720K, reserved 1179648K
  class space    used 11733K, committed 12288K, reserved 1048576K
}
Event: 29.232 GC heap before
{Heap before GC invocations=30 (full 0):
 garbage-first heap   total 186368K, used 89032K [0x0000000082400000, 0x0000000100000000)
  region size 1024K, 12 young (12288K), 2 survivors (2048K)
 Metaspace       used 109607K, committed 110720K, reserved 1179648K
  class space    used 11733K, committed 12288K, reserved 1048576K
}
Event: 29.236 GC heap after
{Heap after GC invocations=31 (full 0):
 garbage-first heap   total 186368K, used 80749K [0x0000000082400000, 0x0000000100000000)
  region size 1024K, 2 young (2048K), 2 survivors (2048K)
 Metaspace       used 109607K, committed 110720K, reserved 1179648K
  class space    used 11733K, committed 12288K, reserved 1048576K
}
Event: 30.964 GC heap before
{Heap before GC invocations=32 (full 0):
 garbage-first heap   total 186368K, used 177005K [0x0000000082400000, 0x0000000100000000)
  region size 1024K, 93 young (95232K), 2 survivors (2048K)
 Metaspace       used 110423K, committed 111552K, reserved 1179648K
  class space    used 11828K, committed 12352K, reserved 1048576K
}
Event: 30.994 GC heap after
{Heap after GC invocations=33 (full 0):
 garbage-first heap   total 204800K, used 109568K [0x0000000082400000, 0x0000000100000000)
  region size 1024K, 12 young (12288K), 12 survivors (12288K)
 Metaspace       used 110423K, committed 111552K, reserved 1179648K
  class space    used 11828K, committed 12352K, reserved 1048576K
}
Event: 32.064 GC heap before
{Heap before GC invocations=33 (full 0):
 garbage-first heap   total 204800K, used 183296K [0x0000000082400000, 0x0000000100000000)
  region size 1024K, 83 young (84992K), 12 survivors (12288K)
 Metaspace       used 111334K, committed 112512K, reserved 1179648K
  class space    used 11920K, committed 12480K, reserved 1048576K
}
Event: 32.090 GC heap after
{Heap after GC invocations=34 (full 0):
 garbage-first heap   total 204800K, used 112064K [0x0000000082400000, 0x0000000100000000)
  region size 1024K, 9 young (9216K), 9 survivors (9216K)
 Metaspace       used 111334K, committed 112512K, reserved 1179648K
  class space    used 11920K, committed 12480K, reserved 1048576K
}
Event: 32.292 GC heap before
{Heap before GC invocations=34 (full 0):
 garbage-first heap   total 204800K, used 142784K [0x0000000082400000, 0x0000000100000000)
  region size 1024K, 40 young (40960K), 9 survivors (9216K)
 Metaspace       used 111423K, committed 112640K, reserved 1179648K
  class space    used 11920K, committed 12480K, reserved 1048576K
}
Event: 32.303 GC heap after
{Heap after GC invocations=35 (full 0):
 garbage-first heap   total 204800K, used 119717K [0x0000000082400000, 0x0000000100000000)
  region size 1024K, 9 young (9216K), 9 survivors (9216K)
 Metaspace       used 111423K, committed 112640K, reserved 1179648K
  class space    used 11920K, committed 12480K, reserved 1048576K
}
Event: 32.968 GC heap before
{Heap before GC invocations=36 (full 0):
 garbage-first heap   total 237568K, used 176037K [0x0000000082400000, 0x0000000100000000)
  region size 1024K, 65 young (66560K), 9 survivors (9216K)
 Metaspace       used 111897K, committed 113088K, reserved 1179648K
  class space    used 11957K, committed 12544K, reserved 1048576K
}
Event: 32.978 GC heap after
{Heap after GC invocations=37 (full 0):
 garbage-first heap   total 237568K, used 120918K [0x0000000082400000, 0x0000000100000000)
  region size 1024K, 5 young (5120K), 5 survivors (5120K)
 Metaspace       used 111897K, committed 113088K, reserved 1179648K
  class space    used 11957K, committed 12544K, reserved 1048576K
}

Dll operation events (8 events):
Event: 0.007 Loaded shared library D:\mailon\Java\jdk-21.0.10\bin\java.dll
Event: 0.029 Loaded shared library D:\mailon\Java\jdk-21.0.10\bin\jsvml.dll
Event: 0.054 Loaded shared library D:\mailon\Java\jdk-21.0.10\bin\net.dll
Event: 0.056 Loaded shared library D:\mailon\Java\jdk-21.0.10\bin\nio.dll
Event: 0.059 Loaded shared library D:\mailon\Java\jdk-21.0.10\bin\zip.dll
Event: 0.158 Loaded shared library D:\mailon\Java\jdk-21.0.10\bin\jimage.dll
Event: 0.253 Loaded shared library D:\mailon\Usuario\Desktop\apache-maven-3.9.14-bin (1)\apache-maven-3.9.14\lib\jansi-native\Windows\x86_64\jansi.dll
Event: 0.262 Loaded shared library D:\mailon\Java\jdk-21.0.10\bin\verify.dll

Deoptimization events (20 events):
Event: 33.676 Thread 0x0000028b72aa47b0 Uncommon trap: trap_request=0xffffff45 fr.pc=0x0000028b081137b8 relative=0x0000000000000198
Event: 33.676 Thread 0x0000028b72aa47b0 Uncommon trap: reason=unstable_if action=reinterpret pc=0x0000028b081137b8 method=java.util.zip.CRC32.updateBytesCheck([BII)V @ 1 c2
Event: 33.676 Thread 0x0000028b72aa47b0 DEOPT PACKING pc=0x0000028b081137b8 sp=0x000000f08c4fdd10
Event: 33.676 Thread 0x0000028b72aa47b0 DEOPT UNPACKING pc=0x0000028b075846a2 sp=0x000000f08c4fdc00 mode 2
Event: 33.804 Thread 0x0000028b5de44bd0 Uncommon trap: trap_request=0xffffff45 fr.pc=0x0000028b08105690 relative=0x0000000000000df0
Event: 33.804 Thread 0x0000028b5de44bd0 Uncommon trap: reason=unstable_if action=reinterpret pc=0x0000028b08105690 method=java.util.regex.Pattern.sequence(Ljava/util/regex/Pattern$Node;)Ljava/util/regex/Pattern$Node; @ 144 c2
Event: 33.804 Thread 0x0000028b5de44bd0 DEOPT PACKING pc=0x0000028b08105690 sp=0x000000f08e5fe610
Event: 33.804 Thread 0x0000028b5de44bd0 DEOPT UNPACKING pc=0x0000028b075846a2 sp=0x000000f08e5fe5c0 mode 2
Event: 33.806 Thread 0x0000028b5de44bd0 Uncommon trap: trap_request=0xffffffc6 fr.pc=0x0000028b08330f74 relative=0x0000000000000b54
Event: 33.806 Thread 0x0000028b5de44bd0 Uncommon trap: reason=bimorphic_or_optimized_type_check action=maybe_recompile pc=0x0000028b08330f74 method=java.util.regex.Matcher.getTextLength()I @ 4 c2
Event: 33.806 Thread 0x0000028b5de44bd0 DEOPT PACKING pc=0x0000028b08330f74 sp=0x000000f08e5feed0
Event: 33.806 Thread 0x0000028b5de44bd0 DEOPT UNPACKING pc=0x0000028b075846a2 sp=0x000000f08e5feda0 mode 2
Event: 33.807 Thread 0x0000028b5de44bd0 Uncommon trap: trap_request=0xffffff45 fr.pc=0x0000028b07c4de68 relative=0x00000000000000c8
Event: 33.807 Thread 0x0000028b5de44bd0 Uncommon trap: reason=unstable_if action=reinterpret pc=0x0000028b07c4de68 method=java.lang.String.codePointAt(I)I @ 4 c2
Event: 33.807 Thread 0x0000028b5de44bd0 DEOPT PACKING pc=0x0000028b07c4de68 sp=0x000000f08e5fed50
Event: 33.807 Thread 0x0000028b5de44bd0 DEOPT UNPACKING pc=0x0000028b075846a2 sp=0x000000f08e5fecd8 mode 2
Event: 33.807 Thread 0x0000028b5de44bd0 Uncommon trap: trap_request=0xffffffc6 fr.pc=0x0000028b080fc53c relative=0x00000000000002dc
Event: 33.807 Thread 0x0000028b5de44bd0 Uncommon trap: reason=bimorphic_or_optimized_type_check action=maybe_recompile pc=0x0000028b080fc53c method=java.util.regex.Matcher.getTextLength()I @ 4 c2
Event: 33.807 Thread 0x0000028b5de44bd0 DEOPT PACKING pc=0x0000028b080fc53c sp=0x000000f08e5fee40
Event: 33.807 Thread 0x0000028b5de44bd0 DEOPT UNPACKING pc=0x0000028b075846a2 sp=0x000000f08e5fed70 mode 2

Classes loaded (20 events):
Event: 33.765 Loading class jdk/internal/logger/LazyLoggers$LazyLoggerFactories
Event: 33.765 Loading class jdk/internal/logger/LazyLoggers$LazyLoggerFactories done
Event: 33.766 Loading class jdk/internal/logger/LoggerFinderLoader
Event: 33.779 Loading class jdk/internal/logger/LoggerFinderLoader done
Event: 33.780 Loading class jdk/internal/logger/LoggerFinderLoader$TemporaryLoggerFinder
Event: 33.780 Loading class jdk/internal/logger/LoggerFinderLoader$TemporaryLoggerFinder done
Event: 33.780 Loading class sun/util/logging/internal/LoggingProviderImpl$JULWrapper
Event: 33.781 Loading class sun/util/logging/PlatformLogger$ConfigurableBridge$LoggerConfiguration
Event: 33.781 Loading class sun/util/logging/PlatformLogger$ConfigurableBridge$LoggerConfiguration done
Event: 33.781 Loading class sun/util/logging/internal/LoggingProviderImpl$JULWrapper done
Event: 33.781 Loading class java/lang/System$Logger$Level
Event: 33.782 Loading class java/lang/System$Logger$Level done
Event: 33.782 Loading class java/nio/channels/ClosedChannelException
Event: 33.783 Loading class java/nio/channels/ClosedChannelException done
Event: 33.785 Loading class java/nio/channels/NonReadableChannelException
Event: 33.785 Loading class java/nio/channels/NonReadableChannelException done
Event: 33.801 Loading class java/util/Scanner
Event: 33.803 Loading class java/util/Scanner done
Event: 33.805 Loading class java/util/Scanner$PatternLRUCache
Event: 33.806 Loading class java/util/Scanner$PatternLRUCache done

Classes unloaded (20 events):
Event: 14.604 Thread 0x0000028b116dfe90 Unloading class 0x0000028b1332e7d0 'lombok/javac/apt/MessagerDiagnosticsReceiver'
Event: 14.604 Thread 0x0000028b116dfe90 Unloading class 0x0000028b1332e410 'lombok/javac/apt/InterceptingJavaFileManager'
Event: 14.604 Thread 0x0000028b116dfe90 Unloading class 0x0000028b1332e210 'lombok/permit/dummy/Parent'
Event: 14.604 Thread 0x0000028b116dfe90 Unloading class 0x0000028b1332e000 'lombok/core/CleanupRegistry'
Event: 14.604 Thread 0x0000028b116dfe90 Unloading class 0x0000028b1332ddb8 'lombok/permit/Permit$Fake'
Event: 14.604 Thread 0x0000028b116dfe90 Unloading class 0x0000028b1332dbc0 'lombok/permit/Permit'
Event: 14.604 Thread 0x0000028b116dfe90 Unloading class 0x0000028b1332d9d0 'lombok/core/DiagnosticsReceiver'
Event: 14.604 Thread 0x0000028b116dfe90 Unloading class 0x0000028b1332d6e8 'lombok/javac/apt/LombokProcessor$1'
Event: 14.604 Thread 0x0000028b116dfe90 Unloading class 0x0000028b1332d458 'lombok/javac/apt/LombokProcessor'
Event: 14.604 Thread 0x0000028b116dfe90 Unloading class 0x0000028b1332d230 'lombok/core/AnnotationProcessor$EcjDescriptor'
Event: 14.604 Thread 0x0000028b116dfe90 Unloading class 0x0000028b1332d000 'lombok/core/AnnotationProcessor$JavacDescriptor'
Event: 14.604 Thread 0x0000028b116dfe90 Unloading class 0x0000028b1332ca78 'lombok/core/AnnotationProcessor$ProcessorDescriptor'
Event: 14.604 Thread 0x0000028b116dfe90 Unloading class 0x0000028b1332c800 'lombok/core/AnnotationProcessor'
Event: 14.604 Thread 0x0000028b116dfe90 Unloading class 0x0000028b13381c00 'lombok/launch/AnnotationProcessorHider$ClaimingProcessor'
Event: 14.604 Thread 0x0000028b116dfe90 Unloading class 0x0000028b1332c488 'lombok/launch/AnnotationProcessorHider$AstModificationNotifierData'
Event: 14.604 Thread 0x0000028b116dfe90 Unloading class 0x0000028b1332c210 'lombok/launch/ClassFileMetaData'
Event: 14.604 Thread 0x0000028b116dfe90 Unloading class 0x0000028b1332c000 'lombok/launch/PackageShader'
Event: 14.604 Thread 0x0000028b116dfe90 Unloading class 0x0000028b132fc470 'lombok/launch/ShadowClassLoader'
Event: 14.604 Thread 0x0000028b116dfe90 Unloading class 0x0000028b132fc278 'lombok/launch/Main'
Event: 14.604 Thread 0x0000028b116dfe90 Unloading class 0x0000028b132fc000 'lombok/launch/AnnotationProcessorHider$AnnotationProcessor'

Classes redefined (0 events):
No events

Internal exceptions (20 events):
Event: 31.693 Thread 0x0000028b72aa47b0 Exception <a 'sun/nio/fs/WindowsException'{0x000000008af37158}> (0x000000008af37158) 
thrown [s\open\src\hotspot\share\prims\jni.cpp, line 520]
Event: 31.716 Thread 0x0000028b72aa47b0 Exception <a 'sun/nio/fs/WindowsException'{0x000000008aee2dd8}> (0x000000008aee2dd8) 
thrown [s\open\src\hotspot\share\prims\jni.cpp, line 520]
Event: 31.716 Thread 0x0000028b72aa47b0 Exception <a 'sun/nio/fs/WindowsException'{0x000000008aee39f0}> (0x000000008aee39f0) 
thrown [s\open\src\hotspot\share\prims\jni.cpp, line 520]
Event: 31.716 Thread 0x0000028b72aa47b0 Exception <a 'sun/nio/fs/WindowsException'{0x000000008aee5278}> (0x000000008aee5278) 
thrown [s\open\src\hotspot\share\prims\jni.cpp, line 520]
Event: 31.717 Thread 0x0000028b72aa47b0 Exception <a 'sun/nio/fs/WindowsException'{0x000000008aee7690}> (0x000000008aee7690) 
thrown [s\open\src\hotspot\share\prims\jni.cpp, line 520]
Event: 31.717 Thread 0x0000028b72aa47b0 Exception <a 'sun/nio/fs/WindowsException'{0x000000008aee8368}> (0x000000008aee8368) 
thrown [s\open\src\hotspot\share\prims\jni.cpp, line 520]
Event: 31.757 Thread 0x0000028b72aa47b0 Exception <a 'sun/nio/fs/WindowsException'{0x000000008ab50ac0}> (0x000000008ab50ac0) 
thrown [s\open\src\hotspot\share\prims\jni.cpp, line 520]
Event: 31.757 Thread 0x0000028b72aa47b0 Exception <a 'sun/nio/fs/WindowsException'{0x000000008ab51198}> (0x000000008ab51198) 
thrown [s\open\src\hotspot\share\prims\jni.cpp, line 520]
Event: 31.758 Thread 0x0000028b72aa47b0 Exception <a 'sun/nio/fs/WindowsException'{0x000000008ab51a70}> (0x000000008ab51a70) 
thrown [s\open\src\hotspot\share\prims\jni.cpp, line 520]
Event: 31.927 Thread 0x0000028b72aa47b0 Exception <a 'sun/nio/fs/WindowsException'{0x000000008a854b28}> (0x000000008a854b28) 
thrown [s\open\src\hotspot\share\prims\jni.cpp, line 520]
Event: 31.927 Thread 0x0000028b72aa47b0 Exception <a 'sun/nio/fs/WindowsException'{0x000000008a855300}> (0x000000008a855300) 
thrown [s\open\src\hotspot\share\prims\jni.cpp, line 520]
Event: 31.929 Thread 0x0000028b72aa47b0 Exception <a 'java/lang/NoSuchMethodError'{0x000000008a85c650}: 'void java.lang.invoke.Invokers$Holder.invokeExact_MT(java.lang.Object, java.lang.Object, java.lang.Object)'> (0x000000008a85c650) 
thrown [s\open\src\hotspot\share\interpreter\linkResolver.cpp, line 773]
Event: 32.251 Thread 0x0000028b72aa47b0 Implicit null exception at 0x0000028b085316c5 to 0x0000028b0853200c
Event: 33.110 Thread 0x0000028b5de45f80 Exception <a 'java/lang/NoSuchMethodError'{0x00000000ffd36978}: 'java.lang.Object java.lang.invoke.DirectMethodHandle$Holder.invokeStatic(java.lang.Object, long, java.lang.Object)'> (0x00000000ffd36978) 
thrown [s\open\src\hotspot\share\interpreter\linkResolver.cpp, line 773]
Event: 33.111 Thread 0x0000028b5de45f80 Exception <a 'java/lang/NoSuchMethodError'{0x00000000ffd39d30}: 'java.lang.Object java.lang.invoke.DirectMethodHandle$Holder.invokeStaticInit(java.lang.Object, long, java.lang.Object)'> (0x00000000ffd39d30) 
thrown [s\open\src\hotspot\share\interpreter\linkResolver.cpp, line 773]
Event: 33.111 Thread 0x0000028b5de45f80 Exception <a 'java/lang/NoSuchMethodError'{0x00000000ffd3f110}: 'java.lang.Object java.lang.invoke.DirectMethodHandle$Holder.newInvokeSpecial(java.lang.Object, long)'> (0x00000000ffd3f110) 
thrown [s\open\src\hotspot\share\interpreter\linkResolver.cpp, line 773]
Event: 33.132 Thread 0x0000028b5de45f80 Exception <a 'java/lang/NoSuchMethodError'{0x00000000ffd437c0}: 'long java.lang.invoke.DirectMethodHandle$Holder.invokeInterface(java.lang.Object, java.lang.Object)'> (0x00000000ffd437c0) 
thrown [s\open\src\hotspot\share\interpreter\linkResolver.cpp, line 773]
Event: 33.132 Thread 0x0000028b5de45f80 Exception <a 'java/lang/NoSuchMethodError'{0x00000000ffd46e38}: 'long java.lang.invoke.DelegatingMethodHandle$Holder.reinvoke_L(java.lang.Object, java.lang.Object)'> (0x00000000ffd46e38) 
thrown [s\open\src\hotspot\share\interpreter\linkResolver.cpp, line 773]
Event: 33.257 Thread 0x0000028b72aa47b0 Exception <a 'java/lang/NoSuchMethodError'{0x00000000ff928ad0}: 'java.lang.Object java.lang.invoke.DirectMethodHandle$Holder.invokeStaticInit(java.lang.Object, java.lang.Object, int, int, int, int)'> (0x00000000ff928ad0) 
thrown [s\open\src\hotspot\share\interpreter\linkResolver.cpp, line 773]
Event: 33.743 Thread 0x0000028b72aa47b0 Exception <a 'java/lang/NoSuchMethodError'{0x000000008ebb60e8}: 'void java.lang.invoke.DirectMethodHandle$Holder.invokeStatic(java.lang.Object, long)'> (0x000000008ebb60e8) 
thrown [s\open\src\hotspot\share\interpreter\linkResolver.cpp, line 773]

ZGC Phase Switch (0 events):
No events

VM Operations (20 events):
Event: 32.446 Executing VM operation: G1PauseCleanup
Event: 32.446 Executing VM operation: G1PauseCleanup done
Event: 32.641 Executing VM operation: ICBufferFull
Event: 32.641 Executing VM operation: ICBufferFull done
Event: 32.968 Executing VM operation: G1CollectForAllocation (G1 Evacuation Pause)
Event: 32.978 Executing VM operation: G1CollectForAllocation (G1 Evacuation Pause) done
Event: 33.043 Executing VM operation: HandshakeAllThreads (Deoptimize)
Event: 33.043 Executing VM operation: HandshakeAllThreads (Deoptimize) done
Event: 33.228 Executing VM operation: HandshakeAllThreads (Deoptimize)
Event: 33.228 Executing VM operation: HandshakeAllThreads (Deoptimize) done
Event: 33.611 Executing VM operation: HandshakeAllThreads (Deoptimize)
Event: 33.611 Executing VM operation: HandshakeAllThreads (Deoptimize) done
Event: 33.628 Executing VM operation: HandshakeAllThreads (Deoptimize)
Event: 33.628 Executing VM operation: HandshakeAllThreads (Deoptimize) done
Event: 33.631 Executing VM operation: HandshakeAllThreads (Deoptimize)
Event: 33.631 Executing VM operation: HandshakeAllThreads (Deoptimize) done
Event: 33.748 Executing VM operation: HandshakeAllThreads (Deoptimize)
Event: 33.748 Executing VM operation: HandshakeAllThreads (Deoptimize) done
Event: 34.750 Executing VM operation: Cleanup
Event: 34.751 Executing VM operation: Cleanup done

Events (20 events):
Event: 32.400 Thread 0x0000028b116dfe90 flushing nmethod 0x0000028b0380bc10
Event: 32.400 Thread 0x0000028b116dfe90 flushing nmethod 0x0000028b0380fa90
Event: 32.400 Thread 0x0000028b116dfe90 flushing nmethod 0x0000028b0385ce90
Event: 32.400 Thread 0x0000028b116dfe90 flushing nmethod 0x0000028b0385e210
Event: 32.400 Thread 0x0000028b116dfe90 flushing nmethod 0x0000028b0385f510
Event: 32.400 Thread 0x0000028b116dfe90 flushing nmethod 0x0000028b0385fa90
Event: 32.400 Thread 0x0000028b116dfe90 flushing nmethod 0x0000028b038b3790
Event: 32.400 Thread 0x0000028b116dfe90 flushing nmethod 0x0000028b03943b90
Event: 32.400 Thread 0x0000028b116dfe90 flushing nmethod 0x0000028b03945f90
Event: 32.400 Thread 0x0000028b116dfe90 flushing nmethod 0x0000028b03946c90
Event: 32.400 Thread 0x0000028b116dfe90 flushing nmethod 0x0000028b03947710
Event: 32.400 Thread 0x0000028b116dfe90 flushing nmethod 0x0000028b039ada90
Event: 33.048 Thread 0x0000028b5de45f80 Thread added: 0x0000028b5de45f80
Event: 33.133 Thread 0x0000028b5de45f80 Thread exited: 0x0000028b5de45f80
Event: 33.420 Thread 0x0000028b5de45260 Thread added: 0x0000028b5de45260
Event: 33.428 Thread 0x0000028b5de44540 Thread added: 0x0000028b5de44540
Event: 33.684 Thread 0x0000028b5de458f0 Thread added: 0x0000028b5de458f0
Event: 33.801 Thread 0x0000028b5de44bd0 Thread added: 0x0000028b5de44bd0
Event: 33.801 Thread 0x0000028b5de43eb0 Thread added: 0x0000028b5de43eb0
Event: 33.812 Thread 0x0000028b5de46ca0 Thread added: 0x0000028b5de46ca0


Dynamic libraries:
0x00007ff75e160000 - 0x00007ff75e170000 	D:\mailon\Java\jdk-21.0.10\bin\java.exe
0x00007ffe20340000 - 0x00007ffe205a7000 	C:\WINDOWS\SYSTEM32\ntdll.dll
0x00007ffe1f710000 - 0x00007ffe1f7d9000 	C:\WINDOWS\System32\KERNEL32.DLL
0x00007ffe1ce40000 - 0x00007ffe1d234000 	C:\WINDOWS\System32\KERNELBASE.dll
0x00007ffe1df80000 - 0x00007ffe1e0cb000 	C:\WINDOWS\System32\ucrtbase.dll
0x00007ffe175b0000 - 0x00007ffe175ce000 	D:\mailon\Java\jdk-21.0.10\bin\VCRUNTIME140.dll
0x00007ffe175d0000 - 0x00007ffe175e9000 	D:\mailon\Java\jdk-21.0.10\bin\jli.dll
0x00007ffe20240000 - 0x00007ffe202f6000 	C:\WINDOWS\System32\ADVAPI32.dll
0x00007ffe1f540000 - 0x00007ffe1f5e9000 	C:\WINDOWS\System32\msvcrt.dll
0x00007ffe1f7e0000 - 0x00007ffe1f887000 	C:\WINDOWS\System32\sechost.dll
0x00007ffe1f5f0000 - 0x00007ffe1f708000 	C:\WINDOWS\System32\RPCRT4.dll
0x00007ffe1ee10000 - 0x00007ffe1efd5000 	C:\WINDOWS\System32\USER32.dll
0x00007ffe1ce10000 - 0x00007ffe1ce37000 	C:\WINDOWS\System32\win32u.dll
0x00007ffe1f890000 - 0x00007ffe1f8bb000 	C:\WINDOWS\System32\GDI32.dll
0x00007ffe0c8f0000 - 0x00007ffe0cb83000 	C:\WINDOWS\WinSxS\amd64_microsoft.windows.common-controls_6595b64144ccf1df_6.0.26100.8115_none_3e075c82e3354f9c\COMCTL32.dll
0x00007ffe1dab0000 - 0x00007ffe1dbdb000 	C:\WINDOWS\System32\gdi32full.dll
0x00007ffe1ded0000 - 0x00007ffe1df73000 	C:\WINDOWS\System32\msvcp_win.dll
0x00007ffe16170000 - 0x00007ffe1617b000 	C:\WINDOWS\SYSTEM32\VERSION.dll
0x00007ffe1e170000 - 0x00007ffe1e1a2000 	C:\WINDOWS\System32\IMM32.DLL
0x00007ffe17510000 - 0x00007ffe1751c000 	D:\mailon\Java\jdk-21.0.10\bin\vcruntime140_1.dll
0x00007ffe02390000 - 0x00007ffe0241d000 	D:\mailon\Java\jdk-21.0.10\bin\msvcp140.dll
0x00007ffd68fa0000 - 0x00007ffd69cc7000 	D:\mailon\Java\jdk-21.0.10\bin\server\jvm.dll
0x00007ffe201b0000 - 0x00007ffe20230000 	C:\WINDOWS\System32\WS2_32.dll
0x00007ffe1ca90000 - 0x00007ffe1caee000 	C:\WINDOWS\SYSTEM32\POWRPROF.dll
0x00007ffdfca90000 - 0x00007ffdfcac6000 	C:\WINDOWS\SYSTEM32\WINMM.dll
0x00007ffe1ca70000 - 0x00007ffe1ca84000 	C:\WINDOWS\SYSTEM32\UMPDC.dll
0x00007ffe1b970000 - 0x00007ffe1b98b000 	C:\WINDOWS\SYSTEM32\kernel.appcore.dll
0x00007ffe17500000 - 0x00007ffe1750a000 	D:\mailon\Java\jdk-21.0.10\bin\jimage.dll
0x00007ffe0d0b0000 - 0x00007ffe0d2f2000 	C:\WINDOWS\SYSTEM32\DBGHELP.DLL
0x00007ffe1e7e0000 - 0x00007ffe1eb62000 	C:\WINDOWS\System32\combase.dll
0x00007ffe1f0d0000 - 0x00007ffe1f1a8000 	C:\WINDOWS\System32\OLEAUT32.dll
0x00007ffe033e0000 - 0x00007ffe0341b000 	C:\WINDOWS\SYSTEM32\dbgcore.DLL
0x00007ffe1dd60000 - 0x00007ffe1de05000 	C:\WINDOWS\System32\bcryptPrimitives.dll
0x00007ffe10450000 - 0x00007ffe10471000 	D:\mailon\Java\jdk-21.0.10\bin\java.dll
0x00007ffe1fa40000 - 0x00007ffe201a7000 	C:\WINDOWS\System32\SHELL32.dll
0x00007ffe1cc10000 - 0x00007ffe1cd7a000 	C:\WINDOWS\System32\wintypes.dll
0x00007ffe1d240000 - 0x00007ffe1daa8000 	C:\WINDOWS\System32\windows.storage.dll
0x00007ffe1f220000 - 0x00007ffe1f318000 	C:\WINDOWS\System32\SHCORE.dll
0x00007ffe1f9d0000 - 0x00007ffe1fa36000 	C:\WINDOWS\System32\shlwapi.dll
0x00007ffe1cb30000 - 0x00007ffe1cb59000 	C:\WINDOWS\SYSTEM32\profapi.dll
0x00007ffe00160000 - 0x00007ffe00237000 	D:\mailon\Java\jdk-21.0.10\bin\jsvml.dll
0x00007ffe10380000 - 0x00007ffe10391000 	D:\mailon\Java\jdk-21.0.10\bin\net.dll
0x00007ffe15b50000 - 0x00007ffe15c7d000 	C:\WINDOWS\SYSTEM32\WINHTTP.dll
0x00007ffe1bed0000 - 0x00007ffe1bf3c000 	C:\WINDOWS\system32\mswsock.dll
0x00007ffe0e890000 - 0x00007ffe0e8a6000 	D:\mailon\Java\jdk-21.0.10\bin\nio.dll
0x00007ffe0e870000 - 0x00007ffe0e888000 	D:\mailon\Java\jdk-21.0.10\bin\zip.dll
0x00007ffe05960000 - 0x00007ffe05984000 	D:\mailon\Usuario\Desktop\apache-maven-3.9.14-bin (1)\apache-maven-3.9.14\lib\jansi-native\Windows\x86_64\jansi.dll
0x00007ffe17490000 - 0x00007ffe174a0000 	D:\mailon\Java\jdk-21.0.10\bin\verify.dll
0x00007ffe1c200000 - 0x00007ffe1c21b000 	C:\WINDOWS\SYSTEM32\CRYPTSP.dll
0x00007ffe1b8c0000 - 0x00007ffe1b8f9000 	C:\WINDOWS\system32\rsaenh.dll
0x00007ffe1bfa0000 - 0x00007ffe1bfd3000 	C:\WINDOWS\SYSTEM32\USERENV.dll
0x00007ffe1cb00000 - 0x00007ffe1cb2a000 	C:\WINDOWS\SYSTEM32\bcrypt.dll
0x00007ffe1c1f0000 - 0x00007ffe1c1fc000 	C:\WINDOWS\SYSTEM32\CRYPTBASE.dll
0x00007ffe1b340000 - 0x00007ffe1b372000 	C:\WINDOWS\SYSTEM32\IPHLPAPI.DLL
0x00007ffe1f8c0000 - 0x00007ffe1f8ca000 	C:\WINDOWS\System32\NSI.dll

dbghelp: loaded successfully - version: 4.0.5 - missing functions: none
symbol engine: initialized successfully - sym options: 0x614 - pdb path: .;D:\mailon\Java\jdk-21.0.10\bin;C:\WINDOWS\SYSTEM32;C:\WINDOWS\WinSxS\amd64_microsoft.windows.common-controls_6595b64144ccf1df_6.0.26100.8115_none_3e075c82e3354f9c;D:\mailon\Java\jdk-21.0.10\bin\server;D:\mailon\Usuario\Desktop\apache-maven-3.9.14-bin (1)\apache-maven-3.9.14\lib\jansi-native\Windows\x86_64

VM Arguments:
jvm_args: --add-opens=java.base/java.lang=ALL-UNNAMED --enable-native-access=ALL-UNNAMED -Dclassworlds.conf=D:/mailon/Usuario/Desktop/apache-maven-3.9.14-bin (1)/apache-maven-3.9.14/bin/m2.conf -Dmaven.home=D:/mailon/Usuario/Desktop/apache-maven-3.9.14-bin (1)/apache-maven-3.9.14 -Dlibrary.jansi.path=D:/mailon/Usuario/Desktop/apache-maven-3.9.14-bin (1)/apache-maven-3.9.14/lib/jansi-native -Dmaven.multiModuleProjectDirectory=D:/mailon/Usuario/Desktop/Smartwallet 
java_command: org.codehaus.plexus.classworlds.launcher.Launcher test -Dtest=PageResponseTest
java_class_path (initial): D:/mailon/Usuario/Desktop/apache-maven-3.9.14-bin (1)/apache-maven-3.9.14/boot/plexus-classworlds-2.9.0.jar
Launcher Type: SUN_STANDARD

[Global flags]
     intx CICompilerCount                          = 4                                         {product} {ergonomic}
     uint ConcGCThreads                            = 2                                         {product} {ergonomic}
     uint G1ConcRefinementThreads                  = 8                                         {product} {ergonomic}
   size_t G1HeapRegionSize                         = 1048576                                   {product} {ergonomic}
    uintx GCDrainStackTargetSize                   = 64                                        {product} {ergonomic}
   size_t InitialHeapSize                          = 132120576                                 {product} {ergonomic}
   size_t MarkStackSize                            = 4194304                                   {product} {ergonomic}
   size_t MaxHeapSize                              = 2109734912                                {product} {ergonomic}
   size_t MaxNewSize                               = 1265631232                                {product} {ergonomic}
   size_t MinHeapDeltaBytes                        = 1048576                                   {product} {ergonomic}
   size_t MinHeapSize                              = 8388608                                   {product} {ergonomic}
    uintx NonNMethodCodeHeapSize                   = 5839372                                {pd product} {ergonomic}
    uintx NonProfiledCodeHeapSize                  = 122909434                              {pd product} {ergonomic}
    uintx ProfiledCodeHeapSize                     = 122909434                              {pd product} {ergonomic}
    uintx ReservedCodeCacheSize                    = 251658240                              {pd product} {ergonomic}
     bool SegmentedCodeCache                       = true                                      {product} {ergonomic}
   size_t SoftMaxHeapSize                          = 2109734912                             {manageable} {ergonomic}
     bool UseCompressedOops                        = true                           {product lp64_product} {ergonomic}
     bool UseG1GC                                  = true                                      {product} {ergonomic}
     bool UseLargePagesIndividualAllocation        = false                                  {pd product} {ergonomic}

Logging:
Log output configuration:
 #0: stdout all=warning uptime,level,tags foldmultilines=false
 #1: stderr all=off uptime,level,tags foldmultilines=false

Environment Variables:
JAVA_HOME=D:/mailon/Java/jdk-21.0.10
PATH=D:\Program Files\Git\mingw64\bin;D:\Program Files\Git\usr\bin;C:\Users\Usuario\bin;C:\Program Files\Common Files\Oracle\Java\javapath;C:\WINDOWS\system32;C:\WINDOWS;C:\WINDOWS\System32\Wbem;C:\WINDOWS\System32\WindowsPowerShell\v1.0;C:\WINDOWS\System32\OpenSSH;D:\Program Files\nodejs;D:\mailon\Usuario\Desktop\apache-maven-3.9.14-bin (1)\apache-maven-3.9.14\bin;D:\Program Files\Git\cmd;C:\Users\Usuario\AppData\Local\Programs\Trae\bin;D:\mailon\Usuario\Downloads\ffmpeg-8.0.1-essentials_build\ffmpeg-8.0.1-essentials_build\bin;D:\mailon\Usuario\Desktop\apache-maven-3.9.14-bin (1)\apache-maven-3.9.14\bin;C:\Users\Usuario\AppData\Roaming\npm
USERNAME=Usuario
TERM=xterm-256color
OS=Windows_NT
PROCESSOR_IDENTIFIER=Intel64 Family 6 Model 142 Stepping 12, GenuineIntel
TMP=C:\Users\Usuario\AppData\Local\Temp
TEMP=C:\Users\Usuario\AppData\Local\Temp




Periodic native trim disabled

---------------  S Y S T E M  ---------------

OS:
 Windows 11 , 64 bit Build 26100 (10.0.26100.8246)
OS uptime: 4 days 18:56 hours
Hyper-V role detected

CPU: total 8 (initial active 8) (4 cores per cpu, 2 threads per core) family 6 model 142 stepping 12 microcode 0xde, cx8, cmov, fxsr, ht, mmx, 3dnowpref, sse, sse2, sse3, ssse3, sse4.1, sse4.2, popcnt, lzcnt, tsc, tscinvbit, avx, avx2, aes, erms, clmul, bmi1, bmi2, adx, fma, vzeroupper, clflush, clflushopt, hv, rdtscp, f16c
Processor Information for all 8 processors :
  Max Mhz: 1800, Current Mhz: 1600, Mhz Limit: 1584

Memory: 4k page, system-wide physical 8040M (461M free)
TotalPageFile size 32616M (AvailPageFile size 5M)
current process WorkingSet (physical memory assigned to process): 565M, peak: 571M
current process commit charge ("private bytes"): 609M, peak: 615M

vm_info: Java HotSpot(TM) 64-Bit Server VM (21.0.10+8-LTS-217) for windows-amd64 JRE (21.0.10+8-LTS-217), built on 2025-12-18T14:59:28Z by "mach5run" with MS VC++ 17.13 (VS2022)

END.
