#
# There is insufficient memory for the Java Runtime Environment to continue.
# Native memory allocation (malloc) failed to allocate 1711856 bytes for Chunk::new
# Possible reasons:
#   The system is out of physical RAM or swap space
#   The process is running with CompressedOops enabled, and the Java Heap may be blocking the growth of the native heap
# Possible solutions:
#   Reduce memory load on the system
#   Increase physical memory or swap space
#   Check if swap backing store is full
#   Decrease Java heap size (-Xmx/-Xms)
#   Decrease number of Java threads
#   Decrease Java thread stack sizes (-Xss)
#   Set larger code cache with -XX:ReservedCodeCacheSize=
#   JVM is running with Unscaled Compressed Oops mode in which the Java heap is
#     placed in the first 4GB address space. The Java Heap base address is the
#     maximum limit for the native heap growth. Please use -XX:HeapBaseMinAddress
#     to set the Java Heap base and to place the Java Heap above 4GB virtual address.
# This output file may be truncated or incomplete.
#
#  Out of Memory Error (arena.cpp:168), pid=16276, tid=19212
#
# JRE version: Java(TM) SE Runtime Environment (21.0.10+8) (build 21.0.10+8-LTS-217)
# Java VM: Java HotSpot(TM) 64-Bit Server VM (21.0.10+8-LTS-217, mixed mode, sharing, tiered, compressed oops, compressed class ptrs, g1 gc, windows-amd64)
# No core dump will be written. Minidumps are not enabled by default on client versions of Windows
#

---------------  S U M M A R Y ------------

Command Line: --add-opens=java.base/java.lang=ALL-UNNAMED --enable-native-access=ALL-UNNAMED -Dclassworlds.conf=D:/mailon/Usuario/Desktop/apache-maven-3.9.14-bin (1)/apache-maven-3.9.14/bin/m2.conf -Dmaven.home=D:/mailon/Usuario/Desktop/apache-maven-3.9.14-bin (1)/apache-maven-3.9.14 -Dlibrary.jansi.path=D:/mailon/Usuario/Desktop/apache-maven-3.9.14-bin (1)/apache-maven-3.9.14/lib/jansi-native -Dmaven.multiModuleProjectDirectory=D:/mailon/Usuario/Desktop/Smartwallet org.codehaus.plexus.classworlds.launcher.Launcher -DforkCount=0 test

Host: Intel(R) Core(TM) i5-8265U CPU @ 1.60GHz, 8 cores, 7G,  Windows 11 , 64 bit Build 26100 (10.0.26100.8246)
Time: Thu Apr 23 04:51:52 2026 Hora oficial do Brasil elapsed time: 42.095594 seconds (0d 0h 0m 42s)

---------------  T H R E A D  ---------------

Current thread (0x00000152e49c80e0):  JavaThread "C2 CompilerThread2" daemon [_thread_in_native, id=19212, stack(0x000000021dc00000,0x000000021dd00000) (1024K)]


Current CompileTask:
C2:  42095 29850   !   4       org.springframework.util.ReflectionUtils::doWithMethods (186 bytes)

Stack: [0x000000021dc00000,0x000000021dd00000]
Native frames: (J=compiled Java code, j=interpreted, Vv=VM code, C=native code)
V  [jvm.dll+0x6d0b59]
V  [jvm.dll+0x85fd56]
V  [jvm.dll+0x86224e]
V  [jvm.dll+0x862923]
V  [jvm.dll+0x282a16]
V  [jvm.dll+0xc662d]
V  [jvm.dll+0xc6b71]
V  [jvm.dll+0x3bbb21]
V  [jvm.dll+0x387fd2]
V  [jvm.dll+0x38741a]
V  [jvm.dll+0x24b370]
V  [jvm.dll+0x24a94f]
V  [jvm.dll+0x1cacfe]
V  [jvm.dll+0x25a629]
V  [jvm.dll+0x258bb5]
V  [jvm.dll+0x3f4da1]
V  [jvm.dll+0x80a83d]
V  [jvm.dll+0x6cf3fd]
C  [ucrtbase.dll+0x37b0]
C  [KERNEL32.DLL+0x2e8d7]
C  [ntdll.dll+0x8c3fc]


---------------  P R O C E S S  ---------------

Threads class SMR info:
_java_thread_list=0x00000152e3960d90, length=17, elements={
0x00000152fd48e770, 0x000001529c0b1240, 0x000001529c0b3cc0, 0x000001529c0b9360,
0x000001529c0b9c30, 0x000001529c0bc960, 0x000001529c0c1110, 0x000001529c0bb800,
0x000001529c0cda10, 0x000001529c3aa180, 0x000001529c3ac420, 0x00000152e2944140,
0x00000152e356f8f0, 0x00000152eefb50c0, 0x00000152f16fe220, 0x00000152e49c5800,
0x00000152e49c80e0
}

Java Threads: ( => current thread )
  0x00000152fd48e770 JavaThread "main"                              [_thread_in_native, id=27004, stack(0x000000021bd00000,0x000000021be00000) (1024K)]
  0x000001529c0b1240 JavaThread "Reference Handler"          daemon [_thread_blocked, id=28240, stack(0x000000021c500000,0x000000021c600000) (1024K)]
  0x000001529c0b3cc0 JavaThread "Finalizer"                  daemon [_thread_blocked, id=24788, stack(0x000000021c600000,0x000000021c700000) (1024K)]
  0x000001529c0b9360 JavaThread "Signal Dispatcher"          daemon [_thread_blocked, id=21616, stack(0x000000021c700000,0x000000021c800000) (1024K)]
  0x000001529c0b9c30 JavaThread "Attach Listener"            daemon [_thread_blocked, id=14272, stack(0x000000021c800000,0x000000021c900000) (1024K)]
  0x000001529c0bc960 JavaThread "Service Thread"             daemon [_thread_blocked, id=19364, stack(0x000000021c900000,0x000000021ca00000) (1024K)]
  0x000001529c0c1110 JavaThread "Monitor Deflation Thread"   daemon [_thread_blocked, id=25992, stack(0x000000021ca00000,0x000000021cb00000) (1024K)]
  0x000001529c0bb800 JavaThread "C2 CompilerThread0"         daemon [_thread_blocked, id=3616, stack(0x000000021cb00000,0x000000021cc00000) (1024K)]
  0x000001529c0cda10 JavaThread "C1 CompilerThread0"         daemon [_thread_blocked, id=25888, stack(0x000000021cc00000,0x000000021cd00000) (1024K)]
  0x000001529c3aa180 JavaThread "Notification Thread"        daemon [_thread_blocked, id=29376, stack(0x000000021cd00000,0x000000021ce00000) (1024K)]
  0x000001529c3ac420 JavaThread "Common-Cleaner"             daemon [_thread_blocked, id=16356, stack(0x000000021ce00000,0x000000021cf00000) (1024K)]
  0x00000152e2944140 JavaThread "Thread-1"                   daemon [_thread_blocked, id=30328, stack(0x000000021d800000,0x000000021d900000) (1024K)]
  0x00000152e356f8f0 JavaThread "resolver-1"                 daemon [_thread_blocked, id=15032, stack(0x000000021da00000,0x000000021db00000) (1024K)]
  0x00000152eefb50c0 JavaThread "resolver-2"                 daemon [_thread_blocked, id=24284, stack(0x000000021d000000,0x000000021d100000) (1024K)]
  0x00000152f16fe220 JavaThread "HikariPool-1 housekeeper"   daemon [_thread_blocked, id=19572, stack(0x000000021bb00000,0x000000021bc00000) (1024K)]
  0x00000152e49c5800 JavaThread "C2 CompilerThread1"         daemon [_thread_in_native, id=2536, stack(0x000000021db00000,0x000000021dc00000) (1024K)]
=>0x00000152e49c80e0 JavaThread "C2 CompilerThread2"         daemon [_thread_in_native, id=19212, stack(0x000000021dc00000,0x000000021dd00000) (1024K)]
Total: 17

Other Threads:
  0x000001529c0942a0 VMThread "VM Thread"                           [id=27232, stack(0x000000021c400000,0x000000021c500000) (1024K)]
  0x000001529c07db90 WatcherThread "VM Periodic Task Thread"        [id=9408, stack(0x000000021c300000,0x000000021c400000) (1024K)]
  0x00000152fd8cb970 WorkerThread "GC Thread#0"                     [id=23884, stack(0x000000021be00000,0x000000021bf00000) (1024K)]
  0x000001529c0928d0 WorkerThread "GC Thread#1"                     [id=22948, stack(0x000000021d100000,0x000000021d200000) (1024K)]
  0x000001529c092c80 WorkerThread "GC Thread#2"                     [id=28468, stack(0x000000021d200000,0x000000021d300000) (1024K)]
  0x000001529c093030 WorkerThread "GC Thread#3"                     [id=23940, stack(0x000000021d300000,0x000000021d400000) (1024K)]
  0x000001529c0933e0 WorkerThread "GC Thread#4"                     [id=2272, stack(0x000000021d400000,0x000000021d500000) (1024K)]
  0x000001529c093ef0 WorkerThread "GC Thread#5"                     [id=7492, stack(0x000000021d500000,0x000000021d600000) (1024K)]
  0x000001529c093790 WorkerThread "GC Thread#6"                     [id=23908, stack(0x000000021d600000,0x000000021d700000) (1024K)]
  0x000001529c093b40 WorkerThread "GC Thread#7"                     [id=20704, stack(0x000000021d700000,0x000000021d800000) (1024K)]
  0x00000152fd8dd400 ConcurrentGCThread "G1 Main Marker"            [id=22428, stack(0x000000021bf00000,0x000000021c000000) (1024K)]
  0x00000152fd8de130 WorkerThread "G1 Conc#0"                       [id=22272, stack(0x000000021c000000,0x000000021c100000) (1024K)]
  0x00000152e25b3ac0 WorkerThread "G1 Conc#1"                       [id=24580, stack(0x000000021d900000,0x000000021da00000) (1024K)]
  0x000001529bf50da0 ConcurrentGCThread "G1 Refine#0"               [id=8356, stack(0x000000021c100000,0x000000021c200000) (1024K)]
  0x000001529bf532f0 ConcurrentGCThread "G1 Service"                [id=3304, stack(0x000000021c200000,0x000000021c300000) (1024K)]
Total: 15

Threads with active compile tasks:
C2 CompilerThread1    43175 30132   !   4       org.springframework.util.ClassUtils::getMostSpecificMethod (83 bytes)
C2 CompilerThread2    43175 29850   !   4       org.springframework.util.ReflectionUtils::doWithMethods (186 bytes)
Total: 2

VM state: not at safepoint (normal execution)

VM Mutex/Monitor currently owned by a thread: None

Heap address: 0x0000000082400000, size: 2012 MB, Compressed Oops mode: 32-bit

CDS archive(s) mapped at: [0x000001529d000000-0x000001529dc90000-0x000001529dc90000), size 13172736, SharedBaseAddress: 0x000001529d000000, ArchiveRelocationMode: 1.
Compressed class space mapped at: 0x000001529e000000-0x00000152de000000, reserved size: 1073741824
Narrow klass base: 0x000001529d000000, Narrow klass shift: 0, Narrow klass range: 0x100000000

GC Precious Log:
 CardTable entry size: 512
 Card Set container configuration: InlinePtr #cards 5 size 8 Array Of Cards #cards 12 size 40 Howl #buckets 4 coarsen threshold 1843 Howl Bitmap #cards 512 size 80 coarsen threshold 460 Card regions per heap region 1 cards per card region 2048
 CPUs: 8 total, 8 available
 Memory: 8040M
 Large Page Support: Disabled
 NUMA Support: Disabled
 Compressed Oops: Enabled (32-bit)
 Heap Region Size: 1M
 Heap Min Capacity: 8M
 Heap Initial Capacity: 126M
 Heap Max Capacity: 2012M
 Pre-touch: Disabled
 Parallel Workers: 8
 Concurrent Workers: 2
 Concurrent Refinement Workers: 8
 Periodic GC: Disabled

Heap:
 garbage-first heap   total 204800K, used 131405K [0x0000000082400000, 0x0000000100000000)
  region size 1024K, 47 young (48128K), 8 survivors (8192K)
 Metaspace       used 181057K, committed 182528K, reserved 1245184K
  class space    used 21480K, committed 22144K, reserved 1048576K

Heap Regions: E=young(eden), S=young(survivor), O=old, HS=humongous(starts), HC=humongous(continues), CS=collection set, F=free, TAMS=top-at-mark-start, PB=parsable bottom
|   0|0x0000000082400000, 0x0000000082500000, 0x0000000082500000|100%| O|  |TAMS 0x0000000082400000| PB 0x0000000082400000| Untracked 
|   1|0x0000000082500000, 0x0000000082600000, 0x0000000082600000|100%| O|  |TAMS 0x0000000082500000| PB 0x0000000082500000| Untracked 
|   2|0x0000000082600000, 0x0000000082700000, 0x0000000082700000|100%| O|  |TAMS 0x0000000082600000| PB 0x0000000082600000| Untracked 
|   3|0x0000000082700000, 0x0000000082800000, 0x0000000082800000|100%| O|  |TAMS 0x0000000082700000| PB 0x0000000082700000| Untracked 
|   4|0x0000000082800000, 0x0000000082900000, 0x0000000082900000|100%| O|  |TAMS 0x0000000082800000| PB 0x0000000082800000| Untracked 
|   5|0x0000000082900000, 0x0000000082a00000, 0x0000000082a00000|100%| O|  |TAMS 0x0000000082900000| PB 0x0000000082900000| Untracked 
|   6|0x0000000082a00000, 0x0000000082b00000, 0x0000000082b00000|100%| O|  |TAMS 0x0000000082a00000| PB 0x0000000082a00000| Untracked 
|   7|0x0000000082b00000, 0x0000000082c00000, 0x0000000082c00000|100%| O|  |TAMS 0x0000000082b00000| PB 0x0000000082b00000| Untracked 
|   8|0x0000000082c00000, 0x0000000082d00000, 0x0000000082d00000|100%| O|  |TAMS 0x0000000082c00000| PB 0x0000000082c00000| Untracked 
|   9|0x0000000082d00000, 0x0000000082e00000, 0x0000000082e00000|100%| O|  |TAMS 0x0000000082d00000| PB 0x0000000082d00000| Untracked 
|  10|0x0000000082e00000, 0x0000000082f00000, 0x0000000082f00000|100%| O|  |TAMS 0x0000000082e00000| PB 0x0000000082e00000| Untracked 
|  11|0x0000000082f00000, 0x0000000083000000, 0x0000000083000000|100%| O|  |TAMS 0x0000000082f00000| PB 0x0000000082f00000| Untracked 
|  12|0x0000000083000000, 0x0000000083100000, 0x0000000083100000|100%| O|  |TAMS 0x0000000083000000| PB 0x0000000083000000| Untracked 
|  13|0x0000000083100000, 0x0000000083200000, 0x0000000083200000|100%| O|  |TAMS 0x0000000083100000| PB 0x0000000083100000| Untracked 
|  14|0x0000000083200000, 0x0000000083300000, 0x0000000083300000|100%| O|  |TAMS 0x0000000083200000| PB 0x0000000083200000| Untracked 
|  15|0x0000000083300000, 0x0000000083400000, 0x0000000083400000|100%| O|  |TAMS 0x0000000083300000| PB 0x0000000083300000| Untracked 
|  16|0x0000000083400000, 0x0000000083500000, 0x0000000083500000|100%| O|  |TAMS 0x0000000083400000| PB 0x0000000083400000| Untracked 
|  17|0x0000000083500000, 0x0000000083600000, 0x0000000083600000|100%| O|  |TAMS 0x0000000083500000| PB 0x0000000083500000| Untracked 
|  18|0x0000000083600000, 0x0000000083700000, 0x0000000083700000|100%| O|  |TAMS 0x0000000083600000| PB 0x0000000083600000| Untracked 
|  19|0x0000000083700000, 0x0000000083800000, 0x0000000083800000|100%| O|  |TAMS 0x0000000083700000| PB 0x0000000083700000| Untracked 
|  20|0x0000000083800000, 0x0000000083900000, 0x0000000083900000|100%| O|  |TAMS 0x0000000083800000| PB 0x0000000083800000| Untracked 
|  21|0x0000000083900000, 0x0000000083a00000, 0x0000000083a00000|100%| O|  |TAMS 0x0000000083900000| PB 0x0000000083900000| Untracked 
|  22|0x0000000083a00000, 0x0000000083b00000, 0x0000000083b00000|100%| O|  |TAMS 0x0000000083a00000| PB 0x0000000083a00000| Untracked 
|  23|0x0000000083b00000, 0x0000000083c00000, 0x0000000083c00000|100%| O|  |TAMS 0x0000000083b00000| PB 0x0000000083b00000| Untracked 
|  24|0x0000000083c00000, 0x0000000083d00000, 0x0000000083d00000|100%| O|  |TAMS 0x0000000083c00000| PB 0x0000000083c00000| Untracked 
|  25|0x0000000083d00000, 0x0000000083e00000, 0x0000000083e00000|100%| O|  |TAMS 0x0000000083d00000| PB 0x0000000083d00000| Untracked 
|  26|0x0000000083e00000, 0x0000000083f00000, 0x0000000083f00000|100%| O|  |TAMS 0x0000000083e00000| PB 0x0000000083e00000| Untracked 
|  27|0x0000000083f00000, 0x0000000084000000, 0x0000000084000000|100%| O|  |TAMS 0x0000000083f00000| PB 0x0000000083f00000| Untracked 
|  28|0x0000000084000000, 0x0000000084100000, 0x0000000084100000|100%| O|  |TAMS 0x0000000084000000| PB 0x0000000084000000| Untracked 
|  29|0x0000000084100000, 0x0000000084200000, 0x0000000084200000|100%| O|  |TAMS 0x0000000084100000| PB 0x0000000084100000| Untracked 
|  30|0x0000000084200000, 0x0000000084300000, 0x0000000084300000|100%| O|  |TAMS 0x0000000084200000| PB 0x0000000084200000| Untracked 
|  31|0x0000000084300000, 0x0000000084400000, 0x0000000084400000|100%| O|  |TAMS 0x0000000084300000| PB 0x0000000084300000| Untracked 
|  32|0x0000000084400000, 0x0000000084500000, 0x0000000084500000|100%| O|  |TAMS 0x0000000084400000| PB 0x0000000084400000| Untracked 
|  33|0x0000000084500000, 0x0000000084600000, 0x0000000084600000|100%| O|  |TAMS 0x0000000084500000| PB 0x0000000084500000| Untracked 
|  34|0x0000000084600000, 0x0000000084700000, 0x0000000084700000|100%| O|  |TAMS 0x0000000084600000| PB 0x0000000084600000| Untracked 
|  35|0x0000000084700000, 0x0000000084800000, 0x0000000084800000|100%| O|  |TAMS 0x0000000084700000| PB 0x0000000084700000| Untracked 
|  36|0x0000000084800000, 0x0000000084900000, 0x0000000084900000|100%| O|Cm|TAMS 0x0000000084800000| PB 0x0000000084800000| Complete 
|  37|0x0000000084900000, 0x0000000084a00000, 0x0000000084a00000|100%| O|  |TAMS 0x0000000084900000| PB 0x0000000084900000| Untracked 
|  38|0x0000000084a00000, 0x0000000084b00000, 0x0000000084b00000|100%|HS|  |TAMS 0x0000000084a00000| PB 0x0000000084a00000| Complete 
|  39|0x0000000084b00000, 0x0000000084c00000, 0x0000000084c00000|100%| O|  |TAMS 0x0000000084b00000| PB 0x0000000084b00000| Untracked 
|  40|0x0000000084c00000, 0x0000000084d00000, 0x0000000084d00000|100%| O|  |TAMS 0x0000000084c00000| PB 0x0000000084c00000| Untracked 
|  41|0x0000000084d00000, 0x0000000084e00000, 0x0000000084e00000|100%| O|  |TAMS 0x0000000084d00000| PB 0x0000000084d00000| Untracked 
|  42|0x0000000084e00000, 0x0000000084f00000, 0x0000000084f00000|100%| O|  |TAMS 0x0000000084e00000| PB 0x0000000084e00000| Untracked 
|  43|0x0000000084f00000, 0x0000000085000000, 0x0000000085000000|100%| O|  |TAMS 0x0000000084f00000| PB 0x0000000084f00000| Untracked 
|  44|0x0000000085000000, 0x0000000085100000, 0x0000000085100000|100%| O|Cm|TAMS 0x0000000085000000| PB 0x0000000085000000| Complete 
|  45|0x0000000085100000, 0x0000000085200000, 0x0000000085200000|100%| O|  |TAMS 0x0000000085100000| PB 0x0000000085100000| Untracked 
|  46|0x0000000085200000, 0x0000000085300000, 0x0000000085300000|100%| O|  |TAMS 0x0000000085200000| PB 0x0000000085200000| Untracked 
|  47|0x0000000085300000, 0x0000000085400000, 0x0000000085400000|100%| O|  |TAMS 0x0000000085300000| PB 0x0000000085300000| Untracked 
|  48|0x0000000085400000, 0x0000000085500000, 0x0000000085500000|100%| O|  |TAMS 0x0000000085400000| PB 0x0000000085400000| Untracked 
|  49|0x0000000085500000, 0x0000000085600000, 0x0000000085600000|100%| O|  |TAMS 0x0000000085500000| PB 0x0000000085500000| Untracked 
|  50|0x0000000085600000, 0x0000000085700000, 0x0000000085700000|100%| O|  |TAMS 0x0000000085600000| PB 0x0000000085600000| Untracked 
|  51|0x0000000085700000, 0x0000000085800000, 0x0000000085800000|100%| O|  |TAMS 0x0000000085700000| PB 0x0000000085700000| Untracked 
|  52|0x0000000085800000, 0x0000000085900000, 0x0000000085900000|100%| O|Cm|TAMS 0x0000000085800000| PB 0x0000000085800000| Complete 
|  53|0x0000000085900000, 0x0000000085a00000, 0x0000000085a00000|100%|HS|  |TAMS 0x0000000085900000| PB 0x0000000085900000| Complete 
|  54|0x0000000085a00000, 0x0000000085b00000, 0x0000000085b00000|100%|HC|  |TAMS 0x0000000085a00000| PB 0x0000000085a00000| Complete 
|  55|0x0000000085b00000, 0x0000000085c00000, 0x0000000085c00000|100%|HC|  |TAMS 0x0000000085b00000| PB 0x0000000085b00000| Complete 
|  56|0x0000000085c00000, 0x0000000085d00000, 0x0000000085d00000|100%|HC|  |TAMS 0x0000000085c00000| PB 0x0000000085c00000| Complete 
|  57|0x0000000085d00000, 0x0000000085e00000, 0x0000000085e00000|100%| O|  |TAMS 0x0000000085d00000| PB 0x0000000085d00000| Untracked 
|  58|0x0000000085e00000, 0x0000000085f00000, 0x0000000085f00000|100%| O|  |TAMS 0x0000000085e00000| PB 0x0000000085e00000| Untracked 
|  59|0x0000000085f00000, 0x0000000086000000, 0x0000000086000000|100%| O|  |TAMS 0x0000000085f00000| PB 0x0000000085f00000| Untracked 
|  60|0x0000000086000000, 0x0000000086100000, 0x0000000086100000|100%| O|  |TAMS 0x0000000086000000| PB 0x0000000086000000| Untracked 
|  61|0x0000000086100000, 0x0000000086200000, 0x0000000086200000|100%| O|  |TAMS 0x0000000086100000| PB 0x0000000086100000| Untracked 
|  62|0x0000000086200000, 0x0000000086300000, 0x0000000086300000|100%| O|  |TAMS 0x0000000086200000| PB 0x0000000086200000| Untracked 
|  63|0x0000000086300000, 0x0000000086400000, 0x0000000086400000|100%| O|  |TAMS 0x0000000086300000| PB 0x0000000086300000| Untracked 
|  64|0x0000000086400000, 0x0000000086500000, 0x0000000086500000|100%| O|  |TAMS 0x0000000086400000| PB 0x0000000086400000| Untracked 
|  65|0x0000000086500000, 0x0000000086600000, 0x0000000086600000|100%| O|  |TAMS 0x0000000086500000| PB 0x0000000086500000| Untracked 
|  66|0x0000000086600000, 0x0000000086700000, 0x0000000086700000|100%| O|  |TAMS 0x0000000086600000| PB 0x0000000086600000| Untracked 
|  67|0x0000000086700000, 0x0000000086800000, 0x0000000086800000|100%| O|  |TAMS 0x0000000086700000| PB 0x0000000086700000| Untracked 
|  68|0x0000000086800000, 0x0000000086900000, 0x0000000086900000|100%| O|  |TAMS 0x0000000086800000| PB 0x0000000086800000| Untracked 
|  69|0x0000000086900000, 0x0000000086a00000, 0x0000000086a00000|100%| O|Cm|TAMS 0x0000000086900000| PB 0x0000000086900000| Complete 
|  70|0x0000000086a00000, 0x0000000086b00000, 0x0000000086b00000|100%| O|  |TAMS 0x0000000086a00000| PB 0x0000000086a00000| Untracked 
|  71|0x0000000086b00000, 0x0000000086c00000, 0x0000000086c00000|100%| O|  |TAMS 0x0000000086b00000| PB 0x0000000086b00000| Untracked 
|  72|0x0000000086c00000, 0x0000000086d00000, 0x0000000086d00000|100%| O|  |TAMS 0x0000000086c00000| PB 0x0000000086c00000| Untracked 
|  73|0x0000000086d00000, 0x0000000086e00000, 0x0000000086e00000|100%| O|  |TAMS 0x0000000086d00000| PB 0x0000000086d00000| Untracked 
|  74|0x0000000086e00000, 0x0000000086f00000, 0x0000000086f00000|100%| O|  |TAMS 0x0000000086e00000| PB 0x0000000086e00000| Untracked 
|  75|0x0000000086f00000, 0x0000000087000000, 0x0000000087000000|100%| O|  |TAMS 0x0000000086f00000| PB 0x0000000086f00000| Untracked 
|  76|0x0000000087000000, 0x0000000087100000, 0x0000000087100000|100%| O|  |TAMS 0x0000000087000000| PB 0x0000000087000000| Untracked 
|  77|0x0000000087100000, 0x0000000087200000, 0x0000000087200000|100%| O|  |TAMS 0x0000000087100000| PB 0x0000000087100000| Untracked 
|  78|0x0000000087200000, 0x0000000087300000, 0x0000000087300000|100%| O|  |TAMS 0x0000000087200000| PB 0x0000000087200000| Untracked 
|  79|0x0000000087300000, 0x0000000087400000, 0x0000000087400000|100%| O|  |TAMS 0x0000000087300000| PB 0x0000000087300000| Untracked 
|  80|0x0000000087400000, 0x0000000087400000, 0x0000000087500000|  0%| F|  |TAMS 0x0000000087400000| PB 0x0000000087400000| Untracked 
|  81|0x0000000087500000, 0x0000000087500000, 0x0000000087600000|  0%| F|  |TAMS 0x0000000087500000| PB 0x0000000087500000| Untracked 
|  82|0x0000000087600000, 0x0000000087600000, 0x0000000087700000|  0%| F|  |TAMS 0x0000000087600000| PB 0x0000000087600000| Untracked 
|  83|0x0000000087700000, 0x0000000087700000, 0x0000000087800000|  0%| F|  |TAMS 0x0000000087700000| PB 0x0000000087700000| Untracked 
|  84|0x0000000087800000, 0x0000000087800000, 0x0000000087900000|  0%| F|  |TAMS 0x0000000087800000| PB 0x0000000087800000| Untracked 
|  85|0x0000000087900000, 0x0000000087900000, 0x0000000087a00000|  0%| F|  |TAMS 0x0000000087900000| PB 0x0000000087900000| Untracked 
|  86|0x0000000087a00000, 0x0000000087a00000, 0x0000000087b00000|  0%| F|  |TAMS 0x0000000087a00000| PB 0x0000000087a00000| Untracked 
|  87|0x0000000087b00000, 0x0000000087b00000, 0x0000000087c00000|  0%| F|  |TAMS 0x0000000087b00000| PB 0x0000000087b00000| Untracked 
|  88|0x0000000087c00000, 0x0000000087c00000, 0x0000000087d00000|  0%| F|  |TAMS 0x0000000087c00000| PB 0x0000000087c00000| Untracked 
|  89|0x0000000087d00000, 0x0000000087d00000, 0x0000000087e00000|  0%| F|  |TAMS 0x0000000087d00000| PB 0x0000000087d00000| Untracked 
|  90|0x0000000087e00000, 0x0000000087e00000, 0x0000000087f00000|  0%| F|  |TAMS 0x0000000087e00000| PB 0x0000000087e00000| Untracked 
|  91|0x0000000087f00000, 0x0000000087f00000, 0x0000000088000000|  0%| F|  |TAMS 0x0000000087f00000| PB 0x0000000087f00000| Untracked 
|  92|0x0000000088000000, 0x0000000088000000, 0x0000000088100000|  0%| F|  |TAMS 0x0000000088000000| PB 0x0000000088000000| Untracked 
|  93|0x0000000088100000, 0x0000000088100000, 0x0000000088200000|  0%| F|  |TAMS 0x0000000088100000| PB 0x0000000088100000| Untracked 
|  94|0x0000000088200000, 0x0000000088300000, 0x0000000088300000|100%| O|  |TAMS 0x0000000088200000| PB 0x0000000088200000| Untracked 
|  95|0x0000000088300000, 0x0000000088400000, 0x0000000088400000|100%| O|  |TAMS 0x0000000088300000| PB 0x0000000088300000| Untracked 
|  96|0x0000000088400000, 0x0000000088400000, 0x0000000088500000|  0%| F|  |TAMS 0x0000000088400000| PB 0x0000000088400000| Untracked 
|  97|0x0000000088500000, 0x0000000088500000, 0x0000000088600000|  0%| F|  |TAMS 0x0000000088500000| PB 0x0000000088500000| Untracked 
|  98|0x0000000088600000, 0x0000000088700000, 0x0000000088700000|100%| O|Cm|TAMS 0x0000000088600000| PB 0x0000000088600000| Complete 
|  99|0x0000000088700000, 0x0000000088700000, 0x0000000088800000|  0%| F|  |TAMS 0x0000000088700000| PB 0x0000000088700000| Untracked 
| 100|0x0000000088800000, 0x0000000088800000, 0x0000000088900000|  0%| F|  |TAMS 0x0000000088800000| PB 0x0000000088800000| Untracked 
| 101|0x0000000088900000, 0x0000000088900000, 0x0000000088a00000|  0%| F|  |TAMS 0x0000000088900000| PB 0x0000000088900000| Untracked 
| 102|0x0000000088a00000, 0x0000000088a00000, 0x0000000088b00000|  0%| F|  |TAMS 0x0000000088a00000| PB 0x0000000088a00000| Untracked 
| 103|0x0000000088b00000, 0x0000000088b536f8, 0x0000000088c00000| 32%| S|CS|TAMS 0x0000000088b00000| PB 0x0000000088b00000| Complete 
| 104|0x0000000088c00000, 0x0000000088d00000, 0x0000000088d00000|100%| S|CS|TAMS 0x0000000088c00000| PB 0x0000000088c00000| Complete 
| 105|0x0000000088d00000, 0x0000000088e00000, 0x0000000088e00000|100%| S|CS|TAMS 0x0000000088d00000| PB 0x0000000088d00000| Complete 
| 106|0x0000000088e00000, 0x0000000088f00000, 0x0000000088f00000|100%| S|CS|TAMS 0x0000000088e00000| PB 0x0000000088e00000| Complete 
| 107|0x0000000088f00000, 0x0000000088f00000, 0x0000000089000000|  0%| F|  |TAMS 0x0000000088f00000| PB 0x0000000088f00000| Untracked 
| 108|0x0000000089000000, 0x0000000089000000, 0x0000000089100000|  0%| F|  |TAMS 0x0000000089000000| PB 0x0000000089000000| Untracked 
| 109|0x0000000089100000, 0x0000000089100000, 0x0000000089200000|  0%| F|  |TAMS 0x0000000089100000| PB 0x0000000089100000| Untracked 
| 110|0x0000000089200000, 0x0000000089200000, 0x0000000089300000|  0%| F|  |TAMS 0x0000000089200000| PB 0x0000000089200000| Untracked 
| 111|0x0000000089300000, 0x0000000089300000, 0x0000000089400000|  0%| F|  |TAMS 0x0000000089300000| PB 0x0000000089300000| Untracked 
| 112|0x0000000089400000, 0x0000000089400000, 0x0000000089500000|  0%| F|  |TAMS 0x0000000089400000| PB 0x0000000089400000| Untracked 
| 113|0x0000000089500000, 0x0000000089500000, 0x0000000089600000|  0%| F|  |TAMS 0x0000000089500000| PB 0x0000000089500000| Untracked 
| 114|0x0000000089600000, 0x0000000089600000, 0x0000000089700000|  0%| F|  |TAMS 0x0000000089600000| PB 0x0000000089600000| Untracked 
| 115|0x0000000089700000, 0x0000000089800000, 0x0000000089800000|100%| S|CS|TAMS 0x0000000089700000| PB 0x0000000089700000| Complete 
| 116|0x0000000089800000, 0x0000000089900000, 0x0000000089900000|100%| S|CS|TAMS 0x0000000089800000| PB 0x0000000089800000| Complete 
| 117|0x0000000089900000, 0x0000000089a00000, 0x0000000089a00000|100%| S|CS|TAMS 0x0000000089900000| PB 0x0000000089900000| Complete 
| 118|0x0000000089a00000, 0x0000000089b00000, 0x0000000089b00000|100%| S|CS|TAMS 0x0000000089a00000| PB 0x0000000089a00000| Complete 
| 119|0x0000000089b00000, 0x0000000089b00000, 0x0000000089c00000|  0%| F|  |TAMS 0x0000000089b00000| PB 0x0000000089b00000| Untracked 
| 120|0x0000000089c00000, 0x0000000089c00000, 0x0000000089d00000|  0%| F|  |TAMS 0x0000000089c00000| PB 0x0000000089c00000| Untracked 
| 121|0x0000000089d00000, 0x0000000089d00000, 0x0000000089e00000|  0%| F|  |TAMS 0x0000000089d00000| PB 0x0000000089d00000| Untracked 
| 122|0x0000000089e00000, 0x0000000089e00000, 0x0000000089f00000|  0%| F|  |TAMS 0x0000000089e00000| PB 0x0000000089e00000| Untracked 
| 123|0x0000000089f00000, 0x0000000089f00000, 0x000000008a000000|  0%| F|  |TAMS 0x0000000089f00000| PB 0x0000000089f00000| Untracked 
| 124|0x000000008a000000, 0x000000008a000000, 0x000000008a100000|  0%| F|  |TAMS 0x000000008a000000| PB 0x000000008a000000| Untracked 
| 125|0x000000008a100000, 0x000000008a100000, 0x000000008a200000|  0%| F|  |TAMS 0x000000008a100000| PB 0x000000008a100000| Untracked 
| 126|0x000000008a200000, 0x000000008a200000, 0x000000008a300000|  0%| F|  |TAMS 0x000000008a200000| PB 0x000000008a200000| Untracked 
| 127|0x000000008a300000, 0x000000008a300000, 0x000000008a400000|  0%| F|  |TAMS 0x000000008a300000| PB 0x000000008a300000| Untracked 
| 128|0x000000008a400000, 0x000000008a400000, 0x000000008a500000|  0%| F|  |TAMS 0x000000008a400000| PB 0x000000008a400000| Untracked 
| 129|0x000000008a500000, 0x000000008a500000, 0x000000008a600000|  0%| F|  |TAMS 0x000000008a500000| PB 0x000000008a500000| Untracked 
| 130|0x000000008a600000, 0x000000008a600000, 0x000000008a700000|  0%| F|  |TAMS 0x000000008a600000| PB 0x000000008a600000| Untracked 
| 131|0x000000008a700000, 0x000000008a700000, 0x000000008a800000|  0%| F|  |TAMS 0x000000008a700000| PB 0x000000008a700000| Untracked 
| 132|0x000000008a800000, 0x000000008a800000, 0x000000008a900000|  0%| F|  |TAMS 0x000000008a800000| PB 0x000000008a800000| Untracked 
| 133|0x000000008a900000, 0x000000008a900000, 0x000000008aa00000|  0%| F|  |TAMS 0x000000008a900000| PB 0x000000008a900000| Untracked 
| 134|0x000000008aa00000, 0x000000008aa00000, 0x000000008ab00000|  0%| F|  |TAMS 0x000000008aa00000| PB 0x000000008aa00000| Untracked 
| 135|0x000000008ab00000, 0x000000008ab00000, 0x000000008ac00000|  0%| F|  |TAMS 0x000000008ab00000| PB 0x000000008ab00000| Untracked 
| 136|0x000000008ac00000, 0x000000008ac00000, 0x000000008ad00000|  0%| F|  |TAMS 0x000000008ac00000| PB 0x000000008ac00000| Untracked 
| 137|0x000000008ad00000, 0x000000008ad00000, 0x000000008ae00000|  0%| F|  |TAMS 0x000000008ad00000| PB 0x000000008ad00000| Untracked 
| 138|0x000000008ae00000, 0x000000008ae00000, 0x000000008af00000|  0%| F|  |TAMS 0x000000008ae00000| PB 0x000000008ae00000| Untracked 
| 139|0x000000008af00000, 0x000000008af00000, 0x000000008b000000|  0%| F|  |TAMS 0x000000008af00000| PB 0x000000008af00000| Untracked 
| 140|0x000000008b000000, 0x000000008b000000, 0x000000008b100000|  0%| F|  |TAMS 0x000000008b000000| PB 0x000000008b000000| Untracked 
| 141|0x000000008b100000, 0x000000008b100000, 0x000000008b200000|  0%| F|  |TAMS 0x000000008b100000| PB 0x000000008b100000| Untracked 
| 142|0x000000008b200000, 0x000000008b200000, 0x000000008b300000|  0%| F|  |TAMS 0x000000008b200000| PB 0x000000008b200000| Untracked 
| 143|0x000000008b300000, 0x000000008b300000, 0x000000008b400000|  0%| F|  |TAMS 0x000000008b300000| PB 0x000000008b300000| Untracked 
| 144|0x000000008b400000, 0x000000008b400000, 0x000000008b500000|  0%| F|  |TAMS 0x000000008b400000| PB 0x000000008b400000| Untracked 
| 145|0x000000008b500000, 0x000000008b500000, 0x000000008b600000|  0%| F|  |TAMS 0x000000008b500000| PB 0x000000008b500000| Untracked 
| 146|0x000000008b600000, 0x000000008b600000, 0x000000008b700000|  0%| F|  |TAMS 0x000000008b600000| PB 0x000000008b600000| Untracked 
| 147|0x000000008b700000, 0x000000008b700000, 0x000000008b800000|  0%| F|  |TAMS 0x000000008b700000| PB 0x000000008b700000| Untracked 
| 148|0x000000008b800000, 0x000000008b800000, 0x000000008b900000|  0%| F|  |TAMS 0x000000008b800000| PB 0x000000008b800000| Untracked 
| 149|0x000000008b900000, 0x000000008b900000, 0x000000008ba00000|  0%| F|  |TAMS 0x000000008b900000| PB 0x000000008b900000| Untracked 
| 150|0x000000008ba00000, 0x000000008ba00000, 0x000000008bb00000|  0%| F|  |TAMS 0x000000008ba00000| PB 0x000000008ba00000| Untracked 
| 151|0x000000008bb00000, 0x000000008bb00000, 0x000000008bc00000|  0%| F|  |TAMS 0x000000008bb00000| PB 0x000000008bb00000| Untracked 
| 152|0x000000008bc00000, 0x000000008bc00000, 0x000000008bd00000|  0%| F|  |TAMS 0x000000008bc00000| PB 0x000000008bc00000| Untracked 
| 153|0x000000008bd00000, 0x000000008bd00000, 0x000000008be00000|  0%| F|  |TAMS 0x000000008bd00000| PB 0x000000008bd00000| Untracked 
| 154|0x000000008be00000, 0x000000008be00000, 0x000000008bf00000|  0%| F|  |TAMS 0x000000008be00000| PB 0x000000008be00000| Untracked 
| 155|0x000000008bf00000, 0x000000008bf00000, 0x000000008c000000|  0%| F|  |TAMS 0x000000008bf00000| PB 0x000000008bf00000| Untracked 
| 156|0x000000008c000000, 0x000000008c000000, 0x000000008c100000|  0%| F|  |TAMS 0x000000008c000000| PB 0x000000008c000000| Untracked 
| 157|0x000000008c100000, 0x000000008c100000, 0x000000008c200000|  0%| F|  |TAMS 0x000000008c100000| PB 0x000000008c100000| Untracked 
| 158|0x000000008c200000, 0x000000008c200000, 0x000000008c300000|  0%| F|  |TAMS 0x000000008c200000| PB 0x000000008c200000| Untracked 
| 159|0x000000008c300000, 0x000000008c300000, 0x000000008c400000|  0%| F|  |TAMS 0x000000008c300000| PB 0x000000008c300000| Untracked 
| 160|0x000000008c400000, 0x000000008c400000, 0x000000008c500000|  0%| F|  |TAMS 0x000000008c400000| PB 0x000000008c400000| Untracked 
| 161|0x000000008c500000, 0x000000008c600000, 0x000000008c600000|100%| E|  |TAMS 0x000000008c500000| PB 0x000000008c500000| Complete 
| 162|0x000000008c600000, 0x000000008c700000, 0x000000008c700000|100%| E|CS|TAMS 0x000000008c600000| PB 0x000000008c600000| Complete 
| 163|0x000000008c700000, 0x000000008c800000, 0x000000008c800000|100%| E|CS|TAMS 0x000000008c700000| PB 0x000000008c700000| Complete 
| 164|0x000000008c800000, 0x000000008c900000, 0x000000008c900000|100%| E|CS|TAMS 0x000000008c800000| PB 0x000000008c800000| Complete 
| 165|0x000000008c900000, 0x000000008ca00000, 0x000000008ca00000|100%| E|CS|TAMS 0x000000008c900000| PB 0x000000008c900000| Complete 
| 166|0x000000008ca00000, 0x000000008cb00000, 0x000000008cb00000|100%| E|CS|TAMS 0x000000008ca00000| PB 0x000000008ca00000| Complete 
| 167|0x000000008cb00000, 0x000000008cc00000, 0x000000008cc00000|100%| E|CS|TAMS 0x000000008cb00000| PB 0x000000008cb00000| Complete 
| 168|0x000000008cc00000, 0x000000008cd00000, 0x000000008cd00000|100%| E|CS|TAMS 0x000000008cc00000| PB 0x000000008cc00000| Complete 
| 169|0x000000008cd00000, 0x000000008ce00000, 0x000000008ce00000|100%| E|CS|TAMS 0x000000008cd00000| PB 0x000000008cd00000| Complete 
| 170|0x000000008ce00000, 0x000000008cf00000, 0x000000008cf00000|100%| E|CS|TAMS 0x000000008ce00000| PB 0x000000008ce00000| Complete 
| 171|0x000000008cf00000, 0x000000008d000000, 0x000000008d000000|100%| E|CS|TAMS 0x000000008cf00000| PB 0x000000008cf00000| Complete 
| 172|0x000000008d000000, 0x000000008d100000, 0x000000008d100000|100%| E|CS|TAMS 0x000000008d000000| PB 0x000000008d000000| Complete 
| 173|0x000000008d100000, 0x000000008d200000, 0x000000008d200000|100%| E|CS|TAMS 0x000000008d100000| PB 0x000000008d100000| Complete 
| 174|0x000000008d200000, 0x000000008d300000, 0x000000008d300000|100%| E|CS|TAMS 0x000000008d200000| PB 0x000000008d200000| Complete 
| 175|0x000000008d300000, 0x000000008d400000, 0x000000008d400000|100%| E|CS|TAMS 0x000000008d300000| PB 0x000000008d300000| Complete 
| 176|0x000000008d400000, 0x000000008d500000, 0x000000008d500000|100%| E|CS|TAMS 0x000000008d400000| PB 0x000000008d400000| Complete 
| 177|0x000000008d500000, 0x000000008d600000, 0x000000008d600000|100%| E|CS|TAMS 0x000000008d500000| PB 0x000000008d500000| Complete 
| 178|0x000000008d600000, 0x000000008d700000, 0x000000008d700000|100%| E|CS|TAMS 0x000000008d600000| PB 0x000000008d600000| Complete 
| 179|0x000000008d700000, 0x000000008d800000, 0x000000008d800000|100%| E|CS|TAMS 0x000000008d700000| PB 0x000000008d700000| Complete 
| 180|0x000000008d800000, 0x000000008d900000, 0x000000008d900000|100%| E|CS|TAMS 0x000000008d800000| PB 0x000000008d800000| Complete 
| 181|0x000000008d900000, 0x000000008da00000, 0x000000008da00000|100%| E|CS|TAMS 0x000000008d900000| PB 0x000000008d900000| Complete 
|1994|0x00000000fee00000, 0x00000000fef00000, 0x00000000fef00000|100%| E|CS|TAMS 0x00000000fee00000| PB 0x00000000fee00000| Complete 
|1995|0x00000000fef00000, 0x00000000ff000000, 0x00000000ff000000|100%| E|CS|TAMS 0x00000000fef00000| PB 0x00000000fef00000| Complete 
|1996|0x00000000ff000000, 0x00000000ff100000, 0x00000000ff100000|100%| E|CS|TAMS 0x00000000ff000000| PB 0x00000000ff000000| Complete 
|1997|0x00000000ff100000, 0x00000000ff200000, 0x00000000ff200000|100%| E|CS|TAMS 0x00000000ff100000| PB 0x00000000ff100000| Complete 
|1998|0x00000000ff200000, 0x00000000ff300000, 0x00000000ff300000|100%| E|CS|TAMS 0x00000000ff200000| PB 0x00000000ff200000| Complete 
|1999|0x00000000ff300000, 0x00000000ff400000, 0x00000000ff400000|100%| E|CS|TAMS 0x00000000ff300000| PB 0x00000000ff300000| Complete 
|2000|0x00000000ff400000, 0x00000000ff500000, 0x00000000ff500000|100%| E|CS|TAMS 0x00000000ff400000| PB 0x00000000ff400000| Complete 
|2001|0x00000000ff500000, 0x00000000ff600000, 0x00000000ff600000|100%| E|CS|TAMS 0x00000000ff500000| PB 0x00000000ff500000| Complete 
|2002|0x00000000ff600000, 0x00000000ff700000, 0x00000000ff700000|100%| E|CS|TAMS 0x00000000ff600000| PB 0x00000000ff600000| Complete 
|2003|0x00000000ff700000, 0x00000000ff800000, 0x00000000ff800000|100%| E|CS|TAMS 0x00000000ff700000| PB 0x00000000ff700000| Complete 
|2004|0x00000000ff800000, 0x00000000ff900000, 0x00000000ff900000|100%| E|CS|TAMS 0x00000000ff800000| PB 0x00000000ff800000| Complete 
|2005|0x00000000ff900000, 0x00000000ffa00000, 0x00000000ffa00000|100%| E|CS|TAMS 0x00000000ff900000| PB 0x00000000ff900000| Complete 
|2006|0x00000000ffa00000, 0x00000000ffb00000, 0x00000000ffb00000|100%| E|CS|TAMS 0x00000000ffa00000| PB 0x00000000ffa00000| Complete 
|2007|0x00000000ffb00000, 0x00000000ffc00000, 0x00000000ffc00000|100%| E|CS|TAMS 0x00000000ffb00000| PB 0x00000000ffb00000| Complete 
|2008|0x00000000ffc00000, 0x00000000ffd00000, 0x00000000ffd00000|100%| E|CS|TAMS 0x00000000ffc00000| PB 0x00000000ffc00000| Complete 
|2009|0x00000000ffd00000, 0x00000000ffe00000, 0x00000000ffe00000|100%| E|CS|TAMS 0x00000000ffd00000| PB 0x00000000ffd00000| Complete 
|2010|0x00000000ffe00000, 0x00000000fff00000, 0x00000000fff00000|100%| E|CS|TAMS 0x00000000ffe00000| PB 0x00000000ffe00000| Complete 
|2011|0x00000000fff00000, 0x0000000100000000, 0x0000000100000000|100%| E|CS|TAMS 0x00000000fff00000| PB 0x00000000fff00000| Complete 

Card table byte_map: [0x00000152973e0000,0x00000152977d0000] _byte_map_base: 0x0000015296fce000

Marking Bits: (CMBitMap*) 0x00000152fd8cbf90
 Bits: [0x00000152977d0000, 0x0000015299740000)

Polling page: 0x00000152fd940000

Metaspace:

Usage:
  Non-class:    155.89 MB used.
      Class:     20.98 MB used.
       Both:    176.87 MB used.

Virtual space:
  Non-class space:      192.00 MB reserved,     156.69 MB ( 82%) committed,  3 nodes.
      Class space:        1.00 GB reserved,      21.62 MB (  2%) committed,  1 nodes.
             Both:        1.19 GB reserved,     178.31 MB ( 15%) committed. 

Chunk freelists:
   Non-Class:  3.23 MB
       Class:  10.31 MB
        Both:  13.55 MB

MaxMetaspaceSize: unlimited
CompressedClassSpaceSize: 1.00 GB
Initial GC threshold: 21.00 MB
Current GC threshold: 292.44 MB
CDS: on
 - commit_granule_bytes: 65536.
 - commit_granule_words: 8192.
 - virtual_space_node_default_size: 8388608.
 - enlarge_chunks_in_place: 1.
 - use_allocation_guard: 0.


Internal statistics:

num_allocs_failed_limit: 15.
num_arena_births: 2250.
num_arena_deaths: 4.
num_vsnodes_births: 4.
num_vsnodes_deaths: 0.
num_space_committed: 2866.
num_space_uncommitted: 9.
num_chunks_returned_to_freelist: 89.
num_chunks_taken_from_freelist: 9122.
num_chunk_merges: 32.
num_chunk_splits: 7029.
num_chunks_enlarged: 5670.
num_inconsistent_stats: 0.

CodeHeap 'non-profiled nmethods': size=120000Kb used=12537Kb max_used=13494Kb free=107462Kb
 bounds [0x000001528feb0000, 0x0000015290be0000, 0x00000152973e0000]
CodeHeap 'profiled nmethods': size=120000Kb used=54245Kb max_used=57381Kb free=65754Kb
 bounds [0x00000152883e0000, 0x000001528bc00000, 0x000001528f910000]
CodeHeap 'non-nmethods': size=5760Kb used=2060Kb max_used=2141Kb free=3700Kb
 bounds [0x000001528f910000, 0x000001528fb80000, 0x000001528feb0000]
 total_blobs=21225 nmethods=20228 adapters=898
 compilation: enabled
              stopped_count=0, restarted_count=0
 full_count=0

Compilation events (20 events):
Event: 41.990 Thread 0x000001529c0cda10 nmethod 30137 0x0000015288d50910 code [0x0000015288d50ac0, 0x0000015288d50da0]
Event: 41.990 Thread 0x000001529c0cda10 30138       3       org.springframework.data.repository.core.RepositoryInformationSupport::getRepositoryInterface (10 bytes)
Event: 41.990 Thread 0x000001529c0cda10 nmethod 30138 0x0000015289b7d210 code [0x0000015289b7d3e0, 0x0000015289b7d7f0]
Event: 41.990 Thread 0x000001529c0cda10 30139       3       org.springframework.data.repository.core.RepositoryInformationSupport::isQueryMethodCandidate (54 bytes)
Event: 41.991 Thread 0x000001529c0cda10 nmethod 30139 0x0000015288681610 code [0x0000015288681960, 0x0000015288683068]
Event: 41.991 Thread 0x000001529c0cda10 30149       3       org.springframework.data.repository.core.RepositoryInformationSupport::isQueryAnnotationPresentOn (15 bytes)
Event: 41.991 Thread 0x000001529c0cda10 nmethod 30149 0x00000152894a2610 code [0x00000152894a27c0, 0x00000152894a2960]
Event: 41.991 Thread 0x000001529c0cda10 30150       3       org.springframework.data.repository.core.support.DefaultRepositoryInformation::isBaseClassMethod (23 bytes)
Event: 41.991 Thread 0x000001529c0cda10 nmethod 30150 0x0000015289961710 code [0x0000015289961960, 0x00000152899622d0]
Event: 41.991 Thread 0x000001529c0cda10 30128       1       org.springframework.data.repository.core.support.RepositoryFragment$StructuralRepositoryFragment::getSignatureContributor (5 bytes)
Event: 41.991 Thread 0x000001529c0cda10 nmethod 30128 0x00000152901dbd90 code [0x00000152901dbf20, 0x00000152901dbfe8]
Event: 41.991 Thread 0x000001529c0cda10 30153       3       org.springframework.data.repository.core.support.RepositoryComposition$RepositoryFragments$$Lambda/0x000001529f5892f0::apply (10 bytes)
Event: 41.991 Thread 0x000001529c0cda10 nmethod 30153 0x0000015288db5110 code [0x0000015288db52c0, 0x0000015288db55a8]
Event: 41.992 Thread 0x000001529c0cda10 30154       3       org.springframework.data.repository.core.support.RepositoryFragment::methods (13 bytes)
Event: 41.992 Thread 0x000001529c0cda10 nmethod 30154 0x0000015289675190 code [0x0000015289675380, 0x0000015289675730]
Event: 42.000 Thread 0x000001529c0cda10 30162       3       org.springframework.data.repository.core.RepositoryInformationSupport$$Lambda/0x000001529f58bd18::test (12 bytes)
Event: 42.000 Thread 0x000001529c0cda10 nmethod 30162 0x0000015288f10990 code [0x0000015288f10b40, 0x0000015288f10de8]
Event: 42.000 Thread 0x000001529c0cda10 30163       3       org.springframework.data.repository.core.RepositoryInformationSupport::lambda$isQueryMethod$0 (6 bytes)
Event: 42.001 Thread 0x000001529c0cda10 nmethod 30163 0x0000015288c5c390 code [0x0000015288c5c540, 0x0000015288c5c670]
Event: 42.043 Thread 0x000001529c0bb800 nmethod 30098 0x00000152909a8f90 code [0x00000152909a93c0, 0x00000152909ac298]

GC Heap History (20 events):
Event: 26.556 GC heap before
{Heap before GC invocations=32 (full 0):
 garbage-first heap   total 195584K, used 170443K [0x0000000082400000, 0x0000000100000000)
  region size 1024K, 68 young (69632K), 10 survivors (10240K)
 Metaspace       used 108941K, committed 110016K, reserved 1179648K
  class space    used 11767K, committed 12288K, reserved 1048576K
}
Event: 26.575 GC heap after
{Heap after GC invocations=33 (full 0):
 garbage-first heap   total 195584K, used 114600K [0x0000000082400000, 0x0000000100000000)
  region size 1024K, 4 young (4096K), 4 survivors (4096K)
 Metaspace       used 108941K, committed 110016K, reserved 1179648K
  class space    used 11767K, committed 12288K, reserved 1048576K
}
Event: 27.059 GC heap before
{Heap before GC invocations=33 (full 0):
 garbage-first heap   total 195584K, used 130984K [0x0000000082400000, 0x0000000100000000)
  region size 1024K, 21 young (21504K), 4 survivors (4096K)
 Metaspace       used 109306K, committed 110336K, reserved 1179648K
  class space    used 11790K, committed 12288K, reserved 1048576K
}
Event: 27.066 GC heap after
{Heap after GC invocations=34 (full 0):
 garbage-first heap   total 195584K, used 116665K [0x0000000082400000, 0x0000000100000000)
  region size 1024K, 6 young (6144K), 6 survivors (6144K)
 Metaspace       used 109306K, committed 110336K, reserved 1179648K
  class space    used 11790K, committed 12288K, reserved 1048576K
}
Event: 27.530 GC heap before
{Heap before GC invocations=35 (full 0):
 garbage-first heap   total 204800K, used 173497K [0x0000000082400000, 0x0000000100000000)
  region size 1024K, 64 young (65536K), 6 survivors (6144K)
 Metaspace       used 109389K, committed 110464K, reserved 1179648K
  class space    used 11790K, committed 12288K, reserved 1048576K
}
Event: 27.548 GC heap after
{Heap after GC invocations=36 (full 0):
 garbage-first heap   total 204800K, used 127254K [0x0000000082400000, 0x0000000100000000)
  region size 1024K, 8 young (8192K), 8 survivors (8192K)
 Metaspace       used 109389K, committed 110464K, reserved 1179648K
  class space    used 11790K, committed 12288K, reserved 1048576K
}
Event: 28.389 GC heap before
{Heap before GC invocations=36 (full 0):
 garbage-first heap   total 204800K, used 179478K [0x0000000082400000, 0x0000000100000000)
  region size 1024K, 59 young (60416K), 8 survivors (8192K)
 Metaspace       used 110484K, committed 111616K, reserved 1179648K
  class space    used 11878K, committed 12416K, reserved 1048576K
}
Event: 28.404 GC heap after
{Heap after GC invocations=37 (full 0):
 garbage-first heap   total 204800K, used 112366K [0x0000000082400000, 0x0000000100000000)
  region size 1024K, 5 young (5120K), 5 survivors (5120K)
 Metaspace       used 110484K, committed 111616K, reserved 1179648K
  class space    used 11878K, committed 12416K, reserved 1048576K
}
Event: 30.430 GC heap before
{Heap before GC invocations=37 (full 0):
 garbage-first heap   total 204800K, used 177902K [0x0000000082400000, 0x0000000100000000)
  region size 1024K, 68 young (69632K), 5 survivors (5120K)
 Metaspace       used 120897K, committed 122176K, reserved 1179648K
  class space    used 13309K, committed 13888K, reserved 1048576K
}
Event: 30.445 GC heap after
{Heap after GC invocations=38 (full 0):
 garbage-first heap   total 204800K, used 105888K [0x0000000082400000, 0x0000000100000000)
  region size 1024K, 9 young (9216K), 9 survivors (9216K)
 Metaspace       used 120897K, committed 122176K, reserved 1179648K
  class space    used 13309K, committed 13888K, reserved 1048576K
}
Event: 31.872 GC heap before
{Heap before GC invocations=38 (full 0):
 garbage-first heap   total 204800K, used 173472K [0x0000000082400000, 0x0000000100000000)
  region size 1024K, 75 young (76800K), 9 survivors (9216K)
 Metaspace       used 135453K, committed 136704K, reserved 1179648K
  class space    used 15151K, committed 15744K, reserved 1048576K
}
Event: 31.881 GC heap after
{Heap after GC invocations=39 (full 0):
 garbage-first heap   total 204800K, used 107298K [0x0000000082400000, 0x0000000100000000)
  region size 1024K, 5 young (5120K), 5 survivors (5120K)
 Metaspace       used 135453K, committed 136704K, reserved 1179648K
  class space    used 15151K, committed 15744K, reserved 1048576K
}
Event: 33.839 GC heap before
{Heap before GC invocations=39 (full 0):
 garbage-first heap   total 204800K, used 174882K [0x0000000082400000, 0x0000000100000000)
  region size 1024K, 72 young (73728K), 5 survivors (5120K)
 Metaspace       used 142256K, committed 143616K, reserved 1179648K
  class space    used 15989K, committed 16640K, reserved 1048576K
}
Event: 33.848 GC heap after
{Heap after GC invocations=40 (full 0):
 garbage-first heap   total 204800K, used 113059K [0x0000000082400000, 0x0000000100000000)
  region size 1024K, 9 young (9216K), 9 survivors (9216K)
 Metaspace       used 142256K, committed 143616K, reserved 1179648K
  class space    used 15989K, committed 16640K, reserved 1048576K
}
Event: 35.784 GC heap before
{Heap before GC invocations=41 (full 0):
 garbage-first heap   total 204800K, used 169379K [0x0000000082400000, 0x0000000100000000)
  region size 1024K, 75 young (76800K), 9 survivors (9216K)
 Metaspace       used 148052K, committed 149312K, reserved 1245184K
  class space    used 16892K, committed 17472K, reserved 1048576K
}
Event: 35.800 GC heap after
{Heap after GC invocations=42 (full 0):
 garbage-first heap   total 204800K, used 107179K [0x0000000082400000, 0x0000000100000000)
  region size 1024K, 5 young (5120K), 5 survivors (5120K)
 Metaspace       used 148052K, committed 149312K, reserved 1245184K
  class space    used 16892K, committed 17472K, reserved 1048576K
}
Event: 37.809 GC heap before
{Heap before GC invocations=42 (full 0):
 garbage-first heap   total 204800K, used 180907K [0x0000000082400000, 0x0000000100000000)
  region size 1024K, 77 young (78848K), 5 survivors (5120K)
 Metaspace       used 163747K, committed 165120K, reserved 1245184K
  class space    used 18966K, committed 19648K, reserved 1048576K
}
Event: 37.817 GC heap after
{Heap after GC invocations=43 (full 0):
 garbage-first heap   total 204800K, used 88762K [0x0000000082400000, 0x0000000100000000)
  region size 1024K, 8 young (8192K), 8 survivors (8192K)
 Metaspace       used 163747K, committed 165120K, reserved 1245184K
  class space    used 18966K, committed 19648K, reserved 1048576K
}
Event: 39.261 GC heap before
{Heap before GC invocations=43 (full 0):
 garbage-first heap   total 204800K, used 171706K [0x0000000082400000, 0x0000000100000000)
  region size 1024K, 89 young (91136K), 8 survivors (8192K)
 Metaspace       used 177650K, committed 179136K, reserved 1245184K
  class space    used 20992K, committed 21696K, reserved 1048576K
}
Event: 39.270 GC heap after
{Heap after GC invocations=44 (full 0):
 garbage-first heap   total 204800K, used 92493K [0x0000000082400000, 0x0000000100000000)
  region size 1024K, 8 young (8192K), 8 survivors (8192K)
 Metaspace       used 177650K, committed 179136K, reserved 1245184K
  class space    used 20992K, committed 21696K, reserved 1048576K
}

Dll operation events (9 events):
Event: 0.007 Loaded shared library D:\mailon\Java\jdk-21.0.10\bin\java.dll
Event: 0.029 Loaded shared library D:\mailon\Java\jdk-21.0.10\bin\jsvml.dll
Event: 0.054 Loaded shared library D:\mailon\Java\jdk-21.0.10\bin\net.dll
Event: 0.056 Loaded shared library D:\mailon\Java\jdk-21.0.10\bin\nio.dll
Event: 0.077 Loaded shared library D:\mailon\Java\jdk-21.0.10\bin\zip.dll
Event: 0.853 Loaded shared library D:\mailon\Java\jdk-21.0.10\bin\jimage.dll
Event: 0.854 Loaded shared library D:\mailon\Usuario\Desktop\apache-maven-3.9.14-bin (1)\apache-maven-3.9.14\lib\jansi-native\Windows\x86_64\jansi.dll
Event: 0.866 Loaded shared library D:\mailon\Java\jdk-21.0.10\bin\verify.dll
Event: 32.565 Loaded shared library D:\mailon\Java\jdk-21.0.10\bin\sunmscapi.dll

Deoptimization events (20 events):
Event: 40.823 Thread 0x00000152fd48e770 Uncommon trap: trap_request=0xffffffde fr.pc=0x0000015290aa3508 relative=0x00000000000005a8
Event: 40.823 Thread 0x00000152fd48e770 Uncommon trap: reason=class_check action=maybe_recompile pc=0x0000015290aa3508 method=org.springframework.util.ConcurrentReferenceHashMap$Segment.findInChain(Lorg/springframework/util/ConcurrentReferenceHashMap$Reference;Ljava/lang/Object;I)Lorg/springfra
Event: 40.823 Thread 0x00000152fd48e770 DEOPT PACKING pc=0x0000015290aa3508 sp=0x000000021bdf9f80
Event: 40.823 Thread 0x00000152fd48e770 DEOPT UNPACKING pc=0x000001528f9646a2 sp=0x000000021bdf9da8 mode 2
Event: 40.823 Thread 0x00000152fd48e770 Uncommon trap: trap_request=0xffffffde fr.pc=0x0000015290aa2324 relative=0x0000000000000544
Event: 40.823 Thread 0x00000152fd48e770 Uncommon trap: reason=class_check action=maybe_recompile pc=0x0000015290aa2324 method=org.springframework.util.ConcurrentReferenceHashMap$Segment.findInChain(Lorg/springframework/util/ConcurrentReferenceHashMap$Reference;Ljava/lang/Object;I)Lorg/springfra
Event: 40.824 Thread 0x00000152fd48e770 DEOPT PACKING pc=0x0000015290aa2324 sp=0x000000021bdf9ef0
Event: 40.824 Thread 0x00000152fd48e770 DEOPT UNPACKING pc=0x000001528f9646a2 sp=0x000000021bdf9da8 mode 2
Event: 40.824 Thread 0x00000152fd48e770 Uncommon trap: trap_request=0xffffffde fr.pc=0x0000015290aa4c48 relative=0x0000000000000408
Event: 40.824 Thread 0x00000152fd48e770 Uncommon trap: reason=class_check action=maybe_recompile pc=0x0000015290aa4c48 method=org.springframework.util.ConcurrentReferenceHashMap$Segment.findInChain(Lorg/springframework/util/ConcurrentReferenceHashMap$Reference;Ljava/lang/Object;I)Lorg/springfra
Event: 40.824 Thread 0x00000152fd48e770 DEOPT PACKING pc=0x0000015290aa4c48 sp=0x000000021bdf9e90
Event: 40.824 Thread 0x00000152fd48e770 DEOPT UNPACKING pc=0x000001528f9646a2 sp=0x000000021bdf9dc8 mode 2
Event: 40.824 Thread 0x00000152fd48e770 Uncommon trap: trap_request=0xffffffde fr.pc=0x0000015290aa18d8 relative=0x0000000000000218
Event: 40.824 Thread 0x00000152fd48e770 Uncommon trap: reason=class_check action=maybe_recompile pc=0x0000015290aa18d8 method=org.springframework.util.ConcurrentReferenceHashMap$Segment.findInChain(Lorg/springframework/util/ConcurrentReferenceHashMap$Reference;Ljava/lang/Object;I)Lorg/springfra
Event: 40.824 Thread 0x00000152fd48e770 DEOPT PACKING pc=0x0000015290aa18d8 sp=0x000000021bdf9e00
Event: 40.824 Thread 0x00000152fd48e770 DEOPT UNPACKING pc=0x000001528f9646a2 sp=0x000000021bdf9dc8 mode 2
Event: 40.830 Thread 0x00000152fd48e770 Uncommon trap: trap_request=0xffffff45 fr.pc=0x0000015290a7a3f4 relative=0x00000000000058b4
Event: 40.830 Thread 0x00000152fd48e770 Uncommon trap: reason=unstable_if action=reinterpret pc=0x0000015290a7a3f4 method=org.springframework.beans.factory.support.DefaultListableBeanFactory.doGetBeanNamesForType(Lorg/springframework/core/ResolvableType;ZZ)[Ljava/lang/String; @ 459 c2
Event: 40.830 Thread 0x00000152fd48e770 DEOPT PACKING pc=0x0000015290a7a3f4 sp=0x000000021bdfa140
Event: 40.830 Thread 0x00000152fd48e770 DEOPT UNPACKING pc=0x000001528f9646a2 sp=0x000000021bdfa128 mode 2

Classes loaded (20 events):
Event: 38.163 Loading class java/util/concurrent/CompletableFuture$Completion done
Event: 38.723 Loading class java/lang/foreign/ValueLayout
Event: 38.724 Loading class java/lang/foreign/MemoryLayout
Event: 38.725 Loading class java/lang/foreign/MemoryLayout done
Event: 38.725 Loading class java/lang/foreign/ValueLayout done
Event: 39.315 Loading class javax/naming/Reference
Event: 39.315 Loading class javax/naming/Reference done
Event: 39.396 Loading class java/lang/SafeVarargs
Event: 39.396 Loading class java/lang/SafeVarargs done
Event: 39.397 Loading class sun/reflect/generics/reflectiveObjects/GenericArrayTypeImpl
Event: 39.398 Loading class sun/reflect/generics/reflectiveObjects/GenericArrayTypeImpl done
Event: 39.517 Loading class java/util/concurrent/ConcurrentHashMap$TreeNode
Event: 39.517 Loading class java/util/concurrent/ConcurrentHashMap$TreeNode done
Event: 39.517 Loading class java/util/concurrent/ConcurrentHashMap$TreeBin
Event: 39.518 Loading class java/util/concurrent/ConcurrentHashMap$TreeBin done
Event: 39.705 Loading class java/util/concurrent/atomic/Striped64$1
Event: 39.705 Loading class java/util/concurrent/atomic/Striped64$1 done
Event: 41.971 Loading class java/lang/Package$1PackageInfoProxy
Event: 41.972 Loading class java/lang/Package$1PackageInfoProxy done
Event: 42.027 Loading class java/util/stream/ReduceOps$5

Classes unloaded (20 events):
Event: 33.891 Thread 0x000001529c0942a0 Unloading class 0x000001529eb867d0 'lombok/javac/apt/MessagerDiagnosticsReceiver'
Event: 33.891 Thread 0x000001529c0942a0 Unloading class 0x000001529eb86410 'lombok/javac/apt/InterceptingJavaFileManager'
Event: 33.891 Thread 0x000001529c0942a0 Unloading class 0x000001529eb86210 'lombok/permit/dummy/Parent'
Event: 33.891 Thread 0x000001529c0942a0 Unloading class 0x000001529eb86000 'lombok/core/CleanupRegistry'
Event: 33.891 Thread 0x000001529c0942a0 Unloading class 0x000001529eb85db8 'lombok/permit/Permit$Fake'
Event: 33.891 Thread 0x000001529c0942a0 Unloading class 0x000001529eb85bc0 'lombok/permit/Permit'
Event: 33.891 Thread 0x000001529c0942a0 Unloading class 0x000001529eb859d0 'lombok/core/DiagnosticsReceiver'
Event: 33.891 Thread 0x000001529c0942a0 Unloading class 0x000001529eb856e8 'lombok/javac/apt/LombokProcessor$1'
Event: 33.891 Thread 0x000001529c0942a0 Unloading class 0x000001529eb85458 'lombok/javac/apt/LombokProcessor'
Event: 33.891 Thread 0x000001529c0942a0 Unloading class 0x000001529eb85230 'lombok/core/AnnotationProcessor$EcjDescriptor'
Event: 33.891 Thread 0x000001529c0942a0 Unloading class 0x000001529eb85000 'lombok/core/AnnotationProcessor$JavacDescriptor'
Event: 33.891 Thread 0x000001529c0942a0 Unloading class 0x000001529eb84a78 'lombok/core/AnnotationProcessor$ProcessorDescriptor'
Event: 33.891 Thread 0x000001529c0942a0 Unloading class 0x000001529eb84800 'lombok/core/AnnotationProcessor'
Event: 33.891 Thread 0x000001529c0942a0 Unloading class 0x000001529ebbf800 'lombok/launch/AnnotationProcessorHider$ClaimingProcessor'
Event: 33.891 Thread 0x000001529c0942a0 Unloading class 0x000001529eb84488 'lombok/launch/AnnotationProcessorHider$AstModificationNotifierData'
Event: 33.891 Thread 0x000001529c0942a0 Unloading class 0x000001529eb84210 'lombok/launch/ClassFileMetaData'
Event: 33.891 Thread 0x000001529c0942a0 Unloading class 0x000001529eb84000 'lombok/launch/PackageShader'
Event: 33.891 Thread 0x000001529c0942a0 Unloading class 0x000001529eb5c470 'lombok/launch/ShadowClassLoader'
Event: 33.891 Thread 0x000001529c0942a0 Unloading class 0x000001529eb5c278 'lombok/launch/Main'
Event: 33.891 Thread 0x000001529c0942a0 Unloading class 0x000001529eb5c000 'lombok/launch/AnnotationProcessorHider$AnnotationProcessor'

Classes redefined (0 events):
No events

Internal exceptions (20 events):
Event: 37.752 Thread 0x00000152fd48e770 Exception <a 'java/lang/NoSuchMethodError'{0x0000000089be2d98}: 'int java.lang.invoke.Invokers$Holder.invokeExact_MT(java.lang.Object, java.lang.Object)'> (0x0000000089be2d98) 
thrown [s\open\src\hotspot\share\interpreter\linkResolver.cpp, line 773]
Event: 37.795 Thread 0x00000152f16fe220 Exception <a 'java/lang/NoSuchMethodError'{0x000000008a3009e8}: 'int java.lang.invoke.DirectMethodHandle$Holder.invokeStatic(java.lang.Object, int, java.lang.Object)'> (0x000000008a3009e8) 
thrown [s\open\src\hotspot\share\interpreter\linkResolver.cpp, line 773]
Event: 37.996 Thread 0x00000152fd48e770 Exception <a 'java/lang/NoSuchMethodError'{0x00000000ff59d798}: 'java.lang.Object java.lang.invoke.DirectMethodHandle$Holder.invokeSpecial(java.lang.Object, java.lang.Object, int, java.lang.Object, int)'> (0x00000000ff59d798) 
thrown [s\open\src\hotspot\share\interpreter\linkResolver.cpp, line 773]
Event: 38.306 Thread 0x00000152fd48e770 Exception <a 'java/lang/IncompatibleClassChangeError'{0x000000008d0a34a8}: Found class java.lang.Object, but interface was expected> (0x000000008d0a34a8) 
thrown [s\open\src\hotspot\share\interpreter\linkResolver.cpp, line 840]
Event: 38.324 Thread 0x00000152fd48e770 Exception <a 'java/lang/NoSuchMethodError'{0x000000008cf75f30}: 'java.lang.Object java.lang.invoke.DirectMethodHandle$Holder.invokeStatic(java.lang.Object, java.lang.Object, int, java.lang.Object)'> (0x000000008cf75f30) 
thrown [s\open\src\hotspot\share\interpreter\linkResolver.cpp, line 773]
Event: 38.324 Thread 0x00000152fd48e770 Exception <a 'java/lang/NoSuchMethodError'{0x000000008cf79f00}: 'java.lang.Object java.lang.invoke.DirectMethodHandle$Holder.invokeStaticInit(java.lang.Object, java.lang.Object, int, java.lang.Object)'> (0x000000008cf79f00) 
thrown [s\open\src\hotspot\share\interpreter\linkResolver.cpp, line 773]
Event: 38.978 Thread 0x00000152fd48e770 Exception <a 'java/lang/NoSuchMethodError'{0x000000008a4385b0}: 'void java.lang.invoke.DirectMethodHandle$Holder.invokeStaticInit(java.lang.Object, int, java.lang.Object, java.lang.Object, java.lang.Object, java.lang.Object)'> (0x000000008a4385b0) 
thrown [s\open\src\hotspot\share\interpreter\linkResolver.cpp, line 773]
Event: 39.034 Thread 0x00000152fd48e770 Exception <a 'java/lang/NoSuchMethodError'{0x000000008a250090}: 'void java.lang.invoke.DirectMethodHandle$Holder.invokeStatic(java.lang.Object, java.lang.Object, java.lang.Object, int, java.lang.Object)'> (0x000000008a250090) 
thrown [s\open\src\hotspot\share\interpreter\linkResolver.cpp, line 773]
Event: 39.036 Thread 0x00000152fd48e770 Exception <a 'java/lang/NoSuchMethodError'{0x000000008a25e5e0}: 'void java.lang.invoke.DirectMethodHandle$Holder.invokeInterface(java.lang.Object, java.lang.Object, int, java.lang.Object)'> (0x000000008a25e5e0) 
thrown [s\open\src\hotspot\share\interpreter\linkResolver.cpp, line 773]
Event: 39.154 Thread 0x00000152fd48e770 Exception <a 'java/lang/NoSuchMethodError'{0x000000008a0c6910}: 'java.lang.Object java.lang.invoke.DirectMethodHandle$Holder.newInvokeSpecial(java.lang.Object, java.lang.Object, java.lang.Object, java.lang.Object, java.lang.Object, int, java.lang.Object)'> (0x000000008a0c6910) 
thrown [s\open\src\hotspot\share\interpreter\linkResolver.cpp, line 773]
Event: 39.154 Thread 0x00000152fd48e770 Exception <a 'java/lang/NoSuchMethodError'{0x000000008a0cb4f0}: 'java.lang.Object java.lang.invoke.DirectMethodHandle$Holder.invokeSpecial(java.lang.Object, java.lang.Object, java.lang.Object, java.lang.Object, java.lang.Object, java.lang.Object, int, java.lang.Object)'> (0x000000008a0cb4f0) 
thrown [s\open\src\hotspot\share\interpreter\linkResolver.cpp, line 773]
Event: 39.158 Thread 0x00000152fd48e770 Exception <a 'java/lang/NoSuchMethodError'{0x0000000089f013d0}: 'java.lang.Object java.lang.invoke.Invokers$Holder.linkToTargetMethod(java.lang.Object, java.lang.Object, java.lang.Object, java.lang.Object, java.lang.Object, java.lang.Object, java.lang.Object, java.lang.Object, java.lang.Object, java.lang.Object, java.lang.Object, java.lang.Object)'> (0x0000000089f013d0) 
thrown [s\open\src\hotspot\share\interpreter\linkResolver.cpp, line 773]
Event: 39.208 Thread 0x00000152fd48e770 Exception <a 'java/lang/NoSuchMethodError'{0x0000000089d73618}: 'java.lang.Object java.lang.invoke.DirectMethodHandle$Holder.newInvokeSpecial(java.lang.Object, java.lang.Object, int, java.lang.Object, int, java.lang.Object, java.lang.Object)'> (0x0000000089d73618) 
thrown [s\open\src\hotspot\share\interpreter\linkResolver.cpp, line 773]
Event: 39.369 Thread 0x00000152fd48e770 Implicit null exception at 0x0000015290ab5860 to 0x0000015290ab58dc
Event: 39.432 Thread 0x00000152fd48e770 Implicit null exception at 0x0000015290b7f860 to 0x0000015290b7fd80
Event: 39.433 Thread 0x00000152fd48e770 Implicit null exception at 0x0000015290b7f0c0 to 0x0000015290b7f0f8
Event: 39.519 Thread 0x00000152fd48e770 Exception <a 'java/lang/IncompatibleClassChangeError'{0x00000000ff43db58}: Found class java.lang.Object, but interface was expected> (0x00000000ff43db58) 
thrown [s\open\src\hotspot\share\interpreter\linkResolver.cpp, line 840]
Event: 39.559 Thread 0x00000152fd48e770 Exception <a 'java/lang/IncompatibleClassChangeError'{0x00000000ff0a6de8}: Found class java.lang.Object, but interface was expected> (0x00000000ff0a6de8) 
thrown [s\open\src\hotspot\share\interpreter\linkResolver.cpp, line 840]
Event: 39.637 Thread 0x00000152fd48e770 Exception <a 'java/lang/IncompatibleClassChangeError'{0x000000008d98de80}: Found class java.lang.Object, but interface was expected> (0x000000008d98de80) 
thrown [s\open\src\hotspot\share\interpreter\linkResolver.cpp, line 840]
Event: 40.881 Thread 0x00000152fd48e770 Exception <a 'java/lang/IncompatibleClassChangeError'{0x000000008d1326f0}: Found class java.lang.Object, but interface was expected> (0x000000008d1326f0) 
thrown [s\open\src\hotspot\share\interpreter\linkResolver.cpp, line 840]

ZGC Phase Switch (0 events):
No events

VM Operations (20 events):
Event: 39.325 Executing VM operation: G1PauseRemark
Event: 39.348 Executing VM operation: G1PauseRemark done
Event: 39.379 Executing VM operation: G1PauseCleanup
Event: 39.380 Executing VM operation: G1PauseCleanup done
Event: 39.402 Executing VM operation: HandshakeAllThreads (Deoptimize)
Event: 39.402 Executing VM operation: HandshakeAllThreads (Deoptimize) done
Event: 39.607 Executing VM operation: HandshakeAllThreads (Deoptimize)
Event: 39.607 Executing VM operation: HandshakeAllThreads (Deoptimize) done
Event: 39.611 Executing VM operation: HandshakeAllThreads (Deoptimize)
Event: 39.611 Executing VM operation: HandshakeAllThreads (Deoptimize) done
Event: 40.616 Executing VM operation: Cleanup
Event: 40.616 Executing VM operation: Cleanup done
Event: 40.791 Executing VM operation: HandshakeAllThreads (Deoptimize)
Event: 40.791 Executing VM operation: HandshakeAllThreads (Deoptimize) done
Event: 40.813 Executing VM operation: HandshakeAllThreads (Deoptimize)
Event: 40.813 Executing VM operation: HandshakeAllThreads (Deoptimize) done
Event: 41.828 Executing VM operation: Cleanup
Event: 41.971 Executing VM operation: Cleanup done
Event: 42.008 Executing VM operation: HandshakeAllThreads (Deoptimize)
Event: 42.008 Executing VM operation: HandshakeAllThreads (Deoptimize) done

Events (20 events):
Event: 39.346 Thread 0x000001529c0942a0 flushing nmethod 0x000001528ab0fa90
Event: 39.346 Thread 0x000001529c0942a0 flushing nmethod 0x000001528ad87590
Event: 39.346 Thread 0x000001529c0942a0 flushing nmethod 0x000001528ae41c90
Event: 39.346 Thread 0x000001529c0942a0 flushing nmethod 0x000001528ae55e90
Event: 39.346 Thread 0x000001529c0942a0 flushing nmethod 0x000001528aed4510
Event: 39.346 Thread 0x000001529c0942a0 flushing nmethod 0x000001528aee8210
Event: 39.346 Thread 0x000001529c0942a0 flushing nmethod 0x000001528afaf610
Event: 39.346 Thread 0x000001529c0942a0 flushing nmethod 0x000001528b196910
Event: 39.346 Thread 0x000001529c0942a0 flushing nmethod 0x000001528b1d4490
Event: 39.346 Thread 0x000001529c0942a0 flushing nmethod 0x000001528b20c690
Event: 39.346 Thread 0x000001529c0942a0 flushing nmethod 0x000001528b3a2c10
Event: 39.346 Thread 0x000001529c0942a0 flushing nmethod 0x000001528b3a5210
Event: 39.346 Thread 0x000001529c0942a0 flushing nmethod 0x000001528b412310
Event: 39.346 Thread 0x000001529c0942a0 flushing nmethod 0x000001528b4cf010
Event: 39.346 Thread 0x000001529c0942a0 flushing nmethod 0x000001528b769410
Event: 39.346 Thread 0x000001529c0942a0 flushing nmethod 0x000001528b8e0890
Event: 39.346 Thread 0x000001529c0942a0 flushing nmethod 0x000001528b8e6310
Event: 39.346 Thread 0x000001529c0942a0 flushing nmethod 0x000001528b8edc90
Event: 39.350 Thread 0x00000152e49c5800 Thread added: 0x00000152e49c5800
Event: 40.746 Thread 0x00000152e49c80e0 Thread added: 0x00000152e49c80e0


Dynamic libraries:
0x00007ff75e160000 - 0x00007ff75e170000 	D:\mailon\Java\jdk-21.0.10\bin\java.exe
0x00007ffe20340000 - 0x00007ffe205a7000 	C:\WINDOWS\SYSTEM32\ntdll.dll
0x00007ffe1f710000 - 0x00007ffe1f7d9000 	C:\WINDOWS\System32\KERNEL32.DLL
0x00007ffe1ce40000 - 0x00007ffe1d234000 	C:\WINDOWS\System32\KERNELBASE.dll
0x00007ffe1df80000 - 0x00007ffe1e0cb000 	C:\WINDOWS\System32\ucrtbase.dll
0x00007ffe175d0000 - 0x00007ffe175e9000 	D:\mailon\Java\jdk-21.0.10\bin\jli.dll
0x00007ffe175b0000 - 0x00007ffe175ce000 	D:\mailon\Java\jdk-21.0.10\bin\VCRUNTIME140.dll
0x00007ffe20240000 - 0x00007ffe202f6000 	C:\WINDOWS\System32\ADVAPI32.dll
0x00007ffe1f540000 - 0x00007ffe1f5e9000 	C:\WINDOWS\System32\msvcrt.dll
0x00007ffe1f7e0000 - 0x00007ffe1f887000 	C:\WINDOWS\System32\sechost.dll
0x00007ffe1f5f0000 - 0x00007ffe1f708000 	C:\WINDOWS\System32\RPCRT4.dll
0x00007ffe1ee10000 - 0x00007ffe1efd5000 	C:\WINDOWS\System32\USER32.dll
0x00007ffe1ce10000 - 0x00007ffe1ce37000 	C:\WINDOWS\System32\win32u.dll
0x00007ffe1f890000 - 0x00007ffe1f8bb000 	C:\WINDOWS\System32\GDI32.dll
0x00007ffe0c8f0000 - 0x00007ffe0cb83000 	C:\WINDOWS\WinSxS\amd64_microsoft.windows.common-controls_6595b64144ccf1df_6.0.26100.8115_none_3e075c82e3354f9c\COMCTL32.dll
0x00007ffe1dab0000 - 0x00007ffe1dbdb000 	C:\WINDOWS\System32\gdi32full.dll
0x00007ffe1ded0000 - 0x00007ffe1df73000 	C:\WINDOWS\System32\msvcp_win.dll
0x00007ffe16170000 - 0x00007ffe1617b000 	C:\WINDOWS\SYSTEM32\VERSION.dll
0x00007ffe1e170000 - 0x00007ffe1e1a2000 	C:\WINDOWS\System32\IMM32.DLL
0x00007ffe17510000 - 0x00007ffe1751c000 	D:\mailon\Java\jdk-21.0.10\bin\vcruntime140_1.dll
0x00007ffe02390000 - 0x00007ffe0241d000 	D:\mailon\Java\jdk-21.0.10\bin\msvcp140.dll
0x00007ffd68fa0000 - 0x00007ffd69cc7000 	D:\mailon\Java\jdk-21.0.10\bin\server\jvm.dll
0x00007ffe201b0000 - 0x00007ffe20230000 	C:\WINDOWS\System32\WS2_32.dll
0x00007ffe1ca90000 - 0x00007ffe1caee000 	C:\WINDOWS\SYSTEM32\POWRPROF.dll
0x00007ffdfca90000 - 0x00007ffdfcac6000 	C:\WINDOWS\SYSTEM32\WINMM.dll
0x00007ffe1ca70000 - 0x00007ffe1ca84000 	C:\WINDOWS\SYSTEM32\UMPDC.dll
0x00007ffe1b970000 - 0x00007ffe1b98b000 	C:\WINDOWS\SYSTEM32\kernel.appcore.dll
0x00007ffe17500000 - 0x00007ffe1750a000 	D:\mailon\Java\jdk-21.0.10\bin\jimage.dll
0x00007ffe0d0b0000 - 0x00007ffe0d2f2000 	C:\WINDOWS\SYSTEM32\DBGHELP.DLL
0x00007ffe1e7e0000 - 0x00007ffe1eb62000 	C:\WINDOWS\System32\combase.dll
0x00007ffe1f0d0000 - 0x00007ffe1f1a8000 	C:\WINDOWS\System32\OLEAUT32.dll
0x00007ffe033e0000 - 0x00007ffe0341b000 	C:\WINDOWS\SYSTEM32\dbgcore.DLL
0x00007ffe1dd60000 - 0x00007ffe1de05000 	C:\WINDOWS\System32\bcryptPrimitives.dll
0x00007ffe10450000 - 0x00007ffe10471000 	D:\mailon\Java\jdk-21.0.10\bin\java.dll
0x00007ffe1fa40000 - 0x00007ffe201a7000 	C:\WINDOWS\System32\SHELL32.dll
0x00007ffe1cc10000 - 0x00007ffe1cd7a000 	C:\WINDOWS\System32\wintypes.dll
0x00007ffe1d240000 - 0x00007ffe1daa8000 	C:\WINDOWS\System32\windows.storage.dll
0x00007ffe1f220000 - 0x00007ffe1f318000 	C:\WINDOWS\System32\SHCORE.dll
0x00007ffe1f9d0000 - 0x00007ffe1fa36000 	C:\WINDOWS\System32\shlwapi.dll
0x00007ffe1cb30000 - 0x00007ffe1cb59000 	C:\WINDOWS\SYSTEM32\profapi.dll
0x00007ffe00160000 - 0x00007ffe00237000 	D:\mailon\Java\jdk-21.0.10\bin\jsvml.dll
0x00007ffe10380000 - 0x00007ffe10391000 	D:\mailon\Java\jdk-21.0.10\bin\net.dll
0x00007ffe15b50000 - 0x00007ffe15c7d000 	C:\WINDOWS\SYSTEM32\WINHTTP.dll
0x00007ffe1bed0000 - 0x00007ffe1bf3c000 	C:\WINDOWS\system32\mswsock.dll
0x00007ffe0e890000 - 0x00007ffe0e8a6000 	D:\mailon\Java\jdk-21.0.10\bin\nio.dll
0x00007ffe0e870000 - 0x00007ffe0e888000 	D:\mailon\Java\jdk-21.0.10\bin\zip.dll
0x00007ffe05960000 - 0x00007ffe05984000 	D:\mailon\Usuario\Desktop\apache-maven-3.9.14-bin (1)\apache-maven-3.9.14\lib\jansi-native\Windows\x86_64\jansi.dll
0x00007ffe17490000 - 0x00007ffe174a0000 	D:\mailon\Java\jdk-21.0.10\bin\verify.dll
0x00007ffe0bed0000 - 0x00007ffe0bede000 	D:\mailon\Java\jdk-21.0.10\bin\sunmscapi.dll
0x00007ffe1dbe0000 - 0x00007ffe1dd57000 	C:\WINDOWS\System32\CRYPT32.dll
0x00007ffe1c410000 - 0x00007ffe1c440000 	C:\WINDOWS\SYSTEM32\ncrypt.dll
0x00007ffe1c3c0000 - 0x00007ffe1c3ff000 	C:\WINDOWS\SYSTEM32\NTASN1.dll
0x00007ffe1c200000 - 0x00007ffe1c21b000 	C:\WINDOWS\SYSTEM32\CRYPTSP.dll
0x00007ffe1b8c0000 - 0x00007ffe1b8f9000 	C:\WINDOWS\system32\rsaenh.dll
0x00007ffe1bfa0000 - 0x00007ffe1bfd3000 	C:\WINDOWS\SYSTEM32\USERENV.dll
0x00007ffe1cb00000 - 0x00007ffe1cb2a000 	C:\WINDOWS\SYSTEM32\bcrypt.dll
0x00007ffe1c1f0000 - 0x00007ffe1c1fc000 	C:\WINDOWS\SYSTEM32\CRYPTBASE.dll
0x00007ffe1b340000 - 0x00007ffe1b372000 	C:\WINDOWS\SYSTEM32\IPHLPAPI.DLL
0x00007ffe1f8c0000 - 0x00007ffe1f8ca000 	C:\WINDOWS\System32\NSI.dll

dbghelp: loaded successfully - version: 4.0.5 - missing functions: none
symbol engine: initialized successfully - sym options: 0x614 - pdb path: .;D:\mailon\Java\jdk-21.0.10\bin;C:\WINDOWS\SYSTEM32;C:\WINDOWS\WinSxS\amd64_microsoft.windows.common-controls_6595b64144ccf1df_6.0.26100.8115_none_3e075c82e3354f9c;D:\mailon\Java\jdk-21.0.10\bin\server;D:\mailon\Usuario\Desktop\apache-maven-3.9.14-bin (1)\apache-maven-3.9.14\lib\jansi-native\Windows\x86_64

VM Arguments:
jvm_args: --add-opens=java.base/java.lang=ALL-UNNAMED --enable-native-access=ALL-UNNAMED -Dclassworlds.conf=D:/mailon/Usuario/Desktop/apache-maven-3.9.14-bin (1)/apache-maven-3.9.14/bin/m2.conf -Dmaven.home=D:/mailon/Usuario/Desktop/apache-maven-3.9.14-bin (1)/apache-maven-3.9.14 -Dlibrary.jansi.path=D:/mailon/Usuario/Desktop/apache-maven-3.9.14-bin (1)/apache-maven-3.9.14/lib/jansi-native -Dmaven.multiModuleProjectDirectory=D:/mailon/Usuario/Desktop/Smartwallet 
java_command: org.codehaus.plexus.classworlds.launcher.Launcher -DforkCount=0 test
java_class_path (initial): D:/mailon/Usuario/Desktop/apache-maven-3.9.14-bin (1)/apache-maven-3.9.14/boot/plexus-classworlds-2.9.0.jar
Launcher Type: SUN_STANDARD

[Global flags]
     intx CICompilerCount                          = 4                                         {product} {ergonomic}
     uint ConcGCThreads                            = 2                                         {product} {ergonomic}
     uint G1ConcRefinementThreads                  = 8                                         {product} {ergonomic}
   size_t G1HeapRegionSize                         = 1048576                                   {product} {ergonomic}
    uintx GCDrainStackTargetSize                   = 64                                        {product} {ergonomic}
   size_t InitialHeapSize                          = 132120576                                 {product} {ergonomic}
   size_t MarkStackSize                            = 4194304                                   {product} {ergonomic}
   size_t MaxHeapSize                              = 2109734912                                {product} {ergonomic}
   size_t MaxNewSize                               = 1265631232                                {product} {ergonomic}
   size_t MinHeapDeltaBytes                        = 1048576                                   {product} {ergonomic}
   size_t MinHeapSize                              = 8388608                                   {product} {ergonomic}
    uintx NonNMethodCodeHeapSize                   = 5839372                                {pd product} {ergonomic}
    uintx NonProfiledCodeHeapSize                  = 122909434                              {pd product} {ergonomic}
    uintx ProfiledCodeHeapSize                     = 122909434                              {pd product} {ergonomic}
    uintx ReservedCodeCacheSize                    = 251658240                              {pd product} {ergonomic}
     bool SegmentedCodeCache                       = true                                      {product} {ergonomic}
   size_t SoftMaxHeapSize                          = 2109734912                             {manageable} {ergonomic}
     bool UseCompressedOops                        = true                           {product lp64_product} {ergonomic}
     bool UseG1GC                                  = true                                      {product} {ergonomic}
     bool UseLargePagesIndividualAllocation        = false                                  {pd product} {ergonomic}

Logging:
Log output configuration:
 #0: stdout all=warning uptime,level,tags foldmultilines=false
 #1: stderr all=off uptime,level,tags foldmultilines=false

Environment Variables:
JAVA_HOME=D:/mailon/Java/jdk-21.0.10
PATH=D:\Program Files\Git\mingw64\bin;D:\Program Files\Git\usr\bin;C:\Users\Usuario\bin;C:\Program Files\Common Files\Oracle\Java\javapath;C:\WINDOWS\system32;C:\WINDOWS;C:\WINDOWS\System32\Wbem;C:\WINDOWS\System32\WindowsPowerShell\v1.0;C:\WINDOWS\System32\OpenSSH;D:\Program Files\nodejs;D:\mailon\Usuario\Desktop\apache-maven-3.9.14-bin (1)\apache-maven-3.9.14\bin;D:\Program Files\Git\cmd;C:\Users\Usuario\AppData\Local\Programs\Trae\bin;D:\mailon\Usuario\Downloads\ffmpeg-8.0.1-essentials_build\ffmpeg-8.0.1-essentials_build\bin;D:\mailon\Usuario\Desktop\apache-maven-3.9.14-bin (1)\apache-maven-3.9.14\bin;C:\Users\Usuario\AppData\Roaming\npm
USERNAME=Usuario
TERM=xterm-256color
OS=Windows_NT
PROCESSOR_IDENTIFIER=Intel64 Family 6 Model 142 Stepping 12, GenuineIntel
TMP=C:\Users\Usuario\AppData\Local\Temp
TEMP=C:\Users\Usuario\AppData\Local\Temp




Periodic native trim disabled

---------------  S Y S T E M  ---------------

OS:
 Windows 11 , 64 bit Build 26100 (10.0.26100.8246)
OS uptime: 4 days 19:02 hours
Hyper-V role detected

CPU: total 8 (initial active 8) (4 cores per cpu, 2 threads per core) family 6 model 142 stepping 12 microcode 0xde, cx8, cmov, fxsr, ht, mmx, 3dnowpref, sse, sse2, sse3, ssse3, sse4.1, sse4.2, popcnt, lzcnt, tsc, tscinvbit, avx, avx2, aes, erms, clmul, bmi1, bmi2, adx, fma, vzeroupper, clflush, clflushopt, hv, rdtscp, f16c
Processor Information for all 8 processors :
  Max Mhz: 1800, Current Mhz: 1600, Mhz Limit: 1584

Memory: 4k page, system-wide physical 8040M (587M free)
TotalPageFile size 32616M (AvailPageFile size 4M)
current process WorkingSet (physical memory assigned to process): 653M, peak: 654M
current process commit charge ("private bytes"): 681M, peak: 681M

vm_info: Java HotSpot(TM) 64-Bit Server VM (21.0.10+8-LTS-217) for windows-amd64 JRE (21.0.10+8-LTS-217), built on 2025-12-18T14:59:28Z by "mach5run" with MS VC++ 17.13 (VS2022)

END.
