#
# There is insufficient memory for the Java Runtime Environment to continue.
# Native memory allocation (malloc) failed to allocate 1072176 bytes for Chunk::new
# Possible reasons:
#   The system is out of physical RAM or swap space
#   The process is running with CompressedOops enabled, and the Java Heap may be blocking the growth of the native heap
# Possible solutions:
#   Reduce memory load on the system
#   Increase physical memory or swap space
#   Check if swap backing store is full
#   Decrease Java heap size (-Xmx/-Xms)
#   Decrease number of Java threads
#   Decrease Java thread stack sizes (-Xss)
#   Set larger code cache with -XX:ReservedCodeCacheSize=
#   JVM is running with Unscaled Compressed Oops mode in which the Java heap is
#     placed in the first 4GB address space. The Java Heap base address is the
#     maximum limit for the native heap growth. Please use -XX:HeapBaseMinAddress
#     to set the Java Heap base and to place the Java Heap above 4GB virtual address.
# This output file may be truncated or incomplete.
#
#  Out of Memory Error (arena.cpp:168), pid=20592, tid=2104
#
# JRE version: Java(TM) SE Runtime Environment (21.0.10+8) (build 21.0.10+8-LTS-217)
# Java VM: Java HotSpot(TM) 64-Bit Server VM (21.0.10+8-LTS-217, mixed mode, sharing, tiered, compressed oops, compressed class ptrs, g1 gc, windows-amd64)
# No core dump will be written. Minidumps are not enabled by default on client versions of Windows
#

---------------  S U M M A R Y ------------

Command Line: --add-opens=java.base/java.lang=ALL-UNNAMED --enable-native-access=ALL-UNNAMED -Dclassworlds.conf=D:/mailon/Usuario/Desktop/apache-maven-3.9.14-bin (1)/apache-maven-3.9.14/bin/m2.conf -Dmaven.home=D:/mailon/Usuario/Desktop/apache-maven-3.9.14-bin (1)/apache-maven-3.9.14 -Dlibrary.jansi.path=D:/mailon/Usuario/Desktop/apache-maven-3.9.14-bin (1)/apache-maven-3.9.14/lib/jansi-native -Dmaven.multiModuleProjectDirectory=D:/mailon/Usuario/Desktop/Smartwallet org.codehaus.plexus.classworlds.launcher.Launcher test -Dtest=PageResponseTest

Host: Intel(R) Core(TM) i5-8265U CPU @ 1.60GHz, 8 cores, 7G,  Windows 11 , 64 bit Build 26100 (10.0.26100.8246)
Time: Thu Apr 23 04:46:57 2026 Hora oficial do Brasil elapsed time: 36.679084 seconds (0d 0h 0m 36s)

---------------  T H R E A D  ---------------

Current thread (0x000001925b72ed30):  JavaThread "C2 CompilerThread1" daemon [_thread_in_native, id=2104, stack(0x0000007a65700000,0x0000007a65800000) (1024K)]


Current CompileTask:
C2:  36679 28092       4       com.sun.tools.javac.jvm.ClassReader::setParameters (327 bytes)

Stack: [0x0000007a65700000,0x0000007a65800000]
Native frames: (J=compiled Java code, j=interpreted, Vv=VM code, C=native code)
V  [jvm.dll+0x6d0b59]
V  [jvm.dll+0x85fd56]
V  [jvm.dll+0x86224e]
V  [jvm.dll+0x862923]
V  [jvm.dll+0x282a16]
V  [jvm.dll+0xc662d]
V  [jvm.dll+0xc6b71]
V  [jvm.dll+0x3bbb21]
V  [jvm.dll+0x387fd2]
V  [jvm.dll+0x38741a]
V  [jvm.dll+0x24b370]
V  [jvm.dll+0x24a94f]
V  [jvm.dll+0x1cacfe]
V  [jvm.dll+0x25a629]
V  [jvm.dll+0x258bb5]
V  [jvm.dll+0x3f4da1]
V  [jvm.dll+0x80a83d]
V  [jvm.dll+0x6cf3fd]
C  [ucrtbase.dll+0x37b0]
C  [KERNEL32.DLL+0x2e8d7]
C  [ntdll.dll+0x8c3fc]


---------------  P R O C E S S  ---------------

Threads class SMR info:
_java_thread_list=0x000001925c1d1530, length=21, elements={
0x000001927587f3f0, 0x00000192144257a0, 0x0000019214427410, 0x000001921442e360,
0x00000192144306b0, 0x0000019214433730, 0x0000019214434190, 0x000001921443d060,
0x000001921443db00, 0x00000192146d0e90, 0x00000192146d1ad0, 0x000001925ac6a820,
0x000001925bc89450, 0x000001925b72ed30, 0x000001925c59a810, 0x000001925ef5c6c0,
0x000001925ef61c10, 0x000001925ef5f4b0, 0x000001925ef60ef0, 0x000001925ef61580,
0x000001925ef622a0
}

Java Threads: ( => current thread )
  0x000001927587f3f0 JavaThread "main"                              [_thread_in_native, id=20068, stack(0x0000007a64500000,0x0000007a64600000) (1024K)]
  0x00000192144257a0 JavaThread "Reference Handler"          daemon [_thread_blocked, id=4548, stack(0x0000007a64d00000,0x0000007a64e00000) (1024K)]
  0x0000019214427410 JavaThread "Finalizer"                  daemon [_thread_blocked, id=2272, stack(0x0000007a64e00000,0x0000007a64f00000) (1024K)]
  0x000001921442e360 JavaThread "Signal Dispatcher"          daemon [_thread_blocked, id=16268, stack(0x0000007a64f00000,0x0000007a65000000) (1024K)]
  0x00000192144306b0 JavaThread "Attach Listener"            daemon [_thread_blocked, id=24508, stack(0x0000007a65000000,0x0000007a65100000) (1024K)]
  0x0000019214433730 JavaThread "Service Thread"             daemon [_thread_blocked, id=4940, stack(0x0000007a65100000,0x0000007a65200000) (1024K)]
  0x0000019214434190 JavaThread "Monitor Deflation Thread"   daemon [_thread_blocked, id=964, stack(0x0000007a65200000,0x0000007a65300000) (1024K)]
  0x000001921443d060 JavaThread "C2 CompilerThread0"         daemon [_thread_in_native, id=21296, stack(0x0000007a65300000,0x0000007a65400000) (1024K)]
  0x000001921443db00 JavaThread "C1 CompilerThread0"         daemon [_thread_blocked, id=23512, stack(0x0000007a65400000,0x0000007a65500000) (1024K)]
  0x00000192146d0e90 JavaThread "Notification Thread"        daemon [_thread_blocked, id=21284, stack(0x0000007a65500000,0x0000007a65600000) (1024K)]
  0x00000192146d1ad0 JavaThread "Common-Cleaner"             daemon [_thread_blocked, id=29300, stack(0x0000007a65600000,0x0000007a65700000) (1024K)]
  0x000001925ac6a820 JavaThread "Thread-1"                   daemon [_thread_blocked, id=18636, stack(0x0000007a66000000,0x0000007a66100000) (1024K)]
  0x000001925bc89450 JavaThread "resolver-1"                 daemon [_thread_blocked, id=18860, stack(0x0000007a65800000,0x0000007a65900000) (1024K)]
=>0x000001925b72ed30 JavaThread "C2 CompilerThread1"         daemon [_thread_in_native, id=2104, stack(0x0000007a65700000,0x0000007a65800000) (1024K)]
  0x000001925c59a810 JavaThread "resolver-2"                 daemon [_thread_blocked, id=21528, stack(0x0000007a66200000,0x0000007a66300000) (1024K)]
  0x000001925ef5c6c0 JavaThread "timeout-check-timer"        daemon [_thread_blocked, id=15304, stack(0x0000007a66300000,0x0000007a66400000) (1024K)]
  0x000001925ef61c10 JavaThread "ping-timer-10s"             daemon [_thread_blocked, id=28048, stack(0x0000007a66400000,0x0000007a66500000) (1024K)]
  0x000001925ef5f4b0 JavaThread "ThreadedStreamConsumer"     daemon [_thread_blocked, id=16776, stack(0x0000007a66500000,0x0000007a66600000) (1024K)]
  0x000001925ef60ef0 JavaThread "fork-1-err-thread"          daemon [_thread_in_native, id=16988, stack(0x0000007a66600000,0x0000007a66700000) (1024K)]
  0x000001925ef61580 JavaThread "commands-fork-1"            daemon [_thread_blocked, id=15096, stack(0x0000007a66700000,0x0000007a66800000) (1024K)]
  0x000001925ef622a0 JavaThread "fork-1-event-thread"        daemon [_thread_in_native, id=21224, stack(0x0000007a66800000,0x0000007a66900000) (1024K)]
Total: 21

Other Threads:
  0x0000019214406070 VMThread "VM Thread"                           [id=25116, stack(0x0000007a64c00000,0x0000007a64d00000) (1024K)]
  0x00000192143f1450 WatcherThread "VM Periodic Task Thread"        [id=22988, stack(0x0000007a64b00000,0x0000007a64c00000) (1024K)]
  0x0000019275b4d5a0 WorkerThread "GC Thread#0"                     [id=30504, stack(0x0000007a64600000,0x0000007a64700000) (1024K)]
  0x000001925acd3560 WorkerThread "GC Thread#1"                     [id=6092, stack(0x0000007a65900000,0x0000007a65a00000) (1024K)]
  0x000001925acd3910 WorkerThread "GC Thread#2"                     [id=15032, stack(0x0000007a65a00000,0x0000007a65b00000) (1024K)]
  0x000001925a7a2900 WorkerThread "GC Thread#3"                     [id=30216, stack(0x0000007a65b00000,0x0000007a65c00000) (1024K)]
  0x000001925aaaafd0 WorkerThread "GC Thread#4"                     [id=30060, stack(0x0000007a65c00000,0x0000007a65d00000) (1024K)]
  0x000001925b2acc20 WorkerThread "GC Thread#5"                     [id=5484, stack(0x0000007a65d00000,0x0000007a65e00000) (1024K)]
  0x000001925b2acfd0 WorkerThread "GC Thread#6"                     [id=17712, stack(0x0000007a65e00000,0x0000007a65f00000) (1024K)]
  0x000001925b2ad380 WorkerThread "GC Thread#7"                     [id=21724, stack(0x0000007a65f00000,0x0000007a66000000) (1024K)]
  0x0000019275b5ef30 ConcurrentGCThread "G1 Main Marker"            [id=24284, stack(0x0000007a64700000,0x0000007a64800000) (1024K)]
  0x0000019275b608c0 WorkerThread "G1 Conc#0"                       [id=10748, stack(0x0000007a64800000,0x0000007a64900000) (1024K)]
  0x000001925a4138d0 WorkerThread "G1 Conc#1"                       [id=27700, stack(0x0000007a66100000,0x0000007a66200000) (1024K)]
  0x00000192142c2160 ConcurrentGCThread "G1 Refine#0"               [id=29492, stack(0x0000007a64900000,0x0000007a64a00000) (1024K)]
  0x00000192142c37a0 ConcurrentGCThread "G1 Service"                [id=30164, stack(0x0000007a64a00000,0x0000007a64b00000) (1024K)]
Total: 15

Threads with active compile tasks:
C2 CompilerThread0    38017 27203       4       com.sun.tools.javac.code.ClassFinder::includeClassFile (307 bytes)
C2 CompilerThread1    38017 28092       4       com.sun.tools.javac.jvm.ClassReader::setParameters (327 bytes)
Total: 2

VM state: not at safepoint (normal execution)

VM Mutex/Monitor currently owned by a thread: None

Heap address: 0x0000000082400000, size: 2012 MB, Compressed Oops mode: 32-bit

CDS archive(s) mapped at: [0x0000019215000000-0x0000019215c90000-0x0000019215c90000), size 13172736, SharedBaseAddress: 0x0000019215000000, ArchiveRelocationMode: 1.
Compressed class space mapped at: 0x0000019216000000-0x0000019256000000, reserved size: 1073741824
Narrow klass base: 0x0000019215000000, Narrow klass shift: 0, Narrow klass range: 0x100000000

GC Precious Log:
 CardTable entry size: 512
 Card Set container configuration: InlinePtr #cards 5 size 8 Array Of Cards #cards 12 size 40 Howl #buckets 4 coarsen threshold 1843 Howl Bitmap #cards 512 size 80 coarsen threshold 460 Card regions per heap region 1 cards per card region 2048
 CPUs: 8 total, 8 available
 Memory: 8040M
 Large Page Support: Disabled
 NUMA Support: Disabled
 Compressed Oops: Enabled (32-bit)
 Heap Region Size: 1M
 Heap Min Capacity: 8M
 Heap Initial Capacity: 126M
 Heap Max Capacity: 2012M
 Pre-touch: Disabled
 Parallel Workers: 8
 Concurrent Workers: 2
 Concurrent Refinement Workers: 8
 Periodic GC: Disabled

Heap:
 garbage-first heap   total 209920K, used 156160K [0x0000000082400000, 0x0000000100000000)
  region size 1024K, 39 young (39936K), 3 survivors (3072K)
 Metaspace       used 114414K, committed 115648K, reserved 1179648K
  class space    used 12220K, committed 12800K, reserved 1048576K

Heap Regions: E=young(eden), S=young(survivor), O=old, HS=humongous(starts), HC=humongous(continues), CS=collection set, F=free, TAMS=top-at-mark-start, PB=parsable bottom
|   0|0x0000000082400000, 0x0000000082500000, 0x0000000082500000|100%| O|  |TAMS 0x0000000082400000| PB 0x0000000082400000| Untracked 
|   1|0x0000000082500000, 0x0000000082600000, 0x0000000082600000|100%| O|  |TAMS 0x0000000082500000| PB 0x0000000082500000| Untracked 
|   2|0x0000000082600000, 0x0000000082700000, 0x0000000082700000|100%| O|  |TAMS 0x0000000082600000| PB 0x0000000082600000| Untracked 
|   3|0x0000000082700000, 0x0000000082800000, 0x0000000082800000|100%| O|  |TAMS 0x0000000082700000| PB 0x0000000082700000| Untracked 
|   4|0x0000000082800000, 0x0000000082900000, 0x0000000082900000|100%| O|  |TAMS 0x0000000082800000| PB 0x0000000082800000| Untracked 
|   5|0x0000000082900000, 0x0000000082a00000, 0x0000000082a00000|100%| O|  |TAMS 0x0000000082900000| PB 0x0000000082900000| Untracked 
|   6|0x0000000082a00000, 0x0000000082b00000, 0x0000000082b00000|100%| O|  |TAMS 0x0000000082a00000| PB 0x0000000082a00000| Untracked 
|   7|0x0000000082b00000, 0x0000000082c00000, 0x0000000082c00000|100%| O|  |TAMS 0x0000000082b00000| PB 0x0000000082b00000| Untracked 
|   8|0x0000000082c00000, 0x0000000082d00000, 0x0000000082d00000|100%| O|  |TAMS 0x0000000082c00000| PB 0x0000000082c00000| Untracked 
|   9|0x0000000082d00000, 0x0000000082e00000, 0x0000000082e00000|100%| O|  |TAMS 0x0000000082d00000| PB 0x0000000082d00000| Untracked 
|  10|0x0000000082e00000, 0x0000000082f00000, 0x0000000082f00000|100%| O|  |TAMS 0x0000000082e00000| PB 0x0000000082e00000| Untracked 
|  11|0x0000000082f00000, 0x0000000083000000, 0x0000000083000000|100%| O|  |TAMS 0x0000000082f00000| PB 0x0000000082f00000| Untracked 
|  12|0x0000000083000000, 0x0000000083100000, 0x0000000083100000|100%| O|  |TAMS 0x0000000083000000| PB 0x0000000083000000| Untracked 
|  13|0x0000000083100000, 0x0000000083200000, 0x0000000083200000|100%| O|  |TAMS 0x0000000083100000| PB 0x0000000083100000| Untracked 
|  14|0x0000000083200000, 0x0000000083300000, 0x0000000083300000|100%| O|  |TAMS 0x0000000083200000| PB 0x0000000083200000| Untracked 
|  15|0x0000000083300000, 0x0000000083400000, 0x0000000083400000|100%| O|  |TAMS 0x0000000083300000| PB 0x0000000083300000| Untracked 
|  16|0x0000000083400000, 0x0000000083500000, 0x0000000083500000|100%| O|  |TAMS 0x0000000083400000| PB 0x0000000083400000| Untracked 
|  17|0x0000000083500000, 0x0000000083600000, 0x0000000083600000|100%| O|  |TAMS 0x0000000083500000| PB 0x0000000083500000| Untracked 
|  18|0x0000000083600000, 0x0000000083700000, 0x0000000083700000|100%| O|  |TAMS 0x0000000083600000| PB 0x0000000083600000| Untracked 
|  19|0x0000000083700000, 0x0000000083800000, 0x0000000083800000|100%| O|  |TAMS 0x0000000083700000| PB 0x0000000083700000| Untracked 
|  20|0x0000000083800000, 0x0000000083900000, 0x0000000083900000|100%| O|  |TAMS 0x0000000083800000| PB 0x0000000083800000| Untracked 
|  21|0x0000000083900000, 0x0000000083a00000, 0x0000000083a00000|100%| O|  |TAMS 0x0000000083900000| PB 0x0000000083900000| Untracked 
|  22|0x0000000083a00000, 0x0000000083b00000, 0x0000000083b00000|100%| O|  |TAMS 0x0000000083a00000| PB 0x0000000083a00000| Untracked 
|  23|0x0000000083b00000, 0x0000000083c00000, 0x0000000083c00000|100%| O|  |TAMS 0x0000000083b00000| PB 0x0000000083b00000| Untracked 
|  24|0x0000000083c00000, 0x0000000083c00000, 0x0000000083d00000|  0%| F|  |TAMS 0x0000000083c00000| PB 0x0000000083c00000| Untracked 
|  25|0x0000000083d00000, 0x0000000083e00000, 0x0000000083e00000|100%| O|  |TAMS 0x0000000083d00000| PB 0x0000000083d00000| Untracked 
|  26|0x0000000083e00000, 0x0000000083f00000, 0x0000000083f00000|100%| O|  |TAMS 0x0000000083e00000| PB 0x0000000083e00000| Untracked 
|  27|0x0000000083f00000, 0x0000000084000000, 0x0000000084000000|100%| O|  |TAMS 0x0000000083f00000| PB 0x0000000083f00000| Untracked 
|  28|0x0000000084000000, 0x0000000084100000, 0x0000000084100000|100%| O|  |TAMS 0x0000000084000000| PB 0x0000000084000000| Untracked 
|  29|0x0000000084100000, 0x0000000084200000, 0x0000000084200000|100%| O|  |TAMS 0x0000000084100000| PB 0x0000000084100000| Untracked 
|  30|0x0000000084200000, 0x0000000084300000, 0x0000000084300000|100%| O|  |TAMS 0x0000000084200000| PB 0x0000000084200000| Untracked 
|  31|0x0000000084300000, 0x0000000084400000, 0x0000000084400000|100%| O|  |TAMS 0x0000000084300000| PB 0x0000000084300000| Untracked 
|  32|0x0000000084400000, 0x0000000084500000, 0x0000000084500000|100%| O|  |TAMS 0x0000000084400000| PB 0x0000000084400000| Untracked 
|  33|0x0000000084500000, 0x0000000084600000, 0x0000000084600000|100%| O|  |TAMS 0x0000000084500000| PB 0x0000000084500000| Untracked 
|  34|0x0000000084600000, 0x0000000084700000, 0x0000000084700000|100%| O|  |TAMS 0x0000000084600000| PB 0x0000000084600000| Untracked 
|  35|0x0000000084700000, 0x0000000084800000, 0x0000000084800000|100%| O|  |TAMS 0x0000000084700000| PB 0x0000000084700000| Untracked 
|  36|0x0000000084800000, 0x0000000084900000, 0x0000000084900000|100%| O|  |TAMS 0x0000000084800000| PB 0x0000000084800000| Untracked 
|  37|0x0000000084900000, 0x0000000084a00000, 0x0000000084a00000|100%| O|  |TAMS 0x0000000084900000| PB 0x0000000084900000| Untracked 
|  38|0x0000000084a00000, 0x0000000084b00000, 0x0000000084b00000|100%| O|  |TAMS 0x0000000084a00000| PB 0x0000000084a00000| Untracked 
|  39|0x0000000084b00000, 0x0000000084c00000, 0x0000000084c00000|100%| O|  |TAMS 0x0000000084b00000| PB 0x0000000084b00000| Untracked 
|  40|0x0000000084c00000, 0x0000000084d00000, 0x0000000084d00000|100%|HS|  |TAMS 0x0000000084c00000| PB 0x0000000084c00000| Complete 
|  41|0x0000000084d00000, 0x0000000084e00000, 0x0000000084e00000|100%|HC|  |TAMS 0x0000000084d00000| PB 0x0000000084d00000| Complete 
|  42|0x0000000084e00000, 0x0000000084f00000, 0x0000000084f00000|100%|HC|  |TAMS 0x0000000084e00000| PB 0x0000000084e00000| Complete 
|  43|0x0000000084f00000, 0x0000000085000000, 0x0000000085000000|100%|HC|  |TAMS 0x0000000084f00000| PB 0x0000000084f00000| Complete 
|  44|0x0000000085000000, 0x0000000085100000, 0x0000000085100000|100%| O|  |TAMS 0x0000000085000000| PB 0x0000000085000000| Untracked 
|  45|0x0000000085100000, 0x0000000085200000, 0x0000000085200000|100%| O|  |TAMS 0x0000000085100000| PB 0x0000000085100000| Untracked 
|  46|0x0000000085200000, 0x0000000085300000, 0x0000000085300000|100%| O|  |TAMS 0x0000000085200000| PB 0x0000000085200000| Untracked 
|  47|0x0000000085300000, 0x0000000085300000, 0x0000000085400000|  0%| F|  |TAMS 0x0000000085300000| PB 0x0000000085300000| Untracked 
|  48|0x0000000085400000, 0x0000000085500000, 0x0000000085500000|100%| O|  |TAMS 0x0000000085400000| PB 0x0000000085400000| Untracked 
|  49|0x0000000085500000, 0x0000000085600000, 0x0000000085600000|100%| O|  |TAMS 0x0000000085500000| PB 0x0000000085500000| Untracked 
|  50|0x0000000085600000, 0x0000000085700000, 0x0000000085700000|100%| O|  |TAMS 0x0000000085600000| PB 0x0000000085600000| Untracked 
|  51|0x0000000085700000, 0x0000000085800000, 0x0000000085800000|100%| O|  |TAMS 0x0000000085700000| PB 0x0000000085700000| Untracked 
|  52|0x0000000085800000, 0x0000000085900000, 0x0000000085900000|100%| O|  |TAMS 0x0000000085800000| PB 0x0000000085800000| Untracked 
|  53|0x0000000085900000, 0x0000000085a00000, 0x0000000085a00000|100%| O|  |TAMS 0x0000000085900000| PB 0x0000000085900000| Untracked 
|  54|0x0000000085a00000, 0x0000000085b00000, 0x0000000085b00000|100%| O|  |TAMS 0x0000000085a00000| PB 0x0000000085a00000| Untracked 
|  55|0x0000000085b00000, 0x0000000085b00000, 0x0000000085c00000|  0%| F|  |TAMS 0x0000000085b00000| PB 0x0000000085b00000| Untracked 
|  56|0x0000000085c00000, 0x0000000085d00000, 0x0000000085d00000|100%| O|  |TAMS 0x0000000085c00000| PB 0x0000000085c00000| Untracked 
|  57|0x0000000085d00000, 0x0000000085e00000, 0x0000000085e00000|100%| O|  |TAMS 0x0000000085d00000| PB 0x0000000085d00000| Untracked 
|  58|0x0000000085e00000, 0x0000000085f00000, 0x0000000085f00000|100%| O|  |TAMS 0x0000000085e00000| PB 0x0000000085e00000| Untracked 
|  59|0x0000000085f00000, 0x0000000086000000, 0x0000000086000000|100%| O|  |TAMS 0x0000000085f00000| PB 0x0000000085f00000| Untracked 
|  60|0x0000000086000000, 0x0000000086100000, 0x0000000086100000|100%| O|  |TAMS 0x0000000086000000| PB 0x0000000086000000| Untracked 
|  61|0x0000000086100000, 0x0000000086200000, 0x0000000086200000|100%| O|  |TAMS 0x0000000086100000| PB 0x0000000086100000| Untracked 
|  62|0x0000000086200000, 0x0000000086300000, 0x0000000086300000|100%| O|  |TAMS 0x0000000086200000| PB 0x0000000086200000| Untracked 
|  63|0x0000000086300000, 0x0000000086400000, 0x0000000086400000|100%| O|  |TAMS 0x0000000086300000| PB 0x0000000086300000| Untracked 
|  64|0x0000000086400000, 0x0000000086500000, 0x0000000086500000|100%| O|  |TAMS 0x0000000086400000| PB 0x0000000086400000| Untracked 
|  65|0x0000000086500000, 0x0000000086600000, 0x0000000086600000|100%| O|  |TAMS 0x0000000086500000| PB 0x0000000086500000| Untracked 
|  66|0x0000000086600000, 0x0000000086700000, 0x0000000086700000|100%| O|  |TAMS 0x0000000086600000| PB 0x0000000086600000| Untracked 
|  67|0x0000000086700000, 0x0000000086800000, 0x0000000086800000|100%| O|  |TAMS 0x0000000086700000| PB 0x0000000086700000| Untracked 
|  68|0x0000000086800000, 0x0000000086900000, 0x0000000086900000|100%| O|  |TAMS 0x0000000086800000| PB 0x0000000086800000| Untracked 
|  69|0x0000000086900000, 0x0000000086a00000, 0x0000000086a00000|100%| O|  |TAMS 0x0000000086900000| PB 0x0000000086900000| Untracked 
|  70|0x0000000086a00000, 0x0000000086b00000, 0x0000000086b00000|100%| O|  |TAMS 0x0000000086a00000| PB 0x0000000086a00000| Untracked 
|  71|0x0000000086b00000, 0x0000000086c00000, 0x0000000086c00000|100%| O|  |TAMS 0x0000000086b00000| PB 0x0000000086b00000| Untracked 
|  72|0x0000000086c00000, 0x0000000086c00000, 0x0000000086d00000|  0%| F|  |TAMS 0x0000000086c00000| PB 0x0000000086c00000| Untracked 
|  73|0x0000000086d00000, 0x0000000086e00000, 0x0000000086e00000|100%| O|  |TAMS 0x0000000086d00000| PB 0x0000000086d00000| Untracked 
|  74|0x0000000086e00000, 0x0000000086f00000, 0x0000000086f00000|100%| O|  |TAMS 0x0000000086e00000| PB 0x0000000086e00000| Untracked 
|  75|0x0000000086f00000, 0x0000000087000000, 0x0000000087000000|100%| O|  |TAMS 0x0000000086f00000| PB 0x0000000086f00000| Untracked 
|  76|0x0000000087000000, 0x0000000087100000, 0x0000000087100000|100%|HS|  |TAMS 0x0000000087000000| PB 0x0000000087000000| Complete 
|  77|0x0000000087100000, 0x0000000087200000, 0x0000000087200000|100%|HC|  |TAMS 0x0000000087100000| PB 0x0000000087100000| Complete 
|  78|0x0000000087200000, 0x0000000087300000, 0x0000000087300000|100%|HC|  |TAMS 0x0000000087200000| PB 0x0000000087200000| Complete 
|  79|0x0000000087300000, 0x0000000087400000, 0x0000000087400000|100%|HS|  |TAMS 0x0000000087300000| PB 0x0000000087300000| Complete 
|  80|0x0000000087400000, 0x0000000087500000, 0x0000000087500000|100%| O|  |TAMS 0x0000000087400000| PB 0x0000000087400000| Untracked 
|  81|0x0000000087500000, 0x0000000087600000, 0x0000000087600000|100%| O|  |TAMS 0x0000000087500000| PB 0x0000000087500000| Untracked 
|  82|0x0000000087600000, 0x0000000087700000, 0x0000000087700000|100%| O|  |TAMS 0x0000000087600000| PB 0x0000000087600000| Untracked 
|  83|0x0000000087700000, 0x0000000087800000, 0x0000000087800000|100%| O|  |TAMS 0x0000000087700000| PB 0x0000000087700000| Untracked 
|  84|0x0000000087800000, 0x0000000087900000, 0x0000000087900000|100%| O|  |TAMS 0x0000000087800000| PB 0x0000000087800000| Untracked 
|  85|0x0000000087900000, 0x0000000087900000, 0x0000000087a00000|  0%| F|  |TAMS 0x0000000087900000| PB 0x0000000087900000| Untracked 
|  86|0x0000000087a00000, 0x0000000087b00000, 0x0000000087b00000|100%| O|  |TAMS 0x0000000087a00000| PB 0x0000000087a00000| Untracked 
|  87|0x0000000087b00000, 0x0000000087c00000, 0x0000000087c00000|100%| O|  |TAMS 0x0000000087b00000| PB 0x0000000087b00000| Untracked 
|  88|0x0000000087c00000, 0x0000000087d00000, 0x0000000087d00000|100%| O|  |TAMS 0x0000000087c00000| PB 0x0000000087c00000| Untracked 
|  89|0x0000000087d00000, 0x0000000087e00000, 0x0000000087e00000|100%| O|  |TAMS 0x0000000087d00000| PB 0x0000000087d00000| Untracked 
|  90|0x0000000087e00000, 0x0000000087f00000, 0x0000000087f00000|100%| O|  |TAMS 0x0000000087e00000| PB 0x0000000087e00000| Untracked 
|  91|0x0000000087f00000, 0x0000000088000000, 0x0000000088000000|100%| O|  |TAMS 0x0000000087f00000| PB 0x0000000087f00000| Untracked 
|  92|0x0000000088000000, 0x0000000088100000, 0x0000000088100000|100%| O|  |TAMS 0x0000000088000000| PB 0x0000000088000000| Untracked 
|  93|0x0000000088100000, 0x0000000088200000, 0x0000000088200000|100%| O|  |TAMS 0x0000000088100000| PB 0x0000000088100000| Untracked 
|  94|0x0000000088200000, 0x0000000088300000, 0x0000000088300000|100%| O|  |TAMS 0x0000000088200000| PB 0x0000000088200000| Untracked 
|  95|0x0000000088300000, 0x0000000088400000, 0x0000000088400000|100%| O|  |TAMS 0x0000000088300000| PB 0x0000000088300000| Untracked 
|  96|0x0000000088400000, 0x0000000088500000, 0x0000000088500000|100%| O|  |TAMS 0x0000000088400000| PB 0x0000000088400000| Untracked 
|  97|0x0000000088500000, 0x0000000088600000, 0x0000000088600000|100%| O|  |TAMS 0x0000000088500000| PB 0x0000000088500000| Untracked 
|  98|0x0000000088600000, 0x0000000088700000, 0x0000000088700000|100%| O|  |TAMS 0x0000000088600000| PB 0x0000000088600000| Untracked 
|  99|0x0000000088700000, 0x0000000088800000, 0x0000000088800000|100%| O|  |TAMS 0x0000000088700000| PB 0x0000000088700000| Untracked 
| 100|0x0000000088800000, 0x0000000088900000, 0x0000000088900000|100%| O|  |TAMS 0x0000000088800000| PB 0x0000000088800000| Untracked 
| 101|0x0000000088900000, 0x0000000088a00000, 0x0000000088a00000|100%| O|  |TAMS 0x0000000088900000| PB 0x0000000088900000| Untracked 
| 102|0x0000000088a00000, 0x0000000088b00000, 0x0000000088b00000|100%| O|  |TAMS 0x0000000088a00000| PB 0x0000000088a00000| Untracked 
| 103|0x0000000088b00000, 0x0000000088c00000, 0x0000000088c00000|100%| O|  |TAMS 0x0000000088b00000| PB 0x0000000088b00000| Untracked 
| 104|0x0000000088c00000, 0x0000000088d00000, 0x0000000088d00000|100%| O|  |TAMS 0x0000000088c00000| PB 0x0000000088c00000| Untracked 
| 105|0x0000000088d00000, 0x0000000088e00000, 0x0000000088e00000|100%| O|  |TAMS 0x0000000088d00000| PB 0x0000000088d00000| Untracked 
| 106|0x0000000088e00000, 0x0000000088f00000, 0x0000000088f00000|100%| O|  |TAMS 0x0000000088e00000| PB 0x0000000088e00000| Untracked 
| 107|0x0000000088f00000, 0x0000000089000000, 0x0000000089000000|100%| O|  |TAMS 0x0000000088f00000| PB 0x0000000088f00000| Untracked 
| 108|0x0000000089000000, 0x0000000089100000, 0x0000000089100000|100%| O|  |TAMS 0x0000000089000000| PB 0x0000000089000000| Untracked 
| 109|0x0000000089100000, 0x0000000089200000, 0x0000000089200000|100%| O|  |TAMS 0x0000000089100000| PB 0x0000000089100000| Untracked 
| 110|0x0000000089200000, 0x0000000089300000, 0x0000000089300000|100%| O|  |TAMS 0x0000000089200000| PB 0x0000000089200000| Untracked 
| 111|0x0000000089300000, 0x0000000089400000, 0x0000000089400000|100%| O|  |TAMS 0x0000000089300000| PB 0x0000000089300000| Untracked 
| 112|0x0000000089400000, 0x0000000089500000, 0x0000000089500000|100%| O|  |TAMS 0x0000000089400000| PB 0x0000000089400000| Untracked 
| 113|0x0000000089500000, 0x0000000089600000, 0x0000000089600000|100%| O|  |TAMS 0x0000000089500000| PB 0x0000000089500000| Untracked 
| 114|0x0000000089600000, 0x0000000089680000, 0x0000000089700000| 50%| O|  |TAMS 0x0000000089600000| PB 0x0000000089600000| Untracked 
| 115|0x0000000089700000, 0x0000000089700000, 0x0000000089800000|  0%| F|  |TAMS 0x0000000089700000| PB 0x0000000089700000| Untracked 
| 116|0x0000000089800000, 0x0000000089800000, 0x0000000089900000|  0%| F|  |TAMS 0x0000000089800000| PB 0x0000000089800000| Untracked 
| 117|0x0000000089900000, 0x0000000089900000, 0x0000000089a00000|  0%| F|  |TAMS 0x0000000089900000| PB 0x0000000089900000| Untracked 
| 118|0x0000000089a00000, 0x0000000089a00000, 0x0000000089b00000|  0%| F|  |TAMS 0x0000000089a00000| PB 0x0000000089a00000| Untracked 
| 119|0x0000000089b00000, 0x0000000089b00000, 0x0000000089c00000|  0%| F|  |TAMS 0x0000000089b00000| PB 0x0000000089b00000| Untracked 
| 120|0x0000000089c00000, 0x0000000089c00000, 0x0000000089d00000|  0%| F|  |TAMS 0x0000000089c00000| PB 0x0000000089c00000| Untracked 
| 121|0x0000000089d00000, 0x0000000089d00000, 0x0000000089e00000|  0%| F|  |TAMS 0x0000000089d00000| PB 0x0000000089d00000| Untracked 
| 122|0x0000000089e00000, 0x0000000089e00000, 0x0000000089f00000|  0%| F|  |TAMS 0x0000000089e00000| PB 0x0000000089e00000| Untracked 
| 123|0x0000000089f00000, 0x0000000089f00000, 0x000000008a000000|  0%| F|  |TAMS 0x0000000089f00000| PB 0x0000000089f00000| Untracked 
| 124|0x000000008a000000, 0x000000008a000000, 0x000000008a100000|  0%| F|  |TAMS 0x000000008a000000| PB 0x000000008a000000| Untracked 
| 125|0x000000008a100000, 0x000000008a100000, 0x000000008a200000|  0%| F|  |TAMS 0x000000008a100000| PB 0x000000008a100000| Untracked 
| 126|0x000000008a200000, 0x000000008a200000, 0x000000008a300000|  0%| F|  |TAMS 0x000000008a200000| PB 0x000000008a200000| Untracked 
| 127|0x000000008a300000, 0x000000008a300000, 0x000000008a400000|  0%| F|  |TAMS 0x000000008a300000| PB 0x000000008a300000| Untracked 
| 128|0x000000008a400000, 0x000000008a400000, 0x000000008a500000|  0%| F|  |TAMS 0x000000008a400000| PB 0x000000008a400000| Untracked 
| 129|0x000000008a500000, 0x000000008a500000, 0x000000008a600000|  0%| F|  |TAMS 0x000000008a500000| PB 0x000000008a500000| Untracked 
| 130|0x000000008a600000, 0x000000008a600000, 0x000000008a700000|  0%| F|  |TAMS 0x000000008a600000| PB 0x000000008a600000| Untracked 
| 131|0x000000008a700000, 0x000000008a700000, 0x000000008a800000|  0%| F|  |TAMS 0x000000008a700000| PB 0x000000008a700000| Untracked 
| 132|0x000000008a800000, 0x000000008a800000, 0x000000008a900000|  0%| F|  |TAMS 0x000000008a800000| PB 0x000000008a800000| Untracked 
| 133|0x000000008a900000, 0x000000008a900000, 0x000000008aa00000|  0%| F|  |TAMS 0x000000008a900000| PB 0x000000008a900000| Untracked 
| 134|0x000000008aa00000, 0x000000008aa00000, 0x000000008ab00000|  0%| F|  |TAMS 0x000000008aa00000| PB 0x000000008aa00000| Untracked 
| 135|0x000000008ab00000, 0x000000008ac00000, 0x000000008ac00000|100%| S|CS|TAMS 0x000000008ab00000| PB 0x000000008ab00000| Complete 
| 136|0x000000008ac00000, 0x000000008ad00000, 0x000000008ad00000|100%| S|CS|TAMS 0x000000008ac00000| PB 0x000000008ac00000| Complete 
| 137|0x000000008ad00000, 0x000000008ae00000, 0x000000008ae00000|100%| S|CS|TAMS 0x000000008ad00000| PB 0x000000008ad00000| Complete 
| 138|0x000000008ae00000, 0x000000008ae00000, 0x000000008af00000|  0%| F|  |TAMS 0x000000008ae00000| PB 0x000000008ae00000| Untracked 
| 139|0x000000008af00000, 0x000000008af00000, 0x000000008b000000|  0%| F|  |TAMS 0x000000008af00000| PB 0x000000008af00000| Untracked 
| 140|0x000000008b000000, 0x000000008b000000, 0x000000008b100000|  0%| F|  |TAMS 0x000000008b000000| PB 0x000000008b000000| Untracked 
| 141|0x000000008b100000, 0x000000008b100000, 0x000000008b200000|  0%| F|  |TAMS 0x000000008b100000| PB 0x000000008b100000| Untracked 
| 142|0x000000008b200000, 0x000000008b200000, 0x000000008b300000|  0%| F|  |TAMS 0x000000008b200000| PB 0x000000008b200000| Untracked 
| 143|0x000000008b300000, 0x000000008b300000, 0x000000008b400000|  0%| F|  |TAMS 0x000000008b300000| PB 0x000000008b300000| Untracked 
| 144|0x000000008b400000, 0x000000008b400000, 0x000000008b500000|  0%| F|  |TAMS 0x000000008b400000| PB 0x000000008b400000| Untracked 
| 145|0x000000008b500000, 0x000000008b500000, 0x000000008b600000|  0%| F|  |TAMS 0x000000008b500000| PB 0x000000008b500000| Untracked 
| 146|0x000000008b600000, 0x000000008b600000, 0x000000008b700000|  0%| F|  |TAMS 0x000000008b600000| PB 0x000000008b600000| Untracked 
| 147|0x000000008b700000, 0x000000008b700000, 0x000000008b800000|  0%| F|  |TAMS 0x000000008b700000| PB 0x000000008b700000| Untracked 
| 148|0x000000008b800000, 0x000000008b800000, 0x000000008b900000|  0%| F|  |TAMS 0x000000008b800000| PB 0x000000008b800000| Untracked 
| 149|0x000000008b900000, 0x000000008b900000, 0x000000008ba00000|  0%| F|  |TAMS 0x000000008b900000| PB 0x000000008b900000| Untracked 
| 150|0x000000008ba00000, 0x000000008ba00000, 0x000000008bb00000|  0%| F|  |TAMS 0x000000008ba00000| PB 0x000000008ba00000| Untracked 
| 151|0x000000008bb00000, 0x000000008bb00000, 0x000000008bc00000|  0%| F|  |TAMS 0x000000008bb00000| PB 0x000000008bb00000| Untracked 
| 152|0x000000008bc00000, 0x000000008bc00000, 0x000000008bd00000|  0%| F|  |TAMS 0x000000008bc00000| PB 0x000000008bc00000| Untracked 
| 153|0x000000008bd00000, 0x000000008bd00000, 0x000000008be00000|  0%| F|  |TAMS 0x000000008bd00000| PB 0x000000008bd00000| Untracked 
| 154|0x000000008be00000, 0x000000008be00000, 0x000000008bf00000|  0%| F|  |TAMS 0x000000008be00000| PB 0x000000008be00000| Untracked 
| 155|0x000000008bf00000, 0x000000008bf00000, 0x000000008c000000|  0%| F|  |TAMS 0x000000008bf00000| PB 0x000000008bf00000| Untracked 
| 156|0x000000008c000000, 0x000000008c000000, 0x000000008c100000|  0%| F|  |TAMS 0x000000008c000000| PB 0x000000008c000000| Untracked 
| 157|0x000000008c100000, 0x000000008c100000, 0x000000008c200000|  0%| F|  |TAMS 0x000000008c100000| PB 0x000000008c100000| Untracked 
| 158|0x000000008c200000, 0x000000008c200000, 0x000000008c300000|  0%| F|  |TAMS 0x000000008c200000| PB 0x000000008c200000| Untracked 
| 159|0x000000008c300000, 0x000000008c300000, 0x000000008c400000|  0%| F|  |TAMS 0x000000008c300000| PB 0x000000008c300000| Untracked 
| 160|0x000000008c400000, 0x000000008c400000, 0x000000008c500000|  0%| F|  |TAMS 0x000000008c400000| PB 0x000000008c400000| Untracked 
| 161|0x000000008c500000, 0x000000008c500000, 0x000000008c600000|  0%| F|  |TAMS 0x000000008c500000| PB 0x000000008c500000| Untracked 
| 162|0x000000008c600000, 0x000000008c600000, 0x000000008c700000|  0%| F|  |TAMS 0x000000008c600000| PB 0x000000008c600000| Untracked 
| 163|0x000000008c700000, 0x000000008c700000, 0x000000008c800000|  0%| F|  |TAMS 0x000000008c700000| PB 0x000000008c700000| Untracked 
| 164|0x000000008c800000, 0x000000008c900000, 0x000000008c900000|100%| E|  |TAMS 0x000000008c800000| PB 0x000000008c800000| Complete 
| 165|0x000000008c900000, 0x000000008ca00000, 0x000000008ca00000|100%| E|CS|TAMS 0x000000008c900000| PB 0x000000008c900000| Complete 
| 166|0x000000008ca00000, 0x000000008cb00000, 0x000000008cb00000|100%| E|CS|TAMS 0x000000008ca00000| PB 0x000000008ca00000| Complete 
| 167|0x000000008cb00000, 0x000000008cc00000, 0x000000008cc00000|100%| E|CS|TAMS 0x000000008cb00000| PB 0x000000008cb00000| Complete 
| 168|0x000000008cc00000, 0x000000008cd00000, 0x000000008cd00000|100%| E|CS|TAMS 0x000000008cc00000| PB 0x000000008cc00000| Complete 
| 169|0x000000008cd00000, 0x000000008ce00000, 0x000000008ce00000|100%| E|CS|TAMS 0x000000008cd00000| PB 0x000000008cd00000| Complete 
| 170|0x000000008ce00000, 0x000000008cf00000, 0x000000008cf00000|100%| E|CS|TAMS 0x000000008ce00000| PB 0x000000008ce00000| Complete 
| 171|0x000000008cf00000, 0x000000008d000000, 0x000000008d000000|100%| E|CS|TAMS 0x000000008cf00000| PB 0x000000008cf00000| Complete 
| 172|0x000000008d000000, 0x000000008d100000, 0x000000008d100000|100%| E|CS|TAMS 0x000000008d000000| PB 0x000000008d000000| Complete 
| 173|0x000000008d100000, 0x000000008d200000, 0x000000008d200000|100%| E|CS|TAMS 0x000000008d100000| PB 0x000000008d100000| Complete 
| 174|0x000000008d200000, 0x000000008d300000, 0x000000008d300000|100%| E|CS|TAMS 0x000000008d200000| PB 0x000000008d200000| Complete 
| 175|0x000000008d300000, 0x000000008d400000, 0x000000008d400000|100%| E|CS|TAMS 0x000000008d300000| PB 0x000000008d300000| Complete 
| 176|0x000000008d400000, 0x000000008d500000, 0x000000008d500000|100%| E|CS|TAMS 0x000000008d400000| PB 0x000000008d400000| Complete 
| 177|0x000000008d500000, 0x000000008d600000, 0x000000008d600000|100%| E|CS|TAMS 0x000000008d500000| PB 0x000000008d500000| Complete 
| 178|0x000000008d600000, 0x000000008d700000, 0x000000008d700000|100%| E|CS|TAMS 0x000000008d600000| PB 0x000000008d600000| Complete 
| 179|0x000000008d700000, 0x000000008d800000, 0x000000008d800000|100%| E|CS|TAMS 0x000000008d700000| PB 0x000000008d700000| Complete 
| 180|0x000000008d800000, 0x000000008d900000, 0x000000008d900000|100%| E|CS|TAMS 0x000000008d800000| PB 0x000000008d800000| Complete 
| 181|0x000000008d900000, 0x000000008da00000, 0x000000008da00000|100%| E|CS|TAMS 0x000000008d900000| PB 0x000000008d900000| Complete 
| 182|0x000000008da00000, 0x000000008db00000, 0x000000008db00000|100%| E|CS|TAMS 0x000000008da00000| PB 0x000000008da00000| Complete 
| 183|0x000000008db00000, 0x000000008dc00000, 0x000000008dc00000|100%| E|CS|TAMS 0x000000008db00000| PB 0x000000008db00000| Complete 
| 184|0x000000008dc00000, 0x000000008dd00000, 0x000000008dd00000|100%| E|CS|TAMS 0x000000008dc00000| PB 0x000000008dc00000| Complete 
|1992|0x00000000fec00000, 0x00000000fed00000, 0x00000000fed00000|100%| O|  |TAMS 0x00000000fec00000| PB 0x00000000fec00000| Untracked 
|1993|0x00000000fed00000, 0x00000000fee00000, 0x00000000fee00000|100%| O|  |TAMS 0x00000000fed00000| PB 0x00000000fed00000| Untracked 
|1994|0x00000000fee00000, 0x00000000fef00000, 0x00000000fef00000|100%| E|CS|TAMS 0x00000000fee00000| PB 0x00000000fee00000| Complete 
|1995|0x00000000fef00000, 0x00000000ff000000, 0x00000000ff000000|100%| E|CS|TAMS 0x00000000fef00000| PB 0x00000000fef00000| Complete 
|1996|0x00000000ff000000, 0x00000000ff100000, 0x00000000ff100000|100%| E|CS|TAMS 0x00000000ff000000| PB 0x00000000ff000000| Complete 
|1997|0x00000000ff100000, 0x00000000ff200000, 0x00000000ff200000|100%| E|CS|TAMS 0x00000000ff100000| PB 0x00000000ff100000| Complete 
|1998|0x00000000ff200000, 0x00000000ff300000, 0x00000000ff300000|100%| E|CS|TAMS 0x00000000ff200000| PB 0x00000000ff200000| Complete 
|1999|0x00000000ff300000, 0x00000000ff400000, 0x00000000ff400000|100%| E|CS|TAMS 0x00000000ff300000| PB 0x00000000ff300000| Complete 
|2000|0x00000000ff400000, 0x00000000ff500000, 0x00000000ff500000|100%| E|CS|TAMS 0x00000000ff400000| PB 0x00000000ff400000| Complete 
|2001|0x00000000ff500000, 0x00000000ff600000, 0x00000000ff600000|100%| E|CS|TAMS 0x00000000ff500000| PB 0x00000000ff500000| Complete 
|2002|0x00000000ff600000, 0x00000000ff700000, 0x00000000ff700000|100%| E|CS|TAMS 0x00000000ff600000| PB 0x00000000ff600000| Complete 
|2003|0x00000000ff700000, 0x00000000ff800000, 0x00000000ff800000|100%| E|CS|TAMS 0x00000000ff700000| PB 0x00000000ff700000| Complete 
|2004|0x00000000ff800000, 0x00000000ff900000, 0x00000000ff900000|100%| E|CS|TAMS 0x00000000ff800000| PB 0x00000000ff800000| Complete 
|2005|0x00000000ff900000, 0x00000000ffa00000, 0x00000000ffa00000|100%| O|  |TAMS 0x00000000ff900000| PB 0x00000000ff900000| Untracked 
|2006|0x00000000ffa00000, 0x00000000ffb00000, 0x00000000ffb00000|100%| O|  |TAMS 0x00000000ffa00000| PB 0x00000000ffa00000| Untracked 
|2007|0x00000000ffb00000, 0x00000000ffc00000, 0x00000000ffc00000|100%| O|  |TAMS 0x00000000ffb00000| PB 0x00000000ffb00000| Untracked 
|2008|0x00000000ffc00000, 0x00000000ffd00000, 0x00000000ffd00000|100%| E|CS|TAMS 0x00000000ffc00000| PB 0x00000000ffc00000| Complete 
|2009|0x00000000ffd00000, 0x00000000ffe00000, 0x00000000ffe00000|100%| E|CS|TAMS 0x00000000ffd00000| PB 0x00000000ffd00000| Complete 
|2010|0x00000000ffe00000, 0x00000000fff00000, 0x00000000fff00000|100%| E|CS|TAMS 0x00000000ffe00000| PB 0x00000000ffe00000| Complete 
|2011|0x00000000fff00000, 0x0000000100000000, 0x0000000100000000|100%| E|CS|TAMS 0x00000000fff00000| PB 0x00000000fff00000| Complete 

Card table byte_map: [0x000001920f610000,0x000001920fa00000] _byte_map_base: 0x000001920f1fe000

Marking Bits: (CMBitMap*) 0x0000019275b4dac0
 Bits: [0x000001920fa00000, 0x0000019211970000)

Polling page: 0x0000019275bc0000

Metaspace:

Usage:
  Non-class:     99.80 MB used.
      Class:     11.93 MB used.
       Both:    111.73 MB used.

Virtual space:
  Non-class space:      128.00 MB reserved,     100.44 MB ( 78%) committed,  2 nodes.
      Class space:        1.00 GB reserved,      12.50 MB (  1%) committed,  1 nodes.
             Both:        1.12 GB reserved,     112.94 MB ( 10%) committed. 

Chunk freelists:
   Non-Class:  11.41 MB
       Class:  3.38 MB
        Both:  14.78 MB

MaxMetaspaceSize: unlimited
CompressedClassSpaceSize: 1.00 GB
Initial GC threshold: 21.00 MB
Current GC threshold: 183.06 MB
CDS: on
 - commit_granule_bytes: 65536.
 - commit_granule_words: 8192.
 - virtual_space_node_default_size: 8388608.
 - enlarge_chunks_in_place: 1.
 - use_allocation_guard: 0.


Internal statistics:

num_allocs_failed_limit: 12.
num_arena_births: 1826.
num_arena_deaths: 6.
num_vsnodes_births: 3.
num_vsnodes_deaths: 0.
num_space_committed: 1821.
num_space_uncommitted: 7.
num_chunks_returned_to_freelist: 115.
num_chunks_taken_from_freelist: 6268.
num_chunk_merges: 30.
num_chunk_splits: 4728.
num_chunks_enlarged: 3737.
num_inconsistent_stats: 0.

CodeHeap 'non-profiled nmethods': size=120000Kb used=10569Kb max_used=11865Kb free=109431Kb
 bounds [0x0000019207ad0000, 0x0000019208670000, 0x000001920f000000]
CodeHeap 'profiled nmethods': size=120000Kb used=54437Kb max_used=62005Kb free=65562Kb
 bounds [0x0000019200000000, 0x0000019203ca0000, 0x0000019207530000]
CodeHeap 'non-nmethods': size=5760Kb used=1894Kb max_used=1966Kb free=3865Kb
 bounds [0x0000019207530000, 0x00000192077a0000, 0x0000019207ad0000]
 total_blobs=20069 nmethods=19200 adapters=769
 compilation: enabled
              stopped_count=0, restarted_count=0
 full_count=0

Compilation events (20 events):
Event: 36.407 Thread 0x000001925b72ed30 nmethod 28311 0x0000019207c6dd10 code [0x0000019207c6dea0, 0x0000019207c6df58]
Event: 36.407 Thread 0x000001925b72ed30 27621       4       com.sun.tools.javac.comp.Enter::visitTree (6 bytes)
Event: 36.408 Thread 0x000001921443d060 nmethod 27433 0x0000019207c6da10 code [0x0000019207c6dba0, 0x0000019207c6dc30]
Event: 36.408 Thread 0x000001921443d060 27831       4       com.sun.tools.javac.tree.JCTree$JCAssign::getTag (4 bytes)
Event: 36.408 Thread 0x000001921443d060 nmethod 27831 0x0000019207c6d710 code [0x0000019207c6d8a0, 0x0000019207c6d930]
Event: 36.408 Thread 0x000001921443d060 27421       4       lombok.launch.ClassFileMetaData::decodeString (181 bytes)
Event: 36.408 Thread 0x000001925b72ed30 nmethod 27621 0x0000019207c6d410 code [0x0000019207c6d5a0, 0x0000019207c6d680]
Event: 36.408 Thread 0x000001925b72ed30 27085       4       com.sun.tools.javac.jvm.ClassReader::readAttrs (92 bytes)
Event: 36.424 Thread 0x000001921443d060 nmethod 27421 0x0000019207c6c210 code [0x0000019207c6c400, 0x0000019207c6cfc0]
Event: 36.424 Thread 0x000001921443d060 27517 %     4       java.net.URI::needsNormalization @ 123 (184 bytes)
Event: 36.431 Thread 0x000001921443d060 nmethod 27517% 0x0000019207c6b610 code [0x0000019207c6b800, 0x0000019207c6bd18]
Event: 36.431 Thread 0x000001921443d060 27445 %     4       lombok.launch.PackageShader::apply @ 154 (252 bytes)
Event: 36.439 Thread 0x000001925b72ed30 nmethod 27085 0x00000192084c0d10 code [0x00000192084c0fc0, 0x00000192084c2180]
Event: 36.439 Thread 0x000001925b72ed30 26660       4       jdk.nio.zipfs.ZipPath::compareTo (87 bytes)
Event: 36.442 Thread 0x000001925b72ed30 nmethod 26660 0x0000019207c6b090 code [0x0000019207c6b220, 0x0000019207c6b3f8]
Event: 36.443 Thread 0x000001925b72ed30 27267       4       com.sun.tools.javac.jvm.ClassReader::skipMember (55 bytes)
Event: 36.448 Thread 0x000001925b72ed30 nmethod 27267 0x0000019207c6a810 code [0x0000019207c6a9c0, 0x0000019207c6ad60]
Event: 36.448 Thread 0x000001925b72ed30 28092       4       com.sun.tools.javac.jvm.ClassReader::setParameters (327 bytes)
Event: 36.456 Thread 0x000001921443d060 nmethod 27445% 0x00000192084bf510 code [0x00000192084bf720, 0x00000192084c0430]
Event: 36.456 Thread 0x000001921443d060 27203       4       com.sun.tools.javac.code.ClassFinder::includeClassFile (307 bytes)

GC Heap History (20 events):
Event: 20.184 GC heap before
{Heap before GC invocations=20 (full 0):
 garbage-first heap   total 204800K, used 165855K [0x0000000082400000, 0x0000000100000000)
  region size 1024K, 93 young (95232K), 7 survivors (7168K)
 Metaspace       used 79480K, committed 80576K, reserved 1179648K
  class space    used 9251K, committed 9792K, reserved 1048576K
}
Event: 20.205 GC heap after
{Heap after GC invocations=21 (full 0):
 garbage-first heap   total 204800K, used 75159K [0x0000000082400000, 0x0000000100000000)
  region size 1024K, 12 young (12288K), 12 survivors (12288K)
 Metaspace       used 79480K, committed 80576K, reserved 1179648K
  class space    used 9251K, committed 9792K, reserved 1048576K
}
Event: 21.773 GC heap before
{Heap before GC invocations=21 (full 0):
 garbage-first heap   total 204800K, used 130455K [0x0000000082400000, 0x0000000100000000)
  region size 1024K, 67 young (68608K), 12 survivors (12288K)
 Metaspace       used 83168K, committed 84288K, reserved 1179648K
  class space    used 9518K, committed 10048K, reserved 1048576K
}
Event: 21.794 GC heap after
{Heap after GC invocations=22 (full 0):
 garbage-first heap   total 204800K, used 80873K [0x0000000082400000, 0x0000000100000000)
  region size 1024K, 5 young (5120K), 5 survivors (5120K)
 Metaspace       used 83168K, committed 84288K, reserved 1179648K
  class space    used 9518K, committed 10048K, reserved 1048576K
}
Event: 24.095 GC heap before
{Heap before GC invocations=23 (full 0):
 garbage-first heap   total 204800K, used 166889K [0x0000000082400000, 0x0000000100000000)
  region size 1024K, 94 young (96256K), 5 survivors (5120K)
 Metaspace       used 83274K, committed 84416K, reserved 1179648K
  class space    used 9401K, committed 9984K, reserved 1048576K
}
Event: 24.107 GC heap after
{Heap after GC invocations=24 (full 0):
 garbage-first heap   total 204800K, used 79872K [0x0000000082400000, 0x0000000100000000)
  region size 1024K, 10 young (10240K), 10 survivors (10240K)
 Metaspace       used 83274K, committed 84416K, reserved 1179648K
  class space    used 9401K, committed 9984K, reserved 1048576K
}
Event: 26.587 GC heap before
{Heap before GC invocations=24 (full 0):
 garbage-first heap   total 204800K, used 175104K [0x0000000082400000, 0x0000000100000000)
  region size 1024K, 101 young (103424K), 10 survivors (10240K)
 Metaspace       used 88304K, committed 89408K, reserved 1179648K
  class space    used 9954K, committed 10496K, reserved 1048576K
}
Event: 26.604 GC heap after
{Heap after GC invocations=25 (full 0):
 garbage-first heap   total 204800K, used 83820K [0x0000000082400000, 0x0000000100000000)
  region size 1024K, 10 young (10240K), 10 survivors (10240K)
 Metaspace       used 88304K, committed 89408K, reserved 1179648K
  class space    used 9954K, committed 10496K, reserved 1048576K
}
Event: 28.147 GC heap before
{Heap before GC invocations=25 (full 0):
 garbage-first heap   total 204800K, used 148332K [0x0000000082400000, 0x0000000100000000)
  region size 1024K, 74 young (75776K), 10 survivors (10240K)
 Metaspace       used 98438K, committed 99520K, reserved 1179648K
  class space    used 10882K, committed 11392K, reserved 1048576K
}
Event: 28.164 GC heap after
{Heap after GC invocations=26 (full 0):
 garbage-first heap   total 204800K, used 88064K [0x0000000082400000, 0x0000000100000000)
  region size 1024K, 9 young (9216K), 9 survivors (9216K)
 Metaspace       used 98438K, committed 99520K, reserved 1179648K
  class space    used 10882K, committed 11392K, reserved 1048576K
}
Event: 30.120 GC heap before
{Heap before GC invocations=27 (full 0):
 garbage-first heap   total 204800K, used 180224K [0x0000000082400000, 0x0000000100000000)
  region size 1024K, 101 young (103424K), 9 survivors (9216K)
 Metaspace       used 108474K, committed 109568K, reserved 1179648K
  class space    used 11686K, committed 12224K, reserved 1048576K
}
Event: 30.135 GC heap after
{Heap after GC invocations=28 (full 0):
 garbage-first heap   total 204800K, used 88956K [0x0000000082400000, 0x0000000100000000)
  region size 1024K, 9 young (9216K), 9 survivors (9216K)
 Metaspace       used 108474K, committed 109568K, reserved 1179648K
  class space    used 11686K, committed 12224K, reserved 1048576K
}
Event: 31.945 GC heap before
{Heap before GC invocations=28 (full 0):
 garbage-first heap   total 204800K, used 188284K [0x0000000082400000, 0x0000000100000000)
  region size 1024K, 101 young (103424K), 9 survivors (9216K)
 Metaspace       used 109659K, committed 110784K, reserved 1179648K
  class space    used 11731K, committed 12288K, reserved 1048576K
}
Event: 31.964 GC heap after
{Heap after GC invocations=29 (full 0):
 garbage-first heap   total 207872K, used 99132K [0x0000000082400000, 0x0000000100000000)
  region size 1024K, 13 young (13312K), 13 survivors (13312K)
 Metaspace       used 109659K, committed 110784K, reserved 1179648K
  class space    used 11731K, committed 12288K, reserved 1048576K
}
Event: 33.456 GC heap before
{Heap before GC invocations=29 (full 0):
 garbage-first heap   total 207872K, used 181052K [0x0000000082400000, 0x0000000100000000)
  region size 1024K, 94 young (96256K), 13 survivors (13312K)
 Metaspace       used 111128K, committed 112256K, reserved 1179648K
  class space    used 11890K, committed 12416K, reserved 1048576K
}
Event: 33.477 GC heap after
{Heap after GC invocations=30 (full 0):
 garbage-first heap   total 209920K, used 113664K [0x0000000082400000, 0x0000000100000000)
  region size 1024K, 12 young (12288K), 12 survivors (12288K)
 Metaspace       used 111128K, committed 112256K, reserved 1179648K
  class space    used 11890K, committed 12416K, reserved 1048576K
}
Event: 34.343 GC heap before
{Heap before GC invocations=31 (full 0):
 garbage-first heap   total 209920K, used 183296K [0x0000000082400000, 0x0000000100000000)
  region size 1024K, 79 young (80896K), 12 survivors (12288K)
 Metaspace       used 111389K, committed 112576K, reserved 1179648K
  class space    used 11919K, committed 12480K, reserved 1048576K
}
Event: 34.358 GC heap after
{Heap after GC invocations=32 (full 0):
 garbage-first heap   total 209920K, used 120832K [0x0000000082400000, 0x0000000100000000)
  region size 1024K, 10 young (10240K), 10 survivors (10240K)
 Metaspace       used 111389K, committed 112576K, reserved 1179648K
  class space    used 11919K, committed 12480K, reserved 1048576K
}
Event: 34.792 GC heap before
{Heap before GC invocations=32 (full 0):
 garbage-first heap   total 209920K, used 183296K [0x0000000082400000, 0x0000000100000000)
  region size 1024K, 71 young (72704K), 10 survivors (10240K)
 Metaspace       used 111535K, committed 112704K, reserved 1179648K
  class space    used 11920K, committed 12480K, reserved 1048576K
}
Event: 34.805 GC heap after
{Heap after GC invocations=33 (full 0):
 garbage-first heap   total 209920K, used 120320K [0x0000000082400000, 0x0000000100000000)
  region size 1024K, 3 young (3072K), 3 survivors (3072K)
 Metaspace       used 111535K, committed 112704K, reserved 1179648K
  class space    used 11920K, committed 12480K, reserved 1048576K
}

Dll operation events (8 events):
Event: 0.008 Loaded shared library D:\mailon\Java\jdk-21.0.10\bin\java.dll
Event: 0.031 Loaded shared library D:\mailon\Java\jdk-21.0.10\bin\jsvml.dll
Event: 0.059 Loaded shared library D:\mailon\Java\jdk-21.0.10\bin\net.dll
Event: 0.061 Loaded shared library D:\mailon\Java\jdk-21.0.10\bin\nio.dll
Event: 0.080 Loaded shared library D:\mailon\Java\jdk-21.0.10\bin\zip.dll
Event: 0.893 Loaded shared library D:\mailon\Java\jdk-21.0.10\bin\jimage.dll
Event: 0.912 Loaded shared library D:\mailon\Usuario\Desktop\apache-maven-3.9.14-bin (1)\apache-maven-3.9.14\lib\jansi-native\Windows\x86_64\jansi.dll
Event: 0.956 Loaded shared library D:\mailon\Java\jdk-21.0.10\bin\verify.dll

Deoptimization events (20 events):
Event: 35.687 Thread 0x000001925ef60ef0 Uncommon trap: trap_request=0xffffff45 fr.pc=0x0000019208183210 relative=0x0000000000000df0
Event: 35.687 Thread 0x000001925ef60ef0 Uncommon trap: reason=unstable_if action=reinterpret pc=0x0000019208183210 method=java.util.regex.Pattern.sequence(Ljava/util/regex/Pattern$Node;)Ljava/util/regex/Pattern$Node; @ 144 c2
Event: 35.687 Thread 0x000001925ef60ef0 DEOPT PACKING pc=0x0000019208183210 sp=0x0000007a666fecb0
Event: 35.687 Thread 0x000001925ef60ef0 DEOPT UNPACKING pc=0x00000192075846a2 sp=0x0000007a666fec60 mode 2
Event: 35.689 Thread 0x000001925ef60ef0 Uncommon trap: trap_request=0xffffffc6 fr.pc=0x00000192083873e8 relative=0x00000000000009c8
Event: 35.689 Thread 0x000001925ef60ef0 Uncommon trap: reason=bimorphic_or_optimized_type_check action=maybe_recompile pc=0x00000192083873e8 method=java.util.regex.Matcher.getTextLength()I @ 4 c2
Event: 35.689 Thread 0x000001925ef60ef0 DEOPT PACKING pc=0x00000192083873e8 sp=0x0000007a666ff590
Event: 35.689 Thread 0x000001925ef60ef0 DEOPT UNPACKING pc=0x00000192075846a2 sp=0x0000007a666ff400 mode 2
Event: 35.689 Thread 0x000001925ef60ef0 Uncommon trap: trap_request=0xffffff45 fr.pc=0x0000019207c7dde8 relative=0x00000000000000c8
Event: 35.689 Thread 0x000001925ef60ef0 Uncommon trap: reason=unstable_if action=reinterpret pc=0x0000019207c7dde8 method=java.lang.String.codePointAt(I)I @ 4 c2
Event: 35.689 Thread 0x000001925ef60ef0 DEOPT PACKING pc=0x0000019207c7dde8 sp=0x0000007a666ff3f0
Event: 35.689 Thread 0x000001925ef60ef0 DEOPT UNPACKING pc=0x00000192075846a2 sp=0x0000007a666ff378 mode 2
Event: 35.690 Thread 0x000001925ef60ef0 Uncommon trap: trap_request=0xffffffc6 fr.pc=0x00000192081886e4 relative=0x0000000000000304
Event: 35.690 Thread 0x000001925ef60ef0 Uncommon trap: reason=bimorphic_or_optimized_type_check action=maybe_recompile pc=0x00000192081886e4 method=java.util.regex.Matcher.getTextLength()I @ 4 c2
Event: 35.690 Thread 0x000001925ef60ef0 DEOPT PACKING pc=0x00000192081886e4 sp=0x0000007a666ff4e0
Event: 35.690 Thread 0x000001925ef60ef0 DEOPT UNPACKING pc=0x00000192075846a2 sp=0x0000007a666ff410 mode 2
Event: 35.690 Thread 0x000001925ef60ef0 Uncommon trap: trap_request=0xffffffde fr.pc=0x000001920819fefc relative=0x00000000000005dc
Event: 35.690 Thread 0x000001925ef60ef0 Uncommon trap: reason=class_check action=maybe_recompile pc=0x000001920819fefc method=sun.nio.cs.StreamDecoder.read([CII)I @ 8 c2
Event: 35.690 Thread 0x000001925ef60ef0 DEOPT PACKING pc=0x000001920819fefc sp=0x0000007a666ff470
Event: 35.690 Thread 0x000001925ef60ef0 DEOPT UNPACKING pc=0x00000192075846a2 sp=0x0000007a666ff428 mode 2

Classes loaded (20 events):
Event: 35.658 Loading class jdk/internal/logger/LazyLoggers$LazyLoggerFactories
Event: 35.658 Loading class jdk/internal/logger/LazyLoggers$LazyLoggerFactories done
Event: 35.658 Loading class jdk/internal/logger/LoggerFinderLoader
Event: 35.659 Loading class jdk/internal/logger/LoggerFinderLoader done
Event: 35.659 Loading class jdk/internal/logger/LoggerFinderLoader$TemporaryLoggerFinder
Event: 35.659 Loading class jdk/internal/logger/LoggerFinderLoader$TemporaryLoggerFinder done
Event: 35.659 Loading class sun/util/logging/internal/LoggingProviderImpl$JULWrapper
Event: 35.660 Loading class sun/util/logging/PlatformLogger$ConfigurableBridge$LoggerConfiguration
Event: 35.660 Loading class sun/util/logging/PlatformLogger$ConfigurableBridge$LoggerConfiguration done
Event: 35.660 Loading class sun/util/logging/internal/LoggingProviderImpl$JULWrapper done
Event: 35.660 Loading class java/lang/System$Logger$Level
Event: 35.660 Loading class java/lang/System$Logger$Level done
Event: 35.661 Loading class java/nio/channels/ClosedChannelException
Event: 35.661 Loading class java/nio/channels/ClosedChannelException done
Event: 35.663 Loading class java/nio/channels/NonReadableChannelException
Event: 35.663 Loading class java/nio/channels/NonReadableChannelException done
Event: 35.683 Loading class java/util/Scanner
Event: 35.685 Loading class java/util/Scanner done
Event: 35.688 Loading class java/util/Scanner$PatternLRUCache
Event: 35.689 Loading class java/util/Scanner$PatternLRUCache done

Classes unloaded (20 events):
Event: 21.878 Thread 0x0000019214406070 Unloading class 0x000001921632e7d0 'lombok/javac/apt/MessagerDiagnosticsReceiver'
Event: 21.878 Thread 0x0000019214406070 Unloading class 0x000001921632e410 'lombok/javac/apt/InterceptingJavaFileManager'
Event: 21.878 Thread 0x0000019214406070 Unloading class 0x000001921632e210 'lombok/permit/dummy/Parent'
Event: 21.878 Thread 0x0000019214406070 Unloading class 0x000001921632e000 'lombok/core/CleanupRegistry'
Event: 21.878 Thread 0x0000019214406070 Unloading class 0x000001921632ddb8 'lombok/permit/Permit$Fake'
Event: 21.878 Thread 0x0000019214406070 Unloading class 0x000001921632dbc0 'lombok/permit/Permit'
Event: 21.878 Thread 0x0000019214406070 Unloading class 0x000001921632d8d8 'lombok/javac/apt/LombokProcessor$1'
Event: 21.878 Thread 0x0000019214406070 Unloading class 0x000001921632d6e8 'lombok/core/DiagnosticsReceiver'
Event: 21.878 Thread 0x0000019214406070 Unloading class 0x000001921632d458 'lombok/javac/apt/LombokProcessor'
Event: 21.878 Thread 0x0000019214406070 Unloading class 0x000001921632d230 'lombok/core/AnnotationProcessor$EcjDescriptor'
Event: 21.878 Thread 0x0000019214406070 Unloading class 0x000001921632d000 'lombok/core/AnnotationProcessor$JavacDescriptor'
Event: 21.878 Thread 0x0000019214406070 Unloading class 0x000001921632ca78 'lombok/core/AnnotationProcessor$ProcessorDescriptor'
Event: 21.878 Thread 0x0000019214406070 Unloading class 0x000001921632c800 'lombok/core/AnnotationProcessor'
Event: 21.878 Thread 0x0000019214406070 Unloading class 0x0000019216381c00 'lombok/launch/AnnotationProcessorHider$ClaimingProcessor'
Event: 21.878 Thread 0x0000019214406070 Unloading class 0x000001921632c488 'lombok/launch/AnnotationProcessorHider$AstModificationNotifierData'
Event: 21.878 Thread 0x0000019214406070 Unloading class 0x000001921632c210 'lombok/launch/ClassFileMetaData'
Event: 21.878 Thread 0x0000019214406070 Unloading class 0x000001921632c000 'lombok/launch/PackageShader'
Event: 21.878 Thread 0x0000019214406070 Unloading class 0x00000192162fc470 'lombok/launch/ShadowClassLoader'
Event: 21.878 Thread 0x0000019214406070 Unloading class 0x00000192162fc278 'lombok/launch/Main'
Event: 21.878 Thread 0x0000019214406070 Unloading class 0x00000192162fc000 'lombok/launch/AnnotationProcessorHider$AnnotationProcessor'

Classes redefined (0 events):
No events

Internal exceptions (20 events):
Event: 33.933 Thread 0x000001927587f3f0 Exception <a 'sun/nio/fs/WindowsException'{0x000000008d0e3160}> (0x000000008d0e3160) 
thrown [s\open\src\hotspot\share\prims\jni.cpp, line 520]
Event: 33.960 Thread 0x000001927587f3f0 Exception <a 'sun/nio/fs/WindowsException'{0x000000008ce8f1f0}> (0x000000008ce8f1f0) 
thrown [s\open\src\hotspot\share\prims\jni.cpp, line 520]
Event: 33.960 Thread 0x000001927587f3f0 Exception <a 'sun/nio/fs/WindowsException'{0x000000008ce8fe08}> (0x000000008ce8fe08) 
thrown [s\open\src\hotspot\share\prims\jni.cpp, line 520]
Event: 33.960 Thread 0x000001927587f3f0 Exception <a 'sun/nio/fs/WindowsException'{0x000000008ce91798}> (0x000000008ce91798) 
thrown [s\open\src\hotspot\share\prims\jni.cpp, line 520]
Event: 33.960 Thread 0x000001927587f3f0 Exception <a 'sun/nio/fs/WindowsException'{0x000000008ce93b08}> (0x000000008ce93b08) 
thrown [s\open\src\hotspot\share\prims\jni.cpp, line 520]
Event: 33.960 Thread 0x000001927587f3f0 Exception <a 'sun/nio/fs/WindowsException'{0x000000008ce947e0}> (0x000000008ce947e0) 
thrown [s\open\src\hotspot\share\prims\jni.cpp, line 520]
Event: 34.004 Thread 0x000001927587f3f0 Exception <a 'sun/nio/fs/WindowsException'{0x000000008ccfcea0}> (0x000000008ccfcea0) 
thrown [s\open\src\hotspot\share\prims\jni.cpp, line 520]
Event: 34.004 Thread 0x000001927587f3f0 Exception <a 'sun/nio/fs/WindowsException'{0x000000008ccfd578}> (0x000000008ccfd578) 
thrown [s\open\src\hotspot\share\prims\jni.cpp, line 520]
Event: 34.004 Thread 0x000001927587f3f0 Exception <a 'sun/nio/fs/WindowsException'{0x000000008ccfde50}> (0x000000008ccfde50) 
thrown [s\open\src\hotspot\share\prims\jni.cpp, line 520]
Event: 34.149 Thread 0x000001925c59a810 Implicit null exception at 0x0000019207ced12f to 0x0000019207cedabc
Event: 34.158 Thread 0x000001927587f3f0 Exception <a 'sun/nio/fs/WindowsException'{0x000000008c9825c0}> (0x000000008c9825c0) 
thrown [s\open\src\hotspot\share\prims\jni.cpp, line 520]
Event: 34.158 Thread 0x000001927587f3f0 Exception <a 'sun/nio/fs/WindowsException'{0x000000008c982d98}> (0x000000008c982d98) 
thrown [s\open\src\hotspot\share\prims\jni.cpp, line 520]
Event: 34.159 Thread 0x000001927587f3f0 Exception <a 'java/lang/NoSuchMethodError'{0x000000008c98a0e8}: 'void java.lang.invoke.Invokers$Holder.invokeExact_MT(java.lang.Object, java.lang.Object, java.lang.Object)'> (0x000000008c98a0e8) 
thrown [s\open\src\hotspot\share\interpreter\linkResolver.cpp, line 773]
Event: 35.147 Thread 0x000001925ef5ee20 Exception <a 'java/lang/NoSuchMethodError'{0x000000008da36990}: 'java.lang.Object java.lang.invoke.DirectMethodHandle$Holder.invokeStatic(java.lang.Object, long, java.lang.Object)'> (0x000000008da36990) 
thrown [s\open\src\hotspot\share\interpreter\linkResolver.cpp, line 773]
Event: 35.147 Thread 0x000001925ef5ee20 Exception <a 'java/lang/NoSuchMethodError'{0x000000008da39d48}: 'java.lang.Object java.lang.invoke.DirectMethodHandle$Holder.invokeStaticInit(java.lang.Object, long, java.lang.Object)'> (0x000000008da39d48) 
thrown [s\open\src\hotspot\share\interpreter\linkResolver.cpp, line 773]
Event: 35.148 Thread 0x000001925ef5ee20 Exception <a 'java/lang/NoSuchMethodError'{0x000000008da3f128}: 'java.lang.Object java.lang.invoke.DirectMethodHandle$Holder.newInvokeSpecial(java.lang.Object, long)'> (0x000000008da3f128) 
thrown [s\open\src\hotspot\share\interpreter\linkResolver.cpp, line 773]
Event: 35.154 Thread 0x000001925ef5ee20 Exception <a 'java/lang/NoSuchMethodError'{0x000000008da437d8}: 'long java.lang.invoke.DirectMethodHandle$Holder.invokeInterface(java.lang.Object, java.lang.Object)'> (0x000000008da437d8) 
thrown [s\open\src\hotspot\share\interpreter\linkResolver.cpp, line 773]
Event: 35.154 Thread 0x000001925ef5ee20 Exception <a 'java/lang/NoSuchMethodError'{0x000000008da46e50}: 'long java.lang.invoke.DelegatingMethodHandle$Holder.reinvoke_L(java.lang.Object, java.lang.Object)'> (0x000000008da46e50) 
thrown [s\open\src\hotspot\share\interpreter\linkResolver.cpp, line 773]
Event: 35.227 Thread 0x000001927587f3f0 Exception <a 'java/lang/NoSuchMethodError'{0x000000008d646708}: 'java.lang.Object java.lang.invoke.DirectMethodHandle$Holder.invokeStaticInit(java.lang.Object, java.lang.Object, int, int, int, int)'> (0x000000008d646708) 
thrown [s\open\src\hotspot\share\interpreter\linkResolver.cpp, line 773]
Event: 35.652 Thread 0x000001927587f3f0 Exception <a 'java/lang/NoSuchMethodError'{0x000000008cbbb240}: 'void java.lang.invoke.DirectMethodHandle$Holder.invokeStatic(java.lang.Object, long)'> (0x000000008cbbb240) 
thrown [s\open\src\hotspot\share\interpreter\linkResolver.cpp, line 773]

ZGC Phase Switch (0 events):
No events

VM Operations (20 events):
Event: 34.343 Executing VM operation: G1CollectForAllocation (G1 Evacuation Pause)
Event: 34.358 Executing VM operation: G1CollectForAllocation (G1 Evacuation Pause) done
Event: 34.604 Executing VM operation: ICBufferFull
Event: 34.605 Executing VM operation: ICBufferFull done
Event: 34.674 Executing VM operation: ICBufferFull
Event: 34.674 Executing VM operation: ICBufferFull done
Event: 34.791 Executing VM operation: G1CollectForAllocation (G1 Evacuation Pause)
Event: 34.805 Executing VM operation: G1CollectForAllocation (G1 Evacuation Pause) done
Event: 35.086 Executing VM operation: HandshakeAllThreads (Deoptimize)
Event: 35.086 Executing VM operation: HandshakeAllThreads (Deoptimize) done
Event: 35.199 Executing VM operation: HandshakeAllThreads (Deoptimize)
Event: 35.199 Executing VM operation: HandshakeAllThreads (Deoptimize) done
Event: 35.513 Executing VM operation: HandshakeAllThreads (Deoptimize)
Event: 35.513 Executing VM operation: HandshakeAllThreads (Deoptimize) done
Event: 35.541 Executing VM operation: HandshakeAllThreads (Deoptimize)
Event: 35.541 Executing VM operation: HandshakeAllThreads (Deoptimize) done
Event: 35.544 Executing VM operation: HandshakeAllThreads (Deoptimize)
Event: 35.544 Executing VM operation: HandshakeAllThreads (Deoptimize) done
Event: 35.657 Executing VM operation: HandshakeAllThreads (Deoptimize)
Event: 35.657 Executing VM operation: HandshakeAllThreads (Deoptimize) done

Events (20 events):
Event: 33.615 Thread 0x0000019214406070 flushing nmethod 0x000001920366a710
Event: 33.615 Thread 0x0000019214406070 flushing nmethod 0x00000192036d4110
Event: 33.615 Thread 0x0000019214406070 flushing nmethod 0x0000019203759410
Event: 33.615 Thread 0x0000019214406070 flushing nmethod 0x000001920375d010
Event: 33.615 Thread 0x0000019214406070 flushing nmethod 0x0000019203761a90
Event: 33.615 Thread 0x0000019214406070 flushing nmethod 0x00000192037a5810
Event: 33.615 Thread 0x0000019214406070 flushing nmethod 0x00000192037a8310
Event: 33.615 Thread 0x0000019214406070 flushing nmethod 0x00000192037abe90
Event: 33.615 Thread 0x0000019214406070 flushing nmethod 0x00000192037ac310
Event: 33.615 Thread 0x0000019214406070 flushing nmethod 0x00000192037d4c10
Event: 33.615 Thread 0x0000019214406070 flushing nmethod 0x00000192037d6690
Event: 34.149 Thread 0x000001925c59a810 Thread added: 0x000001925c59a810
Event: 35.088 Thread 0x000001925ef5ee20 Thread added: 0x000001925ef5ee20
Event: 35.156 Thread 0x000001925ef5ee20 Thread exited: 0x000001925ef5ee20
Event: 35.347 Thread 0x000001925ef5c6c0 Thread added: 0x000001925ef5c6c0
Event: 35.351 Thread 0x000001925ef61c10 Thread added: 0x000001925ef61c10
Event: 35.613 Thread 0x000001925ef5f4b0 Thread added: 0x000001925ef5f4b0
Event: 35.683 Thread 0x000001925ef60ef0 Thread added: 0x000001925ef60ef0
Event: 35.683 Thread 0x000001925ef61580 Thread added: 0x000001925ef61580
Event: 35.694 Thread 0x000001925ef622a0 Thread added: 0x000001925ef622a0


Dynamic libraries:
0x00007ff75e160000 - 0x00007ff75e170000 	D:\mailon\Java\jdk-21.0.10\bin\java.exe
0x00007ffe20340000 - 0x00007ffe205a7000 	C:\WINDOWS\SYSTEM32\ntdll.dll
0x00007ffe1f710000 - 0x00007ffe1f7d9000 	C:\WINDOWS\System32\KERNEL32.DLL
0x00007ffe1ce40000 - 0x00007ffe1d234000 	C:\WINDOWS\System32\KERNELBASE.dll
0x00007ffe1df80000 - 0x00007ffe1e0cb000 	C:\WINDOWS\System32\ucrtbase.dll
0x00007ffe175d0000 - 0x00007ffe175e9000 	D:\mailon\Java\jdk-21.0.10\bin\jli.dll
0x00007ffe175b0000 - 0x00007ffe175ce000 	D:\mailon\Java\jdk-21.0.10\bin\VCRUNTIME140.dll
0x00007ffe20240000 - 0x00007ffe202f6000 	C:\WINDOWS\System32\ADVAPI32.dll
0x00007ffe1f540000 - 0x00007ffe1f5e9000 	C:\WINDOWS\System32\msvcrt.dll
0x00007ffe1f7e0000 - 0x00007ffe1f887000 	C:\WINDOWS\System32\sechost.dll
0x00007ffe1f5f0000 - 0x00007ffe1f708000 	C:\WINDOWS\System32\RPCRT4.dll
0x00007ffe1ee10000 - 0x00007ffe1efd5000 	C:\WINDOWS\System32\USER32.dll
0x00007ffe1ce10000 - 0x00007ffe1ce37000 	C:\WINDOWS\System32\win32u.dll
0x00007ffe1f890000 - 0x00007ffe1f8bb000 	C:\WINDOWS\System32\GDI32.dll
0x00007ffe0c8f0000 - 0x00007ffe0cb83000 	C:\WINDOWS\WinSxS\amd64_microsoft.windows.common-controls_6595b64144ccf1df_6.0.26100.8115_none_3e075c82e3354f9c\COMCTL32.dll
0x00007ffe1dab0000 - 0x00007ffe1dbdb000 	C:\WINDOWS\System32\gdi32full.dll
0x00007ffe1ded0000 - 0x00007ffe1df73000 	C:\WINDOWS\System32\msvcp_win.dll
0x00007ffe16170000 - 0x00007ffe1617b000 	C:\WINDOWS\SYSTEM32\VERSION.dll
0x00007ffe1e170000 - 0x00007ffe1e1a2000 	C:\WINDOWS\System32\IMM32.DLL
0x00007ffe17510000 - 0x00007ffe1751c000 	D:\mailon\Java\jdk-21.0.10\bin\vcruntime140_1.dll
0x00007ffe02390000 - 0x00007ffe0241d000 	D:\mailon\Java\jdk-21.0.10\bin\msvcp140.dll
0x00007ffd68fa0000 - 0x00007ffd69cc7000 	D:\mailon\Java\jdk-21.0.10\bin\server\jvm.dll
0x00007ffe201b0000 - 0x00007ffe20230000 	C:\WINDOWS\System32\WS2_32.dll
0x00007ffe1ca90000 - 0x00007ffe1caee000 	C:\WINDOWS\SYSTEM32\POWRPROF.dll
0x00007ffdfca90000 - 0x00007ffdfcac6000 	C:\WINDOWS\SYSTEM32\WINMM.dll
0x00007ffe1ca70000 - 0x00007ffe1ca84000 	C:\WINDOWS\SYSTEM32\UMPDC.dll
0x00007ffe1b970000 - 0x00007ffe1b98b000 	C:\WINDOWS\SYSTEM32\kernel.appcore.dll
0x00007ffe17500000 - 0x00007ffe1750a000 	D:\mailon\Java\jdk-21.0.10\bin\jimage.dll
0x00007ffe0d0b0000 - 0x00007ffe0d2f2000 	C:\WINDOWS\SYSTEM32\DBGHELP.DLL
0x00007ffe1e7e0000 - 0x00007ffe1eb62000 	C:\WINDOWS\System32\combase.dll
0x00007ffe1f0d0000 - 0x00007ffe1f1a8000 	C:\WINDOWS\System32\OLEAUT32.dll
0x00007ffe033e0000 - 0x00007ffe0341b000 	C:\WINDOWS\SYSTEM32\dbgcore.DLL
0x00007ffe1dd60000 - 0x00007ffe1de05000 	C:\WINDOWS\System32\bcryptPrimitives.dll
0x00007ffe10450000 - 0x00007ffe10471000 	D:\mailon\Java\jdk-21.0.10\bin\java.dll
0x00007ffe1fa40000 - 0x00007ffe201a7000 	C:\WINDOWS\System32\SHELL32.dll
0x00007ffe1cc10000 - 0x00007ffe1cd7a000 	C:\WINDOWS\System32\wintypes.dll
0x00007ffe1d240000 - 0x00007ffe1daa8000 	C:\WINDOWS\System32\windows.storage.dll
0x00007ffe1f220000 - 0x00007ffe1f318000 	C:\WINDOWS\System32\SHCORE.dll
0x00007ffe1f9d0000 - 0x00007ffe1fa36000 	C:\WINDOWS\System32\shlwapi.dll
0x00007ffe1cb30000 - 0x00007ffe1cb59000 	C:\WINDOWS\SYSTEM32\profapi.dll
0x00007ffe00160000 - 0x00007ffe00237000 	D:\mailon\Java\jdk-21.0.10\bin\jsvml.dll
0x00007ffe10380000 - 0x00007ffe10391000 	D:\mailon\Java\jdk-21.0.10\bin\net.dll
0x00007ffe15b50000 - 0x00007ffe15c7d000 	C:\WINDOWS\SYSTEM32\WINHTTP.dll
0x00007ffe1bed0000 - 0x00007ffe1bf3c000 	C:\WINDOWS\system32\mswsock.dll
0x00007ffe0e890000 - 0x00007ffe0e8a6000 	D:\mailon\Java\jdk-21.0.10\bin\nio.dll
0x00007ffe0e870000 - 0x00007ffe0e888000 	D:\mailon\Java\jdk-21.0.10\bin\zip.dll
0x00007ffe05960000 - 0x00007ffe05984000 	D:\mailon\Usuario\Desktop\apache-maven-3.9.14-bin (1)\apache-maven-3.9.14\lib\jansi-native\Windows\x86_64\jansi.dll
0x00007ffe17490000 - 0x00007ffe174a0000 	D:\mailon\Java\jdk-21.0.10\bin\verify.dll
0x00007ffe1c200000 - 0x00007ffe1c21b000 	C:\WINDOWS\SYSTEM32\CRYPTSP.dll
0x00007ffe1b8c0000 - 0x00007ffe1b8f9000 	C:\WINDOWS\system32\rsaenh.dll
0x00007ffe1bfa0000 - 0x00007ffe1bfd3000 	C:\WINDOWS\SYSTEM32\USERENV.dll
0x00007ffe1cb00000 - 0x00007ffe1cb2a000 	C:\WINDOWS\SYSTEM32\bcrypt.dll
0x00007ffe1c1f0000 - 0x00007ffe1c1fc000 	C:\WINDOWS\SYSTEM32\CRYPTBASE.dll
0x00007ffe1b340000 - 0x00007ffe1b372000 	C:\WINDOWS\SYSTEM32\IPHLPAPI.DLL
0x00007ffe1f8c0000 - 0x00007ffe1f8ca000 	C:\WINDOWS\System32\NSI.dll

dbghelp: loaded successfully - version: 4.0.5 - missing functions: none
symbol engine: initialized successfully - sym options: 0x614 - pdb path: .;D:\mailon\Java\jdk-21.0.10\bin;C:\WINDOWS\SYSTEM32;C:\WINDOWS\WinSxS\amd64_microsoft.windows.common-controls_6595b64144ccf1df_6.0.26100.8115_none_3e075c82e3354f9c;D:\mailon\Java\jdk-21.0.10\bin\server;D:\mailon\Usuario\Desktop\apache-maven-3.9.14-bin (1)\apache-maven-3.9.14\lib\jansi-native\Windows\x86_64

VM Arguments:
jvm_args: --add-opens=java.base/java.lang=ALL-UNNAMED --enable-native-access=ALL-UNNAMED -Dclassworlds.conf=D:/mailon/Usuario/Desktop/apache-maven-3.9.14-bin (1)/apache-maven-3.9.14/bin/m2.conf -Dmaven.home=D:/mailon/Usuario/Desktop/apache-maven-3.9.14-bin (1)/apache-maven-3.9.14 -Dlibrary.jansi.path=D:/mailon/Usuario/Desktop/apache-maven-3.9.14-bin (1)/apache-maven-3.9.14/lib/jansi-native -Dmaven.multiModuleProjectDirectory=D:/mailon/Usuario/Desktop/Smartwallet 
java_command: org.codehaus.plexus.classworlds.launcher.Launcher test -Dtest=PageResponseTest
java_class_path (initial): D:/mailon/Usuario/Desktop/apache-maven-3.9.14-bin (1)/apache-maven-3.9.14/boot/plexus-classworlds-2.9.0.jar
Launcher Type: SUN_STANDARD

[Global flags]
     intx CICompilerCount                          = 4                                         {product} {ergonomic}
     uint ConcGCThreads                            = 2                                         {product} {ergonomic}
     uint G1ConcRefinementThreads                  = 8                                         {product} {ergonomic}
   size_t G1HeapRegionSize                         = 1048576                                   {product} {ergonomic}
    uintx GCDrainStackTargetSize                   = 64                                        {product} {ergonomic}
   size_t InitialHeapSize                          = 132120576                                 {product} {ergonomic}
   size_t MarkStackSize                            = 4194304                                   {product} {ergonomic}
   size_t MaxHeapSize                              = 2109734912                                {product} {ergonomic}
   size_t MaxNewSize                               = 1265631232                                {product} {ergonomic}
   size_t MinHeapDeltaBytes                        = 1048576                                   {product} {ergonomic}
   size_t MinHeapSize                              = 8388608                                   {product} {ergonomic}
    uintx NonNMethodCodeHeapSize                   = 5839372                                {pd product} {ergonomic}
    uintx NonProfiledCodeHeapSize                  = 122909434                              {pd product} {ergonomic}
    uintx ProfiledCodeHeapSize                     = 122909434                              {pd product} {ergonomic}
    uintx ReservedCodeCacheSize                    = 251658240                              {pd product} {ergonomic}
     bool SegmentedCodeCache                       = true                                      {product} {ergonomic}
   size_t SoftMaxHeapSize                          = 2109734912                             {manageable} {ergonomic}
     bool UseCompressedOops                        = true                           {product lp64_product} {ergonomic}
     bool UseG1GC                                  = true                                      {product} {ergonomic}
     bool UseLargePagesIndividualAllocation        = false                                  {pd product} {ergonomic}

Logging:
Log output configuration:
 #0: stdout all=warning uptime,level,tags foldmultilines=false
 #1: stderr all=off uptime,level,tags foldmultilines=false

Environment Variables:
JAVA_HOME=D:/mailon/Java/jdk-21.0.10
PATH=D:\Program Files\Git\mingw64\bin;D:\Program Files\Git\usr\bin;C:\Users\Usuario\bin;C:\Program Files\Common Files\Oracle\Java\javapath;C:\WINDOWS\system32;C:\WINDOWS;C:\WINDOWS\System32\Wbem;C:\WINDOWS\System32\WindowsPowerShell\v1.0;C:\WINDOWS\System32\OpenSSH;D:\Program Files\nodejs;D:\mailon\Usuario\Desktop\apache-maven-3.9.14-bin (1)\apache-maven-3.9.14\bin;D:\Program Files\Git\cmd;C:\Users\Usuario\AppData\Local\Programs\Trae\bin;D:\mailon\Usuario\Downloads\ffmpeg-8.0.1-essentials_build\ffmpeg-8.0.1-essentials_build\bin;D:\mailon\Usuario\Desktop\apache-maven-3.9.14-bin (1)\apache-maven-3.9.14\bin;C:\Users\Usuario\AppData\Roaming\npm
USERNAME=Usuario
TERM=xterm-256color
OS=Windows_NT
PROCESSOR_IDENTIFIER=Intel64 Family 6 Model 142 Stepping 12, GenuineIntel
TMP=C:\Users\Usuario\AppData\Local\Temp
TEMP=C:\Users\Usuario\AppData\Local\Temp




Periodic native trim disabled

---------------  S Y S T E M  ---------------

OS:
 Windows 11 , 64 bit Build 26100 (10.0.26100.8246)
OS uptime: 4 days 18:57 hours
Hyper-V role detected

CPU: total 8 (initial active 8) (4 cores per cpu, 2 threads per core) family 6 model 142 stepping 12 microcode 0xde, cx8, cmov, fxsr, ht, mmx, 3dnowpref, sse, sse2, sse3, ssse3, sse4.1, sse4.2, popcnt, lzcnt, tsc, tscinvbit, avx, avx2, aes, erms, clmul, bmi1, bmi2, adx, fma, vzeroupper, clflush, clflushopt, hv, rdtscp, f16c
Processor Information for all 8 processors :
  Max Mhz: 1800, Current Mhz: 1600, Mhz Limit: 1584

Memory: 4k page, system-wide physical 8040M (405M free)
TotalPageFile size 32616M (AvailPageFile size 1M)
current process WorkingSet (physical memory assigned to process): 552M, peak: 562M
current process commit charge ("private bytes"): 582M, peak: 592M

vm_info: Java HotSpot(TM) 64-Bit Server VM (21.0.10+8-LTS-217) for windows-amd64 JRE (21.0.10+8-LTS-217), built on 2025-12-18T14:59:28Z by "mach5run" with MS VC++ 17.13 (VS2022)

END.
