#
# There is insufficient memory for the Java Runtime Environment to continue.
# Native memory allocation (malloc) failed to allocate 1120016 bytes for Chunk::new
# Possible reasons:
#   The system is out of physical RAM or swap space
#   The process is running with CompressedOops enabled, and the Java Heap may be blocking the growth of the native heap
# Possible solutions:
#   Reduce memory load on the system
#   Increase physical memory or swap space
#   Check if swap backing store is full
#   Decrease Java heap size (-Xmx/-Xms)
#   Decrease number of Java threads
#   Decrease Java thread stack sizes (-Xss)
#   Set larger code cache with -XX:ReservedCodeCacheSize=
#   JVM is running with Unscaled Compressed Oops mode in which the Java heap is
#     placed in the first 4GB address space. The Java Heap base address is the
#     maximum limit for the native heap growth. Please use -XX:HeapBaseMinAddress
#     to set the Java Heap base and to place the Java Heap above 4GB virtual address.
# This output file may be truncated or incomplete.
#
#  Out of Memory Error (arena.cpp:168), pid=27104, tid=21528
#
# JRE version: Java(TM) SE Runtime Environment (21.0.10+8) (build 21.0.10+8-LTS-217)
# Java VM: Java HotSpot(TM) 64-Bit Server VM (21.0.10+8-LTS-217, mixed mode, sharing, tiered, compressed oops, compressed class ptrs, g1 gc, windows-amd64)
# No core dump will be written. Minidumps are not enabled by default on client versions of Windows
#

---------------  S U M M A R Y ------------

Command Line: -Dapplication.home=D:\mailon\Java\jdk-21.0.10 --add-modules=ALL-DEFAULT -Xms8m -Djdk.module.main=jdk.compiler jdk.compiler/com.sun.tools.javac.Main @C:/Users/Usuario/AppData/Local/Temp/org.codehaus.plexus.compiler.javac.JavacCompiler3038476047309092668arguments

Host: Intel(R) Core(TM) i5-8265U CPU @ 1.60GHz, 8 cores, 7G,  Windows 11 , 64 bit Build 26100 (10.0.26100.8246)
Time: Thu Apr 23 05:15:52 2026 Hora oficial do Brasil elapsed time: 2.559727 seconds (0d 0h 0m 2s)

---------------  T H R E A D  ---------------

Current thread (0x0000023748bb8d40):  JavaThread "C2 CompilerThread1" daemon [_thread_in_native, id=21528, stack(0x000000875e200000,0x000000875e300000) (1024K)]


Current CompileTask:
C2:   2559 1802   !   4       java.nio.file.FileTreeWalker::next (144 bytes)

Stack: [0x000000875e200000,0x000000875e300000]
Native frames: (J=compiled Java code, j=interpreted, Vv=VM code, C=native code)
V  [jvm.dll+0x6d0b59]
V  [jvm.dll+0x85fd56]
V  [jvm.dll+0x86224e]
V  [jvm.dll+0x862923]
V  [jvm.dll+0x282a16]
V  [jvm.dll+0xc662d]
V  [jvm.dll+0xc6b71]
V  [jvm.dll+0x3bbb21]
V  [jvm.dll+0x1e36e2]
V  [jvm.dll+0x24b4c3]
V  [jvm.dll+0x24a94f]
V  [jvm.dll+0x1cacfe]
V  [jvm.dll+0x25a629]
V  [jvm.dll+0x258bb5]
V  [jvm.dll+0x3f4da1]
V  [jvm.dll+0x80a83d]
V  [jvm.dll+0x6cf3fd]
C  [ucrtbase.dll+0x37b0]
C  [KERNEL32.DLL+0x2e8d7]
C  [ntdll.dll+0x8c3fc]


---------------  P R O C E S S  ---------------

Threads class SMR info:
_java_thread_list=0x0000023748bb8490, length=12, elements={
0x000002376391f670, 0x000002370267ed30, 0x0000023702681ba0, 0x0000023702684cf0,
0x0000023702689fe0, 0x000002370268d860, 0x0000023702690fb0, 0x000002370269a310,
0x00000237026a2dc0, 0x000002370296d110, 0x0000023702a96110, 0x0000023748bb8d40
}

Java Threads: ( => current thread )
  0x000002376391f670 JavaThread "main"                              [_thread_in_native, id=30060, stack(0x000000875d000000,0x000000875d100000) (1024K)]
  0x000002370267ed30 JavaThread "Reference Handler"          daemon [_thread_blocked, id=16320, stack(0x000000875d800000,0x000000875d900000) (1024K)]
  0x0000023702681ba0 JavaThread "Finalizer"                  daemon [_thread_blocked, id=21576, stack(0x000000875d900000,0x000000875da00000) (1024K)]
  0x0000023702684cf0 JavaThread "Signal Dispatcher"          daemon [_thread_blocked, id=30224, stack(0x000000875da00000,0x000000875db00000) (1024K)]
  0x0000023702689fe0 JavaThread "Attach Listener"            daemon [_thread_blocked, id=25080, stack(0x000000875db00000,0x000000875dc00000) (1024K)]
  0x000002370268d860 JavaThread "Service Thread"             daemon [_thread_blocked, id=26256, stack(0x000000875dc00000,0x000000875dd00000) (1024K)]
  0x0000023702690fb0 JavaThread "Monitor Deflation Thread"   daemon [_thread_blocked, id=14552, stack(0x000000875dd00000,0x000000875de00000) (1024K)]
  0x000002370269a310 JavaThread "C2 CompilerThread0"         daemon [_thread_blocked, id=29308, stack(0x000000875de00000,0x000000875df00000) (1024K)]
  0x00000237026a2dc0 JavaThread "C1 CompilerThread0"         daemon [_thread_blocked, id=16348, stack(0x000000875df00000,0x000000875e000000) (1024K)]
  0x000002370296d110 JavaThread "Notification Thread"        daemon [_thread_blocked, id=30652, stack(0x000000875e000000,0x000000875e100000) (1024K)]
  0x0000023702a96110 JavaThread "Common-Cleaner"             daemon [_thread_blocked, id=28560, stack(0x000000875e100000,0x000000875e200000) (1024K)]
=>0x0000023748bb8d40 JavaThread "C2 CompilerThread1"         daemon [_thread_in_native, id=21528, stack(0x000000875e200000,0x000000875e300000) (1024K)]
Total: 12

Other Threads:
  0x0000023765e25ca0 VMThread "VM Thread"                           [id=22756, stack(0x000000875d700000,0x000000875d800000) (1024K)]
  0x000002370266adf0 WatcherThread "VM Periodic Task Thread"        [id=12120, stack(0x000000875d600000,0x000000875d700000) (1024K)]
  0x0000023765dba3b0 WorkerThread "GC Thread#0"                     [id=17520, stack(0x000000875d100000,0x000000875d200000) (1024K)]
  0x0000023702b1b740 WorkerThread "GC Thread#1"                     [id=28336, stack(0x000000875e400000,0x000000875e500000) (1024K)]
  0x0000023702b7c250 WorkerThread "GC Thread#2"                     [id=24812, stack(0x000000875e500000,0x000000875e600000) (1024K)]
  0x0000023702b7c600 WorkerThread "GC Thread#3"                     [id=5484, stack(0x000000875e600000,0x000000875e700000) (1024K)]
  0x00000237483b4190 WorkerThread "GC Thread#4"                     [id=22400, stack(0x000000875e800000,0x000000875e900000) (1024K)]
  0x000002374872b800 WorkerThread "GC Thread#5"                     [id=16640, stack(0x000000875e900000,0x000000875ea00000) (1024K)]
  0x000002374872bbb0 WorkerThread "GC Thread#6"                     [id=29612, stack(0x000000875ea00000,0x000000875eb00000) (1024K)]
  0x0000023765dcaf20 ConcurrentGCThread "G1 Main Marker"            [id=27964, stack(0x000000875d200000,0x000000875d300000) (1024K)]
  0x0000023765dcba30 WorkerThread "G1 Conc#0"                       [id=25780, stack(0x000000875d300000,0x000000875d400000) (1024K)]
  0x0000023702b1bf00 WorkerThread "G1 Conc#1"                       [id=29996, stack(0x000000875e700000,0x000000875e800000) (1024K)]
  0x0000023765dfe4e0 ConcurrentGCThread "G1 Refine#0"               [id=28200, stack(0x000000875d400000,0x000000875d500000) (1024K)]
  0x0000023765e04e20 ConcurrentGCThread "G1 Service"                [id=3468, stack(0x000000875d500000,0x000000875d600000) (1024K)]
Total: 14

Threads with active compile tasks:
C2 CompilerThread1     2641 1802   !   4       java.nio.file.FileTreeWalker::next (144 bytes)
Total: 1

VM state: not at safepoint (normal execution)

VM Mutex/Monitor currently owned by a thread: None

Heap address: 0x0000000082400000, size: 2012 MB, Compressed Oops mode: 32-bit

CDS archive(s) mapped at: [0x0000023703000000-0x0000023703c90000-0x0000023703c90000), size 13172736, SharedBaseAddress: 0x0000023703000000, ArchiveRelocationMode: 1.
Compressed class space mapped at: 0x0000023704000000-0x0000023744000000, reserved size: 1073741824
Narrow klass base: 0x0000023703000000, Narrow klass shift: 0, Narrow klass range: 0x100000000

GC Precious Log:
 CardTable entry size: 512
 Card Set container configuration: InlinePtr #cards 5 size 8 Array Of Cards #cards 12 size 40 Howl #buckets 4 coarsen threshold 1843 Howl Bitmap #cards 512 size 80 coarsen threshold 460 Card regions per heap region 1 cards per card region 2048
 CPUs: 8 total, 8 available
 Memory: 8040M
 Large Page Support: Disabled
 NUMA Support: Disabled
 Compressed Oops: Enabled (32-bit)
 Heap Region Size: 1M
 Heap Min Capacity: 8M
 Heap Initial Capacity: 8M
 Heap Max Capacity: 2012M
 Pre-touch: Disabled
 Parallel Workers: 8
 Concurrent Workers: 2
 Concurrent Refinement Workers: 8
 Periodic GC: Disabled

Heap:
 garbage-first heap   total 69632K, used 42236K [0x0000000082400000, 0x0000000100000000)
  region size 1024K, 21 young (21504K), 4 survivors (4096K)
 Metaspace       used 9564K, committed 9728K, reserved 1114112K
  class space    used 1022K, committed 1088K, reserved 1048576K

Heap Regions: E=young(eden), S=young(survivor), O=old, HS=humongous(starts), HC=humongous(continues), CS=collection set, F=free, TAMS=top-at-mark-start, PB=parsable bottom
|   0|0x0000000082400000, 0x0000000082500000, 0x0000000082500000|100%|HS|  |TAMS 0x0000000082400000| PB 0x0000000082400000| Complete 
|   1|0x0000000082500000, 0x0000000082600000, 0x0000000082600000|100%|HC|  |TAMS 0x0000000082500000| PB 0x0000000082500000| Complete 
|   2|0x0000000082600000, 0x0000000082700000, 0x0000000082700000|100%|HC|  |TAMS 0x0000000082600000| PB 0x0000000082600000| Complete 
|   3|0x0000000082700000, 0x0000000082800000, 0x0000000082800000|100%| O|  |TAMS 0x0000000082700000| PB 0x0000000082700000| Untracked 
|   4|0x0000000082800000, 0x0000000082900000, 0x0000000082900000|100%| O|  |TAMS 0x0000000082800000| PB 0x0000000082800000| Untracked 
|   5|0x0000000082900000, 0x0000000082900000, 0x0000000082a00000|  0%| F|  |TAMS 0x0000000082900000| PB 0x0000000082900000| Untracked 
|   6|0x0000000082a00000, 0x0000000082a00000, 0x0000000082b00000|  0%| F|  |TAMS 0x0000000082a00000| PB 0x0000000082a00000| Untracked 
|   7|0x0000000082b00000, 0x0000000082c00000, 0x0000000082c00000|100%| O|  |TAMS 0x0000000082b00000| PB 0x0000000082b00000| Untracked 
|   8|0x0000000082c00000, 0x0000000082d00000, 0x0000000082d00000|100%|HS|  |TAMS 0x0000000082c00000| PB 0x0000000082c00000| Complete 
|   9|0x0000000082d00000, 0x0000000082e00000, 0x0000000082e00000|100%|HC|  |TAMS 0x0000000082d00000| PB 0x0000000082d00000| Complete 
|  10|0x0000000082e00000, 0x0000000082f00000, 0x0000000082f00000|100%|HC|  |TAMS 0x0000000082e00000| PB 0x0000000082e00000| Complete 
|  11|0x0000000082f00000, 0x0000000083000000, 0x0000000083000000|100%| O|  |TAMS 0x0000000082f00000| PB 0x0000000082f00000| Untracked 
|  12|0x0000000083000000, 0x0000000083100000, 0x0000000083100000|100%| O|  |TAMS 0x0000000083000000| PB 0x0000000083000000| Untracked 
|  13|0x0000000083100000, 0x0000000083200000, 0x0000000083200000|100%| O|  |TAMS 0x0000000083100000| PB 0x0000000083100000| Untracked 
|  14|0x0000000083200000, 0x0000000083300000, 0x0000000083300000|100%| O|  |TAMS 0x0000000083200000| PB 0x0000000083200000| Untracked 
|  15|0x0000000083300000, 0x0000000083400000, 0x0000000083400000|100%| O|  |TAMS 0x0000000083300000| PB 0x0000000083300000| Untracked 
|  16|0x0000000083400000, 0x0000000083500000, 0x0000000083500000|100%| O|  |TAMS 0x0000000083400000| PB 0x0000000083400000| Untracked 
|  17|0x0000000083500000, 0x0000000083600000, 0x0000000083600000|100%|HS|  |TAMS 0x0000000083500000| PB 0x0000000083500000| Complete 
|  18|0x0000000083600000, 0x0000000083700000, 0x0000000083700000|100%| O|  |TAMS 0x0000000083600000| PB 0x0000000083600000| Untracked 
|  19|0x0000000083700000, 0x0000000083800000, 0x0000000083800000|100%| O|  |TAMS 0x0000000083700000| PB 0x0000000083700000| Untracked 
|  20|0x0000000083800000, 0x0000000083900000, 0x0000000083900000|100%| O|  |TAMS 0x0000000083800000| PB 0x0000000083800000| Untracked 
|  21|0x0000000083900000, 0x0000000083a00000, 0x0000000083a00000|100%| O|  |TAMS 0x0000000083900000| PB 0x0000000083900000| Untracked 
|  22|0x0000000083a00000, 0x0000000083b00000, 0x0000000083b00000|100%| O|  |TAMS 0x0000000083a00000| PB 0x0000000083a00000| Untracked 
|  23|0x0000000083b00000, 0x0000000083b3f3e0, 0x0000000083c00000| 24%| O|  |TAMS 0x0000000083b00000| PB 0x0000000083b00000| Untracked 
|  24|0x0000000083c00000, 0x0000000083c00000, 0x0000000083d00000|  0%| F|  |TAMS 0x0000000083c00000| PB 0x0000000083c00000| Untracked 
|  25|0x0000000083d00000, 0x0000000083d00000, 0x0000000083e00000|  0%| F|  |TAMS 0x0000000083d00000| PB 0x0000000083d00000| Untracked 
|  26|0x0000000083e00000, 0x0000000083e00000, 0x0000000083f00000|  0%| F|  |TAMS 0x0000000083e00000| PB 0x0000000083e00000| Untracked 
|  27|0x0000000083f00000, 0x0000000083f00000, 0x0000000084000000|  0%| F|  |TAMS 0x0000000083f00000| PB 0x0000000083f00000| Untracked 
|  28|0x0000000084000000, 0x0000000084000000, 0x0000000084100000|  0%| F|  |TAMS 0x0000000084000000| PB 0x0000000084000000| Untracked 
|  29|0x0000000084100000, 0x0000000084100000, 0x0000000084200000|  0%| F|  |TAMS 0x0000000084100000| PB 0x0000000084100000| Untracked 
|  30|0x0000000084200000, 0x0000000084200000, 0x0000000084300000|  0%| F|  |TAMS 0x0000000084200000| PB 0x0000000084200000| Untracked 
|  31|0x0000000084300000, 0x0000000084300000, 0x0000000084400000|  0%| F|  |TAMS 0x0000000084300000| PB 0x0000000084300000| Untracked 
|  32|0x0000000084400000, 0x0000000084400000, 0x0000000084500000|  0%| F|  |TAMS 0x0000000084400000| PB 0x0000000084400000| Untracked 
|  33|0x0000000084500000, 0x0000000084500000, 0x0000000084600000|  0%| F|  |TAMS 0x0000000084500000| PB 0x0000000084500000| Untracked 
|  34|0x0000000084600000, 0x0000000084600000, 0x0000000084700000|  0%| F|  |TAMS 0x0000000084600000| PB 0x0000000084600000| Untracked 
|  35|0x0000000084700000, 0x0000000084700000, 0x0000000084800000|  0%| F|  |TAMS 0x0000000084700000| PB 0x0000000084700000| Untracked 
|  36|0x0000000084800000, 0x0000000084800000, 0x0000000084900000|  0%| F|  |TAMS 0x0000000084800000| PB 0x0000000084800000| Untracked 
|  37|0x0000000084900000, 0x0000000084900000, 0x0000000084a00000|  0%| F|  |TAMS 0x0000000084900000| PB 0x0000000084900000| Untracked 
|  38|0x0000000084a00000, 0x0000000084b00000, 0x0000000084b00000|100%| S|CS|TAMS 0x0000000084a00000| PB 0x0000000084a00000| Complete 
|  39|0x0000000084b00000, 0x0000000084c00000, 0x0000000084c00000|100%| S|CS|TAMS 0x0000000084b00000| PB 0x0000000084b00000| Complete 
|  40|0x0000000084c00000, 0x0000000084d00000, 0x0000000084d00000|100%| S|CS|TAMS 0x0000000084c00000| PB 0x0000000084c00000| Complete 
|  41|0x0000000084d00000, 0x0000000084e00000, 0x0000000084e00000|100%| S|CS|TAMS 0x0000000084d00000| PB 0x0000000084d00000| Complete 
|  42|0x0000000084e00000, 0x0000000084e00000, 0x0000000084f00000|  0%| F|  |TAMS 0x0000000084e00000| PB 0x0000000084e00000| Untracked 
|  43|0x0000000084f00000, 0x0000000084f00000, 0x0000000085000000|  0%| F|  |TAMS 0x0000000084f00000| PB 0x0000000084f00000| Untracked 
|  44|0x0000000085000000, 0x0000000085000000, 0x0000000085100000|  0%| F|  |TAMS 0x0000000085000000| PB 0x0000000085000000| Untracked 
|  45|0x0000000085100000, 0x0000000085100000, 0x0000000085200000|  0%| F|  |TAMS 0x0000000085100000| PB 0x0000000085100000| Untracked 
|  46|0x0000000085200000, 0x0000000085200000, 0x0000000085300000|  0%| F|  |TAMS 0x0000000085200000| PB 0x0000000085200000| Untracked 
|  47|0x0000000085300000, 0x0000000085300000, 0x0000000085400000|  0%| F|  |TAMS 0x0000000085300000| PB 0x0000000085300000| Untracked 
|  48|0x0000000085400000, 0x0000000085400000, 0x0000000085500000|  0%| F|  |TAMS 0x0000000085400000| PB 0x0000000085400000| Untracked 
|  49|0x0000000085500000, 0x0000000085500000, 0x0000000085600000|  0%| F|  |TAMS 0x0000000085500000| PB 0x0000000085500000| Untracked 
|  50|0x0000000085600000, 0x0000000085600000, 0x0000000085700000|  0%| F|  |TAMS 0x0000000085600000| PB 0x0000000085600000| Untracked 
|  51|0x0000000085700000, 0x0000000085800000, 0x0000000085800000|100%| E|  |TAMS 0x0000000085700000| PB 0x0000000085700000| Complete 
|  52|0x0000000085800000, 0x0000000085900000, 0x0000000085900000|100%| E|CS|TAMS 0x0000000085800000| PB 0x0000000085800000| Complete 
|  53|0x0000000085900000, 0x0000000085a00000, 0x0000000085a00000|100%| E|CS|TAMS 0x0000000085900000| PB 0x0000000085900000| Complete 
|  54|0x0000000085a00000, 0x0000000085b00000, 0x0000000085b00000|100%| E|CS|TAMS 0x0000000085a00000| PB 0x0000000085a00000| Complete 
|  55|0x0000000085b00000, 0x0000000085c00000, 0x0000000085c00000|100%| E|CS|TAMS 0x0000000085b00000| PB 0x0000000085b00000| Complete 
|  56|0x0000000085c00000, 0x0000000085d00000, 0x0000000085d00000|100%| E|CS|TAMS 0x0000000085c00000| PB 0x0000000085c00000| Complete 
|  57|0x0000000085d00000, 0x0000000085e00000, 0x0000000085e00000|100%| E|CS|TAMS 0x0000000085d00000| PB 0x0000000085d00000| Complete 
|  58|0x0000000085e00000, 0x0000000085f00000, 0x0000000085f00000|100%| E|CS|TAMS 0x0000000085e00000| PB 0x0000000085e00000| Complete 
|  59|0x0000000085f00000, 0x0000000086000000, 0x0000000086000000|100%| E|CS|TAMS 0x0000000085f00000| PB 0x0000000085f00000| Complete 
|  60|0x0000000086000000, 0x0000000086100000, 0x0000000086100000|100%| E|CS|TAMS 0x0000000086000000| PB 0x0000000086000000| Complete 
|  61|0x0000000086100000, 0x0000000086200000, 0x0000000086200000|100%| E|CS|TAMS 0x0000000086100000| PB 0x0000000086100000| Complete 
|  62|0x0000000086200000, 0x0000000086300000, 0x0000000086300000|100%| E|CS|TAMS 0x0000000086200000| PB 0x0000000086200000| Complete 
|  63|0x0000000086300000, 0x0000000086400000, 0x0000000086400000|100%| E|CS|TAMS 0x0000000086300000| PB 0x0000000086300000| Complete 
|  64|0x0000000086400000, 0x0000000086500000, 0x0000000086500000|100%| E|CS|TAMS 0x0000000086400000| PB 0x0000000086400000| Complete 
|  65|0x0000000086500000, 0x0000000086600000, 0x0000000086600000|100%| E|CS|TAMS 0x0000000086500000| PB 0x0000000086500000| Complete 
|  66|0x0000000086600000, 0x0000000086700000, 0x0000000086700000|100%| E|CS|TAMS 0x0000000086600000| PB 0x0000000086600000| Complete 
|  67|0x0000000086700000, 0x0000000086800000, 0x0000000086800000|100%| E|CS|TAMS 0x0000000086700000| PB 0x0000000086700000| Complete 

Card table byte_map: [0x000002377d930000,0x000002377dd20000] _byte_map_base: 0x000002377d51e000

Marking Bits: (CMBitMap*) 0x0000023765dbaac0
 Bits: [0x000002377dd20000, 0x000002377fc90000)

Polling page: 0x0000023763c10000

Metaspace:

Usage:
  Non-class:      8.34 MB used.
      Class:   1022.26 KB used.
       Both:      9.34 MB used.

Virtual space:
  Non-class space:       64.00 MB reserved,       8.44 MB ( 13%) committed,  1 nodes.
      Class space:        1.00 GB reserved,       1.06 MB ( <1%) committed,  1 nodes.
             Both:        1.06 GB reserved,       9.50 MB ( <1%) committed. 

Chunk freelists:
   Non-Class:  5.73 MB
       Class:  14.89 MB
        Both:  20.62 MB

MaxMetaspaceSize: unlimited
CompressedClassSpaceSize: 1.00 GB
Initial GC threshold: 21.00 MB
Current GC threshold: 21.00 MB
CDS: on
 - commit_granule_bytes: 65536.
 - commit_granule_words: 8192.
 - virtual_space_node_default_size: 8388608.
 - enlarge_chunks_in_place: 1.
 - use_allocation_guard: 0.


Internal statistics:

num_allocs_failed_limit: 0.
num_arena_births: 70.
num_arena_deaths: 0.
num_vsnodes_births: 2.
num_vsnodes_deaths: 0.
num_space_committed: 152.
num_space_uncommitted: 0.
num_chunks_returned_to_freelist: 0.
num_chunks_taken_from_freelist: 369.
num_chunk_merges: 0.
num_chunk_splits: 263.
num_chunks_enlarged: 209.
num_inconsistent_stats: 0.

CodeHeap 'non-profiled nmethods': size=120000Kb used=994Kb max_used=994Kb free=119005Kb
 bounds [0x0000023775ce0000, 0x0000023775f50000, 0x000002377d210000]
CodeHeap 'profiled nmethods': size=120000Kb used=3999Kb max_used=3999Kb free=116000Kb
 bounds [0x000002376e210000, 0x000002376e600000, 0x0000023775740000]
CodeHeap 'non-nmethods': size=5760Kb used=1366Kb max_used=1415Kb free=4393Kb
 bounds [0x0000023775740000, 0x00000237759b0000, 0x0000023775ce0000]
 total_blobs=2337 nmethods=1868 adapters=374
 compilation: enabled
              stopped_count=0, restarted_count=0
 full_count=0

Compilation events (20 events):
Event: 2.413 Thread 0x00000237026a2dc0 1871       2       java.util.HashMap::<init> (8 bytes)
Event: 2.413 Thread 0x00000237026a2dc0 nmethod 1871 0x000002376e5d8f10 code [0x000002376e5d90e0, 0x000002376e5d9208]
Event: 2.413 Thread 0x00000237026a2dc0 1869       2       java.util.LinkedHashMap::newLinkedHashMap (43 bytes)
Event: 2.413 Thread 0x00000237026a2dc0 nmethod 1869 0x000002376e5d9290 code [0x000002376e5d94c0, 0x000002376e5d98e8]
Event: 2.413 Thread 0x00000237026a2dc0 1870       2       java.util.LinkedHashMap::<init> (16 bytes)
Event: 2.414 Thread 0x00000237026a2dc0 nmethod 1870 0x000002376e5d9b10 code [0x000002376e5d9ce0, 0x000002376e5d9e20]
Event: 2.414 Thread 0x00000237026a2dc0 1872       2       java.util.Collections$SingletonMap::containsKey (9 bytes)
Event: 2.414 Thread 0x00000237026a2dc0 nmethod 1872 0x000002376e5d9f10 code [0x000002376e5da0c0, 0x000002376e5da230]
Event: 2.415 Thread 0x00000237026a2dc0 1873       2       java.util.Set::of (10 bytes)
Event: 2.415 Thread 0x00000237026a2dc0 nmethod 1873 0x000002376e5da310 code [0x000002376e5da4c0, 0x000002376e5da638]
Event: 2.416 Thread 0x00000237026a2dc0 1874       2       jdk.nio.zipfs.ZipFileSystem::getBytes (9 bytes)
Event: 2.416 Thread 0x00000237026a2dc0 nmethod 1874 0x000002376e5da710 code [0x000002376e5da8c0, 0x000002376e5da9f8]
Event: 2.416 Thread 0x00000237026a2dc0 1875       2       java.lang.String::encode8859_1 (7 bytes)
Event: 2.417 Thread 0x00000237026a2dc0 nmethod 1875 0x000002376e5daa90 code [0x000002376e5dac40, 0x000002376e5dad48]
Event: 2.417 Thread 0x00000237026a2dc0 1877       2       java.util.Collections$UnmodifiableCollection$1::next (10 bytes)
Event: 2.417 Thread 0x00000237026a2dc0 nmethod 1877 0x000002376e5dae10 code [0x000002376e5dafc0, 0x000002376e5db0f8]
Event: 2.424 Thread 0x00000237026a2dc0 1878   !   2       java.util.zip.Inflater::inflate (456 bytes)
Event: 2.425 Thread 0x00000237026a2dc0 nmethod 1878 0x000002376e5db190 code [0x000002376e5db480, 0x000002376e5dc1d0]
Event: 2.425 Thread 0x00000237026a2dc0 1879   !   2       java.util.zip.Inflater::needsInput (55 bytes)
Event: 2.425 Thread 0x00000237026a2dc0 nmethod 1879 0x000002376e5dce10 code [0x000002376e5dcfc0, 0x000002376e5dd208]

GC Heap History (20 events):
Event: 0.241 GC heap before
{Heap before GC invocations=0 (full 0):
 garbage-first heap   total 8192K, used 6144K [0x0000000082400000, 0x0000000100000000)
  region size 1024K, 3 young (3072K), 0 survivors (0K)
 Metaspace       used 2519K, committed 2624K, reserved 1114112K
  class space    used 278K, committed 320K, reserved 1048576K
}
Event: 0.244 GC heap after
{Heap after GC invocations=1 (full 0):
 garbage-first heap   total 8192K, used 4480K [0x0000000082400000, 0x0000000100000000)
  region size 1024K, 1 young (1024K), 1 survivors (1024K)
 Metaspace       used 2519K, committed 2624K, reserved 1114112K
  class space    used 278K, committed 320K, reserved 1048576K
}
Event: 0.252 GC heap before
{Heap before GC invocations=1 (full 0):
 garbage-first heap   total 8192K, used 5504K [0x0000000082400000, 0x0000000100000000)
  region size 1024K, 2 young (2048K), 1 survivors (1024K)
 Metaspace       used 2520K, committed 2624K, reserved 1114112K
  class space    used 278K, committed 320K, reserved 1048576K
}
Event: 0.255 GC heap after
{Heap after GC invocations=2 (full 0):
 garbage-first heap   total 8192K, used 5591K [0x0000000082400000, 0x0000000100000000)
  region size 1024K, 1 young (1024K), 1 survivors (1024K)
 Metaspace       used 2520K, committed 2624K, reserved 1114112K
  class space    used 278K, committed 320K, reserved 1048576K
}
Event: 0.261 GC heap before
{Heap before GC invocations=3 (full 0):
 garbage-first heap   total 12288K, used 6615K [0x0000000082400000, 0x0000000100000000)
  region size 1024K, 2 young (2048K), 1 survivors (1024K)
 Metaspace       used 2520K, committed 2624K, reserved 1114112K
  class space    used 278K, committed 320K, reserved 1048576K
}
Event: 0.264 GC heap after
{Heap after GC invocations=4 (full 0):
 garbage-first heap   total 12288K, used 6612K [0x0000000082400000, 0x0000000100000000)
  region size 1024K, 1 young (1024K), 1 survivors (1024K)
 Metaspace       used 2520K, committed 2624K, reserved 1114112K
  class space    used 278K, committed 320K, reserved 1048576K
}
Event: 0.269 GC heap before
{Heap before GC invocations=4 (full 0):
 garbage-first heap   total 12288K, used 7636K [0x0000000082400000, 0x0000000100000000)
  region size 1024K, 2 young (2048K), 1 survivors (1024K)
 Metaspace       used 2520K, committed 2624K, reserved 1114112K
  class space    used 278K, committed 320K, reserved 1048576K
}
Event: 0.272 GC heap after
{Heap after GC invocations=5 (full 0):
 garbage-first heap   total 12288K, used 7731K [0x0000000082400000, 0x0000000100000000)
  region size 1024K, 1 young (1024K), 1 survivors (1024K)
 Metaspace       used 2520K, committed 2624K, reserved 1114112K
  class space    used 278K, committed 320K, reserved 1048576K
}
Event: 0.283 GC heap before
{Heap before GC invocations=6 (full 0):
 garbage-first heap   total 15360K, used 8755K [0x0000000082400000, 0x0000000100000000)
  region size 1024K, 2 young (2048K), 1 survivors (1024K)
 Metaspace       used 2533K, committed 2624K, reserved 1114112K
  class space    used 280K, committed 320K, reserved 1048576K
}
Event: 0.286 GC heap after
{Heap after GC invocations=7 (full 0):
 garbage-first heap   total 34816K, used 8347K [0x0000000082400000, 0x0000000100000000)
  region size 1024K, 1 young (1024K), 1 survivors (1024K)
 Metaspace       used 2533K, committed 2624K, reserved 1114112K
  class space    used 280K, committed 320K, reserved 1048576K
}
Event: 0.437 GC heap before
{Heap before GC invocations=7 (full 0):
 garbage-first heap   total 34816K, used 20635K [0x0000000082400000, 0x0000000100000000)
  region size 1024K, 9 young (9216K), 1 survivors (1024K)
 Metaspace       used 3137K, committed 3328K, reserved 1114112K
  class space    used 342K, committed 448K, reserved 1048576K
}
Event: 0.445 GC heap after
{Heap after GC invocations=8 (full 0):
 garbage-first heap   total 34816K, used 15755K [0x0000000082400000, 0x0000000100000000)
  region size 1024K, 2 young (2048K), 2 survivors (2048K)
 Metaspace       used 3137K, committed 3328K, reserved 1114112K
  class space    used 342K, committed 448K, reserved 1048576K
}
Event: 0.617 GC heap before
{Heap before GC invocations=8 (full 0):
 garbage-first heap   total 34816K, used 19851K [0x0000000082400000, 0x0000000100000000)
  region size 1024K, 7 young (7168K), 2 survivors (2048K)
 Metaspace       used 3203K, committed 3392K, reserved 1114112K
  class space    used 342K, committed 448K, reserved 1048576K
}
Event: 0.620 GC heap after
{Heap after GC invocations=9 (full 0):
 garbage-first heap   total 34816K, used 16104K [0x0000000082400000, 0x0000000100000000)
  region size 1024K, 1 young (1024K), 1 survivors (1024K)
 Metaspace       used 3203K, committed 3392K, reserved 1114112K
  class space    used 342K, committed 448K, reserved 1048576K
}
Event: 0.992 GC heap before
{Heap before GC invocations=9 (full 0):
 garbage-first heap   total 34816K, used 22248K [0x0000000082400000, 0x0000000100000000)
  region size 1024K, 7 young (7168K), 1 survivors (1024K)
 Metaspace       used 8527K, committed 8704K, reserved 1114112K
  class space    used 955K, committed 1024K, reserved 1048576K
}
Event: 0.995 GC heap after
{Heap after GC invocations=10 (full 0):
 garbage-first heap   total 34816K, used 17345K [0x0000000082400000, 0x0000000100000000)
  region size 1024K, 1 young (1024K), 1 survivors (1024K)
 Metaspace       used 8527K, committed 8704K, reserved 1114112K
  class space    used 955K, committed 1024K, reserved 1048576K
}
Event: 1.701 GC heap before
{Heap before GC invocations=11 (full 0):
 garbage-first heap   total 34816K, used 22465K [0x0000000082400000, 0x0000000100000000)
  region size 1024K, 8 young (8192K), 1 survivors (1024K)
 Metaspace       used 9020K, committed 9216K, reserved 1114112K
  class space    used 978K, committed 1088K, reserved 1048576K
}
Event: 1.706 GC heap after
{Heap after GC invocations=12 (full 0):
 garbage-first heap   total 69632K, used 18267K [0x0000000082400000, 0x0000000100000000)
  region size 1024K, 1 young (1024K), 1 survivors (1024K)
 Metaspace       used 9020K, committed 9216K, reserved 1114112K
  class space    used 978K, committed 1088K, reserved 1048576K
}
Event: 2.354 GC heap before
{Heap before GC invocations=12 (full 0):
 garbage-first heap   total 69632K, used 45915K [0x0000000082400000, 0x0000000100000000)
  region size 1024K, 27 young (27648K), 1 survivors (1024K)
 Metaspace       used 9481K, committed 9600K, reserved 1114112K
  class space    used 1017K, committed 1088K, reserved 1048576K
}
Event: 2.364 GC heap after
{Heap after GC invocations=13 (full 0):
 garbage-first heap   total 69632K, used 25852K [0x0000000082400000, 0x0000000100000000)
  region size 1024K, 4 young (4096K), 4 survivors (4096K)
 Metaspace       used 9481K, committed 9600K, reserved 1114112K
  class space    used 1017K, committed 1088K, reserved 1048576K
}

Dll operation events (6 events):
Event: 0.007 Loaded shared library D:\mailon\Java\jdk-21.0.10\bin\java.dll
Event: 0.031 Loaded shared library D:\mailon\Java\jdk-21.0.10\bin\jsvml.dll
Event: 0.065 Loaded shared library D:\mailon\Java\jdk-21.0.10\bin\jimage.dll
Event: 0.127 Loaded shared library D:\mailon\Java\jdk-21.0.10\bin\net.dll
Event: 0.129 Loaded shared library D:\mailon\Java\jdk-21.0.10\bin\nio.dll
Event: 0.352 Loaded shared library D:\mailon\Java\jdk-21.0.10\bin\zip.dll

Deoptimization events (20 events):
Event: 2.087 Thread 0x000002376391f670 Uncommon trap: trap_request=0xffffffbe fr.pc=0x0000023775da0d0c relative=0x000000000000006c
Event: 2.087 Thread 0x000002376391f670 Uncommon trap: reason=profile_predicate action=maybe_recompile pc=0x0000023775da0d0c method=jdk.nio.zipfs.ZipPath.getResolved()[B @ 8 c2
Event: 2.087 Thread 0x000002376391f670 DEOPT PACKING pc=0x0000023775da0d0c sp=0x000000875d0fe300
Event: 2.087 Thread 0x000002376391f670 DEOPT UNPACKING pc=0x00000237757946a2 sp=0x000000875d0fe288 mode 2
Event: 2.088 Thread 0x000002376391f670 Uncommon trap: trap_request=0xffffffbe fr.pc=0x0000023775da0d0c relative=0x000000000000006c
Event: 2.088 Thread 0x000002376391f670 Uncommon trap: reason=profile_predicate action=maybe_recompile pc=0x0000023775da0d0c method=jdk.nio.zipfs.ZipPath.getResolved()[B @ 8 c2
Event: 2.088 Thread 0x000002376391f670 DEOPT PACKING pc=0x0000023775da0d0c sp=0x000000875d0fe300
Event: 2.088 Thread 0x000002376391f670 DEOPT UNPACKING pc=0x00000237757946a2 sp=0x000000875d0fe288 mode 2
Event: 2.088 Thread 0x000002376391f670 Uncommon trap: trap_request=0xffffffbe fr.pc=0x0000023775da0d0c relative=0x000000000000006c
Event: 2.089 Thread 0x000002376391f670 Uncommon trap: reason=profile_predicate action=maybe_recompile pc=0x0000023775da0d0c method=jdk.nio.zipfs.ZipPath.getResolved()[B @ 8 c2
Event: 2.089 Thread 0x000002376391f670 DEOPT PACKING pc=0x0000023775da0d0c sp=0x000000875d0fe300
Event: 2.089 Thread 0x000002376391f670 DEOPT UNPACKING pc=0x00000237757946a2 sp=0x000000875d0fe288 mode 2
Event: 2.089 Thread 0x000002376391f670 Uncommon trap: trap_request=0xffffffbe fr.pc=0x0000023775da0d0c relative=0x000000000000006c
Event: 2.089 Thread 0x000002376391f670 Uncommon trap: reason=profile_predicate action=maybe_recompile pc=0x0000023775da0d0c method=jdk.nio.zipfs.ZipPath.getResolved()[B @ 8 c2
Event: 2.090 Thread 0x000002376391f670 DEOPT PACKING pc=0x0000023775da0d0c sp=0x000000875d0fe300
Event: 2.090 Thread 0x000002376391f670 DEOPT UNPACKING pc=0x00000237757946a2 sp=0x000000875d0fe288 mode 2
Event: 2.378 Thread 0x000002376391f670 Uncommon trap: trap_request=0xffffff45 fr.pc=0x0000023775dab0e4 relative=0x0000000000000f44
Event: 2.378 Thread 0x000002376391f670 Uncommon trap: reason=unstable_if action=reinterpret pc=0x0000023775dab0e4 method=java.util.HashMap.getNode(Ljava/lang/Object;)Ljava/util/HashMap$Node; @ 66 c2
Event: 2.378 Thread 0x000002376391f670 DEOPT PACKING pc=0x0000023775dab0e4 sp=0x000000875d0fe2a0
Event: 2.378 Thread 0x000002376391f670 DEOPT UNPACKING pc=0x00000237757946a2 sp=0x000000875d0fe178 mode 2

Classes loaded (20 events):
Event: 2.071 Loading class java/util/RegularEnumSet$EnumSetIterator
Event: 2.071 Loading class java/util/RegularEnumSet$EnumSetIterator done
Event: 2.072 Loading class java/nio/file/FileVisitor
Event: 2.072 Loading class java/nio/file/FileVisitor done
Event: 2.076 Loading class java/nio/file/SimpleFileVisitor
Event: 2.076 Loading class java/nio/file/SimpleFileVisitor done
Event: 2.076 Loading class java/nio/file/FileTreeWalker
Event: 2.077 Loading class java/nio/file/FileTreeWalker done
Event: 2.077 Loading class java/nio/file/FileTreeWalker$DirectoryNode
Event: 2.077 Loading class java/nio/file/FileTreeWalker$DirectoryNode done
Event: 2.077 Loading class java/nio/file/FileTreeWalker$Event
Event: 2.077 Loading class java/nio/file/FileTreeWalker$Event done
Event: 2.077 Loading class java/nio/file/FileTreeWalker$EventType
Event: 2.077 Loading class java/nio/file/FileTreeWalker$EventType done
Event: 2.077 Loading class java/nio/file/Files$3
Event: 2.077 Loading class java/nio/file/Files$3 done
Event: 2.077 Loading class java/nio/file/FileVisitResult
Event: 2.077 Loading class java/nio/file/FileVisitResult done
Event: 2.077 Loading class sun/nio/fs/BasicFileAttributesHolder
Event: 2.077 Loading class sun/nio/fs/BasicFileAttributesHolder done

Classes unloaded (0 events):
No events

Classes redefined (0 events):
No events

Internal exceptions (20 events):
Event: 0.120 Thread 0x000002376391f670 Exception <a 'java/lang/NoSuchMethodError'{0x0000000082aff5f8}: 'void java.lang.invoke.DirectMethodHandle$Holder.invokeSpecial(java.lang.Object, java.lang.Object, java.lang.Object)'> (0x0000000082aff5f8) 
thrown [s\open\src\hotspot\share\interpreter\linkResolver.cpp, line 773]
Event: 0.164 Thread 0x000002376391f670 Exception <a 'java/lang/NoSuchMethodError'{0x000000008297a140}: 'int java.lang.invoke.DirectMethodHandle$Holder.invokeVirtual(java.lang.Object, java.lang.Object, java.lang.Object)'> (0x000000008297a140) 
thrown [s\open\src\hotspot\share\interpreter\linkResolver.cpp, line 773]
Event: 0.165 Thread 0x000002376391f670 Exception <a 'java/lang/NoSuchMethodError'{0x000000008297fd90}: 'void java.lang.invoke.DirectMethodHandle$Holder.invokeInterface(java.lang.Object, java.lang.Object, java.lang.Object)'> (0x000000008297fd90) 
thrown [s\open\src\hotspot\share\interpreter\linkResolver.cpp, line 773]
Event: 0.167 Thread 0x000002376391f670 Exception <a 'java/lang/NoSuchMethodError'{0x000000008298aae8}: 'int java.lang.invoke.DirectMethodHandle$Holder.invokeStaticInit(java.lang.Object, java.lang.Object, java.lang.Object)'> (0x000000008298aae8) 
thrown [s\open\src\hotspot\share\interpreter\linkResolver.cpp, line 773]
Event: 0.298 Thread 0x000002376391f670 Exception <a 'java/lang/NoSuchMethodError'{0x0000000084578338}: 'int java.lang.invoke.DirectMethodHandle$Holder.invokeSpecial(java.lang.Object, java.lang.Object, java.lang.Object)'> (0x0000000084578338) 
thrown [s\open\src\hotspot\share\interpreter\linkResolver.cpp, line 773]
Event: 0.375 Thread 0x000002376391f670 Exception <a 'java/lang/NoSuchMethodError'{0x0000000083f17798}: 'java.lang.Object java.lang.invoke.DirectMethodHandle$Holder.invokeVirtual(java.lang.Object, java.lang.Object, java.lang.Object)'> (0x0000000083f17798) 
thrown [s\open\src\hotspot\share\interpreter\linkResolver.cpp, line 773]
Event: 0.378 Thread 0x000002376391f670 Exception <a 'java/lang/NoSuchMethodError'{0x0000000083f21280}: 'int java.lang.invoke.DirectMethodHandle$Holder.invokeInterface(java.lang.Object, java.lang.Object)'> (0x0000000083f21280) 
thrown [s\open\src\hotspot\share\interpreter\linkResolver.cpp, line 773]
Event: 0.712 Thread 0x000002376391f670 Exception <a 'sun/nio/fs/WindowsException'{0x0000000084391908}> (0x0000000084391908) 
thrown [s\open\src\hotspot\share\prims\jni.cpp, line 520]
Event: 0.777 Thread 0x000002376391f670 Exception <a 'java/lang/NoSuchMethodError'{0x0000000084292728}: 'int java.lang.invoke.DirectMethodHandle$Holder.invokeStaticInit(java.lang.Object, java.lang.Object)'> (0x0000000084292728) 
thrown [s\open\src\hotspot\share\interpreter\linkResolver.cpp, line 773]
Event: 0.832 Thread 0x000002376391f670 Exception <a 'java/lang/NoSuchMethodError'{0x0000000084145c48}: 'int java.lang.invoke.DirectMethodHandle$Holder.invokeVirtual(java.lang.Object, java.lang.Object)'> (0x0000000084145c48) 
thrown [s\open\src\hotspot\share\interpreter\linkResolver.cpp, line 773]
Event: 0.836 Thread 0x000002376391f670 Exception <a 'java/lang/NoSuchMethodError'{0x0000000084167230}: 'java.lang.Object java.lang.invoke.DirectMethodHandle$Holder.newInvokeSpecial(java.lang.Object, java.lang.Object, java.lang.Object, java.lang.Object, java.lang.Object)'> (0x0000000084167230) 
thrown [s\open\src\hotspot\share\interpreter\linkResolver.cpp, line 773]
Event: 0.837 Thread 0x000002376391f670 Exception <a 'java/lang/NoSuchMethodError'{0x00000000841741c8}: 'java.lang.Object java.lang.invoke.DirectMethodHandle$Holder.newInvokeSpecial(java.lang.Object, java.lang.Object, java.lang.Object, java.lang.Object, java.lang.Object, java.lang.Object)'> (0x00000000841741c8) 
thrown [s\open\src\hotspot\share\interpreter\linkResolver.cpp, line 773]
Event: 0.852 Thread 0x000002376391f670 Exception <a 'sun/nio/fs/WindowsException'{0x00000000841bc498}> (0x00000000841bc498) 
thrown [s\open\src\hotspot\share\prims\jni.cpp, line 520]
Event: 0.944 Thread 0x000002376391f670 Exception <a 'java/lang/NoSuchMethodError'{0x0000000083fb6d68}: 'java.lang.Object java.lang.invoke.DirectMethodHandle$Holder.invokeInterface(java.lang.Object, java.lang.Object)'> (0x0000000083fb6d68) 
thrown [s\open\src\hotspot\share\interpreter\linkResolver.cpp, line 773]
Event: 1.883 Thread 0x000002376391f670 Exception <a 'sun/nio/fs/WindowsException'{0x000000008679e270}> (0x000000008679e270) 
thrown [s\open\src\hotspot\share\prims\jni.cpp, line 520]
Event: 1.883 Thread 0x000002376391f670 Exception <a 'sun/nio/fs/WindowsException'{0x000000008679ea90}> (0x000000008679ea90) 
thrown [s\open\src\hotspot\share\prims\jni.cpp, line 520]
Event: 1.883 Thread 0x000002376391f670 Exception <a 'sun/nio/fs/WindowsException'{0x000000008679f368}> (0x000000008679f368) 
thrown [s\open\src\hotspot\share\prims\jni.cpp, line 520]
Event: 1.922 Thread 0x000002376391f670 Exception <a 'java/lang/NoSuchMethodError'{0x0000000086602570}: 'java.lang.Object java.lang.invoke.DirectMethodHandle$Holder.invokeSpecial(java.lang.Object, java.lang.Object, java.lang.Object, int, int)'> (0x0000000086602570) 
thrown [s\open\src\hotspot\share\interpreter\linkResolver.cpp, line 773]
Event: 1.922 Thread 0x000002376391f670 Exception <a 'java/lang/NoSuchMethodError'{0x0000000086608c00}: 'java.lang.Object java.lang.invoke.DirectMethodHandle$Holder.invokeVirtual(java.lang.Object, java.lang.Object, int)'> (0x0000000086608c00) 
thrown [s\open\src\hotspot\share\interpreter\linkResolver.cpp, line 773]
Event: 2.075 Thread 0x000002376391f670 Exception <a 'java/lang/NoSuchMethodError'{0x000000008656dc60}: 'void java.lang.invoke.DirectMethodHandle$Holder.invokeSpecial(java.lang.Object, java.lang.Object, java.lang.Object, java.lang.Object, java.lang.Object)'> (0x000000008656dc60) 
thrown [s\open\src\hotspot\share\interpreter\linkResolver.cpp, line 773]

ZGC Phase Switch (0 events):
No events

VM Operations (20 events):
Event: 0.381 Executing VM operation: HandshakeAllThreads (Deoptimize)
Event: 0.381 Executing VM operation: HandshakeAllThreads (Deoptimize) done
Event: 0.437 Executing VM operation: G1CollectForAllocation (G1 Evacuation Pause)
Event: 0.445 Executing VM operation: G1CollectForAllocation (G1 Evacuation Pause) done
Event: 0.617 Executing VM operation: G1CollectForAllocation (G1 Evacuation Pause)
Event: 0.620 Executing VM operation: G1CollectForAllocation (G1 Evacuation Pause) done
Event: 0.947 Executing VM operation: HandshakeAllThreads (Deoptimize)
Event: 0.947 Executing VM operation: HandshakeAllThreads (Deoptimize) done
Event: 0.949 Executing VM operation: HandshakeAllThreads (Deoptimize)
Event: 0.949 Executing VM operation: HandshakeAllThreads (Deoptimize) done
Event: 0.992 Executing VM operation: G1CollectForAllocation (G1 Evacuation Pause)
Event: 0.995 Executing VM operation: G1CollectForAllocation (G1 Evacuation Pause) done
Event: 0.999 Executing VM operation: G1PauseRemark
Event: 1.001 Executing VM operation: G1PauseRemark done
Event: 1.003 Executing VM operation: G1PauseCleanup
Event: 1.003 Executing VM operation: G1PauseCleanup done
Event: 1.701 Executing VM operation: G1CollectForAllocation (G1 Evacuation Pause)
Event: 1.706 Executing VM operation: G1CollectForAllocation (G1 Evacuation Pause) done
Event: 2.354 Executing VM operation: G1CollectForAllocation (G1 Evacuation Pause)
Event: 2.364 Executing VM operation: G1CollectForAllocation (G1 Evacuation Pause) done

Events (20 events):
Event: 0.276 Thread 0x0000023765e25ca0 flushing nmethod 0x000002376e26eb90
Event: 0.276 Thread 0x0000023765e25ca0 flushing nmethod 0x000002376e270110
Event: 0.995 Thread 0x0000023702b25420 Thread exited: 0x0000023702b25420
Event: 1.000 Thread 0x0000023765e25ca0 flushing nmethod 0x000002376e212010
Event: 1.000 Thread 0x0000023765e25ca0 flushing nmethod 0x000002376e222e10
Event: 1.000 Thread 0x0000023765e25ca0 flushing nmethod 0x000002376e296a10
Event: 1.000 Thread 0x0000023765e25ca0 flushing nmethod 0x000002376e297a90
Event: 1.000 Thread 0x0000023765e25ca0 flushing nmethod 0x000002376e29ac10
Event: 1.000 Thread 0x0000023765e25ca0 flushing nmethod 0x000002376e29b190
Event: 1.000 Thread 0x0000023765e25ca0 flushing nmethod 0x000002376e29b610
Event: 1.000 Thread 0x0000023765e25ca0 flushing nmethod 0x000002376e27f810
Event: 1.000 Thread 0x0000023765e25ca0 flushing nmethod 0x000002376e29d610
Event: 1.000 Thread 0x0000023765e25ca0 flushing nmethod 0x000002376e29dd90
Event: 1.000 Thread 0x0000023765e25ca0 flushing nmethod 0x000002376e29e310
Event: 1.000 Thread 0x0000023765e25ca0 flushing nmethod 0x000002376e29e710
Event: 1.000 Thread 0x0000023765e25ca0 flushing nmethod 0x000002376e29ec90
Event: 1.000 Thread 0x0000023765e25ca0 flushing nmethod 0x000002376e29f210
Event: 1.000 Thread 0x0000023765e25ca0 flushing nmethod 0x000002376e2a0290
Event: 1.869 Thread 0x0000023702b17120 Thread exited: 0x0000023702b17120
Event: 2.083 Thread 0x0000023748bb8d40 Thread added: 0x0000023748bb8d40


Dynamic libraries:
0x00007ff70ec80000 - 0x00007ff70ec88000 	D:\mailon\Java\jdk-21.0.10\bin\javac.exe
0x00007ffe20340000 - 0x00007ffe205a7000 	C:\WINDOWS\SYSTEM32\ntdll.dll
0x00007ffe1f710000 - 0x00007ffe1f7d9000 	C:\WINDOWS\System32\KERNEL32.DLL
0x00007ffe1ce40000 - 0x00007ffe1d234000 	C:\WINDOWS\System32\KERNELBASE.dll
0x00007ffe1df80000 - 0x00007ffe1e0cb000 	C:\WINDOWS\System32\ucrtbase.dll
0x00007ffe175b0000 - 0x00007ffe175ce000 	D:\mailon\Java\jdk-21.0.10\bin\VCRUNTIME140.dll
0x00007ffe175d0000 - 0x00007ffe175e9000 	D:\mailon\Java\jdk-21.0.10\bin\jli.dll
0x00007ffe20240000 - 0x00007ffe202f6000 	C:\WINDOWS\System32\ADVAPI32.dll
0x00007ffe1f540000 - 0x00007ffe1f5e9000 	C:\WINDOWS\System32\msvcrt.dll
0x00007ffe1f7e0000 - 0x00007ffe1f887000 	C:\WINDOWS\System32\sechost.dll
0x00007ffe1f5f0000 - 0x00007ffe1f708000 	C:\WINDOWS\System32\RPCRT4.dll
0x00007ffe1ee10000 - 0x00007ffe1efd5000 	C:\WINDOWS\System32\USER32.dll
0x00007ffe1ce10000 - 0x00007ffe1ce37000 	C:\WINDOWS\System32\win32u.dll
0x00007ffe1f890000 - 0x00007ffe1f8bb000 	C:\WINDOWS\System32\GDI32.dll
0x00007ffe0c8f0000 - 0x00007ffe0cb83000 	C:\WINDOWS\WinSxS\amd64_microsoft.windows.common-controls_6595b64144ccf1df_6.0.26100.8115_none_3e075c82e3354f9c\COMCTL32.dll
0x00007ffe1dab0000 - 0x00007ffe1dbdb000 	C:\WINDOWS\System32\gdi32full.dll
0x00007ffe1ded0000 - 0x00007ffe1df73000 	C:\WINDOWS\System32\msvcp_win.dll
0x00007ffe16170000 - 0x00007ffe1617b000 	C:\WINDOWS\SYSTEM32\VERSION.dll
0x00007ffe1e170000 - 0x00007ffe1e1a2000 	C:\WINDOWS\System32\IMM32.DLL
0x00007ffe17510000 - 0x00007ffe1751c000 	D:\mailon\Java\jdk-21.0.10\bin\vcruntime140_1.dll
0x00007ffe02390000 - 0x00007ffe0241d000 	D:\mailon\Java\jdk-21.0.10\bin\msvcp140.dll
0x00007ffd68fa0000 - 0x00007ffd69cc7000 	D:\mailon\Java\jdk-21.0.10\bin\server\jvm.dll
0x00007ffe201b0000 - 0x00007ffe20230000 	C:\WINDOWS\System32\WS2_32.dll
0x00007ffe1ca90000 - 0x00007ffe1caee000 	C:\WINDOWS\SYSTEM32\POWRPROF.dll
0x00007ffdfca90000 - 0x00007ffdfcac6000 	C:\WINDOWS\SYSTEM32\WINMM.dll
0x00007ffe1ca70000 - 0x00007ffe1ca84000 	C:\WINDOWS\SYSTEM32\UMPDC.dll
0x00007ffe1b970000 - 0x00007ffe1b98b000 	C:\WINDOWS\SYSTEM32\kernel.appcore.dll
0x00007ffe17500000 - 0x00007ffe1750a000 	D:\mailon\Java\jdk-21.0.10\bin\jimage.dll
0x00007ffe0d0b0000 - 0x00007ffe0d2f2000 	C:\WINDOWS\SYSTEM32\DBGHELP.DLL
0x00007ffe1e7e0000 - 0x00007ffe1eb62000 	C:\WINDOWS\System32\combase.dll
0x00007ffe1f0d0000 - 0x00007ffe1f1a8000 	C:\WINDOWS\System32\OLEAUT32.dll
0x00007ffe033e0000 - 0x00007ffe0341b000 	C:\WINDOWS\SYSTEM32\dbgcore.DLL
0x00007ffe1dd60000 - 0x00007ffe1de05000 	C:\WINDOWS\System32\bcryptPrimitives.dll
0x00007ffe10450000 - 0x00007ffe10471000 	D:\mailon\Java\jdk-21.0.10\bin\java.dll
0x00007ffe1fa40000 - 0x00007ffe201a7000 	C:\WINDOWS\System32\SHELL32.dll
0x00007ffe1cc10000 - 0x00007ffe1cd7a000 	C:\WINDOWS\System32\wintypes.dll
0x00007ffe1d240000 - 0x00007ffe1daa8000 	C:\WINDOWS\System32\windows.storage.dll
0x00007ffe1f220000 - 0x00007ffe1f318000 	C:\WINDOWS\System32\SHCORE.dll
0x00007ffe1f9d0000 - 0x00007ffe1fa36000 	C:\WINDOWS\System32\shlwapi.dll
0x00007ffe1cb30000 - 0x00007ffe1cb59000 	C:\WINDOWS\SYSTEM32\profapi.dll
0x00007ffe00160000 - 0x00007ffe00237000 	D:\mailon\Java\jdk-21.0.10\bin\jsvml.dll
0x00007ffe10380000 - 0x00007ffe10391000 	D:\mailon\Java\jdk-21.0.10\bin\net.dll
0x00007ffe15b50000 - 0x00007ffe15c7d000 	C:\WINDOWS\SYSTEM32\WINHTTP.dll
0x00007ffe1bed0000 - 0x00007ffe1bf3c000 	C:\WINDOWS\system32\mswsock.dll
0x00007ffe0e890000 - 0x00007ffe0e8a6000 	D:\mailon\Java\jdk-21.0.10\bin\nio.dll
0x00007ffe0e870000 - 0x00007ffe0e888000 	D:\mailon\Java\jdk-21.0.10\bin\zip.dll

dbghelp: loaded successfully - version: 4.0.5 - missing functions: none
symbol engine: initialized successfully - sym options: 0x614 - pdb path: .;D:\mailon\Java\jdk-21.0.10\bin;C:\WINDOWS\SYSTEM32;C:\WINDOWS\WinSxS\amd64_microsoft.windows.common-controls_6595b64144ccf1df_6.0.26100.8115_none_3e075c82e3354f9c;D:\mailon\Java\jdk-21.0.10\bin\server

VM Arguments:
jvm_args: -Dapplication.home=D:\mailon\Java\jdk-21.0.10 --add-modules=ALL-DEFAULT -Xms8m -Djdk.module.main=jdk.compiler 
java_command: jdk.compiler/com.sun.tools.javac.Main @C:/Users/Usuario/AppData/Local/Temp/org.codehaus.plexus.compiler.javac.JavacCompiler3038476047309092668arguments
java_class_path (initial): <not set>
Launcher Type: SUN_STANDARD

[Global flags]
     intx CICompilerCount                          = 4                                         {product} {ergonomic}
     uint ConcGCThreads                            = 2                                         {product} {ergonomic}
     uint G1ConcRefinementThreads                  = 8                                         {product} {ergonomic}
   size_t G1HeapRegionSize                         = 1048576                                   {product} {ergonomic}
    uintx GCDrainStackTargetSize                   = 64                                        {product} {ergonomic}
   size_t InitialHeapSize                          = 8388608                                   {product} {command line}
   size_t MarkStackSize                            = 4194304                                   {product} {ergonomic}
   size_t MaxHeapSize                              = 2109734912                                {product} {ergonomic}
   size_t MaxNewSize                               = 1265631232                                {product} {ergonomic}
   size_t MinHeapDeltaBytes                        = 1048576                                   {product} {ergonomic}
   size_t MinHeapSize                              = 8388608                                   {product} {command line}
    uintx NonNMethodCodeHeapSize                   = 5839372                                {pd product} {ergonomic}
    uintx NonProfiledCodeHeapSize                  = 122909434                              {pd product} {ergonomic}
    uintx ProfiledCodeHeapSize                     = 122909434                              {pd product} {ergonomic}
    uintx ReservedCodeCacheSize                    = 251658240                              {pd product} {ergonomic}
     bool SegmentedCodeCache                       = true                                      {product} {ergonomic}
   size_t SoftMaxHeapSize                          = 2109734912                             {manageable} {ergonomic}
     bool UseCompressedOops                        = true                           {product lp64_product} {ergonomic}
     bool UseG1GC                                  = true                                      {product} {ergonomic}
     bool UseLargePagesIndividualAllocation        = false                                  {pd product} {ergonomic}

Logging:
Log output configuration:
 #0: stdout all=warning uptime,level,tags foldmultilines=false
 #1: stderr all=off uptime,level,tags foldmultilines=false

Environment Variables:
JAVA_HOME=D:/mailon/Java/jdk-21.0.10
PATH=D:\Program Files\Git\mingw64\bin;D:\Program Files\Git\usr\bin;C:\Users\Usuario\bin;C:\Program Files\Common Files\Oracle\Java\javapath;C:\WINDOWS\system32;C:\WINDOWS;C:\WINDOWS\System32\Wbem;C:\WINDOWS\System32\WindowsPowerShell\v1.0;C:\WINDOWS\System32\OpenSSH;D:\Program Files\nodejs;D:\mailon\Usuario\Desktop\apache-maven-3.9.14-bin (1)\apache-maven-3.9.14\bin;D:\Program Files\Git\cmd;C:\Users\Usuario\AppData\Local\Programs\Trae\bin;D:\mailon\Usuario\Downloads\ffmpeg-8.0.1-essentials_build\ffmpeg-8.0.1-essentials_build\bin;D:\mailon\Usuario\Desktop\apache-maven-3.9.14-bin (1)\apache-maven-3.9.14\bin;C:\Users\Usuario\AppData\Roaming\npm
USERNAME=Usuario
TERM=xterm-256color
OS=Windows_NT
PROCESSOR_IDENTIFIER=Intel64 Family 6 Model 142 Stepping 12, GenuineIntel
TMP=C:\Users\Usuario\AppData\Local\Temp
TEMP=C:\Users\Usuario\AppData\Local\Temp




Periodic native trim disabled

---------------  S Y S T E M  ---------------

OS:
 Windows 11 , 64 bit Build 26100 (10.0.26100.8246)
OS uptime: 4 days 19:26 hours
Hyper-V role detected

CPU: total 8 (initial active 8) (4 cores per cpu, 2 threads per core) family 6 model 142 stepping 12 microcode 0xde, cx8, cmov, fxsr, ht, mmx, 3dnowpref, sse, sse2, sse3, ssse3, sse4.1, sse4.2, popcnt, lzcnt, tsc, tscinvbit, avx, avx2, aes, erms, clmul, bmi1, bmi2, adx, fma, vzeroupper, clflush, clflushopt, hv, rdtscp, f16c
Processor Information for all 8 processors :
  Max Mhz: 1800, Current Mhz: 1600, Mhz Limit: 1584

Memory: 4k page, system-wide physical 8040M (537M free)
TotalPageFile size 32616M (AvailPageFile size 7M)
current process WorkingSet (physical memory assigned to process): 153M, peak: 154M
current process commit charge ("private bytes"): 192M, peak: 195M

vm_info: Java HotSpot(TM) 64-Bit Server VM (21.0.10+8-LTS-217) for windows-amd64 JRE (21.0.10+8-LTS-217), built on 2025-12-18T14:59:28Z by "mach5run" with MS VC++ 17.13 (VS2022)

END.
