#
# There is insufficient memory for the Java Runtime Environment to continue.
# Native memory allocation (mmap) failed to map 145752064 bytes for G1 virtual space
# Possible reasons:
#   The system is out of physical RAM or swap space
#   The process is running with CompressedOops enabled, and the Java Heap may be blocking the growth of the native heap
# Possible solutions:
#   Reduce memory load on the system
#   Increase physical memory or swap space
#   Check if swap backing store is full
#   Decrease Java heap size (-Xmx/-Xms)
#   Decrease number of Java threads
#   Decrease Java thread stack sizes (-Xss)
#   Set larger code cache with -XX:ReservedCodeCacheSize=
#   JVM is running with Unscaled Compressed Oops mode in which the Java heap is
#     placed in the first 4GB address space. The Java Heap base address is the
#     maximum limit for the native heap growth. Please use -XX:HeapBaseMinAddress
#     to set the Java Heap base and to place the Java Heap above 4GB virtual address.
# This output file may be truncated or incomplete.
#
#  Out of Memory Error (os_windows.cpp:3604), pid=22400, tid=19208
#
# JRE version: Java(TM) SE Runtime Environment (21.0.10+8) (build 21.0.10+8-LTS-217)
# Java VM: Java HotSpot(TM) 64-Bit Server VM (21.0.10+8-LTS-217, mixed mode, sharing, tiered, compressed oops, compressed class ptrs, g1 gc, windows-amd64)
# No core dump will be written. Minidumps are not enabled by default on client versions of Windows
#

---------------  S U M M A R Y ------------

Command Line: C:\Users\Usuario\AppData\Local\Temp\surefire17723236830986516385\surefirebooter-20260423040910662_3.jar C:\Users\Usuario\AppData\Local\Temp\surefire17723236830986516385 2026-04-23T04-09-10_367-jvmRun1 surefire-20260423040910662_1tmp surefire_0-20260423040910662_2tmp

Host: Intel(R) Core(TM) i5-8265U CPU @ 1.60GHz, 8 cores, 7G,  Windows 11 , 64 bit Build 26100 (10.0.26100.8246)
Time: Thu Apr 23 04:09:40 2026 Hora oficial do Brasil elapsed time: 29.495367 seconds (0d 0h 0m 29s)

---------------  T H R E A D  ---------------

Current thread (0x000001c17e841cd0):  VMThread "VM Thread"          [id=19208, stack(0x0000000fe0600000,0x0000000fe0700000) (1024K)]

Stack: [0x0000000fe0600000,0x0000000fe0700000]
Native frames: (J=compiled Java code, j=interpreted, Vv=VM code, C=native code)
V  [jvm.dll+0x6d0b59]
V  [jvm.dll+0x85fd56]
V  [jvm.dll+0x86224e]
V  [jvm.dll+0x862923]
V  [jvm.dll+0x282a16]
V  [jvm.dll+0x6cd405]
V  [jvm.dll+0x6c1f8a]
V  [jvm.dll+0x35bcc8]
V  [jvm.dll+0x363986]
V  [jvm.dll+0x3b4a3e]
V  [jvm.dll+0x3b4ce8]
V  [jvm.dll+0x32f98c]
V  [jvm.dll+0x32fa17]
V  [jvm.dll+0x373c9c]
V  [jvm.dll+0x372441]
V  [jvm.dll+0x32f0d1]
V  [jvm.dll+0x371aaa]
V  [jvm.dll+0x86861f]
V  [jvm.dll+0x8699ac]
V  [jvm.dll+0x869ee1]
V  [jvm.dll+0x86a183]
V  [jvm.dll+0x80a83d]
V  [jvm.dll+0x6cf3fd]
C  [ucrtbase.dll+0x37b0]
C  [KERNEL32.DLL+0x2e8d7]
C  [ntdll.dll+0x8c3fc]

VM_Operation (0x0000000fdfff6990): G1CollectForAllocation, mode: safepoint, requested by thread 0x000001c1771f0ef0


---------------  P R O C E S S  ---------------

Threads class SMR info:
_java_thread_list=0x000001c167594f50, length=20, elements={
0x000001c1771f0ef0, 0x000001c17e85edd0, 0x000001c17e862560, 0x000001c17e869380,
0x000001c17e869f10, 0x000001c17e86b690, 0x000001c17e86d480, 0x000001c17e880920,
0x000001c17e884ff0, 0x000001c117674220, 0x000001c1176788b0, 0x000001c15d04cf00,
0x000001c11791dc40, 0x000001c15fbc4550, 0x000001c15fbc2b10, 0x000001c15fbc31a0,
0x000001c15efaa660, 0x000001c15efaacf0, 0x000001c15efaba10, 0x000001c15edccf00
}

Java Threads: ( => current thread )
  0x000001c1771f0ef0 JavaThread "main"                              [_thread_blocked, id=28552, stack(0x0000000fdff00000,0x0000000fe0000000) (1024K)]
  0x000001c17e85edd0 JavaThread "Reference Handler"          daemon [_thread_blocked, id=16380, stack(0x0000000fe0700000,0x0000000fe0800000) (1024K)]
  0x000001c17e862560 JavaThread "Finalizer"                  daemon [_thread_blocked, id=1384, stack(0x0000000fe0800000,0x0000000fe0900000) (1024K)]
  0x000001c17e869380 JavaThread "Signal Dispatcher"          daemon [_thread_blocked, id=19696, stack(0x0000000fe0900000,0x0000000fe0a00000) (1024K)]
  0x000001c17e869f10 JavaThread "Attach Listener"            daemon [_thread_blocked, id=25896, stack(0x0000000fe0a00000,0x0000000fe0b00000) (1024K)]
  0x000001c17e86b690 JavaThread "Service Thread"             daemon [_thread_blocked, id=21832, stack(0x0000000fe0b00000,0x0000000fe0c00000) (1024K)]
  0x000001c17e86d480 JavaThread "Monitor Deflation Thread"   daemon [_thread_blocked, id=27100, stack(0x0000000fe0c00000,0x0000000fe0d00000) (1024K)]
  0x000001c17e880920 JavaThread "C2 CompilerThread0"         daemon [_thread_blocked, id=28300, stack(0x0000000fe0d00000,0x0000000fe0e00000) (1024K)]
  0x000001c17e884ff0 JavaThread "C1 CompilerThread0"         daemon [_thread_blocked, id=18560, stack(0x0000000fe0e00000,0x0000000fe0f00000) (1024K)]
  0x000001c117674220 JavaThread "Notification Thread"        daemon [_thread_blocked, id=10748, stack(0x0000000fe0f00000,0x0000000fe1000000) (1024K)]
  0x000001c1176788b0 JavaThread "Common-Cleaner"             daemon [_thread_blocked, id=2104, stack(0x0000000fe1000000,0x0000000fe1100000) (1024K)]
  0x000001c15d04cf00 JavaThread "surefire-forkedjvm-stream-flusher" daemon [_thread_blocked, id=9912, stack(0x0000000fe1200000,0x0000000fe1300000) (1024K)]
  0x000001c11791dc40 JavaThread "surefire-forkedjvm-command-thread" daemon [_thread_blocked, id=28884, stack(0x0000000fe1300000,0x0000000fe1400000) (1024K)]
  0x000001c15fbc4550 JavaThread "HikariPool-1 housekeeper"   daemon [_thread_blocked, id=26728, stack(0x0000000fe1100000,0x0000000fe1200000) (1024K)]
  0x000001c15fbc2b10 JavaThread "Jndi-Dns-address-change-listener" daemon [_thread_in_native, id=24288, stack(0x0000000fe1f00000,0x0000000fe2000000) (1024K)]
  0x000001c15fbc31a0 JavaThread "lettuce-timer-3-1"          daemon [_thread_blocked, id=28916, stack(0x0000000fe2000000,0x0000000fe2100000) (1024K)]
  0x000001c15efaa660 JavaThread "HikariPool-2 housekeeper"   daemon [_thread_blocked, id=16800, stack(0x0000000fe1e00000,0x0000000fe1f00000) (1024K)]
  0x000001c15efaacf0 JavaThread "HikariPool-2 connection adder" daemon [_thread_blocked, id=24748, stack(0x0000000fe2100000,0x0000000fe2200000) (1024K)]
  0x000001c15efaba10 JavaThread "lettuce-timer-5-1"          daemon [_thread_blocked, id=23908, stack(0x0000000fe2200000,0x0000000fe2300000) (1024K)]
  0x000001c15edccf00 JavaThread "C2 CompilerThread1"         daemon [_thread_blocked, id=7828, stack(0x0000000fe1b00000,0x0000000fe1c00000) (1024K)]
Total: 20

Other Threads:
=>0x000001c17e841cd0 VMThread "VM Thread"                           [id=19208, stack(0x0000000fe0600000,0x0000000fe0700000) (1024K)]
  0x000001c17e82caf0 WatcherThread "VM Periodic Task Thread"        [id=25848, stack(0x0000000fe0500000,0x0000000fe0600000) (1024K)]
  0x000001c17759bda0 WorkerThread "GC Thread#0"                     [id=25652, stack(0x0000000fe0000000,0x0000000fe0100000) (1024K)]
  0x000001c15da9a0e0 WorkerThread "GC Thread#1"                     [id=28212, stack(0x0000000fe1400000,0x0000000fe1500000) (1024K)]
  0x000001c15da9a490 WorkerThread "GC Thread#2"                     [id=4836, stack(0x0000000fe1500000,0x0000000fe1600000) (1024K)]
  0x000001c15db7d7b0 WorkerThread "GC Thread#3"                     [id=22432, stack(0x0000000fe1600000,0x0000000fe1700000) (1024K)]
  0x000001c15db7e370 WorkerThread "GC Thread#4"                     [id=25992, stack(0x0000000fe1700000,0x0000000fe1800000) (1024K)]
  0x000001c15db80f50 WorkerThread "GC Thread#5"                     [id=26704, stack(0x0000000fe1800000,0x0000000fe1900000) (1024K)]
  0x000001c15db81300 WorkerThread "GC Thread#6"                     [id=27140, stack(0x0000000fe1900000,0x0000000fe1a00000) (1024K)]
  0x000001c15dd10170 WorkerThread "GC Thread#7"                     [id=29196, stack(0x0000000fe1a00000,0x0000000fe1b00000) (1024K)]
  0x000001c1775ac820 ConcurrentGCThread "G1 Main Marker"            [id=27680, stack(0x0000000fe0100000,0x0000000fe0200000) (1024K)]
  0x000001c1775ad240 WorkerThread "G1 Conc#0"                       [id=25576, stack(0x0000000fe0200000,0x0000000fe0300000) (1024K)]
  0x000001c15e8db370 WorkerThread "G1 Conc#1"                       [id=24120, stack(0x0000000fe1c00000,0x0000000fe1d00000) (1024K)]
  0x000001c17760e5f0 ConcurrentGCThread "G1 Refine#0"               [id=26204, stack(0x0000000fe0300000,0x0000000fe0400000) (1024K)]
  0x000001c17e7012c0 ConcurrentGCThread "G1 Service"                [id=17784, stack(0x0000000fe0400000,0x0000000fe0500000) (1024K)]
Total: 15

Threads with active compile tasks:
C2 CompilerThread0    29517 11960       4       org.springframework.orm.jpa.support.PersistenceAnnotationBeanPostProcessor$$Lambda/0x000001c119588218::doWith (17 bytes)
C1 CompilerThread0    29517 11969   !   3       jdk.proxy2.$Proxy68::annotationType (29 bytes)
Total: 2

VM state: at safepoint (normal execution)

VM Mutex/Monitor currently owned by a thread:  ([mutex/lock_event])
[0x00007ffd69be8f90] CompileThread_lock - owner thread: 0x000001c17e884ff0
[0x00007ffd69be9f10] Threads_lock - owner thread: 0x000001c17e841cd0
[0x00007ffd69bea010] Heap_lock - owner thread: 0x000001c1771f0ef0

Heap address: 0x0000000082400000, size: 2012 MB, Compressed Oops mode: 32-bit

CDS archive(s) mapped at: [0x000001c118000000-0x000001c118c90000-0x000001c118c90000), size 13172736, SharedBaseAddress: 0x000001c118000000, ArchiveRelocationMode: 1.
Compressed class space mapped at: 0x000001c119000000-0x000001c159000000, reserved size: 1073741824
Narrow klass base: 0x000001c118000000, Narrow klass shift: 0, Narrow klass range: 0x100000000

GC Precious Log:
 CardTable entry size: 512
 Card Set container configuration: InlinePtr #cards 5 size 8 Array Of Cards #cards 12 size 40 Howl #buckets 4 coarsen threshold 1843 Howl Bitmap #cards 512 size 80 coarsen threshold 460 Card regions per heap region 1 cards per card region 2048
 CPUs: 8 total, 8 available
 Memory: 8040M
 Large Page Support: Disabled
 NUMA Support: Disabled
 Compressed Oops: Enabled (32-bit)
 Heap Region Size: 1M
 Heap Min Capacity: 8M
 Heap Initial Capacity: 126M
 Heap Max Capacity: 2012M
 Pre-touch: Disabled
 Parallel Workers: 8
 Concurrent Workers: 2
 Concurrent Refinement Workers: 8
 Periodic GC: Disabled

Heap:
 garbage-first heap   total 145408K, used 67548K [0x0000000082400000, 0x0000000100000000)
  region size 1024K, 7 young (7168K), 7 survivors (7168K)
 Metaspace       used 99915K, committed 100736K, reserved 1179648K
  class space    used 13330K, committed 13696K, reserved 1048576K

Heap Regions: E=young(eden), S=young(survivor), O=old, HS=humongous(starts), HC=humongous(continues), CS=collection set, F=free, TAMS=top-at-mark-start, PB=parsable bottom
|   0|0x0000000082400000, 0x0000000082500000, 0x0000000082500000|100%|HS|  |TAMS 0x0000000082400000| PB 0x0000000082400000| Complete 
|   1|0x0000000082500000, 0x0000000082600000, 0x0000000082600000|100%| O|  |TAMS 0x0000000082500000| PB 0x0000000082500000| Untracked 
|   2|0x0000000082600000, 0x0000000082700000, 0x0000000082700000|100%| O|  |TAMS 0x0000000082600000| PB 0x0000000082600000| Untracked 
|   3|0x0000000082700000, 0x0000000082800000, 0x0000000082800000|100%| O|  |TAMS 0x0000000082700000| PB 0x0000000082700000| Untracked 
|   4|0x0000000082800000, 0x0000000082900000, 0x0000000082900000|100%| O|  |TAMS 0x0000000082800000| PB 0x0000000082800000| Untracked 
|   5|0x0000000082900000, 0x0000000082a00000, 0x0000000082a00000|100%| O|  |TAMS 0x0000000082900000| PB 0x0000000082900000| Untracked 
|   6|0x0000000082a00000, 0x0000000082b00000, 0x0000000082b00000|100%| O|  |TAMS 0x0000000082a00000| PB 0x0000000082a00000| Untracked 
|   7|0x0000000082b00000, 0x0000000082c00000, 0x0000000082c00000|100%| O|  |TAMS 0x0000000082b00000| PB 0x0000000082b00000| Untracked 
|   8|0x0000000082c00000, 0x0000000082d00000, 0x0000000082d00000|100%| O|  |TAMS 0x0000000082c00000| PB 0x0000000082c00000| Untracked 
|   9|0x0000000082d00000, 0x0000000082e00000, 0x0000000082e00000|100%| O|  |TAMS 0x0000000082d00000| PB 0x0000000082d00000| Untracked 
|  10|0x0000000082e00000, 0x0000000082f00000, 0x0000000082f00000|100%| O|  |TAMS 0x0000000082e00000| PB 0x0000000082e00000| Untracked 
|  11|0x0000000082f00000, 0x0000000083000000, 0x0000000083000000|100%| O|  |TAMS 0x0000000082f00000| PB 0x0000000082f00000| Untracked 
|  12|0x0000000083000000, 0x0000000083100000, 0x0000000083100000|100%| O|  |TAMS 0x0000000083000000| PB 0x0000000083000000| Untracked 
|  13|0x0000000083100000, 0x0000000083200000, 0x0000000083200000|100%| O|  |TAMS 0x0000000083100000| PB 0x0000000083100000| Untracked 
|  14|0x0000000083200000, 0x0000000083300000, 0x0000000083300000|100%| O|  |TAMS 0x0000000083200000| PB 0x0000000083200000| Untracked 
|  15|0x0000000083300000, 0x0000000083400000, 0x0000000083400000|100%| O|  |TAMS 0x0000000083300000| PB 0x0000000083300000| Untracked 
|  16|0x0000000083400000, 0x0000000083500000, 0x0000000083500000|100%| O|  |TAMS 0x0000000083400000| PB 0x0000000083400000| Untracked 
|  17|0x0000000083500000, 0x0000000083600000, 0x0000000083600000|100%| O|  |TAMS 0x0000000083500000| PB 0x0000000083500000| Untracked 
|  18|0x0000000083600000, 0x0000000083700000, 0x0000000083700000|100%| O|  |TAMS 0x0000000083600000| PB 0x0000000083600000| Untracked 
|  19|0x0000000083700000, 0x0000000083800000, 0x0000000083800000|100%| O|  |TAMS 0x0000000083700000| PB 0x0000000083700000| Untracked 
|  20|0x0000000083800000, 0x0000000083900000, 0x0000000083900000|100%| O|  |TAMS 0x0000000083800000| PB 0x0000000083800000| Untracked 
|  21|0x0000000083900000, 0x0000000083a00000, 0x0000000083a00000|100%| O|  |TAMS 0x0000000083900000| PB 0x0000000083900000| Untracked 
|  22|0x0000000083a00000, 0x0000000083b00000, 0x0000000083b00000|100%| O|  |TAMS 0x0000000083a00000| PB 0x0000000083a00000| Untracked 
|  23|0x0000000083b00000, 0x0000000083c00000, 0x0000000083c00000|100%| O|  |TAMS 0x0000000083b00000| PB 0x0000000083b00000| Untracked 
|  24|0x0000000083c00000, 0x0000000083d00000, 0x0000000083d00000|100%| O|  |TAMS 0x0000000083c00000| PB 0x0000000083c00000| Untracked 
|  25|0x0000000083d00000, 0x0000000083e00000, 0x0000000083e00000|100%| O|  |TAMS 0x0000000083d00000| PB 0x0000000083d00000| Untracked 
|  26|0x0000000083e00000, 0x0000000083f00000, 0x0000000083f00000|100%| O|  |TAMS 0x0000000083e00000| PB 0x0000000083e00000| Untracked 
|  27|0x0000000083f00000, 0x0000000084000000, 0x0000000084000000|100%| O|  |TAMS 0x0000000083f00000| PB 0x0000000083f00000| Untracked 
|  28|0x0000000084000000, 0x0000000084100000, 0x0000000084100000|100%| O|  |TAMS 0x0000000084000000| PB 0x0000000084000000| Untracked 
|  29|0x0000000084100000, 0x0000000084200000, 0x0000000084200000|100%| O|  |TAMS 0x0000000084100000| PB 0x0000000084100000| Untracked 
|  30|0x0000000084200000, 0x0000000084300000, 0x0000000084300000|100%| O|  |TAMS 0x0000000084200000| PB 0x0000000084200000| Untracked 
|  31|0x0000000084300000, 0x0000000084400000, 0x0000000084400000|100%| O|  |TAMS 0x0000000084300000| PB 0x0000000084300000| Untracked 
|  32|0x0000000084400000, 0x0000000084500000, 0x0000000084500000|100%| O|  |TAMS 0x0000000084400000| PB 0x0000000084400000| Untracked 
|  33|0x0000000084500000, 0x0000000084600000, 0x0000000084600000|100%| O|  |TAMS 0x0000000084500000| PB 0x0000000084500000| Untracked 
|  34|0x0000000084600000, 0x0000000084700000, 0x0000000084700000|100%| O|  |TAMS 0x0000000084600000| PB 0x0000000084600000| Untracked 
|  35|0x0000000084700000, 0x0000000084800000, 0x0000000084800000|100%| O|  |TAMS 0x0000000084700000| PB 0x0000000084700000| Untracked 
|  36|0x0000000084800000, 0x0000000084900000, 0x0000000084900000|100%| O|  |TAMS 0x0000000084800000| PB 0x0000000084800000| Untracked 
|  37|0x0000000084900000, 0x0000000084a00000, 0x0000000084a00000|100%| O|  |TAMS 0x0000000084900000| PB 0x0000000084900000| Untracked 
|  38|0x0000000084a00000, 0x0000000084b00000, 0x0000000084b00000|100%| O|  |TAMS 0x0000000084a00000| PB 0x0000000084a00000| Untracked 
|  39|0x0000000084b00000, 0x0000000084c00000, 0x0000000084c00000|100%| O|  |TAMS 0x0000000084b00000| PB 0x0000000084b00000| Untracked 
|  40|0x0000000084c00000, 0x0000000084d00000, 0x0000000084d00000|100%| O|  |TAMS 0x0000000084c00000| PB 0x0000000084c00000| Untracked 
|  41|0x0000000084d00000, 0x0000000084e00000, 0x0000000084e00000|100%| O|  |TAMS 0x0000000084d00000| PB 0x0000000084d00000| Untracked 
|  42|0x0000000084e00000, 0x0000000084f00000, 0x0000000084f00000|100%| O|  |TAMS 0x0000000084e00000| PB 0x0000000084e00000| Untracked 
|  43|0x0000000084f00000, 0x0000000085000000, 0x0000000085000000|100%| O|  |TAMS 0x0000000084f00000| PB 0x0000000084f00000| Untracked 
|  44|0x0000000085000000, 0x0000000085000000, 0x0000000085100000|  0%| F|  |TAMS 0x0000000085000000| PB 0x0000000085000000| Untracked 
|  45|0x0000000085100000, 0x0000000085200000, 0x0000000085200000|100%| O|  |TAMS 0x0000000085100000| PB 0x0000000085100000| Untracked 
|  46|0x0000000085200000, 0x0000000085300000, 0x0000000085300000|100%| O|  |TAMS 0x0000000085200000| PB 0x0000000085200000| Untracked 
|  47|0x0000000085300000, 0x0000000085400000, 0x0000000085400000|100%| O|  |TAMS 0x0000000085300000| PB 0x0000000085300000| Untracked 
|  48|0x0000000085400000, 0x0000000085500000, 0x0000000085500000|100%| O|  |TAMS 0x0000000085400000| PB 0x0000000085400000| Untracked 
|  49|0x0000000085500000, 0x0000000085600000, 0x0000000085600000|100%| O|  |TAMS 0x0000000085500000| PB 0x0000000085500000| Untracked 
|  50|0x0000000085600000, 0x0000000085700000, 0x0000000085700000|100%| O|  |TAMS 0x0000000085600000| PB 0x0000000085600000| Untracked 
|  51|0x0000000085700000, 0x0000000085800000, 0x0000000085800000|100%| O|  |TAMS 0x0000000085700000| PB 0x0000000085700000| Untracked 
|  52|0x0000000085800000, 0x0000000085900000, 0x0000000085900000|100%| O|  |TAMS 0x0000000085800000| PB 0x0000000085800000| Untracked 
|  53|0x0000000085900000, 0x0000000085a00000, 0x0000000085a00000|100%| O|  |TAMS 0x0000000085900000| PB 0x0000000085900000| Untracked 
|  54|0x0000000085a00000, 0x0000000085b00000, 0x0000000085b00000|100%| O|  |TAMS 0x0000000085a00000| PB 0x0000000085a00000| Untracked 
|  55|0x0000000085b00000, 0x0000000085c00000, 0x0000000085c00000|100%| O|  |TAMS 0x0000000085b00000| PB 0x0000000085b00000| Untracked 
|  56|0x0000000085c00000, 0x0000000085d00000, 0x0000000085d00000|100%| O|  |TAMS 0x0000000085c00000| PB 0x0000000085c00000| Untracked 
|  57|0x0000000085d00000, 0x0000000085e00000, 0x0000000085e00000|100%| O|  |TAMS 0x0000000085d00000| PB 0x0000000085d00000| Untracked 
|  58|0x0000000085e00000, 0x0000000085e00000, 0x0000000085f00000|  0%| F|  |TAMS 0x0000000085e00000| PB 0x0000000085e00000| Untracked 
|  59|0x0000000085f00000, 0x0000000085f22f80, 0x0000000086000000| 13%| O|  |TAMS 0x0000000085f00000| PB 0x0000000085f00000| Untracked 
|  60|0x0000000086000000, 0x0000000086000000, 0x0000000086100000|  0%| F|  |TAMS 0x0000000086000000| PB 0x0000000086000000| Untracked 
|  61|0x0000000086100000, 0x0000000086100000, 0x0000000086200000|  0%| F|  |TAMS 0x0000000086100000| PB 0x0000000086100000| Untracked 
|  62|0x0000000086200000, 0x0000000086200000, 0x0000000086300000|  0%| F|  |TAMS 0x0000000086200000| PB 0x0000000086200000| Untracked 
|  63|0x0000000086300000, 0x0000000086400000, 0x0000000086400000|100%| O|  |TAMS 0x0000000086300000| PB 0x0000000086300000| Untracked 
|  64|0x0000000086400000, 0x0000000086500000, 0x0000000086500000|100%| O|  |TAMS 0x0000000086400000| PB 0x0000000086400000| Untracked 
|  65|0x0000000086500000, 0x0000000086500000, 0x0000000086600000|  0%| F|  |TAMS 0x0000000086500000| PB 0x0000000086500000| Untracked 
|  66|0x0000000086600000, 0x00000000866d4180, 0x0000000086700000| 82%| S|CS|TAMS 0x0000000086600000| PB 0x0000000086600000| Complete 
|  67|0x0000000086700000, 0x0000000086800000, 0x0000000086800000|100%| S|CS|TAMS 0x0000000086700000| PB 0x0000000086700000| Complete 
|  68|0x0000000086800000, 0x0000000086900000, 0x0000000086900000|100%| S|CS|TAMS 0x0000000086800000| PB 0x0000000086800000| Complete 
|  69|0x0000000086900000, 0x0000000086a00000, 0x0000000086a00000|100%| S|CS|TAMS 0x0000000086900000| PB 0x0000000086900000| Complete 
|  70|0x0000000086a00000, 0x0000000086b00000, 0x0000000086b00000|100%| S|CS|TAMS 0x0000000086a00000| PB 0x0000000086a00000| Complete 
|  71|0x0000000086b00000, 0x0000000086c00000, 0x0000000086c00000|100%| S|CS|TAMS 0x0000000086b00000| PB 0x0000000086b00000| Complete 
|  72|0x0000000086c00000, 0x0000000086d00000, 0x0000000086d00000|100%| S|CS|TAMS 0x0000000086c00000| PB 0x0000000086c00000| Complete 
|  73|0x0000000086d00000, 0x0000000086d00000, 0x0000000086e00000|  0%| F|  |TAMS 0x0000000086d00000| PB 0x0000000086d00000| Untracked 
|  74|0x0000000086e00000, 0x0000000086e00000, 0x0000000086f00000|  0%| F|  |TAMS 0x0000000086e00000| PB 0x0000000086e00000| Untracked 
|  75|0x0000000086f00000, 0x0000000086f00000, 0x0000000087000000|  0%| F|  |TAMS 0x0000000086f00000| PB 0x0000000086f00000| Untracked 
|  76|0x0000000087000000, 0x0000000087000000, 0x0000000087100000|  0%| F|  |TAMS 0x0000000087000000| PB 0x0000000087000000| Untracked 
|  77|0x0000000087100000, 0x0000000087100000, 0x0000000087200000|  0%| F|  |TAMS 0x0000000087100000| PB 0x0000000087100000| Untracked 
|  78|0x0000000087200000, 0x0000000087200000, 0x0000000087300000|  0%| F|  |TAMS 0x0000000087200000| PB 0x0000000087200000| Untracked 
|  79|0x0000000087300000, 0x0000000087300000, 0x0000000087400000|  0%| F|  |TAMS 0x0000000087300000| PB 0x0000000087300000| Untracked 
|  80|0x0000000087400000, 0x0000000087400000, 0x0000000087500000|  0%| F|  |TAMS 0x0000000087400000| PB 0x0000000087400000| Untracked 
|  81|0x0000000087500000, 0x0000000087500000, 0x0000000087600000|  0%| F|  |TAMS 0x0000000087500000| PB 0x0000000087500000| Untracked 
|  82|0x0000000087600000, 0x0000000087600000, 0x0000000087700000|  0%| F|  |TAMS 0x0000000087600000| PB 0x0000000087600000| Untracked 
|  83|0x0000000087700000, 0x0000000087700000, 0x0000000087800000|  0%| F|  |TAMS 0x0000000087700000| PB 0x0000000087700000| Untracked 
|  84|0x0000000087800000, 0x0000000087800000, 0x0000000087900000|  0%| F|  |TAMS 0x0000000087800000| PB 0x0000000087800000| Untracked 
|  85|0x0000000087900000, 0x0000000087900000, 0x0000000087a00000|  0%| F|  |TAMS 0x0000000087900000| PB 0x0000000087900000| Untracked 
|  86|0x0000000087a00000, 0x0000000087a00000, 0x0000000087b00000|  0%| F|  |TAMS 0x0000000087a00000| PB 0x0000000087a00000| Untracked 
|  87|0x0000000087b00000, 0x0000000087b00000, 0x0000000087c00000|  0%| F|  |TAMS 0x0000000087b00000| PB 0x0000000087b00000| Untracked 
|  88|0x0000000087c00000, 0x0000000087c00000, 0x0000000087d00000|  0%| F|  |TAMS 0x0000000087c00000| PB 0x0000000087c00000| Untracked 
|  89|0x0000000087d00000, 0x0000000087d00000, 0x0000000087e00000|  0%| F|  |TAMS 0x0000000087d00000| PB 0x0000000087d00000| Untracked 
|  90|0x0000000087e00000, 0x0000000087e00000, 0x0000000087f00000|  0%| F|  |TAMS 0x0000000087e00000| PB 0x0000000087e00000| Untracked 
|  91|0x0000000087f00000, 0x0000000087f00000, 0x0000000088000000|  0%| F|  |TAMS 0x0000000087f00000| PB 0x0000000087f00000| Untracked 
|  92|0x0000000088000000, 0x0000000088000000, 0x0000000088100000|  0%| F|  |TAMS 0x0000000088000000| PB 0x0000000088000000| Untracked 
|  93|0x0000000088100000, 0x0000000088100000, 0x0000000088200000|  0%| F|  |TAMS 0x0000000088100000| PB 0x0000000088100000| Untracked 
|  94|0x0000000088200000, 0x0000000088200000, 0x0000000088300000|  0%| F|  |TAMS 0x0000000088200000| PB 0x0000000088200000| Untracked 
|  95|0x0000000088300000, 0x0000000088300000, 0x0000000088400000|  0%| F|  |TAMS 0x0000000088300000| PB 0x0000000088300000| Untracked 
|  96|0x0000000088400000, 0x0000000088400000, 0x0000000088500000|  0%| F|  |TAMS 0x0000000088400000| PB 0x0000000088400000| Untracked 
|  97|0x0000000088500000, 0x0000000088500000, 0x0000000088600000|  0%| F|  |TAMS 0x0000000088500000| PB 0x0000000088500000| Untracked 
|  98|0x0000000088600000, 0x0000000088600000, 0x0000000088700000|  0%| F|  |TAMS 0x0000000088600000| PB 0x0000000088600000| Untracked 
|  99|0x0000000088700000, 0x0000000088700000, 0x0000000088800000|  0%| F|  |TAMS 0x0000000088700000| PB 0x0000000088700000| Untracked 
| 100|0x0000000088800000, 0x0000000088800000, 0x0000000088900000|  0%| F|  |TAMS 0x0000000088800000| PB 0x0000000088800000| Untracked 
| 101|0x0000000088900000, 0x0000000088900000, 0x0000000088a00000|  0%| F|  |TAMS 0x0000000088900000| PB 0x0000000088900000| Untracked 
| 102|0x0000000088a00000, 0x0000000088a00000, 0x0000000088b00000|  0%| F|  |TAMS 0x0000000088a00000| PB 0x0000000088a00000| Untracked 
| 103|0x0000000088b00000, 0x0000000088b00000, 0x0000000088c00000|  0%| F|  |TAMS 0x0000000088b00000| PB 0x0000000088b00000| Untracked 
| 104|0x0000000088c00000, 0x0000000088c00000, 0x0000000088d00000|  0%| F|  |TAMS 0x0000000088c00000| PB 0x0000000088c00000| Untracked 
| 105|0x0000000088d00000, 0x0000000088d00000, 0x0000000088e00000|  0%| F|  |TAMS 0x0000000088d00000| PB 0x0000000088d00000| Untracked 
| 106|0x0000000088e00000, 0x0000000088e00000, 0x0000000088f00000|  0%| F|  |TAMS 0x0000000088e00000| PB 0x0000000088e00000| Untracked 
| 107|0x0000000088f00000, 0x0000000088f00000, 0x0000000089000000|  0%| F|  |TAMS 0x0000000088f00000| PB 0x0000000088f00000| Untracked 
| 108|0x0000000089000000, 0x0000000089000000, 0x0000000089100000|  0%| F|  |TAMS 0x0000000089000000| PB 0x0000000089000000| Untracked 
| 109|0x0000000089100000, 0x0000000089100000, 0x0000000089200000|  0%| F|  |TAMS 0x0000000089100000| PB 0x0000000089100000| Untracked 
| 110|0x0000000089200000, 0x0000000089200000, 0x0000000089300000|  0%| F|  |TAMS 0x0000000089200000| PB 0x0000000089200000| Untracked 
| 111|0x0000000089300000, 0x0000000089300000, 0x0000000089400000|  0%| F|  |TAMS 0x0000000089300000| PB 0x0000000089300000| Untracked 
| 112|0x0000000089400000, 0x0000000089400000, 0x0000000089500000|  0%| F|  |TAMS 0x0000000089400000| PB 0x0000000089400000| Untracked 
| 113|0x0000000089500000, 0x0000000089500000, 0x0000000089600000|  0%| F|  |TAMS 0x0000000089500000| PB 0x0000000089500000| Untracked 
| 114|0x0000000089600000, 0x0000000089600000, 0x0000000089700000|  0%| F|  |TAMS 0x0000000089600000| PB 0x0000000089600000| Untracked 
| 115|0x0000000089700000, 0x0000000089700000, 0x0000000089800000|  0%| F|  |TAMS 0x0000000089700000| PB 0x0000000089700000| Untracked 
| 116|0x0000000089800000, 0x0000000089800000, 0x0000000089900000|  0%| F|  |TAMS 0x0000000089800000| PB 0x0000000089800000| Untracked 
| 117|0x0000000089900000, 0x0000000089900000, 0x0000000089a00000|  0%| F|  |TAMS 0x0000000089900000| PB 0x0000000089900000| Untracked 
| 118|0x0000000089a00000, 0x0000000089a00000, 0x0000000089b00000|  0%| F|  |TAMS 0x0000000089a00000| PB 0x0000000089a00000| Untracked 
| 119|0x0000000089b00000, 0x0000000089b00000, 0x0000000089c00000|  0%| F|  |TAMS 0x0000000089b00000| PB 0x0000000089b00000| Untracked 
| 120|0x0000000089c00000, 0x0000000089c00000, 0x0000000089d00000|  0%| F|  |TAMS 0x0000000089c00000| PB 0x0000000089c00000| Untracked 
| 121|0x0000000089d00000, 0x0000000089d00000, 0x0000000089e00000|  0%| F|  |TAMS 0x0000000089d00000| PB 0x0000000089d00000| Untracked 
| 122|0x0000000089e00000, 0x0000000089e00000, 0x0000000089f00000|  0%| F|  |TAMS 0x0000000089e00000| PB 0x0000000089e00000| Untracked 
| 123|0x0000000089f00000, 0x0000000089f00000, 0x000000008a000000|  0%| F|  |TAMS 0x0000000089f00000| PB 0x0000000089f00000| Untracked 
| 124|0x000000008a000000, 0x000000008a000000, 0x000000008a100000|  0%| F|  |TAMS 0x000000008a000000| PB 0x000000008a000000| Untracked 
| 125|0x000000008a100000, 0x000000008a100000, 0x000000008a200000|  0%| F|  |TAMS 0x000000008a100000| PB 0x000000008a100000| Untracked 
| 126|0x000000008a200000, 0x000000008a200000, 0x000000008a300000|  0%| F|  |TAMS 0x000000008a200000| PB 0x000000008a200000| Untracked 
| 127|0x000000008a300000, 0x000000008a300000, 0x000000008a400000|  0%| F|  |TAMS 0x000000008a300000| PB 0x000000008a300000| Untracked 
| 128|0x000000008a400000, 0x000000008a400000, 0x000000008a500000|  0%| F|  |TAMS 0x000000008a400000| PB 0x000000008a400000| Untracked 
| 129|0x000000008a500000, 0x000000008a500000, 0x000000008a600000|  0%| F|  |TAMS 0x000000008a500000| PB 0x000000008a500000| Untracked 
| 130|0x000000008a600000, 0x000000008a600000, 0x000000008a700000|  0%| F|  |TAMS 0x000000008a600000| PB 0x000000008a600000| Untracked 
| 131|0x000000008a700000, 0x000000008a700000, 0x000000008a800000|  0%| F|  |TAMS 0x000000008a700000| PB 0x000000008a700000| Untracked 
| 132|0x000000008a800000, 0x000000008a800000, 0x000000008a900000|  0%| F|  |TAMS 0x000000008a800000| PB 0x000000008a800000| Untracked 
| 133|0x000000008a900000, 0x000000008a900000, 0x000000008aa00000|  0%| F|  |TAMS 0x000000008a900000| PB 0x000000008a900000| Untracked 
| 134|0x000000008aa00000, 0x000000008aa00000, 0x000000008ab00000|  0%| F|  |TAMS 0x000000008aa00000| PB 0x000000008aa00000| Untracked 
| 135|0x000000008ab00000, 0x000000008ab00000, 0x000000008ac00000|  0%| F|  |TAMS 0x000000008ab00000| PB 0x000000008ab00000| Untracked 
| 136|0x000000008ac00000, 0x000000008ac00000, 0x000000008ad00000|  0%| F|  |TAMS 0x000000008ac00000| PB 0x000000008ac00000| Untracked 
| 137|0x000000008ad00000, 0x000000008ad00000, 0x000000008ae00000|  0%| F|  |TAMS 0x000000008ad00000| PB 0x000000008ad00000| Untracked 
| 138|0x000000008ae00000, 0x000000008ae00000, 0x000000008af00000|  0%| F|  |TAMS 0x000000008ae00000| PB 0x000000008ae00000| Untracked 
| 139|0x000000008af00000, 0x000000008af00000, 0x000000008b000000|  0%| F|  |TAMS 0x000000008af00000| PB 0x000000008af00000| Untracked 
| 140|0x000000008b000000, 0x000000008b000000, 0x000000008b100000|  0%| F|  |TAMS 0x000000008b000000| PB 0x000000008b000000| Untracked 
| 141|0x000000008b100000, 0x000000008b100000, 0x000000008b200000|  0%| F|  |TAMS 0x000000008b100000| PB 0x000000008b100000| Untracked 

Card table byte_map: [0x000001c179a50000,0x000001c179e40000] _byte_map_base: 0x000001c17963e000

Marking Bits: (CMBitMap*) 0x000001c17759c3c0
 Bits: [0x000001c179e40000, 0x000001c17bdb0000)

Polling page: 0x000001c177610000

Metaspace:

Usage:
  Non-class:     84.56 MB used.
      Class:     13.02 MB used.
       Both:     97.57 MB used.

Virtual space:
  Non-class space:      128.00 MB reserved,      85.00 MB ( 66%) committed,  2 nodes.
      Class space:        1.00 GB reserved,      13.38 MB (  1%) committed,  1 nodes.
             Both:        1.12 GB reserved,      98.38 MB (  9%) committed. 

Chunk freelists:
   Non-Class:  10.14 MB
       Class:  2.45 MB
        Both:  12.59 MB

MaxMetaspaceSize: unlimited
CompressedClassSpaceSize: 1.00 GB
Initial GC threshold: 21.00 MB
Current GC threshold: 163.69 MB
CDS: on
 - commit_granule_bytes: 65536.
 - commit_granule_words: 8192.
 - virtual_space_node_default_size: 8388608.
 - enlarge_chunks_in_place: 1.
 - use_allocation_guard: 0.


Internal statistics:

num_allocs_failed_limit: 9.
num_arena_births: 1148.
num_arena_deaths: 0.
num_vsnodes_births: 3.
num_vsnodes_deaths: 0.
num_space_committed: 1574.
num_space_uncommitted: 0.
num_chunks_returned_to_freelist: 9.
num_chunks_taken_from_freelist: 4833.
num_chunk_merges: 9.
num_chunk_splits: 3529.
num_chunks_enlarged: 2832.
num_inconsistent_stats: 0.

CodeHeap 'non-profiled nmethods': size=120000Kb used=6923Kb max_used=6923Kb free=113077Kb
 bounds [0x000001c10feb0000, 0x000001c110580000, 0x000001c1173e0000]
CodeHeap 'profiled nmethods': size=120000Kb used=17951Kb max_used=18422Kb free=102048Kb
 bounds [0x000001c1083e0000, 0x000001c1095e0000, 0x000001c10f910000]
CodeHeap 'non-nmethods': size=5760Kb used=1779Kb max_used=1947Kb free=3980Kb
 bounds [0x000001c10f910000, 0x000001c10fb80000, 0x000001c10feb0000]
 total_blobs=10563 nmethods=9770 adapters=695
 compilation: enabled
              stopped_count=0, restarted_count=0
 full_count=0

Compilation events (20 events):
Event: 26.992 Thread 0x000001c17e884ff0 nmethod 11951 0x000001c1091ecc90 code [0x000001c1091ecf00, 0x000001c1091ed6f8]
Event: 26.996 Thread 0x000001c17e884ff0 11952   !   3       jdk.proxy2.$Proxy46::annotationType (29 bytes)
Event: 26.996 Thread 0x000001c17e884ff0 nmethod 11952 0x000001c10888c810 code [0x000001c10888c9e0, 0x000001c10888cde0]
Event: 27.101 Thread 0x000001c17e884ff0 11953       3       java.util.concurrent.locks.AbstractQueuedSynchronizer$ConditionObject::signal (34 bytes)
Event: 27.102 Thread 0x000001c17e884ff0 nmethod 11953 0x000001c109091910 code [0x000001c109091ae0, 0x000001c109091e38]
Event: 27.102 Thread 0x000001c17e884ff0 11954       3       java.util.concurrent.ThreadPoolExecutor$Worker::unlock (7 bytes)
Event: 27.102 Thread 0x000001c17e884ff0 nmethod 11954 0x000001c108be9e10 code [0x000001c108be9fe0, 0x000001c108bea250]
Event: 27.140 Thread 0x000001c17e880920 11955       4       java.nio.ByteBuffer::limit (8 bytes)
Event: 27.141 Thread 0x000001c17e880920 nmethod 11955 0x000001c110572890 code [0x000001c110572a20, 0x000001c110572b38]
Event: 27.212 Thread 0x000001c17e884ff0 11956       3       java.util.concurrent.locks.AbstractQueuedSynchronizer$ConditionObject::awaitNanos (207 bytes)
Event: 27.213 Thread 0x000001c17e884ff0 nmethod 11956 0x000001c108974710 code [0x000001c108974a00, 0x000001c108975940]
Event: 27.324 Thread 0x000001c17e884ff0 11957       3       jdk.internal.misc.Unsafe::putIntOpaque (9 bytes)
Event: 27.324 Thread 0x000001c17e884ff0 nmethod 11957 0x000001c108974310 code [0x000001c1089744a0, 0x000001c1089745b8]
Event: 27.324 Thread 0x000001c17e884ff0 11958   !   3       java.util.concurrent.ThreadPoolExecutor::getTask (177 bytes)
Event: 27.325 Thread 0x000001c17e884ff0 nmethod 11958 0x000001c108600410 code [0x000001c1086006c0, 0x000001c108601548]
Event: 27.325 Thread 0x000001c17e884ff0 11959       3       java.util.concurrent.locks.ReentrantLock::lockInterruptibly (8 bytes)
Event: 27.325 Thread 0x000001c17e884ff0 nmethod 11959 0x000001c108898710 code [0x000001c108898920, 0x000001c108898ed0]
Event: 27.437 Thread 0x000001c17e880920 11960       4       org.springframework.orm.jpa.support.PersistenceAnnotationBeanPostProcessor$$Lambda/0x000001c119588218::doWith (17 bytes)
Event: 27.447 Thread 0x000001c17e884ff0 11969   !   3       jdk.proxy2.$Proxy68::annotationType (29 bytes)
Event: 27.447 Thread 0x000001c17e884ff0 nmethod 11969 0x000001c108d03290 code [0x000001c108d03460, 0x000001c108d03860]

GC Heap History (20 events):
Event: 13.515 GC heap after
{Heap after GC invocations=25 (full 0):
 garbage-first heap   total 95232K, used 47367K [0x0000000082400000, 0x0000000100000000)
  region size 1024K, 5 young (5120K), 5 survivors (5120K)
 Metaspace       used 88373K, committed 89024K, reserved 1179648K
  class space    used 11895K, committed 12160K, reserved 1048576K
}
Event: 14.230 GC heap before
{Heap before GC invocations=25 (full 0):
 garbage-first heap   total 95232K, used 83207K [0x0000000082400000, 0x0000000100000000)
  region size 1024K, 40 young (40960K), 5 survivors (5120K)
 Metaspace       used 91539K, committed 92288K, reserved 1179648K
  class space    used 12330K, committed 12672K, reserved 1048576K
}
Event: 14.246 GC heap after
{Heap after GC invocations=26 (full 0):
 garbage-first heap   total 95232K, used 48813K [0x0000000082400000, 0x0000000100000000)
  region size 1024K, 4 young (4096K), 4 survivors (4096K)
 Metaspace       used 91539K, committed 92288K, reserved 1179648K
  class space    used 12330K, committed 12672K, reserved 1048576K
}
Event: 14.795 GC heap before
{Heap before GC invocations=26 (full 0):
 garbage-first heap   total 95232K, used 84653K [0x0000000082400000, 0x0000000100000000)
  region size 1024K, 39 young (39936K), 4 survivors (4096K)
 Metaspace       used 92748K, committed 93504K, reserved 1179648K
  class space    used 12475K, committed 12800K, reserved 1048576K
}
Event: 14.816 GC heap after
{Heap after GC invocations=27 (full 0):
 garbage-first heap   total 114688K, used 52066K [0x0000000082400000, 0x0000000100000000)
  region size 1024K, 5 young (5120K), 5 survivors (5120K)
 Metaspace       used 92748K, committed 93504K, reserved 1179648K
  class space    used 12475K, committed 12800K, reserved 1048576K
}
Event: 15.981 GC heap before
{Heap before GC invocations=28 (full 0):
 garbage-first heap   total 114688K, used 102242K [0x0000000082400000, 0x0000000100000000)
  region size 1024K, 54 young (55296K), 5 survivors (5120K)
 Metaspace       used 95974K, committed 96768K, reserved 1179648K
  class space    used 12913K, committed 13312K, reserved 1048576K
}
Event: 15.999 GC heap after
{Heap after GC invocations=29 (full 0):
 garbage-first heap   total 114688K, used 55204K [0x0000000082400000, 0x0000000100000000)
  region size 1024K, 6 young (6144K), 6 survivors (6144K)
 Metaspace       used 95974K, committed 96768K, reserved 1179648K
  class space    used 12913K, committed 13312K, reserved 1048576K
}
Event: 21.106 GC heap before
{Heap before GC invocations=29 (full 0):
 garbage-first heap   total 114688K, used 101284K [0x0000000082400000, 0x0000000100000000)
  region size 1024K, 51 young (52224K), 6 survivors (6144K)
 Metaspace       used 98789K, committed 99648K, reserved 1179648K
  class space    used 13306K, committed 13696K, reserved 1048576K
}
Event: 21.119 GC heap after
{Heap after GC invocations=30 (full 0):
 garbage-first heap   total 114688K, used 55804K [0x0000000082400000, 0x0000000100000000)
  region size 1024K, 5 young (5120K), 5 survivors (5120K)
 Metaspace       used 98789K, committed 99648K, reserved 1179648K
  class space    used 13306K, committed 13696K, reserved 1048576K
}
Event: 23.997 GC heap before
{Heap before GC invocations=30 (full 0):
 garbage-first heap   total 114688K, used 101884K [0x0000000082400000, 0x0000000100000000)
  region size 1024K, 50 young (51200K), 5 survivors (5120K)
 Metaspace       used 98972K, committed 99840K, reserved 1179648K
  class space    used 13307K, committed 13696K, reserved 1048576K
}
Event: 24.008 GC heap after
{Heap after GC invocations=31 (full 0):
 garbage-first heap   total 114688K, used 60734K [0x0000000082400000, 0x0000000100000000)
  region size 1024K, 7 young (7168K), 7 survivors (7168K)
 Metaspace       used 98972K, committed 99840K, reserved 1179648K
  class space    used 13307K, committed 13696K, reserved 1048576K
}
Event: 24.537 GC heap before
{Heap before GC invocations=32 (full 0):
 garbage-first heap   total 114688K, used 99646K [0x0000000082400000, 0x0000000100000000)
  region size 1024K, 45 young (46080K), 7 survivors (7168K)
 Metaspace       used 99255K, committed 100032K, reserved 1179648K
  class space    used 13308K, committed 13696K, reserved 1048576K
}
Event: 24.549 GC heap after
{Heap after GC invocations=33 (full 0):
 garbage-first heap   total 114688K, used 63488K [0x0000000082400000, 0x0000000100000000)
  region size 1024K, 3 young (3072K), 3 survivors (3072K)
 Metaspace       used 99255K, committed 100032K, reserved 1179648K
  class space    used 13308K, committed 13696K, reserved 1048576K
}
Event: 24.772 GC heap before
{Heap before GC invocations=33 (full 0):
 garbage-first heap   total 114688K, used 104448K [0x0000000082400000, 0x0000000100000000)
  region size 1024K, 43 young (44032K), 3 survivors (3072K)
 Metaspace       used 99591K, committed 100416K, reserved 1179648K
  class space    used 13326K, committed 13696K, reserved 1048576K
}
Event: 24.781 GC heap after
{Heap after GC invocations=34 (full 0):
 garbage-first heap   total 114688K, used 63986K [0x0000000082400000, 0x0000000100000000)
  region size 1024K, 4 young (4096K), 4 survivors (4096K)
 Metaspace       used 99591K, committed 100416K, reserved 1179648K
  class space    used 13326K, committed 13696K, reserved 1048576K
}
Event: 24.903 GC heap before
{Heap before GC invocations=34 (full 0):
 garbage-first heap   total 114688K, used 102898K [0x0000000082400000, 0x0000000100000000)
  region size 1024K, 42 young (43008K), 4 survivors (4096K)
 Metaspace       used 99709K, committed 100480K, reserved 1179648K
  class space    used 13328K, committed 13696K, reserved 1048576K
}
Event: 24.910 GC heap after
{Heap after GC invocations=35 (full 0):
 garbage-first heap   total 114688K, used 64957K [0x0000000082400000, 0x0000000100000000)
  region size 1024K, 3 young (3072K), 3 survivors (3072K)
 Metaspace       used 99709K, committed 100480K, reserved 1179648K
  class space    used 13328K, committed 13696K, reserved 1048576K
}
Event: 25.044 GC heap before
{Heap before GC invocations=36 (full 0):
 garbage-first heap   total 145408K, used 102845K [0x0000000082400000, 0x0000000100000000)
  region size 1024K, 40 young (40960K), 3 survivors (3072K)
 Metaspace       used 99773K, committed 100544K, reserved 1179648K
  class space    used 13329K, committed 13696K, reserved 1048576K
}
Event: 25.049 GC heap after
{Heap after GC invocations=37 (full 0):
 garbage-first heap   total 145408K, used 66029K [0x0000000082400000, 0x0000000100000000)
  region size 1024K, 4 young (4096K), 4 survivors (4096K)
 Metaspace       used 99773K, committed 100544K, reserved 1179648K
  class space    used 13329K, committed 13696K, reserved 1048576K
}
Event: 27.447 GC heap before
{Heap before GC invocations=37 (full 0):
 garbage-first heap   total 145408K, used 132589K [0x0000000082400000, 0x0000000100000000)
  region size 1024K, 69 young (70656K), 4 survivors (4096K)
 Metaspace       used 99915K, committed 100736K, reserved 1179648K
  class space    used 13330K, committed 13696K, reserved 1048576K
}

Dll operation events (11 events):
Event: 0.008 Loaded shared library D:\mailon\Java\jdk-21.0.10\bin\java.dll
Event: 0.035 Loaded shared library D:\mailon\Java\jdk-21.0.10\bin\jsvml.dll
Event: 0.050 Loaded shared library D:\mailon\Java\jdk-21.0.10\bin\net.dll
Event: 0.053 Loaded shared library D:\mailon\Java\jdk-21.0.10\bin\nio.dll
Event: 0.057 Loaded shared library D:\mailon\Java\jdk-21.0.10\bin\zip.dll
Event: 0.129 Loaded shared library D:\mailon\Java\jdk-21.0.10\bin\management.dll
Event: 0.176 Loaded shared library D:\mailon\Java\jdk-21.0.10\bin\management_ext.dll
Event: 0.208 Loaded shared library D:\mailon\Java\jdk-21.0.10\bin\jimage.dll
Event: 3.712 Loaded shared library D:\mailon\Java\jdk-21.0.10\bin\sunmscapi.dll
Event: 8.074 Loaded shared library D:\mailon\Java\jdk-21.0.10\bin\verify.dll
Event: 13.039 Loaded shared library D:\mailon\Java\jdk-21.0.10\bin\extnet.dll

Deoptimization events (20 events):
Event: 25.379 Thread 0x000001c1771f0ef0 Uncommon trap: trap_request=0xffffffde fr.pc=0x000001c110162e1c relative=0x0000000000000ffc
Event: 25.379 Thread 0x000001c1771f0ef0 Uncommon trap: reason=class_check action=maybe_recompile pc=0x000001c110162e1c method=org.springframework.core.annotation.AnnotationUtils.invokeAnnotationMethod(Ljava/lang/reflect/Method;Ljava/lang/Object;)Ljava/lang/Object; @ 25 c2
Event: 25.379 Thread 0x000001c1771f0ef0 DEOPT PACKING pc=0x000001c110162e1c sp=0x0000000fdfffaf30
Event: 25.379 Thread 0x000001c1771f0ef0 DEOPT UNPACKING pc=0x000001c10f9646a2 sp=0x0000000fdfffaf00 mode 2
Event: 25.379 Thread 0x000001c1771f0ef0 Uncommon trap: trap_request=0xffffffde fr.pc=0x000001c110162e1c relative=0x0000000000000ffc
Event: 25.379 Thread 0x000001c1771f0ef0 Uncommon trap: reason=class_check action=maybe_recompile pc=0x000001c110162e1c method=org.springframework.core.annotation.AnnotationUtils.invokeAnnotationMethod(Ljava/lang/reflect/Method;Ljava/lang/Object;)Ljava/lang/Object; @ 25 c2
Event: 25.379 Thread 0x000001c1771f0ef0 DEOPT PACKING pc=0x000001c110162e1c sp=0x0000000fdfffaf30
Event: 25.379 Thread 0x000001c1771f0ef0 DEOPT UNPACKING pc=0x000001c10f9646a2 sp=0x0000000fdfffaf00 mode 2
Event: 25.426 Thread 0x000001c1771f0ef0 Uncommon trap: trap_request=0xffffffbe fr.pc=0x000001c1101f1334 relative=0x00000000000024d4
Event: 25.426 Thread 0x000001c1771f0ef0 Uncommon trap: reason=profile_predicate action=maybe_recompile pc=0x000001c1101f1334 method=org.springframework.core.annotation.TypeMappedAnnotation.asMap(Ljava/util/function/Function;[Lorg/springframework/core/annotation/MergedAnnotation$Adapt;)Ljava/uti
Event: 25.426 Thread 0x000001c1771f0ef0 DEOPT PACKING pc=0x000001c1101f1334 sp=0x0000000fdfffac50
Event: 25.426 Thread 0x000001c1771f0ef0 DEOPT UNPACKING pc=0x000001c10f9646a2 sp=0x0000000fdfffac60 mode 2
Event: 25.439 Thread 0x000001c1771f0ef0 Uncommon trap: trap_request=0xffffffde fr.pc=0x000001c1105406ec relative=0x000000000000010c
Event: 25.439 Thread 0x000001c1771f0ef0 Uncommon trap: reason=class_check action=maybe_recompile pc=0x000001c1105406ec method=org.springframework.core.SerializableTypeWrapper.unwrap(Ljava/lang/reflect/Type;)Ljava/lang/reflect/Type; @ 20 c2
Event: 25.439 Thread 0x000001c1771f0ef0 DEOPT PACKING pc=0x000001c1105406ec sp=0x0000000fdfff9930
Event: 25.439 Thread 0x000001c1771f0ef0 DEOPT UNPACKING pc=0x000001c10f9646a2 sp=0x0000000fdfff98b8 mode 2
Event: 25.439 Thread 0x000001c1771f0ef0 Uncommon trap: trap_request=0xffffffde fr.pc=0x000001c1105406ec relative=0x000000000000010c
Event: 25.439 Thread 0x000001c1771f0ef0 Uncommon trap: reason=class_check action=maybe_recompile pc=0x000001c1105406ec method=org.springframework.core.SerializableTypeWrapper.unwrap(Ljava/lang/reflect/Type;)Ljava/lang/reflect/Type; @ 20 c2
Event: 25.439 Thread 0x000001c1771f0ef0 DEOPT PACKING pc=0x000001c1105406ec sp=0x0000000fdfff9790
Event: 25.439 Thread 0x000001c1771f0ef0 DEOPT UNPACKING pc=0x000001c10f9646a2 sp=0x0000000fdfff9718 mode 2

Classes loaded (20 events):
Event: 16.400 Loading class java/lang/ProcessImpl$2
Event: 16.400 Loading class java/lang/ProcessImpl$2 done
Event: 16.400 Loading class java/lang/Process$PipeInputStream
Event: 16.400 Loading class java/lang/Process$PipeInputStream done
Event: 16.402 Loading class jdk/internal/event/ProcessStartEvent
Event: 16.402 Loading class jdk/internal/event/ProcessStartEvent done
Event: 20.664 Loading class java/lang/Class$Holder
Event: 20.664 Loading class java/lang/Class$Holder done
Event: 20.664 Loading class java/security/AllPermissionCollection
Event: 20.664 Loading class java/security/AllPermissionCollection done
Event: 20.678 Loading class java/util/concurrent/ConcurrentHashMap$EntrySpliterator
Event: 20.699 Loading class java/util/concurrent/ConcurrentHashMap$EntrySpliterator done
Event: 20.717 Loading class java/lang/Throwable$WrappedPrintWriter
Event: 20.717 Loading class java/lang/Throwable$PrintStreamOrWriter
Event: 20.717 Loading class java/lang/Throwable$PrintStreamOrWriter done
Event: 20.717 Loading class java/lang/Throwable$WrappedPrintWriter done
Event: 20.857 Loading class java/util/AbstractList$RandomAccessSubList
Event: 20.858 Loading class java/util/AbstractList$RandomAccessSubList done
Event: 20.860 Loading class java/util/AbstractList$SubList$1
Event: 20.860 Loading class java/util/AbstractList$SubList$1 done

Classes unloaded (0 events):
No events

Classes redefined (0 events):
No events

Internal exceptions (20 events):
Event: 24.183 Thread 0x000001c1771f0ef0 Exception <a 'java/lang/NoClassDefFoundError'{0x0000000088491b28}: org/quartz/Scheduler> (0x0000000088491b28) 
thrown [s\open\src\hotspot\share\oops\constantPool.cpp, line 873]
Event: 24.183 Thread 0x000001c1771f0ef0 Exception <a 'java/lang/NoClassDefFoundError'{0x0000000088492c68}: org/springframework/session/jdbc/JdbcIndexedSessionRepository> (0x0000000088492c68) 
thrown [s\open\src\hotspot\share\oops\constantPool.cpp, line 873]
Event: 24.191 Thread 0x000001c1771f0ef0 Implicit null exception at 0x000001c10ffe888f to 0x000001c10ffead74
Event: 24.207 Thread 0x000001c1771f0ef0 Exception <a 'java/lang/ArrayIndexOutOfBoundsException'{0x00000000882b9d80}> (0x00000000882b9d80) 
thrown [s\open\src\hotspot\share\runtime\sharedRuntime.cpp, line 625]
Event: 24.207 Thread 0x000001c1771f0ef0 Exception <a 'java/lang/ArrayIndexOutOfBoundsException'{0x00000000882bab68}> (0x00000000882bab68) 
thrown [s\open\src\hotspot\share\runtime\sharedRuntime.cpp, line 625]
Event: 24.208 Thread 0x000001c1771f0ef0 Exception <a 'java/lang/ArrayIndexOutOfBoundsException'{0x00000000882c12e0}> (0x00000000882c12e0) 
thrown [s\open\src\hotspot\share\runtime\sharedRuntime.cpp, line 625]
Event: 24.208 Thread 0x000001c1771f0ef0 Exception <a 'java/lang/ArrayIndexOutOfBoundsException'{0x00000000882c2378}> (0x00000000882c2378) 
thrown [s\open\src\hotspot\share\runtime\sharedRuntime.cpp, line 625]
Event: 24.208 Thread 0x000001c1771f0ef0 Exception <a 'java/lang/ArrayIndexOutOfBoundsException'{0x00000000882c4150}> (0x00000000882c4150) 
thrown [s\open\src\hotspot\share\runtime\sharedRuntime.cpp, line 625]
Event: 24.208 Thread 0x000001c1771f0ef0 Exception <a 'java/lang/ArrayIndexOutOfBoundsException'{0x00000000882c51e8}> (0x00000000882c51e8) 
thrown [s\open\src\hotspot\share\runtime\sharedRuntime.cpp, line 625]
Event: 24.208 Thread 0x000001c1771f0ef0 Exception <a 'java/lang/ArrayIndexOutOfBoundsException'{0x00000000882cb890}> (0x00000000882cb890) 
thrown [s\open\src\hotspot\share\runtime\sharedRuntime.cpp, line 625]
Event: 24.208 Thread 0x000001c1771f0ef0 Exception <a 'java/lang/ArrayIndexOutOfBoundsException'{0x00000000882cc678}> (0x00000000882cc678) 
thrown [s\open\src\hotspot\share\runtime\sharedRuntime.cpp, line 625]
Event: 24.208 Thread 0x000001c1771f0ef0 Exception <a 'java/lang/ArrayIndexOutOfBoundsException'{0x00000000882d2df0}> (0x00000000882d2df0) 
thrown [s\open\src\hotspot\share\runtime\sharedRuntime.cpp, line 625]
Event: 24.208 Thread 0x000001c1771f0ef0 Exception <a 'java/lang/ArrayIndexOutOfBoundsException'{0x00000000882d3e88}> (0x00000000882d3e88) 
thrown [s\open\src\hotspot\share\runtime\sharedRuntime.cpp, line 625]
Event: 24.208 Thread 0x000001c1771f0ef0 Exception <a 'java/lang/ArrayIndexOutOfBoundsException'{0x00000000882d5c60}> (0x00000000882d5c60) 
thrown [s\open\src\hotspot\share\runtime\sharedRuntime.cpp, line 625]
Event: 24.209 Thread 0x000001c1771f0ef0 Exception <a 'java/lang/ArrayIndexOutOfBoundsException'{0x00000000882d6cf8}> (0x00000000882d6cf8) 
thrown [s\open\src\hotspot\share\runtime\sharedRuntime.cpp, line 625]
Event: 24.209 Thread 0x000001c1771f0ef0 Exception <a 'java/lang/ArrayIndexOutOfBoundsException'{0x00000000882dda60}> (0x00000000882dda60) 
thrown [s\open\src\hotspot\share\runtime\sharedRuntime.cpp, line 625]
Event: 24.209 Thread 0x000001c1771f0ef0 Exception <a 'java/lang/ArrayIndexOutOfBoundsException'{0x00000000882de848}> (0x00000000882de848) 
thrown [s\open\src\hotspot\share\runtime\sharedRuntime.cpp, line 625]
Event: 24.212 Thread 0x000001c1771f0ef0 Exception <a 'java/lang/ArrayIndexOutOfBoundsException'{0x0000000088115d38}> (0x0000000088115d38) 
thrown [s\open\src\hotspot\share\runtime\sharedRuntime.cpp, line 625]
Event: 24.212 Thread 0x000001c1771f0ef0 Exception <a 'java/lang/ArrayIndexOutOfBoundsException'{0x0000000088116b20}> (0x0000000088116b20) 
thrown [s\open\src\hotspot\share\runtime\sharedRuntime.cpp, line 625]
Event: 24.428 Thread 0x000001c1771f0ef0 Implicit null exception at 0x000001c1100bd347 to 0x000001c1100bd72c

ZGC Phase Switch (0 events):
No events

VM Operations (20 events):
Event: 24.102 Executing VM operation: G1PauseCleanup done
Event: 24.516 Executing VM operation: ICBufferFull
Event: 24.516 Executing VM operation: ICBufferFull done
Event: 24.537 Executing VM operation: G1CollectForAllocation (G1 Evacuation Pause)
Event: 24.549 Executing VM operation: G1CollectForAllocation (G1 Evacuation Pause) done
Event: 24.663 Executing VM operation: ICBufferFull
Event: 24.663 Executing VM operation: ICBufferFull done
Event: 24.772 Executing VM operation: G1CollectForAllocation (G1 Evacuation Pause)
Event: 24.781 Executing VM operation: G1CollectForAllocation (G1 Evacuation Pause) done
Event: 24.903 Executing VM operation: G1CollectForAllocation (G1 Evacuation Pause)
Event: 24.910 Executing VM operation: G1CollectForAllocation (G1 Evacuation Pause) done
Event: 24.978 Executing VM operation: G1PauseRemark
Event: 24.989 Executing VM operation: G1PauseRemark done
Event: 25.030 Executing VM operation: G1PauseCleanup
Event: 25.030 Executing VM operation: G1PauseCleanup done
Event: 25.044 Executing VM operation: G1CollectForAllocation (G1 Evacuation Pause)
Event: 25.049 Executing VM operation: G1CollectForAllocation (G1 Evacuation Pause) done
Event: 27.054 Executing VM operation: Cleanup
Event: 27.054 Executing VM operation: Cleanup done
Event: 27.447 Executing VM operation: G1CollectForAllocation (G1 Evacuation Pause)

Events (20 events):
Event: 24.988 Thread 0x000001c17e841cd0 flushing nmethod 0x000001c1090eb910
Event: 24.988 Thread 0x000001c17e841cd0 flushing nmethod 0x000001c109113790
Event: 24.988 Thread 0x000001c17e841cd0 flushing nmethod 0x000001c10911bc90
Event: 24.988 Thread 0x000001c17e841cd0 flushing nmethod 0x000001c10912b090
Event: 24.988 Thread 0x000001c17e841cd0 flushing nmethod 0x000001c109133910
Event: 24.988 Thread 0x000001c17e841cd0 flushing nmethod 0x000001c109172e90
Event: 24.988 Thread 0x000001c17e841cd0 flushing nmethod 0x000001c1091bd790
Event: 24.988 Thread 0x000001c17e841cd0 flushing nmethod 0x000001c1091d4010
Event: 24.988 Thread 0x000001c17e841cd0 flushing nmethod 0x000001c1091d4390
Event: 24.988 Thread 0x000001c17e841cd0 flushing nmethod 0x000001c1091f8f90
Event: 24.988 Thread 0x000001c17e841cd0 flushing nmethod 0x000001c109212890
Event: 24.988 Thread 0x000001c17e841cd0 flushing nmethod 0x000001c10922cf10
Event: 24.988 Thread 0x000001c17e841cd0 flushing nmethod 0x000001c10922e210
Event: 24.988 Thread 0x000001c17e841cd0 flushing nmethod 0x000001c109236590
Event: 24.988 Thread 0x000001c17e841cd0 flushing nmethod 0x000001c1092bfb90
Event: 24.988 Thread 0x000001c17e841cd0 flushing nmethod 0x000001c1092fca90
Event: 25.174 Thread 0x000001c15efaba10 Thread added: 0x000001c15efaba10
Event: 25.676 Thread 0x000001c15edcacf0 Thread exited: 0x000001c15edcacf0
Event: 25.676 Thread 0x000001c15edc9f50 Thread exited: 0x000001c15edc9f50
Event: 27.447 Thread 0x000001c15edccf00 Thread added: 0x000001c15edccf00


Dynamic libraries:
0x00007ff75e160000 - 0x00007ff75e170000 	D:\mailon\Java\jdk-21.0.10\bin\java.exe
0x00007ffe20340000 - 0x00007ffe205a7000 	C:\WINDOWS\SYSTEM32\ntdll.dll
0x00007ffe1f710000 - 0x00007ffe1f7d9000 	C:\WINDOWS\System32\KERNEL32.DLL
0x00007ffe1ce40000 - 0x00007ffe1d234000 	C:\WINDOWS\System32\KERNELBASE.dll
0x00007ffe1df80000 - 0x00007ffe1e0cb000 	C:\WINDOWS\System32\ucrtbase.dll
0x00007ffe175d0000 - 0x00007ffe175e9000 	D:\mailon\Java\jdk-21.0.10\bin\jli.dll
0x00007ffe175b0000 - 0x00007ffe175ce000 	D:\mailon\Java\jdk-21.0.10\bin\VCRUNTIME140.dll
0x00007ffe20240000 - 0x00007ffe202f6000 	C:\WINDOWS\System32\ADVAPI32.dll
0x00007ffe1f540000 - 0x00007ffe1f5e9000 	C:\WINDOWS\System32\msvcrt.dll
0x00007ffe1f7e0000 - 0x00007ffe1f887000 	C:\WINDOWS\System32\sechost.dll
0x00007ffe1f5f0000 - 0x00007ffe1f708000 	C:\WINDOWS\System32\RPCRT4.dll
0x00007ffe1ee10000 - 0x00007ffe1efd5000 	C:\WINDOWS\System32\USER32.dll
0x00007ffe1ce10000 - 0x00007ffe1ce37000 	C:\WINDOWS\System32\win32u.dll
0x00007ffe1f890000 - 0x00007ffe1f8bb000 	C:\WINDOWS\System32\GDI32.dll
0x00007ffe0c8f0000 - 0x00007ffe0cb83000 	C:\WINDOWS\WinSxS\amd64_microsoft.windows.common-controls_6595b64144ccf1df_6.0.26100.8115_none_3e075c82e3354f9c\COMCTL32.dll
0x00007ffe1dab0000 - 0x00007ffe1dbdb000 	C:\WINDOWS\System32\gdi32full.dll
0x00007ffe1ded0000 - 0x00007ffe1df73000 	C:\WINDOWS\System32\msvcp_win.dll
0x00007ffe16170000 - 0x00007ffe1617b000 	C:\WINDOWS\SYSTEM32\VERSION.dll
0x00007ffe1e170000 - 0x00007ffe1e1a2000 	C:\WINDOWS\System32\IMM32.DLL
0x00007ffe17510000 - 0x00007ffe1751c000 	D:\mailon\Java\jdk-21.0.10\bin\vcruntime140_1.dll
0x00007ffe02390000 - 0x00007ffe0241d000 	D:\mailon\Java\jdk-21.0.10\bin\msvcp140.dll
0x00007ffd68fa0000 - 0x00007ffd69cc7000 	D:\mailon\Java\jdk-21.0.10\bin\server\jvm.dll
0x00007ffe201b0000 - 0x00007ffe20230000 	C:\WINDOWS\System32\WS2_32.dll
0x00007ffe1ca90000 - 0x00007ffe1caee000 	C:\WINDOWS\SYSTEM32\POWRPROF.dll
0x00007ffdfca90000 - 0x00007ffdfcac6000 	C:\WINDOWS\SYSTEM32\WINMM.dll
0x00007ffe1ca70000 - 0x00007ffe1ca84000 	C:\WINDOWS\SYSTEM32\UMPDC.dll
0x00007ffe1b970000 - 0x00007ffe1b98b000 	C:\WINDOWS\SYSTEM32\kernel.appcore.dll
0x00007ffe17500000 - 0x00007ffe1750a000 	D:\mailon\Java\jdk-21.0.10\bin\jimage.dll
0x00007ffe0d0b0000 - 0x00007ffe0d2f2000 	C:\WINDOWS\SYSTEM32\DBGHELP.DLL
0x00007ffe1e7e0000 - 0x00007ffe1eb62000 	C:\WINDOWS\System32\combase.dll
0x00007ffe1f0d0000 - 0x00007ffe1f1a8000 	C:\WINDOWS\System32\OLEAUT32.dll
0x00007ffe033e0000 - 0x00007ffe0341b000 	C:\WINDOWS\SYSTEM32\dbgcore.DLL
0x00007ffe1dd60000 - 0x00007ffe1de05000 	C:\WINDOWS\System32\bcryptPrimitives.dll
0x00007ffe10450000 - 0x00007ffe10471000 	D:\mailon\Java\jdk-21.0.10\bin\java.dll
0x00007ffe1fa40000 - 0x00007ffe201a7000 	C:\WINDOWS\System32\SHELL32.dll
0x00007ffe1cc10000 - 0x00007ffe1cd7a000 	C:\WINDOWS\System32\wintypes.dll
0x00007ffe1d240000 - 0x00007ffe1daa8000 	C:\WINDOWS\System32\windows.storage.dll
0x00007ffe1f220000 - 0x00007ffe1f318000 	C:\WINDOWS\System32\SHCORE.dll
0x00007ffe1f9d0000 - 0x00007ffe1fa36000 	C:\WINDOWS\System32\shlwapi.dll
0x00007ffe1cb30000 - 0x00007ffe1cb59000 	C:\WINDOWS\SYSTEM32\profapi.dll
0x00007ffe00160000 - 0x00007ffe00237000 	D:\mailon\Java\jdk-21.0.10\bin\jsvml.dll
0x00007ffe10380000 - 0x00007ffe10391000 	D:\mailon\Java\jdk-21.0.10\bin\net.dll
0x00007ffe15b50000 - 0x00007ffe15c7d000 	C:\WINDOWS\SYSTEM32\WINHTTP.dll
0x00007ffe1bed0000 - 0x00007ffe1bf3c000 	C:\WINDOWS\system32\mswsock.dll
0x00007ffe0e890000 - 0x00007ffe0e8a6000 	D:\mailon\Java\jdk-21.0.10\bin\nio.dll
0x00007ffe0e870000 - 0x00007ffe0e888000 	D:\mailon\Java\jdk-21.0.10\bin\zip.dll
0x00007ffe174f0000 - 0x00007ffe174fa000 	D:\mailon\Java\jdk-21.0.10\bin\management.dll
0x00007ffe174b0000 - 0x00007ffe174bc000 	D:\mailon\Java\jdk-21.0.10\bin\management_ext.dll
0x00007ffe1e0d0000 - 0x00007ffe1e0d8000 	C:\WINDOWS\System32\PSAPI.DLL
0x00007ffe0bed0000 - 0x00007ffe0bede000 	D:\mailon\Java\jdk-21.0.10\bin\sunmscapi.dll
0x00007ffe1dbe0000 - 0x00007ffe1dd57000 	C:\WINDOWS\System32\CRYPT32.dll
0x00007ffe1c410000 - 0x00007ffe1c440000 	C:\WINDOWS\SYSTEM32\ncrypt.dll
0x00007ffe1c3c0000 - 0x00007ffe1c3ff000 	C:\WINDOWS\SYSTEM32\NTASN1.dll
0x00007ffe1c200000 - 0x00007ffe1c21b000 	C:\WINDOWS\SYSTEM32\CRYPTSP.dll
0x00007ffe1b8c0000 - 0x00007ffe1b8f9000 	C:\WINDOWS\system32\rsaenh.dll
0x00007ffe1bfa0000 - 0x00007ffe1bfd3000 	C:\WINDOWS\SYSTEM32\USERENV.dll
0x00007ffe1cb00000 - 0x00007ffe1cb2a000 	C:\WINDOWS\SYSTEM32\bcrypt.dll
0x00007ffe1c1f0000 - 0x00007ffe1c1fc000 	C:\WINDOWS\SYSTEM32\CRYPTBASE.dll
0x00007ffe1b340000 - 0x00007ffe1b372000 	C:\WINDOWS\SYSTEM32\IPHLPAPI.DLL
0x00007ffe1f8c0000 - 0x00007ffe1f8ca000 	C:\WINDOWS\System32\NSI.dll
0x00007ffe17490000 - 0x00007ffe174a0000 	D:\mailon\Java\jdk-21.0.10\bin\verify.dll
0x00007ffe01b50000 - 0x00007ffe01b68000 	C:\WINDOWS\system32\napinsp.dll
0x00007ffe1b3d0000 - 0x00007ffe1b502000 	C:\WINDOWS\SYSTEM32\DNSAPI.dll
0x00007ffe01b00000 - 0x00007ffe01b13000 	C:\WINDOWS\System32\winrnr.dll
0x00007ffe01ad0000 - 0x00007ffe01af2000 	C:\WINDOWS\system32\nlansp_c.dll
0x00007ffe01ab0000 - 0x00007ffe01ac6000 	C:\WINDOWS\system32\wshbth.dll
0x00007ffe0fba0000 - 0x00007ffe0fbab000 	C:\Windows\System32\rasadhlp.dll
0x00007ffe144a0000 - 0x00007ffe14526000 	C:\WINDOWS\System32\fwpuclnt.dll
0x00007ffe15d30000 - 0x00007ffe15d4d000 	C:\WINDOWS\SYSTEM32\dhcpcsvc6.DLL
0x00007ffe15cc0000 - 0x00007ffe15ce5000 	C:\WINDOWS\SYSTEM32\dhcpcsvc.DLL
0x00007ffda2cd0000 - 0x00007ffda2cd8000 	C:\WINDOWS\system32\wshunix.dll
0x00007ffe0bec0000 - 0x00007ffe0bec9000 	D:\mailon\Java\jdk-21.0.10\bin\extnet.dll

dbghelp: loaded successfully - version: 4.0.5 - missing functions: none
symbol engine: initialized successfully - sym options: 0x614 - pdb path: .;D:\mailon\Java\jdk-21.0.10\bin;C:\WINDOWS\SYSTEM32;C:\WINDOWS\WinSxS\amd64_microsoft.windows.common-controls_6595b64144ccf1df_6.0.26100.8115_none_3e075c82e3354f9c;D:\mailon\Java\jdk-21.0.10\bin\server

VM Arguments:
java_command: C:\Users\Usuario\AppData\Local\Temp\surefire17723236830986516385\surefirebooter-20260423040910662_3.jar C:\Users\Usuario\AppData\Local\Temp\surefire17723236830986516385 2026-04-23T04-09-10_367-jvmRun1 surefire-20260423040910662_1tmp surefire_0-20260423040910662_2tmp
java_class_path (initial): C:\Users\Usuario\AppData\Local\Temp\surefire17723236830986516385\surefirebooter-20260423040910662_3.jar
Launcher Type: SUN_STANDARD

[Global flags]
     intx CICompilerCount                          = 4                                         {product} {ergonomic}
     uint ConcGCThreads                            = 2                                         {product} {ergonomic}
     uint G1ConcRefinementThreads                  = 8                                         {product} {ergonomic}
   size_t G1HeapRegionSize                         = 1048576                                   {product} {ergonomic}
    uintx GCDrainStackTargetSize                   = 64                                        {product} {ergonomic}
   size_t InitialHeapSize                          = 132120576                                 {product} {ergonomic}
   size_t MarkStackSize                            = 4194304                                   {product} {ergonomic}
   size_t MaxHeapSize                              = 2109734912                                {product} {ergonomic}
   size_t MaxNewSize                               = 1265631232                                {product} {ergonomic}
   size_t MinHeapDeltaBytes                        = 1048576                                   {product} {ergonomic}
   size_t MinHeapSize                              = 8388608                                   {product} {ergonomic}
    uintx NonNMethodCodeHeapSize                   = 5839372                                {pd product} {ergonomic}
    uintx NonProfiledCodeHeapSize                  = 122909434                              {pd product} {ergonomic}
    uintx ProfiledCodeHeapSize                     = 122909434                              {pd product} {ergonomic}
    uintx ReservedCodeCacheSize                    = 251658240                              {pd product} {ergonomic}
     bool SegmentedCodeCache                       = true                                      {product} {ergonomic}
   size_t SoftMaxHeapSize                          = 2109734912                             {manageable} {ergonomic}
     bool UseCompressedOops                        = true                           {product lp64_product} {ergonomic}
     bool UseG1GC                                  = true                                      {product} {ergonomic}
     bool UseLargePagesIndividualAllocation        = false                                  {pd product} {ergonomic}

Logging:
Log output configuration:
 #0: stdout all=warning uptime,level,tags foldmultilines=false
 #1: stderr all=off uptime,level,tags foldmultilines=false

Environment Variables:
JAVA_HOME=D:/mailon/Java/jdk-21.0.10
PATH=D:\Program Files\Git\mingw64\bin;D:\Program Files\Git\usr\bin;C:\Users\Usuario\bin;C:\Program Files\Common Files\Oracle\Java\javapath;C:\WINDOWS\system32;C:\WINDOWS;C:\WINDOWS\System32\Wbem;C:\WINDOWS\System32\WindowsPowerShell\v1.0;C:\WINDOWS\System32\OpenSSH;D:\Program Files\nodejs;D:\mailon\Usuario\Desktop\apache-maven-3.9.14-bin (1)\apache-maven-3.9.14\bin;D:\Program Files\Git\cmd;C:\Users\Usuario\AppData\Local\Programs\Trae\bin;D:\mailon\Usuario\Downloads\ffmpeg-8.0.1-essentials_build\ffmpeg-8.0.1-essentials_build\bin;D:\mailon\Usuario\Desktop\apache-maven-3.9.14-bin (1)\apache-maven-3.9.14\bin;C:\Users\Usuario\AppData\Roaming\npm
USERNAME=Usuario
TERM=xterm-256color
OS=Windows_NT
PROCESSOR_IDENTIFIER=Intel64 Family 6 Model 142 Stepping 12, GenuineIntel
TMP=C:\Users\Usuario\AppData\Local\Temp
TEMP=C:\Users\Usuario\AppData\Local\Temp




Periodic native trim disabled

---------------  S Y S T E M  ---------------

OS:
 Windows 11 , 64 bit Build 26100 (10.0.26100.8246)
OS uptime: 4 days 18:20 hours
Hyper-V role detected

CPU: total 8 (initial active 8) (4 cores per cpu, 2 threads per core) family 6 model 142 stepping 12 microcode 0xde, cx8, cmov, fxsr, ht, mmx, 3dnowpref, sse, sse2, sse3, ssse3, sse4.1, sse4.2, popcnt, lzcnt, tsc, tscinvbit, avx, avx2, aes, erms, clmul, bmi1, bmi2, adx, fma, vzeroupper, clflush, clflushopt, hv, rdtscp, f16c
Processor Information for all 8 processors :
  Max Mhz: 1800, Current Mhz: 1600, Mhz Limit: 1584

Memory: 4k page, system-wide physical 8040M (823M free)
TotalPageFile size 32616M (AvailPageFile size 112M)
current process WorkingSet (physical memory assigned to process): 401M, peak: 429M
current process commit charge ("private bytes"): 441M, peak: 580M

vm_info: Java HotSpot(TM) 64-Bit Server VM (21.0.10+8-LTS-217) for windows-amd64 JRE (21.0.10+8-LTS-217), built on 2025-12-18T14:59:28Z by "mach5run" with MS VC++ 17.13 (VS2022)

END.
