#
# There is insufficient memory for the Java Runtime Environment to continue.
# Native memory allocation (mmap) failed to map 65536 bytes for Failed to commit metaspace.
# Possible reasons:
#   The system is out of physical RAM or swap space
#   The process is running with CompressedOops enabled, and the Java Heap may be blocking the growth of the native heap
# Possible solutions:
#   Reduce memory load on the system
#   Increase physical memory or swap space
#   Check if swap backing store is full
#   Decrease Java heap size (-Xmx/-Xms)
#   Decrease number of Java threads
#   Decrease Java thread stack sizes (-Xss)
#   Set larger code cache with -XX:ReservedCodeCacheSize=
#   JVM is running with Unscaled Compressed Oops mode in which the Java heap is
#     placed in the first 4GB address space. The Java Heap base address is the
#     maximum limit for the native heap growth. Please use -XX:HeapBaseMinAddress
#     to set the Java Heap base and to place the Java Heap above 4GB virtual address.
# This output file may be truncated or incomplete.
#
#  Out of Memory Error (virtualSpaceNode.cpp:112), pid=28976, tid=23264
#
# JRE version: Java(TM) SE Runtime Environment (21.0.10+8) (build 21.0.10+8-LTS-217)
# Java VM: Java HotSpot(TM) 64-Bit Server VM (21.0.10+8-LTS-217, mixed mode, sharing, tiered, compressed oops, compressed class ptrs, g1 gc, windows-amd64)
# No core dump will be written. Minidumps are not enabled by default on client versions of Windows
#

---------------  S U M M A R Y ------------

Command Line: C:\Users\Usuario\AppData\Local\Temp\surefire15362846276076192075\surefirebooter-20260423045825980_3.jar C:\Users\Usuario\AppData\Local\Temp\surefire15362846276076192075 2026-04-23T04-58-25_712-jvmRun1 surefire-20260423045825980_1tmp surefire_0-20260423045825980_2tmp

Host: Intel(R) Core(TM) i5-8265U CPU @ 1.60GHz, 8 cores, 7G,  Windows 11 , 64 bit Build 26100 (10.0.26100.8246)
Time: Thu Apr 23 04:58:30 2026 Hora oficial do Brasil elapsed time: 3.760127 seconds (0d 0h 0m 3s)

---------------  T H R E A D  ---------------

Current thread (0x00000214a4291b60):  JavaThread "C1 CompilerThread0" daemon [_thread_in_vm, id=23264, stack(0x000000e6e1200000,0x000000e6e1300000) (1024K)]


Current CompileTask:
C1:   3760 2328       3       org.yaml.snakeyaml.scanner.ScannerImpl::stalePossibleSimpleKeys (118 bytes)

Stack: [0x000000e6e1200000,0x000000e6e1300000]
Native frames: (J=compiled Java code, j=interpreted, Vv=VM code, C=native code)
V  [jvm.dll+0x6d0b59]
V  [jvm.dll+0x85fd56]
V  [jvm.dll+0x86224e]
V  [jvm.dll+0x862923]
V  [jvm.dll+0x282a16]
V  [jvm.dll+0x85bade]
V  [jvm.dll+0x674a44]
V  [jvm.dll+0x1e7c48]
V  [jvm.dll+0x1e7a0e]
V  [jvm.dll+0x67736f]
V  [jvm.dll+0x6771a2]
V  [jvm.dll+0x67541e]
V  [jvm.dll+0x68679a]
V  [jvm.dll+0x67f952]
V  [jvm.dll+0x1f5920]
V  [jvm.dll+0x1f5b08]
V  [jvm.dll+0x168af1]
V  [jvm.dll+0x168936]
V  [jvm.dll+0x160506]
V  [jvm.dll+0x16279d]
V  [jvm.dll+0x160da6]
V  [jvm.dll+0x15abc7]
V  [jvm.dll+0x16a568]
V  [jvm.dll+0x1560d5]
V  [jvm.dll+0x156463]
V  [jvm.dll+0x15672c]
V  [jvm.dll+0x155b4c]
V  [jvm.dll+0x15792d]
V  [jvm.dll+0x25a629]
V  [jvm.dll+0x258bb5]
V  [jvm.dll+0x3f4da1]
V  [jvm.dll+0x80a83d]
V  [jvm.dll+0x6cf3fd]
C  [ucrtbase.dll+0x37b0]
C  [KERNEL32.DLL+0x2e8d7]
C  [ntdll.dll+0x8c3fc]


---------------  P R O C E S S  ---------------

Threads class SMR info:
_java_thread_list=0x00000214ea6bb8c0, length=14, elements={
0x000002148565e460, 0x00000214a4275fe0, 0x00000214a427aa60, 0x00000214a427c4d0,
0x00000214a427d7a0, 0x00000214a4280790, 0x00000214a4284610, 0x00000214a428efd0,
0x00000214a4291b60, 0x00000214a458d1b0, 0x00000214a458ee10, 0x00000214a4a6da90,
0x00000214a4a083a0, 0x00000214a4292900
}

Java Threads: ( => current thread )
  0x000002148565e460 JavaThread "main"                              [_thread_in_vm, id=4900, stack(0x000000e6e0300000,0x000000e6e0400000) (1024K)]
  0x00000214a4275fe0 JavaThread "Reference Handler"          daemon [_thread_blocked, id=27620, stack(0x000000e6e0b00000,0x000000e6e0c00000) (1024K)]
  0x00000214a427aa60 JavaThread "Finalizer"                  daemon [_thread_blocked, id=27252, stack(0x000000e6e0c00000,0x000000e6e0d00000) (1024K)]
  0x00000214a427c4d0 JavaThread "Signal Dispatcher"          daemon [_thread_blocked, id=7276, stack(0x000000e6e0d00000,0x000000e6e0e00000) (1024K)]
  0x00000214a427d7a0 JavaThread "Attach Listener"            daemon [_thread_blocked, id=29328, stack(0x000000e6e0e00000,0x000000e6e0f00000) (1024K)]
  0x00000214a4280790 JavaThread "Service Thread"             daemon [_thread_blocked, id=21616, stack(0x000000e6e0f00000,0x000000e6e1000000) (1024K)]
  0x00000214a4284610 JavaThread "Monitor Deflation Thread"   daemon [_thread_blocked, id=23148, stack(0x000000e6e1000000,0x000000e6e1100000) (1024K)]
  0x00000214a428efd0 JavaThread "C2 CompilerThread0"         daemon [_thread_blocked, id=21488, stack(0x000000e6e1100000,0x000000e6e1200000) (1024K)]
=>0x00000214a4291b60 JavaThread "C1 CompilerThread0"         daemon [_thread_in_vm, id=23264, stack(0x000000e6e1200000,0x000000e6e1300000) (1024K)]
  0x00000214a458d1b0 JavaThread "Notification Thread"        daemon [_thread_blocked, id=21568, stack(0x000000e6e1300000,0x000000e6e1400000) (1024K)]
  0x00000214a458ee10 JavaThread "Common-Cleaner"             daemon [_thread_blocked, id=27164, stack(0x000000e6e1400000,0x000000e6e1500000) (1024K)]
  0x00000214a4a6da90 JavaThread "surefire-forkedjvm-stream-flusher" daemon [_thread_blocked, id=26956, stack(0x000000e6e1600000,0x000000e6e1700000) (1024K)]
  0x00000214a4a083a0 JavaThread "surefire-forkedjvm-command-thread" daemon [_thread_in_native, id=12064, stack(0x000000e6e1700000,0x000000e6e1800000) (1024K)]
  0x00000214a4292900 JavaThread "C2 CompilerThread1"         daemon [_thread_blocked, id=15048, stack(0x000000e6e1500000,0x000000e6e1600000) (1024K)]
Total: 14

Other Threads:
  0x00000214a4257a30 VMThread "VM Thread"                           [id=28392, stack(0x000000e6e0a00000,0x000000e6e0b00000) (1024K)] _threads_hazard_ptr=0x00000214ea6bb8c0
  0x00000214a4243720 WatcherThread "VM Periodic Task Thread"        [id=24812, stack(0x000000e6e0900000,0x000000e6e0a00000) (1024K)]
  0x0000021485bbae40 WorkerThread "GC Thread#0"                     [id=30504, stack(0x000000e6e0400000,0x000000e6e0500000) (1024K)]
  0x00000214ea56aff0 WorkerThread "GC Thread#1"                     [id=16800, stack(0x000000e6e1800000,0x000000e6e1900000) (1024K)]
  0x00000214ea56b3a0 WorkerThread "GC Thread#2"                     [id=23940, stack(0x000000e6e1900000,0x000000e6e1a00000) (1024K)]
  0x00000214ea60ffa0 WorkerThread "GC Thread#3"                     [id=29076, stack(0x000000e6e1a00000,0x000000e6e1b00000) (1024K)]
  0x00000214ea610350 WorkerThread "GC Thread#4"                     [id=23268, stack(0x000000e6e1b00000,0x000000e6e1c00000) (1024K)]
  0x00000214ea612710 WorkerThread "GC Thread#5"                     [id=15676, stack(0x000000e6e1c00000,0x000000e6e1d00000) (1024K)]
  0x00000214ea612ac0 WorkerThread "GC Thread#6"                     [id=16732, stack(0x000000e6e1d00000,0x000000e6e1e00000) (1024K)]
  0x00000214ea896240 WorkerThread "GC Thread#7"                     [id=7700, stack(0x000000e6e1e00000,0x000000e6e1f00000) (1024K)]
  0x0000021485bcb8c0 ConcurrentGCThread "G1 Main Marker"            [id=20876, stack(0x000000e6e0500000,0x000000e6e0600000) (1024K)]
  0x0000021485bcd970 WorkerThread "G1 Conc#0"                       [id=25952, stack(0x000000e6e0600000,0x000000e6e0700000) (1024K)]
  0x00000214a4110150 ConcurrentGCThread "G1 Refine#0"               [id=8300, stack(0x000000e6e0700000,0x000000e6e0800000) (1024K)]
  0x00000214a4110a80 ConcurrentGCThread "G1 Service"                [id=19572, stack(0x000000e6e0800000,0x000000e6e0900000) (1024K)]
Total: 14

Threads with active compile tasks:
C1 CompilerThread0     3898 2328       3       org.yaml.snakeyaml.scanner.ScannerImpl::stalePossibleSimpleKeys (118 bytes)
Total: 1

VM state: synchronizing (normal execution)

VM Mutex/Monitor currently owned by a thread:  ([mutex/lock_event])
[0x00007ffd69be7f10] Metaspace_lock - owner thread: 0x00000214a4291b60
[0x00007ffd69be9f10] Threads_lock - owner thread: 0x00000214a4257a30

Heap address: 0x0000000082400000, size: 2012 MB, Compressed Oops mode: 32-bit

CDS archive(s) mapped at: [0x00000214a5000000-0x00000214a5c90000-0x00000214a5c90000), size 13172736, SharedBaseAddress: 0x00000214a5000000, ArchiveRelocationMode: 1.
Compressed class space mapped at: 0x00000214a6000000-0x00000214e6000000, reserved size: 1073741824
Narrow klass base: 0x00000214a5000000, Narrow klass shift: 0, Narrow klass range: 0x100000000

GC Precious Log:
 CardTable entry size: 512
 Card Set container configuration: InlinePtr #cards 5 size 8 Array Of Cards #cards 12 size 40 Howl #buckets 4 coarsen threshold 1843 Howl Bitmap #cards 512 size 80 coarsen threshold 460 Card regions per heap region 1 cards per card region 2048
 CPUs: 8 total, 8 available
 Memory: 8040M
 Large Page Support: Disabled
 NUMA Support: Disabled
 Compressed Oops: Enabled (32-bit)
 Heap Region Size: 1M
 Heap Min Capacity: 8M
 Heap Initial Capacity: 126M
 Heap Max Capacity: 2012M
 Pre-touch: Disabled
 Parallel Workers: 8
 Concurrent Workers: 2
 Concurrent Refinement Workers: 8
 Periodic GC: Disabled

Heap:
 garbage-first heap   total 129024K, used 30225K [0x0000000082400000, 0x0000000100000000)
  region size 1024K, 20 young (20480K), 2 survivors (2048K)
 Metaspace       used 14424K, committed 14720K, reserved 1114112K
  class space    used 1828K, committed 1984K, reserved 1048576K

Heap Regions: E=young(eden), S=young(survivor), O=old, HS=humongous(starts), HC=humongous(continues), CS=collection set, F=free, TAMS=top-at-mark-start, PB=parsable bottom
|   0|0x0000000082400000, 0x0000000082500000, 0x0000000082500000|100%|HS|  |TAMS 0x0000000082400000| PB 0x0000000082400000| Complete 
|   1|0x0000000082500000, 0x0000000082600000, 0x0000000082600000|100%| O|  |TAMS 0x0000000082500000| PB 0x0000000082500000| Untracked 
|   2|0x0000000082600000, 0x0000000082700000, 0x0000000082700000|100%| O|  |TAMS 0x0000000082600000| PB 0x0000000082600000| Untracked 
|   3|0x0000000082700000, 0x0000000082800000, 0x0000000082800000|100%| O|  |TAMS 0x0000000082700000| PB 0x0000000082700000| Untracked 
|   4|0x0000000082800000, 0x0000000082900000, 0x0000000082900000|100%| O|  |TAMS 0x0000000082800000| PB 0x0000000082800000| Untracked 
|   5|0x0000000082900000, 0x0000000082a00000, 0x0000000082a00000|100%| O|  |TAMS 0x0000000082900000| PB 0x0000000082900000| Untracked 
|   6|0x0000000082a00000, 0x0000000082b00000, 0x0000000082b00000|100%| O|  |TAMS 0x0000000082a00000| PB 0x0000000082a00000| Untracked 
|   7|0x0000000082b00000, 0x0000000082c00000, 0x0000000082c00000|100%| O|  |TAMS 0x0000000082b00000| PB 0x0000000082b00000| Untracked 
|   8|0x0000000082c00000, 0x0000000082d00000, 0x0000000082d00000|100%| O|  |TAMS 0x0000000082c00000| PB 0x0000000082c00000| Untracked 
|   9|0x0000000082d00000, 0x0000000082e00000, 0x0000000082e00000|100%| O|  |TAMS 0x0000000082d00000| PB 0x0000000082d00000| Untracked 
|  10|0x0000000082e00000, 0x0000000082e84560, 0x0000000082f00000| 51%| O|  |TAMS 0x0000000082e00000| PB 0x0000000082e00000| Untracked 
|  11|0x0000000082f00000, 0x0000000082f00000, 0x0000000083000000|  0%| F|  |TAMS 0x0000000082f00000| PB 0x0000000082f00000| Untracked 
|  12|0x0000000083000000, 0x0000000083000000, 0x0000000083100000|  0%| F|  |TAMS 0x0000000083000000| PB 0x0000000083000000| Untracked 
|  13|0x0000000083100000, 0x0000000083100000, 0x0000000083200000|  0%| F|  |TAMS 0x0000000083100000| PB 0x0000000083100000| Untracked 
|  14|0x0000000083200000, 0x0000000083200000, 0x0000000083300000|  0%| F|  |TAMS 0x0000000083200000| PB 0x0000000083200000| Untracked 
|  15|0x0000000083300000, 0x0000000083300000, 0x0000000083400000|  0%| F|  |TAMS 0x0000000083300000| PB 0x0000000083300000| Untracked 
|  16|0x0000000083400000, 0x0000000083400000, 0x0000000083500000|  0%| F|  |TAMS 0x0000000083400000| PB 0x0000000083400000| Untracked 
|  17|0x0000000083500000, 0x0000000083500000, 0x0000000083600000|  0%| F|  |TAMS 0x0000000083500000| PB 0x0000000083500000| Untracked 
|  18|0x0000000083600000, 0x0000000083600000, 0x0000000083700000|  0%| F|  |TAMS 0x0000000083600000| PB 0x0000000083600000| Untracked 
|  19|0x0000000083700000, 0x0000000083700000, 0x0000000083800000|  0%| F|  |TAMS 0x0000000083700000| PB 0x0000000083700000| Untracked 
|  20|0x0000000083800000, 0x0000000083800000, 0x0000000083900000|  0%| F|  |TAMS 0x0000000083800000| PB 0x0000000083800000| Untracked 
|  21|0x0000000083900000, 0x0000000083900000, 0x0000000083a00000|  0%| F|  |TAMS 0x0000000083900000| PB 0x0000000083900000| Untracked 
|  22|0x0000000083a00000, 0x0000000083a00000, 0x0000000083b00000|  0%| F|  |TAMS 0x0000000083a00000| PB 0x0000000083a00000| Untracked 
|  23|0x0000000083b00000, 0x0000000083b00000, 0x0000000083c00000|  0%| F|  |TAMS 0x0000000083b00000| PB 0x0000000083b00000| Untracked 
|  24|0x0000000083c00000, 0x0000000083c00000, 0x0000000083d00000|  0%| F|  |TAMS 0x0000000083c00000| PB 0x0000000083c00000| Untracked 
|  25|0x0000000083d00000, 0x0000000083d00000, 0x0000000083e00000|  0%| F|  |TAMS 0x0000000083d00000| PB 0x0000000083d00000| Untracked 
|  26|0x0000000083e00000, 0x0000000083e00000, 0x0000000083f00000|  0%| F|  |TAMS 0x0000000083e00000| PB 0x0000000083e00000| Untracked 
|  27|0x0000000083f00000, 0x0000000083f00000, 0x0000000084000000|  0%| F|  |TAMS 0x0000000083f00000| PB 0x0000000083f00000| Untracked 
|  28|0x0000000084000000, 0x0000000084000000, 0x0000000084100000|  0%| F|  |TAMS 0x0000000084000000| PB 0x0000000084000000| Untracked 
|  29|0x0000000084100000, 0x0000000084100000, 0x0000000084200000|  0%| F|  |TAMS 0x0000000084100000| PB 0x0000000084100000| Untracked 
|  30|0x0000000084200000, 0x0000000084200000, 0x0000000084300000|  0%| F|  |TAMS 0x0000000084200000| PB 0x0000000084200000| Untracked 
|  31|0x0000000084300000, 0x0000000084300000, 0x0000000084400000|  0%| F|  |TAMS 0x0000000084300000| PB 0x0000000084300000| Untracked 
|  32|0x0000000084400000, 0x0000000084400000, 0x0000000084500000|  0%| F|  |TAMS 0x0000000084400000| PB 0x0000000084400000| Untracked 
|  33|0x0000000084500000, 0x0000000084500000, 0x0000000084600000|  0%| F|  |TAMS 0x0000000084500000| PB 0x0000000084500000| Untracked 
|  34|0x0000000084600000, 0x0000000084600000, 0x0000000084700000|  0%| F|  |TAMS 0x0000000084600000| PB 0x0000000084600000| Untracked 
|  35|0x0000000084700000, 0x0000000084700000, 0x0000000084800000|  0%| F|  |TAMS 0x0000000084700000| PB 0x0000000084700000| Untracked 
|  36|0x0000000084800000, 0x0000000084800000, 0x0000000084900000|  0%| F|  |TAMS 0x0000000084800000| PB 0x0000000084800000| Untracked 
|  37|0x0000000084900000, 0x0000000084900000, 0x0000000084a00000|  0%| F|  |TAMS 0x0000000084900000| PB 0x0000000084900000| Untracked 
|  38|0x0000000084a00000, 0x0000000084a00000, 0x0000000084b00000|  0%| F|  |TAMS 0x0000000084a00000| PB 0x0000000084a00000| Untracked 
|  39|0x0000000084b00000, 0x0000000084b00000, 0x0000000084c00000|  0%| F|  |TAMS 0x0000000084b00000| PB 0x0000000084b00000| Untracked 
|  40|0x0000000084c00000, 0x0000000084c00000, 0x0000000084d00000|  0%| F|  |TAMS 0x0000000084c00000| PB 0x0000000084c00000| Untracked 
|  41|0x0000000084d00000, 0x0000000084d00000, 0x0000000084e00000|  0%| F|  |TAMS 0x0000000084d00000| PB 0x0000000084d00000| Untracked 
|  42|0x0000000084e00000, 0x0000000084e00000, 0x0000000084f00000|  0%| F|  |TAMS 0x0000000084e00000| PB 0x0000000084e00000| Untracked 
|  43|0x0000000084f00000, 0x0000000084f00000, 0x0000000085000000|  0%| F|  |TAMS 0x0000000084f00000| PB 0x0000000084f00000| Untracked 
|  44|0x0000000085000000, 0x0000000085000000, 0x0000000085100000|  0%| F|  |TAMS 0x0000000085000000| PB 0x0000000085000000| Untracked 
|  45|0x0000000085100000, 0x0000000085100000, 0x0000000085200000|  0%| F|  |TAMS 0x0000000085100000| PB 0x0000000085100000| Untracked 
|  46|0x0000000085200000, 0x0000000085200000, 0x0000000085300000|  0%| F|  |TAMS 0x0000000085200000| PB 0x0000000085200000| Untracked 
|  47|0x0000000085300000, 0x0000000085300000, 0x0000000085400000|  0%| F|  |TAMS 0x0000000085300000| PB 0x0000000085300000| Untracked 
|  48|0x0000000085400000, 0x0000000085400000, 0x0000000085500000|  0%| F|  |TAMS 0x0000000085400000| PB 0x0000000085400000| Untracked 
|  49|0x0000000085500000, 0x0000000085500000, 0x0000000085600000|  0%| F|  |TAMS 0x0000000085500000| PB 0x0000000085500000| Untracked 
|  50|0x0000000085600000, 0x0000000085600000, 0x0000000085700000|  0%| F|  |TAMS 0x0000000085600000| PB 0x0000000085600000| Untracked 
|  51|0x0000000085700000, 0x0000000085700000, 0x0000000085800000|  0%| F|  |TAMS 0x0000000085700000| PB 0x0000000085700000| Untracked 
|  52|0x0000000085800000, 0x0000000085800000, 0x0000000085900000|  0%| F|  |TAMS 0x0000000085800000| PB 0x0000000085800000| Untracked 
|  53|0x0000000085900000, 0x0000000085900000, 0x0000000085a00000|  0%| F|  |TAMS 0x0000000085900000| PB 0x0000000085900000| Untracked 
|  54|0x0000000085a00000, 0x0000000085a00000, 0x0000000085b00000|  0%| F|  |TAMS 0x0000000085a00000| PB 0x0000000085a00000| Untracked 
|  55|0x0000000085b00000, 0x0000000085b00000, 0x0000000085c00000|  0%| F|  |TAMS 0x0000000085b00000| PB 0x0000000085b00000| Untracked 
|  56|0x0000000085c00000, 0x0000000085c00000, 0x0000000085d00000|  0%| F|  |TAMS 0x0000000085c00000| PB 0x0000000085c00000| Untracked 
|  57|0x0000000085d00000, 0x0000000085d00000, 0x0000000085e00000|  0%| F|  |TAMS 0x0000000085d00000| PB 0x0000000085d00000| Untracked 
|  58|0x0000000085e00000, 0x0000000085e00000, 0x0000000085f00000|  0%| F|  |TAMS 0x0000000085e00000| PB 0x0000000085e00000| Untracked 
|  59|0x0000000085f00000, 0x0000000085f00000, 0x0000000086000000|  0%| F|  |TAMS 0x0000000085f00000| PB 0x0000000085f00000| Untracked 
|  60|0x0000000086000000, 0x0000000086000000, 0x0000000086100000|  0%| F|  |TAMS 0x0000000086000000| PB 0x0000000086000000| Untracked 
|  61|0x0000000086100000, 0x0000000086100000, 0x0000000086200000|  0%| F|  |TAMS 0x0000000086100000| PB 0x0000000086100000| Untracked 
|  62|0x0000000086200000, 0x0000000086200000, 0x0000000086300000|  0%| F|  |TAMS 0x0000000086200000| PB 0x0000000086200000| Untracked 
|  63|0x0000000086300000, 0x0000000086300000, 0x0000000086400000|  0%| F|  |TAMS 0x0000000086300000| PB 0x0000000086300000| Untracked 
|  64|0x0000000086400000, 0x0000000086400000, 0x0000000086500000|  0%| F|  |TAMS 0x0000000086400000| PB 0x0000000086400000| Untracked 
|  65|0x0000000086500000, 0x0000000086500000, 0x0000000086600000|  0%| F|  |TAMS 0x0000000086500000| PB 0x0000000086500000| Untracked 
|  66|0x0000000086600000, 0x0000000086600000, 0x0000000086700000|  0%| F|  |TAMS 0x0000000086600000| PB 0x0000000086600000| Untracked 
|  67|0x0000000086700000, 0x0000000086700000, 0x0000000086800000|  0%| F|  |TAMS 0x0000000086700000| PB 0x0000000086700000| Untracked 
|  68|0x0000000086800000, 0x0000000086800000, 0x0000000086900000|  0%| F|  |TAMS 0x0000000086800000| PB 0x0000000086800000| Untracked 
|  69|0x0000000086900000, 0x0000000086900000, 0x0000000086a00000|  0%| F|  |TAMS 0x0000000086900000| PB 0x0000000086900000| Untracked 
|  70|0x0000000086a00000, 0x0000000086a00000, 0x0000000086b00000|  0%| F|  |TAMS 0x0000000086a00000| PB 0x0000000086a00000| Untracked 
|  71|0x0000000086b00000, 0x0000000086b00000, 0x0000000086c00000|  0%| F|  |TAMS 0x0000000086b00000| PB 0x0000000086b00000| Untracked 
|  72|0x0000000086c00000, 0x0000000086c00000, 0x0000000086d00000|  0%| F|  |TAMS 0x0000000086c00000| PB 0x0000000086c00000| Untracked 
|  73|0x0000000086d00000, 0x0000000086d00000, 0x0000000086e00000|  0%| F|  |TAMS 0x0000000086d00000| PB 0x0000000086d00000| Untracked 
|  74|0x0000000086e00000, 0x0000000086e00000, 0x0000000086f00000|  0%| F|  |TAMS 0x0000000086e00000| PB 0x0000000086e00000| Untracked 
|  75|0x0000000086f00000, 0x0000000086f00000, 0x0000000087000000|  0%| F|  |TAMS 0x0000000086f00000| PB 0x0000000086f00000| Untracked 
|  76|0x0000000087000000, 0x0000000087000000, 0x0000000087100000|  0%| F|  |TAMS 0x0000000087000000| PB 0x0000000087000000| Untracked 
|  77|0x0000000087100000, 0x0000000087100000, 0x0000000087200000|  0%| F|  |TAMS 0x0000000087100000| PB 0x0000000087100000| Untracked 
|  78|0x0000000087200000, 0x0000000087200000, 0x0000000087300000|  0%| F|  |TAMS 0x0000000087200000| PB 0x0000000087200000| Untracked 
|  79|0x0000000087300000, 0x0000000087300000, 0x0000000087400000|  0%| F|  |TAMS 0x0000000087300000| PB 0x0000000087300000| Untracked 
|  80|0x0000000087400000, 0x0000000087400000, 0x0000000087500000|  0%| F|  |TAMS 0x0000000087400000| PB 0x0000000087400000| Untracked 
|  81|0x0000000087500000, 0x0000000087500000, 0x0000000087600000|  0%| F|  |TAMS 0x0000000087500000| PB 0x0000000087500000| Untracked 
|  82|0x0000000087600000, 0x0000000087600000, 0x0000000087700000|  0%| F|  |TAMS 0x0000000087600000| PB 0x0000000087600000| Untracked 
|  83|0x0000000087700000, 0x0000000087700000, 0x0000000087800000|  0%| F|  |TAMS 0x0000000087700000| PB 0x0000000087700000| Untracked 
|  84|0x0000000087800000, 0x0000000087800000, 0x0000000087900000|  0%| F|  |TAMS 0x0000000087800000| PB 0x0000000087800000| Untracked 
|  85|0x0000000087900000, 0x0000000087900000, 0x0000000087a00000|  0%| F|  |TAMS 0x0000000087900000| PB 0x0000000087900000| Untracked 
|  86|0x0000000087a00000, 0x0000000087a00000, 0x0000000087b00000|  0%| F|  |TAMS 0x0000000087a00000| PB 0x0000000087a00000| Untracked 
|  87|0x0000000087b00000, 0x0000000087b00000, 0x0000000087c00000|  0%| F|  |TAMS 0x0000000087b00000| PB 0x0000000087b00000| Untracked 
|  88|0x0000000087c00000, 0x0000000087c00000, 0x0000000087d00000|  0%| F|  |TAMS 0x0000000087c00000| PB 0x0000000087c00000| Untracked 
|  89|0x0000000087d00000, 0x0000000087d00000, 0x0000000087e00000|  0%| F|  |TAMS 0x0000000087d00000| PB 0x0000000087d00000| Untracked 
|  90|0x0000000087e00000, 0x0000000087e00000, 0x0000000087f00000|  0%| F|  |TAMS 0x0000000087e00000| PB 0x0000000087e00000| Untracked 
|  91|0x0000000087f00000, 0x0000000087f00000, 0x0000000088000000|  0%| F|  |TAMS 0x0000000087f00000| PB 0x0000000087f00000| Untracked 
|  92|0x0000000088000000, 0x0000000088000000, 0x0000000088100000|  0%| F|  |TAMS 0x0000000088000000| PB 0x0000000088000000| Untracked 
|  93|0x0000000088100000, 0x0000000088100000, 0x0000000088200000|  0%| F|  |TAMS 0x0000000088100000| PB 0x0000000088100000| Untracked 
|  94|0x0000000088200000, 0x0000000088200000, 0x0000000088300000|  0%| F|  |TAMS 0x0000000088200000| PB 0x0000000088200000| Untracked 
|  95|0x0000000088300000, 0x0000000088300000, 0x0000000088400000|  0%| F|  |TAMS 0x0000000088300000| PB 0x0000000088300000| Untracked 
|  96|0x0000000088400000, 0x0000000088400000, 0x0000000088500000|  0%| F|  |TAMS 0x0000000088400000| PB 0x0000000088400000| Untracked 
|  97|0x0000000088500000, 0x0000000088500000, 0x0000000088600000|  0%| F|  |TAMS 0x0000000088500000| PB 0x0000000088500000| Untracked 
|  98|0x0000000088600000, 0x0000000088700000, 0x0000000088700000|100%| S|CS|TAMS 0x0000000088600000| PB 0x0000000088600000| Complete 
|  99|0x0000000088700000, 0x0000000088800000, 0x0000000088800000|100%| S|CS|TAMS 0x0000000088700000| PB 0x0000000088700000| Complete 
| 100|0x0000000088800000, 0x0000000088800000, 0x0000000088900000|  0%| F|  |TAMS 0x0000000088800000| PB 0x0000000088800000| Untracked 
| 101|0x0000000088900000, 0x0000000088900000, 0x0000000088a00000|  0%| F|  |TAMS 0x0000000088900000| PB 0x0000000088900000| Untracked 
| 102|0x0000000088a00000, 0x0000000088a00000, 0x0000000088b00000|  0%| F|  |TAMS 0x0000000088a00000| PB 0x0000000088a00000| Untracked 
| 103|0x0000000088b00000, 0x0000000088b00000, 0x0000000088c00000|  0%| F|  |TAMS 0x0000000088b00000| PB 0x0000000088b00000| Untracked 
| 104|0x0000000088c00000, 0x0000000088c00000, 0x0000000088d00000|  0%| F|  |TAMS 0x0000000088c00000| PB 0x0000000088c00000| Untracked 
| 105|0x0000000088d00000, 0x0000000088d00000, 0x0000000088e00000|  0%| F|  |TAMS 0x0000000088d00000| PB 0x0000000088d00000| Untracked 
| 106|0x0000000088e00000, 0x0000000088e00000, 0x0000000088f00000|  0%| F|  |TAMS 0x0000000088e00000| PB 0x0000000088e00000| Untracked 
| 107|0x0000000088f00000, 0x0000000088f00000, 0x0000000089000000|  0%| F|  |TAMS 0x0000000088f00000| PB 0x0000000088f00000| Untracked 
| 108|0x0000000089000000, 0x00000000890ef038, 0x0000000089100000| 93%| E|  |TAMS 0x0000000089000000| PB 0x0000000089000000| Complete 
| 109|0x0000000089100000, 0x0000000089200000, 0x0000000089200000|100%| E|CS|TAMS 0x0000000089100000| PB 0x0000000089100000| Complete 
| 110|0x0000000089200000, 0x0000000089300000, 0x0000000089300000|100%| E|CS|TAMS 0x0000000089200000| PB 0x0000000089200000| Complete 
| 111|0x0000000089300000, 0x0000000089400000, 0x0000000089400000|100%| E|CS|TAMS 0x0000000089300000| PB 0x0000000089300000| Complete 
| 112|0x0000000089400000, 0x0000000089500000, 0x0000000089500000|100%| E|CS|TAMS 0x0000000089400000| PB 0x0000000089400000| Complete 
| 113|0x0000000089500000, 0x0000000089600000, 0x0000000089600000|100%| E|CS|TAMS 0x0000000089500000| PB 0x0000000089500000| Complete 
| 114|0x0000000089600000, 0x0000000089700000, 0x0000000089700000|100%| E|CS|TAMS 0x0000000089600000| PB 0x0000000089600000| Complete 
| 115|0x0000000089700000, 0x0000000089800000, 0x0000000089800000|100%| E|CS|TAMS 0x0000000089700000| PB 0x0000000089700000| Complete 
| 116|0x0000000089800000, 0x0000000089900000, 0x0000000089900000|100%| E|CS|TAMS 0x0000000089800000| PB 0x0000000089800000| Complete 
| 117|0x0000000089900000, 0x0000000089a00000, 0x0000000089a00000|100%| E|CS|TAMS 0x0000000089900000| PB 0x0000000089900000| Complete 
| 118|0x0000000089a00000, 0x0000000089b00000, 0x0000000089b00000|100%| E|CS|TAMS 0x0000000089a00000| PB 0x0000000089a00000| Complete 
| 119|0x0000000089b00000, 0x0000000089c00000, 0x0000000089c00000|100%| E|CS|TAMS 0x0000000089b00000| PB 0x0000000089b00000| Complete 
| 120|0x0000000089c00000, 0x0000000089d00000, 0x0000000089d00000|100%| E|CS|TAMS 0x0000000089c00000| PB 0x0000000089c00000| Complete 
| 121|0x0000000089d00000, 0x0000000089e00000, 0x0000000089e00000|100%| E|CS|TAMS 0x0000000089d00000| PB 0x0000000089d00000| Complete 
| 122|0x0000000089e00000, 0x0000000089f00000, 0x0000000089f00000|100%| E|CS|TAMS 0x0000000089e00000| PB 0x0000000089e00000| Complete 
| 123|0x0000000089f00000, 0x000000008a000000, 0x000000008a000000|100%| E|CS|TAMS 0x0000000089f00000| PB 0x0000000089f00000| Complete 
| 124|0x000000008a000000, 0x000000008a100000, 0x000000008a100000|100%| E|CS|TAMS 0x000000008a000000| PB 0x000000008a000000| Complete 
| 125|0x000000008a100000, 0x000000008a200000, 0x000000008a200000|100%| E|CS|TAMS 0x000000008a100000| PB 0x000000008a100000| Complete 

Card table byte_map: [0x000002149f460000,0x000002149f850000] _byte_map_base: 0x000002149f04e000

Marking Bits: (CMBitMap*) 0x0000021485bbb460
 Bits: [0x000002149f850000, 0x00000214a17c0000)

Polling page: 0x0000021485c30000

Metaspace:

Usage:
  Non-class:     12.30 MB used.
      Class:      1.79 MB used.
       Both:     14.09 MB used.

Virtual space:
  Non-class space:       64.00 MB reserved,      12.44 MB ( 19%) committed,  1 nodes.
      Class space:        1.00 GB reserved,       1.94 MB ( <1%) committed,  1 nodes.
             Both:        1.06 GB reserved,      14.38 MB (  1%) committed. 

Chunk freelists:
   Non-Class:  2.92 MB
       Class:  13.92 MB
        Both:  16.84 MB

MaxMetaspaceSize: unlimited
CompressedClassSpaceSize: 1.00 GB
Initial GC threshold: 21.00 MB
Current GC threshold: 21.00 MB
CDS: on
 - commit_granule_bytes: 65536.
 - commit_granule_words: 8192.
 - virtual_space_node_default_size: 8388608.
 - enlarge_chunks_in_place: 1.
 - use_allocation_guard: 0.


Internal statistics:

num_allocs_failed_limit: 0.
num_arena_births: 280.
num_arena_deaths: 0.
num_vsnodes_births: 2.
num_vsnodes_deaths: 0.
num_space_committed: 230.
num_space_uncommitted: 0.
num_chunks_returned_to_freelist: 0.
num_chunks_taken_from_freelist: 819.
num_chunk_merges: 0.
num_chunk_splits: 485.
num_chunks_enlarged: 304.
num_inconsistent_stats: 0.

CodeHeap 'non-profiled nmethods': size=120000Kb used=980Kb max_used=980Kb free=119019Kb
 bounds [0x00000214970e0000, 0x0000021497350000, 0x000002149e610000]
CodeHeap 'profiled nmethods': size=120000Kb used=4417Kb max_used=4417Kb free=115582Kb
 bounds [0x000002148f610000, 0x000002148fa70000, 0x0000021496b40000]
CodeHeap 'non-nmethods': size=5760Kb used=1414Kb max_used=1486Kb free=4345Kb
 bounds [0x0000021496b40000, 0x0000021496db0000, 0x00000214970e0000]
 total_blobs=2831 nmethods=2326 adapters=409
 compilation: enabled
              stopped_count=0, restarted_count=0
 full_count=0

Compilation events (20 events):
Event: 2.561 Thread 0x00000214a4292900 nmethod 2317 0x00000214971d4790 code [0x00000214971d49a0, 0x00000214971d4db8]
Event: 2.570 Thread 0x00000214a4291b60 2318       3       java.lang.Character::codePointAt (8 bytes)
Event: 2.570 Thread 0x00000214a4291b60 nmethod 2318 0x000002148fa5d210 code [0x000002148fa5d3c0, 0x000002148fa5d4e0]
Event: 2.570 Thread 0x00000214a4291b60 2320       3       org.yaml.snakeyaml.reader.StreamReader::isPrintable (80 bytes)
Event: 2.571 Thread 0x00000214a4291b60 nmethod 2320 0x000002148fa5d590 code [0x000002148fa5d740, 0x000002148fa5dae0]
Event: 2.571 Thread 0x00000214a4291b60 2319       3       java.lang.Character::codePointAtImpl (41 bytes)
Event: 2.571 Thread 0x00000214a4291b60 nmethod 2319 0x000002148fa5db90 code [0x000002148fa5dd60, 0x000002148fa5e1a8]
Event: 2.575 Thread 0x00000214a4291b60 2321       3       org.yaml.snakeyaml.reader.StreamReader::ensureEnoughData (43 bytes)
Event: 2.576 Thread 0x00000214a4291b60 nmethod 2321 0x000002148fa5e390 code [0x000002148fa5e540, 0x000002148fa5e768]
Event: 2.576 Thread 0x00000214a4291b60 2322       3       org.yaml.snakeyaml.reader.StreamReader::peek (24 bytes)
Event: 2.576 Thread 0x00000214a4291b60 nmethod 2322 0x000002148fa5e810 code [0x000002148fa5e9c0, 0x000002148fa5ebc0]
Event: 2.576 Thread 0x00000214a4291b60 2323       3       org.yaml.snakeyaml.scanner.Constant::has (41 bytes)
Event: 2.576 Thread 0x00000214a4291b60 nmethod 2323 0x000002148fa5ed10 code [0x000002148fa5eee0, 0x000002148fa5f198]
Event: 2.576 Thread 0x00000214a4291b60 2324       3       org.yaml.snakeyaml.reader.StreamReader::ensureEnoughData (6 bytes)
Event: 2.576 Thread 0x00000214a4291b60 nmethod 2324 0x000002148fa5f310 code [0x000002148fa5f4c0, 0x000002148fa5f600]
Event: 2.576 Thread 0x00000214a4291b60 2325       3       org.yaml.snakeyaml.scanner.ScannerImpl::nextPossibleSimpleKey (40 bytes)
Event: 2.577 Thread 0x00000214a4291b60 nmethod 2325 0x000002148fa5f690 code [0x000002148fa5f8a0, 0x000002148fa5fe48]
Event: 2.577 Thread 0x00000214a4291b60 2326       3       org.yaml.snakeyaml.reader.StreamReader::peek (21 bytes)
Event: 2.577 Thread 0x00000214a4291b60 nmethod 2326 0x000002148fa60010 code [0x000002148fa601e0, 0x000002148fa60438]
Event: 2.577 Thread 0x00000214a4291b60 2328       3       org.yaml.snakeyaml.scanner.ScannerImpl::stalePossibleSimpleKeys (118 bytes)

GC Heap History (4 events):
Event: 0.880 GC heap before
{Heap before GC invocations=0 (full 0):
 garbage-first heap   total 129024K, used 23552K [0x0000000082400000, 0x0000000100000000)
  region size 1024K, 23 young (23552K), 0 survivors (0K)
 Metaspace       used 3985K, committed 4096K, reserved 1114112K
  class space    used 429K, committed 448K, reserved 1048576K
}
Event: 0.888 GC heap after
{Heap after GC invocations=1 (full 0):
 garbage-first heap   total 129024K, used 10581K [0x0000000082400000, 0x0000000100000000)
  region size 1024K, 3 young (3072K), 3 survivors (3072K)
 Metaspace       used 3985K, committed 4096K, reserved 1114112K
  class space    used 429K, committed 448K, reserved 1048576K
}
Event: 1.930 GC heap before
{Heap before GC invocations=1 (full 0):
 garbage-first heap   total 129024K, used 34133K [0x0000000082400000, 0x0000000100000000)
  region size 1024K, 26 young (26624K), 3 survivors (3072K)
 Metaspace       used 10062K, committed 10304K, reserved 1114112K
  class space    used 1186K, committed 1344K, reserved 1048576K
}
Event: 1.936 GC heap after
{Heap after GC invocations=2 (full 0):
 garbage-first heap   total 129024K, used 12817K [0x0000000082400000, 0x0000000100000000)
  region size 1024K, 2 young (2048K), 2 survivors (2048K)
 Metaspace       used 10062K, committed 10304K, reserved 1114112K
  class space    used 1186K, committed 1344K, reserved 1048576K
}

Dll operation events (8 events):
Event: 0.006 Loaded shared library D:\mailon\Java\jdk-21.0.10\bin\java.dll
Event: 0.059 Loaded shared library D:\mailon\Java\jdk-21.0.10\bin\jsvml.dll
Event: 0.088 Loaded shared library D:\mailon\Java\jdk-21.0.10\bin\net.dll
Event: 0.101 Loaded shared library D:\mailon\Java\jdk-21.0.10\bin\nio.dll
Event: 0.107 Loaded shared library D:\mailon\Java\jdk-21.0.10\bin\zip.dll
Event: 0.175 Loaded shared library D:\mailon\Java\jdk-21.0.10\bin\management.dll
Event: 0.211 Loaded shared library D:\mailon\Java\jdk-21.0.10\bin\management_ext.dll
Event: 0.254 Loaded shared library D:\mailon\Java\jdk-21.0.10\bin\jimage.dll

Deoptimization events (20 events):
Event: 2.496 Thread 0x000002148565e460 Uncommon trap: trap_request=0xffffff45 fr.pc=0x00000214971276c0 relative=0x0000000000000a20
Event: 2.496 Thread 0x000002148565e460 Uncommon trap: reason=unstable_if action=reinterpret pc=0x00000214971276c0 method=java.util.jar.JarFile.getEntry(Ljava/lang/String;)Ljava/util/zip/ZipEntry; @ 15 c2
Event: 2.496 Thread 0x000002148565e460 DEOPT PACKING pc=0x00000214971276c0 sp=0x000000e6e03fa210
Event: 2.496 Thread 0x000002148565e460 DEOPT UNPACKING pc=0x0000021496b946a2 sp=0x000000e6e03fa148 mode 2
Event: 2.571 Thread 0x000002148565e460 Uncommon trap: trap_request=0xffffff45 fr.pc=0x0000021497148780 relative=0x0000000000000540
Event: 2.571 Thread 0x000002148565e460 Uncommon trap: reason=unstable_if action=reinterpret pc=0x0000021497148780 method=java.lang.String.<init>(Ljava/lang/AbstractStringBuilder;Ljava/lang/Void;)V @ 19 c2
Event: 2.571 Thread 0x000002148565e460 DEOPT PACKING pc=0x0000021497148780 sp=0x000000e6e03faad0
Event: 2.571 Thread 0x000002148565e460 DEOPT UNPACKING pc=0x0000021496b946a2 sp=0x000000e6e03fa9d0 mode 2
Event: 2.571 Thread 0x000002148565e460 Uncommon trap: trap_request=0xffffff45 fr.pc=0x00000214971309dc relative=0x00000000000004fc
Event: 2.571 Thread 0x000002148565e460 Uncommon trap: reason=unstable_if action=reinterpret pc=0x00000214971309dc method=java.lang.String.<init>(Ljava/lang/AbstractStringBuilder;Ljava/lang/Void;)V @ 19 c2
Event: 2.571 Thread 0x000002148565e460 DEOPT PACKING pc=0x00000214971309dc sp=0x000000e6e03faa30
Event: 2.571 Thread 0x000002148565e460 DEOPT UNPACKING pc=0x0000021496b946a2 sp=0x000000e6e03fa9e8 mode 2
Event: 2.576 Thread 0x000002148565e460 Uncommon trap: trap_request=0xffffffde fr.pc=0x0000021497110c98 relative=0x0000000000000338
Event: 2.576 Thread 0x000002148565e460 Uncommon trap: reason=class_check action=maybe_recompile pc=0x0000021497110c98 method=java.util.regex.Pattern$BmpCharPropertyGreedy.match(Ljava/util/regex/Matcher;ILjava/lang/CharSequence;)Z @ 26 c2
Event: 2.576 Thread 0x000002148565e460 DEOPT PACKING pc=0x0000021497110c98 sp=0x000000e6e03faa80
Event: 2.576 Thread 0x000002148565e460 DEOPT UNPACKING pc=0x0000021496b946a2 sp=0x000000e6e03faa18 mode 2
Event: 2.576 Thread 0x000002148565e460 Uncommon trap: trap_request=0xffffff45 fr.pc=0x0000021497110ce8 relative=0x0000000000000388
Event: 2.576 Thread 0x000002148565e460 Uncommon trap: reason=unstable_if action=reinterpret pc=0x0000021497110ce8 method=java.util.regex.Pattern$BmpCharPropertyGreedy.match(Ljava/util/regex/Matcher;ILjava/lang/CharSequence;)Z @ 12 c2
Event: 2.576 Thread 0x000002148565e460 DEOPT PACKING pc=0x0000021497110ce8 sp=0x000000e6e03faa80
Event: 2.576 Thread 0x000002148565e460 DEOPT UNPACKING pc=0x0000021496b946a2 sp=0x000000e6e03faa18 mode 2

Classes loaded (20 events):
Event: 2.497 Loading class jdk/internal/logger/LazyLoggers$1
Event: 2.497 Loading class jdk/internal/logger/LazyLoggers$1 done
Event: 2.497 Loading class jdk/internal/logger/LazyLoggers$LazyLoggerFactories
Event: 2.497 Loading class jdk/internal/logger/LazyLoggers$LazyLoggerFactories done
Event: 2.497 Loading class jdk/internal/logger/LoggerFinderLoader
Event: 2.497 Loading class jdk/internal/logger/LoggerFinderLoader done
Event: 2.498 Loading class jdk/internal/logger/LoggerFinderLoader$TemporaryLoggerFinder
Event: 2.498 Loading class jdk/internal/logger/LoggerFinderLoader$TemporaryLoggerFinder done
Event: 2.498 Loading class sun/util/logging/internal/LoggingProviderImpl$JULWrapper
Event: 2.498 Loading class sun/util/logging/internal/LoggingProviderImpl$JULWrapper done
Event: 2.533 Loading class java/beans/IntrospectionException
Event: 2.543 Loading class java/beans/IntrospectionException done
Event: 2.543 Loading class java/beans/FeatureDescriptor
Event: 2.544 Loading class java/beans/FeatureDescriptor done
Event: 2.544 Loading class java/beans/PropertyDescriptor
Event: 2.545 Loading class java/beans/PropertyDescriptor done
Event: 2.546 Loading class java/io/PushbackInputStream
Event: 2.546 Loading class java/io/PushbackInputStream done
Event: 2.553 Loading class java/nio/charset/CharacterCodingException
Event: 2.554 Loading class java/nio/charset/CharacterCodingException done

Classes unloaded (0 events):
No events

Classes redefined (0 events):
No events

Internal exceptions (20 events):
Event: 1.765 Thread 0x000002148565e460 Exception <a 'java/lang/NoSuchMethodError'{0x0000000088f6d960}: 'int java.lang.invoke.DirectMethodHandle$Holder.invokeVirtual(java.lang.Object, java.lang.Object, java.lang.Object)'> (0x0000000088f6d960) 
thrown [s\open\src\hotspot\share\interpreter\linkResolver.cpp, line 773]
Event: 1.831 Thread 0x000002148565e460 Exception <a 'java/lang/IncompatibleClassChangeError'{0x0000000088d174b8}: Found class java.lang.Object, but interface was expected> (0x0000000088d174b8) 
thrown [s\open\src\hotspot\share\interpreter\linkResolver.cpp, line 840]
Event: 1.866 Thread 0x000002148565e460 Exception <a 'java/lang/NoSuchMethodError'{0x0000000088c24dc8}: 'int java.lang.invoke.DirectMethodHandle$Holder.invokeSpecial(java.lang.Object, java.lang.Object, java.lang.Object, java.lang.Object)'> (0x0000000088c24dc8) 
thrown [s\open\src\hotspot\share\interpreter\linkResolver.cpp, line 773]
Event: 1.874 Thread 0x000002148565e460 Exception <a 'java/lang/NoSuchMethodError'{0x0000000088c3fad8}: 'int java.lang.invoke.DirectMethodHandle$Holder.invokeSpecial(java.lang.Object, java.lang.Object, java.lang.Object, java.lang.Object, java.lang.Object)'> (0x0000000088c3fad8) 
thrown [s\open\src\hotspot\share\interpreter\linkResolver.cpp, line 773]
Event: 1.875 Thread 0x000002148565e460 Exception <a 'java/lang/NoSuchMethodError'{0x0000000088c47f40}: 'void java.lang.invoke.DirectMethodHandle$Holder.invokeVirtual(java.lang.Object, java.lang.Object)'> (0x0000000088c47f40) 
thrown [s\open\src\hotspot\share\interpreter\linkResolver.cpp, line 773]
Event: 1.997 Thread 0x000002148565e460 Exception <a 'java/lang/NoSuchMethodError'{0x0000000089f5a6e8}: 'void java.lang.invoke.DirectMethodHandle$Holder.invokeVirtual(java.lang.Object, java.lang.Object, java.lang.Object, java.lang.Object)'> (0x0000000089f5a6e8) 
thrown [s\open\src\hotspot\share\interpreter\linkResolver.cpp, line 773]
Event: 2.122 Thread 0x000002148565e460 Exception <a 'java/lang/NoSuchMethodError'{0x0000000089b07f18}: 'java.lang.Object java.lang.invoke.DirectMethodHandle$Holder.newInvokeSpecial(java.lang.Object, java.lang.Object, java.lang.Object, java.lang.Object, java.lang.Object, java.lang.Object, java.lang.Object)'> (0x0000000089b07f18) 
thrown [s\open\src\hotspot\share\interpreter\linkResolver.cpp, line 773]
Event: 2.181 Thread 0x000002148565e460 Exception <a 'java/lang/NoSuchMethodError'{0x000000008990f5c8}: 'java.lang.Object java.lang.invoke.DirectMethodHandle$Holder.invokeInterface(java.lang.Object, java.lang.Object, java.lang.Object, java.lang.Object)'> (0x000000008990f5c8) 
thrown [s\open\src\hotspot\share\interpreter\linkResolver.cpp, line 773]
Event: 2.185 Thread 0x000002148565e460 Exception <a 'java/lang/NoSuchMethodError'{0x0000000089929c38}: 'java.lang.Object java.lang.invoke.DirectMethodHandle$Holder.newInvokeSpecial(java.lang.Object, java.lang.Object, java.lang.Object, java.lang.Object, int)'> (0x0000000089929c38) 
thrown [s\open\src\hotspot\share\interpreter\linkResolver.cpp, line 773]
Event: 2.185 Thread 0x000002148565e460 Exception <a 'java/lang/NoSuchMethodError'{0x000000008992e150}: 'java.lang.Object java.lang.invoke.DirectMethodHandle$Holder.invokeSpecial(java.lang.Object, java.lang.Object, java.lang.Object, java.lang.Object, java.lang.Object, int)'> (0x000000008992e150) 
thrown [s\open\src\hotspot\share\interpreter\linkResolver.cpp, line 773]
Event: 2.185 Thread 0x000002148565e460 Exception <a 'java/lang/NoSuchMethodError'{0x0000000089931e80}: 'java.lang.Object java.lang.invoke.Invokers$Holder.linkToTargetMethod(java.lang.Object, java.lang.Object, java.lang.Object, int, java.lang.Object)'> (0x0000000089931e80) 
thrown [s\open\src\hotspot\share\interpreter\linkResolver.cpp, line 773]
Event: 2.193 Thread 0x000002148565e460 Exception <a 'java/lang/NoSuchMethodError'{0x000000008995d000}: 'java.lang.Object java.lang.invoke.DirectMethodHandle$Holder.invokeInterface(java.lang.Object, java.lang.Object, java.lang.Object, java.lang.Object, java.lang.Object)'> (0x000000008995d000) 
thrown [s\open\src\hotspot\share\interpreter\linkResolver.cpp, line 773]
Event: 2.193 Thread 0x000002148565e460 Exception <a 'java/lang/IncompatibleClassChangeError'{0x0000000089960b38}: Found class java.lang.Object, but interface was expected> (0x0000000089960b38) 
thrown [s\open\src\hotspot\share\interpreter\linkResolver.cpp, line 840]
Event: 2.355 Thread 0x000002148565e460 Exception <a 'java/lang/IncompatibleClassChangeError'{0x00000000896867b8}: Found class java.lang.Object, but interface was expected> (0x00000000896867b8) 
thrown [s\open\src\hotspot\share\interpreter\linkResolver.cpp, line 840]
Event: 2.383 Thread 0x000002148565e460 Exception <a 'sun/nio/fs/WindowsException'{0x00000000896c7950}> (0x00000000896c7950) 
thrown [s\open\src\hotspot\share\prims\jni.cpp, line 520]
Event: 2.433 Thread 0x000002148565e460 Exception <a 'java/lang/NoSuchMethodError'{0x000000008948b3a8}: 'java.lang.Object java.lang.invoke.Invokers$Holder.invokeExact_MT(java.lang.Object, java.lang.Object, java.lang.Object, java.lang.Object, java.lang.Object)'> (0x000000008948b3a8) 
thrown [s\open\src\hotspot\share\interpreter\linkResolver.cpp, line 773]
Event: 2.438 Thread 0x000002148565e460 Exception <a 'java/lang/NoSuchMethodError'{0x00000000894c26b0}: 'java.lang.Object java.lang.invoke.DirectMethodHandle$Holder.invokeSpecial(java.lang.Object, java.lang.Object, java.lang.Object, java.lang.Object, java.lang.Object, java.lang.Object, int)'> (0x00000000894c26b0) 
thrown [s\open\src\hotspot\share\interpreter\linkResolver.cpp, line 773]
Event: 2.438 Thread 0x000002148565e460 Exception <a 'java/lang/NoSuchMethodError'{0x00000000894cc138}: 'java.lang.Object java.lang.invoke.DirectMethodHandle$Holder.newInvokeSpecial(java.lang.Object, java.lang.Object, java.lang.Object, java.lang.Object, java.lang.Object, java.lang.Object, int)'> (0x00000000894cc138) 
thrown [s\open\src\hotspot\share\interpreter\linkResolver.cpp, line 773]
Event: 2.438 Thread 0x000002148565e460 Exception <a 'java/lang/NoSuchMethodError'{0x00000000894d0c18}: 'java.lang.Object java.lang.invoke.DirectMethodHandle$Holder.invokeSpecial(java.lang.Object, java.lang.Object, java.lang.Object, java.lang.Object, java.lang.Object, java.lang.Object, java.lang.Object, int)'> (0x00000000894d0c18) 
thrown [s\open\src\hotspot\share\interpreter\linkResolver.cpp, line 773]
Event: 2.471 Thread 0x000002148565e460 Exception <a 'java/lang/NoSuchMethodError'{0x000000008920b170}: 'void java.lang.invoke.DirectMethodHandle$Holder.invokeStatic(java.lang.Object, java.lang.Object, java.lang.Object, java.lang.Object, java.lang.Object, java.lang.Object)'> (0x000000008920b170) 
thrown [s\open\src\hotspot\share\interpreter\linkResolver.cpp, line 773]

ZGC Phase Switch (0 events):
No events

VM Operations (20 events):
Event: 1.447 Executing VM operation: ICBufferFull done
Event: 1.631 Executing VM operation: HandshakeAllThreads (Deoptimize)
Event: 1.631 Executing VM operation: HandshakeAllThreads (Deoptimize) done
Event: 1.631 Executing VM operation: HandshakeAllThreads (Deoptimize)
Event: 1.631 Executing VM operation: HandshakeAllThreads (Deoptimize) done
Event: 1.724 Executing VM operation: HandshakeAllThreads (Deoptimize)
Event: 1.724 Executing VM operation: HandshakeAllThreads (Deoptimize) done
Event: 1.841 Executing VM operation: HandshakeAllThreads (Deoptimize)
Event: 1.841 Executing VM operation: HandshakeAllThreads (Deoptimize) done
Event: 1.930 Executing VM operation: G1CollectForAllocation (G1 Evacuation Pause)
Event: 1.936 Executing VM operation: G1CollectForAllocation (G1 Evacuation Pause) done
Event: 1.993 Executing VM operation: HandshakeAllThreads (Deoptimize)
Event: 1.993 Executing VM operation: HandshakeAllThreads (Deoptimize) done
Event: 2.201 Executing VM operation: HandshakeAllThreads (Deoptimize)
Event: 2.201 Executing VM operation: HandshakeAllThreads (Deoptimize) done
Event: 2.397 Executing VM operation: HandshakeAllThreads (Deoptimize)
Event: 2.397 Executing VM operation: HandshakeAllThreads (Deoptimize) done
Event: 2.476 Executing VM operation: HandshakeAllThreads (Deoptimize)
Event: 2.476 Executing VM operation: HandshakeAllThreads (Deoptimize) done
Event: 3.492 Executing VM operation: Cleanup

Events (18 events):
Event: 0.046 Thread 0x000002148565e460 Thread added: 0x000002148565e460
Event: 0.057 Thread 0x00000214a4275fe0 Thread added: 0x00000214a4275fe0
Event: 0.057 Thread 0x00000214a427aa60 Thread added: 0x00000214a427aa60
Event: 0.057 Thread 0x00000214a427c4d0 Thread added: 0x00000214a427c4d0
Event: 0.057 Thread 0x00000214a427d7a0 Thread added: 0x00000214a427d7a0
Event: 0.057 Thread 0x00000214a4280790 Thread added: 0x00000214a4280790
Event: 0.057 Thread 0x00000214a4284610 Thread added: 0x00000214a4284610
Event: 0.057 Thread 0x00000214a428efd0 Thread added: 0x00000214a428efd0
Event: 0.057 Thread 0x00000214a4291b60 Thread added: 0x00000214a4291b60
Event: 0.068 Thread 0x00000214a458d1b0 Thread added: 0x00000214a458d1b0
Event: 0.070 Thread 0x00000214a458ee10 Thread added: 0x00000214a458ee10
Event: 0.268 Thread 0x00000214a42906f0 Thread added: 0x00000214a42906f0
Event: 0.408 Thread 0x00000214a4a6da90 Thread added: 0x00000214a4a6da90
Event: 0.422 Thread 0x00000214a4a083a0 Thread added: 0x00000214a4a083a0
Event: 0.446 Thread 0x00000214a42906f0 Thread exited: 0x00000214a42906f0
Event: 0.472 Thread 0x00000214a4292fd0 Thread added: 0x00000214a4292fd0
Event: 1.196 Thread 0x00000214a4292fd0 Thread exited: 0x00000214a4292fd0
Event: 1.232 Thread 0x00000214a4292900 Thread added: 0x00000214a4292900


Dynamic libraries:
0x00007ff75e160000 - 0x00007ff75e170000 	D:\mailon\Java\jdk-21.0.10\bin\java.exe
0x00007ffe20340000 - 0x00007ffe205a7000 	C:\WINDOWS\SYSTEM32\ntdll.dll
0x00007ffe1f710000 - 0x00007ffe1f7d9000 	C:\WINDOWS\System32\KERNEL32.DLL
0x00007ffe1ce40000 - 0x00007ffe1d234000 	C:\WINDOWS\System32\KERNELBASE.dll
0x00007ffe1df80000 - 0x00007ffe1e0cb000 	C:\WINDOWS\System32\ucrtbase.dll
0x00007ffe175b0000 - 0x00007ffe175ce000 	D:\mailon\Java\jdk-21.0.10\bin\VCRUNTIME140.dll
0x00007ffe175d0000 - 0x00007ffe175e9000 	D:\mailon\Java\jdk-21.0.10\bin\jli.dll
0x00007ffe20240000 - 0x00007ffe202f6000 	C:\WINDOWS\System32\ADVAPI32.dll
0x00007ffe1f540000 - 0x00007ffe1f5e9000 	C:\WINDOWS\System32\msvcrt.dll
0x00007ffe1f7e0000 - 0x00007ffe1f887000 	C:\WINDOWS\System32\sechost.dll
0x00007ffe1f5f0000 - 0x00007ffe1f708000 	C:\WINDOWS\System32\RPCRT4.dll
0x00007ffe1ee10000 - 0x00007ffe1efd5000 	C:\WINDOWS\System32\USER32.dll
0x00007ffe1ce10000 - 0x00007ffe1ce37000 	C:\WINDOWS\System32\win32u.dll
0x00007ffe1f890000 - 0x00007ffe1f8bb000 	C:\WINDOWS\System32\GDI32.dll
0x00007ffe1dab0000 - 0x00007ffe1dbdb000 	C:\WINDOWS\System32\gdi32full.dll
0x00007ffe0c8f0000 - 0x00007ffe0cb83000 	C:\WINDOWS\WinSxS\amd64_microsoft.windows.common-controls_6595b64144ccf1df_6.0.26100.8115_none_3e075c82e3354f9c\COMCTL32.dll
0x00007ffe1ded0000 - 0x00007ffe1df73000 	C:\WINDOWS\System32\msvcp_win.dll
0x00007ffe16170000 - 0x00007ffe1617b000 	C:\WINDOWS\SYSTEM32\VERSION.dll
0x00007ffe1e170000 - 0x00007ffe1e1a2000 	C:\WINDOWS\System32\IMM32.DLL
0x00007ffe17510000 - 0x00007ffe1751c000 	D:\mailon\Java\jdk-21.0.10\bin\vcruntime140_1.dll
0x00007ffe02390000 - 0x00007ffe0241d000 	D:\mailon\Java\jdk-21.0.10\bin\msvcp140.dll
0x00007ffd68fa0000 - 0x00007ffd69cc7000 	D:\mailon\Java\jdk-21.0.10\bin\server\jvm.dll
0x00007ffe201b0000 - 0x00007ffe20230000 	C:\WINDOWS\System32\WS2_32.dll
0x00007ffe1ca90000 - 0x00007ffe1caee000 	C:\WINDOWS\SYSTEM32\POWRPROF.dll
0x00007ffdfca90000 - 0x00007ffdfcac6000 	C:\WINDOWS\SYSTEM32\WINMM.dll
0x00007ffe1ca70000 - 0x00007ffe1ca84000 	C:\WINDOWS\SYSTEM32\UMPDC.dll
0x00007ffe1b970000 - 0x00007ffe1b98b000 	C:\WINDOWS\SYSTEM32\kernel.appcore.dll
0x00007ffe17500000 - 0x00007ffe1750a000 	D:\mailon\Java\jdk-21.0.10\bin\jimage.dll
0x00007ffe0d0b0000 - 0x00007ffe0d2f2000 	C:\WINDOWS\SYSTEM32\DBGHELP.DLL
0x00007ffe1e7e0000 - 0x00007ffe1eb62000 	C:\WINDOWS\System32\combase.dll
0x00007ffe1f0d0000 - 0x00007ffe1f1a8000 	C:\WINDOWS\System32\OLEAUT32.dll
0x00007ffe033e0000 - 0x00007ffe0341b000 	C:\WINDOWS\SYSTEM32\dbgcore.DLL
0x00007ffe1dd60000 - 0x00007ffe1de05000 	C:\WINDOWS\System32\bcryptPrimitives.dll
0x00007ffe10450000 - 0x00007ffe10471000 	D:\mailon\Java\jdk-21.0.10\bin\java.dll
0x00007ffe1fa40000 - 0x00007ffe201a7000 	C:\WINDOWS\System32\SHELL32.dll
0x00007ffe1cc10000 - 0x00007ffe1cd7a000 	C:\WINDOWS\System32\wintypes.dll
0x00007ffe1d240000 - 0x00007ffe1daa8000 	C:\WINDOWS\System32\windows.storage.dll
0x00007ffe1f220000 - 0x00007ffe1f318000 	C:\WINDOWS\System32\SHCORE.dll
0x00007ffe1f9d0000 - 0x00007ffe1fa36000 	C:\WINDOWS\System32\shlwapi.dll
0x00007ffe1cb30000 - 0x00007ffe1cb59000 	C:\WINDOWS\SYSTEM32\profapi.dll
0x00007ffe00160000 - 0x00007ffe00237000 	D:\mailon\Java\jdk-21.0.10\bin\jsvml.dll
0x00007ffe10380000 - 0x00007ffe10391000 	D:\mailon\Java\jdk-21.0.10\bin\net.dll
0x00007ffe15b50000 - 0x00007ffe15c7d000 	C:\WINDOWS\SYSTEM32\WINHTTP.dll
0x00007ffe1bed0000 - 0x00007ffe1bf3c000 	C:\WINDOWS\system32\mswsock.dll
0x00007ffe0e890000 - 0x00007ffe0e8a6000 	D:\mailon\Java\jdk-21.0.10\bin\nio.dll
0x00007ffe0e870000 - 0x00007ffe0e888000 	D:\mailon\Java\jdk-21.0.10\bin\zip.dll
0x00007ffe174f0000 - 0x00007ffe174fa000 	D:\mailon\Java\jdk-21.0.10\bin\management.dll
0x00007ffe174b0000 - 0x00007ffe174bc000 	D:\mailon\Java\jdk-21.0.10\bin\management_ext.dll
0x00007ffe1e0d0000 - 0x00007ffe1e0d8000 	C:\WINDOWS\System32\PSAPI.DLL

dbghelp: loaded successfully - version: 4.0.5 - missing functions: none
symbol engine: initialized successfully - sym options: 0x614 - pdb path: .;D:\mailon\Java\jdk-21.0.10\bin;C:\WINDOWS\SYSTEM32;C:\WINDOWS\WinSxS\amd64_microsoft.windows.common-controls_6595b64144ccf1df_6.0.26100.8115_none_3e075c82e3354f9c;D:\mailon\Java\jdk-21.0.10\bin\server

VM Arguments:
java_command: C:\Users\Usuario\AppData\Local\Temp\surefire15362846276076192075\surefirebooter-20260423045825980_3.jar C:\Users\Usuario\AppData\Local\Temp\surefire15362846276076192075 2026-04-23T04-58-25_712-jvmRun1 surefire-20260423045825980_1tmp surefire_0-20260423045825980_2tmp
java_class_path (initial): C:\Users\Usuario\AppData\Local\Temp\surefire15362846276076192075\surefirebooter-20260423045825980_3.jar
Launcher Type: SUN_STANDARD

[Global flags]
     intx CICompilerCount                          = 4                                         {product} {ergonomic}
     uint ConcGCThreads                            = 2                                         {product} {ergonomic}
     uint G1ConcRefinementThreads                  = 8                                         {product} {ergonomic}
   size_t G1HeapRegionSize                         = 1048576                                   {product} {ergonomic}
    uintx GCDrainStackTargetSize                   = 64                                        {product} {ergonomic}
   size_t InitialHeapSize                          = 132120576                                 {product} {ergonomic}
   size_t MarkStackSize                            = 4194304                                   {product} {ergonomic}
   size_t MaxHeapSize                              = 2109734912                                {product} {ergonomic}
   size_t MaxNewSize                               = 1265631232                                {product} {ergonomic}
   size_t MinHeapDeltaBytes                        = 1048576                                   {product} {ergonomic}
   size_t MinHeapSize                              = 8388608                                   {product} {ergonomic}
    uintx NonNMethodCodeHeapSize                   = 5839372                                {pd product} {ergonomic}
    uintx NonProfiledCodeHeapSize                  = 122909434                              {pd product} {ergonomic}
    uintx ProfiledCodeHeapSize                     = 122909434                              {pd product} {ergonomic}
    uintx ReservedCodeCacheSize                    = 251658240                              {pd product} {ergonomic}
     bool SegmentedCodeCache                       = true                                      {product} {ergonomic}
   size_t SoftMaxHeapSize                          = 2109734912                             {manageable} {ergonomic}
     bool UseCompressedOops                        = true                           {product lp64_product} {ergonomic}
     bool UseG1GC                                  = true                                      {product} {ergonomic}
     bool UseLargePagesIndividualAllocation        = false                                  {pd product} {ergonomic}

Logging:
Log output configuration:
 #0: stdout all=warning uptime,level,tags foldmultilines=false
 #1: stderr all=off uptime,level,tags foldmultilines=false

Environment Variables:
JAVA_HOME=D:/mailon/Java/jdk-21.0.10
PATH=D:\Program Files\Git\mingw64\bin;D:\Program Files\Git\usr\bin;C:\Users\Usuario\bin;C:\Program Files\Common Files\Oracle\Java\javapath;C:\WINDOWS\system32;C:\WINDOWS;C:\WINDOWS\System32\Wbem;C:\WINDOWS\System32\WindowsPowerShell\v1.0;C:\WINDOWS\System32\OpenSSH;D:\Program Files\nodejs;D:\mailon\Usuario\Desktop\apache-maven-3.9.14-bin (1)\apache-maven-3.9.14\bin;D:\Program Files\Git\cmd;C:\Users\Usuario\AppData\Local\Programs\Trae\bin;D:\mailon\Usuario\Downloads\ffmpeg-8.0.1-essentials_build\ffmpeg-8.0.1-essentials_build\bin;D:\mailon\Usuario\Desktop\apache-maven-3.9.14-bin (1)\apache-maven-3.9.14\bin;C:\Users\Usuario\AppData\Roaming\npm
USERNAME=Usuario
TERM=xterm-256color
OS=Windows_NT
PROCESSOR_IDENTIFIER=Intel64 Family 6 Model 142 Stepping 12, GenuineIntel
TMP=C:\Users\Usuario\AppData\Local\Temp
TEMP=C:\Users\Usuario\AppData\Local\Temp




Periodic native trim disabled

---------------  S Y S T E M  ---------------

OS:
 Windows 11 , 64 bit Build 26100 (10.0.26100.8246)
OS uptime: 4 days 19:09 hours
Hyper-V role detected

CPU: total 8 (initial active 8) (4 cores per cpu, 2 threads per core) family 6 model 142 stepping 12 microcode 0xde, cx8, cmov, fxsr, ht, mmx, 3dnowpref, sse, sse2, sse3, ssse3, sse4.1, sse4.2, popcnt, lzcnt, tsc, tscinvbit, avx, avx2, aes, erms, clmul, bmi1, bmi2, adx, fma, vzeroupper, clflush, clflushopt, hv, rdtscp, f16c
Processor Information for all 8 processors :
  Max Mhz: 1800, Current Mhz: 1600, Mhz Limit: 1584

Memory: 4k page, system-wide physical 8040M (533M free)
TotalPageFile size 32616M (AvailPageFile size 39M)
current process WorkingSet (physical memory assigned to process): 124M, peak: 124M
current process commit charge ("private bytes"): 254M, peak: 256M

vm_info: Java HotSpot(TM) 64-Bit Server VM (21.0.10+8-LTS-217) for windows-amd64 JRE (21.0.10+8-LTS-217), built on 2025-12-18T14:59:28Z by "mach5run" with MS VC++ 17.13 (VS2022)

END.
