#
# There is insufficient memory for the Java Runtime Environment to continue.
# Native memory allocation (malloc) failed to allocate 1745760 bytes for Chunk::new
# Possible reasons:
#   The system is out of physical RAM or swap space
#   The process is running with CompressedOops enabled, and the Java Heap may be blocking the growth of the native heap
# Possible solutions:
#   Reduce memory load on the system
#   Increase physical memory or swap space
#   Check if swap backing store is full
#   Decrease Java heap size (-Xmx/-Xms)
#   Decrease number of Java threads
#   Decrease Java thread stack sizes (-Xss)
#   Set larger code cache with -XX:ReservedCodeCacheSize=
#   JVM is running with Unscaled Compressed Oops mode in which the Java heap is
#     placed in the first 4GB address space. The Java Heap base address is the
#     maximum limit for the native heap growth. Please use -XX:HeapBaseMinAddress
#     to set the Java Heap base and to place the Java Heap above 4GB virtual address.
# This output file may be truncated or incomplete.
#
#  Out of Memory Error (arena.cpp:168), pid=2032, tid=20372
#
# JRE version: Java(TM) SE Runtime Environment (21.0.10+8) (build 21.0.10+8-LTS-217)
# Java VM: Java HotSpot(TM) 64-Bit Server VM (21.0.10+8-LTS-217, mixed mode, sharing, tiered, compressed oops, compressed class ptrs, g1 gc, windows-amd64)
# No core dump will be written. Minidumps are not enabled by default on client versions of Windows
#

---------------  S U M M A R Y ------------

Command Line: C:\Users\Usuario\AppData\Local\Temp\surefire17103199253738527550\surefirebooter-20260423045907776_3.jar C:\Users\Usuario\AppData\Local\Temp\surefire17103199253738527550 2026-04-23T04-59-07_556-jvmRun1 surefire-20260423045907776_1tmp surefire_0-20260423045907776_2tmp

Host: Intel(R) Core(TM) i5-8265U CPU @ 1.60GHz, 8 cores, 7G,  Windows 11 , 64 bit Build 26100 (10.0.26100.8246)
Time: Thu Apr 23 04:59:17 2026 Hora oficial do Brasil elapsed time: 9.558084 seconds (0d 0h 0m 9s)

---------------  T H R E A D  ---------------

Current thread (0x0000026332c59f70):  JavaThread "C2 CompilerThread1" daemon [_thread_in_native, id=20372, stack(0x00000078f8500000,0x00000078f8600000) (1024K)]


Current CompileTask:
C2:   9558 2863   !   4       jdk.internal.loader.BuiltinClassLoader::loadClassOrNull (143 bytes)

Stack: [0x00000078f8500000,0x00000078f8600000]
Native frames: (J=compiled Java code, j=interpreted, Vv=VM code, C=native code)
V  [jvm.dll+0x6d0b59]
V  [jvm.dll+0x85fd56]
V  [jvm.dll+0x86224e]
V  [jvm.dll+0x862923]
V  [jvm.dll+0x282a16]
V  [jvm.dll+0xc662d]
V  [jvm.dll+0xc6b71]
V  [jvm.dll+0x3bbb5b]
V  [jvm.dll+0x1e38e9]
V  [jvm.dll+0x24b4c3]
V  [jvm.dll+0x24a94f]
V  [jvm.dll+0x1cacfe]
V  [jvm.dll+0x25a629]
V  [jvm.dll+0x258bb5]
V  [jvm.dll+0x3f4da1]
V  [jvm.dll+0x80a83d]
V  [jvm.dll+0x6cf3fd]
C  [ucrtbase.dll+0x37b0]
C  [KERNEL32.DLL+0x2e8d7]
C  [ntdll.dll+0x8c3fc]


---------------  P R O C E S S  ---------------

Threads class SMR info:
_java_thread_list=0x0000026379145750, length=15, elements={
0x0000026313cdddf0, 0x00000263328c08c0, 0x00000263328c3730, 0x00000263328c51a0,
0x00000263328c67a0, 0x00000263328c7460, 0x00000263328c8350, 0x00000263328d10f0,
0x00000263328dea70, 0x0000026332baaf80, 0x0000026332bab7b0, 0x0000026332d51370,
0x0000026332cd6ec0, 0x0000026332c59f70, 0x0000026379ffb300
}

Java Threads: ( => current thread )
  0x0000026313cdddf0 JavaThread "main"                              [_thread_in_native, id=25204, stack(0x00000078f7300000,0x00000078f7400000) (1024K)]
  0x00000263328c08c0 JavaThread "Reference Handler"          daemon [_thread_blocked, id=29008, stack(0x00000078f7b00000,0x00000078f7c00000) (1024K)]
  0x00000263328c3730 JavaThread "Finalizer"                  daemon [_thread_blocked, id=6092, stack(0x00000078f7c00000,0x00000078f7d00000) (1024K)]
  0x00000263328c51a0 JavaThread "Signal Dispatcher"          daemon [_thread_blocked, id=23732, stack(0x00000078f7d00000,0x00000078f7e00000) (1024K)]
  0x00000263328c67a0 JavaThread "Attach Listener"            daemon [_thread_blocked, id=26012, stack(0x00000078f7e00000,0x00000078f7f00000) (1024K)]
  0x00000263328c7460 JavaThread "Service Thread"             daemon [_thread_blocked, id=23940, stack(0x00000078f7f00000,0x00000078f8000000) (1024K)]
  0x00000263328c8350 JavaThread "Monitor Deflation Thread"   daemon [_thread_blocked, id=16800, stack(0x00000078f8000000,0x00000078f8100000) (1024K)]
  0x00000263328d10f0 JavaThread "C2 CompilerThread0"         daemon [_thread_blocked, id=15048, stack(0x00000078f8100000,0x00000078f8200000) (1024K)]
  0x00000263328dea70 JavaThread "C1 CompilerThread0"         daemon [_thread_blocked, id=12064, stack(0x00000078f8200000,0x00000078f8300000) (1024K)]
  0x0000026332baaf80 JavaThread "Notification Thread"        daemon [_thread_blocked, id=21568, stack(0x00000078f8300000,0x00000078f8400000) (1024K)]
  0x0000026332bab7b0 JavaThread "Common-Cleaner"             daemon [_thread_blocked, id=29076, stack(0x00000078f8400000,0x00000078f8500000) (1024K)]
  0x0000026332d51370 JavaThread "surefire-forkedjvm-stream-flusher" daemon [_thread_blocked, id=29328, stack(0x00000078f8600000,0x00000078f8700000) (1024K)]
  0x0000026332cd6ec0 JavaThread "surefire-forkedjvm-command-thread" daemon [_thread_in_native, id=23148, stack(0x00000078f8700000,0x00000078f8800000) (1024K)]
=>0x0000026332c59f70 JavaThread "C2 CompilerThread1"         daemon [_thread_in_native, id=20372, stack(0x00000078f8500000,0x00000078f8600000) (1024K)]
  0x0000026379ffb300 JavaThread "background-preinit"                [_thread_in_native, id=16732, stack(0x00000078f8f00000,0x00000078f9000000) (1024K)]
Total: 15

Other Threads:
  0x000002633289e1b0 VMThread "VM Thread"                           [id=28172, stack(0x00000078f7a00000,0x00000078f7b00000) (1024K)]
  0x000002633288acf0 WatcherThread "VM Periodic Task Thread"        [id=19364, stack(0x00000078f7900000,0x00000078f7a00000) (1024K)]
  0x0000026315f9a810 WorkerThread "GC Thread#0"                     [id=28368, stack(0x00000078f7400000,0x00000078f7500000) (1024K)]
  0x0000026378cb32e0 WorkerThread "GC Thread#1"                     [id=19572, stack(0x00000078f8800000,0x00000078f8900000) (1024K)]
  0x0000026378d19840 WorkerThread "GC Thread#2"                     [id=7276, stack(0x00000078f8900000,0x00000078f8a00000) (1024K)]
  0x0000026378c04520 WorkerThread "GC Thread#3"                     [id=8300, stack(0x00000078f8a00000,0x00000078f8b00000) (1024K)]
  0x0000026378c048d0 WorkerThread "GC Thread#4"                     [id=30504, stack(0x00000078f8b00000,0x00000078f8c00000) (1024K)]
  0x0000026378c06c90 WorkerThread "GC Thread#5"                     [id=27164, stack(0x00000078f8c00000,0x00000078f8d00000) (1024K)]
  0x0000026378c07040 WorkerThread "GC Thread#6"                     [id=25952, stack(0x00000078f8d00000,0x00000078f8e00000) (1024K)]
  0x0000026378d62ac0 WorkerThread "GC Thread#7"                     [id=28468, stack(0x00000078f8e00000,0x00000078f8f00000) (1024K)]
  0x0000026315fab290 ConcurrentGCThread "G1 Main Marker"            [id=29092, stack(0x00000078f7500000,0x00000078f7600000) (1024K)]
  0x0000026315fad350 WorkerThread "G1 Conc#0"                       [id=25244, stack(0x00000078f7600000,0x00000078f7700000) (1024K)]
  0x000002637a0c8630 WorkerThread "G1 Conc#1"                       [id=7492, stack(0x00000078f9000000,0x00000078f9100000) (1024K)]
  0x0000026332756a30 ConcurrentGCThread "G1 Refine#0"               [id=29596, stack(0x00000078f7700000,0x00000078f7800000) (1024K)]
  0x0000026332757260 ConcurrentGCThread "G1 Service"                [id=27092, stack(0x00000078f7800000,0x00000078f7900000) (1024K)]
Total: 15

Threads with active compile tasks:
C2 CompilerThread0     9770 3047       4       jdk.internal.loader.BuiltinClassLoader::findLoadedModule (33 bytes)
C2 CompilerThread1     9771 2863   !   4       jdk.internal.loader.BuiltinClassLoader::loadClassOrNull (143 bytes)
Total: 2

VM state: not at safepoint (normal execution)

VM Mutex/Monitor currently owned by a thread: None

Heap address: 0x0000000082400000, size: 2012 MB, Compressed Oops mode: 32-bit

CDS archive(s) mapped at: [0x0000026333000000-0x0000026333c90000-0x0000026333c90000), size 13172736, SharedBaseAddress: 0x0000026333000000, ArchiveRelocationMode: 1.
Compressed class space mapped at: 0x0000026334000000-0x0000026374000000, reserved size: 1073741824
Narrow klass base: 0x0000026333000000, Narrow klass shift: 0, Narrow klass range: 0x100000000

GC Precious Log:
 CardTable entry size: 512
 Card Set container configuration: InlinePtr #cards 5 size 8 Array Of Cards #cards 12 size 40 Howl #buckets 4 coarsen threshold 1843 Howl Bitmap #cards 512 size 80 coarsen threshold 460 Card regions per heap region 1 cards per card region 2048
 CPUs: 8 total, 8 available
 Memory: 8040M
 Large Page Support: Disabled
 NUMA Support: Disabled
 Compressed Oops: Enabled (32-bit)
 Heap Region Size: 1M
 Heap Min Capacity: 8M
 Heap Initial Capacity: 126M
 Heap Max Capacity: 2012M
 Pre-touch: Disabled
 Parallel Workers: 8
 Concurrent Workers: 2
 Concurrent Refinement Workers: 8
 Periodic GC: Disabled

Heap:
 garbage-first heap   total 61440K, used 17627K [0x0000000082400000, 0x0000000100000000)
  region size 1024K, 8 young (8192K), 6 survivors (6144K)
 Metaspace       used 21501K, committed 21888K, reserved 1114112K
  class space    used 2821K, committed 3008K, reserved 1048576K

Heap Regions: E=young(eden), S=young(survivor), O=old, HS=humongous(starts), HC=humongous(continues), CS=collection set, F=free, TAMS=top-at-mark-start, PB=parsable bottom
|   0|0x0000000082400000, 0x0000000082500000, 0x0000000082500000|100%|HS|  |TAMS 0x0000000082400000| PB 0x0000000082400000| Complete 
|   1|0x0000000082500000, 0x0000000082600000, 0x0000000082600000|100%| O|  |TAMS 0x0000000082500000| PB 0x0000000082500000| Untracked 
|   2|0x0000000082600000, 0x0000000082700000, 0x0000000082700000|100%| O|  |TAMS 0x0000000082600000| PB 0x0000000082600000| Untracked 
|   3|0x0000000082700000, 0x0000000082800000, 0x0000000082800000|100%| O|  |TAMS 0x0000000082700000| PB 0x0000000082700000| Untracked 
|   4|0x0000000082800000, 0x0000000082900000, 0x0000000082900000|100%| O|  |TAMS 0x0000000082800000| PB 0x0000000082800000| Untracked 
|   5|0x0000000082900000, 0x0000000082a00000, 0x0000000082a00000|100%| O|  |TAMS 0x0000000082900000| PB 0x0000000082900000| Untracked 
|   6|0x0000000082a00000, 0x0000000082b00000, 0x0000000082b00000|100%| O|  |TAMS 0x0000000082a00000| PB 0x0000000082a00000| Untracked 
|   7|0x0000000082b00000, 0x0000000082c00000, 0x0000000082c00000|100%| O|  |TAMS 0x0000000082b00000| PB 0x0000000082b00000| Untracked 
|   8|0x0000000082c00000, 0x0000000082d00000, 0x0000000082d00000|100%| O|  |TAMS 0x0000000082c00000| PB 0x0000000082c00000| Untracked 
|   9|0x0000000082d00000, 0x0000000082e00000, 0x0000000082e00000|100%| O|  |TAMS 0x0000000082d00000| PB 0x0000000082d00000| Untracked 
|  10|0x0000000082e00000, 0x0000000082e62cd0, 0x0000000082f00000| 38%| O|Cm|TAMS 0x0000000082e00000| PB 0x0000000082e00000| Complete 
|  11|0x0000000082f00000, 0x0000000082f00000, 0x0000000083000000|  0%| F|  |TAMS 0x0000000082f00000| PB 0x0000000082f00000| Untracked 
|  12|0x0000000083000000, 0x0000000083000000, 0x0000000083100000|  0%| F|  |TAMS 0x0000000083000000| PB 0x0000000083000000| Untracked 
|  13|0x0000000083100000, 0x0000000083100000, 0x0000000083200000|  0%| F|  |TAMS 0x0000000083100000| PB 0x0000000083100000| Untracked 
|  14|0x0000000083200000, 0x0000000083200000, 0x0000000083300000|  0%| F|  |TAMS 0x0000000083200000| PB 0x0000000083200000| Untracked 
|  15|0x0000000083300000, 0x0000000083300000, 0x0000000083400000|  0%| F|  |TAMS 0x0000000083300000| PB 0x0000000083300000| Untracked 
|  16|0x0000000083400000, 0x0000000083400000, 0x0000000083500000|  0%| F|  |TAMS 0x0000000083400000| PB 0x0000000083400000| Untracked 
|  17|0x0000000083500000, 0x0000000083500000, 0x0000000083600000|  0%| F|  |TAMS 0x0000000083500000| PB 0x0000000083500000| Untracked 
|  18|0x0000000083600000, 0x0000000083600000, 0x0000000083700000|  0%| F|  |TAMS 0x0000000083600000| PB 0x0000000083600000| Untracked 
|  19|0x0000000083700000, 0x0000000083700000, 0x0000000083800000|  0%| F|  |TAMS 0x0000000083700000| PB 0x0000000083700000| Untracked 
|  20|0x0000000083800000, 0x0000000083800000, 0x0000000083900000|  0%| F|  |TAMS 0x0000000083800000| PB 0x0000000083800000| Untracked 
|  21|0x0000000083900000, 0x0000000083900000, 0x0000000083a00000|  0%| F|  |TAMS 0x0000000083900000| PB 0x0000000083900000| Untracked 
|  22|0x0000000083a00000, 0x0000000083a00000, 0x0000000083b00000|  0%| F|  |TAMS 0x0000000083a00000| PB 0x0000000083a00000| Untracked 
|  23|0x0000000083b00000, 0x0000000083b00000, 0x0000000083c00000|  0%| F|  |TAMS 0x0000000083b00000| PB 0x0000000083b00000| Untracked 
|  24|0x0000000083c00000, 0x0000000083c00000, 0x0000000083d00000|  0%| F|  |TAMS 0x0000000083c00000| PB 0x0000000083c00000| Untracked 
|  25|0x0000000083d00000, 0x0000000083d00000, 0x0000000083e00000|  0%| F|  |TAMS 0x0000000083d00000| PB 0x0000000083d00000| Untracked 
|  26|0x0000000083e00000, 0x0000000083e00000, 0x0000000083f00000|  0%| F|  |TAMS 0x0000000083e00000| PB 0x0000000083e00000| Untracked 
|  27|0x0000000083f00000, 0x0000000083f00000, 0x0000000084000000|  0%| F|  |TAMS 0x0000000083f00000| PB 0x0000000083f00000| Untracked 
|  28|0x0000000084000000, 0x0000000084000000, 0x0000000084100000|  0%| F|  |TAMS 0x0000000084000000| PB 0x0000000084000000| Untracked 
|  29|0x0000000084100000, 0x0000000084100000, 0x0000000084200000|  0%| F|  |TAMS 0x0000000084100000| PB 0x0000000084100000| Untracked 
|  30|0x0000000084200000, 0x0000000084200000, 0x0000000084300000|  0%| F|  |TAMS 0x0000000084200000| PB 0x0000000084200000| Untracked 
|  31|0x0000000084300000, 0x0000000084300000, 0x0000000084400000|  0%| F|  |TAMS 0x0000000084300000| PB 0x0000000084300000| Untracked 
|  32|0x0000000084400000, 0x0000000084400000, 0x0000000084500000|  0%| F|  |TAMS 0x0000000084400000| PB 0x0000000084400000| Untracked 
|  33|0x0000000084500000, 0x0000000084500000, 0x0000000084600000|  0%| F|  |TAMS 0x0000000084500000| PB 0x0000000084500000| Untracked 
|  34|0x0000000084600000, 0x0000000084600000, 0x0000000084700000|  0%| F|  |TAMS 0x0000000084600000| PB 0x0000000084600000| Untracked 
|  35|0x0000000084700000, 0x0000000084700000, 0x0000000084800000|  0%| F|  |TAMS 0x0000000084700000| PB 0x0000000084700000| Untracked 
|  36|0x0000000084800000, 0x0000000084800000, 0x0000000084900000|  0%| F|  |TAMS 0x0000000084800000| PB 0x0000000084800000| Untracked 
|  37|0x0000000084900000, 0x0000000084900000, 0x0000000084a00000|  0%| F|  |TAMS 0x0000000084900000| PB 0x0000000084900000| Untracked 
|  38|0x0000000084a00000, 0x0000000084a00000, 0x0000000084b00000|  0%| F|  |TAMS 0x0000000084a00000| PB 0x0000000084a00000| Untracked 
|  39|0x0000000084b00000, 0x0000000084b00000, 0x0000000084c00000|  0%| F|  |TAMS 0x0000000084b00000| PB 0x0000000084b00000| Untracked 
|  40|0x0000000084c00000, 0x0000000084c00000, 0x0000000084d00000|  0%| F|  |TAMS 0x0000000084c00000| PB 0x0000000084c00000| Untracked 
|  41|0x0000000084d00000, 0x0000000084d00000, 0x0000000084e00000|  0%| F|  |TAMS 0x0000000084d00000| PB 0x0000000084d00000| Untracked 
|  42|0x0000000084e00000, 0x0000000084e00000, 0x0000000084f00000|  0%| F|  |TAMS 0x0000000084e00000| PB 0x0000000084e00000| Untracked 
|  43|0x0000000084f00000, 0x0000000084f00000, 0x0000000085000000|  0%| F|  |TAMS 0x0000000084f00000| PB 0x0000000084f00000| Untracked 
|  44|0x0000000085000000, 0x0000000085000000, 0x0000000085100000|  0%| F|  |TAMS 0x0000000085000000| PB 0x0000000085000000| Untracked 
|  45|0x0000000085100000, 0x0000000085100000, 0x0000000085200000|  0%| F|  |TAMS 0x0000000085100000| PB 0x0000000085100000| Untracked 
|  46|0x0000000085200000, 0x0000000085200000, 0x0000000085300000|  0%| F|  |TAMS 0x0000000085200000| PB 0x0000000085200000| Untracked 
|  47|0x0000000085300000, 0x0000000085300000, 0x0000000085400000|  0%| F|  |TAMS 0x0000000085300000| PB 0x0000000085300000| Untracked 
|  48|0x0000000085400000, 0x0000000085400000, 0x0000000085500000|  0%| F|  |TAMS 0x0000000085400000| PB 0x0000000085400000| Untracked 
|  49|0x0000000085500000, 0x0000000085500000, 0x0000000085600000|  0%| F|  |TAMS 0x0000000085500000| PB 0x0000000085500000| Untracked 
|  50|0x0000000085600000, 0x0000000085600000, 0x0000000085700000|  0%| F|  |TAMS 0x0000000085600000| PB 0x0000000085600000| Untracked 
|  51|0x0000000085700000, 0x0000000085700000, 0x0000000085800000|  0%| F|  |TAMS 0x0000000085700000| PB 0x0000000085700000| Untracked 
|  52|0x0000000085800000, 0x00000000858b95c0, 0x0000000085900000| 72%| E|  |TAMS 0x0000000085800000| PB 0x0000000085800000| Complete 
| 114|0x0000000089600000, 0x00000000896d42c0, 0x0000000089700000| 82%| S|CS|TAMS 0x0000000089600000| PB 0x0000000089600000| Complete 
| 115|0x0000000089700000, 0x0000000089800000, 0x0000000089800000|100%| S|CS|TAMS 0x0000000089700000| PB 0x0000000089700000| Complete 
| 116|0x0000000089800000, 0x0000000089900000, 0x0000000089900000|100%| S|CS|TAMS 0x0000000089800000| PB 0x0000000089800000| Complete 
| 117|0x0000000089900000, 0x0000000089a00000, 0x0000000089a00000|100%| S|CS|TAMS 0x0000000089900000| PB 0x0000000089900000| Complete 
| 118|0x0000000089a00000, 0x0000000089b00000, 0x0000000089b00000|100%| S|CS|TAMS 0x0000000089a00000| PB 0x0000000089a00000| Complete 
| 119|0x0000000089b00000, 0x0000000089c00000, 0x0000000089c00000|100%| S|CS|TAMS 0x0000000089b00000| PB 0x0000000089b00000| Complete 
| 125|0x000000008a100000, 0x000000008a200000, 0x000000008a200000|100%| E|CS|TAMS 0x000000008a100000| PB 0x000000008a100000| Complete 

Card table byte_map: [0x000002632db10000,0x000002632df00000] _byte_map_base: 0x000002632d6fe000

Marking Bits: (CMBitMap*) 0x0000026315f9ae30
 Bits: [0x000002632df00000, 0x000002632fe70000)

Polling page: 0x0000026313ee0000

Metaspace:

Usage:
  Non-class:     18.27 MB used.
      Class:      2.76 MB used.
       Both:     21.03 MB used.

Virtual space:
  Non-class space:       64.00 MB reserved,      18.50 MB ( 29%) committed,  1 nodes.
      Class space:        1.00 GB reserved,       2.94 MB ( <1%) committed,  1 nodes.
             Both:        1.06 GB reserved,      21.44 MB (  2%) committed. 

Chunk freelists:
   Non-Class:  13.30 MB
       Class:  13.03 MB
        Both:  26.33 MB

MaxMetaspaceSize: unlimited
CompressedClassSpaceSize: 1.00 GB
Initial GC threshold: 21.00 MB
Current GC threshold: 35.25 MB
CDS: on
 - commit_granule_bytes: 65536.
 - commit_granule_words: 8192.
 - virtual_space_node_default_size: 8388608.
 - enlarge_chunks_in_place: 1.
 - use_allocation_guard: 0.


Internal statistics:

num_allocs_failed_limit: 3.
num_arena_births: 362.
num_arena_deaths: 0.
num_vsnodes_births: 2.
num_vsnodes_deaths: 0.
num_space_committed: 343.
num_space_uncommitted: 0.
num_chunks_returned_to_freelist: 3.
num_chunks_taken_from_freelist: 1157.
num_chunk_merges: 3.
num_chunk_splits: 736.
num_chunks_enlarged: 508.
num_inconsistent_stats: 0.

CodeHeap 'non-profiled nmethods': size=120000Kb used=1331Kb max_used=1331Kb free=118668Kb
 bounds [0x0000026325ec0000, 0x0000026326130000, 0x000002632d3f0000]
CodeHeap 'profiled nmethods': size=120000Kb used=5885Kb max_used=5885Kb free=114114Kb
 bounds [0x000002631e3f0000, 0x000002631e9b0000, 0x0000026325920000]
CodeHeap 'non-nmethods': size=5760Kb used=1434Kb max_used=1483Kb free=4325Kb
 bounds [0x0000026325920000, 0x0000026325b90000, 0x0000026325ec0000]
 total_blobs=3566 nmethods=3045 adapters=425
 compilation: enabled
              stopped_count=0, restarted_count=0
 full_count=0

Compilation events (20 events):
Event: 8.389 Thread 0x00000263328dea70 nmethod 3006 0x000002631e991390 code [0x000002631e991560, 0x000002631e9917a8]
Event: 8.389 Thread 0x00000263328dea70 3007       3       org.springframework.core.annotation.AnnotationTypeMappings::isMappable (47 bytes)
Event: 8.390 Thread 0x00000263328dea70 nmethod 3007 0x000002631e991890 code [0x000002631e991aa0, 0x000002631e991ff8]
Event: 8.390 Thread 0x00000263328dea70 3009       3       org.springframework.core.annotation.AnnotationTypeMapping::collectAliases (73 bytes)
Event: 8.391 Thread 0x00000263328dea70 nmethod 3009 0x000002631e992210 code [0x000002631e992420, 0x000002631e992b20]
Event: 8.391 Thread 0x00000263328dea70 3010       1       org.springframework.core.annotation.AnnotationTypeMapping::getSource (5 bytes)
Event: 8.391 Thread 0x00000263328dea70 nmethod 3010 0x0000026326006a90 code [0x0000026326006c20, 0x0000026326006ce8]
Event: 8.391 Thread 0x00000263328dea70 3012       3       java.lang.reflect.Proxy::getInvocationHandler (69 bytes)
Event: 8.392 Thread 0x00000263328dea70 nmethod 3012 0x000002631e992d90 code [0x000002631e993080, 0x000002631e994360]
Event: 8.392 Thread 0x00000263328dea70 3015       3       java.util.Arrays::equals (57 bytes)
Event: 8.393 Thread 0x00000263328dea70 nmethod 3015 0x000002631e994990 code [0x000002631e994b80, 0x000002631e995128]
Event: 8.393 Thread 0x00000263328dea70 3013   !   3       jdk.proxy2.$Proxy19::value (29 bytes)
Event: 8.393 Thread 0x00000263328dea70 nmethod 3013 0x000002631e995310 code [0x000002631e9954e0, 0x000002631e9958e0]
Event: 8.393 Thread 0x00000263328dea70 3014       3       sun.reflect.annotation.AnnotationInvocationHandler::<init> (71 bytes)
Event: 8.393 Thread 0x00000263328dea70 nmethod 3014 0x000002631e995a90 code [0x000002631e995d20, 0x000002631e996738]
Event: 8.393 Thread 0x00000263328dea70 3017       1       org.springframework.core.type.classreading.SimpleMethodMetadata::getAnnotations (5 bytes)
Event: 8.393 Thread 0x00000263328dea70 nmethod 3017 0x0000026326006d90 code [0x0000026326006f20, 0x0000026326006fe8]
Event: 8.393 Thread 0x00000263328dea70 3016       1       org.springframework.core.type.classreading.SimpleMetadataReader::getAnnotationMetadata (5 bytes)
Event: 8.394 Thread 0x00000263328dea70 nmethod 3016 0x0000026326007090 code [0x0000026326007220, 0x00000263260072e8]
Event: 8.403 Thread 0x00000263328dea70 3018       3       org.springframework.core.type.classreading.SimpleMethodMetadataReadingVisitor::getSource (36 bytes)

GC Heap History (6 events):
Event: 2.730 GC heap before
{Heap before GC invocations=0 (full 0):
 garbage-first heap   total 129024K, used 23552K [0x0000000082400000, 0x0000000100000000)
  region size 1024K, 23 young (23552K), 0 survivors (0K)
 Metaspace       used 3980K, committed 4096K, reserved 1114112K
  class space    used 430K, committed 448K, reserved 1048576K
}
Event: 2.735 GC heap after
{Heap after GC invocations=1 (full 0):
 garbage-first heap   total 129024K, used 10575K [0x0000000082400000, 0x0000000100000000)
  region size 1024K, 3 young (3072K), 3 survivors (3072K)
 Metaspace       used 3980K, committed 4096K, reserved 1114112K
  class space    used 430K, committed 448K, reserved 1048576K
}
Event: 7.192 GC heap before
{Heap before GC invocations=1 (full 0):
 garbage-first heap   total 129024K, used 34127K [0x0000000082400000, 0x0000000100000000)
  region size 1024K, 26 young (26624K), 3 survivors (3072K)
 Metaspace       used 10076K, committed 10368K, reserved 1114112K
  class space    used 1188K, committed 1344K, reserved 1048576K
}
Event: 7.197 GC heap after
{Heap after GC invocations=2 (full 0):
 garbage-first heap   total 129024K, used 12683K [0x0000000082400000, 0x0000000100000000)
  region size 1024K, 2 young (2048K), 2 survivors (2048K)
 Metaspace       used 10076K, committed 10368K, reserved 1114112K
  class space    used 1188K, committed 1344K, reserved 1048576K
}
Event: 8.340 GC heap before
{Heap before GC invocations=2 (full 0):
 garbage-first heap   total 129024K, used 57739K [0x0000000082400000, 0x0000000100000000)
  region size 1024K, 47 young (48128K), 2 survivors (2048K)
 Metaspace       used 20108K, committed 20416K, reserved 1114112K
  class space    used 2686K, committed 2816K, reserved 1048576K
}
Event: 8.346 GC heap after
{Heap after GC invocations=3 (full 0):
 garbage-first heap   total 129024K, used 15942K [0x0000000082400000, 0x0000000100000000)
  region size 1024K, 6 young (6144K), 6 survivors (6144K)
 Metaspace       used 20108K, committed 20416K, reserved 1114112K
  class space    used 2686K, committed 2816K, reserved 1048576K
}

Dll operation events (8 events):
Event: 0.010 Loaded shared library D:\mailon\Java\jdk-21.0.10\bin\java.dll
Event: 0.046 Loaded shared library D:\mailon\Java\jdk-21.0.10\bin\jsvml.dll
Event: 0.067 Loaded shared library D:\mailon\Java\jdk-21.0.10\bin\net.dll
Event: 0.070 Loaded shared library D:\mailon\Java\jdk-21.0.10\bin\nio.dll
Event: 0.074 Loaded shared library D:\mailon\Java\jdk-21.0.10\bin\zip.dll
Event: 0.139 Loaded shared library D:\mailon\Java\jdk-21.0.10\bin\management.dll
Event: 0.145 Loaded shared library D:\mailon\Java\jdk-21.0.10\bin\management_ext.dll
Event: 0.165 Loaded shared library D:\mailon\Java\jdk-21.0.10\bin\jimage.dll

Deoptimization events (20 events):
Event: 8.295 Thread 0x0000026379ffb300 Uncommon trap: trap_request=0xffffff45 fr.pc=0x0000026325f73c28 relative=0x00000000000002e8
Event: 8.295 Thread 0x0000026379ffb300 Uncommon trap: reason=unstable_if action=reinterpret pc=0x0000026325f73c28 method=java.util.concurrent.ConcurrentHashMap.get(Ljava/lang/Object;)Ljava/lang/Object; @ 152 c2
Event: 8.295 Thread 0x0000026379ffb300 DEOPT PACKING pc=0x0000026325f73c28 sp=0x00000078f8ffe070
Event: 8.295 Thread 0x0000026379ffb300 DEOPT UNPACKING pc=0x00000263259746a2 sp=0x00000078f8ffdfe8 mode 2
Event: 8.327 Thread 0x0000026379ffb300 Uncommon trap: trap_request=0xffffffde fr.pc=0x0000026325fb3ee4 relative=0x0000000000001ce4
Event: 8.327 Thread 0x0000026379ffb300 Uncommon trap: reason=class_check action=maybe_recompile pc=0x0000026325fb3ee4 method=java.util.HashMap.putVal(ILjava/lang/Object;Ljava/lang/Object;ZZ)Ljava/lang/Object; @ 203 c2
Event: 8.327 Thread 0x0000026379ffb300 DEOPT PACKING pc=0x0000026325fb3ee4 sp=0x00000078f8ffee80
Event: 8.327 Thread 0x0000026379ffb300 DEOPT UNPACKING pc=0x00000263259746a2 sp=0x00000078f8ffed48 mode 2
Event: 8.327 Thread 0x0000026379ffb300 Uncommon trap: trap_request=0xffffffc6 fr.pc=0x0000026325ff974c relative=0x000000000000090c
Event: 8.327 Thread 0x0000026379ffb300 Uncommon trap: reason=bimorphic_or_optimized_type_check action=maybe_recompile pc=0x0000026325ff974c method=java.util.HashMap.putVal(ILjava/lang/Object;Ljava/lang/Object;ZZ)Ljava/lang/Object; @ 203 c2
Event: 8.327 Thread 0x0000026379ffb300 DEOPT PACKING pc=0x0000026325ff974c sp=0x00000078f8ffed80
Event: 8.327 Thread 0x0000026379ffb300 DEOPT UNPACKING pc=0x00000263259746a2 sp=0x00000078f8ffed10 mode 2
Event: 8.327 Thread 0x0000026379ffb300 Uncommon trap: trap_request=0xffffffc6 fr.pc=0x0000026325ff974c relative=0x000000000000090c
Event: 8.327 Thread 0x0000026379ffb300 Uncommon trap: reason=bimorphic_or_optimized_type_check action=maybe_recompile pc=0x0000026325ff974c method=java.util.HashMap.putVal(ILjava/lang/Object;Ljava/lang/Object;ZZ)Ljava/lang/Object; @ 203 c2
Event: 8.327 Thread 0x0000026379ffb300 DEOPT PACKING pc=0x0000026325ff974c sp=0x00000078f8ffee30
Event: 8.327 Thread 0x0000026379ffb300 DEOPT UNPACKING pc=0x00000263259746a2 sp=0x00000078f8ffedc0 mode 2
Event: 8.386 Thread 0x0000026313cdddf0 Uncommon trap: trap_request=0xffffff45 fr.pc=0x0000026325fcc1d0 relative=0x0000000000000130
Event: 8.386 Thread 0x0000026313cdddf0 Uncommon trap: reason=unstable_if action=reinterpret pc=0x0000026325fcc1d0 method=java.util.Arrays.equals([Ljava/lang/Object;[Ljava/lang/Object;)Z @ 44 c2
Event: 8.386 Thread 0x0000026313cdddf0 DEOPT PACKING pc=0x0000026325fcc1d0 sp=0x00000078f73faaf0
Event: 8.386 Thread 0x0000026313cdddf0 DEOPT UNPACKING pc=0x00000263259746a2 sp=0x00000078f73faa90 mode 2

Classes loaded (20 events):
Event: 8.294 Loading class jdk/internal/vm/annotation/IntrinsicCandidate
Event: 8.294 Loading class jdk/internal/vm/annotation/IntrinsicCandidate done
Event: 8.299 Loading class sun/reflect/annotation/AnnotatedTypeFactory$AnnotatedParameterizedTypeImpl
Event: 8.299 Loading class sun/reflect/annotation/AnnotatedTypeFactory$AnnotatedParameterizedTypeImpl done
Event: 8.300 Loading class sun/reflect/annotation/AnnotatedTypeFactory$AnnotatedWildcardTypeImpl
Event: 8.325 Loading class java/lang/reflect/AnnotatedWildcardType
Event: 8.326 Loading class java/lang/reflect/AnnotatedWildcardType done
Event: 8.326 Loading class sun/reflect/annotation/AnnotatedTypeFactory$AnnotatedWildcardTypeImpl done
Event: 8.326 Loading class sun/reflect/misc/ReflectUtil
Event: 8.326 Loading class sun/reflect/misc/ReflectUtil done
Event: 8.370 Loading class javax/xml/transform/Result
Event: 8.370 Loading class javax/xml/transform/Result done
Event: 8.372 Loading class sun/invoke/util/VerifyAccess$1
Event: 8.372 Loading class sun/invoke/util/VerifyAccess$1 done
Event: 8.372 Loading class javax/xml/transform/TransformerFactory
Event: 8.377 Loading class javax/xml/transform/TransformerFactory done
Event: 8.378 Loading class javax/xml/transform/FactoryFinder
Event: 8.391 Loading class javax/xml/transform/FactoryFinder done
Event: 8.391 Loading class jdk/xml/internal/SecuritySupport
Event: 8.392 Loading class jdk/xml/internal/SecuritySupport done

Classes unloaded (0 events):
No events

Classes redefined (0 events):
No events

Internal exceptions (20 events):
Event: 7.574 Thread 0x0000026313cdddf0 Exception <a 'java/lang/NoSuchMethodError'{0x00000000894cc138}: 'java.lang.Object java.lang.invoke.DirectMethodHandle$Holder.newInvokeSpecial(java.lang.Object, java.lang.Object, java.lang.Object, java.lang.Object, java.lang.Object, java.lang.Object, int)'> (0x00000000894cc138) 
thrown [s\open\src\hotspot\share\interpreter\linkResolver.cpp, line 773]
Event: 7.574 Thread 0x0000026313cdddf0 Exception <a 'java/lang/NoSuchMethodError'{0x00000000894d0c18}: 'java.lang.Object java.lang.invoke.DirectMethodHandle$Holder.invokeSpecial(java.lang.Object, java.lang.Object, java.lang.Object, java.lang.Object, java.lang.Object, java.lang.Object, java.lang.Object, int)'> (0x00000000894d0c18) 
thrown [s\open\src\hotspot\share\interpreter\linkResolver.cpp, line 773]
Event: 7.694 Thread 0x0000026313cdddf0 Exception <a 'java/lang/NoSuchMethodError'{0x000000008920b0f8}: 'void java.lang.invoke.DirectMethodHandle$Holder.invokeStatic(java.lang.Object, java.lang.Object, java.lang.Object, java.lang.Object, java.lang.Object, java.lang.Object)'> (0x000000008920b0f8) 
thrown [s\open\src\hotspot\share\interpreter\linkResolver.cpp, line 773]
Event: 7.826 Thread 0x0000026313cdddf0 Exception <a 'java/lang/NoSuchMethodError'{0x0000000088fc45d8}: 'java.lang.Object java.lang.invoke.DirectMethodHandle$Holder.invokeSpecial(java.lang.Object, java.lang.Object, java.lang.Object, int, java.lang.Object)'> (0x0000000088fc45d8) 
thrown [s\open\src\hotspot\share\interpreter\linkResolver.cpp, line 773]
Event: 7.827 Thread 0x0000026313cdddf0 Exception <a 'java/lang/NoSuchMethodError'{0x0000000088fcbf18}: 'java.lang.Object java.lang.invoke.DirectMethodHandle$Holder.newInvokeSpecial(java.lang.Object, java.lang.Object, java.lang.Object, int, java.lang.Object)'> (0x0000000088fcbf18) 
thrown [s\open\src\hotspot\share\interpreter\linkResolver.cpp, line 773]
Event: 7.828 Thread 0x0000026313cdddf0 Exception <a 'java/lang/NoSuchMethodError'{0x0000000088fd3540}: 'java.lang.Object java.lang.invoke.Invokers$Holder.linkToTargetMethod(java.lang.Object, java.lang.Object, int, java.lang.Object, java.lang.Object)'> (0x0000000088fd3540) 
thrown [s\open\src\hotspot\share\interpreter\linkResolver.cpp, line 773]
Event: 7.829 Thread 0x0000026313cdddf0 Exception <a 'java/lang/NoSuchMethodError'{0x0000000088fe17e0}: 'java.lang.Object java.lang.invoke.DirectMethodHandle$Holder.newInvokeSpecial(java.lang.Object, int, java.lang.Object)'> (0x0000000088fe17e0) 
thrown [s\open\src\hotspot\share\interpreter\linkResolver.cpp, line 773]
Event: 7.896 Thread 0x0000026313cdddf0 Exception <a 'java/lang/NoSuchMethodError'{0x0000000088c706c8}: 'java.lang.Object java.lang.invoke.DirectMethodHandle$Holder.invokeStatic(java.lang.Object, long, java.lang.Object)'> (0x0000000088c706c8) 
thrown [s\open\src\hotspot\share\interpreter\linkResolver.cpp, line 773]
Event: 7.896 Thread 0x0000026313cdddf0 Exception <a 'java/lang/NoSuchMethodError'{0x0000000088c74290}: 'java.lang.Object java.lang.invoke.DirectMethodHandle$Holder.invokeStaticInit(java.lang.Object, long, java.lang.Object)'> (0x0000000088c74290) 
thrown [s\open\src\hotspot\share\interpreter\linkResolver.cpp, line 773]
Event: 7.899 Thread 0x0000026313cdddf0 Exception <a 'java/lang/NoSuchMethodError'{0x0000000088c7a3a8}: 'java.lang.Object java.lang.invoke.DirectMethodHandle$Holder.newInvokeSpecial(java.lang.Object, long)'> (0x0000000088c7a3a8) 
thrown [s\open\src\hotspot\share\interpreter\linkResolver.cpp, line 773]
Event: 7.971 Thread 0x0000026313cdddf0 Implicit null exception at 0x0000026325faacea to 0x0000026325fab148
Event: 7.971 Thread 0x0000026313cdddf0 Exception <a 'java/lang/NoSuchMethodError'{0x0000000088af2338}: 'java.lang.reflect.Field[] java.lang.Class.getDeclaredFields(java.lang.Class)'> (0x0000000088af2338) 
thrown [s\open\src\hotspot\share\interpreter\linkResolver.cpp, line 773]
Event: 7.972 Thread 0x0000026313cdddf0 Exception <a 'java/lang/NoSuchMethodError'{0x0000000088afe6d0}: 'void java.lang.invoke.DelegatingMethodHandle$Holder.delegate(java.lang.Object, java.lang.Object, int, java.lang.Object)'> (0x0000000088afe6d0) 
thrown [s\open\src\hotspot\share\interpreter\linkResolver.cpp, line 773]
Event: 7.996 Thread 0x0000026313cdddf0 Exception <a 'java/lang/NoSuchMethodError'{0x00000000888a66b0}: 'void java.lang.invoke.DirectMethodHandle$Holder.invokeVirtual(java.lang.Object, java.lang.Object, int)'> (0x00000000888a66b0) 
thrown [s\open\src\hotspot\share\interpreter\linkResolver.cpp, line 773]
Event: 7.997 Thread 0x0000026313cdddf0 Exception <a 'java/lang/NoSuchMethodError'{0x00000000888ab330}: 'int java.lang.invoke.DirectMethodHandle$Holder.invokeSpecial(java.lang.Object, java.lang.Object, java.lang.Object, int)'> (0x00000000888ab330) 
thrown [s\open\src\hotspot\share\interpreter\linkResolver.cpp, line 773]
Event: 7.999 Thread 0x0000026313cdddf0 Exception <a 'java/lang/NoSuchMethodError'{0x00000000888bd4b0}: 'java.lang.Object java.lang.invoke.DirectMethodHandle$Holder.invokeStatic(java.lang.Object, java.lang.Object, java.lang.Object, java.lang.Object, int)'> (0x00000000888bd4b0) 
thrown [s\open\src\hotspot\share\interpreter\linkResolver.cpp, line 773]
Event: 8.000 Thread 0x0000026313cdddf0 Exception <a 'java/lang/NoSuchMethodError'{0x0000000088502420}: 'void java.lang.invoke.DelegatingMethodHandle$Holder.reinvoke_L(java.lang.Object, java.lang.Object, int)'> (0x0000000088502420) 
thrown [s\open\src\hotspot\share\interpreter\linkResolver.cpp, line 773]
Event: 8.009 Thread 0x0000026313cdddf0 Exception <a 'java/lang/IncompatibleClassChangeError'{0x0000000088570540}: Found class java.lang.Object, but interface was expected> (0x0000000088570540) 
thrown [s\open\src\hotspot\share\interpreter\linkResolver.cpp, line 840]
Event: 8.031 Thread 0x0000026313cdddf0 Exception <a 'java/lang/NoSuchMethodError'{0x00000000885e3be0}: 'java.lang.Object java.lang.invoke.DirectMethodHandle$Holder.invokeStatic(java.lang.Object, int, java.lang.Object)'> (0x00000000885e3be0) 
thrown [s\open\src\hotspot\share\interpreter\linkResolver.cpp, line 773]
Event: 8.032 Thread 0x0000026313cdddf0 Exception <a 'java/lang/NoSuchMethodError'{0x00000000885e77a0}: 'java.lang.Object java.lang.invoke.DirectMethodHandle$Holder.invokeStaticInit(java.lang.Object, int, java.lang.Object)'> (0x00000000885e77a0) 
thrown [s\open\src\hotspot\share\interpreter\linkResolver.cpp, line 773]

ZGC Phase Switch (0 events):
No events

VM Operations (20 events):
Event: 7.537 Executing VM operation: HandshakeAllThreads (Deoptimize) done
Event: 7.698 Executing VM operation: HandshakeAllThreads (Deoptimize)
Event: 7.699 Executing VM operation: HandshakeAllThreads (Deoptimize) done
Event: 7.777 Executing VM operation: ICBufferFull
Event: 7.777 Executing VM operation: ICBufferFull done
Event: 7.811 Executing VM operation: HandshakeAllThreads (Deoptimize)
Event: 7.811 Executing VM operation: HandshakeAllThreads (Deoptimize) done
Event: 7.946 Executing VM operation: HandshakeAllThreads (Deoptimize)
Event: 7.946 Executing VM operation: HandshakeAllThreads (Deoptimize) done
Event: 7.977 Executing VM operation: ICBufferFull
Event: 7.977 Executing VM operation: ICBufferFull done
Event: 8.209 Executing VM operation: HandshakeAllThreads (Deoptimize)
Event: 8.209 Executing VM operation: HandshakeAllThreads (Deoptimize) done
Event: 8.291 Executing VM operation: HandshakeAllThreads (Deoptimize)
Event: 8.291 Executing VM operation: HandshakeAllThreads (Deoptimize) done
Event: 8.340 Executing VM operation: G1CollectForAllocation (G1 Evacuation Pause)
Event: 8.340 Executing VM operation: G1CollectForAllocation (G1 Evacuation Pause) done
Event: 8.340 Executing VM operation: G1CollectForAllocation (GCLocker Initiated GC)
Event: 8.346 Executing VM operation: G1CollectForAllocation (GCLocker Initiated GC) done
Event: 9.353 Executing VM operation: Cleanup

Events (19 events):
Event: 0.025 Thread 0x0000026313cdddf0 Thread added: 0x0000026313cdddf0
Event: 0.043 Thread 0x00000263328c08c0 Thread added: 0x00000263328c08c0
Event: 0.043 Thread 0x00000263328c3730 Thread added: 0x00000263328c3730
Event: 0.043 Thread 0x00000263328c51a0 Thread added: 0x00000263328c51a0
Event: 0.043 Thread 0x00000263328c67a0 Thread added: 0x00000263328c67a0
Event: 0.043 Thread 0x00000263328c7460 Thread added: 0x00000263328c7460
Event: 0.043 Thread 0x00000263328c8350 Thread added: 0x00000263328c8350
Event: 0.044 Thread 0x00000263328d10f0 Thread added: 0x00000263328d10f0
Event: 0.044 Thread 0x00000263328dea70 Thread added: 0x00000263328dea70
Event: 0.061 Thread 0x0000026332baaf80 Thread added: 0x0000026332baaf80
Event: 0.063 Thread 0x0000026332bab7b0 Thread added: 0x0000026332bab7b0
Event: 0.182 Thread 0x0000026332d80fc0 Thread added: 0x0000026332d80fc0
Event: 0.297 Thread 0x0000026332d51370 Thread added: 0x0000026332d51370
Event: 0.310 Thread 0x0000026332cd6ec0 Thread added: 0x0000026332cd6ec0
Event: 2.636 Thread 0x0000026332d80fc0 Thread exited: 0x0000026332d80fc0
Event: 2.676 Thread 0x0000026378c75270 Thread added: 0x0000026378c75270
Event: 4.813 Thread 0x0000026378c75270 Thread exited: 0x0000026378c75270
Event: 6.534 Thread 0x0000026332c59f70 Thread added: 0x0000026332c59f70
Event: 7.961 Thread 0x0000026379ffb300 Thread added: 0x0000026379ffb300


Dynamic libraries:
0x00007ff75e160000 - 0x00007ff75e170000 	D:\mailon\Java\jdk-21.0.10\bin\java.exe
0x00007ffe20340000 - 0x00007ffe205a7000 	C:\WINDOWS\SYSTEM32\ntdll.dll
0x00007ffe1f710000 - 0x00007ffe1f7d9000 	C:\WINDOWS\System32\KERNEL32.DLL
0x00007ffe1ce40000 - 0x00007ffe1d234000 	C:\WINDOWS\System32\KERNELBASE.dll
0x00007ffe1df80000 - 0x00007ffe1e0cb000 	C:\WINDOWS\System32\ucrtbase.dll
0x00007ffe175d0000 - 0x00007ffe175e9000 	D:\mailon\Java\jdk-21.0.10\bin\jli.dll
0x00007ffe175b0000 - 0x00007ffe175ce000 	D:\mailon\Java\jdk-21.0.10\bin\VCRUNTIME140.dll
0x00007ffe20240000 - 0x00007ffe202f6000 	C:\WINDOWS\System32\ADVAPI32.dll
0x00007ffe1f540000 - 0x00007ffe1f5e9000 	C:\WINDOWS\System32\msvcrt.dll
0x00007ffe1f7e0000 - 0x00007ffe1f887000 	C:\WINDOWS\System32\sechost.dll
0x00007ffe1f5f0000 - 0x00007ffe1f708000 	C:\WINDOWS\System32\RPCRT4.dll
0x00007ffe1ee10000 - 0x00007ffe1efd5000 	C:\WINDOWS\System32\USER32.dll
0x00007ffe1ce10000 - 0x00007ffe1ce37000 	C:\WINDOWS\System32\win32u.dll
0x00007ffe1f890000 - 0x00007ffe1f8bb000 	C:\WINDOWS\System32\GDI32.dll
0x00007ffe0c8f0000 - 0x00007ffe0cb83000 	C:\WINDOWS\WinSxS\amd64_microsoft.windows.common-controls_6595b64144ccf1df_6.0.26100.8115_none_3e075c82e3354f9c\COMCTL32.dll
0x00007ffe1dab0000 - 0x00007ffe1dbdb000 	C:\WINDOWS\System32\gdi32full.dll
0x00007ffe1ded0000 - 0x00007ffe1df73000 	C:\WINDOWS\System32\msvcp_win.dll
0x00007ffe16170000 - 0x00007ffe1617b000 	C:\WINDOWS\SYSTEM32\VERSION.dll
0x00007ffe1e170000 - 0x00007ffe1e1a2000 	C:\WINDOWS\System32\IMM32.DLL
0x00007ffe17510000 - 0x00007ffe1751c000 	D:\mailon\Java\jdk-21.0.10\bin\vcruntime140_1.dll
0x00007ffe02390000 - 0x00007ffe0241d000 	D:\mailon\Java\jdk-21.0.10\bin\msvcp140.dll
0x00007ffd68fa0000 - 0x00007ffd69cc7000 	D:\mailon\Java\jdk-21.0.10\bin\server\jvm.dll
0x00007ffe201b0000 - 0x00007ffe20230000 	C:\WINDOWS\System32\WS2_32.dll
0x00007ffe1ca90000 - 0x00007ffe1caee000 	C:\WINDOWS\SYSTEM32\POWRPROF.dll
0x00007ffdfca90000 - 0x00007ffdfcac6000 	C:\WINDOWS\SYSTEM32\WINMM.dll
0x00007ffe1ca70000 - 0x00007ffe1ca84000 	C:\WINDOWS\SYSTEM32\UMPDC.dll
0x00007ffe1b970000 - 0x00007ffe1b98b000 	C:\WINDOWS\SYSTEM32\kernel.appcore.dll
0x00007ffe17500000 - 0x00007ffe1750a000 	D:\mailon\Java\jdk-21.0.10\bin\jimage.dll
0x00007ffe0d0b0000 - 0x00007ffe0d2f2000 	C:\WINDOWS\SYSTEM32\DBGHELP.DLL
0x00007ffe1e7e0000 - 0x00007ffe1eb62000 	C:\WINDOWS\System32\combase.dll
0x00007ffe1f0d0000 - 0x00007ffe1f1a8000 	C:\WINDOWS\System32\OLEAUT32.dll
0x00007ffe033e0000 - 0x00007ffe0341b000 	C:\WINDOWS\SYSTEM32\dbgcore.DLL
0x00007ffe1dd60000 - 0x00007ffe1de05000 	C:\WINDOWS\System32\bcryptPrimitives.dll
0x00007ffe10450000 - 0x00007ffe10471000 	D:\mailon\Java\jdk-21.0.10\bin\java.dll
0x00007ffe1fa40000 - 0x00007ffe201a7000 	C:\WINDOWS\System32\SHELL32.dll
0x00007ffe1cc10000 - 0x00007ffe1cd7a000 	C:\WINDOWS\System32\wintypes.dll
0x00007ffe1d240000 - 0x00007ffe1daa8000 	C:\WINDOWS\System32\windows.storage.dll
0x00007ffe1f220000 - 0x00007ffe1f318000 	C:\WINDOWS\System32\SHCORE.dll
0x00007ffe1f9d0000 - 0x00007ffe1fa36000 	C:\WINDOWS\System32\shlwapi.dll
0x00007ffe1cb30000 - 0x00007ffe1cb59000 	C:\WINDOWS\SYSTEM32\profapi.dll
0x00007ffe00160000 - 0x00007ffe00237000 	D:\mailon\Java\jdk-21.0.10\bin\jsvml.dll
0x00007ffe10380000 - 0x00007ffe10391000 	D:\mailon\Java\jdk-21.0.10\bin\net.dll
0x00007ffe15b50000 - 0x00007ffe15c7d000 	C:\WINDOWS\SYSTEM32\WINHTTP.dll
0x00007ffe1bed0000 - 0x00007ffe1bf3c000 	C:\WINDOWS\system32\mswsock.dll
0x00007ffe0e890000 - 0x00007ffe0e8a6000 	D:\mailon\Java\jdk-21.0.10\bin\nio.dll
0x00007ffe0e870000 - 0x00007ffe0e888000 	D:\mailon\Java\jdk-21.0.10\bin\zip.dll
0x00007ffe174f0000 - 0x00007ffe174fa000 	D:\mailon\Java\jdk-21.0.10\bin\management.dll
0x00007ffe174b0000 - 0x00007ffe174bc000 	D:\mailon\Java\jdk-21.0.10\bin\management_ext.dll
0x00007ffe1e0d0000 - 0x00007ffe1e0d8000 	C:\WINDOWS\System32\PSAPI.DLL

dbghelp: loaded successfully - version: 4.0.5 - missing functions: none
symbol engine: initialized successfully - sym options: 0x614 - pdb path: .;D:\mailon\Java\jdk-21.0.10\bin;C:\WINDOWS\SYSTEM32;C:\WINDOWS\WinSxS\amd64_microsoft.windows.common-controls_6595b64144ccf1df_6.0.26100.8115_none_3e075c82e3354f9c;D:\mailon\Java\jdk-21.0.10\bin\server

VM Arguments:
java_command: C:\Users\Usuario\AppData\Local\Temp\surefire17103199253738527550\surefirebooter-20260423045907776_3.jar C:\Users\Usuario\AppData\Local\Temp\surefire17103199253738527550 2026-04-23T04-59-07_556-jvmRun1 surefire-20260423045907776_1tmp surefire_0-20260423045907776_2tmp
java_class_path (initial): C:\Users\Usuario\AppData\Local\Temp\surefire17103199253738527550\surefirebooter-20260423045907776_3.jar
Launcher Type: SUN_STANDARD

[Global flags]
     intx CICompilerCount                          = 4                                         {product} {ergonomic}
     uint ConcGCThreads                            = 2                                         {product} {ergonomic}
     uint G1ConcRefinementThreads                  = 8                                         {product} {ergonomic}
   size_t G1HeapRegionSize                         = 1048576                                   {product} {ergonomic}
    uintx GCDrainStackTargetSize                   = 64                                        {product} {ergonomic}
   size_t InitialHeapSize                          = 132120576                                 {product} {ergonomic}
   size_t MarkStackSize                            = 4194304                                   {product} {ergonomic}
   size_t MaxHeapSize                              = 2109734912                                {product} {ergonomic}
   size_t MaxNewSize                               = 1265631232                                {product} {ergonomic}
   size_t MinHeapDeltaBytes                        = 1048576                                   {product} {ergonomic}
   size_t MinHeapSize                              = 8388608                                   {product} {ergonomic}
    uintx NonNMethodCodeHeapSize                   = 5839372                                {pd product} {ergonomic}
    uintx NonProfiledCodeHeapSize                  = 122909434                              {pd product} {ergonomic}
    uintx ProfiledCodeHeapSize                     = 122909434                              {pd product} {ergonomic}
    uintx ReservedCodeCacheSize                    = 251658240                              {pd product} {ergonomic}
     bool SegmentedCodeCache                       = true                                      {product} {ergonomic}
   size_t SoftMaxHeapSize                          = 2109734912                             {manageable} {ergonomic}
     bool UseCompressedOops                        = true                           {product lp64_product} {ergonomic}
     bool UseG1GC                                  = true                                      {product} {ergonomic}
     bool UseLargePagesIndividualAllocation        = false                                  {pd product} {ergonomic}

Logging:
Log output configuration:
 #0: stdout all=warning uptime,level,tags foldmultilines=false
 #1: stderr all=off uptime,level,tags foldmultilines=false

Environment Variables:
JAVA_HOME=D:/mailon/Java/jdk-21.0.10
PATH=D:\Program Files\Git\mingw64\bin;D:\Program Files\Git\usr\bin;C:\Users\Usuario\bin;C:\Program Files\Common Files\Oracle\Java\javapath;C:\WINDOWS\system32;C:\WINDOWS;C:\WINDOWS\System32\Wbem;C:\WINDOWS\System32\WindowsPowerShell\v1.0;C:\WINDOWS\System32\OpenSSH;D:\Program Files\nodejs;D:\mailon\Usuario\Desktop\apache-maven-3.9.14-bin (1)\apache-maven-3.9.14\bin;D:\Program Files\Git\cmd;C:\Users\Usuario\AppData\Local\Programs\Trae\bin;D:\mailon\Usuario\Downloads\ffmpeg-8.0.1-essentials_build\ffmpeg-8.0.1-essentials_build\bin;D:\mailon\Usuario\Desktop\apache-maven-3.9.14-bin (1)\apache-maven-3.9.14\bin;C:\Users\Usuario\AppData\Roaming\npm
USERNAME=Usuario
TERM=xterm-256color
OS=Windows_NT
PROCESSOR_IDENTIFIER=Intel64 Family 6 Model 142 Stepping 12, GenuineIntel
TMP=C:\Users\Usuario\AppData\Local\Temp
TEMP=C:\Users\Usuario\AppData\Local\Temp




Periodic native trim disabled

---------------  S Y S T E M  ---------------

OS:
 Windows 11 , 64 bit Build 26100 (10.0.26100.8246)
OS uptime: 4 days 19:09 hours
Hyper-V role detected

CPU: total 8 (initial active 8) (4 cores per cpu, 2 threads per core) family 6 model 142 stepping 12 microcode 0xde, cx8, cmov, fxsr, ht, mmx, 3dnowpref, sse, sse2, sse3, ssse3, sse4.1, sse4.2, popcnt, lzcnt, tsc, tscinvbit, avx, avx2, aes, erms, clmul, bmi1, bmi2, adx, fma, vzeroupper, clflush, clflushopt, hv, rdtscp, f16c
Processor Information for all 8 processors :
  Max Mhz: 1800, Current Mhz: 1600, Mhz Limit: 1584

Memory: 4k page, system-wide physical 8040M (504M free)
TotalPageFile size 32616M (AvailPageFile size 69M)
current process WorkingSet (physical memory assigned to process): 122M, peak: 165M
current process commit charge ("private bytes"): 205M, peak: 272M

vm_info: Java HotSpot(TM) 64-Bit Server VM (21.0.10+8-LTS-217) for windows-amd64 JRE (21.0.10+8-LTS-217), built on 2025-12-18T14:59:28Z by "mach5run" with MS VC++ 17.13 (VS2022)

END.
