#
# There is insufficient memory for the Java Runtime Environment to continue.
# Native memory allocation (malloc) failed to allocate 1161296 bytes for Chunk::new
# Possible reasons:
#   The system is out of physical RAM or swap space
#   The process is running with CompressedOops enabled, and the Java Heap may be blocking the growth of the native heap
# Possible solutions:
#   Reduce memory load on the system
#   Increase physical memory or swap space
#   Check if swap backing store is full
#   Decrease Java heap size (-Xmx/-Xms)
#   Decrease number of Java threads
#   Decrease Java thread stack sizes (-Xss)
#   Set larger code cache with -XX:ReservedCodeCacheSize=
#   JVM is running with Unscaled Compressed Oops mode in which the Java heap is
#     placed in the first 4GB address space. The Java Heap base address is the
#     maximum limit for the native heap growth. Please use -XX:HeapBaseMinAddress
#     to set the Java Heap base and to place the Java Heap above 4GB virtual address.
# This output file may be truncated or incomplete.
#
#  Out of Memory Error (arena.cpp:168), pid=33220, tid=33320
#
# JRE version: Java(TM) SE Runtime Environment (21.0.10+8) (build 21.0.10+8-LTS-217)
# Java VM: Java HotSpot(TM) 64-Bit Server VM (21.0.10+8-LTS-217, mixed mode, sharing, tiered, compressed oops, compressed class ptrs, g1 gc, windows-amd64)
# No core dump will be written. Minidumps are not enabled by default on client versions of Windows
#

---------------  S U M M A R Y ------------

Command Line: -Dapplication.home=D:\mailon\Java\jdk-21.0.10 --add-modules=ALL-DEFAULT -Xms8m -Xmx256m -Djdk.module.main=jdk.compiler jdk.compiler/com.sun.tools.javac.Main @C:/Users/Usuario/AppData/Local/Temp/org.codehaus.plexus.compiler.javac.JavacCompiler4252321781752089487arguments

Host: Intel(R) Core(TM) i5-8265U CPU @ 1.60GHz, 8 cores, 7G,  Windows 11 , 64 bit Build 26100 (10.0.26100.8246)
Time: Fri Apr 24 03:00:53 2026 Hora oficial do Brasil elapsed time: 6.065047 seconds (0d 0h 0m 6s)

---------------  T H R E A D  ---------------

Current thread (0x0000018c7d1494c0):  JavaThread "C2 CompilerThread2" daemon [_thread_in_native, id=33320, stack(0x0000005247800000,0x0000005247900000) (1024K)]


Current CompileTask:
C2:   6065 3044       4       com.sun.tools.javac.comp.Resolve::findInheritedMemberType (186 bytes)

Stack: [0x0000005247800000,0x0000005247900000]
Native frames: (J=compiled Java code, j=interpreted, Vv=VM code, C=native code)
V  [jvm.dll+0x6d0b59]
V  [jvm.dll+0x85fd56]
V  [jvm.dll+0x86224e]
V  [jvm.dll+0x862923]
V  [jvm.dll+0x282a16]
V  [jvm.dll+0xc662d]
V  [jvm.dll+0xc6b71]
V  [jvm.dll+0x2f800e]
V  [jvm.dll+0x5fadb7]
V  [jvm.dll+0x2549d7]
V  [jvm.dll+0x254d9d]
V  [jvm.dll+0x24d3cf]
V  [jvm.dll+0x24a84e]
V  [jvm.dll+0x1cacfe]
V  [jvm.dll+0x25a629]
V  [jvm.dll+0x258bb5]
V  [jvm.dll+0x3f4da1]
V  [jvm.dll+0x80a83d]
V  [jvm.dll+0x6cf3fd]
C  [ucrtbase.dll+0x37b0]
C  [KERNEL32.DLL+0x2e8d7]
C  [ntdll.dll+0x8c3fc]


---------------  P R O C E S S  ---------------

Threads class SMR info:
_java_thread_list=0x0000018c7e067ee0, length=13, elements={
0x0000018c21a99780, 0x0000018c7d11ef30, 0x0000018c7d122510, 0x0000018c7d1296b0,
0x0000018c7d12c5f0, 0x0000018c7d12dd70, 0x0000018c7d137630, 0x0000018c7d144700,
0x0000018c7d14b6d0, 0x0000018c7d43c770, 0x0000018c7d465f20, 0x0000018c7d148720,
0x0000018c7d1494c0
}

Java Threads: ( => current thread )
  0x0000018c21a99780 JavaThread "main"                              [_thread_in_native, id=34856, stack(0x0000005245e00000,0x0000005245f00000) (1024K)]
  0x0000018c7d11ef30 JavaThread "Reference Handler"          daemon [_thread_blocked, id=26384, stack(0x0000005246600000,0x0000005246700000) (1024K)]
  0x0000018c7d122510 JavaThread "Finalizer"                  daemon [_thread_blocked, id=32028, stack(0x0000005246700000,0x0000005246800000) (1024K)]
  0x0000018c7d1296b0 JavaThread "Signal Dispatcher"          daemon [_thread_blocked, id=25952, stack(0x0000005246800000,0x0000005246900000) (1024K)]
  0x0000018c7d12c5f0 JavaThread "Attach Listener"            daemon [_thread_blocked, id=3884, stack(0x0000005246900000,0x0000005246a00000) (1024K)]
  0x0000018c7d12dd70 JavaThread "Service Thread"             daemon [_thread_blocked, id=19872, stack(0x0000005246a00000,0x0000005246b00000) (1024K)]
  0x0000018c7d137630 JavaThread "Monitor Deflation Thread"   daemon [_thread_blocked, id=7496, stack(0x0000005246b00000,0x0000005246c00000) (1024K)]
  0x0000018c7d144700 JavaThread "C2 CompilerThread0"         daemon [_thread_in_native, id=30844, stack(0x0000005246c00000,0x0000005246d00000) (1024K)]
  0x0000018c7d14b6d0 JavaThread "C1 CompilerThread0"         daemon [_thread_blocked, id=32364, stack(0x0000005246d00000,0x0000005246e00000) (1024K)]
  0x0000018c7d43c770 JavaThread "Notification Thread"        daemon [_thread_blocked, id=35020, stack(0x0000005246e00000,0x0000005246f00000) (1024K)]
  0x0000018c7d465f20 JavaThread "Common-Cleaner"             daemon [_thread_blocked, id=13012, stack(0x0000005246f00000,0x0000005247000000) (1024K)]
  0x0000018c7d148720 JavaThread "C2 CompilerThread1"         daemon [_thread_blocked, id=30272, stack(0x0000005247600000,0x0000005247700000) (1024K)]
=>0x0000018c7d1494c0 JavaThread "C2 CompilerThread2"         daemon [_thread_in_native, id=33320, stack(0x0000005247800000,0x0000005247900000) (1024K)]
Total: 13

Other Threads:
  0x0000018c21b45830 VMThread "VM Thread"                           [id=24756, stack(0x0000005246500000,0x0000005246600000) (1024K)]
  0x0000018c7d11d2b0 WatcherThread "VM Periodic Task Thread"        [id=34272, stack(0x0000005246400000,0x0000005246500000) (1024K)]
  0x0000018c21ab4ed0 WorkerThread "GC Thread#0"                     [id=2032, stack(0x0000005245f00000,0x0000005246000000) (1024K)]
  0x0000018c7d5e2cd0 WorkerThread "GC Thread#1"                     [id=34728, stack(0x0000005247000000,0x0000005247100000) (1024K)]
  0x0000018c7d5be7c0 WorkerThread "GC Thread#2"                     [id=30504, stack(0x0000005247100000,0x0000005247200000) (1024K)]
  0x0000018c7d60d130 WorkerThread "GC Thread#3"                     [id=7584, stack(0x0000005247200000,0x0000005247300000) (1024K)]
  0x0000018c7d9b16c0 WorkerThread "GC Thread#4"                     [id=3432, stack(0x0000005247400000,0x0000005247500000) (1024K)]
  0x0000018c7dd2b5f0 WorkerThread "GC Thread#5"                     [id=26780, stack(0x0000005247500000,0x0000005247600000) (1024K)]
  0x0000018c7df3c600 WorkerThread "GC Thread#6"                     [id=27248, stack(0x0000005247700000,0x0000005247800000) (1024K)]
  0x0000018c21ab7ec0 ConcurrentGCThread "G1 Main Marker"            [id=33868, stack(0x0000005246000000,0x0000005246100000) (1024K)]
  0x0000018c21ab9850 WorkerThread "G1 Conc#0"                       [id=28200, stack(0x0000005246100000,0x0000005246200000) (1024K)]
  0x0000018c7d5e3290 WorkerThread "G1 Conc#1"                       [id=7320, stack(0x0000005247300000,0x0000005247400000) (1024K)]
  0x0000018c21b249e0 ConcurrentGCThread "G1 Refine#0"               [id=34288, stack(0x0000005246200000,0x0000005246300000) (1024K)]
  0x0000018c21b26410 ConcurrentGCThread "G1 Service"                [id=26896, stack(0x0000005246300000,0x0000005246400000) (1024K)]
Total: 14

Threads with active compile tasks:
C2 CompilerThread0     6190 2820       4       com.sun.tools.javac.main.DelegatingJavaFileManager::inferBinaryName (13 bytes)
C2 CompilerThread2     6190 3044       4       com.sun.tools.javac.comp.Resolve::findInheritedMemberType (186 bytes)
Total: 2

VM state: not at safepoint (normal execution)

VM Mutex/Monitor currently owned by a thread: None

Heap address: 0x00000000f0000000, size: 256 MB, Compressed Oops mode: 32-bit

CDS archive(s) mapped at: [0x0000018c3c000000-0x0000018c3cc90000-0x0000018c3cc90000), size 13172736, SharedBaseAddress: 0x0000018c3c000000, ArchiveRelocationMode: 1.
Compressed class space mapped at: 0x0000018c3d000000-0x0000018c7d000000, reserved size: 1073741824
Narrow klass base: 0x0000018c3c000000, Narrow klass shift: 0, Narrow klass range: 0x100000000

GC Precious Log:
 CardTable entry size: 512
 Card Set container configuration: InlinePtr #cards 5 size 8 Array Of Cards #cards 12 size 40 Howl #buckets 4 coarsen threshold 1843 Howl Bitmap #cards 512 size 80 coarsen threshold 460 Card regions per heap region 1 cards per card region 2048
 CPUs: 8 total, 8 available
 Memory: 8040M
 Large Page Support: Disabled
 NUMA Support: Disabled
 Compressed Oops: Enabled (32-bit)
 Heap Region Size: 1M
 Heap Min Capacity: 8M
 Heap Initial Capacity: 8M
 Heap Max Capacity: 256M
 Pre-touch: Disabled
 Parallel Workers: 8
 Concurrent Workers: 2
 Concurrent Refinement Workers: 8
 Periodic GC: Disabled

Heap:
 garbage-first heap   total 86016K, used 53930K [0x00000000f0000000, 0x0000000100000000)
  region size 1024K, 22 young (22528K), 4 survivors (4096K)
 Metaspace       used 11296K, committed 11520K, reserved 1114112K
  class space    used 1144K, committed 1280K, reserved 1048576K

Heap Regions: E=young(eden), S=young(survivor), O=old, HS=humongous(starts), HC=humongous(continues), CS=collection set, F=free, TAMS=top-at-mark-start, PB=parsable bottom
|   0|0x00000000f0000000, 0x00000000f0100000, 0x00000000f0100000|100%| O|  |TAMS 0x00000000f0000000| PB 0x00000000f0000000| Untracked 
|   1|0x00000000f0100000, 0x00000000f0200000, 0x00000000f0200000|100%| O|  |TAMS 0x00000000f0100000| PB 0x00000000f0100000| Untracked 
|   2|0x00000000f0200000, 0x00000000f0300000, 0x00000000f0300000|100%| O|  |TAMS 0x00000000f0200000| PB 0x00000000f0200000| Untracked 
|   3|0x00000000f0300000, 0x00000000f0400000, 0x00000000f0400000|100%| O|  |TAMS 0x00000000f0300000| PB 0x00000000f0300000| Untracked 
|   4|0x00000000f0400000, 0x00000000f0500000, 0x00000000f0500000|100%| O|  |TAMS 0x00000000f0400000| PB 0x00000000f0400000| Untracked 
|   5|0x00000000f0500000, 0x00000000f0600000, 0x00000000f0600000|100%| O|  |TAMS 0x00000000f0500000| PB 0x00000000f0500000| Untracked 
|   6|0x00000000f0600000, 0x00000000f0700000, 0x00000000f0700000|100%| O|  |TAMS 0x00000000f0600000| PB 0x00000000f0600000| Untracked 
|   7|0x00000000f0700000, 0x00000000f0800000, 0x00000000f0800000|100%|HS|  |TAMS 0x00000000f0700000| PB 0x00000000f0700000| Complete 
|   8|0x00000000f0800000, 0x00000000f0900000, 0x00000000f0900000|100%|HS|  |TAMS 0x00000000f0800000| PB 0x00000000f0800000| Complete 
|   9|0x00000000f0900000, 0x00000000f0a00000, 0x00000000f0a00000|100%|HC|  |TAMS 0x00000000f0900000| PB 0x00000000f0900000| Complete 
|  10|0x00000000f0a00000, 0x00000000f0b00000, 0x00000000f0b00000|100%|HC|  |TAMS 0x00000000f0a00000| PB 0x00000000f0a00000| Complete 
|  11|0x00000000f0b00000, 0x00000000f0c00000, 0x00000000f0c00000|100%| O|  |TAMS 0x00000000f0b00000| PB 0x00000000f0b00000| Untracked 
|  12|0x00000000f0c00000, 0x00000000f0d00000, 0x00000000f0d00000|100%| O|  |TAMS 0x00000000f0c00000| PB 0x00000000f0c00000| Untracked 
|  13|0x00000000f0d00000, 0x00000000f0e00000, 0x00000000f0e00000|100%| O|  |TAMS 0x00000000f0d00000| PB 0x00000000f0d00000| Untracked 
|  14|0x00000000f0e00000, 0x00000000f0f00000, 0x00000000f0f00000|100%| O|  |TAMS 0x00000000f0e00000| PB 0x00000000f0e00000| Untracked 
|  15|0x00000000f0f00000, 0x00000000f1000000, 0x00000000f1000000|100%| O|  |TAMS 0x00000000f0f00000| PB 0x00000000f0f00000| Untracked 
|  16|0x00000000f1000000, 0x00000000f1100000, 0x00000000f1100000|100%| O|  |TAMS 0x00000000f1000000| PB 0x00000000f1000000| Untracked 
|  17|0x00000000f1100000, 0x00000000f1200000, 0x00000000f1200000|100%| O|  |TAMS 0x00000000f1100000| PB 0x00000000f1100000| Untracked 
|  18|0x00000000f1200000, 0x00000000f1300000, 0x00000000f1300000|100%| O|  |TAMS 0x00000000f1200000| PB 0x00000000f1200000| Untracked 
|  19|0x00000000f1300000, 0x00000000f1400000, 0x00000000f1400000|100%|HS|  |TAMS 0x00000000f1300000| PB 0x00000000f1300000| Complete 
|  20|0x00000000f1400000, 0x00000000f1500000, 0x00000000f1500000|100%| O|  |TAMS 0x00000000f1400000| PB 0x00000000f1400000| Untracked 
|  21|0x00000000f1500000, 0x00000000f1600000, 0x00000000f1600000|100%| O|  |TAMS 0x00000000f1500000| PB 0x00000000f1500000| Untracked 
|  22|0x00000000f1600000, 0x00000000f1700000, 0x00000000f1700000|100%| O|  |TAMS 0x00000000f1600000| PB 0x00000000f1600000| Untracked 
|  23|0x00000000f1700000, 0x00000000f1800000, 0x00000000f1800000|100%| O|  |TAMS 0x00000000f1700000| PB 0x00000000f1700000| Untracked 
|  24|0x00000000f1800000, 0x00000000f1900000, 0x00000000f1900000|100%| O|  |TAMS 0x00000000f1800000| PB 0x00000000f1800000| Untracked 
|  25|0x00000000f1900000, 0x00000000f1a00000, 0x00000000f1a00000|100%| O|  |TAMS 0x00000000f1900000| PB 0x00000000f1900000| Untracked 
|  26|0x00000000f1a00000, 0x00000000f1b00000, 0x00000000f1b00000|100%| O|  |TAMS 0x00000000f1a00000| PB 0x00000000f1a00000| Untracked 
|  27|0x00000000f1b00000, 0x00000000f1c00000, 0x00000000f1c00000|100%| O|  |TAMS 0x00000000f1b00000| PB 0x00000000f1b00000| Untracked 
|  28|0x00000000f1c00000, 0x00000000f1d00000, 0x00000000f1d00000|100%| O|  |TAMS 0x00000000f1c00000| PB 0x00000000f1c00000| Untracked 
|  29|0x00000000f1d00000, 0x00000000f1daabf8, 0x00000000f1e00000| 66%| O|  |TAMS 0x00000000f1d00000| PB 0x00000000f1d00000| Untracked 
|  30|0x00000000f1e00000, 0x00000000f1f00000, 0x00000000f1f00000|100%|HS|  |TAMS 0x00000000f1e00000| PB 0x00000000f1e00000| Complete 
|  31|0x00000000f1f00000, 0x00000000f2000000, 0x00000000f2000000|100%|HC|  |TAMS 0x00000000f1f00000| PB 0x00000000f1f00000| Complete 
|  32|0x00000000f2000000, 0x00000000f2000000, 0x00000000f2100000|  0%| F|  |TAMS 0x00000000f2000000| PB 0x00000000f2000000| Untracked 
|  33|0x00000000f2100000, 0x00000000f2100000, 0x00000000f2200000|  0%| F|  |TAMS 0x00000000f2100000| PB 0x00000000f2100000| Untracked 
|  34|0x00000000f2200000, 0x00000000f2200000, 0x00000000f2300000|  0%| F|  |TAMS 0x00000000f2200000| PB 0x00000000f2200000| Untracked 
|  35|0x00000000f2300000, 0x00000000f2300000, 0x00000000f2400000|  0%| F|  |TAMS 0x00000000f2300000| PB 0x00000000f2300000| Untracked 
|  36|0x00000000f2400000, 0x00000000f2400000, 0x00000000f2500000|  0%| F|  |TAMS 0x00000000f2400000| PB 0x00000000f2400000| Untracked 
|  37|0x00000000f2500000, 0x00000000f2500000, 0x00000000f2600000|  0%| F|  |TAMS 0x00000000f2500000| PB 0x00000000f2500000| Untracked 
|  38|0x00000000f2600000, 0x00000000f2600000, 0x00000000f2700000|  0%| F|  |TAMS 0x00000000f2600000| PB 0x00000000f2600000| Untracked 
|  39|0x00000000f2700000, 0x00000000f2700000, 0x00000000f2800000|  0%| F|  |TAMS 0x00000000f2700000| PB 0x00000000f2700000| Untracked 
|  40|0x00000000f2800000, 0x00000000f2800000, 0x00000000f2900000|  0%| F|  |TAMS 0x00000000f2800000| PB 0x00000000f2800000| Untracked 
|  41|0x00000000f2900000, 0x00000000f2900000, 0x00000000f2a00000|  0%| F|  |TAMS 0x00000000f2900000| PB 0x00000000f2900000| Untracked 
|  42|0x00000000f2a00000, 0x00000000f2a00000, 0x00000000f2b00000|  0%| F|  |TAMS 0x00000000f2a00000| PB 0x00000000f2a00000| Untracked 
|  43|0x00000000f2b00000, 0x00000000f2b00000, 0x00000000f2c00000|  0%| F|  |TAMS 0x00000000f2b00000| PB 0x00000000f2b00000| Untracked 
|  44|0x00000000f2c00000, 0x00000000f2c00000, 0x00000000f2d00000|  0%| F|  |TAMS 0x00000000f2c00000| PB 0x00000000f2c00000| Untracked 
|  45|0x00000000f2d00000, 0x00000000f2d00000, 0x00000000f2e00000|  0%| F|  |TAMS 0x00000000f2d00000| PB 0x00000000f2d00000| Untracked 
|  46|0x00000000f2e00000, 0x00000000f2e00000, 0x00000000f2f00000|  0%| F|  |TAMS 0x00000000f2e00000| PB 0x00000000f2e00000| Untracked 
|  47|0x00000000f2f00000, 0x00000000f2f00000, 0x00000000f3000000|  0%| F|  |TAMS 0x00000000f2f00000| PB 0x00000000f2f00000| Untracked 
|  48|0x00000000f3000000, 0x00000000f3000000, 0x00000000f3100000|  0%| F|  |TAMS 0x00000000f3000000| PB 0x00000000f3000000| Untracked 
|  49|0x00000000f3100000, 0x00000000f3100000, 0x00000000f3200000|  0%| F|  |TAMS 0x00000000f3100000| PB 0x00000000f3100000| Untracked 
|  50|0x00000000f3200000, 0x00000000f3200000, 0x00000000f3300000|  0%| F|  |TAMS 0x00000000f3200000| PB 0x00000000f3200000| Untracked 
|  51|0x00000000f3300000, 0x00000000f3300000, 0x00000000f3400000|  0%| F|  |TAMS 0x00000000f3300000| PB 0x00000000f3300000| Untracked 
|  52|0x00000000f3400000, 0x00000000f3400000, 0x00000000f3500000|  0%| F|  |TAMS 0x00000000f3400000| PB 0x00000000f3400000| Untracked 
|  53|0x00000000f3500000, 0x00000000f3500000, 0x00000000f3600000|  0%| F|  |TAMS 0x00000000f3500000| PB 0x00000000f3500000| Untracked 
|  54|0x00000000f3600000, 0x00000000f3600000, 0x00000000f3700000|  0%| F|  |TAMS 0x00000000f3600000| PB 0x00000000f3600000| Untracked 
|  55|0x00000000f3700000, 0x00000000f3800000, 0x00000000f3800000|100%| S|CS|TAMS 0x00000000f3700000| PB 0x00000000f3700000| Complete 
|  56|0x00000000f3800000, 0x00000000f3900000, 0x00000000f3900000|100%| S|CS|TAMS 0x00000000f3800000| PB 0x00000000f3800000| Complete 
|  57|0x00000000f3900000, 0x00000000f3a00000, 0x00000000f3a00000|100%| S|CS|TAMS 0x00000000f3900000| PB 0x00000000f3900000| Complete 
|  58|0x00000000f3a00000, 0x00000000f3b00000, 0x00000000f3b00000|100%| S|CS|TAMS 0x00000000f3a00000| PB 0x00000000f3a00000| Complete 
|  59|0x00000000f3b00000, 0x00000000f3b00000, 0x00000000f3c00000|  0%| F|  |TAMS 0x00000000f3b00000| PB 0x00000000f3b00000| Untracked 
|  60|0x00000000f3c00000, 0x00000000f3c00000, 0x00000000f3d00000|  0%| F|  |TAMS 0x00000000f3c00000| PB 0x00000000f3c00000| Untracked 
|  61|0x00000000f3d00000, 0x00000000f3d00000, 0x00000000f3e00000|  0%| F|  |TAMS 0x00000000f3d00000| PB 0x00000000f3d00000| Untracked 
|  62|0x00000000f3e00000, 0x00000000f3e00000, 0x00000000f3f00000|  0%| F|  |TAMS 0x00000000f3e00000| PB 0x00000000f3e00000| Untracked 
|  63|0x00000000f3f00000, 0x00000000f3f00000, 0x00000000f4000000|  0%| F|  |TAMS 0x00000000f3f00000| PB 0x00000000f3f00000| Untracked 
|  64|0x00000000f4000000, 0x00000000f4000000, 0x00000000f4100000|  0%| F|  |TAMS 0x00000000f4000000| PB 0x00000000f4000000| Untracked 
|  65|0x00000000f4100000, 0x00000000f4130030, 0x00000000f4200000| 18%| E|  |TAMS 0x00000000f4100000| PB 0x00000000f4100000| Complete 
|  66|0x00000000f4200000, 0x00000000f4300000, 0x00000000f4300000|100%| E|  |TAMS 0x00000000f4200000| PB 0x00000000f4200000| Complete 
|  67|0x00000000f4300000, 0x00000000f4400000, 0x00000000f4400000|100%| E|CS|TAMS 0x00000000f4300000| PB 0x00000000f4300000| Complete 
|  68|0x00000000f4400000, 0x00000000f4500000, 0x00000000f4500000|100%| E|CS|TAMS 0x00000000f4400000| PB 0x00000000f4400000| Complete 
|  69|0x00000000f4500000, 0x00000000f4600000, 0x00000000f4600000|100%| E|CS|TAMS 0x00000000f4500000| PB 0x00000000f4500000| Complete 
|  70|0x00000000f4600000, 0x00000000f4700000, 0x00000000f4700000|100%| E|CS|TAMS 0x00000000f4600000| PB 0x00000000f4600000| Complete 
|  71|0x00000000f4700000, 0x00000000f4800000, 0x00000000f4800000|100%| E|CS|TAMS 0x00000000f4700000| PB 0x00000000f4700000| Complete 
|  72|0x00000000f4800000, 0x00000000f4900000, 0x00000000f4900000|100%| E|CS|TAMS 0x00000000f4800000| PB 0x00000000f4800000| Complete 
|  73|0x00000000f4900000, 0x00000000f4a00000, 0x00000000f4a00000|100%| E|CS|TAMS 0x00000000f4900000| PB 0x00000000f4900000| Complete 
|  74|0x00000000f4a00000, 0x00000000f4b00000, 0x00000000f4b00000|100%| E|CS|TAMS 0x00000000f4a00000| PB 0x00000000f4a00000| Complete 
|  75|0x00000000f4b00000, 0x00000000f4c00000, 0x00000000f4c00000|100%| E|CS|TAMS 0x00000000f4b00000| PB 0x00000000f4b00000| Complete 
|  76|0x00000000f4c00000, 0x00000000f4d00000, 0x00000000f4d00000|100%| E|CS|TAMS 0x00000000f4c00000| PB 0x00000000f4c00000| Complete 
|  77|0x00000000f4d00000, 0x00000000f4e00000, 0x00000000f4e00000|100%| E|CS|TAMS 0x00000000f4d00000| PB 0x00000000f4d00000| Complete 
|  78|0x00000000f4e00000, 0x00000000f4f00000, 0x00000000f4f00000|100%| E|CS|TAMS 0x00000000f4e00000| PB 0x00000000f4e00000| Complete 
|  79|0x00000000f4f00000, 0x00000000f5000000, 0x00000000f5000000|100%| E|CS|TAMS 0x00000000f4f00000| PB 0x00000000f4f00000| Complete 
|  80|0x00000000f5000000, 0x00000000f5100000, 0x00000000f5100000|100%| E|CS|TAMS 0x00000000f5000000| PB 0x00000000f5000000| Complete 
|  81|0x00000000f5100000, 0x00000000f5200000, 0x00000000f5200000|100%| E|CS|TAMS 0x00000000f5100000| PB 0x00000000f5100000| Complete 
|  82|0x00000000f5200000, 0x00000000f5300000, 0x00000000f5300000|100%| E|CS|TAMS 0x00000000f5200000| PB 0x00000000f5200000| Complete 
|  83|0x00000000f5300000, 0x00000000f5400000, 0x00000000f5400000|100%| E|CS|TAMS 0x00000000f5300000| PB 0x00000000f5300000| Complete 

Card table byte_map: [0x0000018c1fa10000,0x0000018c1fa90000] _byte_map_base: 0x0000018c1f290000

Marking Bits: (CMBitMap*) 0x0000018c21ab55e0
 Bits: [0x0000018c39270000, 0x0000018c39670000)

Polling page: 0x0000018c1f910000

Metaspace:

Usage:
  Non-class:      9.92 MB used.
      Class:      1.12 MB used.
       Both:     11.04 MB used.

Virtual space:
  Non-class space:       64.00 MB reserved,      10.00 MB ( 16%) committed,  1 nodes.
      Class space:        1.00 GB reserved,       1.25 MB ( <1%) committed,  1 nodes.
             Both:        1.06 GB reserved,      11.25 MB (  1%) committed. 

Chunk freelists:
   Non-Class:  4.45 MB
       Class:  14.80 MB
        Both:  19.25 MB

MaxMetaspaceSize: unlimited
CompressedClassSpaceSize: 1.00 GB
Initial GC threshold: 21.00 MB
Current GC threshold: 21.00 MB
CDS: on
 - commit_granule_bytes: 65536.
 - commit_granule_words: 8192.
 - virtual_space_node_default_size: 8388608.
 - enlarge_chunks_in_place: 1.
 - use_allocation_guard: 0.


Internal statistics:

num_allocs_failed_limit: 0.
num_arena_births: 78.
num_arena_deaths: 0.
num_vsnodes_births: 2.
num_vsnodes_deaths: 0.
num_space_committed: 180.
num_space_uncommitted: 0.
num_chunks_returned_to_freelist: 0.
num_chunks_taken_from_freelist: 436.
num_chunk_merges: 0.
num_chunk_splits: 312.
num_chunks_enlarged: 254.
num_inconsistent_stats: 0.

CodeHeap 'non-profiled nmethods': size=120000Kb used=1546Kb max_used=1546Kb free=118453Kb
 bounds [0x0000018c31a10000, 0x0000018c31c80000, 0x0000018c38f40000]
CodeHeap 'profiled nmethods': size=120000Kb used=6773Kb max_used=6773Kb free=113226Kb
 bounds [0x0000018c29f40000, 0x0000018c2a5e0000, 0x0000018c31470000]
CodeHeap 'non-nmethods': size=5760Kb used=1380Kb max_used=1466Kb free=4380Kb
 bounds [0x0000018c31470000, 0x0000018c316e0000, 0x0000018c31a10000]
 total_blobs=3485 nmethods=3011 adapters=378
 compilation: enabled
              stopped_count=0, restarted_count=0
 full_count=0

Compilation events (20 events):
Event: 5.766 Thread 0x0000018c7d14b6d0 nmethod 3236 0x0000018c2a5c5290 code [0x0000018c2a5c5440, 0x0000018c2a5c5600]
Event: 5.766 Thread 0x0000018c7d14b6d0 3237       3       com.sun.tools.javac.code.Symbol$MethodSymbol::params (138 bytes)
Event: 5.768 Thread 0x0000018c7d14b6d0 nmethod 3237 0x0000018c2a5c5690 code [0x0000018c2a5c5a00, 0x0000018c2a5c6f90]
Event: 5.768 Thread 0x0000018c7d14b6d0 3232       3       com.sun.tools.javac.code.Type$ClassType::asElement (5 bytes)
Event: 5.768 Thread 0x0000018c7d14b6d0 nmethod 3232 0x0000018c2a5c7710 code [0x0000018c2a5c78a0, 0x0000018c2a5c79c0]
Event: 5.773 Thread 0x0000018c7d148720 nmethod 3194 0x0000018c31b7f810 code [0x0000018c31b7f9c0, 0x0000018c31b7fe68]
Event: 5.773 Thread 0x0000018c7d148720 3196       4       java.util.LinkedHashMap$LinkedHashIterator::nextNode (68 bytes)
Event: 5.777 Thread 0x0000018c7d148720 nmethod 3196 0x0000018c31b80090 code [0x0000018c31b80220, 0x0000018c31b80508]
Event: 5.777 Thread 0x0000018c7d148720 3195       4       java.util.LinkedHashMap$LinkedKeyIterator::next (8 bytes)
Event: 5.781 Thread 0x0000018c7d148720 nmethod 3195 0x0000018c31b80610 code [0x0000018c31b807a0, 0x0000018c31b80a88]
Event: 5.781 Thread 0x0000018c7d148720 3204       4       java.util.HashMap::containsKey (14 bytes)
Event: 5.953 Thread 0x0000018c7d148720 nmethod 3204 0x0000018c31b80b90 code [0x0000018c31b80d80, 0x0000018c31b81458]
Event: 5.953 Thread 0x0000018c7d148720 3203       4       java.util.HashMap::remove (26 bytes)
Event: 5.962 Thread 0x0000018c7d144700 nmethod 2797 0x0000018c31b81a10 code [0x0000018c31b82260, 0x0000018c31b89bf0]
Event: 5.972 Thread 0x0000018c7d144700 2822       4       jdk.nio.zipfs.ZipPath::equals (38 bytes)
Event: 5.977 Thread 0x0000018c7d144700 nmethod 2822 0x0000018c31b8d210 code [0x0000018c31b8d3c0, 0x0000018c31b8d5d8]
Event: 5.977 Thread 0x0000018c7d144700 2820       4       com.sun.tools.javac.main.DelegatingJavaFileManager::inferBinaryName (13 bytes)
Event: 5.982 Thread 0x0000018c7d148720 nmethod 3203 0x0000018c31b8d790 code [0x0000018c31b8d980, 0x0000018c31b8e468]
Event: 5.982 Thread 0x0000018c7d148720 2830       4       com.sun.tools.javac.util.Dependencies$DummyDependencies::pop (1 bytes)
Event: 5.982 Thread 0x0000018c7d148720 nmethod 2830 0x0000018c31b8e810 code [0x0000018c31b8e9a0, 0x0000018c31b8ea28]

GC Heap History (20 events):
Event: 1.154 GC heap before
{Heap before GC invocations=7 (full 0):
 garbage-first heap   total 39936K, used 21563K [0x00000000f0000000, 0x0000000100000000)
  region size 1024K, 11 young (11264K), 1 survivors (1024K)
 Metaspace       used 3190K, committed 3392K, reserved 1114112K
  class space    used 343K, committed 448K, reserved 1048576K
}
Event: 1.167 GC heap after
{Heap after GC invocations=8 (full 0):
 garbage-first heap   total 39936K, used 15748K [0x00000000f0000000, 0x0000000100000000)
  region size 1024K, 2 young (2048K), 2 survivors (2048K)
 Metaspace       used 3190K, committed 3392K, reserved 1114112K
  class space    used 343K, committed 448K, reserved 1048576K
}
Event: 2.103 GC heap before
{Heap before GC invocations=8 (full 0):
 garbage-first heap   total 39936K, used 22916K [0x00000000f0000000, 0x0000000100000000)
  region size 1024K, 10 young (10240K), 2 survivors (2048K)
 Metaspace       used 7954K, committed 8192K, reserved 1114112K
  class space    used 906K, committed 1024K, reserved 1048576K
}
Event: 2.111 GC heap after
{Heap after GC invocations=9 (full 0):
 garbage-first heap   total 39936K, used 17244K [0x00000000f0000000, 0x0000000100000000)
  region size 1024K, 2 young (2048K), 2 survivors (2048K)
 Metaspace       used 7954K, committed 8192K, reserved 1114112K
  class space    used 906K, committed 1024K, reserved 1048576K
}
Event: 2.792 GC heap before
{Heap before GC invocations=9 (full 0):
 garbage-first heap   total 39936K, used 24412K [0x00000000f0000000, 0x0000000100000000)
  region size 1024K, 10 young (10240K), 2 survivors (2048K)
 Metaspace       used 9036K, committed 9216K, reserved 1114112K
  class space    used 977K, committed 1088K, reserved 1048576K
}
Event: 2.801 GC heap after
{Heap after GC invocations=10 (full 0):
 garbage-first heap   total 39936K, used 19195K [0x00000000f0000000, 0x0000000100000000)
  region size 1024K, 2 young (2048K), 2 survivors (2048K)
 Metaspace       used 9036K, committed 9216K, reserved 1114112K
  class space    used 977K, committed 1088K, reserved 1048576K
}
Event: 3.365 GC heap before
{Heap before GC invocations=10 (full 0):
 garbage-first heap   total 39936K, used 25339K [0x00000000f0000000, 0x0000000100000000)
  region size 1024K, 9 young (9216K), 2 survivors (2048K)
 Metaspace       used 9468K, committed 9600K, reserved 1114112K
  class space    used 1016K, committed 1088K, reserved 1048576K
}
Event: 3.373 GC heap after
{Heap after GC invocations=11 (full 0):
 garbage-first heap   total 39936K, used 21472K [0x00000000f0000000, 0x0000000100000000)
  region size 1024K, 2 young (2048K), 2 survivors (2048K)
 Metaspace       used 9468K, committed 9600K, reserved 1114112K
  class space    used 1016K, committed 1088K, reserved 1048576K
}
Event: 3.550 GC heap before
{Heap before GC invocations=12 (full 0):
 garbage-first heap   total 39936K, used 28640K [0x00000000f0000000, 0x0000000100000000)
  region size 1024K, 10 young (10240K), 2 survivors (2048K)
 Metaspace       used 9479K, committed 9600K, reserved 1114112K
  class space    used 1016K, committed 1088K, reserved 1048576K
}
Event: 3.561 GC heap after
{Heap after GC invocations=13 (full 0):
 garbage-first heap   total 39936K, used 24097K [0x00000000f0000000, 0x0000000100000000)
  region size 1024K, 2 young (2048K), 2 survivors (2048K)
 Metaspace       used 9479K, committed 9600K, reserved 1114112K
  class space    used 1016K, committed 1088K, reserved 1048576K
}
Event: 3.791 GC heap before
{Heap before GC invocations=13 (full 0):
 garbage-first heap   total 39936K, used 30241K [0x00000000f0000000, 0x0000000100000000)
  region size 1024K, 9 young (9216K), 2 survivors (2048K)
 Metaspace       used 9491K, committed 9664K, reserved 1114112K
  class space    used 1016K, committed 1088K, reserved 1048576K
}
Event: 3.801 GC heap after
{Heap after GC invocations=14 (full 0):
 garbage-first heap   total 39936K, used 24745K [0x00000000f0000000, 0x0000000100000000)
  region size 1024K, 2 young (2048K), 2 survivors (2048K)
 Metaspace       used 9491K, committed 9664K, reserved 1114112K
  class space    used 1016K, committed 1088K, reserved 1048576K
}
Event: 3.980 GC heap before
{Heap before GC invocations=14 (full 0):
 garbage-first heap   total 39936K, used 29865K [0x00000000f0000000, 0x0000000100000000)
  region size 1024K, 8 young (8192K), 2 survivors (2048K)
 Metaspace       used 9501K, committed 9664K, reserved 1114112K
  class space    used 1016K, committed 1088K, reserved 1048576K
}
Event: 3.986 GC heap after
{Heap after GC invocations=15 (full 0):
 garbage-first heap   total 39936K, used 27057K [0x00000000f0000000, 0x0000000100000000)
  region size 1024K, 1 young (1024K), 1 survivors (1024K)
 Metaspace       used 9501K, committed 9664K, reserved 1114112K
  class space    used 1016K, committed 1088K, reserved 1048576K
}
Event: 4.129 GC heap before
{Heap before GC invocations=16 (full 0):
 garbage-first heap   total 43008K, used 29105K [0x00000000f0000000, 0x0000000100000000)
  region size 1024K, 7 young (7168K), 1 survivors (1024K)
 Metaspace       used 9512K, committed 9664K, reserved 1114112K
  class space    used 1016K, committed 1088K, reserved 1048576K
}
Event: 4.133 GC heap after
{Heap after GC invocations=17 (full 0):
 garbage-first heap   total 43008K, used 26215K [0x00000000f0000000, 0x0000000100000000)
  region size 1024K, 1 young (1024K), 1 survivors (1024K)
 Metaspace       used 9512K, committed 9664K, reserved 1114112K
  class space    used 1016K, committed 1088K, reserved 1048576K
}
Event: 4.271 GC heap before
{Heap before GC invocations=17 (full 0):
 garbage-first heap   total 43008K, used 32359K [0x00000000f0000000, 0x0000000100000000)
  region size 1024K, 8 young (8192K), 1 survivors (1024K)
 Metaspace       used 9524K, committed 9664K, reserved 1114112K
  class space    used 1016K, committed 1088K, reserved 1048576K
}
Event: 4.277 GC heap after
{Heap after GC invocations=18 (full 0):
 garbage-first heap   total 86016K, used 28190K [0x00000000f0000000, 0x0000000100000000)
  region size 1024K, 1 young (1024K), 1 survivors (1024K)
 Metaspace       used 9524K, committed 9664K, reserved 1114112K
  class space    used 1016K, committed 1088K, reserved 1048576K
}
Event: 5.147 GC heap before
{Heap before GC invocations=18 (full 0):
 garbage-first heap   total 86016K, used 53790K [0x00000000f0000000, 0x0000000100000000)
  region size 1024K, 26 young (26624K), 1 survivors (1024K)
 Metaspace       used 10570K, committed 10752K, reserved 1114112K
  class space    used 1097K, committed 1152K, reserved 1048576K
}
Event: 5.165 GC heap after
{Heap after GC invocations=19 (full 0):
 garbage-first heap   total 86016K, used 34474K [0x00000000f0000000, 0x0000000100000000)
  region size 1024K, 4 young (4096K), 4 survivors (4096K)
 Metaspace       used 10570K, committed 10752K, reserved 1114112K
  class space    used 1097K, committed 1152K, reserved 1048576K
}

Dll operation events (6 events):
Event: 0.016 Loaded shared library D:\mailon\Java\jdk-21.0.10\bin\java.dll
Event: 0.066 Loaded shared library D:\mailon\Java\jdk-21.0.10\bin\jsvml.dll
Event: 0.149 Loaded shared library D:\mailon\Java\jdk-21.0.10\bin\jimage.dll
Event: 0.365 Loaded shared library D:\mailon\Java\jdk-21.0.10\bin\net.dll
Event: 0.370 Loaded shared library D:\mailon\Java\jdk-21.0.10\bin\nio.dll
Event: 0.794 Loaded shared library D:\mailon\Java\jdk-21.0.10\bin\zip.dll

Deoptimization events (20 events):
Event: 5.572 Thread 0x0000018c21a99780 Uncommon trap: trap_request=0xffffffc6 fr.pc=0x0000018c31b6d8bc relative=0x000000000000049c
Event: 5.572 Thread 0x0000018c21a99780 Uncommon trap: reason=bimorphic_or_optimized_type_check action=maybe_recompile pc=0x0000018c31b6d8bc method=com.sun.tools.javac.code.Type$ClassType.isErroneous()Z @ 1 c2
Event: 5.572 Thread 0x0000018c21a99780 DEOPT PACKING pc=0x0000018c31b6d8bc sp=0x0000005245efe1f0
Event: 5.572 Thread 0x0000018c21a99780 DEOPT UNPACKING pc=0x0000018c314c46a2 sp=0x0000005245efe1a8 mode 2
Event: 5.572 Thread 0x0000018c21a99780 Uncommon trap: trap_request=0xffffff45 fr.pc=0x0000018c31b38888 relative=0x0000000000000068
Event: 5.573 Thread 0x0000018c21a99780 Uncommon trap: reason=unstable_if action=reinterpret pc=0x0000018c31b38888 method=java.lang.Enum.hashCode()I @ 6 c2
Event: 5.573 Thread 0x0000018c21a99780 DEOPT PACKING pc=0x0000018c31b38888 sp=0x0000005245efd380
Event: 5.573 Thread 0x0000018c21a99780 DEOPT UNPACKING pc=0x0000018c314c46a2 sp=0x0000005245efd318 mode 2
Event: 5.573 Thread 0x0000018c21a99780 Uncommon trap: trap_request=0xffffffc6 fr.pc=0x0000018c31b6d8bc relative=0x000000000000049c
Event: 5.573 Thread 0x0000018c21a99780 Uncommon trap: reason=bimorphic_or_optimized_type_check action=maybe_recompile pc=0x0000018c31b6d8bc method=com.sun.tools.javac.code.Type$ClassType.isErroneous()Z @ 1 c2
Event: 5.573 Thread 0x0000018c21a99780 DEOPT PACKING pc=0x0000018c31b6d8bc sp=0x0000005245efe9e0
Event: 5.573 Thread 0x0000018c21a99780 DEOPT UNPACKING pc=0x0000018c314c46a2 sp=0x0000005245efe9a0 mode 2
Event: 5.573 Thread 0x0000018c21a99780 Uncommon trap: trap_request=0xffffffc6 fr.pc=0x0000018c31b6d8bc relative=0x000000000000049c
Event: 5.573 Thread 0x0000018c21a99780 Uncommon trap: reason=bimorphic_or_optimized_type_check action=maybe_recompile pc=0x0000018c31b6d8bc method=com.sun.tools.javac.code.Type$ClassType.isErroneous()Z @ 1 c2
Event: 5.573 Thread 0x0000018c21a99780 DEOPT PACKING pc=0x0000018c31b6d8bc sp=0x0000005245efeb30
Event: 5.573 Thread 0x0000018c21a99780 DEOPT UNPACKING pc=0x0000018c314c46a2 sp=0x0000005245efeaf0 mode 2
Event: 5.662 Thread 0x0000018c21a99780 Uncommon trap: trap_request=0xffffffc6 fr.pc=0x0000018c31b6d8bc relative=0x000000000000049c
Event: 5.662 Thread 0x0000018c21a99780 Uncommon trap: reason=bimorphic_or_optimized_type_check action=maybe_recompile pc=0x0000018c31b6d8bc method=com.sun.tools.javac.code.Type$ClassType.isErroneous()Z @ 1 c2
Event: 5.662 Thread 0x0000018c21a99780 DEOPT PACKING pc=0x0000018c31b6d8bc sp=0x0000005245efeb50
Event: 5.662 Thread 0x0000018c21a99780 DEOPT UNPACKING pc=0x0000018c314c46a2 sp=0x0000005245efeb10 mode 2

Classes loaded (20 events):
Event: 4.354 Loading class java/lang/invoke/MethodHandle$1 done
Event: 4.355 Loading class java/util/stream/Nodes$SpinedNodeBuilder
Event: 4.366 Loading class java/util/stream/SpinedBuffer
Event: 4.380 Loading class java/util/stream/AbstractSpinedBuffer
Event: 4.384 Loading class java/util/stream/AbstractSpinedBuffer done
Event: 4.385 Loading class java/util/stream/SpinedBuffer done
Event: 4.385 Loading class java/util/stream/Nodes$SpinedNodeBuilder done
Event: 4.385 Loading class sun/nio/fs/WindowsPath$WindowsPathWithAttributes
Event: 4.386 Loading class sun/nio/fs/WindowsPath$WindowsPathWithAttributes done
Event: 4.442 Loading class java/util/LinkedList$Node
Event: 4.443 Loading class java/util/LinkedList$Node done
Event: 4.567 Loading class java/nio/file/FileTreeWalker$1
Event: 4.567 Loading class java/nio/file/FileTreeWalker$1 done
Event: 5.600 Loading class java/util/stream/ReduceOps$1
Event: 5.620 Loading class java/util/stream/ReduceOps$1 done
Event: 5.621 Loading class java/util/stream/ReduceOps$1ReducingSink
Event: 5.632 Loading class java/util/stream/ReduceOps$1ReducingSink done
Event: 5.767 Loading class java/lang/reflect/InvocationTargetException
Event: 5.788 Loading class java/lang/reflect/InvocationTargetException done
Event: 5.949 Loading class java/util/zip/ZipInputStream

Classes unloaded (0 events):
No events

Classes redefined (0 events):
No events

Internal exceptions (20 events):
Event: 5.333 Thread 0x0000018c21a99780 Exception <a 'sun/nio/fs/WindowsException'{0x00000000f4cc02c8}> (0x00000000f4cc02c8) 
thrown [s\open\src\hotspot\share\prims\jni.cpp, line 520]
Event: 5.334 Thread 0x0000018c21a99780 Exception <a 'sun/nio/fs/WindowsException'{0x00000000f4b03ba0}> (0x00000000f4b03ba0) 
thrown [s\open\src\hotspot\share\prims\jni.cpp, line 520]
Event: 5.336 Thread 0x0000018c21a99780 Exception <a 'sun/nio/fs/WindowsException'{0x00000000f4bc1750}> (0x00000000f4bc1750) 
thrown [s\open\src\hotspot\share\prims\jni.cpp, line 520]
Event: 5.337 Thread 0x0000018c21a99780 Exception <a 'sun/nio/fs/WindowsException'{0x00000000f4bc2160}> (0x00000000f4bc2160) 
thrown [s\open\src\hotspot\share\prims\jni.cpp, line 520]
Event: 5.341 Thread 0x0000018c21a99780 Exception <a 'sun/nio/fs/WindowsException'{0x00000000f4a04388}> (0x00000000f4a04388) 
thrown [s\open\src\hotspot\share\prims\jni.cpp, line 520]
Event: 5.341 Thread 0x0000018c21a99780 Exception <a 'sun/nio/fs/WindowsException'{0x00000000f4a0b8a8}> (0x00000000f4a0b8a8) 
thrown [s\open\src\hotspot\share\prims\jni.cpp, line 520]
Event: 5.342 Thread 0x0000018c21a99780 Exception <a 'sun/nio/fs/WindowsException'{0x00000000f4a1eb80}> (0x00000000f4a1eb80) 
thrown [s\open\src\hotspot\share\prims\jni.cpp, line 520]
Event: 5.342 Thread 0x0000018c21a99780 Exception <a 'sun/nio/fs/WindowsException'{0x00000000f4a1f5b8}> (0x00000000f4a1f5b8) 
thrown [s\open\src\hotspot\share\prims\jni.cpp, line 520]
Event: 5.351 Thread 0x0000018c21a99780 Exception <a 'sun/nio/fs/WindowsException'{0x00000000f4a658e8}> (0x00000000f4a658e8) 
thrown [s\open\src\hotspot\share\prims\jni.cpp, line 520]
Event: 5.351 Thread 0x0000018c21a99780 Exception <a 'sun/nio/fs/WindowsException'{0x00000000f4a79a70}> (0x00000000f4a79a70) 
thrown [s\open\src\hotspot\share\prims\jni.cpp, line 520]
Event: 5.352 Thread 0x0000018c21a99780 Exception <a 'sun/nio/fs/WindowsException'{0x00000000f4aa9940}> (0x00000000f4aa9940) 
thrown [s\open\src\hotspot\share\prims\jni.cpp, line 520]
Event: 5.352 Thread 0x0000018c21a99780 Exception <a 'sun/nio/fs/WindowsException'{0x00000000f4aaa310}> (0x00000000f4aaa310) 
thrown [s\open\src\hotspot\share\prims\jni.cpp, line 520]
Event: 5.353 Thread 0x0000018c21a99780 Exception <a 'sun/nio/fs/WindowsException'{0x00000000f4aae180}> (0x00000000f4aae180) 
thrown [s\open\src\hotspot\share\prims\jni.cpp, line 520]
Event: 5.354 Thread 0x0000018c21a99780 Exception <a 'sun/nio/fs/WindowsException'{0x00000000f4abcd40}> (0x00000000f4abcd40) 
thrown [s\open\src\hotspot\share\prims\jni.cpp, line 520]
Event: 5.354 Thread 0x0000018c21a99780 Exception <a 'sun/nio/fs/WindowsException'{0x00000000f4ae40b8}> (0x00000000f4ae40b8) 
thrown [s\open\src\hotspot\share\prims\jni.cpp, line 520]
Event: 5.354 Thread 0x0000018c21a99780 Exception <a 'sun/nio/fs/WindowsException'{0x00000000f4ae4ac8}> (0x00000000f4ae4ac8) 
thrown [s\open\src\hotspot\share\prims\jni.cpp, line 520]
Event: 5.465 Thread 0x0000018c21a99780 Exception <a 'sun/nio/fs/WindowsException'{0x00000000f484d870}> (0x00000000f484d870) 
thrown [s\open\src\hotspot\share\prims\jni.cpp, line 520]
Event: 5.465 Thread 0x0000018c21a99780 Exception <a 'sun/nio/fs/WindowsException'{0x00000000f4850530}> (0x00000000f4850530) 
thrown [s\open\src\hotspot\share\prims\jni.cpp, line 520]
Event: 5.466 Thread 0x0000018c21a99780 Exception <a 'sun/nio/fs/WindowsException'{0x00000000f4856c68}> (0x00000000f4856c68) 
thrown [s\open\src\hotspot\share\prims\jni.cpp, line 520]
Event: 5.467 Thread 0x0000018c21a99780 Exception <a 'sun/nio/fs/WindowsException'{0x00000000f4857688}> (0x00000000f4857688) 
thrown [s\open\src\hotspot\share\prims\jni.cpp, line 520]

ZGC Phase Switch (0 events):
No events

VM Operations (20 events):
Event: 4.353 Executing VM operation: HandshakeAllThreads (Deoptimize)
Event: 4.353 Executing VM operation: HandshakeAllThreads (Deoptimize) done
Event: 4.386 Executing VM operation: HandshakeAllThreads (Deoptimize)
Event: 4.386 Executing VM operation: HandshakeAllThreads (Deoptimize) done
Event: 4.704 Executing VM operation: ICBufferFull
Event: 4.704 Executing VM operation: ICBufferFull done
Event: 4.787 Executing VM operation: HandshakeAllThreads (Deoptimize)
Event: 4.787 Executing VM operation: HandshakeAllThreads (Deoptimize) done
Event: 4.905 Executing VM operation: ICBufferFull
Event: 4.905 Executing VM operation: ICBufferFull done
Event: 5.124 Executing VM operation: ICBufferFull
Event: 5.124 Executing VM operation: ICBufferFull done
Event: 5.147 Executing VM operation: G1CollectForAllocation (G1 Evacuation Pause)
Event: 5.165 Executing VM operation: G1CollectForAllocation (G1 Evacuation Pause) done
Event: 5.465 Executing VM operation: ICBufferFull
Event: 5.466 Executing VM operation: ICBufferFull done
Event: 5.621 Executing VM operation: HandshakeAllThreads (Deoptimize)
Event: 5.621 Executing VM operation: HandshakeAllThreads (Deoptimize) done
Event: 5.753 Executing VM operation: ICBufferFull
Event: 5.753 Executing VM operation: ICBufferFull done

Events (20 events):
Event: 4.017 Thread 0x0000018c21b45830 flushing nmethod 0x0000018c2a128710
Event: 4.017 Thread 0x0000018c21b45830 flushing nmethod 0x0000018c2a129710
Event: 4.017 Thread 0x0000018c21b45830 flushing nmethod 0x0000018c2a129a90
Event: 4.017 Thread 0x0000018c21b45830 flushing nmethod 0x0000018c2a12a790
Event: 4.017 Thread 0x0000018c21b45830 flushing nmethod 0x0000018c2a12d310
Event: 4.017 Thread 0x0000018c21b45830 flushing nmethod 0x0000018c2a12e490
Event: 4.017 Thread 0x0000018c21b45830 flushing nmethod 0x0000018c2a12fb10
Event: 4.017 Thread 0x0000018c21b45830 flushing nmethod 0x0000018c2a130310
Event: 4.017 Thread 0x0000018c21b45830 flushing nmethod 0x0000018c2a149a10
Event: 4.017 Thread 0x0000018c21b45830 flushing nmethod 0x0000018c2a14c410
Event: 4.017 Thread 0x0000018c21b45830 flushing nmethod 0x0000018c2a182910
Event: 4.017 Thread 0x0000018c21b45830 flushing nmethod 0x0000018c2a1c8890
Event: 4.017 Thread 0x0000018c21b45830 flushing nmethod 0x0000018c2a242090
Event: 4.017 Thread 0x0000018c21b45830 flushing nmethod 0x0000018c2a243810
Event: 4.017 Thread 0x0000018c21b45830 flushing nmethod 0x0000018c2a25c710
Event: 4.017 Thread 0x0000018c21b45830 flushing nmethod 0x0000018c2a275c10
Event: 4.017 Thread 0x0000018c21b45830 flushing nmethod 0x0000018c2a297910
Event: 4.017 Thread 0x0000018c21b45830 flushing nmethod 0x0000018c2a2b4d10
Event: 4.448 Thread 0x0000018c7d149b90 Thread exited: 0x0000018c7d149b90
Event: 4.717 Thread 0x0000018c7d1494c0 Thread added: 0x0000018c7d1494c0


Dynamic libraries:
0x00007ff612130000 - 0x00007ff612138000 	D:\mailon\Java\jdk-21.0.10\bin\javac.exe
0x00007ffe20340000 - 0x00007ffe205a7000 	C:\WINDOWS\SYSTEM32\ntdll.dll
0x00007ffe1f710000 - 0x00007ffe1f7d9000 	C:\WINDOWS\System32\KERNEL32.DLL
0x00007ffe1ce40000 - 0x00007ffe1d234000 	C:\WINDOWS\System32\KERNELBASE.dll
0x00007ffe1df80000 - 0x00007ffe1e0cb000 	C:\WINDOWS\System32\ucrtbase.dll
0x00007ffe175b0000 - 0x00007ffe175ce000 	D:\mailon\Java\jdk-21.0.10\bin\VCRUNTIME140.dll
0x00007ffe175d0000 - 0x00007ffe175e9000 	D:\mailon\Java\jdk-21.0.10\bin\jli.dll
0x00007ffe20240000 - 0x00007ffe202f6000 	C:\WINDOWS\System32\ADVAPI32.dll
0x00007ffe1f540000 - 0x00007ffe1f5e9000 	C:\WINDOWS\System32\msvcrt.dll
0x00007ffe1f7e0000 - 0x00007ffe1f887000 	C:\WINDOWS\System32\sechost.dll
0x00007ffe1f5f0000 - 0x00007ffe1f708000 	C:\WINDOWS\System32\RPCRT4.dll
0x00007ffe1ee10000 - 0x00007ffe1efd5000 	C:\WINDOWS\System32\USER32.dll
0x00007ffe1ce10000 - 0x00007ffe1ce37000 	C:\WINDOWS\System32\win32u.dll
0x00007ffe1f890000 - 0x00007ffe1f8bb000 	C:\WINDOWS\System32\GDI32.dll
0x00007ffe0c8f0000 - 0x00007ffe0cb83000 	C:\WINDOWS\WinSxS\amd64_microsoft.windows.common-controls_6595b64144ccf1df_6.0.26100.8115_none_3e075c82e3354f9c\COMCTL32.dll
0x00007ffe1dab0000 - 0x00007ffe1dbdb000 	C:\WINDOWS\System32\gdi32full.dll
0x00007ffe1ded0000 - 0x00007ffe1df73000 	C:\WINDOWS\System32\msvcp_win.dll
0x00007ffe16170000 - 0x00007ffe1617b000 	C:\WINDOWS\SYSTEM32\VERSION.dll
0x00007ffe1e170000 - 0x00007ffe1e1a2000 	C:\WINDOWS\System32\IMM32.DLL
0x00007ffe17510000 - 0x00007ffe1751c000 	D:\mailon\Java\jdk-21.0.10\bin\vcruntime140_1.dll
0x00007ffe02390000 - 0x00007ffe0241d000 	D:\mailon\Java\jdk-21.0.10\bin\msvcp140.dll
0x00007ffd68fa0000 - 0x00007ffd69cc7000 	D:\mailon\Java\jdk-21.0.10\bin\server\jvm.dll
0x00007ffe201b0000 - 0x00007ffe20230000 	C:\WINDOWS\System32\WS2_32.dll
0x00007ffe1ca90000 - 0x00007ffe1caee000 	C:\WINDOWS\SYSTEM32\POWRPROF.dll
0x00007ffdfca90000 - 0x00007ffdfcac6000 	C:\WINDOWS\SYSTEM32\WINMM.dll
0x00007ffe1ca70000 - 0x00007ffe1ca84000 	C:\WINDOWS\SYSTEM32\UMPDC.dll
0x00007ffe1b970000 - 0x00007ffe1b98b000 	C:\WINDOWS\SYSTEM32\kernel.appcore.dll
0x00007ffe17500000 - 0x00007ffe1750a000 	D:\mailon\Java\jdk-21.0.10\bin\jimage.dll
0x00007ffe0d0b0000 - 0x00007ffe0d2f2000 	C:\WINDOWS\SYSTEM32\DBGHELP.DLL
0x00007ffe1e7e0000 - 0x00007ffe1eb62000 	C:\WINDOWS\System32\combase.dll
0x00007ffe1f0d0000 - 0x00007ffe1f1a8000 	C:\WINDOWS\System32\OLEAUT32.dll
0x00007ffe033e0000 - 0x00007ffe0341b000 	C:\WINDOWS\SYSTEM32\dbgcore.DLL
0x00007ffe1dd60000 - 0x00007ffe1de05000 	C:\WINDOWS\System32\bcryptPrimitives.dll
0x00007ffe10450000 - 0x00007ffe10471000 	D:\mailon\Java\jdk-21.0.10\bin\java.dll
0x00007ffe1fa40000 - 0x00007ffe201a7000 	C:\WINDOWS\System32\SHELL32.dll
0x00007ffe1cc10000 - 0x00007ffe1cd7a000 	C:\WINDOWS\System32\wintypes.dll
0x00007ffe1d240000 - 0x00007ffe1daa8000 	C:\WINDOWS\System32\windows.storage.dll
0x00007ffe1f220000 - 0x00007ffe1f318000 	C:\WINDOWS\System32\SHCORE.dll
0x00007ffe1f9d0000 - 0x00007ffe1fa36000 	C:\WINDOWS\System32\shlwapi.dll
0x00007ffe1cb30000 - 0x00007ffe1cb59000 	C:\WINDOWS\SYSTEM32\profapi.dll
0x00007ffe00160000 - 0x00007ffe00237000 	D:\mailon\Java\jdk-21.0.10\bin\jsvml.dll
0x00007ffe10380000 - 0x00007ffe10391000 	D:\mailon\Java\jdk-21.0.10\bin\net.dll
0x00007ffe15b50000 - 0x00007ffe15c7d000 	C:\WINDOWS\SYSTEM32\WINHTTP.dll
0x00007ffe1bed0000 - 0x00007ffe1bf3c000 	C:\WINDOWS\system32\mswsock.dll
0x00007ffe0e890000 - 0x00007ffe0e8a6000 	D:\mailon\Java\jdk-21.0.10\bin\nio.dll
0x00007ffe0e870000 - 0x00007ffe0e888000 	D:\mailon\Java\jdk-21.0.10\bin\zip.dll

dbghelp: loaded successfully - version: 4.0.5 - missing functions: none
symbol engine: initialized successfully - sym options: 0x614 - pdb path: .;D:\mailon\Java\jdk-21.0.10\bin;C:\WINDOWS\SYSTEM32;C:\WINDOWS\WinSxS\amd64_microsoft.windows.common-controls_6595b64144ccf1df_6.0.26100.8115_none_3e075c82e3354f9c;D:\mailon\Java\jdk-21.0.10\bin\server

VM Arguments:
jvm_args: -Dapplication.home=D:\mailon\Java\jdk-21.0.10 --add-modules=ALL-DEFAULT -Xms8m -Xmx256m -Djdk.module.main=jdk.compiler 
java_command: jdk.compiler/com.sun.tools.javac.Main @C:/Users/Usuario/AppData/Local/Temp/org.codehaus.plexus.compiler.javac.JavacCompiler4252321781752089487arguments
java_class_path (initial): <not set>
Launcher Type: SUN_STANDARD

[Global flags]
     intx CICompilerCount                          = 4                                         {product} {ergonomic}
     uint ConcGCThreads                            = 2                                         {product} {ergonomic}
     uint G1ConcRefinementThreads                  = 8                                         {product} {ergonomic}
   size_t G1HeapRegionSize                         = 1048576                                   {product} {ergonomic}
    uintx GCDrainStackTargetSize                   = 64                                        {product} {ergonomic}
   size_t InitialHeapSize                          = 8388608                                   {product} {command line}
   size_t MarkStackSize                            = 4194304                                   {product} {ergonomic}
   size_t MaxHeapSize                              = 268435456                                 {product} {command line}
   size_t MaxNewSize                               = 160432128                                 {product} {ergonomic}
   size_t MinHeapDeltaBytes                        = 1048576                                   {product} {ergonomic}
   size_t MinHeapSize                              = 8388608                                   {product} {command line}
    uintx NonNMethodCodeHeapSize                   = 5839372                                {pd product} {ergonomic}
    uintx NonProfiledCodeHeapSize                  = 122909434                              {pd product} {ergonomic}
    uintx ProfiledCodeHeapSize                     = 122909434                              {pd product} {ergonomic}
    uintx ReservedCodeCacheSize                    = 251658240                              {pd product} {ergonomic}
     bool SegmentedCodeCache                       = true                                      {product} {ergonomic}
   size_t SoftMaxHeapSize                          = 268435456                              {manageable} {ergonomic}
     bool UseCompressedOops                        = true                           {product lp64_product} {ergonomic}
     bool UseG1GC                                  = true                                      {product} {ergonomic}
     bool UseLargePagesIndividualAllocation        = false                                  {pd product} {ergonomic}

Logging:
Log output configuration:
 #0: stdout all=warning uptime,level,tags foldmultilines=false
 #1: stderr all=off uptime,level,tags foldmultilines=false

Environment Variables:
JAVA_HOME=D:/mailon/Java/jdk-21.0.10
PATH=D:\Program Files\Git\mingw64\bin;D:\Program Files\Git\usr\bin;C:\Users\Usuario\bin;C:\Program Files\Common Files\Oracle\Java\javapath;C:\WINDOWS\system32;C:\WINDOWS;C:\WINDOWS\System32\Wbem;C:\WINDOWS\System32\WindowsPowerShell\v1.0;C:\WINDOWS\System32\OpenSSH;D:\Program Files\nodejs;D:\mailon\Usuario\Desktop\apache-maven-3.9.14-bin (1)\apache-maven-3.9.14\bin;D:\Program Files\Git\cmd;C:\Users\Usuario\AppData\Local\Programs\Trae\bin;D:\mailon\Usuario\Downloads\ffmpeg-8.0.1-essentials_build\ffmpeg-8.0.1-essentials_build\bin;D:\mailon\Usuario\Desktop\apache-maven-3.9.14-bin (1)\apache-maven-3.9.14\bin;C:\Users\Usuario\AppData\Roaming\npm
USERNAME=Usuario
TERM=xterm-256color
OS=Windows_NT
PROCESSOR_IDENTIFIER=Intel64 Family 6 Model 142 Stepping 12, GenuineIntel
TMP=C:\Users\Usuario\AppData\Local\Temp
TEMP=C:\Users\Usuario\AppData\Local\Temp




Periodic native trim disabled

---------------  S Y S T E M  ---------------

OS:
 Windows 11 , 64 bit Build 26100 (10.0.26100.8246)
OS uptime: 5 days 17:11 hours
Hyper-V role detected

CPU: total 8 (initial active 8) (4 cores per cpu, 2 threads per core) family 6 model 142 stepping 12 microcode 0xde, cx8, cmov, fxsr, ht, mmx, 3dnowpref, sse, sse2, sse3, ssse3, sse4.1, sse4.2, popcnt, lzcnt, tsc, tscinvbit, avx, avx2, aes, erms, clmul, bmi1, bmi2, adx, fma, vzeroupper, clflush, clflushopt, hv, rdtscp, f16c
Processor Information for all 8 processors :
  Max Mhz: 1800, Current Mhz: 1600, Mhz Limit: 1584

Memory: 4k page, system-wide physical 8040M (1253M free)
TotalPageFile size 32616M (AvailPageFile size 6M)
current process WorkingSet (physical memory assigned to process): 180M, peak: 181M
current process commit charge ("private bytes"): 226M, peak: 229M

vm_info: Java HotSpot(TM) 64-Bit Server VM (21.0.10+8-LTS-217) for windows-amd64 JRE (21.0.10+8-LTS-217), built on 2025-12-18T14:59:28Z by "mach5run" with MS VC++ 17.13 (VS2022)

END.
