#
# There is insufficient memory for the Java Runtime Environment to continue.
# Native memory allocation (malloc) failed to allocate 2136480 bytes for Chunk::new
# Possible reasons:
#   The system is out of physical RAM or swap space
#   The process is running with CompressedOops enabled, and the Java Heap may be blocking the growth of the native heap
# Possible solutions:
#   Reduce memory load on the system
#   Increase physical memory or swap space
#   Check if swap backing store is full
#   Decrease Java heap size (-Xmx/-Xms)
#   Decrease number of Java threads
#   Decrease Java thread stack sizes (-Xss)
#   Set larger code cache with -XX:ReservedCodeCacheSize=
#   JVM is running with Unscaled Compressed Oops mode in which the Java heap is
#     placed in the first 4GB address space. The Java Heap base address is the
#     maximum limit for the native heap growth. Please use -XX:HeapBaseMinAddress
#     to set the Java Heap base and to place the Java Heap above 4GB virtual address.
# This output file may be truncated or incomplete.
#
#  Out of Memory Error (arena.cpp:168), pid=28664, tid=22004
#
# JRE version: Java(TM) SE Runtime Environment (21.0.10+8) (build 21.0.10+8-LTS-217)
# Java VM: Java HotSpot(TM) 64-Bit Server VM (21.0.10+8-LTS-217, mixed mode, sharing, tiered, compressed oops, compressed class ptrs, g1 gc, windows-amd64)
# No core dump will be written. Minidumps are not enabled by default on client versions of Windows
#

---------------  S U M M A R Y ------------

Command Line: C:\Users\Usuario\AppData\Local\Temp\surefire18067108613315117192\surefirebooter-20260423045444109_3.jar C:\Users\Usuario\AppData\Local\Temp\surefire18067108613315117192 2026-04-23T04-54-43_908-jvmRun1 surefire-20260423045444109_1tmp surefire_0-20260423045444109_2tmp

Host: Intel(R) Core(TM) i5-8265U CPU @ 1.60GHz, 8 cores, 7G,  Windows 11 , 64 bit Build 26100 (10.0.26100.8246)
Time: Thu Apr 23 04:54:54 2026 Hora oficial do Brasil elapsed time: 9.541691 seconds (0d 0h 0m 9s)

---------------  T H R E A D  ---------------

Current thread (0x000001fb9fba26d0):  JavaThread "C2 CompilerThread0" daemon [_thread_in_native, id=22004, stack(0x000000e8a9300000,0x000000e8a9400000) (1024K)]


Current CompileTask:
C2:   9541 4641       4       org.springframework.core.ResolvableType::as (86 bytes)

Stack: [0x000000e8a9300000,0x000000e8a9400000]
Native frames: (J=compiled Java code, j=interpreted, Vv=VM code, C=native code)
V  [jvm.dll+0x6d0b59]
V  [jvm.dll+0x85fd56]
V  [jvm.dll+0x86224e]
V  [jvm.dll+0x862923]
V  [jvm.dll+0x282a16]
V  [jvm.dll+0xc662d]
V  [jvm.dll+0xc6b71]
V  [jvm.dll+0x3bbb5b]
V  [jvm.dll+0x387fd2]
V  [jvm.dll+0x38741a]
V  [jvm.dll+0x24b370]
V  [jvm.dll+0x24a94f]
V  [jvm.dll+0x1cacfe]
V  [jvm.dll+0x25a629]
V  [jvm.dll+0x258bb5]
V  [jvm.dll+0x3f4da1]
V  [jvm.dll+0x80a83d]
V  [jvm.dll+0x6cf3fd]
C  [ucrtbase.dll+0x37b0]
C  [KERNEL32.DLL+0x2e8d7]
C  [ntdll.dll+0x8c3fc]


---------------  P R O C E S S  ---------------

Threads class SMR info:
_java_thread_list=0x000001fbe53ee3e0, length=14, elements={
0x000001fb83249840, 0x000001fb9fb967d0, 0x000001fb9fb97430, 0x000001fb9fb9df30,
0x000001fb9fb9ef80, 0x000001fb9fba04e0, 0x000001fb9fba1070, 0x000001fb9fba26d0,
0x000001fb9fba96f0, 0x000001fbe51457e0, 0x000001fbe515c040, 0x000001fbe54e7710,
0x000001fbe5382b50, 0x000001fbe62e82e0
}

Java Threads: ( => current thread )
  0x000001fb83249840 JavaThread "main"                              [_thread_in_vm, id=7700, stack(0x000000e8a8500000,0x000000e8a8600000) (1024K)]
  0x000001fb9fb967d0 JavaThread "Reference Handler"          daemon [_thread_blocked, id=26256, stack(0x000000e8a8d00000,0x000000e8a8e00000) (1024K)]
  0x000001fb9fb97430 JavaThread "Finalizer"                  daemon [_thread_blocked, id=29224, stack(0x000000e8a8e00000,0x000000e8a8f00000) (1024K)]
  0x000001fb9fb9df30 JavaThread "Signal Dispatcher"          daemon [_thread_blocked, id=28124, stack(0x000000e8a8f00000,0x000000e8a9000000) (1024K)]
  0x000001fb9fb9ef80 JavaThread "Attach Listener"            daemon [_thread_blocked, id=22756, stack(0x000000e8a9000000,0x000000e8a9100000) (1024K)]
  0x000001fb9fba04e0 JavaThread "Service Thread"             daemon [_thread_blocked, id=27496, stack(0x000000e8a9100000,0x000000e8a9200000) (1024K)]
  0x000001fb9fba1070 JavaThread "Monitor Deflation Thread"   daemon [_thread_blocked, id=21096, stack(0x000000e8a9200000,0x000000e8a9300000) (1024K)]
=>0x000001fb9fba26d0 JavaThread "C2 CompilerThread0"         daemon [_thread_in_native, id=22004, stack(0x000000e8a9300000,0x000000e8a9400000) (1024K)]
  0x000001fb9fba96f0 JavaThread "C1 CompilerThread0"         daemon [_thread_blocked, id=22928, stack(0x000000e8a9400000,0x000000e8a9500000) (1024K)]
  0x000001fbe51457e0 JavaThread "Notification Thread"        daemon [_thread_blocked, id=30708, stack(0x000000e8a9500000,0x000000e8a9600000) (1024K)]
  0x000001fbe515c040 JavaThread "Common-Cleaner"             daemon [_thread_blocked, id=18900, stack(0x000000e8a9600000,0x000000e8a9700000) (1024K)]
  0x000001fbe54e7710 JavaThread "surefire-forkedjvm-stream-flusher" daemon [_thread_blocked, id=21732, stack(0x000000e8a9700000,0x000000e8a9800000) (1024K)]
  0x000001fbe5382b50 JavaThread "surefire-forkedjvm-command-thread" daemon [_thread_in_native, id=27232, stack(0x000000e8a9800000,0x000000e8a9900000) (1024K)]
  0x000001fbe62e82e0 JavaThread "C2 CompilerThread1"         daemon [_thread_in_native, id=26840, stack(0x000000e8a9900000,0x000000e8a9a00000) (1024K)]
Total: 14

Other Threads:
  0x000001fb9fb77600 VMThread "VM Thread"                           [id=21528, stack(0x000000e8a8c00000,0x000000e8a8d00000) (1024K)]
  0x000001fb9fb61ba0 WatcherThread "VM Periodic Task Thread"        [id=24140, stack(0x000000e8a8b00000,0x000000e8a8c00000) (1024K)]
  0x000001fb8329a510 WorkerThread "GC Thread#0"                     [id=8112, stack(0x000000e8a8600000,0x000000e8a8700000) (1024K)]
  0x000001fbe5bd0850 WorkerThread "GC Thread#1"                     [id=28548, stack(0x000000e8a9a00000,0x000000e8a9b00000) (1024K)]
  0x000001fbe61578c0 WorkerThread "GC Thread#2"                     [id=836, stack(0x000000e8a9b00000,0x000000e8a9c00000) (1024K)]
  0x000001fbe61570f0 WorkerThread "GC Thread#3"                     [id=19320, stack(0x000000e8a9c00000,0x000000e8a9d00000) (1024K)]
  0x000001fbe60a8340 WorkerThread "GC Thread#4"                     [id=8300, stack(0x000000e8a9d00000,0x000000e8a9e00000) (1024K)]
  0x000001fbe60a86f0 WorkerThread "GC Thread#5"                     [id=21680, stack(0x000000e8a9e00000,0x000000e8a9f00000) (1024K)]
  0x000001fbe60a8aa0 WorkerThread "GC Thread#6"                     [id=26012, stack(0x000000e8a9f00000,0x000000e8aa000000) (1024K)]
  0x000001fbe622fd70 WorkerThread "GC Thread#7"                     [id=11616, stack(0x000000e8aa000000,0x000000e8aa100000) (1024K)]
  0x000001fb832ab890 ConcurrentGCThread "G1 Main Marker"            [id=10572, stack(0x000000e8a8700000,0x000000e8a8800000) (1024K)]
  0x000001fb832ad220 WorkerThread "G1 Conc#0"                       [id=28916, stack(0x000000e8a8800000,0x000000e8a8900000) (1024K)]
  0x000001fbe684aec0 WorkerThread "G1 Conc#1"                       [id=12064, stack(0x000000e8aa200000,0x000000e8aa300000) (1024K)]
  0x000001fb9fa2b120 ConcurrentGCThread "G1 Refine#0"               [id=14376, stack(0x000000e8a8900000,0x000000e8a8a00000) (1024K)]
  0x000001fb9fa2cb50 ConcurrentGCThread "G1 Service"                [id=20936, stack(0x000000e8a8a00000,0x000000e8a8b00000) (1024K)]
Total: 15

Threads with active compile tasks:
C2 CompilerThread0     9685 4641       4       org.springframework.core.ResolvableType::as (86 bytes)
C1 CompilerThread0     9685 5018       2       java.util.Spliterators::emptySpliterator (4 bytes)
C2 CompilerThread1     9685 4471       4       org.springframework.beans.factory.support.AbstractAutowireCapableBeanFactory::predictBeanType (128 bytes)
Total: 3

VM state: not at safepoint (normal execution)

VM Mutex/Monitor currently owned by a thread: None

Heap address: 0x0000000082400000, size: 2012 MB, Compressed Oops mode: 32-bit

CDS archive(s) mapped at: [0x000001fba0000000-0x000001fba0c90000-0x000001fba0c90000), size 13172736, SharedBaseAddress: 0x000001fba0000000, ArchiveRelocationMode: 1.
Compressed class space mapped at: 0x000001fba1000000-0x000001fbe1000000, reserved size: 1073741824
Narrow klass base: 0x000001fba0000000, Narrow klass shift: 0, Narrow klass range: 0x100000000

GC Precious Log:
 CardTable entry size: 512
 Card Set container configuration: InlinePtr #cards 5 size 8 Array Of Cards #cards 12 size 40 Howl #buckets 4 coarsen threshold 1843 Howl Bitmap #cards 512 size 80 coarsen threshold 460 Card regions per heap region 1 cards per card region 2048
 CPUs: 8 total, 8 available
 Memory: 8040M
 Large Page Support: Disabled
 NUMA Support: Disabled
 Compressed Oops: Enabled (32-bit)
 Heap Region Size: 1M
 Heap Min Capacity: 8M
 Heap Initial Capacity: 126M
 Heap Max Capacity: 2012M
 Pre-touch: Disabled
 Parallel Workers: 8
 Concurrent Workers: 2
 Concurrent Refinement Workers: 8
 Periodic GC: Disabled

Heap:
 garbage-first heap   total 73728K, used 50433K [0x0000000082400000, 0x0000000100000000)
  region size 1024K, 26 young (26624K), 4 survivors (4096K)
 Metaspace       used 42583K, committed 43072K, reserved 1114112K
  class space    used 5434K, committed 5632K, reserved 1048576K

Heap Regions: E=young(eden), S=young(survivor), O=old, HS=humongous(starts), HC=humongous(continues), CS=collection set, F=free, TAMS=top-at-mark-start, PB=parsable bottom
|   0|0x0000000082400000, 0x0000000082500000, 0x0000000082500000|100%|HS|  |TAMS 0x0000000082400000| PB 0x0000000082400000| Complete 
|   1|0x0000000082500000, 0x0000000082600000, 0x0000000082600000|100%| O|  |TAMS 0x0000000082500000| PB 0x0000000082500000| Untracked 
|   2|0x0000000082600000, 0x0000000082700000, 0x0000000082700000|100%| O|  |TAMS 0x0000000082600000| PB 0x0000000082600000| Untracked 
|   3|0x0000000082700000, 0x0000000082800000, 0x0000000082800000|100%| O|  |TAMS 0x0000000082700000| PB 0x0000000082700000| Untracked 
|   4|0x0000000082800000, 0x0000000082900000, 0x0000000082900000|100%| O|  |TAMS 0x0000000082800000| PB 0x0000000082800000| Untracked 
|   5|0x0000000082900000, 0x0000000082a00000, 0x0000000082a00000|100%| O|  |TAMS 0x0000000082900000| PB 0x0000000082900000| Untracked 
|   6|0x0000000082a00000, 0x0000000082b00000, 0x0000000082b00000|100%| O|  |TAMS 0x0000000082a00000| PB 0x0000000082a00000| Untracked 
|   7|0x0000000082b00000, 0x0000000082c00000, 0x0000000082c00000|100%| O|  |TAMS 0x0000000082b00000| PB 0x0000000082b00000| Untracked 
|   8|0x0000000082c00000, 0x0000000082d00000, 0x0000000082d00000|100%| O|  |TAMS 0x0000000082c00000| PB 0x0000000082c00000| Untracked 
|   9|0x0000000082d00000, 0x0000000082e00000, 0x0000000082e00000|100%| O|  |TAMS 0x0000000082d00000| PB 0x0000000082d00000| Untracked 
|  10|0x0000000082e00000, 0x0000000082f00000, 0x0000000082f00000|100%| O|  |TAMS 0x0000000082e00000| PB 0x0000000082e00000| Untracked 
|  11|0x0000000082f00000, 0x0000000083000000, 0x0000000083000000|100%| O|  |TAMS 0x0000000082f00000| PB 0x0000000082f00000| Untracked 
|  12|0x0000000083000000, 0x0000000083100000, 0x0000000083100000|100%| O|  |TAMS 0x0000000083000000| PB 0x0000000083000000| Untracked 
|  13|0x0000000083100000, 0x0000000083200000, 0x0000000083200000|100%| O|  |TAMS 0x0000000083100000| PB 0x0000000083100000| Untracked 
|  14|0x0000000083200000, 0x0000000083300000, 0x0000000083300000|100%| O|  |TAMS 0x0000000083200000| PB 0x0000000083200000| Untracked 
|  15|0x0000000083300000, 0x0000000083400000, 0x0000000083400000|100%| O|  |TAMS 0x0000000083300000| PB 0x0000000083300000| Untracked 
|  16|0x0000000083400000, 0x0000000083500000, 0x0000000083500000|100%| O|  |TAMS 0x0000000083400000| PB 0x0000000083400000| Untracked 
|  17|0x0000000083500000, 0x0000000083600000, 0x0000000083600000|100%| O|  |TAMS 0x0000000083500000| PB 0x0000000083500000| Untracked 
|  18|0x0000000083600000, 0x0000000083700000, 0x0000000083700000|100%| O|Cm|TAMS 0x0000000083600000| PB 0x0000000083600000| Complete 
|  19|0x0000000083700000, 0x0000000083800000, 0x0000000083800000|100%| O|  |TAMS 0x0000000083700000| PB 0x0000000083700000| Untracked 
|  20|0x0000000083800000, 0x0000000083900000, 0x0000000083900000|100%| O|  |TAMS 0x0000000083800000| PB 0x0000000083800000| Untracked 
|  21|0x0000000083900000, 0x0000000083a00000, 0x0000000083a00000|100%| O|  |TAMS 0x0000000083900000| PB 0x0000000083900000| Untracked 
|  22|0x0000000083a00000, 0x0000000083b00000, 0x0000000083b00000|100%| O|  |TAMS 0x0000000083a00000| PB 0x0000000083a00000| Untracked 
|  23|0x0000000083b00000, 0x0000000083c00000, 0x0000000083c00000|100%| O|  |TAMS 0x0000000083b00000| PB 0x0000000083b00000| Untracked 
|  24|0x0000000083c00000, 0x0000000083cb6430, 0x0000000083d00000| 71%| O|  |TAMS 0x0000000083c00000| PB 0x0000000083c00000| Untracked 
|  25|0x0000000083d00000, 0x0000000083d00000, 0x0000000083e00000|  0%| F|  |TAMS 0x0000000083d00000| PB 0x0000000083d00000| Untracked 
|  26|0x0000000083e00000, 0x0000000083e00000, 0x0000000083f00000|  0%| F|  |TAMS 0x0000000083e00000| PB 0x0000000083e00000| Untracked 
|  27|0x0000000083f00000, 0x0000000083f00000, 0x0000000084000000|  0%| F|  |TAMS 0x0000000083f00000| PB 0x0000000083f00000| Untracked 
|  28|0x0000000084000000, 0x0000000084000000, 0x0000000084100000|  0%| F|  |TAMS 0x0000000084000000| PB 0x0000000084000000| Untracked 
|  29|0x0000000084100000, 0x0000000084100000, 0x0000000084200000|  0%| F|  |TAMS 0x0000000084100000| PB 0x0000000084100000| Untracked 
|  30|0x0000000084200000, 0x0000000084200000, 0x0000000084300000|  0%| F|  |TAMS 0x0000000084200000| PB 0x0000000084200000| Untracked 
|  31|0x0000000084300000, 0x0000000084300000, 0x0000000084400000|  0%| F|  |TAMS 0x0000000084300000| PB 0x0000000084300000| Untracked 
|  32|0x0000000084400000, 0x000000008448a100, 0x0000000084500000| 53%| S|CS|TAMS 0x0000000084400000| PB 0x0000000084400000| Complete 
|  33|0x0000000084500000, 0x0000000084600000, 0x0000000084600000|100%| S|CS|TAMS 0x0000000084500000| PB 0x0000000084500000| Complete 
|  34|0x0000000084600000, 0x0000000084700000, 0x0000000084700000|100%| S|CS|TAMS 0x0000000084600000| PB 0x0000000084600000| Complete 
|  35|0x0000000084700000, 0x0000000084800000, 0x0000000084800000|100%| S|CS|TAMS 0x0000000084700000| PB 0x0000000084700000| Complete 
|  36|0x0000000084800000, 0x0000000084800000, 0x0000000084900000|  0%| F|  |TAMS 0x0000000084800000| PB 0x0000000084800000| Untracked 
|  37|0x0000000084900000, 0x0000000084900000, 0x0000000084a00000|  0%| F|  |TAMS 0x0000000084900000| PB 0x0000000084900000| Untracked 
|  38|0x0000000084a00000, 0x0000000084a00000, 0x0000000084b00000|  0%| F|  |TAMS 0x0000000084a00000| PB 0x0000000084a00000| Untracked 
|  39|0x0000000084b00000, 0x0000000084b00000, 0x0000000084c00000|  0%| F|  |TAMS 0x0000000084b00000| PB 0x0000000084b00000| Untracked 
|  40|0x0000000084c00000, 0x0000000084c00000, 0x0000000084d00000|  0%| F|  |TAMS 0x0000000084c00000| PB 0x0000000084c00000| Untracked 
|  41|0x0000000084d00000, 0x0000000084d00000, 0x0000000084e00000|  0%| F|  |TAMS 0x0000000084d00000| PB 0x0000000084d00000| Untracked 
|  42|0x0000000084e00000, 0x0000000084e00000, 0x0000000084f00000|  0%| F|  |TAMS 0x0000000084e00000| PB 0x0000000084e00000| Untracked 
|  43|0x0000000084f00000, 0x0000000084f00000, 0x0000000085000000|  0%| F|  |TAMS 0x0000000084f00000| PB 0x0000000084f00000| Untracked 
|  44|0x0000000085000000, 0x0000000085000000, 0x0000000085100000|  0%| F|  |TAMS 0x0000000085000000| PB 0x0000000085000000| Untracked 
|  45|0x0000000085100000, 0x0000000085100000, 0x0000000085200000|  0%| F|  |TAMS 0x0000000085100000| PB 0x0000000085100000| Untracked 
|  46|0x0000000085200000, 0x0000000085200000, 0x0000000085300000|  0%| F|  |TAMS 0x0000000085200000| PB 0x0000000085200000| Untracked 
|  47|0x0000000085300000, 0x0000000085300000, 0x0000000085400000|  0%| F|  |TAMS 0x0000000085300000| PB 0x0000000085300000| Untracked 
|  48|0x0000000085400000, 0x0000000085400000, 0x0000000085500000|  0%| F|  |TAMS 0x0000000085400000| PB 0x0000000085400000| Untracked 
|  49|0x0000000085500000, 0x0000000085500000, 0x0000000085600000|  0%| F|  |TAMS 0x0000000085500000| PB 0x0000000085500000| Untracked 
|  50|0x0000000085600000, 0x0000000085700000, 0x0000000085700000|100%| E|  |TAMS 0x0000000085600000| PB 0x0000000085600000| Complete 
|  51|0x0000000085700000, 0x0000000085800000, 0x0000000085800000|100%| E|CS|TAMS 0x0000000085700000| PB 0x0000000085700000| Complete 
|  52|0x0000000085800000, 0x0000000085900000, 0x0000000085900000|100%| E|CS|TAMS 0x0000000085800000| PB 0x0000000085800000| Complete 
|  53|0x0000000085900000, 0x0000000085a00000, 0x0000000085a00000|100%| E|CS|TAMS 0x0000000085900000| PB 0x0000000085900000| Complete 
|  54|0x0000000085a00000, 0x0000000085b00000, 0x0000000085b00000|100%| E|CS|TAMS 0x0000000085a00000| PB 0x0000000085a00000| Complete 
|  55|0x0000000085b00000, 0x0000000085c00000, 0x0000000085c00000|100%| E|CS|TAMS 0x0000000085b00000| PB 0x0000000085b00000| Complete 
|  56|0x0000000085c00000, 0x0000000085d00000, 0x0000000085d00000|100%| E|CS|TAMS 0x0000000085c00000| PB 0x0000000085c00000| Complete 
|  57|0x0000000085d00000, 0x0000000085e00000, 0x0000000085e00000|100%| E|CS|TAMS 0x0000000085d00000| PB 0x0000000085d00000| Complete 
|  58|0x0000000085e00000, 0x0000000085f00000, 0x0000000085f00000|100%| E|CS|TAMS 0x0000000085e00000| PB 0x0000000085e00000| Complete 
|  59|0x0000000085f00000, 0x0000000086000000, 0x0000000086000000|100%| E|CS|TAMS 0x0000000085f00000| PB 0x0000000085f00000| Complete 
|  60|0x0000000086000000, 0x0000000086100000, 0x0000000086100000|100%| E|CS|TAMS 0x0000000086000000| PB 0x0000000086000000| Complete 
|  61|0x0000000086100000, 0x0000000086200000, 0x0000000086200000|100%| E|CS|TAMS 0x0000000086100000| PB 0x0000000086100000| Complete 
|  62|0x0000000086200000, 0x0000000086300000, 0x0000000086300000|100%| E|CS|TAMS 0x0000000086200000| PB 0x0000000086200000| Complete 
|  63|0x0000000086300000, 0x0000000086400000, 0x0000000086400000|100%| E|CS|TAMS 0x0000000086300000| PB 0x0000000086300000| Complete 
|  64|0x0000000086400000, 0x0000000086500000, 0x0000000086500000|100%| E|CS|TAMS 0x0000000086400000| PB 0x0000000086400000| Complete 
| 114|0x0000000089600000, 0x0000000089700000, 0x0000000089700000|100%| E|CS|TAMS 0x0000000089600000| PB 0x0000000089600000| Complete 
| 115|0x0000000089700000, 0x0000000089800000, 0x0000000089800000|100%| E|CS|TAMS 0x0000000089700000| PB 0x0000000089700000| Complete 
| 116|0x0000000089800000, 0x0000000089900000, 0x0000000089900000|100%| E|CS|TAMS 0x0000000089800000| PB 0x0000000089800000| Complete 
| 117|0x0000000089900000, 0x0000000089a00000, 0x0000000089a00000|100%| E|CS|TAMS 0x0000000089900000| PB 0x0000000089900000| Complete 
| 118|0x0000000089a00000, 0x0000000089b00000, 0x0000000089b00000|100%| E|CS|TAMS 0x0000000089a00000| PB 0x0000000089a00000| Complete 
| 119|0x0000000089b00000, 0x0000000089c00000, 0x0000000089c00000|100%| E|CS|TAMS 0x0000000089b00000| PB 0x0000000089b00000| Complete 
| 125|0x000000008a100000, 0x000000008a200000, 0x000000008a200000|100%| E|CS|TAMS 0x000000008a100000| PB 0x000000008a100000| Complete 

Card table byte_map: [0x000001fb9ae10000,0x000001fb9b200000] _byte_map_base: 0x000001fb9a9fe000

Marking Bits: (CMBitMap*) 0x000001fb8329ac20
 Bits: [0x000001fb9b200000, 0x000001fb9d170000)

Polling page: 0x000001fb81430000

Metaspace:

Usage:
  Non-class:     36.29 MB used.
      Class:      5.31 MB used.
       Both:     41.60 MB used.

Virtual space:
  Non-class space:       64.00 MB reserved,      36.56 MB ( 57%) committed,  1 nodes.
      Class space:        1.00 GB reserved,       5.50 MB ( <1%) committed,  1 nodes.
             Both:        1.06 GB reserved,      42.06 MB (  4%) committed. 

Chunk freelists:
   Non-Class:  11.28 MB
       Class:  10.51 MB
        Both:  21.80 MB

MaxMetaspaceSize: unlimited
CompressedClassSpaceSize: 1.00 GB
Initial GC threshold: 21.00 MB
Current GC threshold: 59.00 MB
CDS: on
 - commit_granule_bytes: 65536.
 - commit_granule_words: 8192.
 - virtual_space_node_default_size: 8388608.
 - enlarge_chunks_in_place: 1.
 - use_allocation_guard: 0.


Internal statistics:

num_allocs_failed_limit: 6.
num_arena_births: 540.
num_arena_deaths: 0.
num_vsnodes_births: 2.
num_vsnodes_deaths: 0.
num_space_committed: 673.
num_space_uncommitted: 0.
num_chunks_returned_to_freelist: 6.
num_chunks_taken_from_freelist: 2086.
num_chunk_merges: 6.
num_chunk_splits: 1482.
num_chunks_enlarged: 1140.
num_inconsistent_stats: 0.

CodeHeap 'non-profiled nmethods': size=120000Kb used=2348Kb max_used=2348Kb free=117651Kb
 bounds [0x000001fb931c0000, 0x000001fb93430000, 0x000001fb9a6f0000]
CodeHeap 'profiled nmethods': size=120000Kb used=9011Kb max_used=9011Kb free=110988Kb
 bounds [0x000001fb8b6f0000, 0x000001fb8bfc0000, 0x000001fb92c20000]
CodeHeap 'non-nmethods': size=5760Kb used=1520Kb max_used=1588Kb free=4239Kb
 bounds [0x000001fb92c20000, 0x000001fb92e90000, 0x000001fb931c0000]
 total_blobs=5145 nmethods=4563 adapters=484
 compilation: enabled
              stopped_count=0, restarted_count=0
 full_count=0

Compilation events (20 events):
Event: 8.425 Thread 0x000001fb9fba96f0 4719       2       jdk.internal.reflect.Reflection::verifyMemberAccess (200 bytes)
Event: 8.427 Thread 0x000001fb9fba96f0 nmethod 4719 0x000001fb8b72d590 code [0x000001fb8b72d860, 0x000001fb8b72e2e0]
Event: 8.428 Thread 0x000001fb9fba96f0 4722       2       java.lang.reflect.Method::isCallerSensitive (38 bytes)
Event: 8.428 Thread 0x000001fb9fba96f0 nmethod 4722 0x000001fb8b72d090 code [0x000001fb8b72d240, 0x000001fb8b72d450]
Event: 8.428 Thread 0x000001fb9fba96f0 4721       2       org.springframework.core.convert.TypeDescriptor::hashCode (8 bytes)
Event: 8.428 Thread 0x000001fb9fba96f0 nmethod 4721 0x000001fb8b72cc90 code [0x000001fb8b72ce40, 0x000001fb8b72cf70]
Event: 8.428 Thread 0x000001fb9fba96f0 4723       2       sun.reflect.generics.parser.SignatureParser::parseZeroOrMoreFormalTypeParameters (19 bytes)
Event: 8.429 Thread 0x000001fb9fba96f0 nmethod 4723 0x000001fb8b72c790 code [0x000001fb8b72c960, 0x000001fb8b72cb78]
Event: 8.429 Thread 0x000001fb9fba96f0 4720       2       jdk.internal.reflect.Reflection::verifyModuleAccess (24 bytes)
Event: 8.429 Thread 0x000001fb9fba96f0 nmethod 4720 0x000001fb8b72c090 code [0x000001fb8b72c280, 0x000001fb8b72c598]
Event: 8.430 Thread 0x000001fb9fba96f0 4725       3       org.springframework.util.ObjectUtils::nullSafeEquals (55 bytes)
Event: 8.430 Thread 0x000001fb9fba96f0 nmethod 4725 0x000001fb8b72b810 code [0x000001fb8b72ba20, 0x000001fb8b72bef0]
Event: 8.431 Thread 0x000001fb9fba96f0 4726       2       org.springframework.beans.factory.support.AbstractBeanDefinition::resolveBeanClass (24 bytes)
Event: 8.432 Thread 0x000001fb9fba96f0 nmethod 4726 0x000001fb8b72b210 code [0x000001fb8b72b3e0, 0x000001fb8b72b6b8]
Event: 8.432 Thread 0x000001fb9fba96f0 4728   !   2       org.springframework.context.annotation.ConfigurationClassUtils::hasBeanMethods (46 bytes)
Event: 8.432 Thread 0x000001fb9fba96f0 nmethod 4728 0x000001fb8b72aa90 code [0x000001fb8b72aca0, 0x000001fb8b72afa8]
Event: 8.432 Thread 0x000001fb9fba96f0 4727       1       org.springframework.context.annotation.ConfigurationClassBeanDefinitionReader$ConfigurationClassBeanDefinition::getFactoryMethodMetadata (5 bytes)
Event: 8.432 Thread 0x000001fb9fba96f0 nmethod 4727 0x000001fb93276a10 code [0x000001fb93276ba0, 0x000001fb93276c70]
Event: 8.432 Thread 0x000001fb9fba96f0 4729       1       org.springframework.beans.factory.annotation.AnnotatedGenericBeanDefinition::getFactoryMethodMetadata (5 bytes)
Event: 8.432 Thread 0x000001fb9fba96f0 nmethod 4729 0x000001fb93276710 code [0x000001fb932768a0, 0x000001fb93276968]

GC Heap History (18 events):
Event: 0.701 GC heap before
{Heap before GC invocations=0 (full 0):
 garbage-first heap   total 129024K, used 23552K [0x0000000082400000, 0x0000000100000000)
  region size 1024K, 23 young (23552K), 0 survivors (0K)
 Metaspace       used 3977K, committed 4096K, reserved 1114112K
  class space    used 430K, committed 448K, reserved 1048576K
}
Event: 0.710 GC heap after
{Heap after GC invocations=1 (full 0):
 garbage-first heap   total 129024K, used 10869K [0x0000000082400000, 0x0000000100000000)
  region size 1024K, 3 young (3072K), 3 survivors (3072K)
 Metaspace       used 3977K, committed 4096K, reserved 1114112K
  class space    used 430K, committed 448K, reserved 1048576K
}
Event: 1.622 GC heap before
{Heap before GC invocations=1 (full 0):
 garbage-first heap   total 129024K, used 34421K [0x0000000082400000, 0x0000000100000000)
  region size 1024K, 26 young (26624K), 3 survivors (3072K)
 Metaspace       used 10092K, committed 10368K, reserved 1114112K
  class space    used 1188K, committed 1344K, reserved 1048576K
}
Event: 1.629 GC heap after
{Heap after GC invocations=2 (full 0):
 garbage-first heap   total 129024K, used 13013K [0x0000000082400000, 0x0000000100000000)
  region size 1024K, 2 young (2048K), 2 survivors (2048K)
 Metaspace       used 10092K, committed 10368K, reserved 1114112K
  class space    used 1188K, committed 1344K, reserved 1048576K
}
Event: 3.795 GC heap before
{Heap before GC invocations=2 (full 0):
 garbage-first heap   total 129024K, used 56021K [0x0000000082400000, 0x0000000100000000)
  region size 1024K, 45 young (46080K), 2 survivors (2048K)
 Metaspace       used 19898K, committed 20224K, reserved 1114112K
  class space    used 2665K, committed 2816K, reserved 1048576K
}
Event: 3.801 GC heap after
{Heap after GC invocations=3 (full 0):
 garbage-first heap   total 129024K, used 16295K [0x0000000082400000, 0x0000000100000000)
  region size 1024K, 6 young (6144K), 6 survivors (6144K)
 Metaspace       used 19898K, committed 20224K, reserved 1114112K
  class space    used 2665K, committed 2816K, reserved 1048576K
}
Event: 3.893 GC heap before
{Heap before GC invocations=3 (full 0):
 garbage-first heap   total 129024K, used 20391K [0x0000000082400000, 0x0000000100000000)
  region size 1024K, 12 young (12288K), 6 survivors (6144K)
 Metaspace       used 21184K, committed 21504K, reserved 1114112K
  class space    used 2776K, committed 2944K, reserved 1048576K
}
Event: 3.897 GC heap after
{Heap after GC invocations=4 (full 0):
 garbage-first heap   total 129024K, used 16308K [0x0000000082400000, 0x0000000100000000)
  region size 1024K, 6 young (6144K), 6 survivors (6144K)
 Metaspace       used 21184K, committed 21504K, reserved 1114112K
  class space    used 2776K, committed 2944K, reserved 1048576K
}
Event: 4.460 GC heap before
{Heap before GC invocations=5 (full 0):
 garbage-first heap   total 61440K, used 47028K [0x0000000082400000, 0x0000000100000000)
  region size 1024K, 36 young (36864K), 6 survivors (6144K)
 Metaspace       used 28452K, committed 28864K, reserved 1114112K
  class space    used 3584K, committed 3776K, reserved 1048576K
}
Event: 4.467 GC heap after
{Heap after GC invocations=6 (full 0):
 garbage-first heap   total 61440K, used 18005K [0x0000000082400000, 0x0000000100000000)
  region size 1024K, 2 young (2048K), 2 survivors (2048K)
 Metaspace       used 28452K, committed 28864K, reserved 1114112K
  class space    used 3584K, committed 3776K, reserved 1048576K
}
Event: 6.532 GC heap before
{Heap before GC invocations=6 (full 0):
 garbage-first heap   total 61440K, used 46677K [0x0000000082400000, 0x0000000100000000)
  region size 1024K, 31 young (31744K), 2 survivors (2048K)
 Metaspace       used 32029K, committed 32448K, reserved 1114112K
  class space    used 4018K, committed 4224K, reserved 1048576K
}
Event: 6.537 GC heap after
{Heap after GC invocations=7 (full 0):
 garbage-first heap   total 61440K, used 22034K [0x0000000082400000, 0x0000000100000000)
  region size 1024K, 4 young (4096K), 4 survivors (4096K)
 Metaspace       used 32029K, committed 32448K, reserved 1114112K
  class space    used 4018K, committed 4224K, reserved 1048576K
}
Event: 6.969 GC heap before
{Heap before GC invocations=7 (full 0):
 garbage-first heap   total 61440K, used 47634K [0x0000000082400000, 0x0000000100000000)
  region size 1024K, 30 young (30720K), 4 survivors (4096K)
 Metaspace       used 34580K, committed 35008K, reserved 1114112K
  class space    used 4272K, committed 4480K, reserved 1048576K
}
Event: 6.976 GC heap after
{Heap after GC invocations=8 (full 0):
 garbage-first heap   total 61440K, used 25306K [0x0000000082400000, 0x0000000100000000)
  region size 1024K, 3 young (3072K), 3 survivors (3072K)
 Metaspace       used 34580K, committed 35008K, reserved 1114112K
  class space    used 4272K, committed 4480K, reserved 1048576K
}
Event: 7.313 GC heap before
{Heap before GC invocations=8 (full 0):
 garbage-first heap   total 61440K, used 38618K [0x0000000082400000, 0x0000000100000000)
  region size 1024K, 17 young (17408K), 3 survivors (3072K)
 Metaspace       used 35738K, committed 36096K, reserved 1114112K
  class space    used 4444K, committed 4608K, reserved 1048576K
}
Event: 7.317 GC heap after
{Heap after GC invocations=9 (full 0):
 garbage-first heap   total 73728K, used 26329K [0x0000000082400000, 0x0000000100000000)
  region size 1024K, 1 young (1024K), 1 survivors (1024K)
 Metaspace       used 35738K, committed 36096K, reserved 1114112K
  class space    used 4444K, committed 4608K, reserved 1048576K
}
Event: 8.125 GC heap before
{Heap before GC invocations=10 (full 0):
 garbage-first heap   total 73728K, used 62169K [0x0000000082400000, 0x0000000100000000)
  region size 1024K, 36 young (36864K), 1 survivors (1024K)
 Metaspace       used 39927K, committed 40384K, reserved 1114112K
  class space    used 5106K, committed 5312K, reserved 1048576K
}
Event: 8.134 GC heap after
{Heap after GC invocations=11 (full 0):
 garbage-first heap   total 73728K, used 28929K [0x0000000082400000, 0x0000000100000000)
  region size 1024K, 4 young (4096K), 4 survivors (4096K)
 Metaspace       used 39927K, committed 40384K, reserved 1114112K
  class space    used 5106K, committed 5312K, reserved 1048576K
}

Dll operation events (9 events):
Event: 0.010 Loaded shared library D:\mailon\Java\jdk-21.0.10\bin\java.dll
Event: 0.045 Loaded shared library D:\mailon\Java\jdk-21.0.10\bin\jsvml.dll
Event: 0.069 Loaded shared library D:\mailon\Java\jdk-21.0.10\bin\net.dll
Event: 0.072 Loaded shared library D:\mailon\Java\jdk-21.0.10\bin\nio.dll
Event: 0.077 Loaded shared library D:\mailon\Java\jdk-21.0.10\bin\zip.dll
Event: 0.149 Loaded shared library D:\mailon\Java\jdk-21.0.10\bin\management.dll
Event: 0.155 Loaded shared library D:\mailon\Java\jdk-21.0.10\bin\management_ext.dll
Event: 0.176 Loaded shared library D:\mailon\Java\jdk-21.0.10\bin\jimage.dll
Event: 4.805 Loaded shared library D:\mailon\Java\jdk-21.0.10\bin\sunmscapi.dll

Deoptimization events (20 events):
Event: 8.206 Thread 0x000001fb83249840 DEOPT PACKING pc=0x000001fb933f862c sp=0x000000e8a85fb820
Event: 8.206 Thread 0x000001fb83249840 DEOPT UNPACKING pc=0x000001fb92c746a2 sp=0x000000e8a85fb2f0 mode 2
Event: 8.287 Thread 0x000001fb83249840 DEOPT PACKING pc=0x000001fb8b7b7d3d sp=0x000000e8a85fb710
Event: 8.287 Thread 0x000001fb83249840 DEOPT UNPACKING pc=0x000001fb92c74e42 sp=0x000000e8a85facb0 mode 0
Event: 8.332 Thread 0x000001fb83249840 Uncommon trap: trap_request=0xffffffde fr.pc=0x000001fb93360a9c relative=0x000000000000007c
Event: 8.332 Thread 0x000001fb83249840 Uncommon trap: reason=class_check action=maybe_recompile pc=0x000001fb93360a9c method=org.springframework.core.annotation.TypeMappedAnnotations.isPresent(Ljava/lang/String;)Z @ 5 c2
Event: 8.332 Thread 0x000001fb83249840 DEOPT PACKING pc=0x000001fb93360a9c sp=0x000000e8a85fc090
Event: 8.332 Thread 0x000001fb83249840 DEOPT UNPACKING pc=0x000001fb92c746a2 sp=0x000000e8a85fc028 mode 2
Event: 8.379 Thread 0x000001fb83249840 Uncommon trap: trap_request=0xffffff45 fr.pc=0x000001fb93339bd4 relative=0x00000000000005f4
Event: 8.379 Thread 0x000001fb83249840 Uncommon trap: reason=unstable_if action=reinterpret pc=0x000001fb93339bd4 method=org.springframework.util.ConcurrentReferenceHashMap$Segment.findInChain(Lorg/springframework/util/ConcurrentReferenceHashMap$Reference;Ljava/lang/Object;I)Lorg/springframewo
Event: 8.379 Thread 0x000001fb83249840 DEOPT PACKING pc=0x000001fb93339bd4 sp=0x000000e8a85fba90
Event: 8.379 Thread 0x000001fb83249840 DEOPT UNPACKING pc=0x000001fb92c746a2 sp=0x000000e8a85fb8b8 mode 2
Event: 8.379 Thread 0x000001fb83249840 Uncommon trap: trap_request=0xffffff45 fr.pc=0x000001fb93333298 relative=0x0000000000000258
Event: 8.379 Thread 0x000001fb83249840 Uncommon trap: reason=unstable_if action=reinterpret pc=0x000001fb93333298 method=org.springframework.util.ConcurrentReferenceHashMap$Segment.findInChain(Lorg/springframework/util/ConcurrentReferenceHashMap$Reference;Ljava/lang/Object;I)Lorg/springframewo
Event: 8.379 Thread 0x000001fb83249840 DEOPT PACKING pc=0x000001fb93333298 sp=0x000000e8a85fb820
Event: 8.379 Thread 0x000001fb83249840 DEOPT UNPACKING pc=0x000001fb92c746a2 sp=0x000000e8a85fb7c8 mode 2
Event: 8.428 Thread 0x000001fb83249840 Uncommon trap: trap_request=0xffffff45 fr.pc=0x000001fb932dacb0 relative=0x0000000000000110
Event: 8.428 Thread 0x000001fb83249840 Uncommon trap: reason=unstable_if action=reinterpret pc=0x000001fb932dacb0 method=org.springframework.util.ObjectUtils.nullSafeEquals(Ljava/lang/Object;Ljava/lang/Object;)Z @ 12 c2
Event: 8.428 Thread 0x000001fb83249840 DEOPT PACKING pc=0x000001fb932dacb0 sp=0x000000e8a85fbd20
Event: 8.428 Thread 0x000001fb83249840 DEOPT UNPACKING pc=0x000001fb92c746a2 sp=0x000000e8a85fbcc0 mode 2

Classes loaded (20 events):
Event: 6.815 Loading class java/beans/PropertyVetoException
Event: 6.815 Loading class java/beans/PropertyVetoException done
Event: 7.390 Loading class java/util/concurrent/Flow$Publisher
Event: 7.390 Loading class java/util/concurrent/Flow$Publisher done
Event: 7.402 Loading class java/util/concurrent/CompletionStage
Event: 7.402 Loading class java/util/concurrent/CompletionStage done
Event: 7.416 Loading class java/util/concurrent/CompletableFuture
Event: 7.417 Loading class java/util/concurrent/CompletableFuture done
Event: 7.484 Loading class java/util/stream/ReferencePipeline$15
Event: 7.484 Loading class java/util/stream/ReferencePipeline$15 done
Event: 7.484 Loading class java/util/stream/ReferencePipeline$15$1
Event: 7.485 Loading class java/util/stream/ReferencePipeline$15$1 done
Event: 7.763 Loading class java/lang/UnsupportedClassVersionError
Event: 7.763 Loading class java/lang/ClassFormatError
Event: 7.763 Loading class java/lang/ClassFormatError done
Event: 7.763 Loading class java/lang/UnsupportedClassVersionError done
Event: 8.333 Loading class java/net/SocketException
Event: 8.333 Loading class java/net/SocketException done
Event: 8.414 Loading class java/lang/Class$EnclosingMethodInfo
Event: 8.414 Loading class java/lang/Class$EnclosingMethodInfo done

Classes unloaded (0 events):
No events

Classes redefined (0 events):
No events

Internal exceptions (20 events):
Event: 3.496 Thread 0x000001fb83249840 Exception <a 'java/lang/NoSuchMethodError'{0x0000000088953a18}: 'void java.lang.invoke.DelegatingMethodHandle$Holder.delegate(java.lang.Object, java.lang.Object, int, java.lang.Object)'> (0x0000000088953a18) 
thrown [s\open\src\hotspot\share\interpreter\linkResolver.cpp, line 773]
Event: 3.519 Thread 0x000001fb83249840 Exception <a 'java/lang/NoSuchMethodError'{0x00000000888adc00}: 'void java.lang.invoke.DirectMethodHandle$Holder.invokeVirtual(java.lang.Object, java.lang.Object, int)'> (0x00000000888adc00) 
thrown [s\open\src\hotspot\share\interpreter\linkResolver.cpp, line 773]
Event: 3.522 Thread 0x000001fb83249840 Exception <a 'java/lang/NoSuchMethodError'{0x00000000888eb068}: 'int java.lang.invoke.DirectMethodHandle$Holder.invokeSpecial(java.lang.Object, java.lang.Object, java.lang.Object, int)'> (0x00000000888eb068) 
thrown [s\open\src\hotspot\share\interpreter\linkResolver.cpp, line 773]
Event: 3.523 Thread 0x000001fb83249840 Exception <a 'java/lang/NoSuchMethodError'{0x00000000888fd1e8}: 'java.lang.Object java.lang.invoke.DirectMethodHandle$Holder.invokeStatic(java.lang.Object, java.lang.Object, java.lang.Object, java.lang.Object, int)'> (0x00000000888fd1e8) 
thrown [s\open\src\hotspot\share\interpreter\linkResolver.cpp, line 773]
Event: 3.524 Thread 0x000001fb83249840 Exception <a 'java/lang/NoSuchMethodError'{0x0000000088525ee8}: 'void java.lang.invoke.DelegatingMethodHandle$Holder.reinvoke_L(java.lang.Object, java.lang.Object, int)'> (0x0000000088525ee8) 
thrown [s\open\src\hotspot\share\interpreter\linkResolver.cpp, line 773]
Event: 3.529 Thread 0x000001fb83249840 Exception <a 'java/lang/IncompatibleClassChangeError'{0x0000000088593fe0}: Found class java.lang.Object, but interface was expected> (0x0000000088593fe0) 
thrown [s\open\src\hotspot\share\interpreter\linkResolver.cpp, line 840]
Event: 3.535 Thread 0x000001fb83249840 Exception <a 'java/lang/NoSuchMethodError'{0x00000000885b4e00}: 'java.lang.Object java.lang.invoke.DirectMethodHandle$Holder.invokeStatic(java.lang.Object, int, java.lang.Object)'> (0x00000000885b4e00) 
thrown [s\open\src\hotspot\share\interpreter\linkResolver.cpp, line 773]
Event: 3.536 Thread 0x000001fb83249840 Exception <a 'java/lang/NoSuchMethodError'{0x00000000885b89c0}: 'java.lang.Object java.lang.invoke.DirectMethodHandle$Holder.invokeStaticInit(java.lang.Object, int, java.lang.Object)'> (0x00000000885b89c0) 
thrown [s\open\src\hotspot\share\interpreter\linkResolver.cpp, line 773]
Event: 4.107 Thread 0x000001fbe66ab850 Exception <a 'java/lang/NoSuchMethodError'{0x0000000084df97f0}: 'long java.lang.invoke.DirectMethodHandle$Holder.invokeStatic(java.lang.Object, java.lang.Object)'> (0x0000000084df97f0) 
thrown [s\open\src\hotspot\share\interpreter\linkResolver.cpp, line 773]
Event: 4.108 Thread 0x000001fbe66ab850 Exception <a 'java/lang/NoSuchMethodError'{0x0000000084dfcb68}: 'long java.lang.invoke.DirectMethodHandle$Holder.invokeStaticInit(java.lang.Object, java.lang.Object)'> (0x0000000084dfcb68) 
thrown [s\open\src\hotspot\share\interpreter\linkResolver.cpp, line 773]
Event: 4.109 Thread 0x000001fbe66ab850 Exception <a 'java/lang/NoSuchMethodError'{0x0000000084c08e48}: 'long java.lang.invoke.DirectMethodHandle$Holder.invokeInterface(java.lang.Object, java.lang.Object)'> (0x0000000084c08e48) 
thrown [s\open\src\hotspot\share\interpreter\linkResolver.cpp, line 773]
Event: 4.110 Thread 0x000001fbe66ab850 Exception <a 'java/lang/IncompatibleClassChangeError'{0x0000000084c0c108}: Found class java.lang.Object, but interface was expected> (0x0000000084c0c108) 
thrown [s\open\src\hotspot\share\interpreter\linkResolver.cpp, line 840]
Event: 4.380 Thread 0x000001fbe66ab850 Implicit null exception at 0x000001fb931faaa2 to 0x000001fb931fadd0
Event: 4.475 Thread 0x000001fbe66ab850 Implicit null exception at 0x000001fb9320ab22 to 0x000001fb9320ae50
Event: 4.625 Thread 0x000001fbe66ab850 Exception <a 'java/lang/NoSuchMethodError'{0x0000000085665690}: 'java.lang.Object java.lang.invoke.DirectMethodHandle$Holder.invokeVirtual(java.lang.Object, java.lang.Object, java.lang.Object, java.lang.Object)'> (0x0000000085665690) 
thrown [s\open\src\hotspot\share\interpreter\linkResolver.cpp, line 773]
Event: 5.486 Thread 0x000001fb83249840 Implicit null exception at 0x000001fb9331c8c4 to 0x000001fb9331ca24
Event: 6.565 Thread 0x000001fb83249840 Exception <a 'java/lang/NoClassDefFoundError'{0x0000000089a92360}: org/glassfish/jersey/server/monitoring/ApplicationEventListener> (0x0000000089a92360) 
thrown [s\open\src\hotspot\share\classfile\systemDictionary.cpp, line 301]
Event: 7.388 Thread 0x000001fb83249840 Exception <a 'java/lang/NoSuchMethodError'{0x0000000089bfc280}: 'int java.lang.invoke.DirectMethodHandle$Holder.invokeStatic(java.lang.Object)'> (0x0000000089bfc280) 
thrown [s\open\src\hotspot\share\interpreter\linkResolver.cpp, line 773]
Event: 7.389 Thread 0x000001fb83249840 Exception <a 'java/lang/NoSuchMethodError'{0x0000000089a00108}: 'int java.lang.invoke.DirectMethodHandle$Holder.invokeStaticInit(java.lang.Object)'> (0x0000000089a00108) 
thrown [s\open\src\hotspot\share\interpreter\linkResolver.cpp, line 773]
Event: 8.428 Thread 0x000001fb83249840 Implicit null exception at 0x000001fb932dabd2 to 0x000001fb932daca2

ZGC Phase Switch (0 events):
No events

VM Operations (20 events):
Event: 7.312 Executing VM operation: CollectForMetadataAllocation (Metadata GC Threshold)
Event: 7.318 Executing VM operation: CollectForMetadataAllocation (Metadata GC Threshold) done
Event: 7.330 Executing VM operation: G1PauseRemark
Event: 7.334 Executing VM operation: G1PauseRemark done
Event: 7.341 Executing VM operation: G1PauseCleanup
Event: 7.341 Executing VM operation: G1PauseCleanup done
Event: 7.488 Executing VM operation: HandshakeAllThreads (Deoptimize)
Event: 7.488 Executing VM operation: HandshakeAllThreads (Deoptimize) done
Event: 7.731 Executing VM operation: HandshakeAllThreads (Deoptimize)
Event: 7.731 Executing VM operation: HandshakeAllThreads (Deoptimize) done
Event: 8.125 Executing VM operation: G1CollectForAllocation (G1 Evacuation Pause)
Event: 8.134 Executing VM operation: G1CollectForAllocation (G1 Evacuation Pause) done
Event: 8.167 Executing VM operation: HandshakeAllThreads (Deoptimize)
Event: 8.167 Executing VM operation: HandshakeAllThreads (Deoptimize) done
Event: 8.168 Executing VM operation: HandshakeAllThreads (Deoptimize)
Event: 8.168 Executing VM operation: HandshakeAllThreads (Deoptimize) done
Event: 8.418 Executing VM operation: HandshakeAllThreads (Deoptimize)
Event: 8.418 Executing VM operation: HandshakeAllThreads (Deoptimize) done
Event: 9.427 Executing VM operation: Cleanup
Event: 9.427 Executing VM operation: Cleanup done

Events (20 events):
Event: 7.333 Thread 0x000001fb9fb77600 flushing nmethod 0x000001fb8ba4b210
Event: 7.333 Thread 0x000001fb9fb77600 flushing nmethod 0x000001fb8ba4ba90
Event: 7.333 Thread 0x000001fb9fb77600 flushing nmethod 0x000001fb8ba5da90
Event: 7.333 Thread 0x000001fb9fb77600 flushing nmethod 0x000001fb8ba62890
Event: 7.333 Thread 0x000001fb9fb77600 flushing nmethod 0x000001fb8ba62d90
Event: 7.333 Thread 0x000001fb9fb77600 flushing nmethod 0x000001fb8ba79310
Event: 7.333 Thread 0x000001fb9fb77600 flushing nmethod 0x000001fb8bab7590
Event: 7.333 Thread 0x000001fb9fb77600 flushing nmethod 0x000001fb8badc390
Event: 7.333 Thread 0x000001fb9fb77600 flushing nmethod 0x000001fb8badec90
Event: 7.333 Thread 0x000001fb9fb77600 flushing nmethod 0x000001fb8baee310
Event: 7.333 Thread 0x000001fb9fb77600 flushing nmethod 0x000001fb8bb3c110
Event: 7.333 Thread 0x000001fb9fb77600 flushing nmethod 0x000001fb8bb3d310
Event: 7.333 Thread 0x000001fb9fb77600 flushing nmethod 0x000001fb8bb3f290
Event: 7.333 Thread 0x000001fb9fb77600 flushing nmethod 0x000001fb8bb4fe10
Event: 7.333 Thread 0x000001fb9fb77600 flushing nmethod 0x000001fb8bb55a10
Event: 7.333 Thread 0x000001fb9fb77600 flushing nmethod 0x000001fb8bb58190
Event: 7.333 Thread 0x000001fb9fb77600 flushing nmethod 0x000001fb8bb89090
Event: 7.333 Thread 0x000001fb9fb77600 flushing nmethod 0x000001fb8bbcfa90
Event: 7.333 Thread 0x000001fb9fb77600 flushing nmethod 0x000001fb8bbef910
Event: 7.821 Thread 0x000001fbe62e82e0 Thread added: 0x000001fbe62e82e0


Dynamic libraries:
0x00007ff75e160000 - 0x00007ff75e170000 	D:\mailon\Java\jdk-21.0.10\bin\java.exe
0x00007ffe20340000 - 0x00007ffe205a7000 	C:\WINDOWS\SYSTEM32\ntdll.dll
0x00007ffe1f710000 - 0x00007ffe1f7d9000 	C:\WINDOWS\System32\KERNEL32.DLL
0x00007ffe1ce40000 - 0x00007ffe1d234000 	C:\WINDOWS\System32\KERNELBASE.dll
0x00007ffe1df80000 - 0x00007ffe1e0cb000 	C:\WINDOWS\System32\ucrtbase.dll
0x00007ffe175d0000 - 0x00007ffe175e9000 	D:\mailon\Java\jdk-21.0.10\bin\jli.dll
0x00007ffe175b0000 - 0x00007ffe175ce000 	D:\mailon\Java\jdk-21.0.10\bin\VCRUNTIME140.dll
0x00007ffe20240000 - 0x00007ffe202f6000 	C:\WINDOWS\System32\ADVAPI32.dll
0x00007ffe1f540000 - 0x00007ffe1f5e9000 	C:\WINDOWS\System32\msvcrt.dll
0x00007ffe1f7e0000 - 0x00007ffe1f887000 	C:\WINDOWS\System32\sechost.dll
0x00007ffe1f5f0000 - 0x00007ffe1f708000 	C:\WINDOWS\System32\RPCRT4.dll
0x00007ffe1ee10000 - 0x00007ffe1efd5000 	C:\WINDOWS\System32\USER32.dll
0x00007ffe1ce10000 - 0x00007ffe1ce37000 	C:\WINDOWS\System32\win32u.dll
0x00007ffe1f890000 - 0x00007ffe1f8bb000 	C:\WINDOWS\System32\GDI32.dll
0x00007ffe0c8f0000 - 0x00007ffe0cb83000 	C:\WINDOWS\WinSxS\amd64_microsoft.windows.common-controls_6595b64144ccf1df_6.0.26100.8115_none_3e075c82e3354f9c\COMCTL32.dll
0x00007ffe1dab0000 - 0x00007ffe1dbdb000 	C:\WINDOWS\System32\gdi32full.dll
0x00007ffe1ded0000 - 0x00007ffe1df73000 	C:\WINDOWS\System32\msvcp_win.dll
0x00007ffe16170000 - 0x00007ffe1617b000 	C:\WINDOWS\SYSTEM32\VERSION.dll
0x00007ffe1e170000 - 0x00007ffe1e1a2000 	C:\WINDOWS\System32\IMM32.DLL
0x00007ffe17510000 - 0x00007ffe1751c000 	D:\mailon\Java\jdk-21.0.10\bin\vcruntime140_1.dll
0x00007ffe02390000 - 0x00007ffe0241d000 	D:\mailon\Java\jdk-21.0.10\bin\msvcp140.dll
0x00007ffd68fa0000 - 0x00007ffd69cc7000 	D:\mailon\Java\jdk-21.0.10\bin\server\jvm.dll
0x00007ffe201b0000 - 0x00007ffe20230000 	C:\WINDOWS\System32\WS2_32.dll
0x00007ffe1ca90000 - 0x00007ffe1caee000 	C:\WINDOWS\SYSTEM32\POWRPROF.dll
0x00007ffdfca90000 - 0x00007ffdfcac6000 	C:\WINDOWS\SYSTEM32\WINMM.dll
0x00007ffe1ca70000 - 0x00007ffe1ca84000 	C:\WINDOWS\SYSTEM32\UMPDC.dll
0x00007ffe1b970000 - 0x00007ffe1b98b000 	C:\WINDOWS\SYSTEM32\kernel.appcore.dll
0x00007ffe17500000 - 0x00007ffe1750a000 	D:\mailon\Java\jdk-21.0.10\bin\jimage.dll
0x00007ffe0d0b0000 - 0x00007ffe0d2f2000 	C:\WINDOWS\SYSTEM32\DBGHELP.DLL
0x00007ffe1e7e0000 - 0x00007ffe1eb62000 	C:\WINDOWS\System32\combase.dll
0x00007ffe1f0d0000 - 0x00007ffe1f1a8000 	C:\WINDOWS\System32\OLEAUT32.dll
0x00007ffe033e0000 - 0x00007ffe0341b000 	C:\WINDOWS\SYSTEM32\dbgcore.DLL
0x00007ffe1dd60000 - 0x00007ffe1de05000 	C:\WINDOWS\System32\bcryptPrimitives.dll
0x00007ffe10450000 - 0x00007ffe10471000 	D:\mailon\Java\jdk-21.0.10\bin\java.dll
0x00007ffe1fa40000 - 0x00007ffe201a7000 	C:\WINDOWS\System32\SHELL32.dll
0x00007ffe1cc10000 - 0x00007ffe1cd7a000 	C:\WINDOWS\System32\wintypes.dll
0x00007ffe1d240000 - 0x00007ffe1daa8000 	C:\WINDOWS\System32\windows.storage.dll
0x00007ffe1f220000 - 0x00007ffe1f318000 	C:\WINDOWS\System32\SHCORE.dll
0x00007ffe1f9d0000 - 0x00007ffe1fa36000 	C:\WINDOWS\System32\shlwapi.dll
0x00007ffe1cb30000 - 0x00007ffe1cb59000 	C:\WINDOWS\SYSTEM32\profapi.dll
0x00007ffe00160000 - 0x00007ffe00237000 	D:\mailon\Java\jdk-21.0.10\bin\jsvml.dll
0x00007ffe10380000 - 0x00007ffe10391000 	D:\mailon\Java\jdk-21.0.10\bin\net.dll
0x00007ffe15b50000 - 0x00007ffe15c7d000 	C:\WINDOWS\SYSTEM32\WINHTTP.dll
0x00007ffe1bed0000 - 0x00007ffe1bf3c000 	C:\WINDOWS\system32\mswsock.dll
0x00007ffe0e890000 - 0x00007ffe0e8a6000 	D:\mailon\Java\jdk-21.0.10\bin\nio.dll
0x00007ffe0e870000 - 0x00007ffe0e888000 	D:\mailon\Java\jdk-21.0.10\bin\zip.dll
0x00007ffe174f0000 - 0x00007ffe174fa000 	D:\mailon\Java\jdk-21.0.10\bin\management.dll
0x00007ffe174b0000 - 0x00007ffe174bc000 	D:\mailon\Java\jdk-21.0.10\bin\management_ext.dll
0x00007ffe1e0d0000 - 0x00007ffe1e0d8000 	C:\WINDOWS\System32\PSAPI.DLL
0x00007ffe0bed0000 - 0x00007ffe0bede000 	D:\mailon\Java\jdk-21.0.10\bin\sunmscapi.dll
0x00007ffe1dbe0000 - 0x00007ffe1dd57000 	C:\WINDOWS\System32\CRYPT32.dll
0x00007ffe1c410000 - 0x00007ffe1c440000 	C:\WINDOWS\SYSTEM32\ncrypt.dll
0x00007ffe1c3c0000 - 0x00007ffe1c3ff000 	C:\WINDOWS\SYSTEM32\NTASN1.dll

dbghelp: loaded successfully - version: 4.0.5 - missing functions: none
symbol engine: initialized successfully - sym options: 0x614 - pdb path: .;D:\mailon\Java\jdk-21.0.10\bin;C:\WINDOWS\SYSTEM32;C:\WINDOWS\WinSxS\amd64_microsoft.windows.common-controls_6595b64144ccf1df_6.0.26100.8115_none_3e075c82e3354f9c;D:\mailon\Java\jdk-21.0.10\bin\server

VM Arguments:
java_command: C:\Users\Usuario\AppData\Local\Temp\surefire18067108613315117192\surefirebooter-20260423045444109_3.jar C:\Users\Usuario\AppData\Local\Temp\surefire18067108613315117192 2026-04-23T04-54-43_908-jvmRun1 surefire-20260423045444109_1tmp surefire_0-20260423045444109_2tmp
java_class_path (initial): C:\Users\Usuario\AppData\Local\Temp\surefire18067108613315117192\surefirebooter-20260423045444109_3.jar
Launcher Type: SUN_STANDARD

[Global flags]
     intx CICompilerCount                          = 4                                         {product} {ergonomic}
     uint ConcGCThreads                            = 2                                         {product} {ergonomic}
     uint G1ConcRefinementThreads                  = 8                                         {product} {ergonomic}
   size_t G1HeapRegionSize                         = 1048576                                   {product} {ergonomic}
    uintx GCDrainStackTargetSize                   = 64                                        {product} {ergonomic}
   size_t InitialHeapSize                          = 132120576                                 {product} {ergonomic}
   size_t MarkStackSize                            = 4194304                                   {product} {ergonomic}
   size_t MaxHeapSize                              = 2109734912                                {product} {ergonomic}
   size_t MaxNewSize                               = 1265631232                                {product} {ergonomic}
   size_t MinHeapDeltaBytes                        = 1048576                                   {product} {ergonomic}
   size_t MinHeapSize                              = 8388608                                   {product} {ergonomic}
    uintx NonNMethodCodeHeapSize                   = 5839372                                {pd product} {ergonomic}
    uintx NonProfiledCodeHeapSize                  = 122909434                              {pd product} {ergonomic}
    uintx ProfiledCodeHeapSize                     = 122909434                              {pd product} {ergonomic}
    uintx ReservedCodeCacheSize                    = 251658240                              {pd product} {ergonomic}
     bool SegmentedCodeCache                       = true                                      {product} {ergonomic}
   size_t SoftMaxHeapSize                          = 2109734912                             {manageable} {ergonomic}
     bool UseCompressedOops                        = true                           {product lp64_product} {ergonomic}
     bool UseG1GC                                  = true                                      {product} {ergonomic}
     bool UseLargePagesIndividualAllocation        = false                                  {pd product} {ergonomic}

Logging:
Log output configuration:
 #0: stdout all=warning uptime,level,tags foldmultilines=false
 #1: stderr all=off uptime,level,tags foldmultilines=false

Environment Variables:
JAVA_HOME=D:/mailon/Java/jdk-21.0.10
PATH=D:\Program Files\Git\mingw64\bin;D:\Program Files\Git\usr\bin;C:\Users\Usuario\bin;C:\Program Files\Common Files\Oracle\Java\javapath;C:\WINDOWS\system32;C:\WINDOWS;C:\WINDOWS\System32\Wbem;C:\WINDOWS\System32\WindowsPowerShell\v1.0;C:\WINDOWS\System32\OpenSSH;D:\Program Files\nodejs;D:\mailon\Usuario\Desktop\apache-maven-3.9.14-bin (1)\apache-maven-3.9.14\bin;D:\Program Files\Git\cmd;C:\Users\Usuario\AppData\Local\Programs\Trae\bin;D:\mailon\Usuario\Downloads\ffmpeg-8.0.1-essentials_build\ffmpeg-8.0.1-essentials_build\bin;D:\mailon\Usuario\Desktop\apache-maven-3.9.14-bin (1)\apache-maven-3.9.14\bin;C:\Users\Usuario\AppData\Roaming\npm
USERNAME=Usuario
TERM=xterm-256color
OS=Windows_NT
PROCESSOR_IDENTIFIER=Intel64 Family 6 Model 142 Stepping 12, GenuineIntel
TMP=C:\Users\Usuario\AppData\Local\Temp
TEMP=C:\Users\Usuario\AppData\Local\Temp




Periodic native trim disabled

---------------  S Y S T E M  ---------------

OS:
 Windows 11 , 64 bit Build 26100 (10.0.26100.8246)
OS uptime: 4 days 19:05 hours
Hyper-V role detected

CPU: total 8 (initial active 8) (4 cores per cpu, 2 threads per core) family 6 model 142 stepping 12 microcode 0xde, cx8, cmov, fxsr, ht, mmx, 3dnowpref, sse, sse2, sse3, ssse3, sse4.1, sse4.2, popcnt, lzcnt, tsc, tscinvbit, avx, avx2, aes, erms, clmul, bmi1, bmi2, adx, fma, vzeroupper, clflush, clflushopt, hv, rdtscp, f16c
Processor Information for all 8 processors :
  Max Mhz: 1800, Current Mhz: 1600, Mhz Limit: 1584

Memory: 4k page, system-wide physical 8040M (402M free)
TotalPageFile size 32616M (AvailPageFile size 21M)
current process WorkingSet (physical memory assigned to process): 232M, peak: 237M
current process commit charge ("private bytes"): 272M, peak: 279M

vm_info: Java HotSpot(TM) 64-Bit Server VM (21.0.10+8-LTS-217) for windows-amd64 JRE (21.0.10+8-LTS-217), built on 2025-12-18T14:59:28Z by "mach5run" with MS VC++ 17.13 (VS2022)

END.
