#
# There is insufficient memory for the Java Runtime Environment to continue.
# Native memory allocation (malloc) failed to allocate 1410256 bytes for Chunk::new
# Possible reasons:
#   The system is out of physical RAM or swap space
#   The process is running with CompressedOops enabled, and the Java Heap may be blocking the growth of the native heap
# Possible solutions:
#   Reduce memory load on the system
#   Increase physical memory or swap space
#   Check if swap backing store is full
#   Decrease Java heap size (-Xmx/-Xms)
#   Decrease number of Java threads
#   Decrease Java thread stack sizes (-Xss)
#   Set larger code cache with -XX:ReservedCodeCacheSize=
#   JVM is running with Unscaled Compressed Oops mode in which the Java heap is
#     placed in the first 4GB address space. The Java Heap base address is the
#     maximum limit for the native heap growth. Please use -XX:HeapBaseMinAddress
#     to set the Java Heap base and to place the Java Heap above 4GB virtual address.
# This output file may be truncated or incomplete.
#
#  Out of Memory Error (arena.cpp:168), pid=7472, tid=2268
#
# JRE version: Java(TM) SE Runtime Environment (21.0.10+8) (build 21.0.10+8-LTS-217)
# Java VM: Java HotSpot(TM) 64-Bit Server VM (21.0.10+8-LTS-217, mixed mode, tiered, compressed oops, compressed class ptrs, g1 gc, windows-amd64)
# No core dump will be written. Minidumps are not enabled by default on client versions of Windows
#

---------------  S U M M A R Y ------------

Command Line: C:\Users\Usuario\AppData\Local\Temp\surefire13559576122865677941\surefirebooter-20260423045954222_3.jar C:\Users\Usuario\AppData\Local\Temp\surefire13559576122865677941 2026-04-23T04-59-53_986-jvmRun1 surefire-20260423045954222_1tmp surefire_0-20260423045954222_2tmp

Host: Intel(R) Core(TM) i5-8265U CPU @ 1.60GHz, 8 cores, 7G,  Windows 11 , 64 bit Build 26100 (10.0.26100.8246)
Time: Thu Apr 23 05:00:02 2026 Hora oficial do Brasil elapsed time: 8.319464 seconds (0d 0h 0m 8s)

---------------  T H R E A D  ---------------

Current thread (0x000002023ebfaad0):  JavaThread "C2 CompilerThread0" daemon [_thread_in_native, id=2268, stack(0x000000efbe700000,0x000000efbe800000) (1024K)]


Current CompileTask:
C2:   8319 2033       4       java.lang.invoke.MethodType::methodType (69 bytes)

Stack: [0x000000efbe700000,0x000000efbe800000]
Native frames: (J=compiled Java code, j=interpreted, Vv=VM code, C=native code)
V  [jvm.dll+0x6d0b59]
V  [jvm.dll+0x85fd56]
V  [jvm.dll+0x86224e]
V  [jvm.dll+0x862923]
V  [jvm.dll+0x282a16]
V  [jvm.dll+0xc662d]
V  [jvm.dll+0xc6b71]
V  [jvm.dll+0x3bbb21]
V  [jvm.dll+0x387fd2]
V  [jvm.dll+0x38741a]
V  [jvm.dll+0x24b370]
V  [jvm.dll+0x24a94f]
V  [jvm.dll+0x1cacfe]
V  [jvm.dll+0x25a629]
V  [jvm.dll+0x258bb5]
V  [jvm.dll+0x3f4da1]
V  [jvm.dll+0x80a83d]
V  [jvm.dll+0x6cf3fd]
C  [ucrtbase.dll+0x37b0]
C  [KERNEL32.DLL+0x2e8d7]
C  [ntdll.dll+0x8c3fc]


---------------  P R O C E S S  ---------------

Threads class SMR info:
_java_thread_list=0x00000202442abda0, length=14, elements={
0x000002021ffcd330, 0x000002023ec07c70, 0x000002023ec0a6e0, 0x000002023ebf4b30,
0x000002023ebf5590, 0x000002023ec22fa0, 0x000002023ebf94c0, 0x000002023ebfaad0,
0x000002023ec23e40, 0x000002023ebf6040, 0x000002023ebf8110, 0x000002023ebf7a80,
0x000002023ebf87a0, 0x000002023ec26df0
}

Java Threads: ( => current thread )
  0x000002021ffcd330 JavaThread "main"                              [_thread_in_Java, id=4692, stack(0x000000efbd900000,0x000000efbda00000) (1024K)]
  0x000002023ec07c70 JavaThread "Reference Handler"          daemon [_thread_blocked, id=22664, stack(0x000000efbe100000,0x000000efbe200000) (1024K)]
  0x000002023ec0a6e0 JavaThread "Finalizer"                  daemon [_thread_blocked, id=27344, stack(0x000000efbe200000,0x000000efbe300000) (1024K)]
  0x000002023ebf4b30 JavaThread "Signal Dispatcher"          daemon [_thread_blocked, id=5076, stack(0x000000efbe300000,0x000000efbe400000) (1024K)]
  0x000002023ebf5590 JavaThread "Attach Listener"            daemon [_thread_blocked, id=20852, stack(0x000000efbe400000,0x000000efbe500000) (1024K)]
  0x000002023ec22fa0 JavaThread "Service Thread"             daemon [_thread_blocked, id=28072, stack(0x000000efbe500000,0x000000efbe600000) (1024K)]
  0x000002023ebf94c0 JavaThread "Monitor Deflation Thread"   daemon [_thread_blocked, id=27888, stack(0x000000efbe600000,0x000000efbe700000) (1024K)]
=>0x000002023ebfaad0 JavaThread "C2 CompilerThread0"         daemon [_thread_in_native, id=2268, stack(0x000000efbe700000,0x000000efbe800000) (1024K)]
  0x000002023ec23e40 JavaThread "C1 CompilerThread0"         daemon [_thread_blocked, id=29588, stack(0x000000efbe800000,0x000000efbe900000) (1024K)]
  0x000002023ebf6040 JavaThread "Notification Thread"        daemon [_thread_blocked, id=24308, stack(0x000000efbe900000,0x000000efbea00000) (1024K)]
  0x000002023ebf8110 JavaThread "Common-Cleaner"             daemon [_thread_blocked, id=23120, stack(0x000000efbea00000,0x000000efbeb00000) (1024K)]
  0x000002023ebf7a80 JavaThread "surefire-forkedjvm-stream-flusher" daemon [_thread_blocked, id=29132, stack(0x000000efbeb00000,0x000000efbec00000) (1024K)]
  0x000002023ebf87a0 JavaThread "surefire-forkedjvm-command-thread" daemon [_thread_in_native, id=30452, stack(0x000000efbec00000,0x000000efbed00000) (1024K)]
  0x000002023ec26df0 JavaThread "C2 CompilerThread1"         daemon [_thread_in_native, id=26960, stack(0x000000efbf400000,0x000000efbf500000) (1024K)]
Total: 14

Other Threads:
  0x000002023eb50f40 VMThread "VM Thread"                           [id=29224, stack(0x000000efbe000000,0x000000efbe100000) (1024K)]
  0x000002023eaffd40 WatcherThread "VM Periodic Task Thread"        [id=28104, stack(0x000000efbdf00000,0x000000efbe000000) (1024K)]
  0x000002022020ab70 WorkerThread "GC Thread#0"                     [id=25188, stack(0x000000efbda00000,0x000000efbdb00000) (1024K)]
  0x0000020243cd58f0 WorkerThread "GC Thread#1"                     [id=13984, stack(0x000000efbee00000,0x000000efbef00000) (1024K)]
  0x0000020243cd5ca0 WorkerThread "GC Thread#2"                     [id=21632, stack(0x000000efbef00000,0x000000efbf000000) (1024K)]
  0x00000202431c5d20 WorkerThread "GC Thread#3"                     [id=27104, stack(0x000000efbf000000,0x000000efbf100000) (1024K)]
  0x0000020243aa3c70 WorkerThread "GC Thread#4"                     [id=27608, stack(0x000000efbf100000,0x000000efbf200000) (1024K)]
  0x000002024413d970 WorkerThread "GC Thread#5"                     [id=23604, stack(0x000000efbf200000,0x000000efbf300000) (1024K)]
  0x0000020244140e30 WorkerThread "GC Thread#6"                     [id=25032, stack(0x000000efbf300000,0x000000efbf400000) (1024K)]
  0x00000202445bdee0 WorkerThread "GC Thread#7"                     [id=4984, stack(0x000000efbed00000,0x000000efbee00000) (1024K)]
  0x000002022021b5f0 ConcurrentGCThread "G1 Main Marker"            [id=25704, stack(0x000000efbdb00000,0x000000efbdc00000) (1024K)]
  0x000002022021d6a0 WorkerThread "G1 Conc#0"                       [id=28420, stack(0x000000efbdc00000,0x000000efbdd00000) (1024K)]
  0x00000202448b70e0 WorkerThread "G1 Conc#1"                       [id=20924, stack(0x000000efbf500000,0x000000efbf600000) (1024K)]
  0x000002023e9d05d0 ConcurrentGCThread "G1 Refine#0"               [id=9044, stack(0x000000efbdd00000,0x000000efbde00000) (1024K)]
  0x000002023e9d0e00 ConcurrentGCThread "G1 Service"                [id=7192, stack(0x000000efbde00000,0x000000efbdf00000) (1024K)]
Total: 15

Threads with active compile tasks:
C2 CompilerThread0     8372 2033       4       java.lang.invoke.MethodType::methodType (69 bytes)
C1 CompilerThread0     8372 2136       3       java.lang.invoke.SimpleMethodHandle::copyWithExtendL (7 bytes)
C2 CompilerThread1     8372 2091       4       java.lang.invoke.MethodType::makeImpl (109 bytes)
Total: 3

VM state: not at safepoint (normal execution)

VM Mutex/Monitor currently owned by a thread: None

Heap address: 0x0000000082400000, size: 2012 MB, Compressed Oops mode: 32-bit

CDS archive(s) not mapped
Compressed class space mapped at: 0x0000000100000000-0x0000000140000000, reserved size: 1073741824
Narrow klass base: 0x0000000000000000, Narrow klass shift: 3, Narrow klass range: 0x140000000

GC Precious Log:
 CardTable entry size: 512
 Card Set container configuration: InlinePtr #cards 5 size 8 Array Of Cards #cards 12 size 40 Howl #buckets 4 coarsen threshold 1843 Howl Bitmap #cards 512 size 80 coarsen threshold 460 Card regions per heap region 1 cards per card region 2048
 CPUs: 8 total, 8 available
 Memory: 8040M
 Large Page Support: Disabled
 NUMA Support: Disabled
 Compressed Oops: Enabled (32-bit)
 Heap Region Size: 1M
 Heap Min Capacity: 8M
 Heap Initial Capacity: 126M
 Heap Max Capacity: 2012M
 Pre-touch: Disabled
 Parallel Workers: 8
 Concurrent Workers: 2
 Concurrent Refinement Workers: 8
 Periodic GC: Disabled

Heap:
 garbage-first heap   total 51200K, used 16277K [0x0000000082400000, 0x0000000100000000)
  region size 1024K, 7 young (7168K), 3 survivors (3072K)
 Metaspace       used 21967K, committed 22208K, reserved 1114112K
  class space    used 2302K, committed 2432K, reserved 1048576K

Heap Regions: E=young(eden), S=young(survivor), O=old, HS=humongous(starts), HC=humongous(continues), CS=collection set, F=free, TAMS=top-at-mark-start, PB=parsable bottom
|   0|0x0000000082400000, 0x0000000082500000, 0x0000000082500000|100%|HS|  |TAMS 0x0000000082400000| PB 0x0000000082400000| Complete 
|   1|0x0000000082500000, 0x0000000082600000, 0x0000000082600000|100%| O|  |TAMS 0x0000000082500000| PB 0x0000000082500000| Untracked 
|   2|0x0000000082600000, 0x0000000082700000, 0x0000000082700000|100%| O|  |TAMS 0x0000000082600000| PB 0x0000000082600000| Untracked 
|   3|0x0000000082700000, 0x0000000082800000, 0x0000000082800000|100%| O|  |TAMS 0x0000000082700000| PB 0x0000000082700000| Untracked 
|   4|0x0000000082800000, 0x0000000082900000, 0x0000000082900000|100%| O|  |TAMS 0x0000000082800000| PB 0x0000000082800000| Untracked 
|   5|0x0000000082900000, 0x0000000082a00000, 0x0000000082a00000|100%| O|  |TAMS 0x0000000082900000| PB 0x0000000082900000| Untracked 
|   6|0x0000000082a00000, 0x0000000082b00000, 0x0000000082b00000|100%| O|  |TAMS 0x0000000082a00000| PB 0x0000000082a00000| Untracked 
|   7|0x0000000082b00000, 0x0000000082c00000, 0x0000000082c00000|100%| O|  |TAMS 0x0000000082b00000| PB 0x0000000082b00000| Untracked 
|   8|0x0000000082c00000, 0x0000000082d00000, 0x0000000082d00000|100%| O|  |TAMS 0x0000000082c00000| PB 0x0000000082c00000| Untracked 
|   9|0x0000000082d00000, 0x0000000082e00000, 0x0000000082e00000|100%| O|  |TAMS 0x0000000082d00000| PB 0x0000000082d00000| Untracked 
|  10|0x0000000082e00000, 0x0000000082ea6a40, 0x0000000082f00000| 65%| O|Cm|TAMS 0x0000000082e00000| PB 0x0000000082e00000| Complete 
|  11|0x0000000082f00000, 0x0000000082f00000, 0x0000000083000000|  0%| F|  |TAMS 0x0000000082f00000| PB 0x0000000082f00000| Untracked 
|  12|0x0000000083000000, 0x0000000083000000, 0x0000000083100000|  0%| F|  |TAMS 0x0000000083000000| PB 0x0000000083000000| Untracked 
|  13|0x0000000083100000, 0x0000000083100000, 0x0000000083200000|  0%| F|  |TAMS 0x0000000083100000| PB 0x0000000083100000| Untracked 
|  14|0x0000000083200000, 0x0000000083200000, 0x0000000083300000|  0%| F|  |TAMS 0x0000000083200000| PB 0x0000000083200000| Untracked 
|  15|0x0000000083300000, 0x0000000083300000, 0x0000000083400000|  0%| F|  |TAMS 0x0000000083300000| PB 0x0000000083300000| Untracked 
|  16|0x0000000083400000, 0x0000000083400000, 0x0000000083500000|  0%| F|  |TAMS 0x0000000083400000| PB 0x0000000083400000| Untracked 
|  17|0x0000000083500000, 0x0000000083500000, 0x0000000083600000|  0%| F|  |TAMS 0x0000000083500000| PB 0x0000000083500000| Untracked 
|  18|0x0000000083600000, 0x0000000083600000, 0x0000000083700000|  0%| F|  |TAMS 0x0000000083600000| PB 0x0000000083600000| Untracked 
|  19|0x0000000083700000, 0x0000000083700000, 0x0000000083800000|  0%| F|  |TAMS 0x0000000083700000| PB 0x0000000083700000| Untracked 
|  20|0x0000000083800000, 0x0000000083800000, 0x0000000083900000|  0%| F|  |TAMS 0x0000000083800000| PB 0x0000000083800000| Untracked 
|  21|0x0000000083900000, 0x0000000083900000, 0x0000000083a00000|  0%| F|  |TAMS 0x0000000083900000| PB 0x0000000083900000| Untracked 
|  22|0x0000000083a00000, 0x0000000083a00000, 0x0000000083b00000|  0%| F|  |TAMS 0x0000000083a00000| PB 0x0000000083a00000| Untracked 
|  23|0x0000000083b00000, 0x0000000083b00000, 0x0000000083c00000|  0%| F|  |TAMS 0x0000000083b00000| PB 0x0000000083b00000| Untracked 
|  24|0x0000000083c00000, 0x0000000083c00000, 0x0000000083d00000|  0%| F|  |TAMS 0x0000000083c00000| PB 0x0000000083c00000| Untracked 
|  25|0x0000000083d00000, 0x0000000083d00000, 0x0000000083e00000|  0%| F|  |TAMS 0x0000000083d00000| PB 0x0000000083d00000| Untracked 
|  26|0x0000000083e00000, 0x0000000083e00000, 0x0000000083f00000|  0%| F|  |TAMS 0x0000000083e00000| PB 0x0000000083e00000| Untracked 
|  27|0x0000000083f00000, 0x0000000083f00000, 0x0000000084000000|  0%| F|  |TAMS 0x0000000083f00000| PB 0x0000000083f00000| Untracked 
|  28|0x0000000084000000, 0x0000000084000000, 0x0000000084100000|  0%| F|  |TAMS 0x0000000084000000| PB 0x0000000084000000| Untracked 
|  29|0x0000000084100000, 0x0000000084100000, 0x0000000084200000|  0%| F|  |TAMS 0x0000000084100000| PB 0x0000000084100000| Untracked 
|  30|0x0000000084200000, 0x0000000084200000, 0x0000000084300000|  0%| F|  |TAMS 0x0000000084200000| PB 0x0000000084200000| Untracked 
|  31|0x0000000084300000, 0x0000000084300000, 0x0000000084400000|  0%| F|  |TAMS 0x0000000084300000| PB 0x0000000084300000| Untracked 
|  32|0x0000000084400000, 0x0000000084400000, 0x0000000084500000|  0%| F|  |TAMS 0x0000000084400000| PB 0x0000000084400000| Untracked 
|  33|0x0000000084500000, 0x0000000084500000, 0x0000000084600000|  0%| F|  |TAMS 0x0000000084500000| PB 0x0000000084500000| Untracked 
|  34|0x0000000084600000, 0x0000000084600000, 0x0000000084700000|  0%| F|  |TAMS 0x0000000084600000| PB 0x0000000084600000| Untracked 
|  35|0x0000000084700000, 0x0000000084700000, 0x0000000084800000|  0%| F|  |TAMS 0x0000000084700000| PB 0x0000000084700000| Untracked 
|  36|0x0000000084800000, 0x0000000084800000, 0x0000000084900000|  0%| F|  |TAMS 0x0000000084800000| PB 0x0000000084800000| Untracked 
|  37|0x0000000084900000, 0x0000000084900000, 0x0000000084a00000|  0%| F|  |TAMS 0x0000000084900000| PB 0x0000000084900000| Untracked 
|  38|0x0000000084a00000, 0x0000000084a00000, 0x0000000084b00000|  0%| F|  |TAMS 0x0000000084a00000| PB 0x0000000084a00000| Untracked 
|  39|0x0000000084b00000, 0x0000000084b00000, 0x0000000084c00000|  0%| F|  |TAMS 0x0000000084b00000| PB 0x0000000084b00000| Untracked 
|  40|0x0000000084c00000, 0x0000000084c00000, 0x0000000084d00000|  0%| F|  |TAMS 0x0000000084c00000| PB 0x0000000084c00000| Untracked 
|  41|0x0000000084d00000, 0x0000000084d00000, 0x0000000084e00000|  0%| F|  |TAMS 0x0000000084d00000| PB 0x0000000084d00000| Untracked 
|  42|0x0000000084e00000, 0x0000000084e00000, 0x0000000084f00000|  0%| F|  |TAMS 0x0000000084e00000| PB 0x0000000084e00000| Untracked 
|  43|0x0000000084f00000, 0x0000000085000000, 0x0000000085000000|100%| E|  |TAMS 0x0000000084f00000| PB 0x0000000084f00000| Complete 
|  44|0x0000000085000000, 0x0000000085100000, 0x0000000085100000|100%| E|CS|TAMS 0x0000000085000000| PB 0x0000000085000000| Complete 
|  45|0x0000000085100000, 0x0000000085200000, 0x0000000085200000|100%| E|CS|TAMS 0x0000000085100000| PB 0x0000000085100000| Complete 
| 117|0x0000000089900000, 0x000000008993eb10, 0x0000000089a00000| 24%| S|CS|TAMS 0x0000000089900000| PB 0x0000000089900000| Complete 
| 118|0x0000000089a00000, 0x0000000089b00000, 0x0000000089b00000|100%| S|CS|TAMS 0x0000000089a00000| PB 0x0000000089a00000| Complete 
| 119|0x0000000089b00000, 0x0000000089c00000, 0x0000000089c00000|100%| S|CS|TAMS 0x0000000089b00000| PB 0x0000000089b00000| Complete 
| 125|0x000000008a100000, 0x000000008a200000, 0x000000008a200000|100%| E|CS|TAMS 0x000000008a100000| PB 0x000000008a100000| Complete 

Card table byte_map: [0x0000020239cf0000,0x000002023a0e0000] _byte_map_base: 0x00000202398de000

Marking Bits: (CMBitMap*) 0x000002022020b190
 Bits: [0x000002023a0e0000, 0x000002023c050000)

Polling page: 0x0000020220280000

Metaspace:

Usage:
  Non-class:     19.21 MB used.
      Class:      2.25 MB used.
       Both:     21.47 MB used.

Virtual space:
  Non-class space:       64.00 MB reserved,      19.31 MB ( 30%) committed,  1 nodes.
      Class space:        1.00 GB reserved,       2.38 MB ( <1%) committed,  1 nodes.
             Both:        1.06 GB reserved,      21.69 MB (  2%) committed. 

Chunk freelists:
   Non-Class:  12.70 MB
       Class:  13.47 MB
        Both:  26.17 MB

MaxMetaspaceSize: unlimited
CompressedClassSpaceSize: 1.00 GB
Initial GC threshold: 21.00 MB
Current GC threshold: 35.12 MB
CDS: off
 - commit_granule_bytes: 65536.
 - commit_granule_words: 8192.
 - virtual_space_node_default_size: 8388608.
 - enlarge_chunks_in_place: 1.
 - use_allocation_guard: 0.


Internal statistics:

num_allocs_failed_limit: 3.
num_arena_births: 212.
num_arena_deaths: 0.
num_vsnodes_births: 2.
num_vsnodes_deaths: 0.
num_space_committed: 347.
num_space_uncommitted: 0.
num_chunks_returned_to_freelist: 3.
num_chunks_taken_from_freelist: 676.
num_chunk_merges: 3.
num_chunk_splits: 380.
num_chunks_enlarged: 238.
num_inconsistent_stats: 0.

CodeHeap 'non-profiled nmethods': size=120000Kb used=798Kb max_used=798Kb free=119201Kb
 bounds [0x0000020231960000, 0x0000020231bd0000, 0x0000020238e90000]
CodeHeap 'profiled nmethods': size=120000Kb used=4051Kb max_used=4051Kb free=115948Kb
 bounds [0x0000020229e90000, 0x000002022a290000, 0x00000202313c0000]
CodeHeap 'non-nmethods': size=5760Kb used=1406Kb max_used=1444Kb free=4354Kb
 bounds [0x00000202313c0000, 0x0000020231630000, 0x0000020231960000]
 total_blobs=2630 nmethods=2130 adapters=404
 compilation: enabled
              stopped_count=0, restarted_count=0
 full_count=0

Compilation events (20 events):
Event: 7.211 Thread 0x000002023ec23e40 2051       3       sun.reflect.generics.visitor.Reifier::<init> (10 bytes)
Event: 7.211 Thread 0x000002023ec23e40 nmethod 2051 0x000002022a259f90 code [0x000002022a25a140, 0x000002022a25a2f8]
Event: 7.211 Thread 0x000002023ec23e40 2052       3       sun.reflect.generics.visitor.Reifier::getResult (26 bytes)
Event: 7.211 Thread 0x000002023ec23e40 nmethod 2052 0x000002022a25a390 code [0x000002022a25a520, 0x000002022a25a640]
Event: 7.212 Thread 0x000002023ec23e40 2053       3       sun.reflect.generics.parser.SignatureParser::init (16 bytes)
Event: 7.212 Thread 0x000002023ec23e40 nmethod 2053 0x000002022a25a710 code [0x000002022a25a8a0, 0x000002022a25aa08]
Event: 7.213 Thread 0x000002023ec23e40 2054       3       sun.reflect.generics.scope.ClassScope::make (9 bytes)
Event: 7.213 Thread 0x000002023ec23e40 nmethod 2054 0x000002022a25aa90 code [0x000002022a25ac40, 0x000002022a25aef8]
Event: 7.213 Thread 0x000002023ec23e40 2055       3       sun.reflect.generics.scope.ClassScope::<init> (6 bytes)
Event: 7.213 Thread 0x000002023ec23e40 nmethod 2055 0x000002022a25b010 code [0x000002022a25b1c0, 0x000002022a25b3e0]
Event: 7.213 Thread 0x000002023ec23e40 2056       3       sun.reflect.generics.scope.AbstractScope::<init> (10 bytes)
Event: 7.213 Thread 0x000002023ec23e40 nmethod 2056 0x000002022a25b510 code [0x000002022a25b6c0, 0x000002022a25b878]
Event: 7.213 Thread 0x000002023ec23e40 2057       3       sun.reflect.generics.factory.CoreReflectionFactory::make (10 bytes)
Event: 7.213 Thread 0x000002023ec23e40 nmethod 2057 0x000002022a25b910 code [0x000002022a25bac0, 0x000002022a25bd78]
Event: 7.213 Thread 0x000002023ec23e40 2058       3       sun.reflect.generics.factory.CoreReflectionFactory::<init> (15 bytes)
Event: 7.213 Thread 0x000002023ec23e40 nmethod 2058 0x000002022a25be90 code [0x000002022a25c040, 0x000002022a25c260]
Event: 7.216 Thread 0x000002023ec23e40 2059   !   3       org.springframework.util.ConcurrentReferenceHashMap$Segment::clear (69 bytes)
Event: 7.217 Thread 0x000002023ec23e40 nmethod 2059 0x000002022a25c310 code [0x000002022a25c580, 0x000002022a25d088]
Event: 7.225 Thread 0x000002023ec23e40 2061       1       org.springframework.core.ResolvableType::resolve (5 bytes)
Event: 7.226 Thread 0x000002023ec23e40 nmethod 2061 0x0000020231a20310 code [0x0000020231a204a0, 0x0000020231a20568]

GC Heap History (4 events):
Event: 2.884 GC heap before
{Heap before GC invocations=0 (full 0):
 garbage-first heap   total 129024K, used 23552K [0x0000000082400000, 0x0000000100000000)
  region size 1024K, 23 young (23552K), 0 survivors (0K)
 Metaspace       used 13053K, committed 13120K, reserved 1114112K
  class space    used 1192K, committed 1216K, reserved 1048576K
}
Event: 2.889 GC heap after
{Heap after GC invocations=1 (full 0):
 garbage-first heap   total 129024K, used 10703K [0x0000000082400000, 0x0000000100000000)
  region size 1024K, 3 young (3072K), 3 survivors (3072K)
 Metaspace       used 13053K, committed 13120K, reserved 1114112K
  class space    used 1192K, committed 1216K, reserved 1048576K
}
Event: 5.090 GC heap before
{Heap before GC invocations=1 (full 0):
 garbage-first heap   total 129024K, used 34255K [0x0000000082400000, 0x0000000100000000)
  region size 1024K, 26 young (26624K), 3 survivors (3072K)
 Metaspace       used 20016K, committed 20288K, reserved 1114112K
  class space    used 2019K, committed 2112K, reserved 1048576K
}
Event: 5.095 GC heap after
{Heap after GC invocations=2 (full 0):
 garbage-first heap   total 129024K, used 12893K [0x0000000082400000, 0x0000000100000000)
  region size 1024K, 2 young (2048K), 2 survivors (2048K)
 Metaspace       used 20016K, committed 20288K, reserved 1114112K
  class space    used 2019K, committed 2112K, reserved 1048576K
}

Dll operation events (8 events):
Event: 0.010 Loaded shared library D:\mailon\Java\jdk-21.0.10\bin\java.dll
Event: 1.605 Loaded shared library D:\mailon\Java\jdk-21.0.10\bin\jsvml.dll
Event: 1.768 Loaded shared library D:\mailon\Java\jdk-21.0.10\bin\net.dll
Event: 1.770 Loaded shared library D:\mailon\Java\jdk-21.0.10\bin\nio.dll
Event: 1.786 Loaded shared library D:\mailon\Java\jdk-21.0.10\bin\zip.dll
Event: 1.892 Loaded shared library D:\mailon\Java\jdk-21.0.10\bin\management.dll
Event: 1.909 Loaded shared library D:\mailon\Java\jdk-21.0.10\bin\management_ext.dll
Event: 1.955 Loaded shared library D:\mailon\Java\jdk-21.0.10\bin\jimage.dll

Deoptimization events (20 events):
Event: 4.650 Thread 0x000002021ffcd330 Uncommon trap: trap_request=0xffffff45 fr.pc=0x000002023197f7f4 relative=0x0000000000000054
Event: 4.650 Thread 0x000002021ffcd330 Uncommon trap: reason=unstable_if action=reinterpret pc=0x000002023197f7f4 method=sun.nio.fs.WindowsPathParser.isSlash(C)Z @ 9 c2
Event: 4.650 Thread 0x000002021ffcd330 DEOPT PACKING pc=0x000002023197f7f4 sp=0x000000efbd9fcca0
Event: 4.650 Thread 0x000002021ffcd330 DEOPT UNPACKING pc=0x00000202314146a2 sp=0x000000efbd9fcc28 mode 2
Event: 5.099 Thread 0x000002021ffcd330 Uncommon trap: trap_request=0xffffff45 fr.pc=0x0000020231a137d8 relative=0x00000000000007b8
Event: 5.099 Thread 0x000002021ffcd330 Uncommon trap: reason=unstable_if action=reinterpret pc=0x0000020231a137d8 method=java.util.HashMap.putVal(ILjava/lang/Object;Ljava/lang/Object;ZZ)Ljava/lang/Object; @ 193 c2
Event: 5.099 Thread 0x000002021ffcd330 DEOPT PACKING pc=0x0000020231a137d8 sp=0x000000efbd9fc1a0
Event: 5.099 Thread 0x000002021ffcd330 DEOPT UNPACKING pc=0x00000202314146a2 sp=0x000000efbd9fc120 mode 2
Event: 5.137 Thread 0x000002021ffcd330 Uncommon trap: trap_request=0xffffff45 fr.pc=0x0000020231a1d7dc relative=0x00000000000003fc
Event: 5.137 Thread 0x000002021ffcd330 Uncommon trap: reason=unstable_if action=reinterpret pc=0x0000020231a1d7dc method=java.lang.Integer.getChars(II[B)I @ 25 c2
Event: 5.137 Thread 0x000002021ffcd330 DEOPT PACKING pc=0x0000020231a1d7dc sp=0x000000efbd9fca80
Event: 5.137 Thread 0x000002021ffcd330 DEOPT UNPACKING pc=0x00000202314146a2 sp=0x000000efbd9fc960 mode 2
Event: 7.206 Thread 0x000002021ffcd330 Uncommon trap: trap_request=0xffffff45 fr.pc=0x00000202319c2ca8 relative=0x00000000000000e8
Event: 7.206 Thread 0x000002021ffcd330 Uncommon trap: reason=unstable_if action=reinterpret pc=0x00000202319c2ca8 method=sun.reflect.generics.parser.SignatureParser.current()C @ 39 c2
Event: 7.206 Thread 0x000002021ffcd330 DEOPT PACKING pc=0x00000202319c2ca8 sp=0x000000efbd9fbcb0
Event: 7.206 Thread 0x000002021ffcd330 DEOPT UNPACKING pc=0x00000202314146a2 sp=0x000000efbd9fbc48 mode 2
Event: 7.206 Thread 0x000002021ffcd330 Uncommon trap: trap_request=0xffffff45 fr.pc=0x0000020231a1ed68 relative=0x0000000000000268
Event: 7.206 Thread 0x000002021ffcd330 Uncommon trap: reason=unstable_if action=reinterpret pc=0x0000020231a1ed68 method=sun.reflect.generics.parser.SignatureParser.skipIdentifier()V @ 44 c2
Event: 7.206 Thread 0x000002021ffcd330 DEOPT PACKING pc=0x0000020231a1ed68 sp=0x000000efbd9fc560
Event: 7.206 Thread 0x000002021ffcd330 DEOPT UNPACKING pc=0x00000202314146a2 sp=0x000000efbd9fc4e8 mode 2

Classes loaded (20 events):
Event: 7.206 Loading class java/lang/reflect/ParameterizedType done
Event: 7.206 Loading class sun/reflect/generics/reflectiveObjects/ParameterizedTypeImpl done
Event: 7.206 Loading class sun/reflect/generics/reflectiveObjects/TypeVariableImpl
Event: 7.206 Loading class sun/reflect/generics/reflectiveObjects/LazyReflectiveObjectGenerator
Event: 7.206 Loading class sun/reflect/generics/reflectiveObjects/LazyReflectiveObjectGenerator done
Event: 7.206 Loading class sun/reflect/generics/reflectiveObjects/TypeVariableImpl done
Event: 7.212 Loading class sun/reflect/generics/tree/BottomSignature
Event: 7.212 Loading class sun/reflect/generics/tree/BottomSignature done
Event: 7.212 Loading class sun/reflect/generics/tree/Wildcard
Event: 7.212 Loading class sun/reflect/generics/tree/Wildcard done
Event: 7.212 Loading class sun/reflect/generics/reflectiveObjects/WildcardTypeImpl
Event: 7.213 Loading class java/lang/reflect/WildcardType
Event: 7.213 Loading class java/lang/reflect/WildcardType done
Event: 7.213 Loading class sun/reflect/generics/reflectiveObjects/WildcardTypeImpl done
Event: 7.213 Loading class sun/reflect/generics/tree/TypeVariableSignature
Event: 7.213 Loading class sun/reflect/generics/tree/TypeVariableSignature done
Event: 7.216 Loading class java/util/Currency
Event: 7.216 Loading class java/util/Currency done
Event: 7.217 Loading class java/util/UUID
Event: 7.217 Loading class java/util/UUID done

Classes unloaded (0 events):
No events

Classes redefined (0 events):
No events

Internal exceptions (20 events):
Event: 3.126 Thread 0x000002021ffcd330 Exception <a 'java/lang/NoSuchMethodError'{0x0000000089bfeda8}: 'int java.lang.invoke.DirectMethodHandle$Holder.invokeStatic(java.lang.Object, java.lang.Object, java.lang.Object, java.lang.Object)'> (0x0000000089bfeda8) 
thrown [s\open\src\hotspot\share\interpreter\linkResolver.cpp, line 773]
Event: 3.127 Thread 0x000002021ffcd330 Exception <a 'java/lang/NoSuchMethodError'{0x0000000089a02680}: 'java.lang.Object java.lang.invoke.Invokers$Holder.invokeExact_MT(java.lang.Object, java.lang.Object, java.lang.Object, java.lang.Object, java.lang.Object, java.lang.Object)'> (0x0000000089a02680) 
thrown [s\open\src\hotspot\share\interpreter\linkResolver.cpp, line 773]
Event: 3.128 Thread 0x000002021ffcd330 Exception <a 'java/lang/NoSuchMethodError'{0x0000000089a0fd68}: 'int java.lang.invoke.DirectMethodHandle$Holder.invokeStatic(java.lang.Object, java.lang.Object, java.lang.Object, java.lang.Object, java.lang.Object)'> (0x0000000089a0fd68) 
thrown [s\open\src\hotspot\share\interpreter\linkResolver.cpp, line 773]
Event: 3.138 Thread 0x000002021ffcd330 Exception <a 'java/lang/NoSuchMethodError'{0x0000000089a630e8}: 'void java.lang.invoke.DirectMethodHandle$Holder.invokeStaticInit(java.lang.Object)'> (0x0000000089a630e8) 
thrown [s\open\src\hotspot\share\interpreter\linkResolver.cpp, line 773]
Event: 3.152 Thread 0x000002021ffcd330 Exception <a 'java/lang/NoSuchMethodError'{0x0000000089afaeb0}: 'void java.lang.invoke.DirectMethodHandle$Holder.invokeStaticInit(java.lang.Object, java.lang.Object, java.lang.Object, java.lang.Object)'> (0x0000000089afaeb0) 
thrown [s\open\src\hotspot\share\interpreter\linkResolver.cpp, line 773]
Event: 3.163 Thread 0x000002021ffcd330 Exception <a 'java/lang/NoSuchMethodError'{0x0000000089962348}: 'int java.lang.invoke.DirectMethodHandle$Holder.invokeStaticInit(java.lang.Object, java.lang.Object)'> (0x0000000089962348) 
thrown [s\open\src\hotspot\share\interpreter\linkResolver.cpp, line 773]
Event: 3.207 Thread 0x000002021ffcd330 Exception <a 'java/lang/NoSuchMethodError'{0x00000000898c24d0}: 'void java.lang.invoke.DirectMethodHandle$Holder.invokeStatic(java.lang.Object, java.lang.Object)'> (0x00000000898c24d0) 
thrown [s\open\src\hotspot\share\interpreter\linkResolver.cpp, line 773]
Event: 3.271 Thread 0x000002021ffcd330 Exception <a 'java/lang/ClassNotFoundException'{0x000000008965de68}: javax/smartcardio/CardPermission> (0x000000008965de68) 
thrown [s\open\src\hotspot\share\classfile\systemDictionary.cpp, line 312]
Event: 3.287 Thread 0x000002021ffcd330 Exception <a 'java/io/FileNotFoundException'{0x000000008966ca50}> (0x000000008966ca50) 
thrown [s\open\src\hotspot\share\prims\jni.cpp, line 520]
Event: 3.308 Thread 0x000002021ffcd330 Exception <a 'java/lang/NoSuchMethodError'{0x00000000896f8f08}: 'java.lang.Object java.lang.invoke.Invokers$Holder.linkToTargetMethod(java.lang.Object, long, java.lang.Object, java.lang.Object)'> (0x00000000896f8f08) 
thrown [s\open\src\hotspot\share\interpreter\linkResolver.cpp, line 773]
Event: 3.345 Thread 0x000002021ffcd330 Implicit null exception at 0x00000202319d6366 to 0x00000202319d640a
Event: 4.471 Thread 0x000002021ffcd330 Exception <a 'java/lang/NoSuchMethodError'{0x00000000892b9af0}: 'int java.lang.invoke.DirectMethodHandle$Holder.invokeStaticInit(java.lang.Object, java.lang.Object, java.lang.Object)'> (0x00000000892b9af0) 
thrown [s\open\src\hotspot\share\interpreter\linkResolver.cpp, line 773]
Event: 4.502 Thread 0x000002021ffcd330 Exception <a 'java/lang/NoSuchMethodError'{0x00000000891c60d0}: 'int java.lang.invoke.DirectMethodHandle$Holder.invokeInterface(java.lang.Object, java.lang.Object)'> (0x00000000891c60d0) 
thrown [s\open\src\hotspot\share\interpreter\linkResolver.cpp, line 773]
Event: 4.526 Thread 0x000002021ffcd330 Exception <a 'java/lang/NoSuchMethodError'{0x00000000890a7680}: 'void java.lang.invoke.DirectMethodHandle$Holder.invokeStaticInit(java.lang.Object, java.lang.Object)'> (0x00000000890a7680) 
thrown [s\open\src\hotspot\share\interpreter\linkResolver.cpp, line 773]
Event: 4.560 Thread 0x000002021ffcd330 Exception <a 'java/lang/NoSuchMethodError'{0x0000000088f442c0}: 'int java.lang.invoke.DirectMethodHandle$Holder.invokeVirtual(java.lang.Object, java.lang.Object, java.lang.Object)'> (0x0000000088f442c0) 
thrown [s\open\src\hotspot\share\interpreter\linkResolver.cpp, line 773]
Event: 4.609 Thread 0x000002021ffcd330 Exception <a 'java/lang/IncompatibleClassChangeError'{0x0000000088eedb30}: Found class java.lang.Object, but interface was expected> (0x0000000088eedb30) 
thrown [s\open\src\hotspot\share\interpreter\linkResolver.cpp, line 840]
Event: 4.645 Thread 0x000002021ffcd330 Exception <a 'java/lang/NoSuchMethodError'{0x0000000088dfbea8}: 'int java.lang.invoke.DirectMethodHandle$Holder.invokeSpecial(java.lang.Object, java.lang.Object, java.lang.Object, java.lang.Object)'> (0x0000000088dfbea8) 
thrown [s\open\src\hotspot\share\interpreter\linkResolver.cpp, line 773]
Event: 4.651 Thread 0x000002021ffcd330 Exception <a 'java/lang/NoSuchMethodError'{0x0000000088c17110}: 'int java.lang.invoke.DirectMethodHandle$Holder.invokeSpecial(java.lang.Object, java.lang.Object, java.lang.Object, java.lang.Object, java.lang.Object)'> (0x0000000088c17110) 
thrown [s\open\src\hotspot\share\interpreter\linkResolver.cpp, line 773]
Event: 4.652 Thread 0x000002021ffcd330 Exception <a 'java/lang/NoSuchMethodError'{0x0000000088c1f590}: 'void java.lang.invoke.DirectMethodHandle$Holder.invokeVirtual(java.lang.Object, java.lang.Object)'> (0x0000000088c1f590) 
thrown [s\open\src\hotspot\share\interpreter\linkResolver.cpp, line 773]
Event: 6.169 Thread 0x000002021ffcd330 Exception <a 'java/lang/NoSuchMethodError'{0x000000008a0f5a48}: 'void java.lang.invoke.DirectMethodHandle$Holder.invokeVirtual(java.lang.Object, java.lang.Object, java.lang.Object, java.lang.Object)'> (0x000000008a0f5a48) 
thrown [s\open\src\hotspot\share\interpreter\linkResolver.cpp, line 773]

ZGC Phase Switch (0 events):
No events

VM Operations (20 events):
Event: 3.200 Executing VM operation: ICBufferFull done
Event: 3.226 Executing VM operation: HandshakeAllThreads (Deoptimize)
Event: 3.226 Executing VM operation: HandshakeAllThreads (Deoptimize) done
Event: 4.238 Executing VM operation: Cleanup
Event: 4.365 Executing VM operation: Cleanup done
Event: 4.416 Executing VM operation: HandshakeAllThreads (Deoptimize)
Event: 4.416 Executing VM operation: HandshakeAllThreads (Deoptimize) done
Event: 4.417 Executing VM operation: HandshakeAllThreads (Deoptimize)
Event: 4.417 Executing VM operation: HandshakeAllThreads (Deoptimize) done
Event: 4.504 Executing VM operation: HandshakeAllThreads (Deoptimize)
Event: 4.504 Executing VM operation: HandshakeAllThreads (Deoptimize) done
Event: 4.618 Executing VM operation: HandshakeAllThreads (Deoptimize)
Event: 4.618 Executing VM operation: HandshakeAllThreads (Deoptimize) done
Event: 5.090 Executing VM operation: G1CollectForAllocation (G1 Evacuation Pause)
Event: 5.095 Executing VM operation: G1CollectForAllocation (G1 Evacuation Pause) done
Event: 5.155 Executing VM operation: HandshakeAllThreads (Deoptimize)
Event: 5.155 Executing VM operation: HandshakeAllThreads (Deoptimize) done
Event: 6.168 Executing VM operation: Cleanup
Event: 6.168 Executing VM operation: Cleanup done
Event: 8.198 Executing VM operation: Cleanup

Events (15 events):
Event: 1.199 Thread 0x000002021ffcd330 Thread added: 0x000002021ffcd330
Event: 1.598 Thread 0x000002023ec07c70 Thread added: 0x000002023ec07c70
Event: 1.598 Thread 0x000002023ec0a6e0 Thread added: 0x000002023ec0a6e0
Event: 1.602 Thread 0x000002023ebf4b30 Thread added: 0x000002023ebf4b30
Event: 1.602 Thread 0x000002023ebf5590 Thread added: 0x000002023ebf5590
Event: 1.603 Thread 0x000002023ec22fa0 Thread added: 0x000002023ec22fa0
Event: 1.603 Thread 0x000002023ebf94c0 Thread added: 0x000002023ebf94c0
Event: 1.603 Thread 0x000002023ebfaad0 Thread added: 0x000002023ebfaad0
Event: 1.603 Thread 0x000002023ec23e40 Thread added: 0x000002023ec23e40
Event: 1.726 Thread 0x000002023ebf6040 Thread added: 0x000002023ebf6040
Event: 1.737 Thread 0x000002023ebf8110 Thread added: 0x000002023ebf8110
Event: 2.312 Thread 0x000002023ebf7a80 Thread added: 0x000002023ebf7a80
Event: 2.325 Thread 0x000002023ebf87a0 Thread added: 0x000002023ebf87a0
Event: 2.698 Thread 0x000002023ec24510 Thread added: 0x000002023ec24510
Event: 4.966 Thread 0x000002023ec24510 Thread exited: 0x000002023ec24510


Dynamic libraries:
0x00007ff75e160000 - 0x00007ff75e170000 	D:\mailon\Java\jdk-21.0.10\bin\java.exe
0x00007ffe20340000 - 0x00007ffe205a7000 	C:\WINDOWS\SYSTEM32\ntdll.dll
0x00007ffe1f710000 - 0x00007ffe1f7d9000 	C:\WINDOWS\System32\KERNEL32.DLL
0x00007ffe1ce40000 - 0x00007ffe1d234000 	C:\WINDOWS\System32\KERNELBASE.dll
0x00007ffe1df80000 - 0x00007ffe1e0cb000 	C:\WINDOWS\System32\ucrtbase.dll
0x00007ffe175b0000 - 0x00007ffe175ce000 	D:\mailon\Java\jdk-21.0.10\bin\VCRUNTIME140.dll
0x00007ffe175d0000 - 0x00007ffe175e9000 	D:\mailon\Java\jdk-21.0.10\bin\jli.dll
0x00007ffe20240000 - 0x00007ffe202f6000 	C:\WINDOWS\System32\ADVAPI32.dll
0x00007ffe1f540000 - 0x00007ffe1f5e9000 	C:\WINDOWS\System32\msvcrt.dll
0x00007ffe1f7e0000 - 0x00007ffe1f887000 	C:\WINDOWS\System32\sechost.dll
0x00007ffe1f5f0000 - 0x00007ffe1f708000 	C:\WINDOWS\System32\RPCRT4.dll
0x00007ffe1ee10000 - 0x00007ffe1efd5000 	C:\WINDOWS\System32\USER32.dll
0x00007ffe1ce10000 - 0x00007ffe1ce37000 	C:\WINDOWS\System32\win32u.dll
0x00007ffe0c8f0000 - 0x00007ffe0cb83000 	C:\WINDOWS\WinSxS\amd64_microsoft.windows.common-controls_6595b64144ccf1df_6.0.26100.8115_none_3e075c82e3354f9c\COMCTL32.dll
0x00007ffe1f890000 - 0x00007ffe1f8bb000 	C:\WINDOWS\System32\GDI32.dll
0x00007ffe1dab0000 - 0x00007ffe1dbdb000 	C:\WINDOWS\System32\gdi32full.dll
0x00007ffe1ded0000 - 0x00007ffe1df73000 	C:\WINDOWS\System32\msvcp_win.dll
0x00007ffe16170000 - 0x00007ffe1617b000 	C:\WINDOWS\SYSTEM32\VERSION.dll
0x00007ffe1e170000 - 0x00007ffe1e1a2000 	C:\WINDOWS\System32\IMM32.DLL
0x00007ffe17510000 - 0x00007ffe1751c000 	D:\mailon\Java\jdk-21.0.10\bin\vcruntime140_1.dll
0x00007ffe02390000 - 0x00007ffe0241d000 	D:\mailon\Java\jdk-21.0.10\bin\msvcp140.dll
0x00007ffd68fa0000 - 0x00007ffd69cc7000 	D:\mailon\Java\jdk-21.0.10\bin\server\jvm.dll
0x00007ffe201b0000 - 0x00007ffe20230000 	C:\WINDOWS\System32\WS2_32.dll
0x00007ffe1ca90000 - 0x00007ffe1caee000 	C:\WINDOWS\SYSTEM32\POWRPROF.dll
0x00007ffdfca90000 - 0x00007ffdfcac6000 	C:\WINDOWS\SYSTEM32\WINMM.dll
0x00007ffe1ca70000 - 0x00007ffe1ca84000 	C:\WINDOWS\SYSTEM32\UMPDC.dll
0x00007ffe1b970000 - 0x00007ffe1b98b000 	C:\WINDOWS\SYSTEM32\kernel.appcore.dll
0x00007ffe17500000 - 0x00007ffe1750a000 	D:\mailon\Java\jdk-21.0.10\bin\jimage.dll
0x00007ffe0d0b0000 - 0x00007ffe0d2f2000 	C:\WINDOWS\SYSTEM32\DBGHELP.DLL
0x00007ffe1e7e0000 - 0x00007ffe1eb62000 	C:\WINDOWS\System32\combase.dll
0x00007ffe1f0d0000 - 0x00007ffe1f1a8000 	C:\WINDOWS\System32\OLEAUT32.dll
0x00007ffe033e0000 - 0x00007ffe0341b000 	C:\WINDOWS\SYSTEM32\dbgcore.DLL
0x00007ffe1dd60000 - 0x00007ffe1de05000 	C:\WINDOWS\System32\bcryptPrimitives.dll
0x00007ffe10450000 - 0x00007ffe10471000 	D:\mailon\Java\jdk-21.0.10\bin\java.dll
0x00007ffe1fa40000 - 0x00007ffe201a7000 	C:\WINDOWS\System32\SHELL32.dll
0x00007ffe1cc10000 - 0x00007ffe1cd7a000 	C:\WINDOWS\System32\wintypes.dll
0x00007ffe1d240000 - 0x00007ffe1daa8000 	C:\WINDOWS\System32\windows.storage.dll
0x00007ffe1f220000 - 0x00007ffe1f318000 	C:\WINDOWS\System32\SHCORE.dll
0x00007ffe1f9d0000 - 0x00007ffe1fa36000 	C:\WINDOWS\System32\shlwapi.dll
0x00007ffe1cb30000 - 0x00007ffe1cb59000 	C:\WINDOWS\SYSTEM32\profapi.dll
0x00007ffe00160000 - 0x00007ffe00237000 	D:\mailon\Java\jdk-21.0.10\bin\jsvml.dll
0x00007ffe10380000 - 0x00007ffe10391000 	D:\mailon\Java\jdk-21.0.10\bin\net.dll
0x00007ffe15b50000 - 0x00007ffe15c7d000 	C:\WINDOWS\SYSTEM32\WINHTTP.dll
0x00007ffe1bed0000 - 0x00007ffe1bf3c000 	C:\WINDOWS\system32\mswsock.dll
0x00007ffe0e890000 - 0x00007ffe0e8a6000 	D:\mailon\Java\jdk-21.0.10\bin\nio.dll
0x00007ffe0e870000 - 0x00007ffe0e888000 	D:\mailon\Java\jdk-21.0.10\bin\zip.dll
0x00007ffe174f0000 - 0x00007ffe174fa000 	D:\mailon\Java\jdk-21.0.10\bin\management.dll
0x00007ffe174b0000 - 0x00007ffe174bc000 	D:\mailon\Java\jdk-21.0.10\bin\management_ext.dll
0x00007ffe1e0d0000 - 0x00007ffe1e0d8000 	C:\WINDOWS\System32\PSAPI.DLL

dbghelp: loaded successfully - version: 4.0.5 - missing functions: none
symbol engine: initialized successfully - sym options: 0x614 - pdb path: .;D:\mailon\Java\jdk-21.0.10\bin;C:\WINDOWS\SYSTEM32;C:\WINDOWS\WinSxS\amd64_microsoft.windows.common-controls_6595b64144ccf1df_6.0.26100.8115_none_3e075c82e3354f9c;D:\mailon\Java\jdk-21.0.10\bin\server

VM Arguments:
java_command: C:\Users\Usuario\AppData\Local\Temp\surefire13559576122865677941\surefirebooter-20260423045954222_3.jar C:\Users\Usuario\AppData\Local\Temp\surefire13559576122865677941 2026-04-23T04-59-53_986-jvmRun1 surefire-20260423045954222_1tmp surefire_0-20260423045954222_2tmp
java_class_path (initial): C:\Users\Usuario\AppData\Local\Temp\surefire13559576122865677941\surefirebooter-20260423045954222_3.jar
Launcher Type: SUN_STANDARD

[Global flags]
     intx CICompilerCount                          = 4                                         {product} {ergonomic}
     uint ConcGCThreads                            = 2                                         {product} {ergonomic}
     uint G1ConcRefinementThreads                  = 8                                         {product} {ergonomic}
   size_t G1HeapRegionSize                         = 1048576                                   {product} {ergonomic}
    uintx GCDrainStackTargetSize                   = 64                                        {product} {ergonomic}
   size_t InitialHeapSize                          = 132120576                                 {product} {ergonomic}
   size_t MarkStackSize                            = 4194304                                   {product} {ergonomic}
   size_t MaxHeapSize                              = 2109734912                                {product} {ergonomic}
   size_t MaxNewSize                               = 1265631232                                {product} {ergonomic}
   size_t MinHeapDeltaBytes                        = 1048576                                   {product} {ergonomic}
   size_t MinHeapSize                              = 8388608                                   {product} {ergonomic}
    uintx NonNMethodCodeHeapSize                   = 5839372                                {pd product} {ergonomic}
    uintx NonProfiledCodeHeapSize                  = 122909434                              {pd product} {ergonomic}
    uintx ProfiledCodeHeapSize                     = 122909434                              {pd product} {ergonomic}
    uintx ReservedCodeCacheSize                    = 251658240                              {pd product} {ergonomic}
     bool SegmentedCodeCache                       = true                                      {product} {ergonomic}
   size_t SoftMaxHeapSize                          = 2109734912                             {manageable} {ergonomic}
     bool UseCompressedOops                        = true                           {product lp64_product} {ergonomic}
     bool UseG1GC                                  = true                                      {product} {ergonomic}
     bool UseLargePagesIndividualAllocation        = false                                  {pd product} {ergonomic}

Logging:
Log output configuration:
 #0: stdout all=warning uptime,level,tags foldmultilines=false
 #1: stderr all=off uptime,level,tags foldmultilines=false

Environment Variables:
JAVA_HOME=D:/mailon/Java/jdk-21.0.10
PATH=D:\Program Files\Git\mingw64\bin;D:\Program Files\Git\usr\bin;C:\Users\Usuario\bin;C:\Program Files\Common Files\Oracle\Java\javapath;C:\WINDOWS\system32;C:\WINDOWS;C:\WINDOWS\System32\Wbem;C:\WINDOWS\System32\WindowsPowerShell\v1.0;C:\WINDOWS\System32\OpenSSH;D:\Program Files\nodejs;D:\mailon\Usuario\Desktop\apache-maven-3.9.14-bin (1)\apache-maven-3.9.14\bin;D:\Program Files\Git\cmd;C:\Users\Usuario\AppData\Local\Programs\Trae\bin;D:\mailon\Usuario\Downloads\ffmpeg-8.0.1-essentials_build\ffmpeg-8.0.1-essentials_build\bin;D:\mailon\Usuario\Desktop\apache-maven-3.9.14-bin (1)\apache-maven-3.9.14\bin;C:\Users\Usuario\AppData\Roaming\npm
USERNAME=Usuario
TERM=xterm-256color
OS=Windows_NT
PROCESSOR_IDENTIFIER=Intel64 Family 6 Model 142 Stepping 12, GenuineIntel
TMP=C:\Users\Usuario\AppData\Local\Temp
TEMP=C:\Users\Usuario\AppData\Local\Temp




Periodic native trim disabled

---------------  S Y S T E M  ---------------

OS:
 Windows 11 , 64 bit Build 26100 (10.0.26100.8246)
OS uptime: 4 days 19:10 hours
Hyper-V role detected

CPU: total 8 (initial active 8) (4 cores per cpu, 2 threads per core) family 6 model 142 stepping 12 microcode 0xde, cx8, cmov, fxsr, ht, mmx, 3dnowpref, sse, sse2, sse3, ssse3, sse4.1, sse4.2, popcnt, lzcnt, tsc, tscinvbit, avx, avx2, aes, erms, clmul, bmi1, bmi2, adx, fma, vzeroupper, clflush, clflushopt, hv, rdtscp, f16c
Processor Information for all 8 processors :
  Max Mhz: 1800, Current Mhz: 1600, Mhz Limit: 1584

Memory: 4k page, system-wide physical 8040M (461M free)
TotalPageFile size 32616M (AvailPageFile size 67M)
current process WorkingSet (physical memory assigned to process): 105M, peak: 113M
current process commit charge ("private bytes"): 179M, peak: 244M

vm_info: Java HotSpot(TM) 64-Bit Server VM (21.0.10+8-LTS-217) for windows-amd64 JRE (21.0.10+8-LTS-217), built on 2025-12-18T14:59:28Z by "mach5run" with MS VC++ 17.13 (VS2022)

END.
