#
# There is insufficient memory for the Java Runtime Environment to continue.
# Native memory allocation (mmap) failed to map 34603008 bytes for G1 virtual space
# Possible reasons:
#   The system is out of physical RAM or swap space
#   The process is running with CompressedOops enabled, and the Java Heap may be blocking the growth of the native heap
# Possible solutions:
#   Reduce memory load on the system
#   Increase physical memory or swap space
#   Check if swap backing store is full
#   Decrease Java heap size (-Xmx/-Xms)
#   Decrease number of Java threads
#   Decrease Java thread stack sizes (-Xss)
#   Set larger code cache with -XX:ReservedCodeCacheSize=
#   JVM is running with Unscaled Compressed Oops mode in which the Java heap is
#     placed in the first 4GB address space. The Java Heap base address is the
#     maximum limit for the native heap growth. Please use -XX:HeapBaseMinAddress
#     to set the Java Heap base and to place the Java Heap above 4GB virtual address.
# This output file may be truncated or incomplete.
#
#  Out of Memory Error (os_windows.cpp:3604), pid=16468, tid=16252
#
# JRE version: Java(TM) SE Runtime Environment (21.0.10+8) (build 21.0.10+8-LTS-217)
# Java VM: Java HotSpot(TM) 64-Bit Server VM (21.0.10+8-LTS-217, mixed mode, sharing, tiered, compressed oops, compressed class ptrs, g1 gc, windows-amd64)
# No core dump will be written. Minidumps are not enabled by default on client versions of Windows
#

---------------  S U M M A R Y ------------

Command Line: -Dapplication.home=D:\mailon\Java\jdk-21.0.10 --add-modules=ALL-DEFAULT -Xms8m -Djdk.module.main=jdk.compiler jdk.compiler/com.sun.tools.javac.Main @C:/Users/Usuario/AppData/Local/Temp/org.codehaus.plexus.compiler.javac.JavacCompiler11238002185860440717arguments

Host: Intel(R) Core(TM) i5-8265U CPU @ 1.60GHz, 8 cores, 7G,  Windows 11 , 64 bit Build 26100 (10.0.26100.8246)
Time: Thu Apr 23 05:15:37 2026 Hora oficial do Brasil elapsed time: 2.715252 seconds (0d 0h 0m 2s)

---------------  T H R E A D  ---------------

Current thread (0x00000212d4869df0):  VMThread "VM Thread"          [id=16252, stack(0x000000f704100000,0x000000f704200000) (1024K)]

Stack: [0x000000f704100000,0x000000f704200000]
Native frames: (J=compiled Java code, j=interpreted, Vv=VM code, C=native code)
V  [jvm.dll+0x6d0b59]
V  [jvm.dll+0x85fd56]
V  [jvm.dll+0x86224e]
V  [jvm.dll+0x862923]
V  [jvm.dll+0x282a16]
V  [jvm.dll+0x6cd405]
V  [jvm.dll+0x6c1f8a]
V  [jvm.dll+0x35bcc8]
V  [jvm.dll+0x363986]
V  [jvm.dll+0x3b4a3e]
V  [jvm.dll+0x3b4ce8]
V  [jvm.dll+0x32f98c]
V  [jvm.dll+0x32fa17]
V  [jvm.dll+0x373c9c]
V  [jvm.dll+0x372441]
V  [jvm.dll+0x32f0d1]
V  [jvm.dll+0x371aaa]
V  [jvm.dll+0x86861f]
V  [jvm.dll+0x8699ac]
V  [jvm.dll+0x869ee1]
V  [jvm.dll+0x86a183]
V  [jvm.dll+0x80a83d]
V  [jvm.dll+0x6cf3fd]
C  [ucrtbase.dll+0x37b0]
C  [KERNEL32.DLL+0x2e8d7]
C  [ntdll.dll+0x8c3fc]

VM_Operation (0x000000f703afd3b0): G1CollectForAllocation, mode: safepoint, requested by thread 0x00000212b5cdb400


---------------  P R O C E S S  ---------------

Threads class SMR info:
_java_thread_list=0x00000212d4882e70, length=12, elements={
0x00000212b5cdb400, 0x00000212d4883000, 0x00000212d4885a70, 0x00000212d4889dc0,
0x00000212d488ca90, 0x00000212d488e3d0, 0x00000212d48900a0, 0x00000212d4891ac0,
0x00000212d4892690, 0x00000212d4b5be10, 0x00000212d4bda140, 0x000002131a83fa80
}

Java Threads: ( => current thread )
  0x00000212b5cdb400 JavaThread "main"                              [_thread_blocked, id=30644, stack(0x000000f703a00000,0x000000f703b00000) (1024K)]
  0x00000212d4883000 JavaThread "Reference Handler"          daemon [_thread_blocked, id=7252, stack(0x000000f704200000,0x000000f704300000) (1024K)]
  0x00000212d4885a70 JavaThread "Finalizer"                  daemon [_thread_blocked, id=21800, stack(0x000000f704300000,0x000000f704400000) (1024K)]
  0x00000212d4889dc0 JavaThread "Signal Dispatcher"          daemon [_thread_blocked, id=16476, stack(0x000000f704400000,0x000000f704500000) (1024K)]
  0x00000212d488ca90 JavaThread "Attach Listener"            daemon [_thread_blocked, id=27232, stack(0x000000f704500000,0x000000f704600000) (1024K)]
  0x00000212d488e3d0 JavaThread "Service Thread"             daemon [_thread_blocked, id=25340, stack(0x000000f704600000,0x000000f704700000) (1024K)]
  0x00000212d48900a0 JavaThread "Monitor Deflation Thread"   daemon [_thread_blocked, id=28660, stack(0x000000f704700000,0x000000f704800000) (1024K)]
  0x00000212d4891ac0 JavaThread "C2 CompilerThread0"         daemon [_thread_blocked, id=24452, stack(0x000000f704800000,0x000000f704900000) (1024K)]
  0x00000212d4892690 JavaThread "C1 CompilerThread0"         daemon [_thread_blocked, id=29708, stack(0x000000f704900000,0x000000f704a00000) (1024K)]
  0x00000212d4b5be10 JavaThread "Notification Thread"        daemon [_thread_blocked, id=30520, stack(0x000000f704a00000,0x000000f704b00000) (1024K)]
  0x00000212d4bda140 JavaThread "Common-Cleaner"             daemon [_thread_blocked, id=22432, stack(0x000000f704b00000,0x000000f704c00000) (1024K)]
  0x000002131a83fa80 JavaThread "C2 CompilerThread1"         daemon [_thread_blocked, id=24656, stack(0x000000f704d00000,0x000000f704e00000) (1024K)]
Total: 12

Other Threads:
=>0x00000212d4869df0 VMThread "VM Thread"                           [id=16252, stack(0x000000f704100000,0x000000f704200000) (1024K)]
  0x00000212d4851fd0 WatcherThread "VM Periodic Task Thread"        [id=26044, stack(0x000000f704000000,0x000000f704100000) (1024K)]
  0x00000212b7fca9d0 WorkerThread "GC Thread#0"                     [id=30148, stack(0x000000f703b00000,0x000000f703c00000) (1024K)]
  0x00000212d4869690 WorkerThread "GC Thread#1"                     [id=25908, stack(0x000000f704e00000,0x000000f704f00000) (1024K)]
  0x00000212d48692e0 WorkerThread "GC Thread#2"                     [id=23896, stack(0x000000f704f00000,0x000000f705000000) (1024K)]
  0x00000212d4868f30 WorkerThread "GC Thread#3"                     [id=20036, stack(0x000000f705000000,0x000000f705100000) (1024K)]
  0x00000212d4869a40 WorkerThread "GC Thread#4"                     [id=24976, stack(0x000000f705200000,0x000000f705300000) (1024K)]
  0x000002131a82b1d0 WorkerThread "GC Thread#5"                     [id=16604, stack(0x000000f704c00000,0x000000f704d00000) (1024K)]
  0x000002131a82ae20 WorkerThread "GC Thread#6"                     [id=12040, stack(0x000000f705300000,0x000000f705400000) (1024K)]
  0x00000212b7fdb450 ConcurrentGCThread "G1 Main Marker"            [id=21412, stack(0x000000f703c00000,0x000000f703d00000) (1024K)]
  0x00000212b7fdccf0 WorkerThread "G1 Conc#0"                       [id=25736, stack(0x000000f703d00000,0x000000f703e00000) (1024K)]
  0x00000212d4868b80 WorkerThread "G1 Conc#1"                       [id=22788, stack(0x000000f705100000,0x000000f705200000) (1024K)]
  0x00000212b8031d10 ConcurrentGCThread "G1 Refine#0"               [id=16800, stack(0x000000f703e00000,0x000000f703f00000) (1024K)]
  0x00000212b8033650 ConcurrentGCThread "G1 Service"                [id=2812, stack(0x000000f703f00000,0x000000f704000000) (1024K)]
Total: 14

Threads with active compile tasks:
C2 CompilerThread0     2766 1412   !   4       com.sun.tools.javac.parser.JavaTokenizer::readToken (1823 bytes)
C2 CompilerThread1     2766 1434       4       com.sun.tools.javac.tree.TreeMaker::Ident (20 bytes)
Total: 2

VM state: at safepoint (normal execution)

VM Mutex/Monitor currently owned by a thread:  ([mutex/lock_event])
[0x00007ffd69be9f10] Threads_lock - owner thread: 0x00000212d4869df0
[0x00007ffd69bea010] Heap_lock - owner thread: 0x00000212b5cdb400

Heap address: 0x0000000082400000, size: 2012 MB, Compressed Oops mode: 32-bit

CDS archive(s) mapped at: [0x00000212d5000000-0x00000212d5c90000-0x00000212d5c90000), size 13172736, SharedBaseAddress: 0x00000212d5000000, ArchiveRelocationMode: 1.
Compressed class space mapped at: 0x00000212d6000000-0x0000021316000000, reserved size: 1073741824
Narrow klass base: 0x00000212d5000000, Narrow klass shift: 0, Narrow klass range: 0x100000000

GC Precious Log:
 CardTable entry size: 512
 Card Set container configuration: InlinePtr #cards 5 size 8 Array Of Cards #cards 12 size 40 Howl #buckets 4 coarsen threshold 1843 Howl Bitmap #cards 512 size 80 coarsen threshold 460 Card regions per heap region 1 cards per card region 2048
 CPUs: 8 total, 8 available
 Memory: 8040M
 Large Page Support: Disabled
 NUMA Support: Disabled
 Compressed Oops: Enabled (32-bit)
 Heap Region Size: 1M
 Heap Min Capacity: 8M
 Heap Initial Capacity: 8M
 Heap Max Capacity: 2012M
 Pre-touch: Disabled
 Parallel Workers: 8
 Concurrent Workers: 2
 Concurrent Refinement Workers: 8
 Periodic GC: Disabled

Heap:
 garbage-first heap   total 33792K, used 18762K [0x0000000082400000, 0x0000000100000000)
  region size 1024K, 1 young (1024K), 1 survivors (1024K)
 Metaspace       used 9029K, committed 9216K, reserved 1114112K
  class space    used 977K, committed 1088K, reserved 1048576K

Heap Regions: E=young(eden), S=young(survivor), O=old, HS=humongous(starts), HC=humongous(continues), CS=collection set, F=free, TAMS=top-at-mark-start, PB=parsable bottom
|   0|0x0000000082400000, 0x0000000082500000, 0x0000000082500000|100%|HS|  |TAMS 0x0000000082500000| PB 0x0000000082400000| Complete 
|   1|0x0000000082500000, 0x0000000082600000, 0x0000000082600000|100%|HC|  |TAMS 0x0000000082600000| PB 0x0000000082500000| Complete 
|   2|0x0000000082600000, 0x0000000082700000, 0x0000000082700000|100%|HC|  |TAMS 0x0000000082700000| PB 0x0000000082600000| Complete 
|   3|0x0000000082700000, 0x0000000082800000, 0x0000000082800000|100%| O|  |TAMS 0x0000000082800000| PB 0x0000000082700000| Untracked 
|   4|0x0000000082800000, 0x0000000082900000, 0x0000000082900000|100%| O|  |TAMS 0x0000000082900000| PB 0x0000000082800000| Untracked 
|   5|0x0000000082900000, 0x0000000082a00000, 0x0000000082a00000|100%| O|  |TAMS 0x0000000082a00000| PB 0x0000000082900000| Untracked 
|   6|0x0000000082a00000, 0x0000000082b00000, 0x0000000082b00000|100%| O|  |TAMS 0x0000000082b00000| PB 0x0000000082a00000| Untracked 
|   7|0x0000000082b00000, 0x0000000082c00000, 0x0000000082c00000|100%| O|  |TAMS 0x0000000082c00000| PB 0x0000000082b00000| Untracked 
|   8|0x0000000082c00000, 0x0000000082d00000, 0x0000000082d00000|100%|HS|  |TAMS 0x0000000082d00000| PB 0x0000000082c00000| Complete 
|   9|0x0000000082d00000, 0x0000000082e00000, 0x0000000082e00000|100%|HC|  |TAMS 0x0000000082e00000| PB 0x0000000082d00000| Complete 
|  10|0x0000000082e00000, 0x0000000082f00000, 0x0000000082f00000|100%|HC|  |TAMS 0x0000000082f00000| PB 0x0000000082e00000| Complete 
|  11|0x0000000082f00000, 0x0000000083000000, 0x0000000083000000|100%| O|  |TAMS 0x0000000083000000| PB 0x0000000082f00000| Untracked 
|  12|0x0000000083000000, 0x0000000083100000, 0x0000000083100000|100%| O|  |TAMS 0x0000000083100000| PB 0x0000000083000000| Untracked 
|  13|0x0000000083100000, 0x0000000083200000, 0x0000000083200000|100%| O|  |TAMS 0x0000000083200000| PB 0x0000000083100000| Untracked 
|  14|0x0000000083200000, 0x0000000083300000, 0x0000000083300000|100%| O|  |TAMS 0x0000000083300000| PB 0x0000000083200000| Untracked 
|  15|0x0000000083300000, 0x0000000083400000, 0x0000000083400000|100%| O|  |TAMS 0x0000000083300000| PB 0x0000000083300000| Untracked 
|  16|0x0000000083400000, 0x0000000083500000, 0x0000000083500000|100%| O|  |TAMS 0x000000008349c2a0| PB 0x0000000083400000| Untracked 
|  17|0x0000000083500000, 0x0000000083552b50, 0x0000000083600000| 32%| O|  |TAMS 0x0000000083500000| PB 0x0000000083500000| Untracked 
|  18|0x0000000083600000, 0x0000000083600000, 0x0000000083700000|  0%| F|  |TAMS 0x0000000083600000| PB 0x0000000083600000| Untracked 
|  19|0x0000000083700000, 0x0000000083700000, 0x0000000083800000|  0%| F|  |TAMS 0x0000000083700000| PB 0x0000000083700000| Untracked 
|  20|0x0000000083800000, 0x0000000083800000, 0x0000000083900000|  0%| F|  |TAMS 0x0000000083800000| PB 0x0000000083800000| Untracked 
|  21|0x0000000083900000, 0x0000000083900000, 0x0000000083a00000|  0%| F|  |TAMS 0x0000000083900000| PB 0x0000000083900000| Untracked 
|  22|0x0000000083a00000, 0x0000000083a00000, 0x0000000083b00000|  0%| F|  |TAMS 0x0000000083a00000| PB 0x0000000083a00000| Untracked 
|  23|0x0000000083b00000, 0x0000000083b00000, 0x0000000083c00000|  0%| F|  |TAMS 0x0000000083b00000| PB 0x0000000083b00000| Untracked 
|  24|0x0000000083c00000, 0x0000000083d00000, 0x0000000083d00000|100%| S|CS|TAMS 0x0000000083c00000| PB 0x0000000083c00000| Complete 
|  25|0x0000000083d00000, 0x0000000083d00000, 0x0000000083e00000|  0%| F|  |TAMS 0x0000000083d00000| PB 0x0000000083d00000| Untracked 
|  26|0x0000000083e00000, 0x0000000083e00000, 0x0000000083f00000|  0%| F|  |TAMS 0x0000000083e00000| PB 0x0000000083e00000| Untracked 
|  27|0x0000000083f00000, 0x0000000083f00000, 0x0000000084000000|  0%| F|  |TAMS 0x0000000083f00000| PB 0x0000000083f00000| Untracked 
|  28|0x0000000084000000, 0x0000000084000000, 0x0000000084100000|  0%| F|  |TAMS 0x0000000084000000| PB 0x0000000084000000| Untracked 
|  29|0x0000000084100000, 0x0000000084100000, 0x0000000084200000|  0%| F|  |TAMS 0x0000000084100000| PB 0x0000000084100000| Untracked 
|  30|0x0000000084200000, 0x0000000084200000, 0x0000000084300000|  0%| F|  |TAMS 0x0000000084200000| PB 0x0000000084200000| Untracked 
|  31|0x0000000084300000, 0x0000000084300000, 0x0000000084400000|  0%| F|  |TAMS 0x0000000084300000| PB 0x0000000084300000| Untracked 
|  32|0x0000000084400000, 0x0000000084400000, 0x0000000084500000|  0%| F|  |TAMS 0x0000000084400000| PB 0x0000000084400000| Untracked 

Card table byte_map: [0x00000212cfb40000,0x00000212cff30000] _byte_map_base: 0x00000212cf72e000

Marking Bits: (CMBitMap*) 0x00000212b7fcaff0
 Bits: [0x00000212cff30000, 0x00000212d1ea0000)

Polling page: 0x00000212b5f00000

Metaspace:

Usage:
  Non-class:      7.86 MB used.
      Class:    977.62 KB used.
       Both:      8.82 MB used.

Virtual space:
  Non-class space:       64.00 MB reserved,       7.94 MB ( 12%) committed,  1 nodes.
      Class space:        1.00 GB reserved,       1.06 MB ( <1%) committed,  1 nodes.
             Both:        1.06 GB reserved,       9.00 MB ( <1%) committed. 

Chunk freelists:
   Non-Class:  5.95 MB
       Class:  14.92 MB
        Both:  20.88 MB

MaxMetaspaceSize: unlimited
CompressedClassSpaceSize: 1.00 GB
Initial GC threshold: 21.00 MB
Current GC threshold: 21.00 MB
CDS: on
 - commit_granule_bytes: 65536.
 - commit_granule_words: 8192.
 - virtual_space_node_default_size: 8388608.
 - enlarge_chunks_in_place: 1.
 - use_allocation_guard: 0.


Internal statistics:

num_allocs_failed_limit: 0.
num_arena_births: 56.
num_arena_deaths: 0.
num_vsnodes_births: 2.
num_vsnodes_deaths: 0.
num_space_committed: 144.
num_space_uncommitted: 0.
num_chunks_returned_to_freelist: 0.
num_chunks_taken_from_freelist: 340.
num_chunk_merges: 0.
num_chunk_splits: 246.
num_chunks_enlarged: 195.
num_inconsistent_stats: 0.

CodeHeap 'non-profiled nmethods': size=120000Kb used=635Kb max_used=635Kb free=119365Kb
 bounds [0x00000212c7ef0000, 0x00000212c8160000, 0x00000212cf420000]
CodeHeap 'profiled nmethods': size=120000Kb used=3001Kb max_used=3001Kb free=116998Kb
 bounds [0x00000212c0420000, 0x00000212c0710000, 0x00000212c7950000]
CodeHeap 'non-nmethods': size=5760Kb used=1365Kb max_used=1410Kb free=4394Kb
 bounds [0x00000212c7950000, 0x00000212c7bc0000, 0x00000212c7ef0000]
 total_blobs=1824 nmethods=1356 adapters=373
 compilation: enabled
              stopped_count=0, restarted_count=0
 full_count=0

Compilation events (20 events):
Event: 1.600 Thread 0x00000212d4892690 nmethod 1423 0x00000212c0705910 code [0x00000212c0705b20, 0x00000212c07062d0]
Event: 1.600 Thread 0x00000212d4892690 1424       3       com.sun.tools.javac.parser.JavacParser::formalParameters (212 bytes)
Event: 1.601 Thread 0x00000212d4892690 nmethod 1424 0x00000212c0706590 code [0x00000212c0706920, 0x00000212c0708188]
Event: 1.601 Thread 0x00000212d4892690 1425       3       com.sun.tools.javac.parser.JavacParser::variableDeclaratorRest (385 bytes)
Event: 1.603 Thread 0x00000212d4892690 nmethod 1425 0x00000212c0708a10 code [0x00000212c0708f20, 0x00000212c070ba38]
Event: 1.624 Thread 0x00000212d4892690 1427       3       java.util.LinkedHashMap$LinkedKeyIterator::next (8 bytes)
Event: 1.624 Thread 0x00000212d4892690 nmethod 1427 0x00000212c070cb90 code [0x00000212c070cd40, 0x00000212c070ce98]
Event: 1.639 Thread 0x00000212d4892690 1428       3       com.sun.tools.javac.util.ListBuffer::isEmpty (13 bytes)
Event: 1.639 Thread 0x00000212d4892690 nmethod 1428 0x00000212c070cf90 code [0x00000212c070d120, 0x00000212c070d288]
Event: 1.639 Thread 0x00000212d4892690 1429       3       com.sun.tools.javac.tree.JCTree$JCAssign::<init> (15 bytes)
Event: 1.640 Thread 0x00000212d4892690 nmethod 1429 0x00000212c070d310 code [0x00000212c070d4c0, 0x00000212c070d798]
Event: 1.640 Thread 0x00000212d4892690 1431       1       com.sun.tools.javac.tree.JCTree$JCOperatorExpression::getTag (5 bytes)
Event: 1.640 Thread 0x000002131a83fa80 1430       4       com.sun.tools.javac.parser.JavacParser::accept (11 bytes)
Event: 1.640 Thread 0x00000212d4892690 nmethod 1431 0x00000212c7f8dc90 code [0x00000212c7f8de20, 0x00000212c7f8dee8]
Event: 1.640 Thread 0x00000212d4892690 1432       3       com.sun.tools.javac.tree.JCTree$JCMethodDecl::<init> (62 bytes)
Event: 1.640 Thread 0x00000212d4892690 nmethod 1432 0x00000212c070d890 code [0x00000212c070da60, 0x00000212c070dfe0]
Event: 1.640 Thread 0x00000212d4892690 1433       3       com.sun.tools.javac.tree.TreeMaker::MethodDef (37 bytes)
Event: 1.640 Thread 0x00000212d4892690 nmethod 1433 0x00000212c070e110 code [0x00000212c070e2c0, 0x00000212c070e4e0]
Event: 1.645 Thread 0x000002131a83fa80 nmethod 1430 0x00000212c7f8df90 code [0x00000212c7f8e180, 0x00000212c7f8e878]
Event: 1.654 Thread 0x000002131a83fa80 1434       4       com.sun.tools.javac.tree.TreeMaker::Ident (20 bytes)

GC Heap History (19 events):
Event: 0.258 GC heap before
{Heap before GC invocations=0 (full 0):
 garbage-first heap   total 8192K, used 6144K [0x0000000082400000, 0x0000000100000000)
  region size 1024K, 3 young (3072K), 0 survivors (0K)
 Metaspace       used 2521K, committed 2624K, reserved 1114112K
  class space    used 279K, committed 320K, reserved 1048576K
}
Event: 0.261 GC heap after
{Heap after GC invocations=1 (full 0):
 garbage-first heap   total 8192K, used 4484K [0x0000000082400000, 0x0000000100000000)
  region size 1024K, 1 young (1024K), 1 survivors (1024K)
 Metaspace       used 2521K, committed 2624K, reserved 1114112K
  class space    used 279K, committed 320K, reserved 1048576K
}
Event: 0.268 GC heap before
{Heap before GC invocations=1 (full 0):
 garbage-first heap   total 8192K, used 5508K [0x0000000082400000, 0x0000000100000000)
  region size 1024K, 2 young (2048K), 1 survivors (1024K)
 Metaspace       used 2521K, committed 2624K, reserved 1114112K
  class space    used 279K, committed 320K, reserved 1048576K
}
Event: 0.272 GC heap after
{Heap after GC invocations=2 (full 0):
 garbage-first heap   total 8192K, used 5580K [0x0000000082400000, 0x0000000100000000)
  region size 1024K, 1 young (1024K), 1 survivors (1024K)
 Metaspace       used 2521K, committed 2624K, reserved 1114112K
  class space    used 279K, committed 320K, reserved 1048576K
}
Event: 0.277 GC heap before
{Heap before GC invocations=3 (full 0):
 garbage-first heap   total 12288K, used 6604K [0x0000000082400000, 0x0000000100000000)
  region size 1024K, 2 young (2048K), 1 survivors (1024K)
 Metaspace       used 2521K, committed 2624K, reserved 1114112K
  class space    used 279K, committed 320K, reserved 1048576K
}
Event: 0.280 GC heap after
{Heap after GC invocations=4 (full 0):
 garbage-first heap   total 12288K, used 6683K [0x0000000082400000, 0x0000000100000000)
  region size 1024K, 1 young (1024K), 1 survivors (1024K)
 Metaspace       used 2521K, committed 2624K, reserved 1114112K
  class space    used 279K, committed 320K, reserved 1048576K
}
Event: 0.284 GC heap before
{Heap before GC invocations=4 (full 0):
 garbage-first heap   total 12288K, used 7707K [0x0000000082400000, 0x0000000100000000)
  region size 1024K, 2 young (2048K), 1 survivors (1024K)
 Metaspace       used 2521K, committed 2624K, reserved 1114112K
  class space    used 279K, committed 320K, reserved 1048576K
}
Event: 0.287 GC heap after
{Heap after GC invocations=5 (full 0):
 garbage-first heap   total 12288K, used 7741K [0x0000000082400000, 0x0000000100000000)
  region size 1024K, 1 young (1024K), 1 survivors (1024K)
 Metaspace       used 2521K, committed 2624K, reserved 1114112K
  class space    used 279K, committed 320K, reserved 1048576K
}
Event: 0.297 GC heap before
{Heap before GC invocations=6 (full 0):
 garbage-first heap   total 15360K, used 8765K [0x0000000082400000, 0x0000000100000000)
  region size 1024K, 2 young (2048K), 1 survivors (1024K)
 Metaspace       used 2534K, committed 2624K, reserved 1114112K
  class space    used 281K, committed 320K, reserved 1048576K
}
Event: 0.300 GC heap after
{Heap after GC invocations=7 (full 0):
 garbage-first heap   total 33792K, used 8244K [0x0000000082400000, 0x0000000100000000)
  region size 1024K, 1 young (1024K), 1 survivors (1024K)
 Metaspace       used 2534K, committed 2624K, reserved 1114112K
  class space    used 281K, committed 320K, reserved 1048576K
}
Event: 0.429 GC heap before
{Heap before GC invocations=7 (full 0):
 garbage-first heap   total 33792K, used 18484K [0x0000000082400000, 0x0000000100000000)
  region size 1024K, 8 young (8192K), 1 survivors (1024K)
 Metaspace       used 3141K, committed 3328K, reserved 1114112K
  class space    used 343K, committed 448K, reserved 1048576K
}
Event: 0.434 GC heap after
{Heap after GC invocations=8 (full 0):
 garbage-first heap   total 33792K, used 15754K [0x0000000082400000, 0x0000000100000000)
  region size 1024K, 1 young (1024K), 1 survivors (1024K)
 Metaspace       used 3141K, committed 3328K, reserved 1114112K
  class space    used 343K, committed 448K, reserved 1048576K
}
Event: 0.441 GC heap before
{Heap before GC invocations=8 (full 0):
 garbage-first heap   total 33792K, used 15754K [0x0000000082400000, 0x0000000100000000)
  region size 1024K, 2 young (2048K), 1 survivors (1024K)
 Metaspace       used 3142K, committed 3328K, reserved 1114112K
  class space    used 343K, committed 448K, reserved 1048576K
}
Event: 0.443 GC heap after
{Heap after GC invocations=9 (full 0):
 garbage-first heap   total 33792K, used 16019K [0x0000000082400000, 0x0000000100000000)
  region size 1024K, 1 young (1024K), 1 survivors (1024K)
 Metaspace       used 3142K, committed 3328K, reserved 1114112K
  class space    used 343K, committed 448K, reserved 1048576K
}
Event: 0.591 GC heap before
{Heap before GC invocations=10 (full 0):
 garbage-first heap   total 33792K, used 21139K [0x0000000082400000, 0x0000000100000000)
  region size 1024K, 6 young (6144K), 1 survivors (1024K)
 Metaspace       used 3196K, committed 3392K, reserved 1114112K
  class space    used 343K, committed 448K, reserved 1048576K
}
Event: 0.592 GC heap after
{Heap after GC invocations=11 (full 0):
 garbage-first heap   total 33792K, used 15999K [0x0000000082400000, 0x0000000100000000)
  region size 1024K, 1 young (1024K), 1 survivors (1024K)
 Metaspace       used 3196K, committed 3392K, reserved 1114112K
  class space    used 343K, committed 448K, reserved 1048576K
}
Event: 0.903 GC heap before
{Heap before GC invocations=11 (full 0):
 garbage-first heap   total 33792K, used 21119K [0x0000000082400000, 0x0000000100000000)
  region size 1024K, 7 young (7168K), 1 survivors (1024K)
 Metaspace       used 7945K, committed 8192K, reserved 1114112K
  class space    used 907K, committed 1024K, reserved 1048576K
}
Event: 0.907 GC heap after
{Heap after GC invocations=12 (full 0):
 garbage-first heap   total 33792K, used 17008K [0x0000000082400000, 0x0000000100000000)
  region size 1024K, 1 young (1024K), 1 survivors (1024K)
 Metaspace       used 7945K, committed 8192K, reserved 1114112K
  class space    used 907K, committed 1024K, reserved 1048576K
}
Event: 1.654 GC heap before
{Heap before GC invocations=12 (full 0):
 garbage-first heap   total 33792K, used 24176K [0x0000000082400000, 0x0000000100000000)
  region size 1024K, 8 young (8192K), 1 survivors (1024K)
 Metaspace       used 9029K, committed 9216K, reserved 1114112K
  class space    used 977K, committed 1088K, reserved 1048576K
}

Dll operation events (6 events):
Event: 0.007 Loaded shared library D:\mailon\Java\jdk-21.0.10\bin\java.dll
Event: 0.031 Loaded shared library D:\mailon\Java\jdk-21.0.10\bin\jsvml.dll
Event: 0.063 Loaded shared library D:\mailon\Java\jdk-21.0.10\bin\jimage.dll
Event: 0.131 Loaded shared library D:\mailon\Java\jdk-21.0.10\bin\net.dll
Event: 0.135 Loaded shared library D:\mailon\Java\jdk-21.0.10\bin\nio.dll
Event: 0.367 Loaded shared library D:\mailon\Java\jdk-21.0.10\bin\zip.dll

Deoptimization events (20 events):
Event: 1.298 Thread 0x00000212b5cdb400 DEOPT PACKING pc=0x00000212c05cd555 sp=0x000000f703afe930
Event: 1.298 Thread 0x00000212b5cdb400 DEOPT UNPACKING pc=0x00000212c79a4e42 sp=0x000000f703afddb8 mode 0
Event: 1.298 Thread 0x00000212b5cdb400 Uncommon trap: trap_request=0xffffff45 fr.pc=0x00000212c7f69e00 relative=0x00000000000002c0
Event: 1.298 Thread 0x00000212b5cdb400 Uncommon trap: reason=unstable_if action=reinterpret pc=0x00000212c7f69e00 method=com.sun.tools.javac.parser.JavaTokenizer.scanIdent()V @ 9 c2
Event: 1.298 Thread 0x00000212b5cdb400 DEOPT PACKING pc=0x00000212c7f69e00 sp=0x000000f703afe030
Event: 1.298 Thread 0x00000212b5cdb400 DEOPT UNPACKING pc=0x00000212c79a46a2 sp=0x000000f703afe040 mode 2
Event: 1.311 Thread 0x00000212b5cdb400 Uncommon trap: trap_request=0xffffff45 fr.pc=0x00000212c7f6168c relative=0x00000000000001ac
Event: 1.311 Thread 0x00000212b5cdb400 Uncommon trap: reason=unstable_if action=reinterpret pc=0x00000212c7f6168c method=com.sun.tools.javac.parser.UnicodeReader.nextUnicodeInputCharacter()V @ 28 c2
Event: 1.311 Thread 0x00000212b5cdb400 DEOPT PACKING pc=0x00000212c7f6168c sp=0x000000f703afc280
Event: 1.311 Thread 0x00000212b5cdb400 DEOPT UNPACKING pc=0x00000212c79a46a2 sp=0x000000f703afc1b0 mode 2
Event: 1.311 Thread 0x00000212b5cdb400 Uncommon trap: trap_request=0xffffff45 fr.pc=0x00000212c7f61bf8 relative=0x00000000000000d8
Event: 1.311 Thread 0x00000212b5cdb400 Uncommon trap: reason=unstable_if action=reinterpret pc=0x00000212c7f61bf8 method=com.sun.tools.javac.parser.UnicodeReader.nextUnicodeInputCharacter()V @ 28 c2
Event: 1.311 Thread 0x00000212b5cdb400 DEOPT PACKING pc=0x00000212c7f61bf8 sp=0x000000f703afc200
Event: 1.311 Thread 0x00000212b5cdb400 DEOPT UNPACKING pc=0x00000212c79a46a2 sp=0x000000f703afc1a8 mode 2
Event: 1.433 Thread 0x00000212b5cdb400 Uncommon trap: trap_request=0xffffff45 fr.pc=0x00000212c7f7a034 relative=0x0000000000005314
Event: 1.433 Thread 0x00000212b5cdb400 Uncommon trap: reason=unstable_if action=reinterpret pc=0x00000212c7f7a034 method=com.sun.tools.javac.parser.JavaTokenizer.readToken()Lcom/sun/tools/javac/parser/Tokens$Token; @ 90 c2
Event: 1.433 Thread 0x00000212b5cdb400 DEOPT PACKING pc=0x00000212c7f7a034 sp=0x000000f703afdf10
Event: 1.433 Thread 0x00000212b5cdb400 DEOPT UNPACKING pc=0x00000212c79a46a2 sp=0x000000f703afded0 mode 2
Event: 1.460 Thread 0x00000212b5cdb400 DEOPT PACKING pc=0x00000212c069d033 sp=0x000000f703afea90
Event: 1.460 Thread 0x00000212b5cdb400 DEOPT UNPACKING pc=0x00000212c79a4e42 sp=0x000000f703afdf38 mode 0

Classes loaded (20 events):
Event: 0.995 Loading class java/lang/StringIndexOutOfBoundsException
Event: 0.995 Loading class java/lang/StringIndexOutOfBoundsException done
Event: 0.997 Loading class java/util/BitSet
Event: 0.997 Loading class java/util/BitSet done
Event: 1.511 Loading class jdk/internal/math/FloatingDecimal
Event: 1.512 Loading class jdk/internal/math/FloatingDecimal done
Event: 1.512 Loading class jdk/internal/math/FloatingDecimal$ExceptionalBinaryToASCIIBuffer
Event: 1.512 Loading class jdk/internal/math/FloatingDecimal$BinaryToASCIIConverter
Event: 1.512 Loading class jdk/internal/math/FloatingDecimal$BinaryToASCIIConverter done
Event: 1.512 Loading class jdk/internal/math/FloatingDecimal$ExceptionalBinaryToASCIIBuffer done
Event: 1.512 Loading class jdk/internal/math/FloatingDecimal$BinaryToASCIIBuffer
Event: 1.512 Loading class jdk/internal/math/FloatingDecimal$BinaryToASCIIBuffer done
Event: 1.512 Loading class jdk/internal/math/FloatingDecimal$1
Event: 1.512 Loading class jdk/internal/math/FloatingDecimal$1 done
Event: 1.512 Loading class jdk/internal/math/FloatingDecimal$PreparedASCIIToBinaryBuffer
Event: 1.512 Loading class jdk/internal/math/FloatingDecimal$ASCIIToBinaryConverter
Event: 1.512 Loading class jdk/internal/math/FloatingDecimal$ASCIIToBinaryConverter done
Event: 1.512 Loading class jdk/internal/math/FloatingDecimal$PreparedASCIIToBinaryBuffer done
Event: 1.512 Loading class jdk/internal/math/FloatingDecimal$ASCIIToBinaryBuffer
Event: 1.512 Loading class jdk/internal/math/FloatingDecimal$ASCIIToBinaryBuffer done

Classes unloaded (0 events):
No events

Classes redefined (0 events):
No events

Internal exceptions (14 events):
Event: 0.123 Thread 0x00000212b5cdb400 Exception <a 'java/lang/NoSuchMethodError'{0x0000000082aff6b8}: 'void java.lang.invoke.DirectMethodHandle$Holder.invokeSpecial(java.lang.Object, java.lang.Object, java.lang.Object)'> (0x0000000082aff6b8) 
thrown [s\open\src\hotspot\share\interpreter\linkResolver.cpp, line 773]
Event: 0.172 Thread 0x00000212b5cdb400 Exception <a 'java/lang/NoSuchMethodError'{0x000000008297a1d8}: 'int java.lang.invoke.DirectMethodHandle$Holder.invokeVirtual(java.lang.Object, java.lang.Object, java.lang.Object)'> (0x000000008297a1d8) 
thrown [s\open\src\hotspot\share\interpreter\linkResolver.cpp, line 773]
Event: 0.173 Thread 0x00000212b5cdb400 Exception <a 'java/lang/NoSuchMethodError'{0x000000008297fe28}: 'void java.lang.invoke.DirectMethodHandle$Holder.invokeInterface(java.lang.Object, java.lang.Object, java.lang.Object)'> (0x000000008297fe28) 
thrown [s\open\src\hotspot\share\interpreter\linkResolver.cpp, line 773]
Event: 0.175 Thread 0x00000212b5cdb400 Exception <a 'java/lang/NoSuchMethodError'{0x000000008298ab80}: 'int java.lang.invoke.DirectMethodHandle$Holder.invokeStaticInit(java.lang.Object, java.lang.Object, java.lang.Object)'> (0x000000008298ab80) 
thrown [s\open\src\hotspot\share\interpreter\linkResolver.cpp, line 773]
Event: 0.311 Thread 0x00000212b5cdb400 Exception <a 'java/lang/NoSuchMethodError'{0x0000000084478550}: 'int java.lang.invoke.DirectMethodHandle$Holder.invokeSpecial(java.lang.Object, java.lang.Object, java.lang.Object)'> (0x0000000084478550) 
thrown [s\open\src\hotspot\share\interpreter\linkResolver.cpp, line 773]
Event: 0.392 Thread 0x00000212b5cdb400 Exception <a 'java/lang/NoSuchMethodError'{0x0000000083e17db0}: 'java.lang.Object java.lang.invoke.DirectMethodHandle$Holder.invokeVirtual(java.lang.Object, java.lang.Object, java.lang.Object)'> (0x0000000083e17db0) 
thrown [s\open\src\hotspot\share\interpreter\linkResolver.cpp, line 773]
Event: 0.395 Thread 0x00000212b5cdb400 Exception <a 'java/lang/NoSuchMethodError'{0x0000000083e218a8}: 'int java.lang.invoke.DirectMethodHandle$Holder.invokeInterface(java.lang.Object, java.lang.Object)'> (0x0000000083e218a8) 
thrown [s\open\src\hotspot\share\interpreter\linkResolver.cpp, line 773]
Event: 0.736 Thread 0x00000212b5cdb400 Exception <a 'sun/nio/fs/WindowsException'{0x0000000084174b20}> (0x0000000084174b20) 
thrown [s\open\src\hotspot\share\prims\jni.cpp, line 520]
Event: 0.796 Thread 0x00000212b5cdb400 Exception <a 'java/lang/NoSuchMethodError'{0x0000000084075a70}: 'int java.lang.invoke.DirectMethodHandle$Holder.invokeStaticInit(java.lang.Object, java.lang.Object)'> (0x0000000084075a70) 
thrown [s\open\src\hotspot\share\interpreter\linkResolver.cpp, line 773]
Event: 0.856 Thread 0x00000212b5cdb400 Exception <a 'java/lang/NoSuchMethodError'{0x0000000083f291e0}: 'int java.lang.invoke.DirectMethodHandle$Holder.invokeVirtual(java.lang.Object, java.lang.Object)'> (0x0000000083f291e0) 
thrown [s\open\src\hotspot\share\interpreter\linkResolver.cpp, line 773]
Event: 0.859 Thread 0x00000212b5cdb400 Exception <a 'java/lang/NoSuchMethodError'{0x0000000083f4a7c0}: 'java.lang.Object java.lang.invoke.DirectMethodHandle$Holder.newInvokeSpecial(java.lang.Object, java.lang.Object, java.lang.Object, java.lang.Object, java.lang.Object)'> (0x0000000083f4a7c0) 
thrown [s\open\src\hotspot\share\interpreter\linkResolver.cpp, line 773]
Event: 0.861 Thread 0x00000212b5cdb400 Exception <a 'java/lang/NoSuchMethodError'{0x0000000083f57998}: 'java.lang.Object java.lang.invoke.DirectMethodHandle$Holder.newInvokeSpecial(java.lang.Object, java.lang.Object, java.lang.Object, java.lang.Object, java.lang.Object, java.lang.Object)'> (0x0000000083f57998) 
thrown [s\open\src\hotspot\share\interpreter\linkResolver.cpp, line 773]
Event: 0.876 Thread 0x00000212b5cdb400 Exception <a 'sun/nio/fs/WindowsException'{0x0000000083f9fa18}> (0x0000000083f9fa18) 
thrown [s\open\src\hotspot\share\prims\jni.cpp, line 520]
Event: 0.977 Thread 0x00000212b5cdb400 Exception <a 'java/lang/NoSuchMethodError'{0x000000008449e5a8}: 'java.lang.Object java.lang.invoke.DirectMethodHandle$Holder.invokeInterface(java.lang.Object, java.lang.Object)'> (0x000000008449e5a8) 
thrown [s\open\src\hotspot\share\interpreter\linkResolver.cpp, line 773]

ZGC Phase Switch (0 events):
No events

VM Operations (20 events):
Event: 0.300 Executing VM operation: G1CollectForAllocation (G1 Evacuation Pause) done
Event: 0.399 Executing VM operation: HandshakeAllThreads (Deoptimize)
Event: 0.399 Executing VM operation: HandshakeAllThreads (Deoptimize) done
Event: 0.429 Executing VM operation: G1CollectForAllocation (G1 Evacuation Pause)
Event: 0.434 Executing VM operation: G1CollectForAllocation (G1 Evacuation Pause) done
Event: 0.441 Executing VM operation: G1TryInitiateConcMark (G1 Humongous Allocation)
Event: 0.443 Executing VM operation: G1TryInitiateConcMark (G1 Humongous Allocation) done
Event: 0.450 Executing VM operation: G1PauseRemark
Event: 0.451 Executing VM operation: G1PauseRemark done
Event: 0.453 Executing VM operation: G1PauseCleanup
Event: 0.453 Executing VM operation: G1PauseCleanup done
Event: 0.591 Executing VM operation: G1CollectForAllocation (G1 Evacuation Pause)
Event: 0.592 Executing VM operation: G1CollectForAllocation (G1 Evacuation Pause) done
Event: 0.903 Executing VM operation: G1CollectForAllocation (G1 Evacuation Pause)
Event: 0.907 Executing VM operation: G1CollectForAllocation (G1 Evacuation Pause) done
Event: 0.979 Executing VM operation: HandshakeAllThreads (Deoptimize)
Event: 0.979 Executing VM operation: HandshakeAllThreads (Deoptimize) done
Event: 0.981 Executing VM operation: HandshakeAllThreads (Deoptimize)
Event: 0.981 Executing VM operation: HandshakeAllThreads (Deoptimize) done
Event: 1.654 Executing VM operation: G1CollectForAllocation (G1 Evacuation Pause)

Events (20 events):
Event: 0.291 Thread 0x00000212d4869df0 flushing nmethod 0x00000212c04a8990
Event: 0.450 Thread 0x00000212d4869df0 flushing nmethod 0x00000212c0435190
Event: 0.450 Thread 0x00000212d4869df0 flushing nmethod 0x00000212c04aca10
Event: 0.450 Thread 0x00000212d4869df0 flushing nmethod 0x00000212c04ace10
Event: 0.450 Thread 0x00000212d4869df0 flushing nmethod 0x00000212c04ad190
Event: 0.450 Thread 0x00000212d4869df0 flushing nmethod 0x00000212c04ad710
Event: 0.450 Thread 0x00000212d4869df0 flushing nmethod 0x00000212c04adc90
Event: 0.450 Thread 0x00000212d4869df0 flushing nmethod 0x00000212c04ae210
Event: 0.450 Thread 0x00000212d4869df0 flushing nmethod 0x00000212c04ae790
Event: 0.450 Thread 0x00000212d4869df0 flushing nmethod 0x00000212c04b0f10
Event: 0.450 Thread 0x00000212d4869df0 flushing nmethod 0x00000212c048f310
Event: 0.450 Thread 0x00000212d4869df0 flushing nmethod 0x00000212c04a6e90
Event: 0.450 Thread 0x00000212d4869df0 flushing nmethod 0x00000212c04a7f10
Event: 0.450 Thread 0x00000212d4869df0 flushing nmethod 0x00000212c04a8410
Event: 0.450 Thread 0x00000212d4869df0 flushing nmethod 0x00000212c04ab610
Event: 0.450 Thread 0x00000212d4869df0 flushing nmethod 0x00000212c04aba90
Event: 0.450 Thread 0x00000212d4869df0 flushing nmethod 0x00000212c04ac490
Event: 0.563 Thread 0x00000212d4d64420 Thread exited: 0x00000212d4d64420
Event: 0.563 Thread 0x00000212d4d59350 Thread exited: 0x00000212d4d59350
Event: 1.199 Thread 0x000002131a83fa80 Thread added: 0x000002131a83fa80


Dynamic libraries:
0x00007ff713750000 - 0x00007ff713758000 	D:\mailon\Java\jdk-21.0.10\bin\javac.exe
0x00007ffe20340000 - 0x00007ffe205a7000 	C:\WINDOWS\SYSTEM32\ntdll.dll
0x00007ffe1f710000 - 0x00007ffe1f7d9000 	C:\WINDOWS\System32\KERNEL32.DLL
0x00007ffe1ce40000 - 0x00007ffe1d234000 	C:\WINDOWS\System32\KERNELBASE.dll
0x00007ffe1df80000 - 0x00007ffe1e0cb000 	C:\WINDOWS\System32\ucrtbase.dll
0x00007ffe175d0000 - 0x00007ffe175e9000 	D:\mailon\Java\jdk-21.0.10\bin\jli.dll
0x00007ffe175b0000 - 0x00007ffe175ce000 	D:\mailon\Java\jdk-21.0.10\bin\VCRUNTIME140.dll
0x00007ffe20240000 - 0x00007ffe202f6000 	C:\WINDOWS\System32\ADVAPI32.dll
0x00007ffe1f540000 - 0x00007ffe1f5e9000 	C:\WINDOWS\System32\msvcrt.dll
0x00007ffe1f7e0000 - 0x00007ffe1f887000 	C:\WINDOWS\System32\sechost.dll
0x00007ffe1f5f0000 - 0x00007ffe1f708000 	C:\WINDOWS\System32\RPCRT4.dll
0x00007ffe1ee10000 - 0x00007ffe1efd5000 	C:\WINDOWS\System32\USER32.dll
0x00007ffe1ce10000 - 0x00007ffe1ce37000 	C:\WINDOWS\System32\win32u.dll
0x00007ffe1f890000 - 0x00007ffe1f8bb000 	C:\WINDOWS\System32\GDI32.dll
0x00007ffe0c8f0000 - 0x00007ffe0cb83000 	C:\WINDOWS\WinSxS\amd64_microsoft.windows.common-controls_6595b64144ccf1df_6.0.26100.8115_none_3e075c82e3354f9c\COMCTL32.dll
0x00007ffe1dab0000 - 0x00007ffe1dbdb000 	C:\WINDOWS\System32\gdi32full.dll
0x00007ffe1ded0000 - 0x00007ffe1df73000 	C:\WINDOWS\System32\msvcp_win.dll
0x00007ffe16170000 - 0x00007ffe1617b000 	C:\WINDOWS\SYSTEM32\VERSION.dll
0x00007ffe1e170000 - 0x00007ffe1e1a2000 	C:\WINDOWS\System32\IMM32.DLL
0x00007ffe17510000 - 0x00007ffe1751c000 	D:\mailon\Java\jdk-21.0.10\bin\vcruntime140_1.dll
0x00007ffe02390000 - 0x00007ffe0241d000 	D:\mailon\Java\jdk-21.0.10\bin\msvcp140.dll
0x00007ffd68fa0000 - 0x00007ffd69cc7000 	D:\mailon\Java\jdk-21.0.10\bin\server\jvm.dll
0x00007ffe201b0000 - 0x00007ffe20230000 	C:\WINDOWS\System32\WS2_32.dll
0x00007ffe1ca90000 - 0x00007ffe1caee000 	C:\WINDOWS\SYSTEM32\POWRPROF.dll
0x00007ffdfca90000 - 0x00007ffdfcac6000 	C:\WINDOWS\SYSTEM32\WINMM.dll
0x00007ffe1ca70000 - 0x00007ffe1ca84000 	C:\WINDOWS\SYSTEM32\UMPDC.dll
0x00007ffe1b970000 - 0x00007ffe1b98b000 	C:\WINDOWS\SYSTEM32\kernel.appcore.dll
0x00007ffe17500000 - 0x00007ffe1750a000 	D:\mailon\Java\jdk-21.0.10\bin\jimage.dll
0x00007ffe0d0b0000 - 0x00007ffe0d2f2000 	C:\WINDOWS\SYSTEM32\DBGHELP.DLL
0x00007ffe1e7e0000 - 0x00007ffe1eb62000 	C:\WINDOWS\System32\combase.dll
0x00007ffe1f0d0000 - 0x00007ffe1f1a8000 	C:\WINDOWS\System32\OLEAUT32.dll
0x00007ffe033e0000 - 0x00007ffe0341b000 	C:\WINDOWS\SYSTEM32\dbgcore.DLL
0x00007ffe1dd60000 - 0x00007ffe1de05000 	C:\WINDOWS\System32\bcryptPrimitives.dll
0x00007ffe10450000 - 0x00007ffe10471000 	D:\mailon\Java\jdk-21.0.10\bin\java.dll
0x00007ffe1fa40000 - 0x00007ffe201a7000 	C:\WINDOWS\System32\SHELL32.dll
0x00007ffe1cc10000 - 0x00007ffe1cd7a000 	C:\WINDOWS\System32\wintypes.dll
0x00007ffe1d240000 - 0x00007ffe1daa8000 	C:\WINDOWS\System32\windows.storage.dll
0x00007ffe1f220000 - 0x00007ffe1f318000 	C:\WINDOWS\System32\SHCORE.dll
0x00007ffe1f9d0000 - 0x00007ffe1fa36000 	C:\WINDOWS\System32\shlwapi.dll
0x00007ffe1cb30000 - 0x00007ffe1cb59000 	C:\WINDOWS\SYSTEM32\profapi.dll
0x00007ffe00160000 - 0x00007ffe00237000 	D:\mailon\Java\jdk-21.0.10\bin\jsvml.dll
0x00007ffe10380000 - 0x00007ffe10391000 	D:\mailon\Java\jdk-21.0.10\bin\net.dll
0x00007ffe15b50000 - 0x00007ffe15c7d000 	C:\WINDOWS\SYSTEM32\WINHTTP.dll
0x00007ffe1bed0000 - 0x00007ffe1bf3c000 	C:\WINDOWS\system32\mswsock.dll
0x00007ffe0e890000 - 0x00007ffe0e8a6000 	D:\mailon\Java\jdk-21.0.10\bin\nio.dll
0x00007ffe0e870000 - 0x00007ffe0e888000 	D:\mailon\Java\jdk-21.0.10\bin\zip.dll

dbghelp: loaded successfully - version: 4.0.5 - missing functions: none
symbol engine: initialized successfully - sym options: 0x614 - pdb path: .;D:\mailon\Java\jdk-21.0.10\bin;C:\WINDOWS\SYSTEM32;C:\WINDOWS\WinSxS\amd64_microsoft.windows.common-controls_6595b64144ccf1df_6.0.26100.8115_none_3e075c82e3354f9c;D:\mailon\Java\jdk-21.0.10\bin\server

VM Arguments:
jvm_args: -Dapplication.home=D:\mailon\Java\jdk-21.0.10 --add-modules=ALL-DEFAULT -Xms8m -Djdk.module.main=jdk.compiler 
java_command: jdk.compiler/com.sun.tools.javac.Main @C:/Users/Usuario/AppData/Local/Temp/org.codehaus.plexus.compiler.javac.JavacCompiler11238002185860440717arguments
java_class_path (initial): <not set>
Launcher Type: SUN_STANDARD

[Global flags]
     intx CICompilerCount                          = 4                                         {product} {ergonomic}
     uint ConcGCThreads                            = 2                                         {product} {ergonomic}
     uint G1ConcRefinementThreads                  = 8                                         {product} {ergonomic}
   size_t G1HeapRegionSize                         = 1048576                                   {product} {ergonomic}
    uintx GCDrainStackTargetSize                   = 64                                        {product} {ergonomic}
   size_t InitialHeapSize                          = 8388608                                   {product} {command line}
   size_t MarkStackSize                            = 4194304                                   {product} {ergonomic}
   size_t MaxHeapSize                              = 2109734912                                {product} {ergonomic}
   size_t MaxNewSize                               = 1265631232                                {product} {ergonomic}
   size_t MinHeapDeltaBytes                        = 1048576                                   {product} {ergonomic}
   size_t MinHeapSize                              = 8388608                                   {product} {command line}
    uintx NonNMethodCodeHeapSize                   = 5839372                                {pd product} {ergonomic}
    uintx NonProfiledCodeHeapSize                  = 122909434                              {pd product} {ergonomic}
    uintx ProfiledCodeHeapSize                     = 122909434                              {pd product} {ergonomic}
    uintx ReservedCodeCacheSize                    = 251658240                              {pd product} {ergonomic}
     bool SegmentedCodeCache                       = true                                      {product} {ergonomic}
   size_t SoftMaxHeapSize                          = 2109734912                             {manageable} {ergonomic}
     bool UseCompressedOops                        = true                           {product lp64_product} {ergonomic}
     bool UseG1GC                                  = true                                      {product} {ergonomic}
     bool UseLargePagesIndividualAllocation        = false                                  {pd product} {ergonomic}

Logging:
Log output configuration:
 #0: stdout all=warning uptime,level,tags foldmultilines=false
 #1: stderr all=off uptime,level,tags foldmultilines=false

Environment Variables:
JAVA_HOME=D:/mailon/Java/jdk-21.0.10
PATH=D:\Program Files\Git\mingw64\bin;D:\Program Files\Git\usr\bin;C:\Users\Usuario\bin;C:\Program Files\Common Files\Oracle\Java\javapath;C:\WINDOWS\system32;C:\WINDOWS;C:\WINDOWS\System32\Wbem;C:\WINDOWS\System32\WindowsPowerShell\v1.0;C:\WINDOWS\System32\OpenSSH;D:\Program Files\nodejs;D:\mailon\Usuario\Desktop\apache-maven-3.9.14-bin (1)\apache-maven-3.9.14\bin;D:\Program Files\Git\cmd;C:\Users\Usuario\AppData\Local\Programs\Trae\bin;D:\mailon\Usuario\Downloads\ffmpeg-8.0.1-essentials_build\ffmpeg-8.0.1-essentials_build\bin;D:\mailon\Usuario\Desktop\apache-maven-3.9.14-bin (1)\apache-maven-3.9.14\bin;C:\Users\Usuario\AppData\Roaming\npm
USERNAME=Usuario
TERM=xterm-256color
OS=Windows_NT
PROCESSOR_IDENTIFIER=Intel64 Family 6 Model 142 Stepping 12, GenuineIntel
TMP=C:\Users\Usuario\AppData\Local\Temp
TEMP=C:\Users\Usuario\AppData\Local\Temp




Periodic native trim disabled

---------------  S Y S T E M  ---------------

OS:
 Windows 11 , 64 bit Build 26100 (10.0.26100.8246)
OS uptime: 4 days 19:26 hours
Hyper-V role detected

CPU: total 8 (initial active 8) (4 cores per cpu, 2 threads per core) family 6 model 142 stepping 12 microcode 0xde, cx8, cmov, fxsr, ht, mmx, 3dnowpref, sse, sse2, sse3, ssse3, sse4.1, sse4.2, popcnt, lzcnt, tsc, tscinvbit, avx, avx2, aes, erms, clmul, bmi1, bmi2, adx, fma, vzeroupper, clflush, clflushopt, hv, rdtscp, f16c
Processor Information for all 8 processors :
  Max Mhz: 1800, Current Mhz: 1600, Mhz Limit: 1584

Memory: 4k page, system-wide physical 8040M (599M free)
TotalPageFile size 32616M (AvailPageFile size 26M)
current process WorkingSet (physical memory assigned to process): 103M, peak: 104M
current process commit charge ("private bytes"): 143M, peak: 177M

vm_info: Java HotSpot(TM) 64-Bit Server VM (21.0.10+8-LTS-217) for windows-amd64 JRE (21.0.10+8-LTS-217), built on 2025-12-18T14:59:28Z by "mach5run" with MS VC++ 17.13 (VS2022)

END.
