#
# There is insufficient memory for the Java Runtime Environment to continue.
# Native memory allocation (mmap) failed to map 29360128 bytes for G1 virtual space
# Possible reasons:
#   The system is out of physical RAM or swap space
#   The process is running with CompressedOops enabled, and the Java Heap may be blocking the growth of the native heap
# Possible solutions:
#   Reduce memory load on the system
#   Increase physical memory or swap space
#   Check if swap backing store is full
#   Decrease Java heap size (-Xmx/-Xms)
#   Decrease number of Java threads
#   Decrease Java thread stack sizes (-Xss)
#   Set larger code cache with -XX:ReservedCodeCacheSize=
#   JVM is running with Unscaled Compressed Oops mode in which the Java heap is
#     placed in the first 4GB address space. The Java Heap base address is the
#     maximum limit for the native heap growth. Please use -XX:HeapBaseMinAddress
#     to set the Java Heap base and to place the Java Heap above 4GB virtual address.
# This output file may be truncated or incomplete.
#
#  Out of Memory Error (os_windows.cpp:3604), pid=35516, tid=34472
#
# JRE version: Java(TM) SE Runtime Environment (21.0.10+8) (build 21.0.10+8-LTS-217)
# Java VM: Java HotSpot(TM) 64-Bit Server VM (21.0.10+8-LTS-217, mixed mode, sharing, tiered, compressed oops, compressed class ptrs, g1 gc, windows-amd64)
# No core dump will be written. Minidumps are not enabled by default on client versions of Windows
#

---------------  S U M M A R Y ------------

Command Line: -Dapplication.home=D:\mailon\Java\jdk-21.0.10 --add-modules=ALL-DEFAULT -Xms8m -Xmx256m -Djdk.module.main=jdk.compiler jdk.compiler/com.sun.tools.javac.Main @C:/Users/Usuario/AppData/Local/Temp/org.codehaus.plexus.compiler.javac.JavacCompiler7301172928514422034arguments

Host: Intel(R) Core(TM) i5-8265U CPU @ 1.60GHz, 8 cores, 7G,  Windows 11 , 64 bit Build 26100 (10.0.26100.8246)
Time: Fri Apr 24 03:38:19 2026 Hora oficial do Brasil elapsed time: 1.607570 seconds (0d 0h 0m 1s)

---------------  T H R E A D  ---------------

Current thread (0x000002c293a9d5b0):  VMThread "VM Thread"          [id=34472, stack(0x000000e791e00000,0x000000e791f00000) (1024K)]

Stack: [0x000000e791e00000,0x000000e791f00000]
Native frames: (J=compiled Java code, j=interpreted, Vv=VM code, C=native code)
V  [jvm.dll+0x6d0b59]
V  [jvm.dll+0x85fd56]
V  [jvm.dll+0x86224e]
V  [jvm.dll+0x862923]
V  [jvm.dll+0x282a16]
V  [jvm.dll+0x6cd405]
V  [jvm.dll+0x6c1f8a]
V  [jvm.dll+0x35bcc8]
V  [jvm.dll+0x363986]
V  [jvm.dll+0x3b4a3e]
V  [jvm.dll+0x3b4ce8]
V  [jvm.dll+0x32f98c]
V  [jvm.dll+0x32fa17]
V  [jvm.dll+0x373c9c]
V  [jvm.dll+0x372441]
V  [jvm.dll+0x32f0d1]
V  [jvm.dll+0x371aaa]
V  [jvm.dll+0x86861f]
V  [jvm.dll+0x8699ac]
V  [jvm.dll+0x869ee1]
V  [jvm.dll+0x86a183]
V  [jvm.dll+0x80a83d]
V  [jvm.dll+0x6cf3fd]
C  [ucrtbase.dll+0x37b0]
C  [KERNEL32.DLL+0x2e8d7]
C  [ntdll.dll+0x8c3fc]

VM_Operation (0x000000e7917fd5a0): G1CollectForAllocation, mode: safepoint, requested by thread 0x000002c29387cb50


---------------  P R O C E S S  ---------------

Threads class SMR info:
_java_thread_list=0x000002c2f14aa840, length=12, elements={
0x000002c29387cb50, 0x000002c293ab72b0, 0x000002c293ab9ed0, 0x000002c2f11203e0,
0x000002c293abdf90, 0x000002c2f1122f80, 0x000002c2f112b7b0, 0x000002c2f112c9d0,
0x000002c2f112f760, 0x000002c2f132af10, 0x000002c2f13e0f70, 0x000002c2f14b9270
}

Java Threads: ( => current thread )
  0x000002c29387cb50 JavaThread "main"                              [_thread_blocked, id=35320, stack(0x000000e791700000,0x000000e791800000) (1024K)]
  0x000002c293ab72b0 JavaThread "Reference Handler"          daemon [_thread_blocked, id=21580, stack(0x000000e791f00000,0x000000e792000000) (1024K)]
  0x000002c293ab9ed0 JavaThread "Finalizer"                  daemon [_thread_blocked, id=33004, stack(0x000000e792000000,0x000000e792100000) (1024K)]
  0x000002c2f11203e0 JavaThread "Signal Dispatcher"          daemon [_thread_blocked, id=18580, stack(0x000000e792100000,0x000000e792200000) (1024K)]
  0x000002c293abdf90 JavaThread "Attach Listener"            daemon [_thread_blocked, id=25244, stack(0x000000e792200000,0x000000e792300000) (1024K)]
  0x000002c2f1122f80 JavaThread "Service Thread"             daemon [_thread_blocked, id=31000, stack(0x000000e792300000,0x000000e792400000) (1024K)]
  0x000002c2f112b7b0 JavaThread "Monitor Deflation Thread"   daemon [_thread_blocked, id=34776, stack(0x000000e792400000,0x000000e792500000) (1024K)]
  0x000002c2f112c9d0 JavaThread "C2 CompilerThread0"         daemon [_thread_blocked, id=31948, stack(0x000000e792500000,0x000000e792600000) (1024K)]
  0x000002c2f112f760 JavaThread "C1 CompilerThread0"         daemon [_thread_blocked, id=30012, stack(0x000000e792600000,0x000000e792700000) (1024K)]
  0x000002c2f132af10 JavaThread "Notification Thread"        daemon [_thread_blocked, id=35788, stack(0x000000e792700000,0x000000e792800000) (1024K)]
  0x000002c2f13e0f70 JavaThread "Common-Cleaner"             daemon [_thread_blocked, id=35668, stack(0x000000e792800000,0x000000e792900000) (1024K)]
  0x000002c2f14b9270 JavaThread "C2 CompilerThread1"         daemon [_thread_blocked, id=9696, stack(0x000000e792900000,0x000000e792a00000) (1024K)]
Total: 12

Other Threads:
=>0x000002c293a9d5b0 VMThread "VM Thread"                           [id=34472, stack(0x000000e791e00000,0x000000e791f00000) (1024K)]
  0x000002c293a8d180 WatcherThread "VM Periodic Task Thread"        [id=21832, stack(0x000000e791d00000,0x000000e791e00000) (1024K)]
  0x000002c293a18470 WorkerThread "GC Thread#0"                     [id=33692, stack(0x000000e791800000,0x000000e791900000) (1024K)]
  0x000002c2f148c350 WorkerThread "GC Thread#1"                     [id=22736, stack(0x000000e792a00000,0x000000e792b00000) (1024K)]
  0x000002c2f14eafe0 WorkerThread "GC Thread#2"                     [id=24596, stack(0x000000e792b00000,0x000000e792c00000) (1024K)]
  0x000002c2f14eb390 WorkerThread "GC Thread#3"                     [id=33552, stack(0x000000e792c00000,0x000000e792d00000) (1024K)]
  0x000002c293a1b370 ConcurrentGCThread "G1 Main Marker"            [id=4324, stack(0x000000e791900000,0x000000e791a00000) (1024K)]
  0x000002c293a1cc10 WorkerThread "G1 Conc#0"                       [id=22988, stack(0x000000e791a00000,0x000000e791b00000) (1024K)]
  0x000002c2f1457f50 WorkerThread "G1 Conc#1"                       [id=33168, stack(0x000000e792d00000,0x000000e792e00000) (1024K)]
  0x000002c293a766e0 ConcurrentGCThread "G1 Refine#0"               [id=27560, stack(0x000000e791b00000,0x000000e791c00000) (1024K)]
  0x000002c293a78020 ConcurrentGCThread "G1 Service"                [id=33576, stack(0x000000e791c00000,0x000000e791d00000) (1024K)]
Total: 11

Threads with active compile tasks:
C2 CompilerThread0     1735  515       4       java.util.HashMap::getNode (150 bytes)
C2 CompilerThread1     1736  520       4       jdk.nio.zipfs.ZipFileSystem::makeParentDirs (133 bytes)
Total: 2

VM state: at safepoint (normal execution)

VM Mutex/Monitor currently owned by a thread:  ([mutex/lock_event])
[0x00007ffd69be9f10] Threads_lock - owner thread: 0x000002c293a9d5b0
[0x00007ffd69bea010] Heap_lock - owner thread: 0x000002c29387cb50

Heap address: 0x00000000f0000000, size: 256 MB, Compressed Oops mode: 32-bit

CDS archive(s) mapped at: [0x000002c2b0000000-0x000002c2b0c90000-0x000002c2b0c90000), size 13172736, SharedBaseAddress: 0x000002c2b0000000, ArchiveRelocationMode: 1.
Compressed class space mapped at: 0x000002c2b1000000-0x000002c2f1000000, reserved size: 1073741824
Narrow klass base: 0x000002c2b0000000, Narrow klass shift: 0, Narrow klass range: 0x100000000

GC Precious Log:
 CardTable entry size: 512
 Card Set container configuration: InlinePtr #cards 5 size 8 Array Of Cards #cards 12 size 40 Howl #buckets 4 coarsen threshold 1843 Howl Bitmap #cards 512 size 80 coarsen threshold 460 Card regions per heap region 1 cards per card region 2048
 CPUs: 8 total, 8 available
 Memory: 8040M
 Large Page Support: Disabled
 NUMA Support: Disabled
 Compressed Oops: Enabled (32-bit)
 Heap Region Size: 1M
 Heap Min Capacity: 8M
 Heap Initial Capacity: 8M
 Heap Max Capacity: 256M
 Pre-touch: Disabled
 Parallel Workers: 8
 Concurrent Workers: 2
 Concurrent Refinement Workers: 8
 Periodic GC: Disabled

Heap:
 garbage-first heap   total 14336K, used 8245K [0x00000000f0000000, 0x0000000100000000)
  region size 1024K, 1 young (1024K), 1 survivors (1024K)
 Metaspace       used 2532K, committed 2624K, reserved 1114112K
  class space    used 280K, committed 320K, reserved 1048576K

Heap Regions: E=young(eden), S=young(survivor), O=old, HS=humongous(starts), HC=humongous(continues), CS=collection set, F=free, TAMS=top-at-mark-start, PB=parsable bottom
|   0|0x00000000f0000000, 0x00000000f0100000, 0x00000000f0100000|100%|HS|  |TAMS 0x00000000f0100000| PB 0x00000000f0000000| Complete 
|   1|0x00000000f0100000, 0x00000000f0200000, 0x00000000f0200000|100%|HC|  |TAMS 0x00000000f0200000| PB 0x00000000f0100000| Complete 
|   2|0x00000000f0200000, 0x00000000f0300000, 0x00000000f0300000|100%|HC|  |TAMS 0x00000000f0300000| PB 0x00000000f0200000| Complete 
|   3|0x00000000f0300000, 0x00000000f0400000, 0x00000000f0400000|100%| O|  |TAMS 0x00000000f0400000| PB 0x00000000f0300000| Untracked 
|   4|0x00000000f0400000, 0x00000000f04aa370, 0x00000000f0500000| 66%| O|  |TAMS 0x00000000f0400000| PB 0x00000000f0400000| Untracked 
|   5|0x00000000f0500000, 0x00000000f0600000, 0x00000000f0600000|100%| O|  |TAMS 0x00000000f0600000| PB 0x00000000f0500000| Untracked 
|   6|0x00000000f0600000, 0x00000000f0700000, 0x00000000f0700000|100%| O|  |TAMS 0x00000000f06a13b8| PB 0x00000000f0600000| Untracked 
|   7|0x00000000f0700000, 0x00000000f0700000, 0x00000000f0800000|  0%| F|  |TAMS 0x00000000f0700000| PB 0x00000000f0700000| Untracked 
|   8|0x00000000f0800000, 0x00000000f0800000, 0x00000000f0900000|  0%| F|  |TAMS 0x00000000f0800000| PB 0x00000000f0800000| Untracked 
|   9|0x00000000f0900000, 0x00000000f0900000, 0x00000000f0a00000|  0%| F|  |TAMS 0x00000000f0900000| PB 0x00000000f0900000| Untracked 
|  10|0x00000000f0a00000, 0x00000000f0a631a0, 0x00000000f0b00000| 38%| S|CS|TAMS 0x00000000f0a00000| PB 0x00000000f0a00000| Complete 
|  11|0x00000000f0b00000, 0x00000000f0b00000, 0x00000000f0c00000|  0%| F|  |TAMS 0x00000000f0b00000| PB 0x00000000f0b00000| Untracked 
|  12|0x00000000f0c00000, 0x00000000f0c00000, 0x00000000f0d00000|  0%| F|  |TAMS 0x00000000f0c00000| PB 0x00000000f0c00000| Untracked 
| 255|0x00000000fff00000, 0x0000000100000000, 0x0000000100000000|100%| O|  |TAMS 0x0000000100000000| PB 0x00000000fff00000| Untracked 

Card table byte_map: [0x000002c2ad1b0000,0x000002c2ad230000] _byte_map_base: 0x000002c2aca30000

Marking Bits: (CMBitMap*) 0x000002c293a18a90
 Bits: [0x000002c2ad230000, 0x000002c2ad630000)

Polling page: 0x000002c293ac0000

Metaspace:

Usage:
  Non-class:      2.20 MB used.
      Class:    280.94 KB used.
       Both:      2.47 MB used.

Virtual space:
  Non-class space:       64.00 MB reserved,       2.25 MB (  4%) committed,  1 nodes.
      Class space:        1.00 GB reserved,     320.00 KB ( <1%) committed,  1 nodes.
             Both:        1.06 GB reserved,       2.56 MB ( <1%) committed. 

Chunk freelists:
   Non-Class:  10.81 MB
       Class:  15.56 MB
        Both:  26.38 MB

MaxMetaspaceSize: unlimited
CompressedClassSpaceSize: 1.00 GB
Initial GC threshold: 21.00 MB
Current GC threshold: 21.00 MB
CDS: on
 - commit_granule_bytes: 65536.
 - commit_granule_words: 8192.
 - virtual_space_node_default_size: 8388608.
 - enlarge_chunks_in_place: 1.
 - use_allocation_guard: 0.


Internal statistics:

num_allocs_failed_limit: 0.
num_arena_births: 26.
num_arena_deaths: 0.
num_vsnodes_births: 2.
num_vsnodes_deaths: 0.
num_space_committed: 41.
num_space_uncommitted: 0.
num_chunks_returned_to_freelist: 0.
num_chunks_taken_from_freelist: 93.
num_chunk_merges: 0.
num_chunk_splits: 62.
num_chunks_enlarged: 49.
num_inconsistent_stats: 0.

CodeHeap 'non-profiled nmethods': size=120000Kb used=218Kb max_used=218Kb free=119781Kb
 bounds [0x000002c2a5190000, 0x000002c2a5400000, 0x000002c2ac6c0000]
CodeHeap 'profiled nmethods': size=120000Kb used=598Kb max_used=598Kb free=119401Kb
 bounds [0x000002c29d6c0000, 0x000002c29d930000, 0x000002c2a4bf0000]
CodeHeap 'non-nmethods': size=5760Kb used=1295Kb max_used=1324Kb free=4464Kb
 bounds [0x000002c2a4bf0000, 0x000002c2a4e60000, 0x000002c2a5190000]
 total_blobs=927 nmethods=517 adapters=315
 compilation: enabled
              stopped_count=0, restarted_count=0
 full_count=0

Compilation events (20 events):
Event: 0.488 Thread 0x000002c2f112f760  509       3       jdk.nio.zipfs.ZipFileSystem$IndexNode::<init> (10 bytes)
Event: 0.488 Thread 0x000002c2f112f760 nmethod 509 0x000002c29d752d10 code [0x000002c29d752ec0, 0x000002c29d753030]
Event: 0.488 Thread 0x000002c2f112f760  504       3       java.util.Arrays::rangeCheck (74 bytes)
Event: 0.488 Thread 0x000002c2f112f760 nmethod 504 0x000002c29d753110 code [0x000002c29d7533c0, 0x000002c29d753cf8]
Event: 0.488 Thread 0x000002c2f112f760  510       3       jdk.nio.zipfs.ZipFileSystem$ParentLookup::equals (34 bytes)
Event: 0.489 Thread 0x000002c2f112f760 nmethod 510 0x000002c29d754110 code [0x000002c29d7542e0, 0x000002c29d754698]
Event: 0.489 Thread 0x000002c2f112f760  511       3       java.util.Arrays::equals (56 bytes)
Event: 0.489 Thread 0x000002c2f112f760 nmethod 511 0x000002c29d754790 code [0x000002c29d754960, 0x000002c29d754c00]
Event: 0.490 Thread 0x000002c2f14b9270 nmethod 513 0x000002c2a51c5410 code [0x000002c2a51c55a0, 0x000002c2a51c57d0]
Event: 0.491 Thread 0x000002c2f14b9270  516       4       jdk.internal.util.ArraysSupport::mismatch (103 bytes)
Event: 0.491 Thread 0x000002c2f112f760  517 %     3       jdk.nio.zipfs.ZipFileSystem::getParentOff @ 20 (40 bytes)
Event: 0.491 Thread 0x000002c2f112f760 nmethod 517% 0x000002c29d754d90 code [0x000002c29d754f40, 0x000002c29d755228]
Event: 0.491 Thread 0x000002c2f112f760  518       3       jdk.nio.zipfs.ZipFileSystem::getParentOff (40 bytes)
Event: 0.491 Thread 0x000002c2f112f760 nmethod 518 0x000002c29d755390 code [0x000002c29d755540, 0x000002c29d7557b0]
Event: 0.492 Thread 0x000002c2f112c9d0 nmethod 512 0x000002c2a51c5910 code [0x000002c2a51c5aa0, 0x000002c2a51c5d88]
Event: 0.492 Thread 0x000002c2f112c9d0  519       4       jdk.nio.zipfs.ZipFileSystem::getParentOff (40 bytes)
Event: 0.495 Thread 0x000002c2f14b9270 nmethod 516 0x000002c2a51c5e90 code [0x000002c2a51c6020, 0x000002c2a51c62b0]
Event: 0.495 Thread 0x000002c2f14b9270  520       4       jdk.nio.zipfs.ZipFileSystem::makeParentDirs (133 bytes)
Event: 0.496 Thread 0x000002c2f112c9d0 nmethod 519 0x000002c2a51c6490 code [0x000002c2a51c6620, 0x000002c2a51c6838]
Event: 0.496 Thread 0x000002c2f112c9d0  515       4       java.util.HashMap::getNode (150 bytes)

GC Heap History (9 events):
Event: 0.404 GC heap before
{Heap before GC invocations=0 (full 0):
 garbage-first heap   total 8192K, used 6144K [0x00000000f0000000, 0x0000000100000000)
  region size 1024K, 3 young (3072K), 0 survivors (0K)
 Metaspace       used 2519K, committed 2624K, reserved 1114112K
  class space    used 278K, committed 320K, reserved 1048576K
}
Event: 0.409 GC heap after
{Heap after GC invocations=1 (full 0):
 garbage-first heap   total 8192K, used 4480K [0x00000000f0000000, 0x0000000100000000)
  region size 1024K, 1 young (1024K), 1 survivors (1024K)
 Metaspace       used 2519K, committed 2624K, reserved 1114112K
  class space    used 278K, committed 320K, reserved 1048576K
}
Event: 0.419 GC heap before
{Heap before GC invocations=1 (full 0):
 garbage-first heap   total 8192K, used 5504K [0x00000000f0000000, 0x0000000100000000)
  region size 1024K, 2 young (2048K), 1 survivors (1024K)
 Metaspace       used 2519K, committed 2624K, reserved 1114112K
  class space    used 278K, committed 320K, reserved 1048576K
}
Event: 0.433 GC heap after
{Heap after GC invocations=2 (full 0):
 garbage-first heap   total 8192K, used 5651K [0x00000000f0000000, 0x0000000100000000)
  region size 1024K, 1 young (1024K), 1 survivors (1024K)
 Metaspace       used 2519K, committed 2624K, reserved 1114112K
  class space    used 278K, committed 320K, reserved 1048576K
}
Event: 0.462 GC heap before
{Heap before GC invocations=2 (full 0):
 garbage-first heap   total 8192K, used 6675K [0x00000000f0000000, 0x0000000100000000)
  region size 1024K, 2 young (2048K), 1 survivors (1024K)
 Metaspace       used 2519K, committed 2624K, reserved 1114112K
  class space    used 278K, committed 320K, reserved 1048576K
}
Event: 0.465 GC heap after
{Heap after GC invocations=3 (full 0):
 garbage-first heap   total 9216K, used 6700K [0x00000000f0000000, 0x0000000100000000)
  region size 1024K, 1 young (1024K), 1 survivors (1024K)
 Metaspace       used 2519K, committed 2624K, reserved 1114112K
  class space    used 278K, committed 320K, reserved 1048576K
}
Event: 0.479 GC heap before
{Heap before GC invocations=4 (full 0):
 garbage-first heap   total 14336K, used 7724K [0x00000000f0000000, 0x0000000100000000)
  region size 1024K, 2 young (2048K), 1 survivors (1024K)
 Metaspace       used 2519K, committed 2624K, reserved 1114112K
  class space    used 278K, committed 320K, reserved 1048576K
}
Event: 0.483 GC heap after
{Heap after GC invocations=5 (full 0):
 garbage-first heap   total 14336K, used 7812K [0x00000000f0000000, 0x0000000100000000)
  region size 1024K, 1 young (1024K), 1 survivors (1024K)
 Metaspace       used 2519K, committed 2624K, reserved 1114112K
  class space    used 278K, committed 320K, reserved 1048576K
}
Event: 0.497 GC heap before
{Heap before GC invocations=5 (full 0):
 garbage-first heap   total 14336K, used 8836K [0x00000000f0000000, 0x0000000100000000)
  region size 1024K, 2 young (2048K), 1 survivors (1024K)
 Metaspace       used 2532K, committed 2624K, reserved 1114112K
  class space    used 280K, committed 320K, reserved 1048576K
}

Dll operation events (5 events):
Event: 0.011 Loaded shared library D:\mailon\Java\jdk-21.0.10\bin\java.dll
Event: 0.048 Loaded shared library D:\mailon\Java\jdk-21.0.10\bin\jsvml.dll
Event: 0.121 Loaded shared library D:\mailon\Java\jdk-21.0.10\bin\jimage.dll
Event: 0.226 Loaded shared library D:\mailon\Java\jdk-21.0.10\bin\net.dll
Event: 0.231 Loaded shared library D:\mailon\Java\jdk-21.0.10\bin\nio.dll

Deoptimization events (20 events):
Event: 0.268 Thread 0x000002c29387cb50 DEOPT PACKING pc=0x000002c29d6e9c28 sp=0x000000e7917febb0
Event: 0.268 Thread 0x000002c29387cb50 DEOPT UNPACKING pc=0x000002c2a4c44e42 sp=0x000000e7917fdfd0 mode 0
Event: 0.270 Thread 0x000002c29387cb50 DEOPT PACKING pc=0x000002c29d6e87d8 sp=0x000000e7917feb80
Event: 0.270 Thread 0x000002c29387cb50 DEOPT UNPACKING pc=0x000002c2a4c44e42 sp=0x000000e7917fdfe8 mode 0
Event: 0.284 Thread 0x000002c29387cb50 Uncommon trap: trap_request=0xffffff45 fr.pc=0x000002c2a51b49ec relative=0x000000000000004c
Event: 0.284 Thread 0x000002c29387cb50 Uncommon trap: reason=unstable_if action=reinterpret pc=0x000002c2a51b49ec method=sun.nio.fs.WindowsPathParser.isSlash(C)Z @ 3 c2
Event: 0.284 Thread 0x000002c29387cb50 DEOPT PACKING pc=0x000002c2a51b49ec sp=0x000000e7917fdde0
Event: 0.284 Thread 0x000002c29387cb50 DEOPT UNPACKING pc=0x000002c2a4c446a2 sp=0x000000e7917fdd68 mode 2
Event: 0.415 Thread 0x000002c29387cb50 Uncommon trap: trap_request=0xffffff45 fr.pc=0x000002c2a51bcb60 relative=0x0000000000000240
Event: 0.415 Thread 0x000002c29387cb50 Uncommon trap: reason=unstable_if action=reinterpret pc=0x000002c2a51bcb60 method=jdk.nio.zipfs.ZipFileSystem$IndexNode.normalize([B)[B @ 66 c2
Event: 0.415 Thread 0x000002c29387cb50 DEOPT PACKING pc=0x000002c2a51bcb60 sp=0x000000e7917fdc90
Event: 0.415 Thread 0x000002c29387cb50 DEOPT UNPACKING pc=0x000002c2a4c446a2 sp=0x000000e7917fdbf8 mode 2
Event: 0.483 Thread 0x000002c29387cb50 Uncommon trap: trap_request=0xffffff45 fr.pc=0x000002c2a51c2570 relative=0x0000000000000230
Event: 0.483 Thread 0x000002c29387cb50 Uncommon trap: reason=unstable_if action=reinterpret pc=0x000002c2a51c2570 method=java.util.Arrays.hashCode([B)I @ 8 c2
Event: 0.483 Thread 0x000002c29387cb50 DEOPT PACKING pc=0x000002c2a51c2570 sp=0x000000e7917fdcb0
Event: 0.483 Thread 0x000002c29387cb50 DEOPT UNPACKING pc=0x000002c2a4c446a2 sp=0x000000e7917fdc48 mode 2
Event: 0.491 Thread 0x000002c29387cb50 Uncommon trap: trap_request=0xffffff45 fr.pc=0x000002c2a51c5740 relative=0x00000000000001a0
Event: 0.491 Thread 0x000002c29387cb50 Uncommon trap: reason=unstable_if action=reinterpret pc=0x000002c2a51c5740 method=jdk.nio.zipfs.ZipFileSystem.getParentOff([B)I @ 21 c2
Event: 0.491 Thread 0x000002c29387cb50 DEOPT PACKING pc=0x000002c2a51c5740 sp=0x000000e7917fdcb0
Event: 0.491 Thread 0x000002c29387cb50 DEOPT UNPACKING pc=0x000002c2a4c446a2 sp=0x000000e7917fdc40 mode 2

Classes loaded (20 events):
Event: 0.373 Loading class java/nio/file/attribute/FileOwnerAttributeView done
Event: 0.373 Loading class java/nio/file/attribute/AclFileAttributeView done
Event: 0.373 Loading class sun/nio/fs/AbstractAclFileAttributeView done
Event: 0.373 Loading class sun/nio/fs/WindowsAclFileAttributeView done
Event: 0.373 Loading class sun/nio/fs/WindowsSecurity
Event: 0.373 Loading class sun/nio/fs/WindowsSecurity done
Event: 0.373 Loading class sun/nio/fs/WindowsFileStore
Event: 0.384 Loading class sun/nio/fs/WindowsFileStore done
Event: 0.388 Loading class java/nio/file/AccessDeniedException
Event: 0.388 Loading class java/nio/file/AccessDeniedException done
Event: 0.389 Loading class java/nio/file/attribute/PosixFileAttributeView
Event: 0.389 Loading class java/nio/file/attribute/PosixFileAttributeView done
Event: 0.390 Loading class sun/nio/fs/WindowsChannelFactory$2
Event: 0.390 Loading class sun/nio/fs/WindowsChannelFactory$2 done
Event: 0.390 Loading class java/nio/channels/spi/AbstractInterruptibleChannel$1
Event: 0.390 Loading class sun/nio/ch/Interruptible
Event: 0.390 Loading class sun/nio/ch/Interruptible done
Event: 0.390 Loading class java/nio/channels/spi/AbstractInterruptibleChannel$1 done
Event: 0.483 Loading class java/util/LinkedHashMap$LinkedValues
Event: 0.484 Loading class java/util/LinkedHashMap$LinkedValues done

Classes unloaded (0 events):
No events

Classes redefined (0 events):
No events

Internal exceptions (4 events):
Event: 0.217 Thread 0x000002c29387cb50 Exception <a 'java/lang/NoSuchMethodError'{0x00000000f06ff660}: 'void java.lang.invoke.DirectMethodHandle$Holder.invokeSpecial(java.lang.Object, java.lang.Object, java.lang.Object)'> (0x00000000f06ff660) 
thrown [s\open\src\hotspot\share\interpreter\linkResolver.cpp, line 773]
Event: 0.280 Thread 0x000002c29387cb50 Exception <a 'java/lang/NoSuchMethodError'{0x00000000f0579bc0}: 'int java.lang.invoke.DirectMethodHandle$Holder.invokeVirtual(java.lang.Object, java.lang.Object, java.lang.Object)'> (0x00000000f0579bc0) 
thrown [s\open\src\hotspot\share\interpreter\linkResolver.cpp, line 773]
Event: 0.281 Thread 0x000002c29387cb50 Exception <a 'java/lang/NoSuchMethodError'{0x00000000f057f810}: 'void java.lang.invoke.DirectMethodHandle$Holder.invokeInterface(java.lang.Object, java.lang.Object, java.lang.Object)'> (0x00000000f057f810) 
thrown [s\open\src\hotspot\share\interpreter\linkResolver.cpp, line 773]
Event: 0.283 Thread 0x000002c29387cb50 Exception <a 'java/lang/NoSuchMethodError'{0x00000000f058a568}: 'int java.lang.invoke.DirectMethodHandle$Holder.invokeStaticInit(java.lang.Object, java.lang.Object, java.lang.Object)'> (0x00000000f058a568) 
thrown [s\open\src\hotspot\share\interpreter\linkResolver.cpp, line 773]

ZGC Phase Switch (0 events):
No events

VM Operations (20 events):
Event: 0.275 Executing VM operation: HandshakeAllThreads (Deoptimize) done
Event: 0.287 Executing VM operation: HandshakeAllThreads (Deoptimize)
Event: 0.287 Executing VM operation: HandshakeAllThreads (Deoptimize) done
Event: 0.356 Executing VM operation: HandshakeAllThreads (Deoptimize)
Event: 0.356 Executing VM operation: HandshakeAllThreads (Deoptimize) done
Event: 0.356 Executing VM operation: HandshakeAllThreads (Deoptimize)
Event: 0.356 Executing VM operation: HandshakeAllThreads (Deoptimize) done
Event: 0.404 Executing VM operation: G1CollectForAllocation (G1 Evacuation Pause)
Event: 0.409 Executing VM operation: G1CollectForAllocation (G1 Evacuation Pause) done
Event: 0.419 Executing VM operation: G1CollectForAllocation (G1 Evacuation Pause)
Event: 0.433 Executing VM operation: G1CollectForAllocation (G1 Evacuation Pause) done
Event: 0.443 Executing VM operation: G1CollectForAllocation (G1 Evacuation Pause)
Event: 0.465 Executing VM operation: G1CollectForAllocation (G1 Evacuation Pause) done
Event: 0.466 Executing VM operation: G1PauseRemark
Event: 0.474 Executing VM operation: G1PauseRemark done
Event: 0.475 Executing VM operation: G1PauseCleanup
Event: 0.475 Executing VM operation: G1PauseCleanup done
Event: 0.479 Executing VM operation: G1CollectForAllocation (G1 Evacuation Pause)
Event: 0.483 Executing VM operation: G1CollectForAllocation (G1 Evacuation Pause) done
Event: 0.497 Executing VM operation: G1CollectForAllocation (G1 Evacuation Pause)

Events (12 events):
Event: 0.028 Thread 0x000002c29387cb50 Thread added: 0x000002c29387cb50
Event: 0.045 Thread 0x000002c293ab72b0 Thread added: 0x000002c293ab72b0
Event: 0.045 Thread 0x000002c293ab9ed0 Thread added: 0x000002c293ab9ed0
Event: 0.045 Thread 0x000002c2f11203e0 Thread added: 0x000002c2f11203e0
Event: 0.045 Thread 0x000002c293abdf90 Thread added: 0x000002c293abdf90
Event: 0.045 Thread 0x000002c2f1122f80 Thread added: 0x000002c2f1122f80
Event: 0.045 Thread 0x000002c2f112b7b0 Thread added: 0x000002c2f112b7b0
Event: 0.045 Thread 0x000002c2f112c9d0 Thread added: 0x000002c2f112c9d0
Event: 0.045 Thread 0x000002c2f112f760 Thread added: 0x000002c2f112f760
Event: 0.115 Thread 0x000002c2f132af10 Thread added: 0x000002c2f132af10
Event: 0.195 Thread 0x000002c2f13e0f70 Thread added: 0x000002c2f13e0f70
Event: 0.242 Thread 0x000002c2f14b9270 Thread added: 0x000002c2f14b9270


Dynamic libraries:
0x00007ff79a0a0000 - 0x00007ff79a0a8000 	D:\mailon\Java\jdk-21.0.10\bin\javac.exe
0x00007ffe20340000 - 0x00007ffe205a7000 	C:\WINDOWS\SYSTEM32\ntdll.dll
0x00007ffe1f710000 - 0x00007ffe1f7d9000 	C:\WINDOWS\System32\KERNEL32.DLL
0x00007ffe1ce40000 - 0x00007ffe1d234000 	C:\WINDOWS\System32\KERNELBASE.dll
0x00007ffe1df80000 - 0x00007ffe1e0cb000 	C:\WINDOWS\System32\ucrtbase.dll
0x00007ffe175b0000 - 0x00007ffe175ce000 	D:\mailon\Java\jdk-21.0.10\bin\VCRUNTIME140.dll
0x00007ffe175d0000 - 0x00007ffe175e9000 	D:\mailon\Java\jdk-21.0.10\bin\jli.dll
0x00007ffe20240000 - 0x00007ffe202f6000 	C:\WINDOWS\System32\ADVAPI32.dll
0x00007ffe1f540000 - 0x00007ffe1f5e9000 	C:\WINDOWS\System32\msvcrt.dll
0x00007ffe1f7e0000 - 0x00007ffe1f887000 	C:\WINDOWS\System32\sechost.dll
0x00007ffe1f5f0000 - 0x00007ffe1f708000 	C:\WINDOWS\System32\RPCRT4.dll
0x00007ffe1ee10000 - 0x00007ffe1efd5000 	C:\WINDOWS\System32\USER32.dll
0x00007ffe1ce10000 - 0x00007ffe1ce37000 	C:\WINDOWS\System32\win32u.dll
0x00007ffe1f890000 - 0x00007ffe1f8bb000 	C:\WINDOWS\System32\GDI32.dll
0x00007ffe0c8f0000 - 0x00007ffe0cb83000 	C:\WINDOWS\WinSxS\amd64_microsoft.windows.common-controls_6595b64144ccf1df_6.0.26100.8115_none_3e075c82e3354f9c\COMCTL32.dll
0x00007ffe1dab0000 - 0x00007ffe1dbdb000 	C:\WINDOWS\System32\gdi32full.dll
0x00007ffe1ded0000 - 0x00007ffe1df73000 	C:\WINDOWS\System32\msvcp_win.dll
0x00007ffe16170000 - 0x00007ffe1617b000 	C:\WINDOWS\SYSTEM32\VERSION.dll
0x00007ffe1e170000 - 0x00007ffe1e1a2000 	C:\WINDOWS\System32\IMM32.DLL
0x00007ffe17510000 - 0x00007ffe1751c000 	D:\mailon\Java\jdk-21.0.10\bin\vcruntime140_1.dll
0x00007ffe02390000 - 0x00007ffe0241d000 	D:\mailon\Java\jdk-21.0.10\bin\msvcp140.dll
0x00007ffd68fa0000 - 0x00007ffd69cc7000 	D:\mailon\Java\jdk-21.0.10\bin\server\jvm.dll
0x00007ffe201b0000 - 0x00007ffe20230000 	C:\WINDOWS\System32\WS2_32.dll
0x00007ffe1ca90000 - 0x00007ffe1caee000 	C:\WINDOWS\SYSTEM32\POWRPROF.dll
0x00007ffdfca90000 - 0x00007ffdfcac6000 	C:\WINDOWS\SYSTEM32\WINMM.dll
0x00007ffe1ca70000 - 0x00007ffe1ca84000 	C:\WINDOWS\SYSTEM32\UMPDC.dll
0x00007ffe1b970000 - 0x00007ffe1b98b000 	C:\WINDOWS\SYSTEM32\kernel.appcore.dll
0x00007ffe17500000 - 0x00007ffe1750a000 	D:\mailon\Java\jdk-21.0.10\bin\jimage.dll
0x00007ffe0d0b0000 - 0x00007ffe0d2f2000 	C:\WINDOWS\SYSTEM32\DBGHELP.DLL
0x00007ffe1e7e0000 - 0x00007ffe1eb62000 	C:\WINDOWS\System32\combase.dll
0x00007ffe1f0d0000 - 0x00007ffe1f1a8000 	C:\WINDOWS\System32\OLEAUT32.dll
0x00007ffe033e0000 - 0x00007ffe0341b000 	C:\WINDOWS\SYSTEM32\dbgcore.DLL
0x00007ffe1dd60000 - 0x00007ffe1de05000 	C:\WINDOWS\System32\bcryptPrimitives.dll
0x00007ffe10450000 - 0x00007ffe10471000 	D:\mailon\Java\jdk-21.0.10\bin\java.dll
0x00007ffe1fa40000 - 0x00007ffe201a7000 	C:\WINDOWS\System32\SHELL32.dll
0x00007ffe1cc10000 - 0x00007ffe1cd7a000 	C:\WINDOWS\System32\wintypes.dll
0x00007ffe1d240000 - 0x00007ffe1daa8000 	C:\WINDOWS\System32\windows.storage.dll
0x00007ffe1f220000 - 0x00007ffe1f318000 	C:\WINDOWS\System32\SHCORE.dll
0x00007ffe1f9d0000 - 0x00007ffe1fa36000 	C:\WINDOWS\System32\shlwapi.dll
0x00007ffe1cb30000 - 0x00007ffe1cb59000 	C:\WINDOWS\SYSTEM32\profapi.dll
0x00007ffe00160000 - 0x00007ffe00237000 	D:\mailon\Java\jdk-21.0.10\bin\jsvml.dll
0x00007ffe10380000 - 0x00007ffe10391000 	D:\mailon\Java\jdk-21.0.10\bin\net.dll
0x00007ffe15b50000 - 0x00007ffe15c7d000 	C:\WINDOWS\SYSTEM32\WINHTTP.dll
0x00007ffe1bed0000 - 0x00007ffe1bf3c000 	C:\WINDOWS\system32\mswsock.dll
0x00007ffe0e890000 - 0x00007ffe0e8a6000 	D:\mailon\Java\jdk-21.0.10\bin\nio.dll

dbghelp: loaded successfully - version: 4.0.5 - missing functions: none
symbol engine: initialized successfully - sym options: 0x614 - pdb path: .;D:\mailon\Java\jdk-21.0.10\bin;C:\WINDOWS\SYSTEM32;C:\WINDOWS\WinSxS\amd64_microsoft.windows.common-controls_6595b64144ccf1df_6.0.26100.8115_none_3e075c82e3354f9c;D:\mailon\Java\jdk-21.0.10\bin\server

VM Arguments:
jvm_args: -Dapplication.home=D:\mailon\Java\jdk-21.0.10 --add-modules=ALL-DEFAULT -Xms8m -Xmx256m -Djdk.module.main=jdk.compiler 
java_command: jdk.compiler/com.sun.tools.javac.Main @C:/Users/Usuario/AppData/Local/Temp/org.codehaus.plexus.compiler.javac.JavacCompiler7301172928514422034arguments
java_class_path (initial): <not set>
Launcher Type: SUN_STANDARD

[Global flags]
     intx CICompilerCount                          = 4                                         {product} {ergonomic}
     uint ConcGCThreads                            = 2                                         {product} {ergonomic}
     uint G1ConcRefinementThreads                  = 8                                         {product} {ergonomic}
   size_t G1HeapRegionSize                         = 1048576                                   {product} {ergonomic}
    uintx GCDrainStackTargetSize                   = 64                                        {product} {ergonomic}
   size_t InitialHeapSize                          = 8388608                                   {product} {command line}
   size_t MarkStackSize                            = 4194304                                   {product} {ergonomic}
   size_t MaxHeapSize                              = 268435456                                 {product} {command line}
   size_t MaxNewSize                               = 160432128                                 {product} {ergonomic}
   size_t MinHeapDeltaBytes                        = 1048576                                   {product} {ergonomic}
   size_t MinHeapSize                              = 8388608                                   {product} {command line}
    uintx NonNMethodCodeHeapSize                   = 5839372                                {pd product} {ergonomic}
    uintx NonProfiledCodeHeapSize                  = 122909434                              {pd product} {ergonomic}
    uintx ProfiledCodeHeapSize                     = 122909434                              {pd product} {ergonomic}
    uintx ReservedCodeCacheSize                    = 251658240                              {pd product} {ergonomic}
     bool SegmentedCodeCache                       = true                                      {product} {ergonomic}
   size_t SoftMaxHeapSize                          = 268435456                              {manageable} {ergonomic}
     bool UseCompressedOops                        = true                           {product lp64_product} {ergonomic}
     bool UseG1GC                                  = true                                      {product} {ergonomic}
     bool UseLargePagesIndividualAllocation        = false                                  {pd product} {ergonomic}

Logging:
Log output configuration:
 #0: stdout all=warning uptime,level,tags foldmultilines=false
 #1: stderr all=off uptime,level,tags foldmultilines=false

Environment Variables:
JAVA_HOME=D:/mailon/Java/jdk-21.0.10
PATH=D:\Program Files\Git\mingw64\bin;D:\Program Files\Git\usr\bin;C:\Users\Usuario\bin;C:\Program Files\Common Files\Oracle\Java\javapath;C:\WINDOWS\system32;C:\WINDOWS;C:\WINDOWS\System32\Wbem;C:\WINDOWS\System32\WindowsPowerShell\v1.0;C:\WINDOWS\System32\OpenSSH;D:\Program Files\nodejs;D:\mailon\Usuario\Desktop\apache-maven-3.9.14-bin (1)\apache-maven-3.9.14\bin;D:\Program Files\Git\cmd;C:\Users\Usuario\AppData\Local\Programs\Trae\bin;D:\mailon\Usuario\Downloads\ffmpeg-8.0.1-essentials_build\ffmpeg-8.0.1-essentials_build\bin;D:\mailon\Usuario\Desktop\apache-maven-3.9.14-bin (1)\apache-maven-3.9.14\bin;C:\Users\Usuario\AppData\Roaming\npm
USERNAME=Usuario
TERM=xterm-256color
OS=Windows_NT
PROCESSOR_IDENTIFIER=Intel64 Family 6 Model 142 Stepping 12, GenuineIntel
TMP=C:\Users\Usuario\AppData\Local\Temp
TEMP=C:\Users\Usuario\AppData\Local\Temp




Periodic native trim disabled

---------------  S Y S T E M  ---------------

OS:
 Windows 11 , 64 bit Build 26100 (10.0.26100.8246)
OS uptime: 5 days 17:48 hours
Hyper-V role detected

CPU: total 8 (initial active 8) (4 cores per cpu, 2 threads per core) family 6 model 142 stepping 12 microcode 0xde, cx8, cmov, fxsr, ht, mmx, 3dnowpref, sse, sse2, sse3, ssse3, sse4.1, sse4.2, popcnt, lzcnt, tsc, tscinvbit, avx, avx2, aes, erms, clmul, bmi1, bmi2, adx, fma, vzeroupper, clflush, clflushopt, hv, rdtscp, f16c
Processor Information for all 8 processors :
  Max Mhz: 1800, Current Mhz: 1600, Mhz Limit: 1584

Memory: 4k page, system-wide physical 8040M (541M free)
TotalPageFile size 32616M (AvailPageFile size 60M)
current process WorkingSet (physical memory assigned to process): 58M, peak: 58M
current process commit charge ("private bytes"): 99M, peak: 127M

vm_info: Java HotSpot(TM) 64-Bit Server VM (21.0.10+8-LTS-217) for windows-amd64 JRE (21.0.10+8-LTS-217), built on 2025-12-18T14:59:28Z by "mach5run" with MS VC++ 17.13 (VS2022)

END.
