#
# There is insufficient memory for the Java Runtime Environment to continue.
# Native memory allocation (mmap) failed to map 36700160 bytes for G1 virtual space
# Possible reasons:
#   The system is out of physical RAM or swap space
#   The process is running with CompressedOops enabled, and the Java Heap may be blocking the growth of the native heap
# Possible solutions:
#   Reduce memory load on the system
#   Increase physical memory or swap space
#   Check if swap backing store is full
#   Decrease Java heap size (-Xmx/-Xms)
#   Decrease number of Java threads
#   Decrease Java thread stack sizes (-Xss)
#   Set larger code cache with -XX:ReservedCodeCacheSize=
#   JVM is running with Unscaled Compressed Oops mode in which the Java heap is
#     placed in the first 4GB address space. The Java Heap base address is the
#     maximum limit for the native heap growth. Please use -XX:HeapBaseMinAddress
#     to set the Java Heap base and to place the Java Heap above 4GB virtual address.
# This output file may be truncated or incomplete.
#
#  Out of Memory Error (os_windows.cpp:3604), pid=31376, tid=27496
#
# JRE version: Java(TM) SE Runtime Environment (21.0.10+8) (build 21.0.10+8-LTS-217)
# Java VM: Java HotSpot(TM) 64-Bit Server VM (21.0.10+8-LTS-217, mixed mode, sharing, tiered, compressed oops, compressed class ptrs, g1 gc, windows-amd64)
# No core dump will be written. Minidumps are not enabled by default on client versions of Windows
#

---------------  S U M M A R Y ------------

Command Line: -Dapplication.home=D:\mailon\Java\jdk-21.0.10 --add-modules=ALL-DEFAULT -Xms8m -Xmx256m -Djdk.module.main=jdk.compiler jdk.compiler/com.sun.tools.javac.Main @D:/mailon/Usuario/Desktop/Smartwallet/target/org.codehaus.plexus.compiler.javac.JavacCompiler11349000869981279200arguments

Host: Intel(R) Core(TM) i5-8265U CPU @ 1.60GHz, 8 cores, 7G,  Windows 11 , 64 bit Build 26100 (10.0.26100.8246)
Time: Fri Apr 24 03:42:50 2026 Hora oficial do Brasil elapsed time: 2.475683 seconds (0d 0h 0m 2s)

---------------  T H R E A D  ---------------

Current thread (0x0000016133e32b10):  VMThread "VM Thread"          [id=27496, stack(0x0000002697000000,0x0000002697100000) (1024K)]

Stack: [0x0000002697000000,0x0000002697100000]
Native frames: (J=compiled Java code, j=interpreted, Vv=VM code, C=native code)
V  [jvm.dll+0x6d0b59]
V  [jvm.dll+0x85fd56]
V  [jvm.dll+0x86224e]
V  [jvm.dll+0x862923]
V  [jvm.dll+0x282a16]
V  [jvm.dll+0x6cd405]
V  [jvm.dll+0x6c1f8a]
V  [jvm.dll+0x35bcc8]
V  [jvm.dll+0x363986]
V  [jvm.dll+0x3b4a3e]
V  [jvm.dll+0x3b4ce8]
V  [jvm.dll+0x32f98c]
V  [jvm.dll+0x32fa17]
V  [jvm.dll+0x373c9c]
V  [jvm.dll+0x372441]
V  [jvm.dll+0x32f0d1]
V  [jvm.dll+0x371aaa]
V  [jvm.dll+0x86861f]
V  [jvm.dll+0x8699ac]
V  [jvm.dll+0x869ee1]
V  [jvm.dll+0x86a183]
V  [jvm.dll+0x80a83d]
V  [jvm.dll+0x6cf3fd]
C  [ucrtbase.dll+0x37b0]
C  [KERNEL32.DLL+0x2e8d7]
C  [ntdll.dll+0x8c3fc]

VM_Operation (0x00000026969fd8d0): G1CollectForAllocation, mode: safepoint, requested by thread 0x0000016131a3fa10


---------------  P R O C E S S  ---------------

Threads class SMR info:
_java_thread_list=0x000001619450b140, length=12, elements={
0x0000016131a3fa10, 0x000001614e349930, 0x000001614e34d0c0, 0x000001614e3580c0,
0x000001614e358fb0, 0x000001614e35a730, 0x000001614e35e030, 0x000001614e366c50,
0x000001614e36c940, 0x000001614e65cfd0, 0x000001614e6e2e50, 0x0000016194c73db0
}

Java Threads: ( => current thread )
  0x0000016131a3fa10 JavaThread "main"                              [_thread_blocked, id=25352, stack(0x0000002696900000,0x0000002696a00000) (1024K)]
  0x000001614e349930 JavaThread "Reference Handler"          daemon [_thread_blocked, id=21660, stack(0x0000002697100000,0x0000002697200000) (1024K)]
  0x000001614e34d0c0 JavaThread "Finalizer"                  daemon [_thread_blocked, id=13220, stack(0x0000002697200000,0x0000002697300000) (1024K)]
  0x000001614e3580c0 JavaThread "Signal Dispatcher"          daemon [_thread_blocked, id=35020, stack(0x0000002697300000,0x0000002697400000) (1024K)]
  0x000001614e358fb0 JavaThread "Attach Listener"            daemon [_thread_blocked, id=35632, stack(0x0000002697400000,0x0000002697500000) (1024K)]
  0x000001614e35a730 JavaThread "Service Thread"             daemon [_thread_blocked, id=23196, stack(0x0000002697500000,0x0000002697600000) (1024K)]
  0x000001614e35e030 JavaThread "Monitor Deflation Thread"   daemon [_thread_blocked, id=10756, stack(0x0000002697600000,0x0000002697700000) (1024K)]
  0x000001614e366c50 JavaThread "C2 CompilerThread0"         daemon [_thread_blocked, id=20424, stack(0x0000002697700000,0x0000002697800000) (1024K)]
  0x000001614e36c940 JavaThread "C1 CompilerThread0"         daemon [_thread_blocked, id=20052, stack(0x0000002697800000,0x0000002697900000) (1024K)]
  0x000001614e65cfd0 JavaThread "Notification Thread"        daemon [_thread_blocked, id=32884, stack(0x0000002697900000,0x0000002697a00000) (1024K)]
  0x000001614e6e2e50 JavaThread "Common-Cleaner"             daemon [_thread_blocked, id=33752, stack(0x0000002697a00000,0x0000002697b00000) (1024K)]
  0x0000016194c73db0 JavaThread "C2 CompilerThread1"         daemon [_thread_blocked, id=31240, stack(0x0000002698100000,0x0000002698200000) (1024K)]
Total: 12

Other Threads:
=>0x0000016133e32b10 VMThread "VM Thread"                           [id=27496, stack(0x0000002697000000,0x0000002697100000) (1024K)]
  0x000001614e33cb20 WatcherThread "VM Periodic Task Thread"        [id=32324, stack(0x0000002696f00000,0x0000002697000000) (1024K)]
  0x0000016133d965c0 WorkerThread "GC Thread#0"                     [id=31340, stack(0x0000002696a00000,0x0000002696b00000) (1024K)]
  0x000001614e7d82c0 WorkerThread "GC Thread#1"                     [id=21204, stack(0x0000002697c00000,0x0000002697d00000) (1024K)]
  0x000001614e848a40 WorkerThread "GC Thread#2"                     [id=7172, stack(0x0000002697d00000,0x0000002697e00000) (1024K)]
  0x000001614e848df0 WorkerThread "GC Thread#3"                     [id=16812, stack(0x0000002697e00000,0x0000002697f00000) (1024K)]
  0x00000161941e13c0 WorkerThread "GC Thread#4"                     [id=35820, stack(0x0000002698000000,0x0000002698100000) (1024K)]
  0x000001619444ec50 WorkerThread "GC Thread#5"                     [id=20892, stack(0x0000002697b00000,0x0000002697c00000) (1024K)]
  0x00000161945e19a0 WorkerThread "GC Thread#6"                     [id=30592, stack(0x0000002698200000,0x0000002698300000) (1024K)]
  0x0000016133d994c0 ConcurrentGCThread "G1 Main Marker"            [id=18632, stack(0x0000002696b00000,0x0000002696c00000) (1024K)]
  0x0000016133d9ad60 WorkerThread "G1 Conc#0"                       [id=31596, stack(0x0000002696c00000,0x0000002696d00000) (1024K)]
  0x000001614e7d1f40 WorkerThread "G1 Conc#1"                       [id=34380, stack(0x0000002697f00000,0x0000002698000000) (1024K)]
  0x0000016133dd08b0 ConcurrentGCThread "G1 Refine#0"               [id=32400, stack(0x0000002696d00000,0x0000002696e00000) (1024K)]
  0x0000016133dd21f0 ConcurrentGCThread "G1 Service"                [id=5220, stack(0x0000002696e00000,0x0000002696f00000) (1024K)]
Total: 14

Threads with active compile tasks:
C2 CompilerThread0     2550 1551       4       jdk.nio.zipfs.ZipPath::getResolvedPath (42 bytes)
C2 CompilerThread1     2550 1553       4       jdk.internal.util.ArraysSupport::mismatch (73 bytes)
Total: 2

VM state: at safepoint (normal execution)

VM Mutex/Monitor currently owned by a thread:  ([mutex/lock_event])
[0x00007ffd69be9f10] Threads_lock - owner thread: 0x0000016133e32b10
[0x00007ffd69bea010] Heap_lock - owner thread: 0x0000016131a3fa10

Heap address: 0x00000000f0000000, size: 256 MB, Compressed Oops mode: 32-bit

CDS archive(s) mapped at: [0x000001614f000000-0x000001614fc90000-0x000001614fc90000), size 13172736, SharedBaseAddress: 0x000001614f000000, ArchiveRelocationMode: 1.
Compressed class space mapped at: 0x0000016150000000-0x0000016190000000, reserved size: 1073741824
Narrow klass base: 0x000001614f000000, Narrow klass shift: 0, Narrow klass range: 0x100000000

GC Precious Log:
 CardTable entry size: 512
 Card Set container configuration: InlinePtr #cards 5 size 8 Array Of Cards #cards 12 size 40 Howl #buckets 4 coarsen threshold 1843 Howl Bitmap #cards 512 size 80 coarsen threshold 460 Card regions per heap region 1 cards per card region 2048
 CPUs: 8 total, 8 available
 Memory: 8040M
 Large Page Support: Disabled
 NUMA Support: Disabled
 Compressed Oops: Enabled (32-bit)
 Heap Region Size: 1M
 Heap Min Capacity: 8M
 Heap Initial Capacity: 8M
 Heap Max Capacity: 256M
 Pre-touch: Disabled
 Parallel Workers: 8
 Concurrent Workers: 2
 Concurrent Refinement Workers: 8
 Periodic GC: Disabled

Heap:
 garbage-first heap   total 35840K, used 18483K [0x00000000f0000000, 0x0000000100000000)
  region size 1024K, 1 young (1024K), 1 survivors (1024K)
 Metaspace       used 9223K, committed 9408K, reserved 1114112K
  class space    used 1006K, committed 1088K, reserved 1048576K

Heap Regions: E=young(eden), S=young(survivor), O=old, HS=humongous(starts), HC=humongous(continues), CS=collection set, F=free, TAMS=top-at-mark-start, PB=parsable bottom
|   0|0x00000000f0000000, 0x00000000f0100000, 0x00000000f0100000|100%|HS|  |TAMS 0x00000000f0000000| PB 0x00000000f0000000| Complete 
|   1|0x00000000f0100000, 0x00000000f0200000, 0x00000000f0200000|100%|HC|  |TAMS 0x00000000f0100000| PB 0x00000000f0100000| Complete 
|   2|0x00000000f0200000, 0x00000000f0300000, 0x00000000f0300000|100%|HC|  |TAMS 0x00000000f0200000| PB 0x00000000f0200000| Complete 
|   3|0x00000000f0300000, 0x00000000f0400000, 0x00000000f0400000|100%| O|  |TAMS 0x00000000f0300000| PB 0x00000000f0300000| Untracked 
|   4|0x00000000f0400000, 0x00000000f0500000, 0x00000000f0500000|100%| O|  |TAMS 0x00000000f0400000| PB 0x00000000f0400000| Untracked 
|   5|0x00000000f0500000, 0x00000000f0600000, 0x00000000f0600000|100%| O|Cm|TAMS 0x00000000f0500000| PB 0x00000000f0500000| Complete 
|   6|0x00000000f0600000, 0x00000000f0700000, 0x00000000f0700000|100%| O|Cm|TAMS 0x00000000f0600000| PB 0x00000000f0600000| Complete 
|   7|0x00000000f0700000, 0x00000000f0800000, 0x00000000f0800000|100%| O|  |TAMS 0x00000000f0700000| PB 0x00000000f0700000| Untracked 
|   8|0x00000000f0800000, 0x00000000f0900000, 0x00000000f0900000|100%|HS|  |TAMS 0x00000000f0800000| PB 0x00000000f0800000| Complete 
|   9|0x00000000f0900000, 0x00000000f0a00000, 0x00000000f0a00000|100%|HC|  |TAMS 0x00000000f0900000| PB 0x00000000f0900000| Complete 
|  10|0x00000000f0a00000, 0x00000000f0b00000, 0x00000000f0b00000|100%|HC|  |TAMS 0x00000000f0a00000| PB 0x00000000f0a00000| Complete 
|  11|0x00000000f0b00000, 0x00000000f0c00000, 0x00000000f0c00000|100%| O|  |TAMS 0x00000000f0b00000| PB 0x00000000f0b00000| Untracked 
|  12|0x00000000f0c00000, 0x00000000f0d00000, 0x00000000f0d00000|100%| O|  |TAMS 0x00000000f0c00000| PB 0x00000000f0c00000| Untracked 
|  13|0x00000000f0d00000, 0x00000000f0e00000, 0x00000000f0e00000|100%| O|  |TAMS 0x00000000f0d00000| PB 0x00000000f0d00000| Untracked 
|  14|0x00000000f0e00000, 0x00000000f0f00000, 0x00000000f0f00000|100%| O|  |TAMS 0x00000000f0e00000| PB 0x00000000f0e00000| Untracked 
|  15|0x00000000f0f00000, 0x00000000f1000000, 0x00000000f1000000|100%| O|  |TAMS 0x00000000f0f00000| PB 0x00000000f0f00000| Untracked 
|  16|0x00000000f1000000, 0x00000000f1100000, 0x00000000f1100000|100%| O|  |TAMS 0x00000000f1000000| PB 0x00000000f1000000| Untracked 
|  17|0x00000000f1100000, 0x00000000f110ce38, 0x00000000f1200000|  5%| O|  |TAMS 0x00000000f1100000| PB 0x00000000f1100000| Untracked 
|  18|0x00000000f1200000, 0x00000000f1200000, 0x00000000f1300000|  0%| F|  |TAMS 0x00000000f1200000| PB 0x00000000f1200000| Untracked 
|  19|0x00000000f1300000, 0x00000000f1300000, 0x00000000f1400000|  0%| F|  |TAMS 0x00000000f1300000| PB 0x00000000f1300000| Untracked 
|  20|0x00000000f1400000, 0x00000000f1400000, 0x00000000f1500000|  0%| F|  |TAMS 0x00000000f1400000| PB 0x00000000f1400000| Untracked 
|  21|0x00000000f1500000, 0x00000000f1500000, 0x00000000f1600000|  0%| F|  |TAMS 0x00000000f1500000| PB 0x00000000f1500000| Untracked 
|  22|0x00000000f1600000, 0x00000000f1600000, 0x00000000f1700000|  0%| F|  |TAMS 0x00000000f1600000| PB 0x00000000f1600000| Untracked 
|  23|0x00000000f1700000, 0x00000000f1700000, 0x00000000f1800000|  0%| F|  |TAMS 0x00000000f1700000| PB 0x00000000f1700000| Untracked 
|  24|0x00000000f1800000, 0x00000000f1800000, 0x00000000f1900000|  0%| F|  |TAMS 0x00000000f1800000| PB 0x00000000f1800000| Untracked 
|  25|0x00000000f1900000, 0x00000000f1900000, 0x00000000f1a00000|  0%| F|  |TAMS 0x00000000f1900000| PB 0x00000000f1900000| Untracked 
|  26|0x00000000f1a00000, 0x00000000f1b00000, 0x00000000f1b00000|100%| S|CS|TAMS 0x00000000f1a00000| PB 0x00000000f1a00000| Complete 
|  27|0x00000000f1b00000, 0x00000000f1b00000, 0x00000000f1c00000|  0%| F|  |TAMS 0x00000000f1b00000| PB 0x00000000f1b00000| Untracked 
|  28|0x00000000f1c00000, 0x00000000f1c00000, 0x00000000f1d00000|  0%| F|  |TAMS 0x00000000f1c00000| PB 0x00000000f1c00000| Untracked 
|  29|0x00000000f1d00000, 0x00000000f1d00000, 0x00000000f1e00000|  0%| F|  |TAMS 0x00000000f1d00000| PB 0x00000000f1d00000| Untracked 
|  30|0x00000000f1e00000, 0x00000000f1e00000, 0x00000000f1f00000|  0%| F|  |TAMS 0x00000000f1e00000| PB 0x00000000f1e00000| Untracked 
|  31|0x00000000f1f00000, 0x00000000f1f00000, 0x00000000f2000000|  0%| F|  |TAMS 0x00000000f1f00000| PB 0x00000000f1f00000| Untracked 
|  32|0x00000000f2000000, 0x00000000f2000000, 0x00000000f2100000|  0%| F|  |TAMS 0x00000000f2000000| PB 0x00000000f2000000| Untracked 
|  33|0x00000000f2100000, 0x00000000f2100000, 0x00000000f2200000|  0%| F|  |TAMS 0x00000000f2100000| PB 0x00000000f2100000| Untracked 
|  34|0x00000000f2200000, 0x00000000f2200000, 0x00000000f2300000|  0%| F|  |TAMS 0x00000000f2200000| PB 0x00000000f2200000| Untracked 

Card table byte_map: [0x000001614b550000,0x000001614b5d0000] _byte_map_base: 0x000001614add0000

Marking Bits: (CMBitMap*) 0x0000016133d96be0
 Bits: [0x000001614b5d0000, 0x000001614b9d0000)

Polling page: 0x0000016131f00000

Metaspace:

Usage:
  Non-class:      8.02 MB used.
      Class:   1006.78 KB used.
       Both:      9.01 MB used.

Virtual space:
  Non-class space:       64.00 MB reserved,       8.12 MB ( 13%) committed,  1 nodes.
      Class space:        1.00 GB reserved,       1.06 MB ( <1%) committed,  1 nodes.
             Both:        1.06 GB reserved,       9.19 MB ( <1%) committed. 

Chunk freelists:
   Non-Class:  5.92 MB
       Class:  14.92 MB
        Both:  20.84 MB

MaxMetaspaceSize: unlimited
CompressedClassSpaceSize: 1.00 GB
Initial GC threshold: 21.00 MB
Current GC threshold: 21.00 MB
CDS: on
 - commit_granule_bytes: 65536.
 - commit_granule_words: 8192.
 - virtual_space_node_default_size: 8388608.
 - enlarge_chunks_in_place: 1.
 - use_allocation_guard: 0.


Internal statistics:

num_allocs_failed_limit: 0.
num_arena_births: 66.
num_arena_deaths: 0.
num_vsnodes_births: 2.
num_vsnodes_deaths: 0.
num_space_committed: 147.
num_space_uncommitted: 0.
num_chunks_returned_to_freelist: 0.
num_chunks_taken_from_freelist: 357.
num_chunk_merges: 0.
num_chunk_splits: 252.
num_chunks_enlarged: 202.
num_inconsistent_stats: 0.

CodeHeap 'non-profiled nmethods': size=120000Kb used=576Kb max_used=576Kb free=119423Kb
 bounds [0x0000016143cf0000, 0x0000016143f60000, 0x000001614b220000]
CodeHeap 'profiled nmethods': size=120000Kb used=2874Kb max_used=2874Kb free=117126Kb
 bounds [0x000001613c220000, 0x000001613c4f0000, 0x0000016143750000]
CodeHeap 'non-nmethods': size=5760Kb used=1367Kb max_used=1386Kb free=4392Kb
 bounds [0x0000016143750000, 0x00000161439c0000, 0x0000016143cf0000]
 total_blobs=1953 nmethods=1484 adapters=374
 compilation: enabled
              stopped_count=0, restarted_count=0
 full_count=0

Compilation events (20 events):
Event: 1.346 Thread 0x000001614e36c940 nmethod 1543 0x000001613c4ea890 code [0x000001613c4eac80, 0x000001613c4ec658]
Event: 1.348 Thread 0x000001614e366c50 nmethod 1540 0x0000016143d7e290 code [0x0000016143d7e460, 0x0000016143d7ea38]
Event: 1.364 Thread 0x0000016194c73db0 1544       4       jdk.nio.zipfs.ZipFileSystem$IndexNode::keyOf (37 bytes)
Event: 1.365 Thread 0x000001614e36c940 1545       3       java.util.Collections::emptyIterator (4 bytes)
Event: 1.365 Thread 0x000001614e36c940 nmethod 1545 0x000001613c4ed610 code [0x000001613c4ed7a0, 0x000001613c4ed898]
Event: 1.366 Thread 0x0000016194c73db0 nmethod 1544 0x0000016143d7ec10 code [0x0000016143d7ee00, 0x0000016143d7f328]
Event: 1.368 Thread 0x000001614e36c940 1546       3       java.time.chrono.IsoChronology::isLeapYear (36 bytes)
Event: 1.368 Thread 0x000001614e36c940 nmethod 1546 0x000001613c4ed910 code [0x000001613c4edac0, 0x000001613c4edd30]
Event: 1.368 Thread 0x000001614e36c940 1547       3       java.lang.String::<init> (16 bytes)
Event: 1.368 Thread 0x000001614e36c940 nmethod 1547 0x000001613c4ede10 code [0x000001613c4edfe0, 0x000001613c4ee298]
Event: 1.371 Thread 0x0000016194c73db0 1548       4       java.nio.Buffer::limit (65 bytes)
Event: 1.372 Thread 0x0000016194c73db0 nmethod 1548 0x0000016143d7f610 code [0x0000016143d7f7a0, 0x0000016143d7f8b8]
Event: 1.375 Thread 0x0000016194c73db0 1549       4       java.util.Arrays::binarySearch0 (83 bytes)
Event: 1.378 Thread 0x0000016194c73db0 nmethod 1549 0x0000016143d7f990 code [0x0000016143d7fb40, 0x0000016143d7fdd0]
Event: 1.379 Thread 0x000001614e36c940 1550       1       jdk.nio.zipfs.ZipFileSystem$Entry::fileKey (2 bytes)
Event: 1.380 Thread 0x000001614e36c940 nmethod 1550 0x0000016143d80090 code [0x0000016143d80220, 0x0000016143d802f0]
Event: 1.381 Thread 0x000001614e366c50 1551       4       jdk.nio.zipfs.ZipPath::getResolvedPath (42 bytes)
Event: 1.381 Thread 0x000001614e36c940 1552       3       java.lang.CharacterDataLatin1::getProperties (11 bytes)
Event: 1.381 Thread 0x0000016194c73db0 1553       4       jdk.internal.util.ArraysSupport::mismatch (73 bytes)
Event: 1.381 Thread 0x000001614e36c940 nmethod 1552 0x000001613c4ee410 code [0x000001613c4ee5c0, 0x000001613c4ee708]

GC Heap History (17 events):
Event: 0.185 GC heap before
{Heap before GC invocations=0 (full 0):
 garbage-first heap   total 8192K, used 6144K [0x00000000f0000000, 0x0000000100000000)
  region size 1024K, 3 young (3072K), 0 survivors (0K)
 Metaspace       used 2506K, committed 2624K, reserved 1114112K
  class space    used 278K, committed 320K, reserved 1048576K
}
Event: 0.188 GC heap after
{Heap after GC invocations=1 (full 0):
 garbage-first heap   total 8192K, used 4576K [0x00000000f0000000, 0x0000000100000000)
  region size 1024K, 1 young (1024K), 1 survivors (1024K)
 Metaspace       used 2506K, committed 2624K, reserved 1114112K
  class space    used 278K, committed 320K, reserved 1048576K
}
Event: 0.195 GC heap before
{Heap before GC invocations=1 (full 0):
 garbage-first heap   total 8192K, used 5600K [0x00000000f0000000, 0x0000000100000000)
  region size 1024K, 2 young (2048K), 1 survivors (1024K)
 Metaspace       used 2506K, committed 2624K, reserved 1114112K
  class space    used 278K, committed 320K, reserved 1048576K
}
Event: 0.198 GC heap after
{Heap after GC invocations=2 (full 0):
 garbage-first heap   total 8192K, used 5693K [0x00000000f0000000, 0x0000000100000000)
  region size 1024K, 1 young (1024K), 1 survivors (1024K)
 Metaspace       used 2506K, committed 2624K, reserved 1114112K
  class space    used 278K, committed 320K, reserved 1048576K
}
Event: 0.205 GC heap before
{Heap before GC invocations=3 (full 0):
 garbage-first heap   total 12288K, used 6717K [0x00000000f0000000, 0x0000000100000000)
  region size 1024K, 2 young (2048K), 1 survivors (1024K)
 Metaspace       used 2506K, committed 2624K, reserved 1114112K
  class space    used 278K, committed 320K, reserved 1048576K
}
Event: 0.208 GC heap after
{Heap after GC invocations=4 (full 0):
 garbage-first heap   total 12288K, used 6734K [0x00000000f0000000, 0x0000000100000000)
  region size 1024K, 1 young (1024K), 1 survivors (1024K)
 Metaspace       used 2506K, committed 2624K, reserved 1114112K
  class space    used 278K, committed 320K, reserved 1048576K
}
Event: 0.214 GC heap before
{Heap before GC invocations=4 (full 0):
 garbage-first heap   total 12288K, used 6734K [0x00000000f0000000, 0x0000000100000000)
  region size 1024K, 2 young (2048K), 1 survivors (1024K)
 Metaspace       used 2514K, committed 2624K, reserved 1114112K
  class space    used 280K, committed 320K, reserved 1048576K
}
Event: 0.217 GC heap after
{Heap after GC invocations=5 (full 0):
 garbage-first heap   total 12288K, used 7817K [0x00000000f0000000, 0x0000000100000000)
  region size 1024K, 1 young (1024K), 1 survivors (1024K)
 Metaspace       used 2514K, committed 2624K, reserved 1114112K
  class space    used 280K, committed 320K, reserved 1048576K
}
Event: 0.227 GC heap before
{Heap before GC invocations=6 (full 0):
 garbage-first heap   total 15360K, used 8841K [0x00000000f0000000, 0x0000000100000000)
  region size 1024K, 2 young (2048K), 1 survivors (1024K)
 Metaspace       used 2524K, committed 2624K, reserved 1114112K
  class space    used 280K, committed 320K, reserved 1048576K
}
Event: 0.229 GC heap after
{Heap after GC invocations=7 (full 0):
 garbage-first heap   total 35840K, used 8219K [0x00000000f0000000, 0x0000000100000000)
  region size 1024K, 1 young (1024K), 1 survivors (1024K)
 Metaspace       used 2524K, committed 2624K, reserved 1114112K
  class space    used 280K, committed 320K, reserved 1048576K
}
Event: 0.349 GC heap before
{Heap before GC invocations=7 (full 0):
 garbage-first heap   total 35840K, used 19483K [0x00000000f0000000, 0x0000000100000000)
  region size 1024K, 9 young (9216K), 1 survivors (1024K)
 Metaspace       used 3127K, committed 3328K, reserved 1114112K
  class space    used 342K, committed 448K, reserved 1048576K
}
Event: 0.355 GC heap after
{Heap after GC invocations=8 (full 0):
 garbage-first heap   total 35840K, used 15734K [0x00000000f0000000, 0x0000000100000000)
  region size 1024K, 2 young (2048K), 2 survivors (2048K)
 Metaspace       used 3127K, committed 3328K, reserved 1114112K
  class space    used 342K, committed 448K, reserved 1048576K
}
Event: 0.462 GC heap before
{Heap before GC invocations=8 (full 0):
 garbage-first heap   total 35840K, used 20854K [0x00000000f0000000, 0x0000000100000000)
  region size 1024K, 8 young (8192K), 2 survivors (2048K)
 Metaspace       used 3196K, committed 3392K, reserved 1114112K
  class space    used 342K, committed 448K, reserved 1048576K
}
Event: 0.465 GC heap after
{Heap after GC invocations=9 (full 0):
 garbage-first heap   total 35840K, used 16312K [0x00000000f0000000, 0x0000000100000000)
  region size 1024K, 1 young (1024K), 1 survivors (1024K)
 Metaspace       used 3196K, committed 3392K, reserved 1114112K
  class space    used 342K, committed 448K, reserved 1048576K
}
Event: 0.918 GC heap before
{Heap before GC invocations=9 (full 0):
 garbage-first heap   total 35840K, used 21432K [0x00000000f0000000, 0x0000000100000000)
  region size 1024K, 7 young (7168K), 1 survivors (1024K)
 Metaspace       used 7257K, committed 7488K, reserved 1114112K
  class space    used 822K, committed 960K, reserved 1048576K
}
Event: 0.920 GC heap after
{Heap after GC invocations=10 (full 0):
 garbage-first heap   total 35840K, used 17152K [0x00000000f0000000, 0x0000000100000000)
  region size 1024K, 1 young (1024K), 1 survivors (1024K)
 Metaspace       used 7257K, committed 7488K, reserved 1114112K
  class space    used 822K, committed 960K, reserved 1048576K
}
Event: 1.382 GC heap before
{Heap before GC invocations=11 (full 0):
 garbage-first heap   total 35840K, used 23296K [0x00000000f0000000, 0x0000000100000000)
  region size 1024K, 8 young (8192K), 1 survivors (1024K)
 Metaspace       used 9223K, committed 9408K, reserved 1114112K
  class space    used 1006K, committed 1088K, reserved 1048576K
}

Dll operation events (6 events):
Event: 0.008 Loaded shared library D:\mailon\Java\jdk-21.0.10\bin\java.dll
Event: 0.033 Loaded shared library D:\mailon\Java\jdk-21.0.10\bin\jsvml.dll
Event: 0.066 Loaded shared library D:\mailon\Java\jdk-21.0.10\bin\jimage.dll
Event: 0.126 Loaded shared library D:\mailon\Java\jdk-21.0.10\bin\net.dll
Event: 0.128 Loaded shared library D:\mailon\Java\jdk-21.0.10\bin\nio.dll
Event: 0.291 Loaded shared library D:\mailon\Java\jdk-21.0.10\bin\zip.dll

Deoptimization events (20 events):
Event: 1.302 Thread 0x0000016131a3fa10 DEOPT PACKING pc=0x0000016143d78f8c sp=0x00000026969fe100
Event: 1.302 Thread 0x0000016131a3fa10 DEOPT UNPACKING pc=0x00000161437a46a2 sp=0x00000026969fe088 mode 2
Event: 1.302 Thread 0x0000016131a3fa10 Uncommon trap: trap_request=0xffffffbe fr.pc=0x0000016143d78f8c relative=0x000000000000006c
Event: 1.302 Thread 0x0000016131a3fa10 Uncommon trap: reason=profile_predicate action=maybe_recompile pc=0x0000016143d78f8c method=jdk.nio.zipfs.ZipPath.getResolved()[B @ 8 c2
Event: 1.302 Thread 0x0000016131a3fa10 DEOPT PACKING pc=0x0000016143d78f8c sp=0x00000026969fe100
Event: 1.302 Thread 0x0000016131a3fa10 DEOPT UNPACKING pc=0x00000161437a46a2 sp=0x00000026969fe088 mode 2
Event: 1.304 Thread 0x0000016131a3fa10 Uncommon trap: trap_request=0xffffffde fr.pc=0x0000016143d36880 relative=0x0000000000000220
Event: 1.305 Thread 0x0000016131a3fa10 Uncommon trap: reason=class_check action=maybe_recompile pc=0x0000016143d36880 method=java.util.regex.Pattern$BmpCharProperty.match(Ljava/util/regex/Matcher;ILjava/lang/CharSequence;)Z @ 19 c2
Event: 1.305 Thread 0x0000016131a3fa10 DEOPT PACKING pc=0x0000016143d36880 sp=0x00000026969fe0b0
Event: 1.305 Thread 0x0000016131a3fa10 DEOPT UNPACKING pc=0x00000161437a46a2 sp=0x00000026969fe068 mode 2
Event: 1.312 Thread 0x0000016131a3fa10 DEOPT PACKING pc=0x000001613c3683d5 sp=0x00000026969fdbe0
Event: 1.312 Thread 0x0000016131a3fa10 DEOPT UNPACKING pc=0x00000161437a4e42 sp=0x00000026969fd050 mode 0
Event: 1.312 Thread 0x0000016131a3fa10 Uncommon trap: trap_request=0xffffffde fr.pc=0x0000016143d36880 relative=0x0000000000000220
Event: 1.312 Thread 0x0000016131a3fa10 Uncommon trap: reason=class_check action=maybe_recompile pc=0x0000016143d36880 method=java.util.regex.Pattern$BmpCharProperty.match(Ljava/util/regex/Matcher;ILjava/lang/CharSequence;)Z @ 19 c2
Event: 1.312 Thread 0x0000016131a3fa10 DEOPT PACKING pc=0x0000016143d36880 sp=0x00000026969fe0b0
Event: 1.312 Thread 0x0000016131a3fa10 DEOPT UNPACKING pc=0x00000161437a46a2 sp=0x00000026969fe068 mode 2
Event: 1.367 Thread 0x0000016131a3fa10 Uncommon trap: trap_request=0xffffffde fr.pc=0x0000016143d36880 relative=0x0000000000000220
Event: 1.367 Thread 0x0000016131a3fa10 Uncommon trap: reason=class_check action=maybe_recompile pc=0x0000016143d36880 method=java.util.regex.Pattern$BmpCharProperty.match(Ljava/util/regex/Matcher;ILjava/lang/CharSequence;)Z @ 19 c2
Event: 1.367 Thread 0x0000016131a3fa10 DEOPT PACKING pc=0x0000016143d36880 sp=0x00000026969fe0b0
Event: 1.367 Thread 0x0000016131a3fa10 DEOPT UNPACKING pc=0x00000161437a46a2 sp=0x00000026969fe068 mode 2

Classes loaded (20 events):
Event: 1.283 Loading class java/util/RegularEnumSet$EnumSetIterator
Event: 1.283 Loading class java/util/RegularEnumSet$EnumSetIterator done
Event: 1.284 Loading class java/nio/file/FileVisitor
Event: 1.285 Loading class java/nio/file/FileVisitor done
Event: 1.290 Loading class java/nio/file/SimpleFileVisitor
Event: 1.290 Loading class java/nio/file/SimpleFileVisitor done
Event: 1.290 Loading class java/nio/file/FileTreeWalker
Event: 1.291 Loading class java/nio/file/FileTreeWalker done
Event: 1.291 Loading class java/nio/file/FileTreeWalker$DirectoryNode
Event: 1.291 Loading class java/nio/file/FileTreeWalker$DirectoryNode done
Event: 1.291 Loading class java/nio/file/FileTreeWalker$Event
Event: 1.291 Loading class java/nio/file/FileTreeWalker$Event done
Event: 1.291 Loading class java/nio/file/FileTreeWalker$EventType
Event: 1.291 Loading class java/nio/file/FileTreeWalker$EventType done
Event: 1.291 Loading class java/nio/file/Files$3
Event: 1.291 Loading class java/nio/file/Files$3 done
Event: 1.291 Loading class java/nio/file/FileVisitResult
Event: 1.291 Loading class java/nio/file/FileVisitResult done
Event: 1.291 Loading class sun/nio/fs/BasicFileAttributesHolder
Event: 1.291 Loading class sun/nio/fs/BasicFileAttributesHolder done

Classes unloaded (0 events):
No events

Classes redefined (0 events):
No events

Internal exceptions (20 events):
Event: 0.155 Thread 0x0000016131a3fa10 Exception <a 'java/lang/NoSuchMethodError'{0x00000000f0559a68}: 'int java.lang.invoke.DirectMethodHandle$Holder.invokeVirtual(java.lang.Object, java.lang.Object, java.lang.Object)'> (0x00000000f0559a68) 
thrown [s\open\src\hotspot\share\interpreter\linkResolver.cpp, line 773]
Event: 0.156 Thread 0x0000016131a3fa10 Exception <a 'java/lang/NoSuchMethodError'{0x00000000f055f6b8}: 'void java.lang.invoke.DirectMethodHandle$Holder.invokeInterface(java.lang.Object, java.lang.Object, java.lang.Object)'> (0x00000000f055f6b8) 
thrown [s\open\src\hotspot\share\interpreter\linkResolver.cpp, line 773]
Event: 0.158 Thread 0x0000016131a3fa10 Exception <a 'java/lang/NoSuchMethodError'{0x00000000f056a420}: 'int java.lang.invoke.DirectMethodHandle$Holder.invokeStaticInit(java.lang.Object, java.lang.Object, java.lang.Object)'> (0x00000000f056a420) 
thrown [s\open\src\hotspot\share\interpreter\linkResolver.cpp, line 773]
Event: 0.238 Thread 0x0000016131a3fa10 Exception <a 'java/lang/NoSuchMethodError'{0x00000000f2269160}: 'int java.lang.invoke.DirectMethodHandle$Holder.invokeSpecial(java.lang.Object, java.lang.Object, java.lang.Object)'> (0x00000000f2269160) 
thrown [s\open\src\hotspot\share\interpreter\linkResolver.cpp, line 773]
Event: 0.252 Thread 0x0000016131a3fa10 Implicit null exception at 0x0000016143d1de60 to 0x0000016143d1e0a4
Event: 0.316 Thread 0x0000016131a3fa10 Exception <a 'java/lang/NoSuchMethodError'{0x00000000f1c11130}: 'java.lang.Object java.lang.invoke.DirectMethodHandle$Holder.invokeVirtual(java.lang.Object, java.lang.Object, java.lang.Object)'> (0x00000000f1c11130) 
thrown [s\open\src\hotspot\share\interpreter\linkResolver.cpp, line 773]
Event: 0.319 Thread 0x0000016131a3fa10 Exception <a 'java/lang/NoSuchMethodError'{0x00000000f1c1ac70}: 'int java.lang.invoke.DirectMethodHandle$Holder.invokeInterface(java.lang.Object, java.lang.Object)'> (0x00000000f1c1ac70) 
thrown [s\open\src\hotspot\share\interpreter\linkResolver.cpp, line 773]
Event: 0.586 Thread 0x0000016131a3fa10 Exception <a 'sun/nio/fs/WindowsException'{0x00000000f1e21b98}> (0x00000000f1e21b98) 
thrown [s\open\src\hotspot\share\prims\jni.cpp, line 520]
Event: 0.826 Thread 0x0000016131a3fa10 Exception <a 'java/lang/NoSuchMethodError'{0x00000000f1d22538}: 'int java.lang.invoke.DirectMethodHandle$Holder.invokeStaticInit(java.lang.Object, java.lang.Object)'> (0x00000000f1d22538) 
thrown [s\open\src\hotspot\share\interpreter\linkResolver.cpp, line 773]
Event: 0.913 Thread 0x0000016131a3fa10 Exception <a 'java/lang/NoSuchMethodError'{0x00000000f1dd5e38}: 'int java.lang.invoke.DirectMethodHandle$Holder.invokeVirtual(java.lang.Object, java.lang.Object)'> (0x00000000f1dd5e38) 
thrown [s\open\src\hotspot\share\interpreter\linkResolver.cpp, line 773]
Event: 0.917 Thread 0x0000016131a3fa10 Exception <a 'java/lang/NoSuchMethodError'{0x00000000f1df7438}: 'java.lang.Object java.lang.invoke.DirectMethodHandle$Holder.newInvokeSpecial(java.lang.Object, java.lang.Object, java.lang.Object, java.lang.Object, java.lang.Object)'> (0x00000000f1df7438) 
thrown [s\open\src\hotspot\share\interpreter\linkResolver.cpp, line 773]
Event: 0.921 Thread 0x0000016131a3fa10 Exception <a 'java/lang/NoSuchMethodError'{0x00000000f2204618}: 'java.lang.Object java.lang.invoke.DirectMethodHandle$Holder.newInvokeSpecial(java.lang.Object, java.lang.Object, java.lang.Object, java.lang.Object, java.lang.Object, java.lang.Object)'> (0x00000000f2204618) 
thrown [s\open\src\hotspot\share\interpreter\linkResolver.cpp, line 773]
Event: 0.942 Thread 0x0000016131a3fa10 Exception <a 'sun/nio/fs/WindowsException'{0x00000000f2250aa8}> (0x00000000f2250aa8) 
thrown [s\open\src\hotspot\share\prims\jni.cpp, line 520]
Event: 0.982 Thread 0x0000016131a3fa10 Exception <a 'java/lang/NoSuchMethodError'{0x00000000f22a1d10}: 'java.lang.Object java.lang.invoke.DirectMethodHandle$Holder.invokeInterface(java.lang.Object, java.lang.Object)'> (0x00000000f22a1d10) 
thrown [s\open\src\hotspot\share\interpreter\linkResolver.cpp, line 773]
Event: 1.144 Thread 0x0000016131a3fa10 Exception <a 'sun/nio/fs/WindowsException'{0x00000000f21b2e08}> (0x00000000f21b2e08) 
thrown [s\open\src\hotspot\share\prims\jni.cpp, line 520]
Event: 1.144 Thread 0x0000016131a3fa10 Exception <a 'sun/nio/fs/WindowsException'{0x00000000f21b3678}> (0x00000000f21b3678) 
thrown [s\open\src\hotspot\share\prims\jni.cpp, line 520]
Event: 1.145 Thread 0x0000016131a3fa10 Exception <a 'sun/nio/fs/WindowsException'{0x00000000f21b3f80}> (0x00000000f21b3f80) 
thrown [s\open\src\hotspot\share\prims\jni.cpp, line 520]
Event: 1.186 Thread 0x0000016131a3fa10 Exception <a 'java/lang/NoSuchMethodError'{0x00000000f20132d0}: 'java.lang.Object java.lang.invoke.DirectMethodHandle$Holder.invokeSpecial(java.lang.Object, java.lang.Object, java.lang.Object, int, int)'> (0x00000000f20132d0) 
thrown [s\open\src\hotspot\share\interpreter\linkResolver.cpp, line 773]
Event: 1.187 Thread 0x0000016131a3fa10 Exception <a 'java/lang/NoSuchMethodError'{0x00000000f20194d0}: 'java.lang.Object java.lang.invoke.DirectMethodHandle$Holder.invokeVirtual(java.lang.Object, java.lang.Object, int)'> (0x00000000f20194d0) 
thrown [s\open\src\hotspot\share\interpreter\linkResolver.cpp, line 773]
Event: 1.288 Thread 0x0000016131a3fa10 Exception <a 'java/lang/NoSuchMethodError'{0x00000000f1f7f108}: 'void java.lang.invoke.DirectMethodHandle$Holder.invokeSpecial(java.lang.Object, java.lang.Object, java.lang.Object, java.lang.Object, java.lang.Object)'> (0x00000000f1f7f108) 
thrown [s\open\src\hotspot\share\interpreter\linkResolver.cpp, line 773]

ZGC Phase Switch (0 events):
No events

VM Operations (20 events):
Event: 0.229 Executing VM operation: G1CollectForAllocation (G1 Evacuation Pause) done
Event: 0.322 Executing VM operation: HandshakeAllThreads (Deoptimize)
Event: 0.322 Executing VM operation: HandshakeAllThreads (Deoptimize) done
Event: 0.349 Executing VM operation: G1CollectForAllocation (G1 Evacuation Pause)
Event: 0.355 Executing VM operation: G1CollectForAllocation (G1 Evacuation Pause) done
Event: 0.461 Executing VM operation: G1CollectForAllocation (G1 Evacuation Pause)
Event: 0.465 Executing VM operation: G1CollectForAllocation (G1 Evacuation Pause) done
Event: 0.918 Executing VM operation: G1CollectForAllocation (G1 Evacuation Pause)
Event: 0.920 Executing VM operation: G1CollectForAllocation (G1 Evacuation Pause) done
Event: 0.926 Executing VM operation: G1PauseRemark
Event: 0.927 Executing VM operation: G1PauseRemark done
Event: 0.929 Executing VM operation: G1PauseCleanup
Event: 0.929 Executing VM operation: G1PauseCleanup done
Event: 0.994 Executing VM operation: HandshakeAllThreads (Deoptimize)
Event: 0.994 Executing VM operation: HandshakeAllThreads (Deoptimize) done
Event: 0.998 Executing VM operation: HandshakeAllThreads (Deoptimize)
Event: 0.998 Executing VM operation: HandshakeAllThreads (Deoptimize) done
Event: 1.137 Executing VM operation: HandshakeAllThreads (Deoptimize)
Event: 1.137 Executing VM operation: HandshakeAllThreads (Deoptimize) done
Event: 1.382 Executing VM operation: G1CollectForAllocation (G1 Evacuation Pause)

Events (20 events):
Event: 0.797 Thread 0x000001614e7cf8c0 Thread exited: 0x000001614e7cf8c0
Event: 0.927 Thread 0x0000016133e32b10 flushing nmethod 0x000001613c221190
Event: 0.927 Thread 0x0000016133e32b10 flushing nmethod 0x000001613c2a3f10
Event: 0.927 Thread 0x0000016133e32b10 flushing nmethod 0x000001613c2a4790
Event: 0.927 Thread 0x0000016133e32b10 flushing nmethod 0x000001613c2a4d10
Event: 0.927 Thread 0x0000016133e32b10 flushing nmethod 0x000001613c2a5190
Event: 0.927 Thread 0x0000016133e32b10 flushing nmethod 0x000001613c2a5690
Event: 0.927 Thread 0x0000016133e32b10 flushing nmethod 0x000001613c2a6090
Event: 0.927 Thread 0x0000016133e32b10 flushing nmethod 0x000001613c2a6610
Event: 0.927 Thread 0x0000016133e32b10 flushing nmethod 0x000001613c2a6990
Event: 0.927 Thread 0x0000016133e32b10 flushing nmethod 0x000001613c2a6f10
Event: 0.927 Thread 0x0000016133e32b10 flushing nmethod 0x000001613c2a7490
Event: 0.927 Thread 0x0000016133e32b10 flushing nmethod 0x000001613c2a7a10
Event: 0.927 Thread 0x0000016133e32b10 flushing nmethod 0x000001613c2a7e10
Event: 0.927 Thread 0x0000016133e32b10 flushing nmethod 0x000001613c2a8390
Event: 0.927 Thread 0x0000016133e32b10 flushing nmethod 0x000001613c2a8910
Event: 0.927 Thread 0x0000016133e32b10 flushing nmethod 0x000001613c2aab10
Event: 0.927 Thread 0x0000016133e32b10 flushing nmethod 0x000001613c233390
Event: 0.927 Thread 0x0000016133e32b10 flushing nmethod 0x000001613c29f910
Event: 1.298 Thread 0x0000016194c73db0 Thread added: 0x0000016194c73db0


Dynamic libraries:
0x00007ff6d74f0000 - 0x00007ff6d74f8000 	D:\mailon\Java\jdk-21.0.10\bin\javac.exe
0x00007ffe20340000 - 0x00007ffe205a7000 	C:\WINDOWS\SYSTEM32\ntdll.dll
0x00007ffe1f710000 - 0x00007ffe1f7d9000 	C:\WINDOWS\System32\KERNEL32.DLL
0x00007ffe1ce40000 - 0x00007ffe1d234000 	C:\WINDOWS\System32\KERNELBASE.dll
0x00007ffe1df80000 - 0x00007ffe1e0cb000 	C:\WINDOWS\System32\ucrtbase.dll
0x00007ffe175d0000 - 0x00007ffe175e9000 	D:\mailon\Java\jdk-21.0.10\bin\jli.dll
0x00007ffe175b0000 - 0x00007ffe175ce000 	D:\mailon\Java\jdk-21.0.10\bin\VCRUNTIME140.dll
0x00007ffe20240000 - 0x00007ffe202f6000 	C:\WINDOWS\System32\ADVAPI32.dll
0x00007ffe1f540000 - 0x00007ffe1f5e9000 	C:\WINDOWS\System32\msvcrt.dll
0x00007ffe1f7e0000 - 0x00007ffe1f887000 	C:\WINDOWS\System32\sechost.dll
0x00007ffe1f5f0000 - 0x00007ffe1f708000 	C:\WINDOWS\System32\RPCRT4.dll
0x00007ffe1ee10000 - 0x00007ffe1efd5000 	C:\WINDOWS\System32\USER32.dll
0x00007ffe1ce10000 - 0x00007ffe1ce37000 	C:\WINDOWS\System32\win32u.dll
0x00007ffe1f890000 - 0x00007ffe1f8bb000 	C:\WINDOWS\System32\GDI32.dll
0x00007ffe0c8f0000 - 0x00007ffe0cb83000 	C:\WINDOWS\WinSxS\amd64_microsoft.windows.common-controls_6595b64144ccf1df_6.0.26100.8115_none_3e075c82e3354f9c\COMCTL32.dll
0x00007ffe1dab0000 - 0x00007ffe1dbdb000 	C:\WINDOWS\System32\gdi32full.dll
0x00007ffe1ded0000 - 0x00007ffe1df73000 	C:\WINDOWS\System32\msvcp_win.dll
0x00007ffe16170000 - 0x00007ffe1617b000 	C:\WINDOWS\SYSTEM32\VERSION.dll
0x00007ffe1e170000 - 0x00007ffe1e1a2000 	C:\WINDOWS\System32\IMM32.DLL
0x00007ffe17510000 - 0x00007ffe1751c000 	D:\mailon\Java\jdk-21.0.10\bin\vcruntime140_1.dll
0x00007ffe02390000 - 0x00007ffe0241d000 	D:\mailon\Java\jdk-21.0.10\bin\msvcp140.dll
0x00007ffd68fa0000 - 0x00007ffd69cc7000 	D:\mailon\Java\jdk-21.0.10\bin\server\jvm.dll
0x00007ffe201b0000 - 0x00007ffe20230000 	C:\WINDOWS\System32\WS2_32.dll
0x00007ffe1ca90000 - 0x00007ffe1caee000 	C:\WINDOWS\SYSTEM32\POWRPROF.dll
0x00007ffdfca90000 - 0x00007ffdfcac6000 	C:\WINDOWS\SYSTEM32\WINMM.dll
0x00007ffe1ca70000 - 0x00007ffe1ca84000 	C:\WINDOWS\SYSTEM32\UMPDC.dll
0x00007ffe1b970000 - 0x00007ffe1b98b000 	C:\WINDOWS\SYSTEM32\kernel.appcore.dll
0x00007ffe17500000 - 0x00007ffe1750a000 	D:\mailon\Java\jdk-21.0.10\bin\jimage.dll
0x00007ffe0d0b0000 - 0x00007ffe0d2f2000 	C:\WINDOWS\SYSTEM32\DBGHELP.DLL
0x00007ffe1e7e0000 - 0x00007ffe1eb62000 	C:\WINDOWS\System32\combase.dll
0x00007ffe1f0d0000 - 0x00007ffe1f1a8000 	C:\WINDOWS\System32\OLEAUT32.dll
0x00007ffe033e0000 - 0x00007ffe0341b000 	C:\WINDOWS\SYSTEM32\dbgcore.DLL
0x00007ffe1dd60000 - 0x00007ffe1de05000 	C:\WINDOWS\System32\bcryptPrimitives.dll
0x00007ffe10450000 - 0x00007ffe10471000 	D:\mailon\Java\jdk-21.0.10\bin\java.dll
0x00007ffe1fa40000 - 0x00007ffe201a7000 	C:\WINDOWS\System32\SHELL32.dll
0x00007ffe1cc10000 - 0x00007ffe1cd7a000 	C:\WINDOWS\System32\wintypes.dll
0x00007ffe1d240000 - 0x00007ffe1daa8000 	C:\WINDOWS\System32\windows.storage.dll
0x00007ffe1f220000 - 0x00007ffe1f318000 	C:\WINDOWS\System32\SHCORE.dll
0x00007ffe1f9d0000 - 0x00007ffe1fa36000 	C:\WINDOWS\System32\shlwapi.dll
0x00007ffe1cb30000 - 0x00007ffe1cb59000 	C:\WINDOWS\SYSTEM32\profapi.dll
0x00007ffe00160000 - 0x00007ffe00237000 	D:\mailon\Java\jdk-21.0.10\bin\jsvml.dll
0x00007ffe10380000 - 0x00007ffe10391000 	D:\mailon\Java\jdk-21.0.10\bin\net.dll
0x00007ffe15b50000 - 0x00007ffe15c7d000 	C:\WINDOWS\SYSTEM32\WINHTTP.dll
0x00007ffe1bed0000 - 0x00007ffe1bf3c000 	C:\WINDOWS\system32\mswsock.dll
0x00007ffe0e890000 - 0x00007ffe0e8a6000 	D:\mailon\Java\jdk-21.0.10\bin\nio.dll
0x00007ffe0e870000 - 0x00007ffe0e888000 	D:\mailon\Java\jdk-21.0.10\bin\zip.dll

dbghelp: loaded successfully - version: 4.0.5 - missing functions: none
symbol engine: initialized successfully - sym options: 0x614 - pdb path: .;D:\mailon\Java\jdk-21.0.10\bin;C:\WINDOWS\SYSTEM32;C:\WINDOWS\WinSxS\amd64_microsoft.windows.common-controls_6595b64144ccf1df_6.0.26100.8115_none_3e075c82e3354f9c;D:\mailon\Java\jdk-21.0.10\bin\server

VM Arguments:
jvm_args: -Dapplication.home=D:\mailon\Java\jdk-21.0.10 --add-modules=ALL-DEFAULT -Xms8m -Xmx256m -Djdk.module.main=jdk.compiler 
java_command: jdk.compiler/com.sun.tools.javac.Main @D:/mailon/Usuario/Desktop/Smartwallet/target/org.codehaus.plexus.compiler.javac.JavacCompiler11349000869981279200arguments
java_class_path (initial): <not set>
Launcher Type: SUN_STANDARD

[Global flags]
     intx CICompilerCount                          = 4                                         {product} {ergonomic}
     uint ConcGCThreads                            = 2                                         {product} {ergonomic}
     uint G1ConcRefinementThreads                  = 8                                         {product} {ergonomic}
   size_t G1HeapRegionSize                         = 1048576                                   {product} {ergonomic}
    uintx GCDrainStackTargetSize                   = 64                                        {product} {ergonomic}
   size_t InitialHeapSize                          = 8388608                                   {product} {command line}
   size_t MarkStackSize                            = 4194304                                   {product} {ergonomic}
   size_t MaxHeapSize                              = 268435456                                 {product} {command line}
   size_t MaxNewSize                               = 160432128                                 {product} {ergonomic}
   size_t MinHeapDeltaBytes                        = 1048576                                   {product} {ergonomic}
   size_t MinHeapSize                              = 8388608                                   {product} {command line}
    uintx NonNMethodCodeHeapSize                   = 5839372                                {pd product} {ergonomic}
    uintx NonProfiledCodeHeapSize                  = 122909434                              {pd product} {ergonomic}
    uintx ProfiledCodeHeapSize                     = 122909434                              {pd product} {ergonomic}
    uintx ReservedCodeCacheSize                    = 251658240                              {pd product} {ergonomic}
     bool SegmentedCodeCache                       = true                                      {product} {ergonomic}
   size_t SoftMaxHeapSize                          = 268435456                              {manageable} {ergonomic}
     bool UseCompressedOops                        = true                           {product lp64_product} {ergonomic}
     bool UseG1GC                                  = true                                      {product} {ergonomic}
     bool UseLargePagesIndividualAllocation        = false                                  {pd product} {ergonomic}

Logging:
Log output configuration:
 #0: stdout all=warning uptime,level,tags foldmultilines=false
 #1: stderr all=off uptime,level,tags foldmultilines=false

Environment Variables:
JAVA_HOME=D:/mailon/Java/jdk-21.0.10
PATH=D:\Program Files\Git\mingw64\bin;D:\Program Files\Git\usr\bin;C:\Users\Usuario\bin;C:\Program Files\Common Files\Oracle\Java\javapath;C:\WINDOWS\system32;C:\WINDOWS;C:\WINDOWS\System32\Wbem;C:\WINDOWS\System32\WindowsPowerShell\v1.0;C:\WINDOWS\System32\OpenSSH;D:\Program Files\nodejs;D:\mailon\Usuario\Desktop\apache-maven-3.9.14-bin (1)\apache-maven-3.9.14\bin;D:\Program Files\Git\cmd;C:\Users\Usuario\AppData\Local\Programs\Trae\bin;D:\mailon\Usuario\Downloads\ffmpeg-8.0.1-essentials_build\ffmpeg-8.0.1-essentials_build\bin;D:\mailon\Usuario\Desktop\apache-maven-3.9.14-bin (1)\apache-maven-3.9.14\bin;C:\Users\Usuario\AppData\Roaming\npm
USERNAME=Usuario
TERM=xterm-256color
OS=Windows_NT
PROCESSOR_IDENTIFIER=Intel64 Family 6 Model 142 Stepping 12, GenuineIntel
TMP=C:\Users\Usuario\AppData\Local\Temp
TEMP=C:\Users\Usuario\AppData\Local\Temp




Periodic native trim disabled

---------------  S Y S T E M  ---------------

OS:
 Windows 11 , 64 bit Build 26100 (10.0.26100.8246)
OS uptime: 5 days 17:53 hours
Hyper-V role detected

CPU: total 8 (initial active 8) (4 cores per cpu, 2 threads per core) family 6 model 142 stepping 12 microcode 0xde, cx8, cmov, fxsr, ht, mmx, 3dnowpref, sse, sse2, sse3, ssse3, sse4.1, sse4.2, popcnt, lzcnt, tsc, tscinvbit, avx, avx2, aes, erms, clmul, bmi1, bmi2, adx, fma, vzeroupper, clflush, clflushopt, hv, rdtscp, f16c
Processor Information for all 8 processors :
  Max Mhz: 1800, Current Mhz: 1600, Mhz Limit: 1584

Memory: 4k page, system-wide physical 8040M (640M free)
TotalPageFile size 32616M (AvailPageFile size 60M)
current process WorkingSet (physical memory assigned to process): 100M, peak: 100M
current process commit charge ("private bytes"): 140M, peak: 175M

vm_info: Java HotSpot(TM) 64-Bit Server VM (21.0.10+8-LTS-217) for windows-amd64 JRE (21.0.10+8-LTS-217), built on 2025-12-18T14:59:28Z by "mach5run" with MS VC++ 17.13 (VS2022)

END.
