#
# There is insufficient memory for the Java Runtime Environment to continue.
# Native memory allocation (malloc) failed to allocate 1643152 bytes for Chunk::new
# Possible reasons:
#   The system is out of physical RAM or swap space
#   The process is running with CompressedOops enabled, and the Java Heap may be blocking the growth of the native heap
# Possible solutions:
#   Reduce memory load on the system
#   Increase physical memory or swap space
#   Check if swap backing store is full
#   Decrease Java heap size (-Xmx/-Xms)
#   Decrease number of Java threads
#   Decrease Java thread stack sizes (-Xss)
#   Set larger code cache with -XX:ReservedCodeCacheSize=
#   JVM is running with Unscaled Compressed Oops mode in which the Java heap is
#     placed in the first 4GB address space. The Java Heap base address is the
#     maximum limit for the native heap growth. Please use -XX:HeapBaseMinAddress
#     to set the Java Heap base and to place the Java Heap above 4GB virtual address.
# This output file may be truncated or incomplete.
#
#  Out of Memory Error (arena.cpp:168), pid=30712, tid=6908
#
# JRE version: Java(TM) SE Runtime Environment (21.0.10+8) (build 21.0.10+8-LTS-217)
# Java VM: Java HotSpot(TM) 64-Bit Server VM (21.0.10+8-LTS-217, mixed mode, sharing, tiered, compressed oops, compressed class ptrs, g1 gc, windows-amd64)
# No core dump will be written. Minidumps are not enabled by default on client versions of Windows
#

---------------  S U M M A R Y ------------

Command Line: C:\Users\Usuario\AppData\Local\Temp\surefire3098079676521423641\surefirebooter-20260423045622072_3.jar C:\Users\Usuario\AppData\Local\Temp\surefire3098079676521423641 2026-04-23T04-56-21_883-jvmRun1 surefire-20260423045622072_1tmp surefire_0-20260423045622072_2tmp

Host: Intel(R) Core(TM) i5-8265U CPU @ 1.60GHz, 8 cores, 7G,  Windows 11 , 64 bit Build 26100 (10.0.26100.8246)
Time: Thu Apr 23 04:56:29 2026 Hora oficial do Brasil elapsed time: 6.774682 seconds (0d 0h 0m 6s)

---------------  T H R E A D  ---------------

Current thread (0x00000251edbb47c0):  JavaThread "C2 CompilerThread0" daemon [_thread_in_native, id=6908, stack(0x0000005941100000,0x0000005941200000) (1024K)]


Current CompileTask:
C2:   6774 5080   !   4       java.lang.reflect.Executable::declaredAnnotations (85 bytes)

Stack: [0x0000005941100000,0x0000005941200000]
Native frames: (J=compiled Java code, j=interpreted, Vv=VM code, C=native code)
V  [jvm.dll+0x6d0b59]
V  [jvm.dll+0x85fd56]
V  [jvm.dll+0x86224e]
V  [jvm.dll+0x862923]
V  [jvm.dll+0x282a16]
V  [jvm.dll+0xc662d]
V  [jvm.dll+0xc6b71]
V  [jvm.dll+0x3bbb5b]
V  [jvm.dll+0x1e36e2]
V  [jvm.dll+0x24b4c3]
V  [jvm.dll+0x24a94f]
V  [jvm.dll+0x1cacfe]
V  [jvm.dll+0x25a629]
V  [jvm.dll+0x258bb5]
V  [jvm.dll+0x3f4da1]
V  [jvm.dll+0x80a83d]
V  [jvm.dll+0x6cf3fd]
C  [ucrtbase.dll+0x37b0]
C  [KERNEL32.DLL+0x2e8d7]
C  [ntdll.dll+0x8c3fc]


---------------  P R O C E S S  ---------------

Threads class SMR info:
_java_thread_list=0x00000251f49ce1b0, length=14, elements={
0x00000251d1249900, 0x00000251edba0120, 0x00000251edba18a0, 0x00000251edba8570,
0x00000251edba9460, 0x00000251edbab380, 0x00000251edbaf420, 0x00000251edbb47c0,
0x00000251edbb8e50, 0x00000251f212c9e0, 0x00000251f214f020, 0x00000251f265dbd0,
0x00000251f250e6f0, 0x00000251f22893a0
}

Java Threads: ( => current thread )
  0x00000251d1249900 JavaThread "main"                              [_thread_in_native, id=23064, stack(0x0000005940300000,0x0000005940400000) (1024K)]
  0x00000251edba0120 JavaThread "Reference Handler"          daemon [_thread_blocked, id=26456, stack(0x0000005940b00000,0x0000005940c00000) (1024K)]
  0x00000251edba18a0 JavaThread "Finalizer"                  daemon [_thread_blocked, id=30548, stack(0x0000005940c00000,0x0000005940d00000) (1024K)]
  0x00000251edba8570 JavaThread "Signal Dispatcher"          daemon [_thread_blocked, id=25780, stack(0x0000005940d00000,0x0000005940e00000) (1024K)]
  0x00000251edba9460 JavaThread "Attach Listener"            daemon [_thread_blocked, id=18808, stack(0x0000005940e00000,0x0000005940f00000) (1024K)]
  0x00000251edbab380 JavaThread "Service Thread"             daemon [_thread_blocked, id=14476, stack(0x0000005940f00000,0x0000005941000000) (1024K)]
  0x00000251edbaf420 JavaThread "Monitor Deflation Thread"   daemon [_thread_blocked, id=25956, stack(0x0000005941000000,0x0000005941100000) (1024K)]
=>0x00000251edbb47c0 JavaThread "C2 CompilerThread0"         daemon [_thread_in_native, id=6908, stack(0x0000005941100000,0x0000005941200000) (1024K)]
  0x00000251edbb8e50 JavaThread "C1 CompilerThread0"         daemon [_thread_blocked, id=14440, stack(0x0000005941200000,0x0000005941300000) (1024K)]
  0x00000251f212c9e0 JavaThread "Notification Thread"        daemon [_thread_blocked, id=26492, stack(0x0000005941300000,0x0000005941400000) (1024K)]
  0x00000251f214f020 JavaThread "Common-Cleaner"             daemon [_thread_blocked, id=16612, stack(0x0000005941400000,0x0000005941500000) (1024K)]
  0x00000251f265dbd0 JavaThread "surefire-forkedjvm-stream-flusher" daemon [_thread_blocked, id=22544, stack(0x0000005941600000,0x0000005941700000) (1024K)]
  0x00000251f250e6f0 JavaThread "surefire-forkedjvm-command-thread" daemon [_thread_in_native, id=10680, stack(0x0000005941500000,0x0000005941600000) (1024K)]
  0x00000251f22893a0 JavaThread "C2 CompilerThread1"         daemon [_thread_in_native, id=28124, stack(0x0000005941700000,0x0000005941800000) (1024K)]
Total: 14

Other Threads:
  0x00000251edb80570 VMThread "VM Thread"                           [id=30020, stack(0x0000005940a00000,0x0000005940b00000) (1024K)]
  0x00000251edb690d0 WatcherThread "VM Periodic Task Thread"        [id=22948, stack(0x0000005940900000,0x0000005940a00000) (1024K)]
  0x00000251d129ba60 WorkerThread "GC Thread#0"                     [id=24908, stack(0x0000005940400000,0x0000005940500000) (1024K)]
  0x00000251f2ca9970 WorkerThread "GC Thread#1"                     [id=7088, stack(0x0000005941800000,0x0000005941900000) (1024K)]
  0x00000251f2bbb4a0 WorkerThread "GC Thread#2"                     [id=24632, stack(0x0000005941900000,0x0000005941a00000) (1024K)]
  0x00000251f30ff270 WorkerThread "GC Thread#3"                     [id=28976, stack(0x0000005941a00000,0x0000005941b00000) (1024K)]
  0x00000251f311f140 WorkerThread "GC Thread#4"                     [id=12668, stack(0x0000005941b00000,0x0000005941c00000) (1024K)]
  0x00000251f3121900 WorkerThread "GC Thread#5"                     [id=5636, stack(0x0000005941c00000,0x0000005941d00000) (1024K)]
  0x00000251f3122460 WorkerThread "GC Thread#6"                     [id=30520, stack(0x0000005941d00000,0x0000005941e00000) (1024K)]
  0x00000251f3121d00 WorkerThread "GC Thread#7"                     [id=30164, stack(0x0000005941e00000,0x0000005941f00000) (1024K)]
  0x00000251d12ac4e0 ConcurrentGCThread "G1 Main Marker"            [id=12236, stack(0x0000005940500000,0x0000005940600000) (1024K)]
  0x00000251d12ae590 WorkerThread "G1 Conc#0"                       [id=18932, stack(0x0000005940600000,0x0000005940700000) (1024K)]
  0x00000251f31236d0 WorkerThread "G1 Conc#1"                       [id=11932, stack(0x0000005942000000,0x0000005942100000) (1024K)]
  0x00000251eda3b520 ConcurrentGCThread "G1 Refine#0"               [id=9388, stack(0x0000005940700000,0x0000005940800000) (1024K)]
  0x00000251eda3ca70 ConcurrentGCThread "G1 Service"                [id=22308, stack(0x0000005940800000,0x0000005940900000) (1024K)]
Total: 15

Threads with active compile tasks:
C2 CompilerThread0     6985 5080   !   4       java.lang.reflect.Executable::declaredAnnotations (85 bytes)
C2 CompilerThread1     6985 5235   !   4       org.springframework.beans.factory.support.DefaultListableBeanFactory::doGetBeanNamesForType (505 bytes)
Total: 2

VM state: not at safepoint (normal execution)

VM Mutex/Monitor currently owned by a thread: None

Heap address: 0x0000000082400000, size: 2012 MB, Compressed Oops mode: 32-bit

CDS archive(s) mapped at: [0x0000025180000000-0x0000025180c90000-0x0000025180c90000), size 13172736, SharedBaseAddress: 0x0000025180000000, ArchiveRelocationMode: 1.
Compressed class space mapped at: 0x0000025181000000-0x00000251c1000000, reserved size: 1073741824
Narrow klass base: 0x0000025180000000, Narrow klass shift: 0, Narrow klass range: 0x100000000

GC Precious Log:
 CardTable entry size: 512
 Card Set container configuration: InlinePtr #cards 5 size 8 Array Of Cards #cards 12 size 40 Howl #buckets 4 coarsen threshold 1843 Howl Bitmap #cards 512 size 80 coarsen threshold 460 Card regions per heap region 1 cards per card region 2048
 CPUs: 8 total, 8 available
 Memory: 8040M
 Large Page Support: Disabled
 NUMA Support: Disabled
 Compressed Oops: Enabled (32-bit)
 Heap Region Size: 1M
 Heap Min Capacity: 8M
 Heap Initial Capacity: 126M
 Heap Max Capacity: 2012M
 Pre-touch: Disabled
 Parallel Workers: 8
 Concurrent Workers: 2
 Concurrent Refinement Workers: 8
 Periodic GC: Disabled

Heap:
 garbage-first heap   total 78848K, used 60416K [0x0000000082400000, 0x0000000100000000)
  region size 1024K, 38 young (38912K), 6 survivors (6144K)
 Metaspace       used 46283K, committed 46784K, reserved 1114112K
  class space    used 5905K, committed 6144K, reserved 1048576K

Heap Regions: E=young(eden), S=young(survivor), O=old, HS=humongous(starts), HC=humongous(continues), CS=collection set, F=free, TAMS=top-at-mark-start, PB=parsable bottom
|   0|0x0000000082400000, 0x0000000082500000, 0x0000000082500000|100%|HS|  |TAMS 0x0000000082400000| PB 0x0000000082400000| Complete 
|   1|0x0000000082500000, 0x0000000082600000, 0x0000000082600000|100%| O|  |TAMS 0x0000000082500000| PB 0x0000000082500000| Untracked 
|   2|0x0000000082600000, 0x0000000082700000, 0x0000000082700000|100%| O|  |TAMS 0x0000000082600000| PB 0x0000000082600000| Untracked 
|   3|0x0000000082700000, 0x0000000082800000, 0x0000000082800000|100%| O|  |TAMS 0x0000000082700000| PB 0x0000000082700000| Untracked 
|   4|0x0000000082800000, 0x0000000082900000, 0x0000000082900000|100%| O|  |TAMS 0x0000000082800000| PB 0x0000000082800000| Untracked 
|   5|0x0000000082900000, 0x0000000082a00000, 0x0000000082a00000|100%| O|  |TAMS 0x0000000082900000| PB 0x0000000082900000| Untracked 
|   6|0x0000000082a00000, 0x0000000082b00000, 0x0000000082b00000|100%| O|  |TAMS 0x0000000082a00000| PB 0x0000000082a00000| Untracked 
|   7|0x0000000082b00000, 0x0000000082c00000, 0x0000000082c00000|100%| O|  |TAMS 0x0000000082b00000| PB 0x0000000082b00000| Untracked 
|   8|0x0000000082c00000, 0x0000000082d00000, 0x0000000082d00000|100%| O|  |TAMS 0x0000000082c00000| PB 0x0000000082c00000| Untracked 
|   9|0x0000000082d00000, 0x0000000082e00000, 0x0000000082e00000|100%| O|  |TAMS 0x0000000082d00000| PB 0x0000000082d00000| Untracked 
|  10|0x0000000082e00000, 0x0000000082f00000, 0x0000000082f00000|100%| O|  |TAMS 0x0000000082e00000| PB 0x0000000082e00000| Untracked 
|  11|0x0000000082f00000, 0x0000000083000000, 0x0000000083000000|100%| O|  |TAMS 0x0000000082f00000| PB 0x0000000082f00000| Untracked 
|  12|0x0000000083000000, 0x0000000083100000, 0x0000000083100000|100%| O|  |TAMS 0x0000000083000000| PB 0x0000000083000000| Untracked 
|  13|0x0000000083100000, 0x0000000083200000, 0x0000000083200000|100%| O|  |TAMS 0x0000000083100000| PB 0x0000000083100000| Untracked 
|  14|0x0000000083200000, 0x0000000083300000, 0x0000000083300000|100%| O|  |TAMS 0x0000000083200000| PB 0x0000000083200000| Untracked 
|  15|0x0000000083300000, 0x0000000083400000, 0x0000000083400000|100%| O|  |TAMS 0x0000000083300000| PB 0x0000000083300000| Untracked 
|  16|0x0000000083400000, 0x0000000083500000, 0x0000000083500000|100%| O|  |TAMS 0x0000000083400000| PB 0x0000000083400000| Untracked 
|  17|0x0000000083500000, 0x0000000083600000, 0x0000000083600000|100%| O|  |TAMS 0x0000000083500000| PB 0x0000000083500000| Untracked 
|  18|0x0000000083600000, 0x0000000083700000, 0x0000000083700000|100%| O|  |TAMS 0x0000000083600000| PB 0x0000000083600000| Untracked 
|  19|0x0000000083700000, 0x0000000083800000, 0x0000000083800000|100%| O|  |TAMS 0x0000000083700000| PB 0x0000000083700000| Untracked 
|  20|0x0000000083800000, 0x0000000083900000, 0x0000000083900000|100%| O|  |TAMS 0x0000000083800000| PB 0x0000000083800000| Untracked 
|  21|0x0000000083900000, 0x0000000083a00000, 0x0000000083a00000|100%| O|Cm|TAMS 0x0000000083900000| PB 0x0000000083900000| Complete 
|  22|0x0000000083a00000, 0x0000000083a00000, 0x0000000083b00000|  0%| F|  |TAMS 0x0000000083a00000| PB 0x0000000083a00000| Untracked 
|  23|0x0000000083b00000, 0x0000000083b00000, 0x0000000083c00000|  0%| F|  |TAMS 0x0000000083b00000| PB 0x0000000083b00000| Untracked 
|  24|0x0000000083c00000, 0x0000000083c00000, 0x0000000083d00000|  0%| F|  |TAMS 0x0000000083c00000| PB 0x0000000083c00000| Untracked 
|  25|0x0000000083d00000, 0x0000000083d00000, 0x0000000083e00000|  0%| F|  |TAMS 0x0000000083d00000| PB 0x0000000083d00000| Untracked 
|  26|0x0000000083e00000, 0x0000000083e00000, 0x0000000083f00000|  0%| F|  |TAMS 0x0000000083e00000| PB 0x0000000083e00000| Untracked 
|  27|0x0000000083f00000, 0x0000000083f00000, 0x0000000084000000|  0%| F|  |TAMS 0x0000000083f00000| PB 0x0000000083f00000| Untracked 
|  28|0x0000000084000000, 0x0000000084000000, 0x0000000084100000|  0%| F|  |TAMS 0x0000000084000000| PB 0x0000000084000000| Untracked 
|  29|0x0000000084100000, 0x0000000084200000, 0x0000000084200000|100%| S|CS|TAMS 0x0000000084100000| PB 0x0000000084100000| Complete 
|  30|0x0000000084200000, 0x0000000084300000, 0x0000000084300000|100%| S|CS|TAMS 0x0000000084200000| PB 0x0000000084200000| Complete 
|  31|0x0000000084300000, 0x0000000084400000, 0x0000000084400000|100%| S|CS|TAMS 0x0000000084300000| PB 0x0000000084300000| Complete 
|  32|0x0000000084400000, 0x0000000084500000, 0x0000000084500000|100%| S|CS|TAMS 0x0000000084400000| PB 0x0000000084400000| Complete 
|  33|0x0000000084500000, 0x0000000084600000, 0x0000000084600000|100%| S|CS|TAMS 0x0000000084500000| PB 0x0000000084500000| Complete 
|  34|0x0000000084600000, 0x0000000084700000, 0x0000000084700000|100%| S|CS|TAMS 0x0000000084600000| PB 0x0000000084600000| Complete 
|  35|0x0000000084700000, 0x0000000084700000, 0x0000000084800000|  0%| F|  |TAMS 0x0000000084700000| PB 0x0000000084700000| Untracked 
|  36|0x0000000084800000, 0x0000000084800000, 0x0000000084900000|  0%| F|  |TAMS 0x0000000084800000| PB 0x0000000084800000| Untracked 
|  37|0x0000000084900000, 0x0000000084900000, 0x0000000084a00000|  0%| F|  |TAMS 0x0000000084900000| PB 0x0000000084900000| Untracked 
|  38|0x0000000084a00000, 0x0000000084a00000, 0x0000000084b00000|  0%| F|  |TAMS 0x0000000084a00000| PB 0x0000000084a00000| Untracked 
|  39|0x0000000084b00000, 0x0000000084b00000, 0x0000000084c00000|  0%| F|  |TAMS 0x0000000084b00000| PB 0x0000000084b00000| Untracked 
|  40|0x0000000084c00000, 0x0000000084c00000, 0x0000000084d00000|  0%| F|  |TAMS 0x0000000084c00000| PB 0x0000000084c00000| Untracked 
|  41|0x0000000084d00000, 0x0000000084d00000, 0x0000000084e00000|  0%| F|  |TAMS 0x0000000084d00000| PB 0x0000000084d00000| Untracked 
|  42|0x0000000084e00000, 0x0000000084e00000, 0x0000000084f00000|  0%| F|  |TAMS 0x0000000084e00000| PB 0x0000000084e00000| Untracked 
|  43|0x0000000084f00000, 0x0000000084f00000, 0x0000000085000000|  0%| F|  |TAMS 0x0000000084f00000| PB 0x0000000084f00000| Untracked 
|  44|0x0000000085000000, 0x0000000085000000, 0x0000000085100000|  0%| F|  |TAMS 0x0000000085000000| PB 0x0000000085000000| Untracked 
|  45|0x0000000085100000, 0x0000000085200000, 0x0000000085200000|100%| E|  |TAMS 0x0000000085100000| PB 0x0000000085100000| Complete 
|  46|0x0000000085200000, 0x0000000085300000, 0x0000000085300000|100%| E|CS|TAMS 0x0000000085200000| PB 0x0000000085200000| Complete 
|  47|0x0000000085300000, 0x0000000085400000, 0x0000000085400000|100%| E|CS|TAMS 0x0000000085300000| PB 0x0000000085300000| Complete 
|  48|0x0000000085400000, 0x0000000085500000, 0x0000000085500000|100%| E|CS|TAMS 0x0000000085400000| PB 0x0000000085400000| Complete 
|  49|0x0000000085500000, 0x0000000085600000, 0x0000000085600000|100%| E|CS|TAMS 0x0000000085500000| PB 0x0000000085500000| Complete 
|  50|0x0000000085600000, 0x0000000085700000, 0x0000000085700000|100%| E|CS|TAMS 0x0000000085600000| PB 0x0000000085600000| Complete 
|  51|0x0000000085700000, 0x0000000085800000, 0x0000000085800000|100%| E|CS|TAMS 0x0000000085700000| PB 0x0000000085700000| Complete 
|  52|0x0000000085800000, 0x0000000085900000, 0x0000000085900000|100%| E|CS|TAMS 0x0000000085800000| PB 0x0000000085800000| Complete 
|  53|0x0000000085900000, 0x0000000085a00000, 0x0000000085a00000|100%| E|CS|TAMS 0x0000000085900000| PB 0x0000000085900000| Complete 
|  54|0x0000000085a00000, 0x0000000085b00000, 0x0000000085b00000|100%| E|CS|TAMS 0x0000000085a00000| PB 0x0000000085a00000| Complete 
|  55|0x0000000085b00000, 0x0000000085c00000, 0x0000000085c00000|100%| E|CS|TAMS 0x0000000085b00000| PB 0x0000000085b00000| Complete 
|  56|0x0000000085c00000, 0x0000000085d00000, 0x0000000085d00000|100%| E|CS|TAMS 0x0000000085c00000| PB 0x0000000085c00000| Complete 
|  57|0x0000000085d00000, 0x0000000085e00000, 0x0000000085e00000|100%| E|CS|TAMS 0x0000000085d00000| PB 0x0000000085d00000| Complete 
|  58|0x0000000085e00000, 0x0000000085f00000, 0x0000000085f00000|100%| E|CS|TAMS 0x0000000085e00000| PB 0x0000000085e00000| Complete 
|  59|0x0000000085f00000, 0x0000000086000000, 0x0000000086000000|100%| E|CS|TAMS 0x0000000085f00000| PB 0x0000000085f00000| Complete 
|  60|0x0000000086000000, 0x0000000086100000, 0x0000000086100000|100%| E|CS|TAMS 0x0000000086000000| PB 0x0000000086000000| Complete 
|  61|0x0000000086100000, 0x0000000086200000, 0x0000000086200000|100%| E|CS|TAMS 0x0000000086100000| PB 0x0000000086100000| Complete 
|  62|0x0000000086200000, 0x0000000086300000, 0x0000000086300000|100%| E|CS|TAMS 0x0000000086200000| PB 0x0000000086200000| Complete 
|  63|0x0000000086300000, 0x0000000086400000, 0x0000000086400000|100%| E|CS|TAMS 0x0000000086300000| PB 0x0000000086300000| Complete 
|  64|0x0000000086400000, 0x0000000086500000, 0x0000000086500000|100%| E|CS|TAMS 0x0000000086400000| PB 0x0000000086400000| Complete 
|  65|0x0000000086500000, 0x0000000086600000, 0x0000000086600000|100%| E|CS|TAMS 0x0000000086500000| PB 0x0000000086500000| Complete 
|  66|0x0000000086600000, 0x0000000086700000, 0x0000000086700000|100%| E|CS|TAMS 0x0000000086600000| PB 0x0000000086600000| Complete 
|  67|0x0000000086700000, 0x0000000086800000, 0x0000000086800000|100%| E|CS|TAMS 0x0000000086700000| PB 0x0000000086700000| Complete 
|  68|0x0000000086800000, 0x0000000086900000, 0x0000000086900000|100%| E|CS|TAMS 0x0000000086800000| PB 0x0000000086800000| Complete 
| 114|0x0000000089600000, 0x0000000089700000, 0x0000000089700000|100%| E|CS|TAMS 0x0000000089600000| PB 0x0000000089600000| Complete 
| 115|0x0000000089700000, 0x0000000089800000, 0x0000000089800000|100%| E|CS|TAMS 0x0000000089700000| PB 0x0000000089700000| Complete 
| 116|0x0000000089800000, 0x0000000089900000, 0x0000000089900000|100%| E|CS|TAMS 0x0000000089800000| PB 0x0000000089800000| Complete 
| 117|0x0000000089900000, 0x0000000089a00000, 0x0000000089a00000|100%| E|CS|TAMS 0x0000000089900000| PB 0x0000000089900000| Complete 
| 118|0x0000000089a00000, 0x0000000089b00000, 0x0000000089b00000|100%| E|CS|TAMS 0x0000000089a00000| PB 0x0000000089a00000| Complete 
| 119|0x0000000089b00000, 0x0000000089c00000, 0x0000000089c00000|100%| E|CS|TAMS 0x0000000089b00000| PB 0x0000000089b00000| Complete 
| 124|0x000000008a000000, 0x000000008a100000, 0x000000008a100000|100%| E|CS|TAMS 0x000000008a000000| PB 0x000000008a000000| Complete 
| 125|0x000000008a100000, 0x000000008a200000, 0x000000008a200000|100%| E|CS|TAMS 0x000000008a100000| PB 0x000000008a100000| Complete 

Card table byte_map: [0x00000251e8e10000,0x00000251e9200000] _byte_map_base: 0x00000251e89fe000

Marking Bits: (CMBitMap*) 0x00000251d129c080
 Bits: [0x00000251e9200000, 0x00000251eb170000)

Polling page: 0x00000251cf5d0000

Metaspace:

Usage:
  Non-class:     39.43 MB used.
      Class:      5.77 MB used.
       Both:     45.20 MB used.

Virtual space:
  Non-class space:       64.00 MB reserved,      39.69 MB ( 62%) committed,  1 nodes.
      Class space:        1.00 GB reserved,       6.00 MB ( <1%) committed,  1 nodes.
             Both:        1.06 GB reserved,      45.69 MB (  4%) committed. 

Chunk freelists:
   Non-Class:  8.36 MB
       Class:  9.95 MB
        Both:  18.31 MB

MaxMetaspaceSize: unlimited
CompressedClassSpaceSize: 1.00 GB
Initial GC threshold: 21.00 MB
Current GC threshold: 59.62 MB
CDS: on
 - commit_granule_bytes: 65536.
 - commit_granule_words: 8192.
 - virtual_space_node_default_size: 8388608.
 - enlarge_chunks_in_place: 1.
 - use_allocation_guard: 0.


Internal statistics:

num_allocs_failed_limit: 6.
num_arena_births: 576.
num_arena_deaths: 0.
num_vsnodes_births: 2.
num_vsnodes_deaths: 0.
num_space_committed: 731.
num_space_uncommitted: 0.
num_chunks_returned_to_freelist: 6.
num_chunks_taken_from_freelist: 2242.
num_chunk_merges: 6.
num_chunk_splits: 1612.
num_chunks_enlarged: 1259.
num_inconsistent_stats: 0.

CodeHeap 'non-profiled nmethods': size=120000Kb used=2854Kb max_used=2854Kb free=117145Kb
 bounds [0x00000251e11c0000, 0x00000251e1490000, 0x00000251e86f0000]
CodeHeap 'profiled nmethods': size=120000Kb used=9738Kb max_used=9738Kb free=110261Kb
 bounds [0x00000251d96f0000, 0x00000251da080000, 0x00000251e0c20000]
CodeHeap 'non-nmethods': size=5760Kb used=1525Kb max_used=1587Kb free=4234Kb
 bounds [0x00000251e0c20000, 0x00000251e0e90000, 0x00000251e11c0000]
 total_blobs=5392 nmethods=4798 adapters=498
 compilation: enabled
              stopped_count=0, restarted_count=0
 full_count=0

Compilation events (20 events):
Event: 6.340 Thread 0x00000251edbb8e50 5158       3       org.springframework.core.BridgeMethodResolver$$Lambda/0x00000251815aa560::matches (9 bytes)
Event: 6.340 Thread 0x00000251edbb8e50 nmethod 5158 0x00000251da04a390 code [0x00000251da04a540, 0x00000251da04a6e0]
Event: 6.340 Thread 0x00000251edbb8e50 5159       3       org.springframework.core.BridgeMethodResolver::lambda$resolveBridgeMethod$0 (6 bytes)
Event: 6.340 Thread 0x00000251edbb8e50 nmethod 5159 0x00000251da04a790 code [0x00000251da04a940, 0x00000251da04aa60]
Event: 6.340 Thread 0x00000251edbb8e50 5160       3       org.springframework.core.annotation.AnnotationsScanner::getBaseTypeMethods (123 bytes)
Event: 6.341 Thread 0x00000251edbb8e50 nmethod 5160 0x00000251da04ab10 code [0x00000251da04ada0, 0x00000251da04b960]
Event: 6.344 Thread 0x00000251f22893a0 nmethod 5122 0x00000251e1464210 code [0x00000251e14644c0, 0x00000251e1465660]
Event: 6.344 Thread 0x00000251f22893a0 5095       4       org.springframework.beans.factory.support.AbstractBeanFactory::isTypeMatch (619 bytes)
Event: 6.397 Thread 0x00000251edbb8e50 5163       3       java.util.WeakHashMap::<init> (9 bytes)
Event: 6.397 Thread 0x00000251edbb8e50 nmethod 5163 0x00000251da04bd10 code [0x00000251da04bee0, 0x00000251da04c028]
Event: 6.442 Thread 0x00000251edbb8e50 5164       3       java.lang.Character::isJavaIdentifierPart (5 bytes)
Event: 6.443 Thread 0x00000251edbb8e50 nmethod 5164 0x00000251da04c110 code [0x00000251da04c2e0, 0x00000251da04c538]
Event: 6.477 Thread 0x00000251edbb8e50 5165       1       org.aspectj.weaver.patterns.BasicToken::getString (5 bytes)
Event: 6.477 Thread 0x00000251edbb8e50 nmethod 5165 0x00000251e1465c90 code [0x00000251e1465e20, 0x00000251e1465ee8]
Event: 6.483 Thread 0x00000251edbb8e50 5166       3       org.aspectj.weaver.Lint$Kind::<init> (47 bytes)
Event: 6.484 Thread 0x00000251edbb8e50 nmethod 5166 0x00000251da04c610 code [0x00000251da04c7e0, 0x00000251da04cba8]
Event: 6.630 Thread 0x00000251f22893a0 nmethod 5095 0x00000251e1465f90 code [0x00000251e1466700, 0x00000251e146b698]
Event: 6.630 Thread 0x00000251f22893a0 5128   !   4       org.springframework.beans.factory.support.DefaultSingletonBeanRegistry::getSingleton (147 bytes)
Event: 6.643 Thread 0x00000251f22893a0 nmethod 5128 0x00000251e146e610 code [0x00000251e146e8e0, 0x00000251e146f940]
Event: 6.643 Thread 0x00000251f22893a0 5106       4       org.springframework.core.annotation.AnnotationsScanner::getDeclaredAnnotations (166 bytes)

GC Heap History (18 events):
Event: 0.673 GC heap before
{Heap before GC invocations=0 (full 0):
 garbage-first heap   total 129024K, used 23552K [0x0000000082400000, 0x0000000100000000)
  region size 1024K, 23 young (23552K), 0 survivors (0K)
 Metaspace       used 3931K, committed 4032K, reserved 1114112K
  class space    used 423K, committed 448K, reserved 1048576K
}
Event: 0.680 GC heap after
{Heap after GC invocations=1 (full 0):
 garbage-first heap   total 129024K, used 10794K [0x0000000082400000, 0x0000000100000000)
  region size 1024K, 3 young (3072K), 3 survivors (3072K)
 Metaspace       used 3931K, committed 4032K, reserved 1114112K
  class space    used 423K, committed 448K, reserved 1048576K
}
Event: 1.365 GC heap before
{Heap before GC invocations=1 (full 0):
 garbage-first heap   total 129024K, used 34346K [0x0000000082400000, 0x0000000100000000)
  region size 1024K, 26 young (26624K), 3 survivors (3072K)
 Metaspace       used 10046K, committed 10304K, reserved 1114112K
  class space    used 1188K, committed 1344K, reserved 1048576K
}
Event: 1.371 GC heap after
{Heap after GC invocations=2 (full 0):
 garbage-first heap   total 129024K, used 12968K [0x0000000082400000, 0x0000000100000000)
  region size 1024K, 2 young (2048K), 2 survivors (2048K)
 Metaspace       used 10046K, committed 10304K, reserved 1114112K
  class space    used 1188K, committed 1344K, reserved 1048576K
}
Event: 2.423 GC heap before
{Heap before GC invocations=2 (full 0):
 garbage-first heap   total 129024K, used 58024K [0x0000000082400000, 0x0000000100000000)
  region size 1024K, 47 young (48128K), 2 survivors (2048K)
 Metaspace       used 20010K, committed 20288K, reserved 1114112K
  class space    used 2678K, committed 2816K, reserved 1048576K
}
Event: 2.430 GC heap after
{Heap after GC invocations=3 (full 0):
 garbage-first heap   total 129024K, used 16499K [0x0000000082400000, 0x0000000100000000)
  region size 1024K, 6 young (6144K), 6 survivors (6144K)
 Metaspace       used 20010K, committed 20288K, reserved 1114112K
  class space    used 2678K, committed 2816K, reserved 1048576K
}
Event: 2.501 GC heap before
{Heap before GC invocations=3 (full 0):
 garbage-first heap   total 129024K, used 21619K [0x0000000082400000, 0x0000000100000000)
  region size 1024K, 12 young (12288K), 6 survivors (6144K)
 Metaspace       used 21156K, committed 21504K, reserved 1114112K
  class space    used 2790K, committed 2944K, reserved 1048576K
}
Event: 2.508 GC heap after
{Heap after GC invocations=4 (full 0):
 garbage-first heap   total 129024K, used 16982K [0x0000000082400000, 0x0000000100000000)
  region size 1024K, 6 young (6144K), 6 survivors (6144K)
 Metaspace       used 21156K, committed 21504K, reserved 1114112K
  class space    used 2790K, committed 2944K, reserved 1048576K
}
Event: 3.055 GC heap before
{Heap before GC invocations=5 (full 0):
 garbage-first heap   total 65536K, used 49750K [0x0000000082400000, 0x0000000100000000)
  region size 1024K, 38 young (38912K), 6 survivors (6144K)
 Metaspace       used 28970K, committed 29376K, reserved 1114112K
  class space    used 3660K, committed 3840K, reserved 1048576K
}
Event: 3.062 GC heap after
{Heap after GC invocations=6 (full 0):
 garbage-first heap   total 65536K, used 18582K [0x0000000082400000, 0x0000000100000000)
  region size 1024K, 3 young (3072K), 3 survivors (3072K)
 Metaspace       used 28970K, committed 29376K, reserved 1114112K
  class space    used 3660K, committed 3840K, reserved 1048576K
}
Event: 3.744 GC heap before
{Heap before GC invocations=6 (full 0):
 garbage-first heap   total 65536K, used 48278K [0x0000000082400000, 0x0000000100000000)
  region size 1024K, 33 young (33792K), 3 survivors (3072K)
 Metaspace       used 32912K, committed 33344K, reserved 1114112K
  class space    used 4085K, committed 4288K, reserved 1048576K
}
Event: 3.751 GC heap after
{Heap after GC invocations=7 (full 0):
 garbage-first heap   total 65536K, used 22489K [0x0000000082400000, 0x0000000100000000)
  region size 1024K, 5 young (5120K), 5 survivors (5120K)
 Metaspace       used 32912K, committed 33344K, reserved 1114112K
  class space    used 4085K, committed 4288K, reserved 1048576K
}
Event: 4.268 GC heap before
{Heap before GC invocations=7 (full 0):
 garbage-first heap   total 65536K, used 52185K [0x0000000082400000, 0x0000000100000000)
  region size 1024K, 34 young (34816K), 5 survivors (5120K)
 Metaspace       used 34923K, committed 35264K, reserved 1114112K
  class space    used 4314K, committed 4480K, reserved 1048576K
}
Event: 4.280 GC heap after
{Heap after GC invocations=8 (full 0):
 garbage-first heap   total 78848K, used 25428K [0x0000000082400000, 0x0000000100000000)
  region size 1024K, 3 young (3072K), 3 survivors (3072K)
 Metaspace       used 34923K, committed 35264K, reserved 1114112K
  class space    used 4314K, committed 4480K, reserved 1048576K
}
Event: 4.442 GC heap before
{Heap before GC invocations=8 (full 0):
 garbage-first heap   total 78848K, used 31572K [0x0000000082400000, 0x0000000100000000)
  region size 1024K, 10 young (10240K), 3 survivors (3072K)
 Metaspace       used 36049K, committed 36416K, reserved 1114112K
  class space    used 4518K, committed 4736K, reserved 1048576K
}
Event: 4.447 GC heap after
{Heap after GC invocations=9 (full 0):
 garbage-first heap   total 78848K, used 25600K [0x0000000082400000, 0x0000000100000000)
  region size 1024K, 3 young (3072K), 3 survivors (3072K)
 Metaspace       used 36049K, committed 36416K, reserved 1114112K
  class space    used 4518K, committed 4736K, reserved 1048576K
}
Event: 5.393 GC heap before
{Heap before GC invocations=10 (full 0):
 garbage-first heap   total 78848K, used 65536K [0x0000000082400000, 0x0000000100000000)
  region size 1024K, 42 young (43008K), 3 survivors (3072K)
 Metaspace       used 40435K, committed 40896K, reserved 1114112K
  class space    used 5176K, committed 5376K, reserved 1048576K
}
Event: 5.404 GC heap after
{Heap after GC invocations=11 (full 0):
 garbage-first heap   total 78848K, used 28672K [0x0000000082400000, 0x0000000100000000)
  region size 1024K, 6 young (6144K), 6 survivors (6144K)
 Metaspace       used 40435K, committed 40896K, reserved 1114112K
  class space    used 5176K, committed 5376K, reserved 1048576K
}

Dll operation events (9 events):
Event: 0.010 Loaded shared library D:\mailon\Java\jdk-21.0.10\bin\java.dll
Event: 0.048 Loaded shared library D:\mailon\Java\jdk-21.0.10\bin\jsvml.dll
Event: 0.073 Loaded shared library D:\mailon\Java\jdk-21.0.10\bin\net.dll
Event: 0.076 Loaded shared library D:\mailon\Java\jdk-21.0.10\bin\nio.dll
Event: 0.080 Loaded shared library D:\mailon\Java\jdk-21.0.10\bin\zip.dll
Event: 0.159 Loaded shared library D:\mailon\Java\jdk-21.0.10\bin\management.dll
Event: 0.165 Loaded shared library D:\mailon\Java\jdk-21.0.10\bin\management_ext.dll
Event: 0.187 Loaded shared library D:\mailon\Java\jdk-21.0.10\bin\jimage.dll
Event: 3.298 Loaded shared library D:\mailon\Java\jdk-21.0.10\bin\sunmscapi.dll

Deoptimization events (20 events):
Event: 6.178 Thread 0x00000251d1249900 DEOPT PACKING pc=0x00000251e1454a50 sp=0x00000059403fa820
Event: 6.178 Thread 0x00000251d1249900 DEOPT UNPACKING pc=0x00000251e0c746a2 sp=0x00000059403fa7c8 mode 2
Event: 6.245 Thread 0x00000251d1249900 DEOPT PACKING pc=0x00000251d9f49d8e sp=0x00000059403fb010
Event: 6.245 Thread 0x00000251d1249900 DEOPT UNPACKING pc=0x00000251e0c74e42 sp=0x00000059403fa5b0 mode 0
Event: 6.459 Thread 0x00000251d1249900 Uncommon trap: trap_request=0xffffffde fr.pc=0x00000251e1256260 relative=0x0000000000000280
Event: 6.459 Thread 0x00000251d1249900 Uncommon trap: reason=class_check action=maybe_recompile pc=0x00000251e1256260 method=java.util.Collections$SetFromMap.contains(Ljava/lang/Object;)Z @ 5 c2
Event: 6.459 Thread 0x00000251d1249900 DEOPT PACKING pc=0x00000251e1256260 sp=0x00000059403f8110
Event: 6.459 Thread 0x00000251d1249900 DEOPT UNPACKING pc=0x00000251e0c746a2 sp=0x00000059403f80b8 mode 2
Event: 6.459 Thread 0x00000251d1249900 Uncommon trap: trap_request=0xffffffde fr.pc=0x00000251e1256260 relative=0x0000000000000280
Event: 6.459 Thread 0x00000251d1249900 Uncommon trap: reason=class_check action=maybe_recompile pc=0x00000251e1256260 method=java.util.Collections$SetFromMap.contains(Ljava/lang/Object;)Z @ 5 c2
Event: 6.459 Thread 0x00000251d1249900 DEOPT PACKING pc=0x00000251e1256260 sp=0x00000059403f8710
Event: 6.459 Thread 0x00000251d1249900 DEOPT UNPACKING pc=0x00000251e0c746a2 sp=0x00000059403f86b8 mode 2
Event: 6.482 Thread 0x00000251d1249900 Uncommon trap: trap_request=0xffffffc6 fr.pc=0x00000251e1348d4c relative=0x0000000000000a6c
Event: 6.482 Thread 0x00000251d1249900 Uncommon trap: reason=bimorphic_or_optimized_type_check action=maybe_recompile pc=0x00000251e1348d4c method=java.util.regex.Pattern$Start.match(Ljava/util/regex/Matcher;ILjava/lang/CharSequence;)Z @ 44 c2
Event: 6.482 Thread 0x00000251d1249900 DEOPT PACKING pc=0x00000251e1348d4c sp=0x00000059403f9620
Event: 6.482 Thread 0x00000251d1249900 DEOPT UNPACKING pc=0x00000251e0c746a2 sp=0x00000059403f95e0 mode 2
Event: 6.484 Thread 0x00000251d1249900 Uncommon trap: trap_request=0xffffffc6 fr.pc=0x00000251e1348d4c relative=0x0000000000000a6c
Event: 6.484 Thread 0x00000251d1249900 Uncommon trap: reason=bimorphic_or_optimized_type_check action=maybe_recompile pc=0x00000251e1348d4c method=java.util.regex.Pattern$Start.match(Ljava/util/regex/Matcher;ILjava/lang/CharSequence;)Z @ 44 c2
Event: 6.484 Thread 0x00000251d1249900 DEOPT PACKING pc=0x00000251e1348d4c sp=0x00000059403f9620
Event: 6.590 Thread 0x00000251d1249900 DEOPT UNPACKING pc=0x00000251e0c746a2 sp=0x00000059403f95e0 mode 2

Classes loaded (20 events):
Event: 6.084 Loading class java/security/interfaces/RSAKey done
Event: 6.084 Loading class java/security/interfaces/RSAPublicKey done
Event: 6.085 Loading class java/security/interfaces/RSAPrivateKey
Event: 6.085 Loading class java/security/PrivateKey
Event: 6.085 Loading class javax/security/auth/Destroyable
Event: 6.099 Loading class javax/security/auth/Destroyable done
Event: 6.099 Loading class java/security/PrivateKey done
Event: 6.099 Loading class java/security/interfaces/RSAPrivateKey done
Event: 6.113 Loading class javax/naming/NameNotFoundException
Event: 6.113 Loading class javax/naming/NameNotFoundException done
Event: 6.130 Loading class java/lang/foreign/MemorySegment
Event: 6.144 Loading class java/lang/foreign/MemorySegment done
Event: 6.367 Loading class java/io/PrintWriter
Event: 6.367 Loading class java/io/PrintWriter done
Event: 6.367 Loading class java/io/PrintWriter$1
Event: 6.367 Loading class jdk/internal/access/JavaIOPrintWriterAccess
Event: 6.367 Loading class jdk/internal/access/JavaIOPrintWriterAccess done
Event: 6.367 Loading class java/io/PrintWriter$1 done
Event: 6.446 Loading class java/io/DataOutputStream
Event: 6.446 Loading class java/io/DataOutputStream done

Classes unloaded (0 events):
No events

Classes redefined (0 events):
No events

Internal exceptions (20 events):
Event: 5.682 Thread 0x00000251d1249900 Exception <a 'java/lang/NoSuchMethodError'{0x000000008681d2e8}: 'java.lang.Object java.lang.invoke.DelegatingMethodHandle$Holder.delegate(java.lang.Object, int, java.lang.Object, java.lang.Object)'> (0x000000008681d2e8) 
thrown [s\open\src\hotspot\share\interpreter\linkResolver.cpp, line 773]
Event: 5.691 Thread 0x00000251d1249900 Exception <a 'java/lang/NoSuchMethodError'{0x000000008682ce30}: 'int java.lang.invoke.Invokers$Holder.linkToTargetMethod(java.lang.Object, java.lang.Object, java.lang.Object)'> (0x000000008682ce30) 
thrown [s\open\src\hotspot\share\interpreter\linkResolver.cpp, line 773]
Event: 5.715 Thread 0x00000251d1249900 Exception <a 'java/lang/NoSuchMethodError'{0x00000000868c66c0}: 'void java.lang.invoke.Invokers$Holder.invokeExact_MT(java.lang.Object, java.lang.Object, java.lang.Object)'> (0x00000000868c66c0) 
thrown [s\open\src\hotspot\share\interpreter\linkResolver.cpp, line 773]
Event: 5.838 Thread 0x00000251d1249900 Exception <a 'java/lang/NoClassDefFoundError'{0x000000008635ef28}: liquibase/integration/spring/SpringLiquibase> (0x000000008635ef28) 
thrown [s\open\src\hotspot\share\classfile\systemDictionary.cpp, line 301]
Event: 5.883 Thread 0x00000251d1249900 Exception <a 'java/lang/NoClassDefFoundError'{0x00000000861cb1e0}: org/jooq/DSLContext> (0x00000000861cb1e0) 
thrown [s\open\src\hotspot\share\classfile\systemDictionary.cpp, line 301]
Event: 5.885 Thread 0x00000251d1249900 Exception <a 'java/lang/NoClassDefFoundError'{0x00000000861de710}: org/springframework/batch/core/repository/JobRepository> (0x00000000861de710) 
thrown [s\open\src\hotspot\share\classfile\systemDictionary.cpp, line 301]
Event: 5.885 Thread 0x00000251d1249900 Exception <a 'java/lang/NoClassDefFoundError'{0x00000000861e07e0}: org/quartz/Scheduler> (0x00000000861e07e0) 
thrown [s\open\src\hotspot\share\classfile\systemDictionary.cpp, line 301]
Event: 5.885 Thread 0x00000251d1249900 Exception <a 'java/lang/NoClassDefFoundError'{0x00000000861e2fb0}: org/springframework/session/jdbc/JdbcIndexedSessionRepository> (0x00000000861e2fb0) 
thrown [s\open\src\hotspot\share\classfile\systemDictionary.cpp, line 301]
Event: 6.453 Thread 0x00000251d1249900 Exception <a 'java/lang/ArrayIndexOutOfBoundsException'{0x000000008557da98}: Index 3 out of bounds for length 3> (0x000000008557da98) 
thrown [s\open\src\hotspot\share\interpreter\interpreterRuntime.cpp, line 439]
Event: 6.453 Thread 0x00000251d1249900 Exception <a 'java/lang/ArrayIndexOutOfBoundsException'{0x000000008557e8d0}: Index 3 out of bounds for length 3> (0x000000008557e8d0) 
thrown [s\open\src\hotspot\share\interpreter\interpreterRuntime.cpp, line 439]
Event: 6.476 Thread 0x00000251d1249900 Exception <a 'java/lang/ArrayIndexOutOfBoundsException'{0x00000000854263a0}: Index 11 out of bounds for length 11> (0x00000000854263a0) 
thrown [s\open\src\hotspot\share\interpreter\interpreterRuntime.cpp, line 439]
Event: 6.476 Thread 0x00000251d1249900 Exception <a 'java/lang/ArrayIndexOutOfBoundsException'{0x0000000085427438}: Index 11 out of bounds for length 11> (0x0000000085427438) 
thrown [s\open\src\hotspot\share\interpreter\interpreterRuntime.cpp, line 439]
Event: 6.477 Thread 0x00000251d1249900 Exception <a 'java/lang/ArrayIndexOutOfBoundsException'{0x0000000085437628}: Index 11 out of bounds for length 11> (0x0000000085437628) 
thrown [s\open\src\hotspot\share\interpreter\interpreterRuntime.cpp, line 439]
Event: 6.477 Thread 0x00000251d1249900 Exception <a 'java/lang/ArrayIndexOutOfBoundsException'{0x00000000854386c0}: Index 11 out of bounds for length 11> (0x00000000854386c0) 
thrown [s\open\src\hotspot\share\interpreter\interpreterRuntime.cpp, line 439]
Event: 6.483 Thread 0x00000251d1249900 Exception <a 'java/lang/ArrayIndexOutOfBoundsException'{0x0000000085458888}: Index 3 out of bounds for length 3> (0x0000000085458888) 
thrown [s\open\src\hotspot\share\interpreter\interpreterRuntime.cpp, line 439]
Event: 6.483 Thread 0x00000251d1249900 Exception <a 'java/lang/ArrayIndexOutOfBoundsException'{0x0000000085459670}: Index 3 out of bounds for length 3> (0x0000000085459670) 
thrown [s\open\src\hotspot\share\interpreter\interpreterRuntime.cpp, line 439]
Event: 6.483 Thread 0x00000251d1249900 Exception <a 'java/lang/ArrayIndexOutOfBoundsException'{0x000000008545fdb8}: Index 11 out of bounds for length 11> (0x000000008545fdb8) 
thrown [s\open\src\hotspot\share\interpreter\interpreterRuntime.cpp, line 439]
Event: 6.484 Thread 0x00000251d1249900 Exception <a 'java/lang/ArrayIndexOutOfBoundsException'{0x0000000085460e50}: Index 11 out of bounds for length 11> (0x0000000085460e50) 
thrown [s\open\src\hotspot\share\interpreter\interpreterRuntime.cpp, line 439]
Event: 6.484 Thread 0x00000251d1249900 Exception <a 'java/lang/ArrayIndexOutOfBoundsException'{0x0000000085462c50}: Index 11 out of bounds for length 11> (0x0000000085462c50) 
thrown [s\open\src\hotspot\share\interpreter\interpreterRuntime.cpp, line 439]
Event: 6.484 Thread 0x00000251d1249900 Exception <a 'java/lang/ArrayIndexOutOfBoundsException'{0x0000000085463ce8}: Index 11 out of bounds for length 11> (0x0000000085463ce8) 
thrown [s\open\src\hotspot\share\interpreter\interpreterRuntime.cpp, line 439]

ZGC Phase Switch (0 events):
No events

VM Operations (20 events):
Event: 5.297 Executing VM operation: HandshakeAllThreads (Deoptimize)
Event: 5.297 Executing VM operation: HandshakeAllThreads (Deoptimize) done
Event: 5.298 Executing VM operation: HandshakeAllThreads (Deoptimize)
Event: 5.298 Executing VM operation: HandshakeAllThreads (Deoptimize) done
Event: 5.393 Executing VM operation: G1CollectForAllocation (G1 Evacuation Pause)
Event: 5.404 Executing VM operation: G1CollectForAllocation (G1 Evacuation Pause) done
Event: 5.599 Executing VM operation: HandshakeAllThreads (Deoptimize)
Event: 5.599 Executing VM operation: HandshakeAllThreads (Deoptimize) done
Event: 5.660 Executing VM operation: HandshakeAllThreads (Deoptimize)
Event: 5.660 Executing VM operation: HandshakeAllThreads (Deoptimize) done
Event: 5.664 Executing VM operation: HandshakeAllThreads (Deoptimize)
Event: 5.664 Executing VM operation: HandshakeAllThreads (Deoptimize) done
Event: 5.698 Executing VM operation: HandshakeAllThreads (Deoptimize)
Event: 5.698 Executing VM operation: HandshakeAllThreads (Deoptimize) done
Event: 6.448 Executing VM operation: HandshakeAllThreads (Deoptimize)
Event: 6.448 Executing VM operation: HandshakeAllThreads (Deoptimize) done
Event: 6.448 Executing VM operation: Cleanup
Event: 6.448 Executing VM operation: Cleanup done
Event: 6.459 Executing VM operation: HandshakeAllThreads (Deoptimize)
Event: 6.459 Executing VM operation: HandshakeAllThreads (Deoptimize) done

Events (20 events):
Event: 4.470 Thread 0x00000251edb80570 flushing nmethod 0x00000251d9a30e10
Event: 4.470 Thread 0x00000251edb80570 flushing nmethod 0x00000251d9a5e810
Event: 4.470 Thread 0x00000251edb80570 flushing nmethod 0x00000251d9a60b10
Event: 4.470 Thread 0x00000251edb80570 flushing nmethod 0x00000251d9a62910
Event: 4.470 Thread 0x00000251edb80570 flushing nmethod 0x00000251d9a77590
Event: 4.470 Thread 0x00000251edb80570 flushing nmethod 0x00000251d9a7c990
Event: 4.470 Thread 0x00000251edb80570 flushing nmethod 0x00000251d9a7f610
Event: 4.470 Thread 0x00000251edb80570 flushing nmethod 0x00000251d9a83890
Event: 4.470 Thread 0x00000251edb80570 flushing nmethod 0x00000251d9a9ee10
Event: 4.470 Thread 0x00000251edb80570 flushing nmethod 0x00000251d9ab4710
Event: 4.470 Thread 0x00000251edb80570 flushing nmethod 0x00000251d9b01690
Event: 4.470 Thread 0x00000251edb80570 flushing nmethod 0x00000251d9b29b10
Event: 4.470 Thread 0x00000251edb80570 flushing nmethod 0x00000251d9b3ce90
Event: 4.470 Thread 0x00000251edb80570 flushing nmethod 0x00000251d9b3dd10
Event: 4.470 Thread 0x00000251edb80570 flushing nmethod 0x00000251d9b43110
Event: 4.470 Thread 0x00000251edb80570 flushing nmethod 0x00000251d9b45890
Event: 4.470 Thread 0x00000251edb80570 flushing nmethod 0x00000251d9bbe890
Event: 4.470 Thread 0x00000251edb80570 flushing nmethod 0x00000251d9bc3310
Event: 4.470 Thread 0x00000251edb80570 flushing nmethod 0x00000251d9bdff10
Event: 4.470 Thread 0x00000251edb80570 flushing nmethod 0x00000251d9c32310


Dynamic libraries:
0x00007ff75e160000 - 0x00007ff75e170000 	D:\mailon\Java\jdk-21.0.10\bin\java.exe
0x00007ffe20340000 - 0x00007ffe205a7000 	C:\WINDOWS\SYSTEM32\ntdll.dll
0x00007ffe1f710000 - 0x00007ffe1f7d9000 	C:\WINDOWS\System32\KERNEL32.DLL
0x00007ffe1ce40000 - 0x00007ffe1d234000 	C:\WINDOWS\System32\KERNELBASE.dll
0x00007ffe1df80000 - 0x00007ffe1e0cb000 	C:\WINDOWS\System32\ucrtbase.dll
0x00007ffe175b0000 - 0x00007ffe175ce000 	D:\mailon\Java\jdk-21.0.10\bin\VCRUNTIME140.dll
0x00007ffe175d0000 - 0x00007ffe175e9000 	D:\mailon\Java\jdk-21.0.10\bin\jli.dll
0x00007ffe20240000 - 0x00007ffe202f6000 	C:\WINDOWS\System32\ADVAPI32.dll
0x00007ffe1f540000 - 0x00007ffe1f5e9000 	C:\WINDOWS\System32\msvcrt.dll
0x00007ffe1f7e0000 - 0x00007ffe1f887000 	C:\WINDOWS\System32\sechost.dll
0x00007ffe1f5f0000 - 0x00007ffe1f708000 	C:\WINDOWS\System32\RPCRT4.dll
0x00007ffe1ee10000 - 0x00007ffe1efd5000 	C:\WINDOWS\System32\USER32.dll
0x00007ffe1ce10000 - 0x00007ffe1ce37000 	C:\WINDOWS\System32\win32u.dll
0x00007ffe1f890000 - 0x00007ffe1f8bb000 	C:\WINDOWS\System32\GDI32.dll
0x00007ffe0c8f0000 - 0x00007ffe0cb83000 	C:\WINDOWS\WinSxS\amd64_microsoft.windows.common-controls_6595b64144ccf1df_6.0.26100.8115_none_3e075c82e3354f9c\COMCTL32.dll
0x00007ffe1dab0000 - 0x00007ffe1dbdb000 	C:\WINDOWS\System32\gdi32full.dll
0x00007ffe1ded0000 - 0x00007ffe1df73000 	C:\WINDOWS\System32\msvcp_win.dll
0x00007ffe16170000 - 0x00007ffe1617b000 	C:\WINDOWS\SYSTEM32\VERSION.dll
0x00007ffe1e170000 - 0x00007ffe1e1a2000 	C:\WINDOWS\System32\IMM32.DLL
0x00007ffe17510000 - 0x00007ffe1751c000 	D:\mailon\Java\jdk-21.0.10\bin\vcruntime140_1.dll
0x00007ffe02390000 - 0x00007ffe0241d000 	D:\mailon\Java\jdk-21.0.10\bin\msvcp140.dll
0x00007ffd68fa0000 - 0x00007ffd69cc7000 	D:\mailon\Java\jdk-21.0.10\bin\server\jvm.dll
0x00007ffe201b0000 - 0x00007ffe20230000 	C:\WINDOWS\System32\WS2_32.dll
0x00007ffe1ca90000 - 0x00007ffe1caee000 	C:\WINDOWS\SYSTEM32\POWRPROF.dll
0x00007ffdfca90000 - 0x00007ffdfcac6000 	C:\WINDOWS\SYSTEM32\WINMM.dll
0x00007ffe1ca70000 - 0x00007ffe1ca84000 	C:\WINDOWS\SYSTEM32\UMPDC.dll
0x00007ffe1b970000 - 0x00007ffe1b98b000 	C:\WINDOWS\SYSTEM32\kernel.appcore.dll
0x00007ffe17500000 - 0x00007ffe1750a000 	D:\mailon\Java\jdk-21.0.10\bin\jimage.dll
0x00007ffe0d0b0000 - 0x00007ffe0d2f2000 	C:\WINDOWS\SYSTEM32\DBGHELP.DLL
0x00007ffe1e7e0000 - 0x00007ffe1eb62000 	C:\WINDOWS\System32\combase.dll
0x00007ffe1f0d0000 - 0x00007ffe1f1a8000 	C:\WINDOWS\System32\OLEAUT32.dll
0x00007ffe033e0000 - 0x00007ffe0341b000 	C:\WINDOWS\SYSTEM32\dbgcore.DLL
0x00007ffe1dd60000 - 0x00007ffe1de05000 	C:\WINDOWS\System32\bcryptPrimitives.dll
0x00007ffe10450000 - 0x00007ffe10471000 	D:\mailon\Java\jdk-21.0.10\bin\java.dll
0x00007ffe1fa40000 - 0x00007ffe201a7000 	C:\WINDOWS\System32\SHELL32.dll
0x00007ffe1cc10000 - 0x00007ffe1cd7a000 	C:\WINDOWS\System32\wintypes.dll
0x00007ffe1d240000 - 0x00007ffe1daa8000 	C:\WINDOWS\System32\windows.storage.dll
0x00007ffe1f220000 - 0x00007ffe1f318000 	C:\WINDOWS\System32\SHCORE.dll
0x00007ffe1f9d0000 - 0x00007ffe1fa36000 	C:\WINDOWS\System32\shlwapi.dll
0x00007ffe1cb30000 - 0x00007ffe1cb59000 	C:\WINDOWS\SYSTEM32\profapi.dll
0x00007ffe00160000 - 0x00007ffe00237000 	D:\mailon\Java\jdk-21.0.10\bin\jsvml.dll
0x00007ffe10380000 - 0x00007ffe10391000 	D:\mailon\Java\jdk-21.0.10\bin\net.dll
0x00007ffe15b50000 - 0x00007ffe15c7d000 	C:\WINDOWS\SYSTEM32\WINHTTP.dll
0x00007ffe1bed0000 - 0x00007ffe1bf3c000 	C:\WINDOWS\system32\mswsock.dll
0x00007ffe0e890000 - 0x00007ffe0e8a6000 	D:\mailon\Java\jdk-21.0.10\bin\nio.dll
0x00007ffe0e870000 - 0x00007ffe0e888000 	D:\mailon\Java\jdk-21.0.10\bin\zip.dll
0x00007ffe174f0000 - 0x00007ffe174fa000 	D:\mailon\Java\jdk-21.0.10\bin\management.dll
0x00007ffe174b0000 - 0x00007ffe174bc000 	D:\mailon\Java\jdk-21.0.10\bin\management_ext.dll
0x00007ffe1e0d0000 - 0x00007ffe1e0d8000 	C:\WINDOWS\System32\PSAPI.DLL
0x00007ffe0bed0000 - 0x00007ffe0bede000 	D:\mailon\Java\jdk-21.0.10\bin\sunmscapi.dll
0x00007ffe1dbe0000 - 0x00007ffe1dd57000 	C:\WINDOWS\System32\CRYPT32.dll
0x00007ffe1c410000 - 0x00007ffe1c440000 	C:\WINDOWS\SYSTEM32\ncrypt.dll
0x00007ffe1c3c0000 - 0x00007ffe1c3ff000 	C:\WINDOWS\SYSTEM32\NTASN1.dll

dbghelp: loaded successfully - version: 4.0.5 - missing functions: none
symbol engine: initialized successfully - sym options: 0x614 - pdb path: .;D:\mailon\Java\jdk-21.0.10\bin;C:\WINDOWS\SYSTEM32;C:\WINDOWS\WinSxS\amd64_microsoft.windows.common-controls_6595b64144ccf1df_6.0.26100.8115_none_3e075c82e3354f9c;D:\mailon\Java\jdk-21.0.10\bin\server

VM Arguments:
java_command: C:\Users\Usuario\AppData\Local\Temp\surefire3098079676521423641\surefirebooter-20260423045622072_3.jar C:\Users\Usuario\AppData\Local\Temp\surefire3098079676521423641 2026-04-23T04-56-21_883-jvmRun1 surefire-20260423045622072_1tmp surefire_0-20260423045622072_2tmp
java_class_path (initial): C:\Users\Usuario\AppData\Local\Temp\surefire3098079676521423641\surefirebooter-20260423045622072_3.jar
Launcher Type: SUN_STANDARD

[Global flags]
     intx CICompilerCount                          = 4                                         {product} {ergonomic}
     uint ConcGCThreads                            = 2                                         {product} {ergonomic}
     uint G1ConcRefinementThreads                  = 8                                         {product} {ergonomic}
   size_t G1HeapRegionSize                         = 1048576                                   {product} {ergonomic}
    uintx GCDrainStackTargetSize                   = 64                                        {product} {ergonomic}
   size_t InitialHeapSize                          = 132120576                                 {product} {ergonomic}
   size_t MarkStackSize                            = 4194304                                   {product} {ergonomic}
   size_t MaxHeapSize                              = 2109734912                                {product} {ergonomic}
   size_t MaxNewSize                               = 1265631232                                {product} {ergonomic}
   size_t MinHeapDeltaBytes                        = 1048576                                   {product} {ergonomic}
   size_t MinHeapSize                              = 8388608                                   {product} {ergonomic}
    uintx NonNMethodCodeHeapSize                   = 5839372                                {pd product} {ergonomic}
    uintx NonProfiledCodeHeapSize                  = 122909434                              {pd product} {ergonomic}
    uintx ProfiledCodeHeapSize                     = 122909434                              {pd product} {ergonomic}
    uintx ReservedCodeCacheSize                    = 251658240                              {pd product} {ergonomic}
     bool SegmentedCodeCache                       = true                                      {product} {ergonomic}
   size_t SoftMaxHeapSize                          = 2109734912                             {manageable} {ergonomic}
     bool UseCompressedOops                        = true                           {product lp64_product} {ergonomic}
     bool UseG1GC                                  = true                                      {product} {ergonomic}
     bool UseLargePagesIndividualAllocation        = false                                  {pd product} {ergonomic}

Logging:
Log output configuration:
 #0: stdout all=warning uptime,level,tags foldmultilines=false
 #1: stderr all=off uptime,level,tags foldmultilines=false

Environment Variables:
JAVA_HOME=D:/mailon/Java/jdk-21.0.10
PATH=D:\Program Files\Git\mingw64\bin;D:\Program Files\Git\usr\bin;C:\Users\Usuario\bin;C:\Program Files\Common Files\Oracle\Java\javapath;C:\WINDOWS\system32;C:\WINDOWS;C:\WINDOWS\System32\Wbem;C:\WINDOWS\System32\WindowsPowerShell\v1.0;C:\WINDOWS\System32\OpenSSH;D:\Program Files\nodejs;D:\mailon\Usuario\Desktop\apache-maven-3.9.14-bin (1)\apache-maven-3.9.14\bin;D:\Program Files\Git\cmd;C:\Users\Usuario\AppData\Local\Programs\Trae\bin;D:\mailon\Usuario\Downloads\ffmpeg-8.0.1-essentials_build\ffmpeg-8.0.1-essentials_build\bin;D:\mailon\Usuario\Desktop\apache-maven-3.9.14-bin (1)\apache-maven-3.9.14\bin;C:\Users\Usuario\AppData\Roaming\npm
USERNAME=Usuario
TERM=xterm-256color
OS=Windows_NT
PROCESSOR_IDENTIFIER=Intel64 Family 6 Model 142 Stepping 12, GenuineIntel
TMP=C:\Users\Usuario\AppData\Local\Temp
TEMP=C:\Users\Usuario\AppData\Local\Temp




Periodic native trim disabled

---------------  S Y S T E M  ---------------

OS:
 Windows 11 , 64 bit Build 26100 (10.0.26100.8246)
OS uptime: 4 days 19:06 hours
Hyper-V role detected

CPU: total 8 (initial active 8) (4 cores per cpu, 2 threads per core) family 6 model 142 stepping 12 microcode 0xde, cx8, cmov, fxsr, ht, mmx, 3dnowpref, sse, sse2, sse3, ssse3, sse4.1, sse4.2, popcnt, lzcnt, tsc, tscinvbit, avx, avx2, aes, erms, clmul, bmi1, bmi2, adx, fma, vzeroupper, clflush, clflushopt, hv, rdtscp, f16c
Processor Information for all 8 processors :
  Max Mhz: 1800, Current Mhz: 1600, Mhz Limit: 1584

Memory: 4k page, system-wide physical 8040M (478M free)
TotalPageFile size 32616M (AvailPageFile size 29M)
current process WorkingSet (physical memory assigned to process): 238M, peak: 240M
current process commit charge ("private bytes"): 279M, peak: 282M

vm_info: Java HotSpot(TM) 64-Bit Server VM (21.0.10+8-LTS-217) for windows-amd64 JRE (21.0.10+8-LTS-217), built on 2025-12-18T14:59:28Z by "mach5run" with MS VC++ 17.13 (VS2022)

END.
