#
# There is insufficient memory for the Java Runtime Environment to continue.
# Native memory allocation (mmap) failed to map 52428800 bytes for G1 virtual space
# Possible reasons:
#   The system is out of physical RAM or swap space
#   The process is running with CompressedOops enabled, and the Java Heap may be blocking the growth of the native heap
# Possible solutions:
#   Reduce memory load on the system
#   Increase physical memory or swap space
#   Check if swap backing store is full
#   Decrease Java heap size (-Xmx/-Xms)
#   Decrease number of Java threads
#   Decrease Java thread stack sizes (-Xss)
#   Set larger code cache with -XX:ReservedCodeCacheSize=
#   JVM is running with Unscaled Compressed Oops mode in which the Java heap is
#     placed in the first 4GB address space. The Java Heap base address is the
#     maximum limit for the native heap growth. Please use -XX:HeapBaseMinAddress
#     to set the Java Heap base and to place the Java Heap above 4GB virtual address.
# This output file may be truncated or incomplete.
#
#  Out of Memory Error (os_windows.cpp:3604), pid=14488, tid=27660
#
# JRE version: Java(TM) SE Runtime Environment (21.0.10+8) (build 21.0.10+8-LTS-217)
# Java VM: Java HotSpot(TM) 64-Bit Server VM (21.0.10+8-LTS-217, mixed mode, sharing, tiered, compressed oops, compressed class ptrs, g1 gc, windows-amd64)
# No core dump will be written. Minidumps are not enabled by default on client versions of Windows
#

---------------  S U M M A R Y ------------

Command Line: C:\Users\Usuario\AppData\Local\Temp\surefire11935283869623010595\surefirebooter-20260423045534325_3.jar C:\Users\Usuario\AppData\Local\Temp\surefire11935283869623010595 2026-04-23T04-55-34_121-jvmRun1 surefire-20260423045534325_1tmp surefire_0-20260423045534325_2tmp

Host: Intel(R) Core(TM) i5-8265U CPU @ 1.60GHz, 8 cores, 7G,  Windows 11 , 64 bit Build 26100 (10.0.26100.8246)
Time: Thu Apr 23 04:55:46 2026 Hora oficial do Brasil elapsed time: 11.695469 seconds (0d 0h 0m 11s)

---------------  T H R E A D  ---------------

Current thread (0x000001ef5aff3500):  VMThread "VM Thread"          [id=27660, stack(0x000000501f100000,0x000000501f200000) (1024K)]

Stack: [0x000000501f100000,0x000000501f200000]
Native frames: (J=compiled Java code, j=interpreted, Vv=VM code, C=native code)
V  [jvm.dll+0x6d0b59]
V  [jvm.dll+0x85fd56]
V  [jvm.dll+0x86224e]
V  [jvm.dll+0x862923]
V  [jvm.dll+0x282a16]
V  [jvm.dll+0x6cd405]
V  [jvm.dll+0x6c1f8a]
V  [jvm.dll+0x35bcc8]
V  [jvm.dll+0x363986]
V  [jvm.dll+0x3b4a3e]
V  [jvm.dll+0x3b4ce8]
V  [jvm.dll+0x32f98c]
V  [jvm.dll+0x32fa17]
V  [jvm.dll+0x373c9c]
V  [jvm.dll+0x372441]
V  [jvm.dll+0x32f0d1]
V  [jvm.dll+0x371aaa]
V  [jvm.dll+0x86861f]
V  [jvm.dll+0x8699ac]
V  [jvm.dll+0x869ee1]
V  [jvm.dll+0x86a183]
V  [jvm.dll+0x80a83d]
V  [jvm.dll+0x6cf3fd]
C  [ucrtbase.dll+0x37b0]
C  [KERNEL32.DLL+0x2e8d7]
C  [ntdll.dll+0x8c3fc]

VM_Operation (0x000000501eafa640): G1CollectForAllocation, mode: safepoint, requested by thread 0x000001ef3c6f9140


---------------  P R O C E S S  ---------------

Threads class SMR info:
_java_thread_list=0x000001efa307edc0, length=14, elements={
0x000001ef3c6f9140, 0x000001ef5b011de0, 0x000001ef5b015960, 0x000001ef5b01b290,
0x000001ef5b01be20, 0x000001ef5b01fc20, 0x000001ef5b023880, 0x000001ef5b021740,
0x000001ef5b0221e0, 0x000001ef5b318b70, 0x000001ef5b31cfd0, 0x000001ef5bca2070,
0x000001ef5b7e7e60, 0x000001efa34abfd0
}

Java Threads: ( => current thread )
  0x000001ef3c6f9140 JavaThread "main"                              [_thread_blocked, id=6160, stack(0x000000501ea00000,0x000000501eb00000) (1024K)]
  0x000001ef5b011de0 JavaThread "Reference Handler"          daemon [_thread_blocked, id=12748, stack(0x000000501f200000,0x000000501f300000) (1024K)]
  0x000001ef5b015960 JavaThread "Finalizer"                  daemon [_thread_blocked, id=16612, stack(0x000000501f300000,0x000000501f400000) (1024K)]
  0x000001ef5b01b290 JavaThread "Signal Dispatcher"          daemon [_thread_blocked, id=24680, stack(0x000000501f400000,0x000000501f500000) (1024K)]
  0x000001ef5b01be20 JavaThread "Attach Listener"            daemon [_thread_blocked, id=14440, stack(0x000000501f500000,0x000000501f600000) (1024K)]
  0x000001ef5b01fc20 JavaThread "Service Thread"             daemon [_thread_blocked, id=6908, stack(0x000000501f600000,0x000000501f700000) (1024K)]
  0x000001ef5b023880 JavaThread "Monitor Deflation Thread"   daemon [_thread_blocked, id=18808, stack(0x000000501f700000,0x000000501f800000) (1024K)]
  0x000001ef5b021740 JavaThread "C2 CompilerThread0"         daemon [_thread_blocked, id=25956, stack(0x000000501f800000,0x000000501f900000) (1024K)]
  0x000001ef5b0221e0 JavaThread "C1 CompilerThread0"         daemon [_thread_blocked, id=25780, stack(0x000000501f900000,0x000000501fa00000) (1024K)]
  0x000001ef5b318b70 JavaThread "Notification Thread"        daemon [_thread_blocked, id=26456, stack(0x000000501fa00000,0x000000501fb00000) (1024K)]
  0x000001ef5b31cfd0 JavaThread "Common-Cleaner"             daemon [_thread_blocked, id=30020, stack(0x000000501fb00000,0x000000501fc00000) (1024K)]
  0x000001ef5bca2070 JavaThread "surefire-forkedjvm-stream-flusher" daemon [_thread_blocked, id=9388, stack(0x000000501fd00000,0x000000501fe00000) (1024K)]
  0x000001ef5b7e7e60 JavaThread "surefire-forkedjvm-command-thread" daemon [_thread_blocked, id=26492, stack(0x000000501fe00000,0x000000501ff00000) (1024K)]
  0x000001efa34abfd0 JavaThread "C2 CompilerThread1"         daemon [_thread_blocked, id=30548, stack(0x0000005020600000,0x0000005020700000) (1024K)]
Total: 14

Other Threads:
=>0x000001ef5aff3500 VMThread "VM Thread"                           [id=27660, stack(0x000000501f100000,0x000000501f200000) (1024K)]
  0x000001ef5afdf610 WatcherThread "VM Periodic Task Thread"        [id=27104, stack(0x000000501f000000,0x000000501f100000) (1024K)]
  0x000001ef3c74c320 WorkerThread "GC Thread#0"                     [id=14280, stack(0x000000501eb00000,0x000000501ec00000) (1024K)]
  0x000001efa135aa50 WorkerThread "GC Thread#1"                     [id=22948, stack(0x000000501fc00000,0x000000501fd00000) (1024K)]
  0x000001efa135b210 WorkerThread "GC Thread#2"                     [id=7716, stack(0x000000501ff00000,0x0000005020000000) (1024K)]
  0x000001efa1393ee0 WorkerThread "GC Thread#3"                     [id=14476, stack(0x0000005020000000,0x0000005020100000) (1024K)]
  0x000001efa1394290 WorkerThread "GC Thread#4"                     [id=12236, stack(0x0000005020100000,0x0000005020200000) (1024K)]
  0x000001efa1394640 WorkerThread "GC Thread#5"                     [id=22308, stack(0x0000005020200000,0x0000005020300000) (1024K)]
  0x000001efa139aa10 WorkerThread "GC Thread#6"                     [id=24908, stack(0x0000005020300000,0x0000005020400000) (1024K)]
  0x000001efa172d660 WorkerThread "GC Thread#7"                     [id=23064, stack(0x0000005020500000,0x0000005020600000) (1024K)]
  0x000001ef3c75cda0 ConcurrentGCThread "G1 Main Marker"            [id=15280, stack(0x000000501ec00000,0x000000501ed00000) (1024K)]
  0x000001ef3c75e640 WorkerThread "G1 Conc#0"                       [id=24612, stack(0x000000501ed00000,0x000000501ee00000) (1024K)]
  0x000001efa1a004a0 WorkerThread "G1 Conc#1"                       [id=8848, stack(0x0000005020700000,0x0000005020800000) (1024K)]
  0x000001ef3c7beb40 ConcurrentGCThread "G1 Refine#0"               [id=28564, stack(0x000000501ee00000,0x000000501ef00000) (1024K)]
  0x000001ef5aeb17c0 ConcurrentGCThread "G1 Service"                [id=22400, stack(0x000000501ef00000,0x000000501f000000) (1024K)]
Total: 15

Threads with active compile tasks:
C2 CompilerThread0    11773 4457       4       org.springframework.core.ResolvableType::forType (112 bytes)
C2 CompilerThread1    11773 4722       4       org.springframework.core.ResolvableType::getInterfaces (68 bytes)
Total: 2

VM state: at safepoint (normal execution)

VM Mutex/Monitor currently owned by a thread:  ([mutex/lock_event])
[0x00007ffd69be9f10] Threads_lock - owner thread: 0x000001ef5aff3500
[0x00007ffd69bea010] Heap_lock - owner thread: 0x000001ef3c6f9140

Heap address: 0x0000000082400000, size: 2012 MB, Compressed Oops mode: 32-bit

CDS archive(s) mapped at: [0x000001ef5c000000-0x000001ef5cc90000-0x000001ef5cc90000), size 13172736, SharedBaseAddress: 0x000001ef5c000000, ArchiveRelocationMode: 1.
Compressed class space mapped at: 0x000001ef5d000000-0x000001ef9d000000, reserved size: 1073741824
Narrow klass base: 0x000001ef5c000000, Narrow klass shift: 0, Narrow klass range: 0x100000000

GC Precious Log:
 CardTable entry size: 512
 Card Set container configuration: InlinePtr #cards 5 size 8 Array Of Cards #cards 12 size 40 Howl #buckets 4 coarsen threshold 1843 Howl Bitmap #cards 512 size 80 coarsen threshold 460 Card regions per heap region 1 cards per card region 2048
 CPUs: 8 total, 8 available
 Memory: 8040M
 Large Page Support: Disabled
 NUMA Support: Disabled
 Compressed Oops: Enabled (32-bit)
 Heap Region Size: 1M
 Heap Min Capacity: 8M
 Heap Initial Capacity: 126M
 Heap Max Capacity: 2012M
 Pre-touch: Disabled
 Parallel Workers: 8
 Concurrent Workers: 2
 Concurrent Refinement Workers: 8
 Periodic GC: Disabled

Heap:
 garbage-first heap   total 73728K, used 30182K [0x0000000082400000, 0x0000000100000000)
  region size 1024K, 1 young (1024K), 1 survivors (1024K)
 Metaspace       used 42477K, committed 42944K, reserved 1114112K
  class space    used 5422K, committed 5632K, reserved 1048576K

Heap Regions: E=young(eden), S=young(survivor), O=old, HS=humongous(starts), HC=humongous(continues), CS=collection set, F=free, TAMS=top-at-mark-start, PB=parsable bottom
|   0|0x0000000082400000, 0x0000000082500000, 0x0000000082500000|100%|HS|  |TAMS 0x0000000082400000| PB 0x0000000082400000| Complete 
|   1|0x0000000082500000, 0x0000000082600000, 0x0000000082600000|100%| O|  |TAMS 0x0000000082500000| PB 0x0000000082500000| Untracked 
|   2|0x0000000082600000, 0x0000000082700000, 0x0000000082700000|100%| O|  |TAMS 0x0000000082600000| PB 0x0000000082600000| Untracked 
|   3|0x0000000082700000, 0x0000000082800000, 0x0000000082800000|100%| O|  |TAMS 0x0000000082700000| PB 0x0000000082700000| Untracked 
|   4|0x0000000082800000, 0x0000000082900000, 0x0000000082900000|100%| O|  |TAMS 0x0000000082800000| PB 0x0000000082800000| Untracked 
|   5|0x0000000082900000, 0x0000000082a00000, 0x0000000082a00000|100%| O|  |TAMS 0x0000000082900000| PB 0x0000000082900000| Untracked 
|   6|0x0000000082a00000, 0x0000000082b00000, 0x0000000082b00000|100%| O|  |TAMS 0x0000000082a00000| PB 0x0000000082a00000| Untracked 
|   7|0x0000000082b00000, 0x0000000082c00000, 0x0000000082c00000|100%| O|  |TAMS 0x0000000082b00000| PB 0x0000000082b00000| Untracked 
|   8|0x0000000082c00000, 0x0000000082d00000, 0x0000000082d00000|100%| O|  |TAMS 0x0000000082c00000| PB 0x0000000082c00000| Untracked 
|   9|0x0000000082d00000, 0x0000000082e00000, 0x0000000082e00000|100%| O|  |TAMS 0x0000000082d00000| PB 0x0000000082d00000| Untracked 
|  10|0x0000000082e00000, 0x0000000082f00000, 0x0000000082f00000|100%| O|  |TAMS 0x0000000082e00000| PB 0x0000000082e00000| Untracked 
|  11|0x0000000082f00000, 0x0000000083000000, 0x0000000083000000|100%| O|  |TAMS 0x0000000082f00000| PB 0x0000000082f00000| Untracked 
|  12|0x0000000083000000, 0x0000000083100000, 0x0000000083100000|100%| O|  |TAMS 0x0000000083000000| PB 0x0000000083000000| Untracked 
|  13|0x0000000083100000, 0x0000000083200000, 0x0000000083200000|100%| O|  |TAMS 0x0000000083100000| PB 0x0000000083100000| Untracked 
|  14|0x0000000083200000, 0x0000000083300000, 0x0000000083300000|100%| O|  |TAMS 0x0000000083200000| PB 0x0000000083200000| Untracked 
|  15|0x0000000083300000, 0x0000000083400000, 0x0000000083400000|100%| O|  |TAMS 0x0000000083300000| PB 0x0000000083300000| Untracked 
|  16|0x0000000083400000, 0x0000000083500000, 0x0000000083500000|100%| O|  |TAMS 0x0000000083400000| PB 0x0000000083400000| Untracked 
|  17|0x0000000083500000, 0x0000000083600000, 0x0000000083600000|100%| O|  |TAMS 0x0000000083500000| PB 0x0000000083500000| Untracked 
|  18|0x0000000083600000, 0x0000000083700000, 0x0000000083700000|100%| O|  |TAMS 0x0000000083600000| PB 0x0000000083600000| Untracked 
|  19|0x0000000083700000, 0x0000000083800000, 0x0000000083800000|100%| O|  |TAMS 0x0000000083700000| PB 0x0000000083700000| Untracked 
|  20|0x0000000083800000, 0x0000000083900000, 0x0000000083900000|100%| O|  |TAMS 0x0000000083800000| PB 0x0000000083800000| Untracked 
|  21|0x0000000083900000, 0x0000000083a00000, 0x0000000083a00000|100%| O|  |TAMS 0x0000000083900000| PB 0x0000000083900000| Untracked 
|  22|0x0000000083a00000, 0x0000000083b00000, 0x0000000083b00000|100%| O|  |TAMS 0x0000000083a00000| PB 0x0000000083a00000| Untracked 
|  23|0x0000000083b00000, 0x0000000083c00000, 0x0000000083c00000|100%| O|  |TAMS 0x0000000083b00000| PB 0x0000000083b00000| Untracked 
|  24|0x0000000083c00000, 0x0000000083d00000, 0x0000000083d00000|100%| O|  |TAMS 0x0000000083c00000| PB 0x0000000083c00000| Untracked 
|  25|0x0000000083d00000, 0x0000000083e00000, 0x0000000083e00000|100%| O|  |TAMS 0x0000000083d00000| PB 0x0000000083d00000| Untracked 
|  26|0x0000000083e00000, 0x0000000083f00000, 0x0000000083f00000|100%| O|  |TAMS 0x0000000083e00000| PB 0x0000000083e00000| Untracked 
|  27|0x0000000083f00000, 0x0000000084000000, 0x0000000084000000|100%| O|  |TAMS 0x0000000083f00000| PB 0x0000000083f00000| Untracked 
|  28|0x0000000084000000, 0x0000000084100000, 0x0000000084100000|100%| O|  |TAMS 0x0000000084000000| PB 0x0000000084000000| Untracked 
|  29|0x0000000084100000, 0x0000000084100000, 0x0000000084200000|  0%| F|  |TAMS 0x0000000084100000| PB 0x0000000084100000| Untracked 
|  30|0x0000000084200000, 0x0000000084200000, 0x0000000084300000|  0%| F|  |TAMS 0x0000000084200000| PB 0x0000000084200000| Untracked 
|  31|0x0000000084300000, 0x0000000084300000, 0x0000000084400000|  0%| F|  |TAMS 0x0000000084300000| PB 0x0000000084300000| Untracked 
|  32|0x0000000084400000, 0x0000000084400000, 0x0000000084500000|  0%| F|  |TAMS 0x0000000084400000| PB 0x0000000084400000| Untracked 
|  33|0x0000000084500000, 0x0000000084500000, 0x0000000084600000|  0%| F|  |TAMS 0x0000000084500000| PB 0x0000000084500000| Untracked 
|  34|0x0000000084600000, 0x0000000084600000, 0x0000000084700000|  0%| F|  |TAMS 0x0000000084600000| PB 0x0000000084600000| Untracked 
|  35|0x0000000084700000, 0x0000000084700000, 0x0000000084800000|  0%| F|  |TAMS 0x0000000084700000| PB 0x0000000084700000| Untracked 
|  36|0x0000000084800000, 0x0000000084800000, 0x0000000084900000|  0%| F|  |TAMS 0x0000000084800000| PB 0x0000000084800000| Untracked 
|  37|0x0000000084900000, 0x0000000084900000, 0x0000000084a00000|  0%| F|  |TAMS 0x0000000084900000| PB 0x0000000084900000| Untracked 
|  38|0x0000000084a00000, 0x0000000084a00000, 0x0000000084b00000|  0%| F|  |TAMS 0x0000000084a00000| PB 0x0000000084a00000| Untracked 
|  39|0x0000000084b00000, 0x0000000084b00000, 0x0000000084c00000|  0%| F|  |TAMS 0x0000000084b00000| PB 0x0000000084b00000| Untracked 
|  40|0x0000000084c00000, 0x0000000084c00000, 0x0000000084d00000|  0%| F|  |TAMS 0x0000000084c00000| PB 0x0000000084c00000| Untracked 
|  41|0x0000000084d00000, 0x0000000084d00000, 0x0000000084e00000|  0%| F|  |TAMS 0x0000000084d00000| PB 0x0000000084d00000| Untracked 
|  42|0x0000000084e00000, 0x0000000084e00000, 0x0000000084f00000|  0%| F|  |TAMS 0x0000000084e00000| PB 0x0000000084e00000| Untracked 
|  43|0x0000000084f00000, 0x0000000084f00000, 0x0000000085000000|  0%| F|  |TAMS 0x0000000084f00000| PB 0x0000000084f00000| Untracked 
|  44|0x0000000085000000, 0x0000000085000000, 0x0000000085100000|  0%| F|  |TAMS 0x0000000085000000| PB 0x0000000085000000| Untracked 
|  45|0x0000000085100000, 0x0000000085100000, 0x0000000085200000|  0%| F|  |TAMS 0x0000000085100000| PB 0x0000000085100000| Untracked 
|  46|0x0000000085200000, 0x0000000085200000, 0x0000000085300000|  0%| F|  |TAMS 0x0000000085200000| PB 0x0000000085200000| Untracked 
|  47|0x0000000085300000, 0x0000000085300000, 0x0000000085400000|  0%| F|  |TAMS 0x0000000085300000| PB 0x0000000085300000| Untracked 
|  48|0x0000000085400000, 0x0000000085400000, 0x0000000085500000|  0%| F|  |TAMS 0x0000000085400000| PB 0x0000000085400000| Untracked 
|  49|0x0000000085500000, 0x0000000085500000, 0x0000000085600000|  0%| F|  |TAMS 0x0000000085500000| PB 0x0000000085500000| Untracked 
|  50|0x0000000085600000, 0x0000000085600000, 0x0000000085700000|  0%| F|  |TAMS 0x0000000085600000| PB 0x0000000085600000| Untracked 
|  51|0x0000000085700000, 0x0000000085700000, 0x0000000085800000|  0%| F|  |TAMS 0x0000000085700000| PB 0x0000000085700000| Untracked 
|  52|0x0000000085800000, 0x0000000085800000, 0x0000000085900000|  0%| F|  |TAMS 0x0000000085800000| PB 0x0000000085800000| Untracked 
|  53|0x0000000085900000, 0x0000000085900000, 0x0000000085a00000|  0%| F|  |TAMS 0x0000000085900000| PB 0x0000000085900000| Untracked 
|  54|0x0000000085a00000, 0x0000000085a00000, 0x0000000085b00000|  0%| F|  |TAMS 0x0000000085a00000| PB 0x0000000085a00000| Untracked 
|  55|0x0000000085b00000, 0x0000000085b00000, 0x0000000085c00000|  0%| F|  |TAMS 0x0000000085b00000| PB 0x0000000085b00000| Untracked 
|  56|0x0000000085c00000, 0x0000000085c00000, 0x0000000085d00000|  0%| F|  |TAMS 0x0000000085c00000| PB 0x0000000085c00000| Untracked 
|  57|0x0000000085d00000, 0x0000000085d00000, 0x0000000085e00000|  0%| F|  |TAMS 0x0000000085d00000| PB 0x0000000085d00000| Untracked 
|  58|0x0000000085e00000, 0x0000000085e00000, 0x0000000085f00000|  0%| F|  |TAMS 0x0000000085e00000| PB 0x0000000085e00000| Untracked 
|  59|0x0000000085f00000, 0x0000000085f00000, 0x0000000086000000|  0%| F|  |TAMS 0x0000000085f00000| PB 0x0000000085f00000| Untracked 
|  60|0x0000000086000000, 0x0000000086000000, 0x0000000086100000|  0%| F|  |TAMS 0x0000000086000000| PB 0x0000000086000000| Untracked 
|  61|0x0000000086100000, 0x0000000086100000, 0x0000000086200000|  0%| F|  |TAMS 0x0000000086100000| PB 0x0000000086100000| Untracked 
|  62|0x0000000086200000, 0x0000000086200000, 0x0000000086300000|  0%| F|  |TAMS 0x0000000086200000| PB 0x0000000086200000| Untracked 
|  63|0x0000000086300000, 0x0000000086300000, 0x0000000086400000|  0%| F|  |TAMS 0x0000000086300000| PB 0x0000000086300000| Untracked 
|  64|0x0000000086400000, 0x0000000086400000, 0x0000000086500000|  0%| F|  |TAMS 0x0000000086400000| PB 0x0000000086400000| Untracked 
| 115|0x0000000089700000, 0x0000000089700000, 0x0000000089800000|  0%| F|  |TAMS 0x0000000089700000| PB 0x0000000089700000| Untracked 
| 116|0x0000000089800000, 0x0000000089800000, 0x0000000089900000|  0%| F|  |TAMS 0x0000000089800000| PB 0x0000000089800000| Untracked 
| 117|0x0000000089900000, 0x0000000089900000, 0x0000000089a00000|  0%| F|  |TAMS 0x0000000089900000| PB 0x0000000089900000| Untracked 
| 118|0x0000000089a00000, 0x0000000089a798c0, 0x0000000089b00000| 47%| S|CS|TAMS 0x0000000089a00000| PB 0x0000000089a00000| Complete 
| 119|0x0000000089b00000, 0x0000000089b00000, 0x0000000089c00000|  0%| F|  |TAMS 0x0000000089b00000| PB 0x0000000089b00000| Untracked 
| 120|0x0000000089c00000, 0x0000000089c00000, 0x0000000089d00000|  0%| F|  |TAMS 0x0000000089c00000| PB 0x0000000089c00000| Untracked 
| 125|0x000000008a100000, 0x000000008a100000, 0x000000008a200000|  0%| F|  |TAMS 0x000000008a100000| PB 0x000000008a100000| Untracked 

Card table byte_map: [0x000001ef561f0000,0x000001ef565e0000] _byte_map_base: 0x000001ef55dde000

Marking Bits: (CMBitMap*) 0x000001ef3c74c940
 Bits: [0x000001ef565e0000, 0x000001ef58550000)

Polling page: 0x000001ef3cb60000

Metaspace:

Usage:
  Non-class:     36.19 MB used.
      Class:      5.30 MB used.
       Both:     41.48 MB used.

Virtual space:
  Non-class space:       64.00 MB reserved,      36.44 MB ( 57%) committed,  1 nodes.
      Class space:        1.00 GB reserved,       5.50 MB ( <1%) committed,  1 nodes.
             Both:        1.06 GB reserved,      41.94 MB (  4%) committed. 

Chunk freelists:
   Non-Class:  11.36 MB
       Class:  10.53 MB
        Both:  21.89 MB

MaxMetaspaceSize: unlimited
CompressedClassSpaceSize: 1.00 GB
Initial GC threshold: 21.00 MB
Current GC threshold: 59.38 MB
CDS: on
 - commit_granule_bytes: 65536.
 - commit_granule_words: 8192.
 - virtual_space_node_default_size: 8388608.
 - enlarge_chunks_in_place: 1.
 - use_allocation_guard: 0.


Internal statistics:

num_allocs_failed_limit: 6.
num_arena_births: 538.
num_arena_deaths: 0.
num_vsnodes_births: 2.
num_vsnodes_deaths: 0.
num_space_committed: 671.
num_space_uncommitted: 0.
num_chunks_returned_to_freelist: 6.
num_chunks_taken_from_freelist: 2071.
num_chunk_merges: 6.
num_chunk_splits: 1476.
num_chunks_enlarged: 1140.
num_inconsistent_stats: 0.

CodeHeap 'non-profiled nmethods': size=120000Kb used=2488Kb max_used=2488Kb free=117511Kb
 bounds [0x000001ef4de70000, 0x000001ef4e0e0000, 0x000001ef553a0000]
CodeHeap 'profiled nmethods': size=120000Kb used=8999Kb max_used=8999Kb free=111000Kb
 bounds [0x000001ef463a0000, 0x000001ef46c70000, 0x000001ef4d8d0000]
CodeHeap 'non-nmethods': size=5760Kb used=1511Kb max_used=1588Kb free=4248Kb
 bounds [0x000001ef4d8d0000, 0x000001ef4db40000, 0x000001ef4de70000]
 total_blobs=5095 nmethods=4515 adapters=484
 compilation: enabled
              stopped_count=0, restarted_count=0
 full_count=0

Compilation events (20 events):
Event: 9.553 Thread 0x000001ef5b0221e0 4964       1       org.springframework.beans.factory.config.ConstructorArgumentValues$ValueHolder::getValue (5 bytes)
Event: 9.553 Thread 0x000001ef5b0221e0 nmethod 4964 0x000001ef4e0ddc90 code [0x000001ef4e0dde20, 0x000001ef4e0ddee8]
Event: 9.567 Thread 0x000001ef5b0221e0 4970       2       java.lang.PublicMethods::toArray (76 bytes)
Event: 9.568 Thread 0x000001ef5b0221e0 nmethod 4970 0x000001ef46c65d90 code [0x000001ef46c65f80, 0x000001ef46c66400]
Event: 9.570 Thread 0x000001ef5b0221e0 4971       2       org.springframework.core.annotation.AnnotationsScanner::processClassHierarchy (17 bytes)
Event: 9.570 Thread 0x000001ef5b0221e0 nmethod 4971 0x000001ef46c66610 code [0x000001ef46c667c0, 0x000001ef46c66980]
Event: 9.570 Thread 0x000001ef5b0221e0 4972       3       org.springframework.util.ConcurrentReferenceHashMap$Segment::findInChain (66 bytes)
Event: 9.570 Thread 0x000001ef5b0221e0 nmethod 4972 0x000001ef46c66a90 code [0x000001ef46c66c80, 0x000001ef46c671f8]
Event: 9.571 Thread 0x000001ef5b0221e0 4973   !   2       jdk.proxy2.$Proxy21::annotationType (29 bytes)
Event: 9.571 Thread 0x000001ef5b0221e0 nmethod 4973 0x000001ef46c67410 code [0x000001ef46c675e0, 0x000001ef46c67870]
Event: 9.573 Thread 0x000001ef5b0221e0 4974       1       org.springframework.beans.factory.support.RootBeanDefinition::getResolvedFactoryMethod (5 bytes)
Event: 9.573 Thread 0x000001ef5b0221e0 nmethod 4974 0x000001ef4e0ddf90 code [0x000001ef4e0de120, 0x000001ef4e0de1f0]
Event: 9.574 Thread 0x000001ef5b0221e0 4976   !   2       jdk.proxy2.$Proxy34::annotationType (29 bytes)
Event: 9.574 Thread 0x000001ef5b0221e0 nmethod 4976 0x000001ef46c67a10 code [0x000001ef46c67be0, 0x000001ef46c67e70]
Event: 9.575 Thread 0x000001ef5b0221e0 4977       2       org.springframework.core.BridgeMethodResolver::resolveBridgeMethod (165 bytes)
Event: 9.575 Thread 0x000001ef5b0221e0 nmethod 4977 0x000001ef46c68010 code [0x000001ef46c68240, 0x000001ef46c68808]
Event: 9.575 Thread 0x000001ef5b0221e0 4979       2       org.springframework.beans.factory.support.DefaultListableBeanFactory::findAnnotationOnBean (174 bytes)
Event: 9.576 Thread 0x000001ef5b0221e0 nmethod 4979 0x000001ef46c68c10 code [0x000001ef46c68ee0, 0x000001ef46c69608]
Event: 9.576 Thread 0x000001ef5b0221e0 4980       2       jdk.proxy1.$Proxy0::<init> (6 bytes)
Event: 9.577 Thread 0x000001ef5b0221e0 nmethod 4980 0x000001ef46c69a90 code [0x000001ef46c69c40, 0x000001ef46c69e68]

GC Heap History (20 events):
Event: 4.145 GC heap after
{Heap after GC invocations=4 (full 0):
 garbage-first heap   total 129024K, used 16697K [0x0000000082400000, 0x0000000100000000)
  region size 1024K, 6 young (6144K), 6 survivors (6144K)
 Metaspace       used 21221K, committed 21504K, reserved 1114112K
  class space    used 2792K, committed 2944K, reserved 1048576K
}
Event: 4.747 GC heap before
{Heap before GC invocations=5 (full 0):
 garbage-first heap   total 61440K, used 47417K [0x0000000082400000, 0x0000000100000000)
  region size 1024K, 36 young (36864K), 6 survivors (6144K)
 Metaspace       used 28671K, committed 29056K, reserved 1114112K
  class space    used 3619K, committed 3776K, reserved 1048576K
}
Event: 4.754 GC heap after
{Heap after GC invocations=6 (full 0):
 garbage-first heap   total 61440K, used 18114K [0x0000000082400000, 0x0000000100000000)
  region size 1024K, 2 young (2048K), 2 survivors (2048K)
 Metaspace       used 28671K, committed 29056K, reserved 1114112K
  class space    used 3619K, committed 3776K, reserved 1048576K
}
Event: 6.490 GC heap before
{Heap before GC invocations=6 (full 0):
 garbage-first heap   total 61440K, used 45762K [0x0000000082400000, 0x0000000100000000)
  region size 1024K, 30 young (30720K), 2 survivors (2048K)
 Metaspace       used 32156K, committed 32512K, reserved 1114112K
  class space    used 4024K, committed 4224K, reserved 1048576K
}
Event: 6.495 GC heap after
{Heap after GC invocations=7 (full 0):
 garbage-first heap   total 61440K, used 22056K [0x0000000082400000, 0x0000000100000000)
  region size 1024K, 4 young (4096K), 4 survivors (4096K)
 Metaspace       used 32156K, committed 32512K, reserved 1114112K
  class space    used 4024K, committed 4224K, reserved 1048576K
}
Event: 6.913 GC heap before
{Heap before GC invocations=7 (full 0):
 garbage-first heap   total 61440K, used 47656K [0x0000000082400000, 0x0000000100000000)
  region size 1024K, 29 young (29696K), 4 survivors (4096K)
 Metaspace       used 34553K, committed 34944K, reserved 1114112K
  class space    used 4267K, committed 4480K, reserved 1048576K
}
Event: 6.919 GC heap after
{Heap after GC invocations=8 (full 0):
 garbage-first heap   total 61440K, used 25404K [0x0000000082400000, 0x0000000100000000)
  region size 1024K, 3 young (3072K), 3 survivors (3072K)
 Metaspace       used 34553K, committed 34944K, reserved 1114112K
  class space    used 4267K, committed 4480K, reserved 1048576K
}
Event: 7.194 GC heap before
{Heap before GC invocations=8 (full 0):
 garbage-first heap   total 61440K, used 39740K [0x0000000082400000, 0x0000000100000000)
  region size 1024K, 18 young (18432K), 3 survivors (3072K)
 Metaspace       used 35962K, committed 36288K, reserved 1114112K
  class space    used 4498K, committed 4672K, reserved 1048576K
}
Event: 7.200 GC heap after
{Heap after GC invocations=9 (full 0):
 garbage-first heap   total 61440K, used 26335K [0x0000000082400000, 0x0000000100000000)
  region size 1024K, 1 young (1024K), 1 survivors (1024K)
 Metaspace       used 35962K, committed 36288K, reserved 1114112K
  class space    used 4498K, committed 4672K, reserved 1048576K
}
Event: 7.806 GC heap before
{Heap before GC invocations=10 (full 0):
 garbage-first heap   total 61440K, used 50911K [0x0000000082400000, 0x0000000100000000)
  region size 1024K, 25 young (25600K), 1 survivors (1024K)
 Metaspace       used 39300K, committed 39680K, reserved 1114112K
  class space    used 4991K, committed 5184K, reserved 1048576K
}
Event: 7.812 GC heap after
{Heap after GC invocations=11 (full 0):
 garbage-first heap   total 61440K, used 28383K [0x0000000082400000, 0x0000000100000000)
  region size 1024K, 3 young (3072K), 3 survivors (3072K)
 Metaspace       used 39300K, committed 39680K, reserved 1114112K
  class space    used 4991K, committed 5184K, reserved 1048576K
}
Event: 8.397 GC heap before
{Heap before GC invocations=11 (full 0):
 garbage-first heap   total 61440K, used 51935K [0x0000000082400000, 0x0000000100000000)
  region size 1024K, 26 young (26624K), 3 survivors (3072K)
 Metaspace       used 41625K, committed 42112K, reserved 1114112K
  class space    used 5332K, committed 5568K, reserved 1048576K
}
Event: 9.415 GC heap after
{Heap after GC invocations=12 (full 0):
 garbage-first heap   total 73728K, used 29670K [0x0000000082400000, 0x0000000100000000)
  region size 1024K, 4 young (4096K), 4 survivors (4096K)
 Metaspace       used 41625K, committed 42112K, reserved 1114112K
  class space    used 5332K, committed 5568K, reserved 1048576K
}
Event: 9.452 GC heap before
{Heap before GC invocations=12 (full 0):
 garbage-first heap   total 73728K, used 30694K [0x0000000082400000, 0x0000000100000000)
  region size 1024K, 5 young (5120K), 4 survivors (4096K)
 Metaspace       used 41953K, committed 42368K, reserved 1114112K
  class space    used 5368K, committed 5568K, reserved 1048576K
}
Event: 9.457 GC heap after
{Heap after GC invocations=13 (full 0):
 garbage-first heap   total 73728K, used 30340K [0x0000000082400000, 0x0000000100000000)
  region size 1024K, 1 young (1024K), 1 survivors (1024K)
 Metaspace       used 41953K, committed 42368K, reserved 1114112K
  class space    used 5368K, committed 5568K, reserved 1048576K
}
Event: 9.506 GC heap before
{Heap before GC invocations=13 (full 0):
 garbage-first heap   total 73728K, used 32388K [0x0000000082400000, 0x0000000100000000)
  region size 1024K, 3 young (3072K), 1 survivors (1024K)
 Metaspace       used 42180K, committed 42624K, reserved 1114112K
  class space    used 5387K, committed 5568K, reserved 1048576K
}
Event: 9.507 GC heap after
{Heap after GC invocations=14 (full 0):
 garbage-first heap   total 73728K, used 29867K [0x0000000082400000, 0x0000000100000000)
  region size 1024K, 1 young (1024K), 1 survivors (1024K)
 Metaspace       used 42180K, committed 42624K, reserved 1114112K
  class space    used 5387K, committed 5568K, reserved 1048576K
}
Event: 9.542 GC heap before
{Heap before GC invocations=14 (full 0):
 garbage-first heap   total 73728K, used 31915K [0x0000000082400000, 0x0000000100000000)
  region size 1024K, 3 young (3072K), 1 survivors (1024K)
 Metaspace       used 42326K, committed 42816K, reserved 1114112K
  class space    used 5398K, committed 5632K, reserved 1048576K
}
Event: 9.544 GC heap after
{Heap after GC invocations=15 (full 0):
 garbage-first heap   total 73728K, used 29921K [0x0000000082400000, 0x0000000100000000)
  region size 1024K, 1 young (1024K), 1 survivors (1024K)
 Metaspace       used 42326K, committed 42816K, reserved 1114112K
  class space    used 5398K, committed 5632K, reserved 1048576K
}
Event: 9.578 GC heap before
{Heap before GC invocations=15 (full 0):
 garbage-first heap   total 73728K, used 31969K [0x0000000082400000, 0x0000000100000000)
  region size 1024K, 3 young (3072K), 1 survivors (1024K)
 Metaspace       used 42477K, committed 42944K, reserved 1114112K
  class space    used 5422K, committed 5632K, reserved 1048576K
}

Dll operation events (9 events):
Event: 0.009 Loaded shared library D:\mailon\Java\jdk-21.0.10\bin\java.dll
Event: 0.043 Loaded shared library D:\mailon\Java\jdk-21.0.10\bin\jsvml.dll
Event: 0.062 Loaded shared library D:\mailon\Java\jdk-21.0.10\bin\net.dll
Event: 0.064 Loaded shared library D:\mailon\Java\jdk-21.0.10\bin\nio.dll
Event: 0.068 Loaded shared library D:\mailon\Java\jdk-21.0.10\bin\zip.dll
Event: 0.137 Loaded shared library D:\mailon\Java\jdk-21.0.10\bin\management.dll
Event: 0.142 Loaded shared library D:\mailon\Java\jdk-21.0.10\bin\management_ext.dll
Event: 0.164 Loaded shared library D:\mailon\Java\jdk-21.0.10\bin\jimage.dll
Event: 4.988 Loaded shared library D:\mailon\Java\jdk-21.0.10\bin\sunmscapi.dll

Deoptimization events (20 events):
Event: 8.316 Thread 0x000001ef3c6f9140 Uncommon trap: trap_request=0xffffffd6 fr.pc=0x000001ef4e0b484c relative=0x000000000000396c
Event: 8.316 Thread 0x000001ef3c6f9140 Uncommon trap: reason=array_check action=maybe_recompile pc=0x000001ef4e0b484c method=org.springframework.util.ConcurrentReferenceHashMap$Segment.lambda$doTask$0(Ljava/lang/Object;ILorg/springframework/util/ConcurrentReferenceHashMap$Reference;ILjava/lang
Event: 8.316 Thread 0x000001ef3c6f9140 DEOPT PACKING pc=0x000001ef4e0b484c sp=0x000000501eafb1b0
Event: 8.316 Thread 0x000001ef3c6f9140 DEOPT UNPACKING pc=0x000001ef4d9246a2 sp=0x000000501eaface0 mode 2
Event: 8.330 Thread 0x000001ef3c6f9140 Uncommon trap: trap_request=0xffffff45 fr.pc=0x000001ef4df8ab30 relative=0x0000000000000110
Event: 8.330 Thread 0x000001ef3c6f9140 Uncommon trap: reason=unstable_if action=reinterpret pc=0x000001ef4df8ab30 method=org.springframework.util.ObjectUtils.nullSafeEquals(Ljava/lang/Object;Ljava/lang/Object;)Z @ 12 c2
Event: 8.330 Thread 0x000001ef3c6f9140 DEOPT PACKING pc=0x000001ef4df8ab30 sp=0x000000501eafbce0
Event: 8.330 Thread 0x000001ef3c6f9140 DEOPT UNPACKING pc=0x000001ef4d9246a2 sp=0x000000501eafbc80 mode 2
Event: 8.378 Thread 0x000001ef3c6f9140 Uncommon trap: trap_request=0xffffff45 fr.pc=0x000001ef4df2c11c relative=0x000000000000025c
Event: 8.378 Thread 0x000001ef3c6f9140 Uncommon trap: reason=unstable_if action=reinterpret pc=0x000001ef4df2c11c method=jdk.internal.org.objectweb.asm.Frame.push(I)V @ 26 c2
Event: 8.378 Thread 0x000001ef3c6f9140 DEOPT PACKING pc=0x000001ef4df2c11c sp=0x000000501eafa2c0
Event: 8.378 Thread 0x000001ef3c6f9140 DEOPT UNPACKING pc=0x000001ef4d9246a2 sp=0x000000501eafa268 mode 2
Event: 9.426 Thread 0x000001ef3c6f9140 Uncommon trap: trap_request=0xffffff45 fr.pc=0x000001ef4dece2ac relative=0x000000000000010c
Event: 9.426 Thread 0x000001ef3c6f9140 Uncommon trap: reason=unstable_if action=reinterpret pc=0x000001ef4dece2ac method=jdk.internal.org.objectweb.asm.ByteVector.putShort(I)Ljdk/internal/org/objectweb/asm/ByteVector; @ 13 c2
Event: 9.426 Thread 0x000001ef3c6f9140 DEOPT PACKING pc=0x000001ef4dece2ac sp=0x000000501eaf98b0
Event: 9.426 Thread 0x000001ef3c6f9140 DEOPT UNPACKING pc=0x000001ef4d9246a2 sp=0x000000501eaf9838 mode 2
Event: 9.540 Thread 0x000001ef3c6f9140 Uncommon trap: trap_request=0xffffff45 fr.pc=0x000001ef4de862fc relative=0x00000000000004dc
Event: 9.540 Thread 0x000001ef3c6f9140 Uncommon trap: reason=unstable_if action=reinterpret pc=0x000001ef4de862fc method=org.springframework.beans.factory.support.AbstractBeanFactory.getBeanPostProcessorCache()Lorg/springframework/beans/factory/support/AbstractBeanFactory$BeanPostProcessorCach
Event: 9.540 Thread 0x000001ef3c6f9140 DEOPT PACKING pc=0x000001ef4de862fc sp=0x000000501eafbd00
Event: 9.540 Thread 0x000001ef3c6f9140 DEOPT UNPACKING pc=0x000001ef4d9246a2 sp=0x000000501eafbbc0 mode 2

Classes loaded (20 events):
Event: 8.374 Loading class java/lang/invoke/MethodHandleImpl$Makers
Event: 8.374 Loading class java/lang/invoke/MethodHandleImpl$Makers done
Event: 8.374 Loading class java/lang/invoke/MethodHandleImpl$Makers$1
Event: 8.374 Loading class java/lang/invoke/MethodHandleImpl$Makers$1 done
Event: 8.374 Loading class java/lang/invoke/MethodHandleImpl$Makers$2
Event: 8.374 Loading class java/lang/invoke/MethodHandleImpl$Makers$2 done
Event: 8.374 Loading class java/lang/invoke/MethodHandleImpl$Makers$3
Event: 8.375 Loading class java/lang/invoke/MethodHandleImpl$Makers$3 done
Event: 8.380 Loading class java/lang/runtime/ObjectMethods$1
Event: 8.380 Loading class java/lang/runtime/ObjectMethods$1 done
Event: 8.383 Loading class java/lang/invoke/DirectMethodHandle$1
Event: 8.383 Loading class java/lang/invoke/DirectMethodHandle$1 done
Event: 9.425 Loading class java/lang/invoke/MethodHandleImpl$CountingWrapper
Event: 9.425 Loading class java/lang/invoke/MethodHandleImpl$CountingWrapper done
Event: 9.445 Loading class java/util/DualPivotQuicksort
Event: 9.445 Loading class java/util/DualPivotQuicksort done
Event: 9.451 Loading class jdk/internal/org/objectweb/asm/ClassReader
Event: 9.451 Loading class jdk/internal/org/objectweb/asm/ClassReader done
Event: 9.530 Loading class java/lang/invoke/MethodHandleImpl$CountingWrapper$1
Event: 9.530 Loading class java/lang/invoke/MethodHandleImpl$CountingWrapper$1 done

Classes unloaded (0 events):
No events

Classes redefined (0 events):
No events

Internal exceptions (20 events):
Event: 7.228 Thread 0x000001ef3c6f9140 Exception <a 'java/lang/NoSuchMethodError'{0x000000008a1dba70}: 'int java.lang.invoke.DirectMethodHandle$Holder.invokeStaticInit(java.lang.Object)'> (0x000000008a1dba70) 
thrown [s\open\src\hotspot\share\interpreter\linkResolver.cpp, line 773]
Event: 8.330 Thread 0x000001ef3c6f9140 Implicit null exception at 0x000001ef4df8aa52 to 0x000001ef4df8ab22
Event: 8.373 Thread 0x000001ef3c6f9140 Exception <a 'java/lang/NoSuchMethodError'{0x0000000084afcc58}: 'java.lang.Object java.lang.invoke.DirectMethodHandle$Holder.invokeStaticInit(java.lang.Object, java.lang.Object, java.lang.Object, java.lang.Object, java.lang.Object, java.lang.Object, java.lang.Object)'> (0x0000000084afcc58) 
thrown [s\open\src\hotspot\share\interpreter\linkResolver.cpp, line 773]
Event: 8.378 Thread 0x000001ef3c6f9140 Exception <a 'java/lang/NoSuchMethodError'{0x000000008492eb80}: 'java.lang.Object java.lang.invoke.DirectMethodHandle$Holder.invokeSpecial(java.lang.Object, java.lang.Object, java.lang.Object, java.lang.Object, java.lang.Object, java.lang.Object, java.lang.Object, java.lang.Object, java.lang.Object, java.lang.Object, java.lang.Object, java.lang.Object, java.lang.Object, java.lang.Object)'> (0x000000008492eb80) 
thrown [s\open\src\hotspot\share\interpreter\linkResolver.cpp, line 773]
Event: 8.378 Thread 0x000001ef3c6f9140 Exception <a 'java/lang/NoSuchMethodError'{0x0000000084933b90}: 'java.lang.Object java.lang.invoke.Invokers$Holder.invoker(java.lang.Object, java.lang.Object, java.lang.Object, java.lang.Object, java.lang.Object, java.lang.Object, java.lang.Object, java.lang.Object, java.lang.Object, java.lang.Object, java.lang.Object, java.lang.Object, java.lang.Object, java.lang.Object)'> (0x0000000084933b90) 
thrown [s\open\src\hotspot\share\interpreter\linkResolver.cpp, line 773]
Event: 8.378 Thread 0x000001ef3c6f9140 Exception <a 'java/lang/NoSuchMethodError'{0x0000000084939b08}: 'java.lang.Object java.lang.invoke.DirectMethodHandle$Holder.invokeSpecial(java.lang.Object, java.lang.Object, java.lang.Object, java.lang.Object, java.lang.Object, java.lang.Object, java.lang.Object, java.lang.Object, java.lang.Object, java.lang.Object, java.lang.Object, java.lang.Object, java.lang.Object, java.lang.Object, java.lang.Object)'> (0x0000000084939b08) 
thrown [s\open\src\hotspot\share\interpreter\linkResolver.cpp, line 773]
Event: 8.379 Thread 0x000001ef3c6f9140 Exception <a 'java/lang/NoSuchMethodError'{0x000000008493f3c0}: 'java.lang.Object java.lang.invoke.DelegatingMethodHandle$Holder.delegate(java.lang.Object, java.lang.Object, java.lang.Object, java.lang.Object, java.lang.Object, java.lang.Object, java.lang.Object, java.lang.Object, java.lang.Object, java.lang.Object, java.lang.Object, java.lang.Object, java.lang.Object, java.lang.Object)'> (0x000000008493f3c0) 
thrown [s\open\src\hotspot\share\interpreter\linkResolver.cpp, line 773]
Event: 8.380 Thread 0x000001ef3c6f9140 Exception <a 'java/lang/NoSuchMethodError'{0x000000008494d6e8}: 'int java.lang.invoke.DirectMethodHandle$Holder.invokeStaticInit(java.lang.Object, int, int)'> (0x000000008494d6e8) 
thrown [s\open\src\hotspot\share\interpreter\linkResolver.cpp, line 773]
Event: 8.381 Thread 0x000001ef3c6f9140 Exception <a 'java/lang/NoSuchMethodError'{0x0000000084955028}: 'int java.lang.invoke.DirectMethodHandle$Holder.invokeStaticInit(java.lang.Object, long, long)'> (0x0000000084955028) 
thrown [s\open\src\hotspot\share\interpreter\linkResolver.cpp, line 773]
Event: 8.381 Thread 0x000001ef3c6f9140 Exception <a 'java/lang/NoSuchMethodError'{0x000000008495bec0}: 'int java.lang.invoke.DirectMethodHandle$Holder.invokeStaticInit(java.lang.Object, float, float)'> (0x000000008495bec0) 
thrown [s\open\src\hotspot\share\interpreter\linkResolver.cpp, line 773]
Event: 8.382 Thread 0x000001ef3c6f9140 Exception <a 'java/lang/NoSuchMethodError'{0x0000000084963180}: 'int java.lang.invoke.DirectMethodHandle$Holder.invokeStaticInit(java.lang.Object, double, double)'> (0x0000000084963180) 
thrown [s\open\src\hotspot\share\interpreter\linkResolver.cpp, line 773]
Event: 8.382 Thread 0x000001ef3c6f9140 Exception <a 'java/lang/NoSuchMethodError'{0x0000000084967a58}: 'int java.lang.invoke.DirectMethodHandle$Holder.invokeStatic(java.lang.Object, long)'> (0x0000000084967a58) 
thrown [s\open\src\hotspot\share\interpreter\linkResolver.cpp, line 773]
Event: 8.384 Thread 0x000001ef3c6f9140 Exception <a 'java/lang/NoSuchMethodError'{0x0000000084986840}: 'int java.lang.invoke.DirectMethodHandle$Holder.invokeSpecial(java.lang.Object, java.lang.Object, int)'> (0x0000000084986840) 
thrown [s\open\src\hotspot\share\interpreter\linkResolver.cpp, line 773]
Event: 8.385 Thread 0x000001ef3c6f9140 Exception <a 'java/lang/NoSuchMethodError'{0x000000008498e480}: 'int java.lang.invoke.Invokers$Holder.linkToTargetMethod(java.lang.Object, java.lang.Object)'> (0x000000008498e480) 
thrown [s\open\src\hotspot\share\interpreter\linkResolver.cpp, line 773]
Event: 9.420 Thread 0x000001ef3c6f9140 Exception <a 'java/lang/NoSuchMethodError'{0x000000008a11eac8}: 'java.lang.Object java.lang.invoke.Invokers$Holder.invoke_MT(java.lang.Object, java.lang.Object, java.lang.Object, java.lang.Object, java.lang.Object, java.lang.Object, java.lang.Object, java.lang.Object, java.lang.Object, java.lang.Object)'> (0x000000008a11eac8) 
thrown [s\open\src\hotspot\share\interpreter\linkResolver.cpp, line 773]
Event: 9.425 Thread 0x000001ef3c6f9140 Exception <a 'java/lang/NoSuchMethodError'{0x000000008a15a6a8}: 'java.lang.Object java.lang.invoke.DirectMethodHandle$Holder.invokeSpecial(java.lang.Object, java.lang.Object, int, java.lang.Object, java.lang.Object)'> (0x000000008a15a6a8) 
thrown [s\open\src\hotspot\share\interpreter\linkResolver.cpp, line 773]
Event: 9.425 Thread 0x000001ef3c6f9140 Exception <a 'java/lang/NoSuchMethodError'{0x000000008a15e648}: 'java.lang.Object java.lang.invoke.DelegatingMethodHandle$Holder.delegate(java.lang.Object, int, java.lang.Object, java.lang.Object)'> (0x000000008a15e648) 
thrown [s\open\src\hotspot\share\interpreter\linkResolver.cpp, line 773]
Event: 9.426 Thread 0x000001ef3c6f9140 Exception <a 'java/lang/NoSuchMethodError'{0x000000008a170108}: 'int java.lang.invoke.Invokers$Holder.linkToTargetMethod(java.lang.Object, java.lang.Object, java.lang.Object)'> (0x000000008a170108) 
thrown [s\open\src\hotspot\share\interpreter\linkResolver.cpp, line 773]
Event: 9.459 Thread 0x000001ef3c6f9140 Exception <a 'java/lang/NoSuchMethodError'{0x000000008a10a518}: 'void java.lang.invoke.Invokers$Holder.invokeExact_MT(java.lang.Object, java.lang.Object, java.lang.Object)'> (0x000000008a10a518) 
thrown [s\open\src\hotspot\share\interpreter\linkResolver.cpp, line 773]
Event: 9.560 Thread 0x000001ef3c6f9140 Exception <a 'java/lang/NoClassDefFoundError'{0x000000008a1af870}: liquibase/integration/spring/SpringLiquibase> (0x000000008a1af870) 
thrown [s\open\src\hotspot\share\classfile\systemDictionary.cpp, line 301]

ZGC Phase Switch (0 events):
No events

VM Operations (20 events):
Event: 8.106 Executing VM operation: HandshakeAllThreads (Deoptimize) done
Event: 8.107 Executing VM operation: HandshakeAllThreads (Deoptimize)
Event: 8.107 Executing VM operation: HandshakeAllThreads (Deoptimize) done
Event: 8.323 Executing VM operation: HandshakeAllThreads (Deoptimize)
Event: 8.323 Executing VM operation: HandshakeAllThreads (Deoptimize) done
Event: 8.388 Executing VM operation: HandshakeAllThreads (Deoptimize)
Event: 8.388 Executing VM operation: HandshakeAllThreads (Deoptimize) done
Event: 8.393 Executing VM operation: HandshakeAllThreads (Deoptimize)
Event: 8.393 Executing VM operation: HandshakeAllThreads (Deoptimize) done
Event: 8.397 Executing VM operation: G1CollectForAllocation (G1 Evacuation Pause)
Event: 9.415 Executing VM operation: G1CollectForAllocation (G1 Evacuation Pause) done
Event: 9.437 Executing VM operation: HandshakeAllThreads (Deoptimize)
Event: 9.437 Executing VM operation: HandshakeAllThreads (Deoptimize) done
Event: 9.452 Executing VM operation: G1CollectForAllocation (G1 Evacuation Pause)
Event: 9.458 Executing VM operation: G1CollectForAllocation (G1 Evacuation Pause) done
Event: 9.506 Executing VM operation: G1CollectForAllocation (G1 Evacuation Pause)
Event: 9.507 Executing VM operation: G1CollectForAllocation (G1 Evacuation Pause) done
Event: 9.542 Executing VM operation: G1CollectForAllocation (G1 Evacuation Pause)
Event: 9.544 Executing VM operation: G1CollectForAllocation (G1 Evacuation Pause) done
Event: 9.578 Executing VM operation: G1CollectForAllocation (G1 Evacuation Pause)

Events (20 events):
Event: 7.220 Thread 0x000001ef5aff3500 flushing nmethod 0x000001ef467ca390
Event: 7.220 Thread 0x000001ef5aff3500 flushing nmethod 0x000001ef467ca890
Event: 7.220 Thread 0x000001ef5aff3500 flushing nmethod 0x000001ef467cc090
Event: 7.220 Thread 0x000001ef5aff3500 flushing nmethod 0x000001ef467cd790
Event: 7.220 Thread 0x000001ef5aff3500 flushing nmethod 0x000001ef467ce790
Event: 7.220 Thread 0x000001ef5aff3500 flushing nmethod 0x000001ef467ceb90
Event: 7.220 Thread 0x000001ef5aff3500 flushing nmethod 0x000001ef467cf210
Event: 7.220 Thread 0x000001ef5aff3500 flushing nmethod 0x000001ef467d1d90
Event: 7.220 Thread 0x000001ef5aff3500 flushing nmethod 0x000001ef467d2690
Event: 7.220 Thread 0x000001ef5aff3500 flushing nmethod 0x000001ef467d3410
Event: 7.220 Thread 0x000001ef5aff3500 flushing nmethod 0x000001ef467d3790
Event: 7.220 Thread 0x000001ef5aff3500 flushing nmethod 0x000001ef467d3e10
Event: 7.220 Thread 0x000001ef5aff3500 flushing nmethod 0x000001ef467d4a90
Event: 7.220 Thread 0x000001ef5aff3500 flushing nmethod 0x000001ef467e1210
Event: 7.220 Thread 0x000001ef5aff3500 flushing nmethod 0x000001ef467e8590
Event: 7.220 Thread 0x000001ef5aff3500 flushing nmethod 0x000001ef467f9990
Event: 7.220 Thread 0x000001ef5aff3500 flushing nmethod 0x000001ef467fc110
Event: 7.220 Thread 0x000001ef5aff3500 flushing nmethod 0x000001ef4681d210
Event: 7.220 Thread 0x000001ef5aff3500 flushing nmethod 0x000001ef4686f010
Event: 7.220 Thread 0x000001ef5aff3500 flushing nmethod 0x000001ef4688d410


Dynamic libraries:
0x00007ff75e160000 - 0x00007ff75e170000 	D:\mailon\Java\jdk-21.0.10\bin\java.exe
0x00007ffe20340000 - 0x00007ffe205a7000 	C:\WINDOWS\SYSTEM32\ntdll.dll
0x00007ffe1f710000 - 0x00007ffe1f7d9000 	C:\WINDOWS\System32\KERNEL32.DLL
0x00007ffe1ce40000 - 0x00007ffe1d234000 	C:\WINDOWS\System32\KERNELBASE.dll
0x00007ffe1df80000 - 0x00007ffe1e0cb000 	C:\WINDOWS\System32\ucrtbase.dll
0x00007ffe175d0000 - 0x00007ffe175e9000 	D:\mailon\Java\jdk-21.0.10\bin\jli.dll
0x00007ffe175b0000 - 0x00007ffe175ce000 	D:\mailon\Java\jdk-21.0.10\bin\VCRUNTIME140.dll
0x00007ffe20240000 - 0x00007ffe202f6000 	C:\WINDOWS\System32\ADVAPI32.dll
0x00007ffe1f540000 - 0x00007ffe1f5e9000 	C:\WINDOWS\System32\msvcrt.dll
0x00007ffe1f7e0000 - 0x00007ffe1f887000 	C:\WINDOWS\System32\sechost.dll
0x00007ffe1f5f0000 - 0x00007ffe1f708000 	C:\WINDOWS\System32\RPCRT4.dll
0x00007ffe1ee10000 - 0x00007ffe1efd5000 	C:\WINDOWS\System32\USER32.dll
0x00007ffe1ce10000 - 0x00007ffe1ce37000 	C:\WINDOWS\System32\win32u.dll
0x00007ffe1f890000 - 0x00007ffe1f8bb000 	C:\WINDOWS\System32\GDI32.dll
0x00007ffe1dab0000 - 0x00007ffe1dbdb000 	C:\WINDOWS\System32\gdi32full.dll
0x00007ffe0c8f0000 - 0x00007ffe0cb83000 	C:\WINDOWS\WinSxS\amd64_microsoft.windows.common-controls_6595b64144ccf1df_6.0.26100.8115_none_3e075c82e3354f9c\COMCTL32.dll
0x00007ffe1ded0000 - 0x00007ffe1df73000 	C:\WINDOWS\System32\msvcp_win.dll
0x00007ffe16170000 - 0x00007ffe1617b000 	C:\WINDOWS\SYSTEM32\VERSION.dll
0x00007ffe1e170000 - 0x00007ffe1e1a2000 	C:\WINDOWS\System32\IMM32.DLL
0x00007ffe17510000 - 0x00007ffe1751c000 	D:\mailon\Java\jdk-21.0.10\bin\vcruntime140_1.dll
0x00007ffe02390000 - 0x00007ffe0241d000 	D:\mailon\Java\jdk-21.0.10\bin\msvcp140.dll
0x00007ffd68fa0000 - 0x00007ffd69cc7000 	D:\mailon\Java\jdk-21.0.10\bin\server\jvm.dll
0x00007ffe201b0000 - 0x00007ffe20230000 	C:\WINDOWS\System32\WS2_32.dll
0x00007ffe1ca90000 - 0x00007ffe1caee000 	C:\WINDOWS\SYSTEM32\POWRPROF.dll
0x00007ffdfca90000 - 0x00007ffdfcac6000 	C:\WINDOWS\SYSTEM32\WINMM.dll
0x00007ffe1ca70000 - 0x00007ffe1ca84000 	C:\WINDOWS\SYSTEM32\UMPDC.dll
0x00007ffe1b970000 - 0x00007ffe1b98b000 	C:\WINDOWS\SYSTEM32\kernel.appcore.dll
0x00007ffe17500000 - 0x00007ffe1750a000 	D:\mailon\Java\jdk-21.0.10\bin\jimage.dll
0x00007ffe0d0b0000 - 0x00007ffe0d2f2000 	C:\WINDOWS\SYSTEM32\DBGHELP.DLL
0x00007ffe1e7e0000 - 0x00007ffe1eb62000 	C:\WINDOWS\System32\combase.dll
0x00007ffe1f0d0000 - 0x00007ffe1f1a8000 	C:\WINDOWS\System32\OLEAUT32.dll
0x00007ffe033e0000 - 0x00007ffe0341b000 	C:\WINDOWS\SYSTEM32\dbgcore.DLL
0x00007ffe1dd60000 - 0x00007ffe1de05000 	C:\WINDOWS\System32\bcryptPrimitives.dll
0x00007ffe10450000 - 0x00007ffe10471000 	D:\mailon\Java\jdk-21.0.10\bin\java.dll
0x00007ffe1fa40000 - 0x00007ffe201a7000 	C:\WINDOWS\System32\SHELL32.dll
0x00007ffe1cc10000 - 0x00007ffe1cd7a000 	C:\WINDOWS\System32\wintypes.dll
0x00007ffe1d240000 - 0x00007ffe1daa8000 	C:\WINDOWS\System32\windows.storage.dll
0x00007ffe1f220000 - 0x00007ffe1f318000 	C:\WINDOWS\System32\SHCORE.dll
0x00007ffe1f9d0000 - 0x00007ffe1fa36000 	C:\WINDOWS\System32\shlwapi.dll
0x00007ffe1cb30000 - 0x00007ffe1cb59000 	C:\WINDOWS\SYSTEM32\profapi.dll
0x00007ffe00160000 - 0x00007ffe00237000 	D:\mailon\Java\jdk-21.0.10\bin\jsvml.dll
0x00007ffe10380000 - 0x00007ffe10391000 	D:\mailon\Java\jdk-21.0.10\bin\net.dll
0x00007ffe15b50000 - 0x00007ffe15c7d000 	C:\WINDOWS\SYSTEM32\WINHTTP.dll
0x00007ffe1bed0000 - 0x00007ffe1bf3c000 	C:\WINDOWS\system32\mswsock.dll
0x00007ffe0e890000 - 0x00007ffe0e8a6000 	D:\mailon\Java\jdk-21.0.10\bin\nio.dll
0x00007ffe0e870000 - 0x00007ffe0e888000 	D:\mailon\Java\jdk-21.0.10\bin\zip.dll
0x00007ffe174f0000 - 0x00007ffe174fa000 	D:\mailon\Java\jdk-21.0.10\bin\management.dll
0x00007ffe174b0000 - 0x00007ffe174bc000 	D:\mailon\Java\jdk-21.0.10\bin\management_ext.dll
0x00007ffe1e0d0000 - 0x00007ffe1e0d8000 	C:\WINDOWS\System32\PSAPI.DLL
0x00007ffe0bed0000 - 0x00007ffe0bede000 	D:\mailon\Java\jdk-21.0.10\bin\sunmscapi.dll
0x00007ffe1dbe0000 - 0x00007ffe1dd57000 	C:\WINDOWS\System32\CRYPT32.dll
0x00007ffe1c410000 - 0x00007ffe1c440000 	C:\WINDOWS\SYSTEM32\ncrypt.dll
0x00007ffe1c3c0000 - 0x00007ffe1c3ff000 	C:\WINDOWS\SYSTEM32\NTASN1.dll

dbghelp: loaded successfully - version: 4.0.5 - missing functions: none
symbol engine: initialized successfully - sym options: 0x614 - pdb path: .;D:\mailon\Java\jdk-21.0.10\bin;C:\WINDOWS\SYSTEM32;C:\WINDOWS\WinSxS\amd64_microsoft.windows.common-controls_6595b64144ccf1df_6.0.26100.8115_none_3e075c82e3354f9c;D:\mailon\Java\jdk-21.0.10\bin\server

VM Arguments:
java_command: C:\Users\Usuario\AppData\Local\Temp\surefire11935283869623010595\surefirebooter-20260423045534325_3.jar C:\Users\Usuario\AppData\Local\Temp\surefire11935283869623010595 2026-04-23T04-55-34_121-jvmRun1 surefire-20260423045534325_1tmp surefire_0-20260423045534325_2tmp
java_class_path (initial): C:\Users\Usuario\AppData\Local\Temp\surefire11935283869623010595\surefirebooter-20260423045534325_3.jar
Launcher Type: SUN_STANDARD

[Global flags]
     intx CICompilerCount                          = 4                                         {product} {ergonomic}
     uint ConcGCThreads                            = 2                                         {product} {ergonomic}
     uint G1ConcRefinementThreads                  = 8                                         {product} {ergonomic}
   size_t G1HeapRegionSize                         = 1048576                                   {product} {ergonomic}
    uintx GCDrainStackTargetSize                   = 64                                        {product} {ergonomic}
   size_t InitialHeapSize                          = 132120576                                 {product} {ergonomic}
   size_t MarkStackSize                            = 4194304                                   {product} {ergonomic}
   size_t MaxHeapSize                              = 2109734912                                {product} {ergonomic}
   size_t MaxNewSize                               = 1265631232                                {product} {ergonomic}
   size_t MinHeapDeltaBytes                        = 1048576                                   {product} {ergonomic}
   size_t MinHeapSize                              = 8388608                                   {product} {ergonomic}
    uintx NonNMethodCodeHeapSize                   = 5839372                                {pd product} {ergonomic}
    uintx NonProfiledCodeHeapSize                  = 122909434                              {pd product} {ergonomic}
    uintx ProfiledCodeHeapSize                     = 122909434                              {pd product} {ergonomic}
    uintx ReservedCodeCacheSize                    = 251658240                              {pd product} {ergonomic}
     bool SegmentedCodeCache                       = true                                      {product} {ergonomic}
   size_t SoftMaxHeapSize                          = 2109734912                             {manageable} {ergonomic}
     bool UseCompressedOops                        = true                           {product lp64_product} {ergonomic}
     bool UseG1GC                                  = true                                      {product} {ergonomic}
     bool UseLargePagesIndividualAllocation        = false                                  {pd product} {ergonomic}

Logging:
Log output configuration:
 #0: stdout all=warning uptime,level,tags foldmultilines=false
 #1: stderr all=off uptime,level,tags foldmultilines=false

Environment Variables:
JAVA_HOME=D:/mailon/Java/jdk-21.0.10
PATH=D:\Program Files\Git\mingw64\bin;D:\Program Files\Git\usr\bin;C:\Users\Usuario\bin;C:\Program Files\Common Files\Oracle\Java\javapath;C:\WINDOWS\system32;C:\WINDOWS;C:\WINDOWS\System32\Wbem;C:\WINDOWS\System32\WindowsPowerShell\v1.0;C:\WINDOWS\System32\OpenSSH;D:\Program Files\nodejs;D:\mailon\Usuario\Desktop\apache-maven-3.9.14-bin (1)\apache-maven-3.9.14\bin;D:\Program Files\Git\cmd;C:\Users\Usuario\AppData\Local\Programs\Trae\bin;D:\mailon\Usuario\Downloads\ffmpeg-8.0.1-essentials_build\ffmpeg-8.0.1-essentials_build\bin;D:\mailon\Usuario\Desktop\apache-maven-3.9.14-bin (1)\apache-maven-3.9.14\bin;C:\Users\Usuario\AppData\Roaming\npm
USERNAME=Usuario
TERM=xterm-256color
OS=Windows_NT
PROCESSOR_IDENTIFIER=Intel64 Family 6 Model 142 Stepping 12, GenuineIntel
TMP=C:\Users\Usuario\AppData\Local\Temp
TEMP=C:\Users\Usuario\AppData\Local\Temp




Periodic native trim disabled

---------------  S Y S T E M  ---------------

OS:
 Windows 11 , 64 bit Build 26100 (10.0.26100.8246)
OS uptime: 4 days 19:06 hours
Hyper-V role detected

CPU: total 8 (initial active 8) (4 cores per cpu, 2 threads per core) family 6 model 142 stepping 12 microcode 0xde, cx8, cmov, fxsr, ht, mmx, 3dnowpref, sse, sse2, sse3, ssse3, sse4.1, sse4.2, popcnt, lzcnt, tsc, tscinvbit, avx, avx2, aes, erms, clmul, bmi1, bmi2, adx, fma, vzeroupper, clflush, clflushopt, hv, rdtscp, f16c
Processor Information for all 8 processors :
  Max Mhz: 1800, Current Mhz: 1600, Mhz Limit: 1584

Memory: 4k page, system-wide physical 8040M (419M free)
TotalPageFile size 32616M (AvailPageFile size 25M)
current process WorkingSet (physical memory assigned to process): 209M, peak: 225M
current process commit charge ("private bytes"): 262M, peak: 327M

vm_info: Java HotSpot(TM) 64-Bit Server VM (21.0.10+8-LTS-217) for windows-amd64 JRE (21.0.10+8-LTS-217), built on 2025-12-18T14:59:28Z by "mach5run" with MS VC++ 17.13 (VS2022)

END.
