#
# There is insufficient memory for the Java Runtime Environment to continue.
# Native memory allocation (mmap) failed to map 38797312 bytes for G1 virtual space
# Possible reasons:
#   The system is out of physical RAM or swap space
#   The process is running with CompressedOops enabled, and the Java Heap may be blocking the growth of the native heap
# Possible solutions:
#   Reduce memory load on the system
#   Increase physical memory or swap space
#   Check if swap backing store is full
#   Decrease Java heap size (-Xmx/-Xms)
#   Decrease number of Java threads
#   Decrease Java thread stack sizes (-Xss)
#   Set larger code cache with -XX:ReservedCodeCacheSize=
#   JVM is running with Unscaled Compressed Oops mode in which the Java heap is
#     placed in the first 4GB address space. The Java Heap base address is the
#     maximum limit for the native heap growth. Please use -XX:HeapBaseMinAddress
#     to set the Java Heap base and to place the Java Heap above 4GB virtual address.
# This output file may be truncated or incomplete.
#
#  Out of Memory Error (os_windows.cpp:3604), pid=35424, tid=17464
#
# JRE version: Java(TM) SE Runtime Environment (21.0.10+8) (build 21.0.10+8-LTS-217)
# Java VM: Java HotSpot(TM) 64-Bit Server VM (21.0.10+8-LTS-217, mixed mode, sharing, tiered, compressed oops, compressed class ptrs, g1 gc, windows-amd64)
# No core dump will be written. Minidumps are not enabled by default on client versions of Windows
#

---------------  S U M M A R Y ------------

Command Line: -Dapplication.home=D:\mailon\Java\jdk-21.0.10 --add-modules=ALL-DEFAULT -Xms8m -Xmx256m -Djdk.module.main=jdk.compiler jdk.compiler/com.sun.tools.javac.Main @C:/Users/Usuario/AppData/Local/Temp/org.codehaus.plexus.compiler.javac.JavacCompiler7368210383971918635arguments

Host: Intel(R) Core(TM) i5-8265U CPU @ 1.60GHz, 8 cores, 7G,  Windows 11 , 64 bit Build 26100 (10.0.26100.8246)
Time: Fri Apr 24 03:38:02 2026 Hora oficial do Brasil elapsed time: 1.961299 seconds (0d 0h 0m 1s)

---------------  T H R E A D  ---------------

Current thread (0x000001e7ea42d020):  VMThread "VM Thread"          [id=17464, stack(0x000000b741c00000,0x000000b741d00000) (1024K)]

Stack: [0x000000b741c00000,0x000000b741d00000]
Native frames: (J=compiled Java code, j=interpreted, Vv=VM code, C=native code)
V  [jvm.dll+0x6d0b59]
V  [jvm.dll+0x85fd56]
V  [jvm.dll+0x86224e]
V  [jvm.dll+0x862923]
V  [jvm.dll+0x282a16]
V  [jvm.dll+0x6cd405]
V  [jvm.dll+0x6c1f8a]
V  [jvm.dll+0x35bcc8]
V  [jvm.dll+0x363986]
V  [jvm.dll+0x3b4a3e]
V  [jvm.dll+0x3b4ce8]
V  [jvm.dll+0x32f98c]
V  [jvm.dll+0x32fa17]
V  [jvm.dll+0x373c9c]
V  [jvm.dll+0x372441]
V  [jvm.dll+0x32f0d1]
V  [jvm.dll+0x371aaa]
V  [jvm.dll+0x86861f]
V  [jvm.dll+0x8699ac]
V  [jvm.dll+0x869ee1]
V  [jvm.dll+0x86a183]
V  [jvm.dll+0x80a83d]
V  [jvm.dll+0x6cf3fd]
C  [ucrtbase.dll+0x37b0]
C  [KERNEL32.DLL+0x2e8d7]
C  [ntdll.dll+0x8c3fc]

VM_Operation (0x000000b7415fce20): G1CollectForAllocation, mode: safepoint, requested by thread 0x000001e7ea1399e0


---------------  P R O C E S S  ---------------

Threads class SMR info:
_java_thread_list=0x000001e7f7e55b60, length=12, elements={
0x000001e7ea1399e0, 0x000001e7ea445880, 0x000001e7ea4474f0, 0x000001e7ea44e080,
0x000001e7f797df60, 0x000001e7f797e9c0, 0x000001e7f797fb60, 0x000001e7f7991660,
0x000001e7f7996b20, 0x000001e7f7c77de0, 0x000001e7f7da4560, 0x000001e7f7999400
}

Java Threads: ( => current thread )
  0x000001e7ea1399e0 JavaThread "main"                              [_thread_blocked, id=31904, stack(0x000000b741500000,0x000000b741600000) (1024K)]
  0x000001e7ea445880 JavaThread "Reference Handler"          daemon [_thread_blocked, id=6672, stack(0x000000b741d00000,0x000000b741e00000) (1024K)]
  0x000001e7ea4474f0 JavaThread "Finalizer"                  daemon [_thread_blocked, id=33912, stack(0x000000b741e00000,0x000000b741f00000) (1024K)]
  0x000001e7ea44e080 JavaThread "Signal Dispatcher"          daemon [_thread_blocked, id=35364, stack(0x000000b741f00000,0x000000b742000000) (1024K)]
  0x000001e7f797df60 JavaThread "Attach Listener"            daemon [_thread_blocked, id=35560, stack(0x000000b742000000,0x000000b742100000) (1024K)]
  0x000001e7f797e9c0 JavaThread "Service Thread"             daemon [_thread_blocked, id=23588, stack(0x000000b742100000,0x000000b742200000) (1024K)]
  0x000001e7f797fb60 JavaThread "Monitor Deflation Thread"   daemon [_thread_blocked, id=31820, stack(0x000000b742200000,0x000000b742300000) (1024K)]
  0x000001e7f7991660 JavaThread "C2 CompilerThread0"         daemon [_thread_blocked, id=24104, stack(0x000000b742300000,0x000000b742400000) (1024K)]
  0x000001e7f7996b20 JavaThread "C1 CompilerThread0"         daemon [_thread_blocked, id=34580, stack(0x000000b742400000,0x000000b742500000) (1024K)]
  0x000001e7f7c77de0 JavaThread "Notification Thread"        daemon [_thread_blocked, id=33788, stack(0x000000b742500000,0x000000b742600000) (1024K)]
  0x000001e7f7da4560 JavaThread "Common-Cleaner"             daemon [_thread_blocked, id=33308, stack(0x000000b742600000,0x000000b742700000) (1024K)]
  0x000001e7f7999400 JavaThread "C2 CompilerThread1"         daemon [_thread_blocked, id=30116, stack(0x000000b742700000,0x000000b742800000) (1024K)]
Total: 12

Other Threads:
=>0x000001e7ea42d020 VMThread "VM Thread"                           [id=17464, stack(0x000000b741c00000,0x000000b741d00000) (1024K)]
  0x000001e7f797aee0 WatcherThread "VM Periodic Task Thread"        [id=25340, stack(0x000000b741b00000,0x000000b741c00000) (1024K)]
  0x000001e7ea3a55e0 WorkerThread "GC Thread#0"                     [id=32824, stack(0x000000b741600000,0x000000b741700000) (1024K)]
  0x000001e7f7e5dea0 WorkerThread "GC Thread#1"                     [id=35048, stack(0x000000b742800000,0x000000b742900000) (1024K)]
  0x000001e7f7eaf850 WorkerThread "GC Thread#2"                     [id=25028, stack(0x000000b742900000,0x000000b742a00000) (1024K)]
  0x000001e7f7ebf190 WorkerThread "GC Thread#3"                     [id=19208, stack(0x000000b742a00000,0x000000b742b00000) (1024K)]
  0x000001e7f7ee1e20 WorkerThread "GC Thread#4"                     [id=35448, stack(0x000000b742c00000,0x000000b742d00000) (1024K)]
  0x000001e7fc526ff0 WorkerThread "GC Thread#5"                     [id=22096, stack(0x000000b742d00000,0x000000b742e00000) (1024K)]
  0x000001e7fd675420 WorkerThread "GC Thread#6"                     [id=26012, stack(0x000000b742e00000,0x000000b742f00000) (1024K)]
  0x000001e7ea3a85d0 ConcurrentGCThread "G1 Main Marker"            [id=32888, stack(0x000000b741700000,0x000000b741800000) (1024K)]
  0x000001e7ea3a90e0 WorkerThread "G1 Conc#0"                       [id=35100, stack(0x000000b741800000,0x000000b741900000) (1024K)]
  0x000001e7f7e5f290 WorkerThread "G1 Conc#1"                       [id=27496, stack(0x000000b742b00000,0x000000b742c00000) (1024K)]
  0x000001e7ea40dd10 ConcurrentGCThread "G1 Refine#0"               [id=22996, stack(0x000000b741900000,0x000000b741a00000) (1024K)]
  0x000001e7ea40e730 ConcurrentGCThread "G1 Service"                [id=28776, stack(0x000000b741a00000,0x000000b741b00000) (1024K)]
Total: 14

Threads with active compile tasks:
C2 CompilerThread0     2109 1235   !   4       com.sun.tools.javac.parser.JavaTokenizer::readToken (1823 bytes)
C1 CompilerThread0     2109 1336       3       com.sun.tools.javac.parser.JavacParser::parseSimpleStatement (1257 bytes)
C2 CompilerThread1     2109 1226       4       com.sun.tools.javac.parser.JavaTokenizer::scanIdent (639 bytes)
Total: 3

VM state: at safepoint (normal execution)

VM Mutex/Monitor currently owned by a thread:  ([mutex/lock_event])
[0x00007ffd69be9f10] Threads_lock - owner thread: 0x000001e7ea42d020
[0x00007ffd69bea010] Heap_lock - owner thread: 0x000001e7ea1399e0

Heap address: 0x00000000f0000000, size: 256 MB, Compressed Oops mode: 32-bit

CDS archive(s) mapped at: [0x000001e78f000000-0x000001e78fc90000-0x000001e78fc90000), size 13172736, SharedBaseAddress: 0x000001e78f000000, ArchiveRelocationMode: 1.
Compressed class space mapped at: 0x000001e790000000-0x000001e7d0000000, reserved size: 1073741824
Narrow klass base: 0x000001e78f000000, Narrow klass shift: 0, Narrow klass range: 0x100000000

GC Precious Log:
 CardTable entry size: 512
 Card Set container configuration: InlinePtr #cards 5 size 8 Array Of Cards #cards 12 size 40 Howl #buckets 4 coarsen threshold 1843 Howl Bitmap #cards 512 size 80 coarsen threshold 460 Card regions per heap region 1 cards per card region 2048
 CPUs: 8 total, 8 available
 Memory: 8040M
 Large Page Support: Disabled
 NUMA Support: Disabled
 Compressed Oops: Enabled (32-bit)
 Heap Region Size: 1M
 Heap Min Capacity: 8M
 Heap Initial Capacity: 8M
 Heap Max Capacity: 256M
 Pre-touch: Disabled
 Parallel Workers: 8
 Concurrent Workers: 2
 Concurrent Refinement Workers: 8
 Periodic GC: Disabled

Heap:
 garbage-first heap   total 32768K, used 14266K [0x00000000f0000000, 0x0000000100000000)
  region size 1024K, 1 young (1024K), 1 survivors (1024K)
 Metaspace       used 8953K, committed 9088K, reserved 1114112K
  class space    used 975K, committed 1024K, reserved 1048576K

Heap Regions: E=young(eden), S=young(survivor), O=old, HS=humongous(starts), HC=humongous(continues), CS=collection set, F=free, TAMS=top-at-mark-start, PB=parsable bottom
|   0|0x00000000f0000000, 0x00000000f00ee858, 0x00000000f0100000| 93%| O|  |TAMS 0x00000000f0000000| PB 0x00000000f0000000| Untracked 
|   1|0x00000000f0100000, 0x00000000f0100000, 0x00000000f0200000|  0%| F|  |TAMS 0x00000000f0100000| PB 0x00000000f0100000| Untracked 
|   2|0x00000000f0200000, 0x00000000f0200000, 0x00000000f0300000|  0%| F|  |TAMS 0x00000000f0200000| PB 0x00000000f0200000| Untracked 
|   3|0x00000000f0300000, 0x00000000f0400000, 0x00000000f0400000|100%| O|  |TAMS 0x00000000f0300000| PB 0x00000000f0300000| Untracked 
|   4|0x00000000f0400000, 0x00000000f0400000, 0x00000000f0500000|  0%| F|  |TAMS 0x00000000f0400000| PB 0x00000000f0400000| Untracked 
|   5|0x00000000f0500000, 0x00000000f0600000, 0x00000000f0600000|100%| O|Cm|TAMS 0x00000000f0500000| PB 0x00000000f0500000| Complete 
|   6|0x00000000f0600000, 0x00000000f0700000, 0x00000000f0700000|100%| O|Cm|TAMS 0x00000000f0600000| PB 0x00000000f0600000| Complete 
|   7|0x00000000f0700000, 0x00000000f0800000, 0x00000000f0800000|100%| O|  |TAMS 0x00000000f0700000| PB 0x00000000f0700000| Untracked 
|   8|0x00000000f0800000, 0x00000000f0900000, 0x00000000f0900000|100%|HS|  |TAMS 0x00000000f0800000| PB 0x00000000f0800000| Complete 
|   9|0x00000000f0900000, 0x00000000f0a00000, 0x00000000f0a00000|100%|HC|  |TAMS 0x00000000f0900000| PB 0x00000000f0900000| Complete 
|  10|0x00000000f0a00000, 0x00000000f0b00000, 0x00000000f0b00000|100%|HC|  |TAMS 0x00000000f0a00000| PB 0x00000000f0a00000| Complete 
|  11|0x00000000f0b00000, 0x00000000f0c00000, 0x00000000f0c00000|100%| O|  |TAMS 0x00000000f0b00000| PB 0x00000000f0b00000| Untracked 
|  12|0x00000000f0c00000, 0x00000000f0d00000, 0x00000000f0d00000|100%| O|  |TAMS 0x00000000f0c00000| PB 0x00000000f0c00000| Untracked 
|  13|0x00000000f0d00000, 0x00000000f0e00000, 0x00000000f0e00000|100%| O|  |TAMS 0x00000000f0d00000| PB 0x00000000f0d00000| Untracked 
|  14|0x00000000f0e00000, 0x00000000f0f00000, 0x00000000f0f00000|100%| O|  |TAMS 0x00000000f0e00000| PB 0x00000000f0e00000| Untracked 
|  15|0x00000000f0f00000, 0x00000000f1000000, 0x00000000f1000000|100%| O|  |TAMS 0x00000000f0f00000| PB 0x00000000f0f00000| Untracked 
|  16|0x00000000f1000000, 0x00000000f1000000, 0x00000000f1100000|  0%| F|  |TAMS 0x00000000f1000000| PB 0x00000000f1000000| Untracked 
|  17|0x00000000f1100000, 0x00000000f1100000, 0x00000000f1200000|  0%| F|  |TAMS 0x00000000f1100000| PB 0x00000000f1100000| Untracked 
|  18|0x00000000f1200000, 0x00000000f1200000, 0x00000000f1300000|  0%| F|  |TAMS 0x00000000f1200000| PB 0x00000000f1200000| Untracked 
|  19|0x00000000f1300000, 0x00000000f1300000, 0x00000000f1400000|  0%| F|  |TAMS 0x00000000f1300000| PB 0x00000000f1300000| Untracked 
|  20|0x00000000f1400000, 0x00000000f1400000, 0x00000000f1500000|  0%| F|  |TAMS 0x00000000f1400000| PB 0x00000000f1400000| Untracked 
|  21|0x00000000f1500000, 0x00000000f1500000, 0x00000000f1600000|  0%| F|  |TAMS 0x00000000f1500000| PB 0x00000000f1500000| Untracked 
|  22|0x00000000f1600000, 0x00000000f1600000, 0x00000000f1700000|  0%| F|  |TAMS 0x00000000f1600000| PB 0x00000000f1600000| Untracked 
|  23|0x00000000f1700000, 0x00000000f1800000, 0x00000000f1800000|100%| S|CS|TAMS 0x00000000f1700000| PB 0x00000000f1700000| Complete 
|  24|0x00000000f1800000, 0x00000000f1800000, 0x00000000f1900000|  0%| F|  |TAMS 0x00000000f1800000| PB 0x00000000f1800000| Untracked 
|  25|0x00000000f1900000, 0x00000000f1900000, 0x00000000f1a00000|  0%| F|  |TAMS 0x00000000f1900000| PB 0x00000000f1900000| Untracked 
|  26|0x00000000f1a00000, 0x00000000f1a00000, 0x00000000f1b00000|  0%| F|  |TAMS 0x00000000f1a00000| PB 0x00000000f1a00000| Untracked 
|  27|0x00000000f1b00000, 0x00000000f1b00000, 0x00000000f1c00000|  0%| F|  |TAMS 0x00000000f1b00000| PB 0x00000000f1b00000| Untracked 
|  28|0x00000000f1c00000, 0x00000000f1c00000, 0x00000000f1d00000|  0%| F|  |TAMS 0x00000000f1c00000| PB 0x00000000f1c00000| Untracked 
|  29|0x00000000f1d00000, 0x00000000f1d00000, 0x00000000f1e00000|  0%| F|  |TAMS 0x00000000f1d00000| PB 0x00000000f1d00000| Untracked 
|  30|0x00000000f1e00000, 0x00000000f1e00000, 0x00000000f1f00000|  0%| F|  |TAMS 0x00000000f1e00000| PB 0x00000000f1e00000| Untracked 
|  31|0x00000000f1f00000, 0x00000000f1f00000, 0x00000000f2000000|  0%| F|  |TAMS 0x00000000f1f00000| PB 0x00000000f1f00000| Untracked 

Card table byte_map: [0x000001e7f4b50000,0x000001e7f4bd0000] _byte_map_base: 0x000001e7f43d0000

Marking Bits: (CMBitMap*) 0x000001e7ea3a5cf0
 Bits: [0x000001e7f4bd0000, 0x000001e7f4fd0000)

Polling page: 0x000001e7ea450000

Metaspace:

Usage:
  Non-class:      7.79 MB used.
      Class:    975.47 KB used.
       Both:      8.74 MB used.

Virtual space:
  Non-class space:       64.00 MB reserved,       7.88 MB ( 12%) committed,  1 nodes.
      Class space:        1.00 GB reserved,       1.00 MB ( <1%) committed,  1 nodes.
             Both:        1.06 GB reserved,       8.88 MB ( <1%) committed. 

Chunk freelists:
   Non-Class:  6.00 MB
       Class:  14.94 MB
        Both:  20.94 MB

MaxMetaspaceSize: unlimited
CompressedClassSpaceSize: 1.00 GB
Initial GC threshold: 21.00 MB
Current GC threshold: 21.00 MB
CDS: on
 - commit_granule_bytes: 65536.
 - commit_granule_words: 8192.
 - virtual_space_node_default_size: 8388608.
 - enlarge_chunks_in_place: 1.
 - use_allocation_guard: 0.


Internal statistics:

num_allocs_failed_limit: 0.
num_arena_births: 56.
num_arena_deaths: 0.
num_vsnodes_births: 2.
num_vsnodes_deaths: 0.
num_space_committed: 142.
num_space_uncommitted: 0.
num_chunks_returned_to_freelist: 0.
num_chunks_taken_from_freelist: 339.
num_chunk_merges: 0.
num_chunk_splits: 243.
num_chunks_enlarged: 196.
num_inconsistent_stats: 0.

CodeHeap 'non-profiled nmethods': size=120000Kb used=487Kb max_used=487Kb free=119512Kb
 bounds [0x000001e787ad0000, 0x000001e787d40000, 0x000001e78f000000]
CodeHeap 'profiled nmethods': size=120000Kb used=2400Kb max_used=2400Kb free=117599Kb
 bounds [0x000001e780000000, 0x000001e780270000, 0x000001e787530000]
CodeHeap 'non-nmethods': size=5760Kb used=1365Kb max_used=1385Kb free=4394Kb
 bounds [0x000001e787530000, 0x000001e7877a0000, 0x000001e787ad0000]
 total_blobs=1675 nmethods=1207 adapters=373
 compilation: enabled
              stopped_count=0, restarted_count=0
 full_count=0

Compilation events (20 events):
Event: 0.869 Thread 0x000001e7f7996b20 nmethod 1325 0x000001e780251a10 code [0x000001e780251be0, 0x000001e780251e88]
Event: 0.869 Thread 0x000001e7f7996b20 1329       3       com.sun.tools.javac.parser.JavacParser$$Lambda/0x000001e790108d00::test (8 bytes)
Event: 0.869 Thread 0x000001e7f7996b20 nmethod 1329 0x000001e780251f90 code [0x000001e780252140, 0x000001e7802524c0]
Event: 0.869 Thread 0x000001e7f7996b20 1326       3       com.sun.tools.javac.tree.TreeMaker::Annotation (23 bytes)
Event: 0.870 Thread 0x000001e7f7996b20 nmethod 1326 0x000001e780252590 code [0x000001e780252760, 0x000001e780252b80]
Event: 0.870 Thread 0x000001e7f7996b20 1327       3       com.sun.tools.javac.tree.JCTree$JCAnnotation::<init> (20 bytes)
Event: 0.870 Thread 0x000001e7f7996b20 nmethod 1327 0x000001e780252d10 code [0x000001e780252ec0, 0x000001e7802531f8]
Event: 0.870 Thread 0x000001e7f7996b20 1330       3       com.sun.tools.javac.parser.JavacParser::lambda$new$3 (34 bytes)
Event: 0.870 Thread 0x000001e7f7996b20 nmethod 1330 0x000001e780253310 code [0x000001e7802534c0, 0x000001e7802536d0]
Event: 0.870 Thread 0x000001e7f7996b20 1331       3       com.sun.tools.javac.parser.JavacParser::annotation (113 bytes)
Event: 0.871 Thread 0x000001e7f7996b20 nmethod 1331 0x000001e780253790 code [0x000001e780253a80, 0x000001e780254a10]
Event: 0.873 Thread 0x000001e7f7996b20 1332       3       com.sun.tools.javac.parser.JavacParser::isDeclaration (59 bytes)
Event: 0.873 Thread 0x000001e7f7996b20 nmethod 1332 0x000001e780255110 code [0x000001e7802552c0, 0x000001e7802555e8]
Event: 0.874 Thread 0x000001e7f7996b20 1333       3       com.sun.tools.javac.parser.JavacParser::typeParametersOpt (105 bytes)
Event: 0.874 Thread 0x000001e7f7996b20 nmethod 1333 0x000001e780255710 code [0x000001e780255a60, 0x000001e780256ea8]
Event: 0.875 Thread 0x000001e7f7996b20 1334       3       com.sun.tools.javac.parser.JavacParser::typeParametersOpt (6 bytes)
Event: 0.875 Thread 0x000001e7f7996b20 nmethod 1334 0x000001e780257510 code [0x000001e7802576c0, 0x000001e780257888]
Event: 0.875 Thread 0x000001e7f7996b20 1335       3       com.sun.tools.javac.util.AbstractLog::getSource (50 bytes)
Event: 0.875 Thread 0x000001e7f7996b20 nmethod 1335 0x000001e780257990 code [0x000001e780257b80, 0x000001e7802581b0]
Event: 0.876 Thread 0x000001e7f7996b20 1336       3       com.sun.tools.javac.parser.JavacParser::parseSimpleStatement (1257 bytes)

GC Heap History (19 events):
Event: 0.193 GC heap before
{Heap before GC invocations=0 (full 0):
 garbage-first heap   total 8192K, used 6144K [0x00000000f0000000, 0x0000000100000000)
  region size 1024K, 3 young (3072K), 0 survivors (0K)
 Metaspace       used 2523K, committed 2624K, reserved 1114112K
  class space    used 278K, committed 320K, reserved 1048576K
}
Event: 0.196 GC heap after
{Heap after GC invocations=1 (full 0):
 garbage-first heap   total 8192K, used 4480K [0x00000000f0000000, 0x0000000100000000)
  region size 1024K, 1 young (1024K), 1 survivors (1024K)
 Metaspace       used 2523K, committed 2624K, reserved 1114112K
  class space    used 278K, committed 320K, reserved 1048576K
}
Event: 0.205 GC heap before
{Heap before GC invocations=1 (full 0):
 garbage-first heap   total 8192K, used 5504K [0x00000000f0000000, 0x0000000100000000)
  region size 1024K, 2 young (2048K), 1 survivors (1024K)
 Metaspace       used 2523K, committed 2624K, reserved 1114112K
  class space    used 278K, committed 320K, reserved 1048576K
}
Event: 0.208 GC heap after
{Heap after GC invocations=2 (full 0):
 garbage-first heap   total 8192K, used 5568K [0x00000000f0000000, 0x0000000100000000)
  region size 1024K, 1 young (1024K), 1 survivors (1024K)
 Metaspace       used 2523K, committed 2624K, reserved 1114112K
  class space    used 278K, committed 320K, reserved 1048576K
}
Event: 0.216 GC heap before
{Heap before GC invocations=3 (full 0):
 garbage-first heap   total 12288K, used 6592K [0x00000000f0000000, 0x0000000100000000)
  region size 1024K, 2 young (2048K), 1 survivors (1024K)
 Metaspace       used 2523K, committed 2624K, reserved 1114112K
  class space    used 278K, committed 320K, reserved 1048576K
}
Event: 0.219 GC heap after
{Heap after GC invocations=4 (full 0):
 garbage-first heap   total 12288K, used 6698K [0x00000000f0000000, 0x0000000100000000)
  region size 1024K, 1 young (1024K), 1 survivors (1024K)
 Metaspace       used 2523K, committed 2624K, reserved 1114112K
  class space    used 278K, committed 320K, reserved 1048576K
}
Event: 0.223 GC heap before
{Heap before GC invocations=4 (full 0):
 garbage-first heap   total 12288K, used 7722K [0x00000000f0000000, 0x0000000100000000)
  region size 1024K, 2 young (2048K), 1 survivors (1024K)
 Metaspace       used 2523K, committed 2624K, reserved 1114112K
  class space    used 278K, committed 320K, reserved 1048576K
}
Event: 0.226 GC heap after
{Heap after GC invocations=5 (full 0):
 garbage-first heap   total 12288K, used 7743K [0x00000000f0000000, 0x0000000100000000)
  region size 1024K, 1 young (1024K), 1 survivors (1024K)
 Metaspace       used 2523K, committed 2624K, reserved 1114112K
  class space    used 278K, committed 320K, reserved 1048576K
}
Event: 0.236 GC heap before
{Heap before GC invocations=6 (full 0):
 garbage-first heap   total 15360K, used 8767K [0x00000000f0000000, 0x0000000100000000)
  region size 1024K, 2 young (2048K), 1 survivors (1024K)
 Metaspace       used 2536K, committed 2624K, reserved 1114112K
  class space    used 280K, committed 320K, reserved 1048576K
}
Event: 0.238 GC heap after
{Heap after GC invocations=7 (full 0):
 garbage-first heap   total 32768K, used 8242K [0x00000000f0000000, 0x0000000100000000)
  region size 1024K, 1 young (1024K), 1 survivors (1024K)
 Metaspace       used 2536K, committed 2624K, reserved 1114112K
  class space    used 280K, committed 320K, reserved 1048576K
}
Event: 0.344 GC heap before
{Heap before GC invocations=7 (full 0):
 garbage-first heap   total 32768K, used 18482K [0x00000000f0000000, 0x0000000100000000)
  region size 1024K, 8 young (8192K), 1 survivors (1024K)
 Metaspace       used 3134K, committed 3328K, reserved 1114112K
  class space    used 343K, committed 448K, reserved 1048576K
}
Event: 0.351 GC heap after
{Heap after GC invocations=8 (full 0):
 garbage-first heap   total 32768K, used 15556K [0x00000000f0000000, 0x0000000100000000)
  region size 1024K, 1 young (1024K), 1 survivors (1024K)
 Metaspace       used 3134K, committed 3328K, reserved 1114112K
  class space    used 343K, committed 448K, reserved 1048576K
}
Event: 0.355 GC heap before
{Heap before GC invocations=8 (full 0):
 garbage-first heap   total 32768K, used 15556K [0x00000000f0000000, 0x0000000100000000)
  region size 1024K, 2 young (2048K), 1 survivors (1024K)
 Metaspace       used 3134K, committed 3328K, reserved 1114112K
  class space    used 343K, committed 448K, reserved 1048576K
}
Event: 0.357 GC heap after
{Heap after GC invocations=9 (full 0):
 garbage-first heap   total 32768K, used 15814K [0x00000000f0000000, 0x0000000100000000)
  region size 1024K, 1 young (1024K), 1 survivors (1024K)
 Metaspace       used 3134K, committed 3328K, reserved 1114112K
  class space    used 343K, committed 448K, reserved 1048576K
}
Event: 0.416 GC heap before
{Heap before GC invocations=10 (full 0):
 garbage-first heap   total 32768K, used 19910K [0x00000000f0000000, 0x0000000100000000)
  region size 1024K, 5 young (5120K), 1 survivors (1024K)
 Metaspace       used 3183K, committed 3392K, reserved 1114112K
  class space    used 343K, committed 448K, reserved 1048576K
}
Event: 0.416 GC heap after
{Heap after GC invocations=11 (full 0):
 garbage-first heap   total 32768K, used 15690K [0x00000000f0000000, 0x0000000100000000)
  region size 1024K, 1 young (1024K), 1 survivors (1024K)
 Metaspace       used 3183K, committed 3392K, reserved 1114112K
  class space    used 343K, committed 448K, reserved 1048576K
}
Event: 0.590 GC heap before
{Heap before GC invocations=11 (full 0):
 garbage-first heap   total 32768K, used 20810K [0x00000000f0000000, 0x0000000100000000)
  region size 1024K, 7 young (7168K), 1 survivors (1024K)
 Metaspace       used 6812K, committed 7040K, reserved 1114112K
  class space    used 784K, committed 896K, reserved 1048576K
}
Event: 0.592 GC heap after
{Heap after GC invocations=12 (full 0):
 garbage-first heap   total 32768K, used 16494K [0x00000000f0000000, 0x0000000100000000)
  region size 1024K, 1 young (1024K), 1 survivors (1024K)
 Metaspace       used 6812K, committed 7040K, reserved 1114112K
  class space    used 784K, committed 896K, reserved 1048576K
}
Event: 0.882 GC heap before
{Heap before GC invocations=13 (full 0):
 garbage-first heap   total 32768K, used 19566K [0x00000000f0000000, 0x0000000100000000)
  region size 1024K, 8 young (8192K), 1 survivors (1024K)
 Metaspace       used 8953K, committed 9088K, reserved 1114112K
  class space    used 975K, committed 1024K, reserved 1048576K
}

Dll operation events (6 events):
Event: 0.007 Loaded shared library D:\mailon\Java\jdk-21.0.10\bin\java.dll
Event: 0.032 Loaded shared library D:\mailon\Java\jdk-21.0.10\bin\jsvml.dll
Event: 0.064 Loaded shared library D:\mailon\Java\jdk-21.0.10\bin\jimage.dll
Event: 0.126 Loaded shared library D:\mailon\Java\jdk-21.0.10\bin\net.dll
Event: 0.128 Loaded shared library D:\mailon\Java\jdk-21.0.10\bin\nio.dll
Event: 0.303 Loaded shared library D:\mailon\Java\jdk-21.0.10\bin\zip.dll

Deoptimization events (20 events):
Event: 0.825 Thread 0x000001e7ea1399e0 DEOPT PACKING pc=0x000001e780185955 sp=0x000000b7415fe760
Event: 0.825 Thread 0x000001e7ea1399e0 DEOPT UNPACKING pc=0x000001e787584e42 sp=0x000000b7415fdbe8 mode 0
Event: 0.830 Thread 0x000001e7ea1399e0 DEOPT PACKING pc=0x000001e780185955 sp=0x000000b7415fe760
Event: 0.830 Thread 0x000001e7ea1399e0 DEOPT UNPACKING pc=0x000001e787584e42 sp=0x000000b7415fdbe8 mode 0
Event: 0.837 Thread 0x000001e7ea1399e0 Uncommon trap: trap_request=0xffffff45 fr.pc=0x000001e787b3fc0c relative=0x00000000000001ac
Event: 0.837 Thread 0x000001e7ea1399e0 Uncommon trap: reason=unstable_if action=reinterpret pc=0x000001e787b3fc0c method=com.sun.tools.javac.parser.UnicodeReader.nextUnicodeInputCharacter()V @ 28 c2
Event: 0.837 Thread 0x000001e7ea1399e0 DEOPT PACKING pc=0x000001e787b3fc0c sp=0x000000b7415fc280
Event: 0.837 Thread 0x000001e7ea1399e0 DEOPT UNPACKING pc=0x000001e7875846a2 sp=0x000000b7415fc1b0 mode 2
Event: 0.838 Thread 0x000001e7ea1399e0 Uncommon trap: trap_request=0xffffff45 fr.pc=0x000001e787b40178 relative=0x00000000000000d8
Event: 0.838 Thread 0x000001e7ea1399e0 Uncommon trap: reason=unstable_if action=reinterpret pc=0x000001e787b40178 method=com.sun.tools.javac.parser.UnicodeReader.nextUnicodeInputCharacter()V @ 28 c2
Event: 0.838 Thread 0x000001e7ea1399e0 DEOPT PACKING pc=0x000001e787b40178 sp=0x000000b7415fc200
Event: 0.838 Thread 0x000001e7ea1399e0 DEOPT UNPACKING pc=0x000001e7875846a2 sp=0x000000b7415fc1a8 mode 2
Event: 0.840 Thread 0x000001e7ea1399e0 DEOPT PACKING pc=0x000001e780185955 sp=0x000000b7415fe760
Event: 0.840 Thread 0x000001e7ea1399e0 DEOPT UNPACKING pc=0x000001e787584e42 sp=0x000000b7415fdbe8 mode 0
Event: 0.850 Thread 0x000001e7ea1399e0 DEOPT PACKING pc=0x000001e780185955 sp=0x000000b7415fe760
Event: 0.850 Thread 0x000001e7ea1399e0 DEOPT UNPACKING pc=0x000001e787584e42 sp=0x000000b7415fdbe8 mode 0
Event: 0.850 Thread 0x000001e7ea1399e0 Uncommon trap: trap_request=0xffffff45 fr.pc=0x000001e787b1a370 relative=0x00000000000001d0
Event: 0.850 Thread 0x000001e7ea1399e0 Uncommon trap: reason=unstable_if action=reinterpret pc=0x000001e787b1a370 method=java.lang.StringCoding.countPositives([BII)I @ 17 c2
Event: 0.850 Thread 0x000001e7ea1399e0 DEOPT PACKING pc=0x000001e787b1a370 sp=0x000000b7415fe730
Event: 0.850 Thread 0x000001e7ea1399e0 DEOPT UNPACKING pc=0x000001e7875846a2 sp=0x000000b7415fe6f0 mode 2

Classes loaded (20 events):
Event: 0.745 Loading class java/lang/StringIndexOutOfBoundsException
Event: 0.745 Loading class java/lang/StringIndexOutOfBoundsException done
Event: 0.747 Loading class java/util/BitSet
Event: 0.748 Loading class java/util/BitSet done
Event: 0.871 Loading class jdk/internal/math/FloatingDecimal
Event: 0.872 Loading class jdk/internal/math/FloatingDecimal done
Event: 0.872 Loading class jdk/internal/math/FloatingDecimal$ExceptionalBinaryToASCIIBuffer
Event: 0.872 Loading class jdk/internal/math/FloatingDecimal$BinaryToASCIIConverter
Event: 0.872 Loading class jdk/internal/math/FloatingDecimal$BinaryToASCIIConverter done
Event: 0.872 Loading class jdk/internal/math/FloatingDecimal$ExceptionalBinaryToASCIIBuffer done
Event: 0.872 Loading class jdk/internal/math/FloatingDecimal$BinaryToASCIIBuffer
Event: 0.872 Loading class jdk/internal/math/FloatingDecimal$BinaryToASCIIBuffer done
Event: 0.872 Loading class jdk/internal/math/FloatingDecimal$1
Event: 0.872 Loading class jdk/internal/math/FloatingDecimal$1 done
Event: 0.872 Loading class jdk/internal/math/FloatingDecimal$PreparedASCIIToBinaryBuffer
Event: 0.872 Loading class jdk/internal/math/FloatingDecimal$ASCIIToBinaryConverter
Event: 0.872 Loading class jdk/internal/math/FloatingDecimal$ASCIIToBinaryConverter done
Event: 0.872 Loading class jdk/internal/math/FloatingDecimal$PreparedASCIIToBinaryBuffer done
Event: 0.873 Loading class jdk/internal/math/FloatingDecimal$ASCIIToBinaryBuffer
Event: 0.873 Loading class jdk/internal/math/FloatingDecimal$ASCIIToBinaryBuffer done

Classes unloaded (0 events):
No events

Classes redefined (0 events):
No events

Internal exceptions (14 events):
Event: 0.120 Thread 0x000001e7ea1399e0 Exception <a 'java/lang/NoSuchMethodError'{0x00000000f06ff5a8}: 'void java.lang.invoke.DirectMethodHandle$Holder.invokeSpecial(java.lang.Object, java.lang.Object, java.lang.Object)'> (0x00000000f06ff5a8) 
thrown [s\open\src\hotspot\share\interpreter\linkResolver.cpp, line 773]
Event: 0.164 Thread 0x000001e7ea1399e0 Exception <a 'java/lang/NoSuchMethodError'{0x00000000f0579bc0}: 'int java.lang.invoke.DirectMethodHandle$Holder.invokeVirtual(java.lang.Object, java.lang.Object, java.lang.Object)'> (0x00000000f0579bc0) 
thrown [s\open\src\hotspot\share\interpreter\linkResolver.cpp, line 773]
Event: 0.165 Thread 0x000001e7ea1399e0 Exception <a 'java/lang/NoSuchMethodError'{0x00000000f057f810}: 'void java.lang.invoke.DirectMethodHandle$Holder.invokeInterface(java.lang.Object, java.lang.Object, java.lang.Object)'> (0x00000000f057f810) 
thrown [s\open\src\hotspot\share\interpreter\linkResolver.cpp, line 773]
Event: 0.167 Thread 0x000001e7ea1399e0 Exception <a 'java/lang/NoSuchMethodError'{0x00000000f058a568}: 'int java.lang.invoke.DirectMethodHandle$Holder.invokeStaticInit(java.lang.Object, java.lang.Object, java.lang.Object)'> (0x00000000f058a568) 
thrown [s\open\src\hotspot\share\interpreter\linkResolver.cpp, line 773]
Event: 0.248 Thread 0x000001e7ea1399e0 Exception <a 'java/lang/NoSuchMethodError'{0x00000000f1f77f90}: 'int java.lang.invoke.DirectMethodHandle$Holder.invokeSpecial(java.lang.Object, java.lang.Object, java.lang.Object)'> (0x00000000f1f77f90) 
thrown [s\open\src\hotspot\share\interpreter\linkResolver.cpp, line 773]
Event: 0.322 Thread 0x000001e7ea1399e0 Exception <a 'java/lang/NoSuchMethodError'{0x00000000f19176f0}: 'java.lang.Object java.lang.invoke.DirectMethodHandle$Holder.invokeVirtual(java.lang.Object, java.lang.Object, java.lang.Object)'> (0x00000000f19176f0) 
thrown [s\open\src\hotspot\share\interpreter\linkResolver.cpp, line 773]
Event: 0.326 Thread 0x000001e7ea1399e0 Exception <a 'java/lang/NoSuchMethodError'{0x00000000f19211e0}: 'int java.lang.invoke.DirectMethodHandle$Holder.invokeInterface(java.lang.Object, java.lang.Object)'> (0x00000000f19211e0) 
thrown [s\open\src\hotspot\share\interpreter\linkResolver.cpp, line 773]
Event: 0.484 Thread 0x000001e7ea1399e0 Exception <a 'sun/nio/fs/WindowsException'{0x00000000f1b6c998}> (0x00000000f1b6c998) 
thrown [s\open\src\hotspot\share\prims\jni.cpp, line 520]
Event: 0.545 Thread 0x000001e7ea1399e0 Exception <a 'java/lang/NoSuchMethodError'{0x00000000f196dd10}: 'int java.lang.invoke.DirectMethodHandle$Holder.invokeStaticInit(java.lang.Object, java.lang.Object)'> (0x00000000f196dd10) 
thrown [s\open\src\hotspot\share\interpreter\linkResolver.cpp, line 773]
Event: 0.608 Thread 0x000001e7ea1399e0 Exception <a 'java/lang/NoSuchMethodError'{0x00000000f1f2fa30}: 'int java.lang.invoke.DirectMethodHandle$Holder.invokeVirtual(java.lang.Object, java.lang.Object)'> (0x00000000f1f2fa30) 
thrown [s\open\src\hotspot\share\interpreter\linkResolver.cpp, line 773]
Event: 0.611 Thread 0x000001e7ea1399e0 Exception <a 'java/lang/NoSuchMethodError'{0x00000000f1f55720}: 'java.lang.Object java.lang.invoke.DirectMethodHandle$Holder.newInvokeSpecial(java.lang.Object, java.lang.Object, java.lang.Object, java.lang.Object, java.lang.Object)'> (0x00000000f1f55720) 
thrown [s\open\src\hotspot\share\interpreter\linkResolver.cpp, line 773]
Event: 0.612 Thread 0x000001e7ea1399e0 Exception <a 'java/lang/NoSuchMethodError'{0x00000000f1f62bb8}: 'java.lang.Object java.lang.invoke.DirectMethodHandle$Holder.newInvokeSpecial(java.lang.Object, java.lang.Object, java.lang.Object, java.lang.Object, java.lang.Object, java.lang.Object)'> (0x00000000f1f62bb8) 
thrown [s\open\src\hotspot\share\interpreter\linkResolver.cpp, line 773]
Event: 0.630 Thread 0x000001e7ea1399e0 Exception <a 'sun/nio/fs/WindowsException'{0x00000000f1faac08}> (0x00000000f1faac08) 
thrown [s\open\src\hotspot\share\prims\jni.cpp, line 520]
Event: 0.726 Thread 0x000001e7ea1399e0 Exception <a 'java/lang/NoSuchMethodError'{0x00000000f1ea32f8}: 'java.lang.Object java.lang.invoke.DirectMethodHandle$Holder.invokeInterface(java.lang.Object, java.lang.Object)'> (0x00000000f1ea32f8) 
thrown [s\open\src\hotspot\share\interpreter\linkResolver.cpp, line 773]

ZGC Phase Switch (0 events):
No events

VM Operations (20 events):
Event: 0.351 Executing VM operation: G1CollectForAllocation (G1 Evacuation Pause) done
Event: 0.355 Executing VM operation: G1TryInitiateConcMark (G1 Humongous Allocation)
Event: 0.357 Executing VM operation: G1TryInitiateConcMark (G1 Humongous Allocation) done
Event: 0.367 Executing VM operation: G1PauseRemark
Event: 0.368 Executing VM operation: G1PauseRemark done
Event: 0.371 Executing VM operation: G1PauseCleanup
Event: 0.371 Executing VM operation: G1PauseCleanup done
Event: 0.416 Executing VM operation: G1CollectForAllocation (G1 Evacuation Pause)
Event: 0.416 Executing VM operation: G1CollectForAllocation (G1 Evacuation Pause) done
Event: 0.590 Executing VM operation: G1CollectForAllocation (G1 Evacuation Pause)
Event: 0.592 Executing VM operation: G1CollectForAllocation (G1 Evacuation Pause) done
Event: 0.596 Executing VM operation: G1PauseRemark
Event: 0.602 Executing VM operation: G1PauseRemark done
Event: 0.603 Executing VM operation: G1PauseCleanup
Event: 0.604 Executing VM operation: G1PauseCleanup done
Event: 0.728 Executing VM operation: HandshakeAllThreads (Deoptimize)
Event: 0.728 Executing VM operation: HandshakeAllThreads (Deoptimize) done
Event: 0.730 Executing VM operation: HandshakeAllThreads (Deoptimize)
Event: 0.730 Executing VM operation: HandshakeAllThreads (Deoptimize) done
Event: 0.882 Executing VM operation: G1CollectForAllocation (G1 Evacuation Pause)

Events (20 events):
Event: 0.601 Thread 0x000001e7ea42d020 flushing nmethod 0x000001e78005df10
Event: 0.601 Thread 0x000001e7ea42d020 flushing nmethod 0x000001e780066a90
Event: 0.601 Thread 0x000001e7ea42d020 flushing nmethod 0x000001e780067290
Event: 0.601 Thread 0x000001e7ea42d020 flushing nmethod 0x000001e780079a10
Event: 0.601 Thread 0x000001e7ea42d020 flushing nmethod 0x000001e78008b510
Event: 0.601 Thread 0x000001e7ea42d020 flushing nmethod 0x000001e78008c290
Event: 0.601 Thread 0x000001e7ea42d020 flushing nmethod 0x000001e78008cb90
Event: 0.601 Thread 0x000001e7ea42d020 flushing nmethod 0x000001e78008d110
Event: 0.601 Thread 0x000001e7ea42d020 flushing nmethod 0x000001e78008d690
Event: 0.601 Thread 0x000001e7ea42d020 flushing nmethod 0x000001e78008dc10
Event: 0.601 Thread 0x000001e7ea42d020 flushing nmethod 0x000001e78008e190
Event: 0.601 Thread 0x000001e7ea42d020 flushing nmethod 0x000001e780090390
Event: 0.601 Thread 0x000001e7ea42d020 flushing nmethod 0x000001e780090890
Event: 0.601 Thread 0x000001e7ea42d020 flushing nmethod 0x000001e780090e10
Event: 0.601 Thread 0x000001e7ea42d020 flushing nmethod 0x000001e7800a4c90
Event: 0.601 Thread 0x000001e7ea42d020 flushing nmethod 0x000001e7800a5e90
Event: 0.601 Thread 0x000001e7ea42d020 flushing nmethod 0x000001e7800bad90
Event: 0.601 Thread 0x000001e7ea42d020 flushing nmethod 0x000001e7800bb590
Event: 0.601 Thread 0x000001e7ea42d020 flushing nmethod 0x000001e7800c2790
Event: 0.601 Thread 0x000001e7ea42d020 flushing nmethod 0x000001e7800c2b90


Dynamic libraries:
0x00007ff7724f0000 - 0x00007ff7724f8000 	D:\mailon\Java\jdk-21.0.10\bin\javac.exe
0x00007ffe20340000 - 0x00007ffe205a7000 	C:\WINDOWS\SYSTEM32\ntdll.dll
0x00007ffe1f710000 - 0x00007ffe1f7d9000 	C:\WINDOWS\System32\KERNEL32.DLL
0x00007ffe1ce40000 - 0x00007ffe1d234000 	C:\WINDOWS\System32\KERNELBASE.dll
0x00007ffe1df80000 - 0x00007ffe1e0cb000 	C:\WINDOWS\System32\ucrtbase.dll
0x00007ffe175d0000 - 0x00007ffe175e9000 	D:\mailon\Java\jdk-21.0.10\bin\jli.dll
0x00007ffe175b0000 - 0x00007ffe175ce000 	D:\mailon\Java\jdk-21.0.10\bin\VCRUNTIME140.dll
0x00007ffe20240000 - 0x00007ffe202f6000 	C:\WINDOWS\System32\ADVAPI32.dll
0x00007ffe1f540000 - 0x00007ffe1f5e9000 	C:\WINDOWS\System32\msvcrt.dll
0x00007ffe1f7e0000 - 0x00007ffe1f887000 	C:\WINDOWS\System32\sechost.dll
0x00007ffe1f5f0000 - 0x00007ffe1f708000 	C:\WINDOWS\System32\RPCRT4.dll
0x00007ffe1ee10000 - 0x00007ffe1efd5000 	C:\WINDOWS\System32\USER32.dll
0x00007ffe1ce10000 - 0x00007ffe1ce37000 	C:\WINDOWS\System32\win32u.dll
0x00007ffe1f890000 - 0x00007ffe1f8bb000 	C:\WINDOWS\System32\GDI32.dll
0x00007ffe0c8f0000 - 0x00007ffe0cb83000 	C:\WINDOWS\WinSxS\amd64_microsoft.windows.common-controls_6595b64144ccf1df_6.0.26100.8115_none_3e075c82e3354f9c\COMCTL32.dll
0x00007ffe1dab0000 - 0x00007ffe1dbdb000 	C:\WINDOWS\System32\gdi32full.dll
0x00007ffe1ded0000 - 0x00007ffe1df73000 	C:\WINDOWS\System32\msvcp_win.dll
0x00007ffe16170000 - 0x00007ffe1617b000 	C:\WINDOWS\SYSTEM32\VERSION.dll
0x00007ffe1e170000 - 0x00007ffe1e1a2000 	C:\WINDOWS\System32\IMM32.DLL
0x00007ffe17510000 - 0x00007ffe1751c000 	D:\mailon\Java\jdk-21.0.10\bin\vcruntime140_1.dll
0x00007ffe02390000 - 0x00007ffe0241d000 	D:\mailon\Java\jdk-21.0.10\bin\msvcp140.dll
0x00007ffd68fa0000 - 0x00007ffd69cc7000 	D:\mailon\Java\jdk-21.0.10\bin\server\jvm.dll
0x00007ffe201b0000 - 0x00007ffe20230000 	C:\WINDOWS\System32\WS2_32.dll
0x00007ffe1ca90000 - 0x00007ffe1caee000 	C:\WINDOWS\SYSTEM32\POWRPROF.dll
0x00007ffdfca90000 - 0x00007ffdfcac6000 	C:\WINDOWS\SYSTEM32\WINMM.dll
0x00007ffe1ca70000 - 0x00007ffe1ca84000 	C:\WINDOWS\SYSTEM32\UMPDC.dll
0x00007ffe1b970000 - 0x00007ffe1b98b000 	C:\WINDOWS\SYSTEM32\kernel.appcore.dll
0x00007ffe17500000 - 0x00007ffe1750a000 	D:\mailon\Java\jdk-21.0.10\bin\jimage.dll
0x00007ffe0d0b0000 - 0x00007ffe0d2f2000 	C:\WINDOWS\SYSTEM32\DBGHELP.DLL
0x00007ffe1e7e0000 - 0x00007ffe1eb62000 	C:\WINDOWS\System32\combase.dll
0x00007ffe1f0d0000 - 0x00007ffe1f1a8000 	C:\WINDOWS\System32\OLEAUT32.dll
0x00007ffe033e0000 - 0x00007ffe0341b000 	C:\WINDOWS\SYSTEM32\dbgcore.DLL
0x00007ffe1dd60000 - 0x00007ffe1de05000 	C:\WINDOWS\System32\bcryptPrimitives.dll
0x00007ffe10450000 - 0x00007ffe10471000 	D:\mailon\Java\jdk-21.0.10\bin\java.dll
0x00007ffe1fa40000 - 0x00007ffe201a7000 	C:\WINDOWS\System32\SHELL32.dll
0x00007ffe1cc10000 - 0x00007ffe1cd7a000 	C:\WINDOWS\System32\wintypes.dll
0x00007ffe1d240000 - 0x00007ffe1daa8000 	C:\WINDOWS\System32\windows.storage.dll
0x00007ffe1f220000 - 0x00007ffe1f318000 	C:\WINDOWS\System32\SHCORE.dll
0x00007ffe1f9d0000 - 0x00007ffe1fa36000 	C:\WINDOWS\System32\shlwapi.dll
0x00007ffe1cb30000 - 0x00007ffe1cb59000 	C:\WINDOWS\SYSTEM32\profapi.dll
0x00007ffe00160000 - 0x00007ffe00237000 	D:\mailon\Java\jdk-21.0.10\bin\jsvml.dll
0x00007ffe10380000 - 0x00007ffe10391000 	D:\mailon\Java\jdk-21.0.10\bin\net.dll
0x00007ffe15b50000 - 0x00007ffe15c7d000 	C:\WINDOWS\SYSTEM32\WINHTTP.dll
0x00007ffe1bed0000 - 0x00007ffe1bf3c000 	C:\WINDOWS\system32\mswsock.dll
0x00007ffe0e890000 - 0x00007ffe0e8a6000 	D:\mailon\Java\jdk-21.0.10\bin\nio.dll
0x00007ffe0e870000 - 0x00007ffe0e888000 	D:\mailon\Java\jdk-21.0.10\bin\zip.dll

dbghelp: loaded successfully - version: 4.0.5 - missing functions: none
symbol engine: initialized successfully - sym options: 0x614 - pdb path: .;D:\mailon\Java\jdk-21.0.10\bin;C:\WINDOWS\SYSTEM32;C:\WINDOWS\WinSxS\amd64_microsoft.windows.common-controls_6595b64144ccf1df_6.0.26100.8115_none_3e075c82e3354f9c;D:\mailon\Java\jdk-21.0.10\bin\server

VM Arguments:
jvm_args: -Dapplication.home=D:\mailon\Java\jdk-21.0.10 --add-modules=ALL-DEFAULT -Xms8m -Xmx256m -Djdk.module.main=jdk.compiler 
java_command: jdk.compiler/com.sun.tools.javac.Main @C:/Users/Usuario/AppData/Local/Temp/org.codehaus.plexus.compiler.javac.JavacCompiler7368210383971918635arguments
java_class_path (initial): <not set>
Launcher Type: SUN_STANDARD

[Global flags]
     intx CICompilerCount                          = 4                                         {product} {ergonomic}
     uint ConcGCThreads                            = 2                                         {product} {ergonomic}
     uint G1ConcRefinementThreads                  = 8                                         {product} {ergonomic}
   size_t G1HeapRegionSize                         = 1048576                                   {product} {ergonomic}
    uintx GCDrainStackTargetSize                   = 64                                        {product} {ergonomic}
   size_t InitialHeapSize                          = 8388608                                   {product} {command line}
   size_t MarkStackSize                            = 4194304                                   {product} {ergonomic}
   size_t MaxHeapSize                              = 268435456                                 {product} {command line}
   size_t MaxNewSize                               = 160432128                                 {product} {ergonomic}
   size_t MinHeapDeltaBytes                        = 1048576                                   {product} {ergonomic}
   size_t MinHeapSize                              = 8388608                                   {product} {command line}
    uintx NonNMethodCodeHeapSize                   = 5839372                                {pd product} {ergonomic}
    uintx NonProfiledCodeHeapSize                  = 122909434                              {pd product} {ergonomic}
    uintx ProfiledCodeHeapSize                     = 122909434                              {pd product} {ergonomic}
    uintx ReservedCodeCacheSize                    = 251658240                              {pd product} {ergonomic}
     bool SegmentedCodeCache                       = true                                      {product} {ergonomic}
   size_t SoftMaxHeapSize                          = 268435456                              {manageable} {ergonomic}
     bool UseCompressedOops                        = true                           {product lp64_product} {ergonomic}
     bool UseG1GC                                  = true                                      {product} {ergonomic}
     bool UseLargePagesIndividualAllocation        = false                                  {pd product} {ergonomic}

Logging:
Log output configuration:
 #0: stdout all=warning uptime,level,tags foldmultilines=false
 #1: stderr all=off uptime,level,tags foldmultilines=false

Environment Variables:
JAVA_HOME=D:/mailon/Java/jdk-21.0.10
PATH=D:\Program Files\Git\mingw64\bin;D:\Program Files\Git\usr\bin;C:\Users\Usuario\bin;C:\Program Files\Common Files\Oracle\Java\javapath;C:\WINDOWS\system32;C:\WINDOWS;C:\WINDOWS\System32\Wbem;C:\WINDOWS\System32\WindowsPowerShell\v1.0;C:\WINDOWS\System32\OpenSSH;D:\Program Files\nodejs;D:\mailon\Usuario\Desktop\apache-maven-3.9.14-bin (1)\apache-maven-3.9.14\bin;D:\Program Files\Git\cmd;C:\Users\Usuario\AppData\Local\Programs\Trae\bin;D:\mailon\Usuario\Downloads\ffmpeg-8.0.1-essentials_build\ffmpeg-8.0.1-essentials_build\bin;D:\mailon\Usuario\Desktop\apache-maven-3.9.14-bin (1)\apache-maven-3.9.14\bin;C:\Users\Usuario\AppData\Roaming\npm
USERNAME=Usuario
TERM=xterm-256color
OS=Windows_NT
PROCESSOR_IDENTIFIER=Intel64 Family 6 Model 142 Stepping 12, GenuineIntel
TMP=C:\Users\Usuario\AppData\Local\Temp
TEMP=C:\Users\Usuario\AppData\Local\Temp




Periodic native trim disabled

---------------  S Y S T E M  ---------------

OS:
 Windows 11 , 64 bit Build 26100 (10.0.26100.8246)
OS uptime: 5 days 17:48 hours
Hyper-V role detected

CPU: total 8 (initial active 8) (4 cores per cpu, 2 threads per core) family 6 model 142 stepping 12 microcode 0xde, cx8, cmov, fxsr, ht, mmx, 3dnowpref, sse, sse2, sse3, ssse3, sse4.1, sse4.2, popcnt, lzcnt, tsc, tscinvbit, avx, avx2, aes, erms, clmul, bmi1, bmi2, adx, fma, vzeroupper, clflush, clflushopt, hv, rdtscp, f16c
Processor Information for all 8 processors :
  Max Mhz: 1800, Current Mhz: 1600, Mhz Limit: 1584

Memory: 4k page, system-wide physical 8040M (534M free)
TotalPageFile size 32616M (AvailPageFile size 8M)
current process WorkingSet (physical memory assigned to process): 107M, peak: 107M
current process commit charge ("private bytes"): 145M, peak: 183M

vm_info: Java HotSpot(TM) 64-Bit Server VM (21.0.10+8-LTS-217) for windows-amd64 JRE (21.0.10+8-LTS-217), built on 2025-12-18T14:59:28Z by "mach5run" with MS VC++ 17.13 (VS2022)

END.
